[14:35:45.990] === Game Started at 2025-02-04_14-35-45 ===
[14:35:45.990] Game initialized with 2 players
[14:35:45.990] Board size: 10
[14:35:45.990] Obstacle density: 0.05
[14:35:45.990] Max turns: 1000
[14:35:45.990] Player Bot20 starting at position (0,0) facing NORTH
[14:35:45.990] Player Bot4 starting at position (9,9) facing SOUTH
[14:35:45.990] Obstacles at positions: (2,2) (3,9) (4,0) (8,2) (8,8)
[14:35:45.990] Starting turn for Bot20
[14:35:45.990] Bot20 rotated right to face EAST
[14:35:45.990] Bot20 executed ROTATE_RIGHT
[14:35:45.990] Bot20 moved forward to (0,1)
[14:35:45.990] Bot20 executed MOVE_FORWARD
[14:35:45.990] Starting turn for Bot4
[14:35:45.990] Bot4 rotated right to face WEST
[14:35:45.990] Bot4 executed ROTATE_RIGHT
[14:35:45.990] Bot4 moved forward to (9,8)
[14:35:45.990] Bot4 executed MOVE_FORWARD
[14:35:45.990] Starting turn for Bot20
[14:35:45.990] Bot20 rotated right to face SOUTH
[14:35:45.990] Bot20 executed ROTATE_RIGHT
[14:35:45.990] Bot20 moved forward to (1,1)
[14:35:45.990] Bot20 executed MOVE_FORWARD
[14:35:45.990] Starting turn for Bot4
[14:35:45.990] Bot4 rotated right to face NORTH
[14:35:45.990] Bot4 executed ROTATE_RIGHT
[14:35:45.990] Starting turn for Bot20
[14:35:45.990] Bot20 rotated left to face EAST
[14:35:45.990] Bot20 executed ROTATE_LEFT
[14:35:45.990] Bot20 moved forward to (1,2)
[14:35:45.990] Bot20 executed MOVE_FORWARD
[14:35:45.990] Starting turn for Bot4
[14:35:45.990] Starting turn for Bot20
[14:35:45.990] Bot20 rotated right to face SOUTH
[14:35:45.990] Bot20 executed ROTATE_RIGHT
[14:35:45.990] Starting turn for Bot4
[14:35:45.990] Bot4 rotated right to face EAST
[14:35:45.990] Bot4 executed ROTATE_RIGHT
[14:35:45.990] Bot4 moved forward to (9,9)
[14:35:45.990] Bot4 executed MOVE_FORWARD
[14:35:45.990] Starting turn for Bot20
[14:35:45.990] Starting turn for Bot4
[14:35:45.990] Bot4 rotated left to face NORTH
[14:35:45.990] Bot4 executed ROTATE_LEFT
[14:35:45.990] Bot4 rotated left to face WEST
[14:35:45.990] Bot4 executed ROTATE_LEFT
[14:35:45.990] Bot4 moved forward to (9,8)
[14:35:45.990] Bot4 executed MOVE_FORWARD
[14:35:45.990] Starting turn for Bot20
[14:35:45.990] Bot20 rotated left to face EAST
[14:35:45.990] Bot20 executed ROTATE_LEFT
[14:35:45.990] Bot20 rotated left to face NORTH
[14:35:45.990] Bot20 executed ROTATE_LEFT
[14:35:45.990] Bot20 moved forward to (0,2)
[14:35:45.990] Bot20 executed MOVE_FORWARD
[14:35:45.990] Starting turn for Bot4
[14:35:45.990] Bot4 rotated right to face NORTH
[14:35:45.990] Bot4 executed ROTATE_RIGHT
[14:35:45.990] Starting turn for Bot20
[14:35:45.990] Bot20 rotated left to face WEST
[14:35:45.990] Bot20 executed ROTATE_LEFT
[14:35:45.990] Bot20 rotated left to face SOUTH
[14:35:45.990] Bot20 executed ROTATE_LEFT
[14:35:45.990] Bot20 moved forward to (1,2)
[14:35:45.990] Bot20 executed MOVE_FORWARD
[14:35:45.990] Starting turn for Bot4
[14:35:45.990] Starting turn for Bot20
[14:35:45.990] Starting turn for Bot4
[14:35:45.990] Bot4 rotated right to face EAST
[14:35:45.990] Bot4 executed ROTATE_RIGHT
[14:35:45.990] Bot4 moved forward to (9,9)
[14:35:45.990] Bot4 executed MOVE_FORWARD
[14:35:45.990] Starting turn for Bot20
[14:35:45.990] Starting turn for Bot4
[14:35:45.990] Bot4 rotated left to face NORTH
[14:35:45.990] Bot4 executed ROTATE_LEFT
[14:35:45.990] Bot4 rotated left to face WEST
[14:35:45.990] Bot4 executed ROTATE_LEFT
[14:35:45.990] Bot4 moved forward to (9,8)
[14:35:45.990] Bot4 executed MOVE_FORWARD
[14:35:45.990] Starting turn for Bot20
[14:35:45.990] Bot20 rotated left to face EAST
[14:35:45.990] Bot20 executed ROTATE_LEFT
[14:35:45.990] Bot20 rotated left to face NORTH
[14:35:45.990] Bot20 executed ROTATE_LEFT
[14:35:45.990] Bot20 moved forward to (0,2)
[14:35:45.990] Bot20 executed MOVE_FORWARD
[14:35:45.990] Starting turn for Bot4
[14:35:45.990] Bot4 rotated right to face NORTH
[14:35:45.990] Bot4 executed ROTATE_RIGHT
[14:35:45.990] Starting turn for Bot20
[14:35:45.990] Bot20 rotated left to face WEST
[14:35:45.990] Bot20 executed ROTATE_LEFT
[14:35:45.990] Bot20 rotated left to face SOUTH
[14:35:45.990] Bot20 executed ROTATE_LEFT
[14:35:45.990] Bot20 moved forward to (1,2)
[14:35:45.990] Bot20 executed MOVE_FORWARD
[14:35:45.990] Starting turn for Bot4
[14:35:45.990] Starting turn for Bot20
[14:35:45.990] Starting turn for Bot4
[14:35:45.990] Bot4 rotated right to face EAST
[14:35:45.990] Bot4 executed ROTATE_RIGHT
[14:35:45.990] Bot4 moved forward to (9,9)
[14:35:45.990] Bot4 executed MOVE_FORWARD
[14:35:45.990] Starting turn for Bot20
[14:35:45.990] Starting turn for Bot4
[14:35:45.990] Bot4 rotated left to face NORTH
[14:35:45.990] Bot4 executed ROTATE_LEFT
[14:35:45.990] Bot4 rotated left to face WEST
[14:35:45.990] Bot4 executed ROTATE_LEFT
[14:35:45.990] Bot4 moved forward to (9,8)
[14:35:45.990] Bot4 executed MOVE_FORWARD
[14:35:45.990] Starting turn for Bot20
[14:35:45.990] Bot20 rotated left to face EAST
[14:35:45.990] Bot20 executed ROTATE_LEFT
[14:35:45.990] Bot20 rotated left to face NORTH
[14:35:45.990] Bot20 executed ROTATE_LEFT
[14:35:45.990] Bot20 moved forward to (0,2)
[14:35:45.990] Bot20 executed MOVE_FORWARD
[14:35:45.990] Starting turn for Bot4
[14:35:45.990] Bot4 rotated right to face NORTH
[14:35:45.990] Bot4 executed ROTATE_RIGHT
[14:35:45.990] Starting turn for Bot20
[14:35:45.990] Bot20 rotated left to face WEST
[14:35:45.990] Bot20 executed ROTATE_LEFT
[14:35:45.990] Bot20 rotated left to face SOUTH
[14:35:45.990] Bot20 executed ROTATE_LEFT
[14:35:45.990] Bot20 moved forward to (1,2)
[14:35:45.990] Bot20 executed MOVE_FORWARD
[14:35:45.990] Starting turn for Bot4
[14:35:45.990] Starting turn for Bot20
[14:35:45.990] Starting turn for Bot4
[14:35:45.990] Bot4 rotated right to face EAST
[14:35:45.990] Bot4 executed ROTATE_RIGHT
[14:35:45.990] Bot4 moved forward to (9,9)
[14:35:45.990] Bot4 executed MOVE_FORWARD
[14:35:45.990] Starting turn for Bot20
[14:35:45.990] Starting turn for Bot4
[14:35:45.990] Bot4 rotated left to face NORTH
[14:35:45.990] Bot4 executed ROTATE_LEFT
[14:35:45.990] Bot4 rotated left to face WEST
[14:35:45.990] Bot4 executed ROTATE_LEFT
[14:35:45.990] Bot4 moved forward to (9,8)
[14:35:45.990] Bot4 executed MOVE_FORWARD
[14:35:45.990] Starting turn for Bot20
[14:35:45.990] Bot20 rotated left to face EAST
[14:35:45.990] Bot20 executed ROTATE_LEFT
[14:35:45.990] Bot20 rotated left to face NORTH
[14:35:45.990] Bot20 executed ROTATE_LEFT
[14:35:45.990] Bot20 moved forward to (0,2)
[14:35:45.990] Bot20 executed MOVE_FORWARD
[14:35:45.990] Starting turn for Bot4
[14:35:45.991] Bot4 rotated right to face NORTH
[14:35:45.991] Bot4 executed ROTATE_RIGHT
[14:35:45.991] Starting turn for Bot20
[14:35:45.991] Bot20 rotated left to face WEST
[14:35:45.991] Bot20 executed ROTATE_LEFT
[14:35:45.991] Bot20 rotated left to face SOUTH
[14:35:45.991] Bot20 executed ROTATE_LEFT
[14:35:45.991] Bot20 moved forward to (1,2)
[14:35:45.991] Bot20 executed MOVE_FORWARD
[14:35:45.991] Starting turn for Bot4
[14:35:45.991] Starting turn for Bot20
[14:35:45.991] Starting turn for Bot4
[14:35:45.991] Stalemate detected: State repeated 10 times, unchanged for 1 turns
[14:35:45.991] Game Over! Stalemate detected!
[14:35:45.991] Stalemate detected: State repeated 10 times, unchanged for 1 turns
