[14:36:00.649] === Game Started at 2025-02-04_14-36-00 ===
[14:36:00.649] Game initialized with 2 players
[14:36:00.649] Board size: 10
[14:36:00.649] Obstacle density: 0.05
[14:36:00.649] Max turns: 1000
[14:36:00.649] Player Bot18 starting at position (0,0) facing SOUTH
[14:36:00.649] Player Bot14 starting at position (9,9) facing WEST
[14:36:00.650] Obstacles at positions: (2,1) (2,9) (3,2) (3,4) (8,8)
[14:36:00.650] Starting turn for Bot18
[14:36:00.650] Bot18 rotated left to face EAST
[14:36:00.650] Bot18 executed ROTATE_LEFT
[14:36:00.650] Bot18 moved forward to (0,1)
[14:36:00.650] Bot18 executed MOVE_FORWARD
[14:36:00.650] Starting turn for Bot14
[14:36:00.650] Bot14 moved forward to (9,8)
[14:36:00.650] Bot14 executed MOVE_FORWARD
[14:36:00.650] Starting turn for Bot18
[14:36:00.650] Bot18 rotated right to face SOUTH
[14:36:00.650] Bot18 executed ROTATE_RIGHT
[14:36:00.650] Bot18 moved forward to (1,1)
[14:36:00.650] Bot18 executed MOVE_FORWARD
[14:36:00.650] Starting turn for Bot14
[14:36:00.650] Bot14 rotated right to face NORTH
[14:36:00.650] Bot14 executed ROTATE_RIGHT
[14:36:00.650] Starting turn for Bot18
[14:36:00.650] Bot18 rotated left to face EAST
[14:36:00.650] Bot18 executed ROTATE_LEFT
[14:36:00.650] Bot18 moved forward to (1,2)
[14:36:00.650] Bot18 executed MOVE_FORWARD
[14:36:00.650] Starting turn for Bot14
[14:36:00.650] Starting turn for Bot18
[14:36:00.650] Bot18 rotated right to face SOUTH
[14:36:00.650] Bot18 executed ROTATE_RIGHT
[14:36:00.650] Bot18 moved forward to (2,2)
[14:36:00.650] Bot18 executed MOVE_FORWARD
[14:36:00.650] Starting turn for Bot14
[14:36:00.650] Bot14 rotated right to face EAST
[14:36:00.650] Bot14 executed ROTATE_RIGHT
[14:36:00.650] Bot14 moved forward to (9,9)
[14:36:00.650] Bot14 executed MOVE_FORWARD
[14:36:00.650] Starting turn for Bot18
[14:36:00.650] Bot18 rotated left to face EAST
[14:36:00.650] Bot18 executed ROTATE_LEFT
[14:36:00.650] Bot18 moved forward to (2,3)
[14:36:00.650] Bot18 executed MOVE_FORWARD
[14:36:00.650] Starting turn for Bot14
[14:36:00.650] Bot14 rotated left to face NORTH
[14:36:00.650] Bot14 executed ROTATE_LEFT
[14:36:00.650] Bot14 rotated left to face WEST
[14:36:00.650] Bot14 executed ROTATE_LEFT
[14:36:00.650] Bot14 moved forward to (9,8)
[14:36:00.650] Bot14 executed MOVE_FORWARD
[14:36:00.650] Starting turn for Bot18
[14:36:00.650] Bot18 rotated right to face SOUTH
[14:36:00.650] Bot18 executed ROTATE_RIGHT
[14:36:00.650] Bot18 moved forward to (3,3)
[14:36:00.650] Bot18 executed MOVE_FORWARD
[14:36:00.650] Starting turn for Bot14
[14:36:00.650] Bot14 rotated right to face NORTH
[14:36:00.650] Bot14 executed ROTATE_RIGHT
[14:36:00.650] Starting turn for Bot18
[14:36:00.650] Bot18 rotated left to face EAST
[14:36:00.650] Bot18 executed ROTATE_LEFT
[14:36:00.650] Starting turn for Bot14
[14:36:00.650] Starting turn for Bot18
[14:36:00.650] Starting turn for Bot14
[14:36:00.650] Bot14 rotated right to face EAST
[14:36:00.650] Bot14 executed ROTATE_RIGHT
[14:36:00.650] Bot14 moved forward to (9,9)
[14:36:00.650] Bot14 executed MOVE_FORWARD
[14:36:00.650] Starting turn for Bot18
[14:36:00.650] Bot18 rotated left to face NORTH
[14:36:00.650] Bot18 executed ROTATE_LEFT
[14:36:00.650] Bot18 moved forward to (2,3)
[14:36:00.650] Bot18 executed MOVE_FORWARD
[14:36:00.650] Starting turn for Bot14
[14:36:00.650] Bot14 rotated left to face NORTH
[14:36:00.650] Bot14 executed ROTATE_LEFT
[14:36:00.650] Bot14 rotated left to face WEST
[14:36:00.650] Bot14 executed ROTATE_LEFT
[14:36:00.650] Bot14 moved forward to (9,8)
[14:36:00.650] Bot14 executed MOVE_FORWARD
[14:36:00.650] Starting turn for Bot18
[14:36:00.650] Bot18 rotated left to face WEST
[14:36:00.650] Bot18 executed ROTATE_LEFT
[14:36:00.650] Bot18 rotated left to face SOUTH
[14:36:00.650] Bot18 executed ROTATE_LEFT
[14:36:00.650] Bot18 moved forward to (3,3)
[14:36:00.650] Bot18 executed MOVE_FORWARD
[14:36:00.650] Starting turn for Bot14
[14:36:00.650] Bot14 rotated right to face NORTH
[14:36:00.650] Bot14 executed ROTATE_RIGHT
[14:36:00.650] Starting turn for Bot18
[14:36:00.650] Bot18 rotated left to face EAST
[14:36:00.650] Bot18 executed ROTATE_LEFT
[14:36:00.650] Starting turn for Bot14
[14:36:00.650] Starting turn for Bot18
[14:36:00.650] Starting turn for Bot14
[14:36:00.650] Bot14 rotated right to face EAST
[14:36:00.650] Bot14 executed ROTATE_RIGHT
[14:36:00.650] Bot14 moved forward to (9,9)
[14:36:00.650] Bot14 executed MOVE_FORWARD
[14:36:00.650] Starting turn for Bot18
[14:36:00.650] Bot18 rotated left to face NORTH
[14:36:00.650] Bot18 executed ROTATE_LEFT
[14:36:00.650] Bot18 moved forward to (2,3)
[14:36:00.650] Bot18 executed MOVE_FORWARD
[14:36:00.650] Starting turn for Bot14
[14:36:00.650] Bot14 rotated left to face NORTH
[14:36:00.650] Bot14 executed ROTATE_LEFT
[14:36:00.650] Bot14 rotated left to face WEST
[14:36:00.650] Bot14 executed ROTATE_LEFT
[14:36:00.650] Bot14 moved forward to (9,8)
[14:36:00.650] Bot14 executed MOVE_FORWARD
[14:36:00.650] Starting turn for Bot18
[14:36:00.650] Bot18 rotated left to face WEST
[14:36:00.650] Bot18 executed ROTATE_LEFT
[14:36:00.650] Bot18 rotated left to face SOUTH
[14:36:00.650] Bot18 executed ROTATE_LEFT
[14:36:00.650] Bot18 moved forward to (3,3)
[14:36:00.650] Bot18 executed MOVE_FORWARD
[14:36:00.650] Starting turn for Bot14
[14:36:00.650] Bot14 rotated right to face NORTH
[14:36:00.650] Bot14 executed ROTATE_RIGHT
[14:36:00.650] Starting turn for Bot18
[14:36:00.650] Bot18 rotated left to face EAST
[14:36:00.650] Bot18 executed ROTATE_LEFT
[14:36:00.650] Starting turn for Bot14
[14:36:00.650] Starting turn for Bot18
[14:36:00.650] Starting turn for Bot14
[14:36:00.650] Bot14 rotated right to face EAST
[14:36:00.650] Bot14 executed ROTATE_RIGHT
[14:36:00.650] Bot14 moved forward to (9,9)
[14:36:00.650] Bot14 executed MOVE_FORWARD
[14:36:00.650] Starting turn for Bot18
[14:36:00.650] Bot18 rotated left to face NORTH
[14:36:00.650] Bot18 executed ROTATE_LEFT
[14:36:00.650] Bot18 moved forward to (2,3)
[14:36:00.650] Bot18 executed MOVE_FORWARD
[14:36:00.650] Starting turn for Bot14
[14:36:00.650] Bot14 rotated left to face NORTH
[14:36:00.650] Bot14 executed ROTATE_LEFT
[14:36:00.650] Bot14 rotated left to face WEST
[14:36:00.650] Bot14 executed ROTATE_LEFT
[14:36:00.650] Bot14 moved forward to (9,8)
[14:36:00.650] Bot14 executed MOVE_FORWARD
[14:36:00.650] Starting turn for Bot18
[14:36:00.650] Bot18 rotated left to face WEST
[14:36:00.650] Bot18 executed ROTATE_LEFT
[14:36:00.650] Bot18 rotated left to face SOUTH
[14:36:00.650] Bot18 executed ROTATE_LEFT
[14:36:00.650] Bot18 moved forward to (3,3)
[14:36:00.650] Bot18 executed MOVE_FORWARD
[14:36:00.650] Starting turn for Bot14
[14:36:00.650] Bot14 rotated right to face NORTH
[14:36:00.650] Bot14 executed ROTATE_RIGHT
[14:36:00.650] Starting turn for Bot18
[14:36:00.650] Bot18 rotated left to face EAST
[14:36:00.650] Bot18 executed ROTATE_LEFT
[14:36:00.650] Starting turn for Bot14
[14:36:00.650] Starting turn for Bot18
[14:36:00.650] Starting turn for Bot14
[14:36:00.650] Stalemate detected: State repeated 10 times, unchanged for 1 turns
[14:36:00.650] Game Over! Stalemate detected!
[14:36:00.650] Stalemate detected: State repeated 10 times, unchanged for 1 turns
