[14:35:44.669] === Game Started at 2025-02-04_14-35-44 ===
[14:35:44.669] Game initialized with 2 players
[14:35:44.669] Board size: 10
[14:35:44.669] Obstacle density: 0.05
[14:35:44.669] Max turns: 1000
[14:35:44.669] Player Bot33 starting at position (0,0) facing NORTH
[14:35:44.669] Player Bot3 starting at position (9,9) facing WEST
[14:35:44.669] Obstacles at positions: (2,6) (3,3) (6,1) (6,8) (9,5)
[14:35:44.669] Starting turn for Bot33
[14:35:44.669] Bot33 rotated right to face EAST
[14:35:44.669] Bot33 executed ROTATE_RIGHT
[14:35:44.669] Bot33 moved forward to (0,1)
[14:35:44.670] Bot33 executed MOVE_FORWARD
[14:35:44.670] Starting turn for Bot3
[14:35:44.670] Bot3 moved forward to (9,8)
[14:35:44.670] Bot3 executed MOVE_FORWARD
[14:35:44.670] Starting turn for Bot33
[14:35:44.670] Bot33 rotated right to face SOUTH
[14:35:44.670] Bot33 executed ROTATE_RIGHT
[14:35:44.670] Bot33 moved forward to (1,1)
[14:35:44.670] Bot33 executed MOVE_FORWARD
[14:35:44.670] Starting turn for Bot3
[14:35:44.670] Bot3 rotated right to face NORTH
[14:35:44.670] Bot3 executed ROTATE_RIGHT
[14:35:44.670] Bot3 moved forward to (8,8)
[14:35:44.670] Bot3 executed MOVE_FORWARD
[14:35:44.670] Starting turn for Bot33
[14:35:44.670] Bot33 rotated left to face EAST
[14:35:44.670] Bot33 executed ROTATE_LEFT
[14:35:44.670] Bot33 moved forward to (1,2)
[14:35:44.670] Bot33 executed MOVE_FORWARD
[14:35:44.670] Starting turn for Bot3
[14:35:44.670] Bot3 rotated left to face WEST
[14:35:44.670] Bot3 executed ROTATE_LEFT
[14:35:44.670] Bot3 moved forward to (8,7)
[14:35:44.670] Bot3 executed MOVE_FORWARD
[14:35:44.670] Starting turn for Bot33
[14:35:44.670] Bot33 rotated right to face SOUTH
[14:35:44.670] Bot33 executed ROTATE_RIGHT
[14:35:44.670] Bot33 moved forward to (2,2)
[14:35:44.670] Bot33 executed MOVE_FORWARD
[14:35:44.670] Starting turn for Bot3
[14:35:44.670] Bot3 rotated right to face NORTH
[14:35:44.670] Bot3 executed ROTATE_RIGHT
[14:35:44.670] Bot3 moved forward to (7,7)
[14:35:44.670] Bot3 executed MOVE_FORWARD
[14:35:44.670] Starting turn for Bot33
[14:35:44.670] Bot33 rotated left to face EAST
[14:35:44.670] Bot33 executed ROTATE_LEFT
[14:35:44.670] Bot33 moved forward to (2,3)
[14:35:44.670] Bot33 executed MOVE_FORWARD
[14:35:44.670] Starting turn for Bot3
[14:35:44.670] Bot3 rotated left to face WEST
[14:35:44.670] Bot3 executed ROTATE_LEFT
[14:35:44.670] Bot3 moved forward to (7,6)
[14:35:44.670] Bot3 executed MOVE_FORWARD
[14:35:44.670] Starting turn for Bot33
[14:35:44.670] Bot33 rotated right to face SOUTH
[14:35:44.670] Bot33 executed ROTATE_RIGHT
[14:35:44.670] Starting turn for Bot3
[14:35:44.670] Bot3 rotated right to face NORTH
[14:35:44.670] Bot3 executed ROTATE_RIGHT
[14:35:44.670] Bot3 moved forward to (6,6)
[14:35:44.670] Bot3 executed MOVE_FORWARD
[14:35:44.670] Starting turn for Bot33
[14:35:44.670] Starting turn for Bot3
[14:35:44.670] Bot3 rotated left to face WEST
[14:35:44.670] Bot3 executed ROTATE_LEFT
[14:35:44.670] Bot3 moved forward to (6,5)
[14:35:44.670] Bot3 executed MOVE_FORWARD
[14:35:44.670] Starting turn for Bot33
[14:35:44.670] Bot33 rotated left to face EAST
[14:35:44.670] Bot33 executed ROTATE_LEFT
[14:35:44.670] Bot33 rotated left to face NORTH
[14:35:44.670] Bot33 executed ROTATE_LEFT
[14:35:44.670] Bot33 moved forward to (1,3)
[14:35:44.670] Bot33 executed MOVE_FORWARD
[14:35:44.670] Starting turn for Bot3
[14:35:44.670] Bot3 rotated right to face NORTH
[14:35:44.670] Bot3 executed ROTATE_RIGHT
[14:35:44.670] Bot3 moved forward to (5,5)
[14:35:44.670] Bot3 executed MOVE_FORWARD
[14:35:44.670] Starting turn for Bot33
[14:35:44.670] Bot33 rotated left to face WEST
[14:35:44.670] Bot33 executed ROTATE_LEFT
[14:35:44.670] Bot33 rotated left to face SOUTH
[14:35:44.670] Bot33 executed ROTATE_LEFT
[14:35:44.670] Bot33 moved forward to (2,3)
[14:35:44.670] Bot33 executed MOVE_FORWARD
[14:35:44.670] Starting turn for Bot3
[14:35:44.670] Starting turn for Bot33
[14:35:44.670] Starting turn for Bot3
[14:35:44.670] Starting turn for Bot33
[14:35:44.670] Starting turn for Bot3
[14:35:44.670] Starting turn for Bot33
[14:35:44.670] Bot33 rotated left to face EAST
[14:35:44.670] Bot33 executed ROTATE_LEFT
[14:35:44.670] Bot33 rotated left to face NORTH
[14:35:44.670] Bot33 executed ROTATE_LEFT
[14:35:44.670] Bot33 moved forward to (1,3)
[14:35:44.670] Bot33 executed MOVE_FORWARD
[14:35:44.670] Starting turn for Bot3
[14:35:44.670] Starting turn for Bot33
[14:35:44.670] Bot33 rotated left to face WEST
[14:35:44.670] Bot33 executed ROTATE_LEFT
[14:35:44.670] Bot33 rotated left to face SOUTH
[14:35:44.670] Bot33 executed ROTATE_LEFT
[14:35:44.670] Bot33 moved forward to (2,3)
[14:35:44.670] Bot33 executed MOVE_FORWARD
[14:35:44.670] Starting turn for Bot3
[14:35:44.670] Starting turn for Bot33
[14:35:44.670] Starting turn for Bot3
[14:35:44.670] Starting turn for Bot33
[14:35:44.670] Starting turn for Bot3
[14:35:44.670] Starting turn for Bot33
[14:35:44.670] Bot33 rotated left to face EAST
[14:35:44.670] Bot33 executed ROTATE_LEFT
[14:35:44.670] Bot33 rotated left to face NORTH
[14:35:44.670] Bot33 executed ROTATE_LEFT
[14:35:44.670] Bot33 moved forward to (1,3)
[14:35:44.670] Bot33 executed MOVE_FORWARD
[14:35:44.670] Starting turn for Bot3
[14:35:44.670] Starting turn for Bot33
[14:35:44.670] Bot33 rotated left to face WEST
[14:35:44.670] Bot33 executed ROTATE_LEFT
[14:35:44.670] Bot33 rotated left to face SOUTH
[14:35:44.670] Bot33 executed ROTATE_LEFT
[14:35:44.670] Bot33 moved forward to (2,3)
[14:35:44.670] Bot33 executed MOVE_FORWARD
[14:35:44.670] Starting turn for Bot3
[14:35:44.670] Starting turn for Bot33
[14:35:44.670] Starting turn for Bot3
[14:35:44.670] Starting turn for Bot33
[14:35:44.670] Starting turn for Bot3
[14:35:44.670] Starting turn for Bot33
[14:35:44.670] Bot33 rotated left to face EAST
[14:35:44.670] Bot33 executed ROTATE_LEFT
[14:35:44.670] Bot33 rotated left to face NORTH
[14:35:44.670] Bot33 executed ROTATE_LEFT
[14:35:44.670] Bot33 moved forward to (1,3)
[14:35:44.670] Bot33 executed MOVE_FORWARD
[14:35:44.670] Starting turn for Bot3
[14:35:44.670] Starting turn for Bot33
[14:35:44.670] Bot33 rotated left to face WEST
[14:35:44.670] Bot33 executed ROTATE_LEFT
[14:35:44.670] Bot33 rotated left to face SOUTH
[14:35:44.670] Bot33 executed ROTATE_LEFT
[14:35:44.670] Bot33 moved forward to (2,3)
[14:35:44.670] Bot33 executed MOVE_FORWARD
[14:35:44.670] Starting turn for Bot3
[14:35:44.670] Stalemate detected: State repeated 10 times, unchanged for 3 turns
[14:35:44.670] Game Over! Stalemate detected!
[14:35:44.670] Stalemate detected: State repeated 10 times, unchanged for 3 turns
