[14:36:05.977] === Game Started at 2025-02-04_14-36-05 ===
[14:36:05.977] Game initialized with 2 players
[14:36:05.977] Board size: 10
[14:36:05.977] Obstacle density: 0.05
[14:36:05.977] Max turns: 1000
[14:36:05.977] Player Bot35 starting at position (0,0) facing NORTH
[14:36:05.977] Player Bot18 starting at position (9,9) facing SOUTH
[14:36:05.977] Obstacles at positions: (2,1) (3,0) (3,3) (4,7) (9,2)
[14:36:05.977] Starting turn for Bot35
[14:36:05.977] Bot35 rotated right to face EAST
[14:36:05.977] Bot35 executed ROTATE_RIGHT
[14:36:05.977] Bot35 moved forward to (0,1)
[14:36:05.977] Bot35 executed MOVE_FORWARD
[14:36:05.977] Starting turn for Bot18
[14:36:05.977] Bot18 rotated right to face WEST
[14:36:05.977] Bot18 executed ROTATE_RIGHT
[14:36:05.977] Bot18 moved forward to (9,8)
[14:36:05.977] Bot18 executed MOVE_FORWARD
[14:36:05.977] Starting turn for Bot35
[14:36:05.977] Bot35 rotated right to face SOUTH
[14:36:05.977] Bot35 executed ROTATE_RIGHT
[14:36:05.977] Bot35 moved forward to (1,1)
[14:36:05.977] Bot35 executed MOVE_FORWARD
[14:36:05.977] Starting turn for Bot18
[14:36:05.977] Bot18 rotated right to face NORTH
[14:36:05.977] Bot18 executed ROTATE_RIGHT
[14:36:05.977] Bot18 moved forward to (8,8)
[14:36:05.977] Bot18 executed MOVE_FORWARD
[14:36:05.977] Starting turn for Bot35
[14:36:05.977] Bot35 rotated left to face EAST
[14:36:05.977] Bot35 executed ROTATE_LEFT
[14:36:05.977] Bot35 moved forward to (1,2)
[14:36:05.977] Bot35 executed MOVE_FORWARD
[14:36:05.977] Starting turn for Bot18
[14:36:05.977] Bot18 rotated left to face WEST
[14:36:05.977] Bot18 executed ROTATE_LEFT
[14:36:05.977] Bot18 moved forward to (8,7)
[14:36:05.977] Bot18 executed MOVE_FORWARD
[14:36:05.977] Starting turn for Bot35
[14:36:05.977] Bot35 rotated right to face SOUTH
[14:36:05.977] Bot35 executed ROTATE_RIGHT
[14:36:05.977] Bot35 moved forward to (2,2)
[14:36:05.977] Bot35 executed MOVE_FORWARD
[14:36:05.977] Starting turn for Bot18
[14:36:05.977] Bot18 rotated right to face NORTH
[14:36:05.977] Bot18 executed ROTATE_RIGHT
[14:36:05.977] Bot18 moved forward to (7,7)
[14:36:05.977] Bot18 executed MOVE_FORWARD
[14:36:05.977] Starting turn for Bot35
[14:36:05.977] Bot35 rotated left to face EAST
[14:36:05.977] Bot35 executed ROTATE_LEFT
[14:36:05.977] Bot35 moved forward to (2,3)
[14:36:05.977] Bot35 executed MOVE_FORWARD
[14:36:05.977] Starting turn for Bot18
[14:36:05.977] Bot18 rotated left to face WEST
[14:36:05.977] Bot18 executed ROTATE_LEFT
[14:36:05.977] Bot18 moved forward to (7,6)
[14:36:05.977] Bot18 executed MOVE_FORWARD
[14:36:05.977] Starting turn for Bot35
[14:36:05.977] Bot35 rotated right to face SOUTH
[14:36:05.977] Bot35 executed ROTATE_RIGHT
[14:36:05.977] Starting turn for Bot18
[14:36:05.977] Bot18 rotated right to face NORTH
[14:36:05.977] Bot18 executed ROTATE_RIGHT
[14:36:05.977] Bot18 moved forward to (6,6)
[14:36:05.977] Bot18 executed MOVE_FORWARD
[14:36:05.977] Starting turn for Bot35
[14:36:05.977] Starting turn for Bot18
[14:36:05.977] Bot18 rotated left to face WEST
[14:36:05.977] Bot18 executed ROTATE_LEFT
[14:36:05.977] Bot18 moved forward to (6,5)
[14:36:05.977] Bot18 executed MOVE_FORWARD
[14:36:05.977] Starting turn for Bot35
[14:36:05.977] Bot35 rotated left to face EAST
[14:36:05.977] Bot35 executed ROTATE_LEFT
[14:36:05.977] Bot35 rotated left to face NORTH
[14:36:05.977] Bot35 executed ROTATE_LEFT
[14:36:05.977] Bot35 moved forward to (1,3)
[14:36:05.977] Bot35 executed MOVE_FORWARD
[14:36:05.977] Starting turn for Bot18
[14:36:05.977] Bot18 rotated right to face NORTH
[14:36:05.977] Bot18 executed ROTATE_RIGHT
[14:36:05.977] Bot18 moved forward to (5,5)
[14:36:05.977] Bot18 executed MOVE_FORWARD
[14:36:05.977] Starting turn for Bot35
[14:36:05.977] Bot35 rotated left to face WEST
[14:36:05.977] Bot35 executed ROTATE_LEFT
[14:36:05.977] Bot35 rotated left to face SOUTH
[14:36:05.977] Bot35 executed ROTATE_LEFT
[14:36:05.977] Bot35 moved forward to (2,3)
[14:36:05.977] Bot35 executed MOVE_FORWARD
[14:36:05.977] Starting turn for Bot18
[14:36:05.977] Starting turn for Bot35
[14:36:05.977] Starting turn for Bot18
[14:36:05.977] Starting turn for Bot35
[14:36:05.977] Starting turn for Bot18
[14:36:05.977] Starting turn for Bot35
[14:36:05.977] Bot35 rotated left to face EAST
[14:36:05.977] Bot35 executed ROTATE_LEFT
[14:36:05.977] Bot35 rotated left to face NORTH
[14:36:05.977] Bot35 executed ROTATE_LEFT
[14:36:05.977] Bot35 moved forward to (1,3)
[14:36:05.977] Bot35 executed MOVE_FORWARD
[14:36:05.977] Starting turn for Bot18
[14:36:05.977] Starting turn for Bot35
[14:36:05.977] Bot35 rotated left to face WEST
[14:36:05.977] Bot35 executed ROTATE_LEFT
[14:36:05.977] Bot35 rotated left to face SOUTH
[14:36:05.977] Bot35 executed ROTATE_LEFT
[14:36:05.977] Bot35 moved forward to (2,3)
[14:36:05.977] Bot35 executed MOVE_FORWARD
[14:36:05.977] Starting turn for Bot18
[14:36:05.977] Starting turn for Bot35
[14:36:05.977] Starting turn for Bot18
[14:36:05.977] Starting turn for Bot35
[14:36:05.977] Starting turn for Bot18
[14:36:05.977] Starting turn for Bot35
[14:36:05.977] Bot35 rotated left to face EAST
[14:36:05.977] Bot35 executed ROTATE_LEFT
[14:36:05.977] Bot35 rotated left to face NORTH
[14:36:05.977] Bot35 executed ROTATE_LEFT
[14:36:05.977] Bot35 moved forward to (1,3)
[14:36:05.977] Bot35 executed MOVE_FORWARD
[14:36:05.977] Starting turn for Bot18
[14:36:05.977] Starting turn for Bot35
[14:36:05.977] Bot35 rotated left to face WEST
[14:36:05.977] Bot35 executed ROTATE_LEFT
[14:36:05.977] Bot35 rotated left to face SOUTH
[14:36:05.977] Bot35 executed ROTATE_LEFT
[14:36:05.978] Bot35 moved forward to (2,3)
[14:36:05.978] Bot35 executed MOVE_FORWARD
[14:36:05.978] Starting turn for Bot18
[14:36:05.978] Starting turn for Bot35
[14:36:05.978] Starting turn for Bot18
[14:36:05.978] Starting turn for Bot35
[14:36:05.978] Starting turn for Bot18
[14:36:05.978] Starting turn for Bot35
[14:36:05.978] Bot35 rotated left to face EAST
[14:36:05.978] Bot35 executed ROTATE_LEFT
[14:36:05.978] Bot35 rotated left to face NORTH
[14:36:05.978] Bot35 executed ROTATE_LEFT
[14:36:05.978] Bot35 moved forward to (1,3)
[14:36:05.978] Bot35 executed MOVE_FORWARD
[14:36:05.978] Starting turn for Bot18
[14:36:05.978] Starting turn for Bot35
[14:36:05.978] Bot35 rotated left to face WEST
[14:36:05.978] Bot35 executed ROTATE_LEFT
[14:36:05.978] Bot35 rotated left to face SOUTH
[14:36:05.978] Bot35 executed ROTATE_LEFT
[14:36:05.978] Bot35 moved forward to (2,3)
[14:36:05.978] Bot35 executed MOVE_FORWARD
[14:36:05.978] Starting turn for Bot18
[14:36:05.978] Stalemate detected: State repeated 10 times, unchanged for 3 turns
[14:36:05.978] Game Over! Stalemate detected!
[14:36:05.978] Stalemate detected: State repeated 10 times, unchanged for 3 turns
