[14:35:50.477] === Game Started at 2025-02-04_14-35-50 ===
[14:35:50.477] Game initialized with 2 players
[14:35:50.477] Board size: 10
[14:35:50.478] Obstacle density: 0.05
[14:35:50.478] Max turns: 1000
[14:35:50.478] Player Bot32 starting at position (0,0) facing SOUTH
[14:35:50.478] Player Bot6 starting at position (9,9) facing NORTH
[14:35:50.478] Obstacles at positions: (0,7) (1,6) (3,7) (6,2) (7,7)
[14:35:50.478] Starting turn for Bot32
[14:35:50.478] Bot32 rotated left to face EAST
[14:35:50.478] Bot32 executed ROTATE_LEFT
[14:35:50.478] Bot32 moved forward to (0,1)
[14:35:50.478] Bot32 executed MOVE_FORWARD
[14:35:50.478] Starting turn for Bot6
[14:35:50.478] Bot6 rotated left to face WEST
[14:35:50.478] Bot6 executed ROTATE_LEFT
[14:35:50.478] Bot6 moved forward to (9,8)
[14:35:50.478] Bot6 executed MOVE_FORWARD
[14:35:50.478] Starting turn for Bot32
[14:35:50.478] Bot32 rotated right to face SOUTH
[14:35:50.478] Bot32 executed ROTATE_RIGHT
[14:35:50.478] Bot32 moved forward to (1,1)
[14:35:50.478] Bot32 executed MOVE_FORWARD
[14:35:50.478] Starting turn for Bot6
[14:35:50.478] Bot6 rotated right to face NORTH
[14:35:50.478] Bot6 executed ROTATE_RIGHT
[14:35:50.478] Bot6 moved forward to (8,8)
[14:35:50.478] Bot6 executed MOVE_FORWARD
[14:35:50.478] Starting turn for Bot32
[14:35:50.478] Bot32 rotated left to face EAST
[14:35:50.478] Bot32 executed ROTATE_LEFT
[14:35:50.478] Bot32 moved forward to (1,2)
[14:35:50.478] Bot32 executed MOVE_FORWARD
[14:35:50.478] Starting turn for Bot6
[14:35:50.478] Bot6 rotated left to face WEST
[14:35:50.478] Bot6 executed ROTATE_LEFT
[14:35:50.478] Bot6 moved forward to (8,7)
[14:35:50.478] Bot6 executed MOVE_FORWARD
[14:35:50.478] Starting turn for Bot32
[14:35:50.478] Bot32 rotated right to face SOUTH
[14:35:50.478] Bot32 executed ROTATE_RIGHT
[14:35:50.478] Bot32 moved forward to (2,2)
[14:35:50.478] Bot32 executed MOVE_FORWARD
[14:35:50.478] Starting turn for Bot6
[14:35:50.478] Bot6 rotated right to face NORTH
[14:35:50.478] Bot6 executed ROTATE_RIGHT
[14:35:50.478] Starting turn for Bot32
[14:35:50.478] Bot32 rotated left to face EAST
[14:35:50.478] Bot32 executed ROTATE_LEFT
[14:35:50.478] Bot32 moved forward to (2,3)
[14:35:50.478] Bot32 executed MOVE_FORWARD
[14:35:50.478] Starting turn for Bot6
[14:35:50.478] Starting turn for Bot32
[14:35:50.478] Bot32 rotated right to face SOUTH
[14:35:50.478] Bot32 executed ROTATE_RIGHT
[14:35:50.478] Bot32 moved forward to (3,3)
[14:35:50.478] Bot32 executed MOVE_FORWARD
[14:35:50.478] Starting turn for Bot6
[14:35:50.478] Bot6 rotated right to face EAST
[14:35:50.478] Bot6 executed ROTATE_RIGHT
[14:35:50.478] Bot6 moved forward to (8,8)
[14:35:50.478] Bot6 executed MOVE_FORWARD
[14:35:50.478] Starting turn for Bot32
[14:35:50.478] Bot32 rotated left to face EAST
[14:35:50.478] Bot32 executed ROTATE_LEFT
[14:35:50.478] Bot32 moved forward to (3,4)
[14:35:50.478] Bot32 executed MOVE_FORWARD
[14:35:50.478] Starting turn for Bot6
[14:35:50.478] Bot6 rotated left to face NORTH
[14:35:50.478] Bot6 executed ROTATE_LEFT
[14:35:50.478] Bot6 rotated left to face WEST
[14:35:50.478] Bot6 executed ROTATE_LEFT
[14:35:50.478] Bot6 moved forward to (8,7)
[14:35:50.478] Bot6 executed MOVE_FORWARD
[14:35:50.478] Starting turn for Bot32
[14:35:50.478] Bot32 rotated right to face SOUTH
[14:35:50.478] Bot32 executed ROTATE_RIGHT
[14:35:50.478] Bot32 moved forward to (4,4)
[14:35:50.478] Bot32 executed MOVE_FORWARD
[14:35:50.478] Starting turn for Bot6
[14:35:50.478] Bot6 rotated right to face NORTH
[14:35:50.478] Bot6 executed ROTATE_RIGHT
[14:35:50.478] Starting turn for Bot32
[14:35:50.478] Bot32 rotated left to face EAST
[14:35:50.478] Bot32 executed ROTATE_LEFT
[14:35:50.478] Bot32 moved forward to (4,5)
[14:35:50.478] Bot32 executed MOVE_FORWARD
[14:35:50.478] Starting turn for Bot6
[14:35:50.478] Starting turn for Bot32
[14:35:50.478] Bot32 rotated right to face SOUTH
[14:35:50.478] Bot32 executed ROTATE_RIGHT
[14:35:50.478] Bot32 moved forward to (5,5)
[14:35:50.478] Bot32 executed MOVE_FORWARD
[14:35:50.478] Starting turn for Bot6
[14:35:50.478] Bot6 rotated right to face EAST
[14:35:50.478] Bot6 executed ROTATE_RIGHT
[14:35:50.478] Bot6 moved forward to (8,8)
[14:35:50.478] Bot6 executed MOVE_FORWARD
[14:35:50.478] Starting turn for Bot32
[14:35:50.478] Starting turn for Bot6
[14:35:50.478] Bot6 rotated left to face NORTH
[14:35:50.478] Bot6 executed ROTATE_LEFT
[14:35:50.478] Bot6 rotated left to face WEST
[14:35:50.478] Bot6 executed ROTATE_LEFT
[14:35:50.478] Bot6 moved forward to (8,7)
[14:35:50.478] Bot6 executed MOVE_FORWARD
[14:35:50.478] Starting turn for Bot32
[14:35:50.478] Starting turn for Bot6
[14:35:50.478] Bot6 rotated right to face NORTH
[14:35:50.478] Bot6 executed ROTATE_RIGHT
[14:35:50.478] Starting turn for Bot32
[14:35:50.478] Starting turn for Bot6
[14:35:50.478] Starting turn for Bot32
[14:35:50.478] Starting turn for Bot6
[14:35:50.478] Bot6 rotated right to face EAST
[14:35:50.478] Bot6 executed ROTATE_RIGHT
[14:35:50.478] Bot6 moved forward to (8,8)
[14:35:50.478] Bot6 executed MOVE_FORWARD
[14:35:50.478] Starting turn for Bot32
[14:35:50.478] Starting turn for Bot6
[14:35:50.478] Bot6 rotated left to face NORTH
[14:35:50.478] Bot6 executed ROTATE_LEFT
[14:35:50.478] Bot6 rotated left to face WEST
[14:35:50.478] Bot6 executed ROTATE_LEFT
[14:35:50.478] Bot6 moved forward to (8,7)
[14:35:50.478] Bot6 executed MOVE_FORWARD
[14:35:50.478] Starting turn for Bot32
[14:35:50.478] Starting turn for Bot6
[14:35:50.478] Bot6 rotated right to face NORTH
[14:35:50.478] Bot6 executed ROTATE_RIGHT
[14:35:50.478] Starting turn for Bot32
[14:35:50.478] Starting turn for Bot6
[14:35:50.478] Starting turn for Bot32
[14:35:50.478] Starting turn for Bot6
[14:35:50.478] Bot6 rotated right to face EAST
[14:35:50.478] Bot6 executed ROTATE_RIGHT
[14:35:50.478] Bot6 moved forward to (8,8)
[14:35:50.478] Bot6 executed MOVE_FORWARD
[14:35:50.478] Starting turn for Bot32
[14:35:50.478] Starting turn for Bot6
[14:35:50.478] Bot6 rotated left to face NORTH
[14:35:50.478] Bot6 executed ROTATE_LEFT
[14:35:50.478] Bot6 rotated left to face WEST
[14:35:50.478] Bot6 executed ROTATE_LEFT
[14:35:50.478] Bot6 moved forward to (8,7)
[14:35:50.478] Bot6 executed MOVE_FORWARD
[14:35:50.478] Starting turn for Bot32
[14:35:50.478] Starting turn for Bot6
[14:35:50.478] Bot6 rotated right to face NORTH
[14:35:50.478] Bot6 executed ROTATE_RIGHT
[14:35:50.478] Starting turn for Bot32
[14:35:50.478] Stalemate detected: State repeated 10 times, unchanged for 1 turns
[14:35:50.478] Game Over! Stalemate detected!
[14:35:50.478] Stalemate detected: State repeated 10 times, unchanged for 1 turns
