[14:35:58.485] === Game Started at 2025-02-04_14-35-58 ===
[14:35:58.485] Game initialized with 2 players
[14:35:58.485] Board size: 10
[14:35:58.485] Obstacle density: 0.05
[14:35:58.485] Max turns: 1000
[14:35:58.485] Player Bot12 starting at position (0,0) facing SOUTH
[14:35:58.485] Player Bot21 starting at position (9,9) facing WEST
[14:35:58.485] Obstacles at positions: (0,1) (3,0) (5,1) (5,5) (7,4)
[14:35:58.485] Starting turn for Bot12
[14:35:58.485] Bot12 rotated left to face EAST
[14:35:58.485] Bot12 executed ROTATE_LEFT
[14:35:58.485] Starting turn for Bot21
[14:35:58.485] Bot21 moved forward to (9,8)
[14:35:58.485] Bot21 executed MOVE_FORWARD
[14:35:58.485] Starting turn for Bot12
[14:35:58.485] Starting turn for Bot21
[14:35:58.485] Bot21 rotated right to face NORTH
[14:35:58.485] Bot21 executed ROTATE_RIGHT
[14:35:58.485] Bot21 moved forward to (8,8)
[14:35:58.485] Bot21 executed MOVE_FORWARD
[14:35:58.485] Starting turn for Bot12
[14:35:58.485] Bot12 rotated right to face SOUTH
[14:35:58.485] Bot12 executed ROTATE_RIGHT
[14:35:58.485] Bot12 moved forward to (1,0)
[14:35:58.485] Bot12 executed MOVE_FORWARD
[14:35:58.485] Starting turn for Bot21
[14:35:58.485] Bot21 rotated left to face WEST
[14:35:58.485] Bot21 executed ROTATE_LEFT
[14:35:58.485] Bot21 moved forward to (8,7)
[14:35:58.485] Bot21 executed MOVE_FORWARD
[14:35:58.485] Starting turn for Bot12
[14:35:58.485] Bot12 rotated left to face EAST
[14:35:58.485] Bot12 executed ROTATE_LEFT
[14:35:58.485] Bot12 moved forward to (1,1)
[14:35:58.485] Bot12 executed MOVE_FORWARD
[14:35:58.485] Starting turn for Bot21
[14:35:58.485] Bot21 rotated right to face NORTH
[14:35:58.485] Bot21 executed ROTATE_RIGHT
[14:35:58.485] Bot21 moved forward to (7,7)
[14:35:58.485] Bot21 executed MOVE_FORWARD
[14:35:58.485] Starting turn for Bot12
[14:35:58.485] Bot12 moved forward to (1,2)
[14:35:58.485] Bot12 executed MOVE_FORWARD
[14:35:58.485] Starting turn for Bot21
[14:35:58.485] Bot21 rotated left to face WEST
[14:35:58.485] Bot21 executed ROTATE_LEFT
[14:35:58.485] Bot21 moved forward to (7,6)
[14:35:58.485] Bot21 executed MOVE_FORWARD
[14:35:58.485] Starting turn for Bot12
[14:35:58.485] Bot12 rotated right to face SOUTH
[14:35:58.485] Bot12 executed ROTATE_RIGHT
[14:35:58.485] Bot12 moved forward to (2,2)
[14:35:58.485] Bot12 executed MOVE_FORWARD
[14:35:58.485] Starting turn for Bot21
[14:35:58.485] Bot21 rotated right to face NORTH
[14:35:58.485] Bot21 executed ROTATE_RIGHT
[14:35:58.485] Bot21 moved forward to (6,6)
[14:35:58.485] Bot21 executed MOVE_FORWARD
[14:35:58.485] Starting turn for Bot12
[14:35:58.485] Bot12 rotated left to face EAST
[14:35:58.485] Bot12 executed ROTATE_LEFT
[14:35:58.485] Bot12 moved forward to (2,3)
[14:35:58.485] Bot12 executed MOVE_FORWARD
[14:35:58.485] Starting turn for Bot21
[14:35:58.485] Bot21 rotated left to face WEST
[14:35:58.485] Bot21 executed ROTATE_LEFT
[14:35:58.485] Bot21 moved forward to (6,5)
[14:35:58.485] Bot21 executed MOVE_FORWARD
[14:35:58.485] Starting turn for Bot12
[14:35:58.485] Bot12 rotated right to face SOUTH
[14:35:58.485] Bot12 executed ROTATE_RIGHT
[14:35:58.485] Bot12 moved forward to (3,3)
[14:35:58.485] Bot12 executed MOVE_FORWARD
[14:35:58.485] Starting turn for Bot21
[14:35:58.485] Bot21 rotated right to face NORTH
[14:35:58.485] Bot21 executed ROTATE_RIGHT
[14:35:58.485] Starting turn for Bot12
[14:35:58.485] Bot12 rotated left to face EAST
[14:35:58.485] Bot12 executed ROTATE_LEFT
[14:35:58.485] Bot12 moved forward to (3,4)
[14:35:58.485] Bot12 executed MOVE_FORWARD
[14:35:58.485] Starting turn for Bot21
[14:35:58.485] Starting turn for Bot12
[14:35:58.485] Bot12 rotated right to face SOUTH
[14:35:58.485] Bot12 executed ROTATE_RIGHT
[14:35:58.485] Bot12 moved forward to (4,4)
[14:35:58.485] Bot12 executed MOVE_FORWARD
[14:35:58.485] Starting turn for Bot21
[14:35:58.485] Bot21 rotated right to face EAST
[14:35:58.485] Bot21 executed ROTATE_RIGHT
[14:35:58.485] Bot21 moved forward to (6,6)
[14:35:58.485] Bot21 executed MOVE_FORWARD
[14:35:58.485] Starting turn for Bot12
[14:35:58.485] Bot12 rotated left to face EAST
[14:35:58.485] Bot12 executed ROTATE_LEFT
[14:35:58.485] Bot12 moved forward to (4,5)
[14:35:58.485] Bot12 executed MOVE_FORWARD
[14:35:58.485] Starting turn for Bot21
[14:35:58.485] Bot21 rotated left to face NORTH
[14:35:58.485] Bot21 executed ROTATE_LEFT
[14:35:58.485] Bot21 rotated left to face WEST
[14:35:58.485] Bot21 executed ROTATE_LEFT
[14:35:58.485] Bot21 moved forward to (6,5)
[14:35:58.485] Bot21 executed MOVE_FORWARD
[14:35:58.485] Starting turn for Bot12
[14:35:58.485] Bot12 rotated right to face SOUTH
[14:35:58.485] Bot12 executed ROTATE_RIGHT
[14:35:58.485] Starting turn for Bot21
[14:35:58.485] Bot21 rotated right to face NORTH
[14:35:58.485] Bot21 executed ROTATE_RIGHT
[14:35:58.485] Starting turn for Bot12
[14:35:58.485] Starting turn for Bot21
[14:35:58.485] Starting turn for Bot12
[14:35:58.485] Bot12 rotated left to face EAST
[14:35:58.485] Bot12 executed ROTATE_LEFT
[14:35:58.485] Bot12 rotated left to face NORTH
[14:35:58.485] Bot12 executed ROTATE_LEFT
[14:35:58.485] Bot12 moved forward to (3,5)
[14:35:58.485] Bot12 executed MOVE_FORWARD
[14:35:58.485] Starting turn for Bot21
[14:35:58.485] Bot21 rotated right to face EAST
[14:35:58.485] Bot21 executed ROTATE_RIGHT
[14:35:58.485] Bot21 moved forward to (6,6)
[14:35:58.485] Bot21 executed MOVE_FORWARD
[14:35:58.485] Starting turn for Bot12
[14:35:58.485] Bot12 rotated left to face WEST
[14:35:58.485] Bot12 executed ROTATE_LEFT
[14:35:58.485] Bot12 rotated left to face SOUTH
[14:35:58.485] Bot12 executed ROTATE_LEFT
[14:35:58.485] Bot12 moved forward to (4,5)
[14:35:58.485] Bot12 executed MOVE_FORWARD
[14:35:58.485] Starting turn for Bot21
[14:35:58.485] Bot21 rotated left to face NORTH
[14:35:58.485] Bot21 executed ROTATE_LEFT
[14:35:58.485] Bot21 rotated left to face WEST
[14:35:58.485] Bot21 executed ROTATE_LEFT
[14:35:58.485] Bot21 moved forward to (6,5)
[14:35:58.485] Bot21 executed MOVE_FORWARD
[14:35:58.485] Starting turn for Bot12
[14:35:58.485] Starting turn for Bot21
[14:35:58.485] Bot21 rotated right to face NORTH
[14:35:58.485] Bot21 executed ROTATE_RIGHT
[14:35:58.485] Starting turn for Bot12
[14:35:58.485] Starting turn for Bot21
[14:35:58.485] Starting turn for Bot12
[14:35:58.485] Bot12 rotated left to face EAST
[14:35:58.485] Bot12 executed ROTATE_LEFT
[14:35:58.485] Bot12 rotated left to face NORTH
[14:35:58.485] Bot12 executed ROTATE_LEFT
[14:35:58.485] Bot12 moved forward to (3,5)
[14:35:58.485] Bot12 executed MOVE_FORWARD
[14:35:58.485] Starting turn for Bot21
[14:35:58.485] Bot21 rotated right to face EAST
[14:35:58.485] Bot21 executed ROTATE_RIGHT
[14:35:58.485] Bot21 moved forward to (6,6)
[14:35:58.485] Bot21 executed MOVE_FORWARD
[14:35:58.485] Starting turn for Bot12
[14:35:58.485] Bot12 rotated left to face WEST
[14:35:58.485] Bot12 executed ROTATE_LEFT
[14:35:58.485] Bot12 rotated left to face SOUTH
[14:35:58.485] Bot12 executed ROTATE_LEFT
[14:35:58.485] Bot12 moved forward to (4,5)
[14:35:58.485] Bot12 executed MOVE_FORWARD
[14:35:58.485] Starting turn for Bot21
[14:35:58.485] Bot21 rotated left to face NORTH
[14:35:58.485] Bot21 executed ROTATE_LEFT
[14:35:58.485] Bot21 rotated left to face WEST
[14:35:58.485] Bot21 executed ROTATE_LEFT
[14:35:58.485] Bot21 moved forward to (6,5)
[14:35:58.486] Bot21 executed MOVE_FORWARD
[14:35:58.486] Starting turn for Bot12
[14:35:58.486] Starting turn for Bot21
[14:35:58.486] Bot21 rotated right to face NORTH
[14:35:58.486] Bot21 executed ROTATE_RIGHT
[14:35:58.486] Starting turn for Bot12
[14:35:58.486] Starting turn for Bot21
[14:35:58.486] Starting turn for Bot12
[14:35:58.486] Bot12 rotated left to face EAST
[14:35:58.486] Bot12 executed ROTATE_LEFT
[14:35:58.486] Bot12 rotated left to face NORTH
[14:35:58.486] Bot12 executed ROTATE_LEFT
[14:35:58.486] Bot12 moved forward to (3,5)
[14:35:58.486] Bot12 executed MOVE_FORWARD
[14:35:58.486] Starting turn for Bot21
[14:35:58.486] Bot21 rotated right to face EAST
[14:35:58.486] Bot21 executed ROTATE_RIGHT
[14:35:58.486] Bot21 moved forward to (6,6)
[14:35:58.486] Bot21 executed MOVE_FORWARD
[14:35:58.486] Starting turn for Bot12
[14:35:58.486] Bot12 rotated left to face WEST
[14:35:58.486] Bot12 executed ROTATE_LEFT
[14:35:58.486] Bot12 rotated left to face SOUTH
[14:35:58.486] Bot12 executed ROTATE_LEFT
[14:35:58.486] Bot12 moved forward to (4,5)
[14:35:58.486] Bot12 executed MOVE_FORWARD
[14:35:58.486] Starting turn for Bot21
[14:35:58.486] Bot21 rotated left to face NORTH
[14:35:58.486] Bot21 executed ROTATE_LEFT
[14:35:58.486] Bot21 rotated left to face WEST
[14:35:58.486] Bot21 executed ROTATE_LEFT
[14:35:58.486] Bot21 moved forward to (6,5)
[14:35:58.486] Bot21 executed MOVE_FORWARD
[14:35:58.486] Starting turn for Bot12
[14:35:58.486] Starting turn for Bot21
[14:35:58.486] Bot21 rotated right to face NORTH
[14:35:58.486] Bot21 executed ROTATE_RIGHT
[14:35:58.486] Starting turn for Bot12
[14:35:58.486] Stalemate detected: State repeated 10 times, unchanged for 3 turns
[14:35:58.486] Game Over! Stalemate detected!
[14:35:58.486] Stalemate detected: State repeated 10 times, unchanged for 3 turns
