[14:35:56.790] === Game Started at 2025-02-04_14-35-56 ===
[14:35:56.790] Game initialized with 2 players
[14:35:56.790] Board size: 10
[14:35:56.790] Obstacle density: 0.05
[14:35:56.790] Max turns: 1000
[14:35:56.790] Player Bot10 starting at position (0,0) facing WEST
[14:35:56.790] Player Bot37 starting at position (9,9) facing WEST
[14:35:56.790] Obstacles at positions: (0,5) (1,1) (1,9) (3,7) (7,3)
[14:35:56.790] Starting turn for Bot10
[14:35:56.790] Bot10 rotated left to face SOUTH
[14:35:56.790] Bot10 executed ROTATE_LEFT
[14:35:56.790] Bot10 rotated left to face EAST
[14:35:56.790] Bot10 executed ROTATE_LEFT
[14:35:56.790] Bot10 moved forward to (0,1)
[14:35:56.790] Bot10 executed MOVE_FORWARD
[14:35:56.790] Starting turn for Bot37
[14:35:56.790] Bot37 moved forward to (9,8)
[14:35:56.790] Bot37 executed MOVE_FORWARD
[14:35:56.790] Starting turn for Bot10
[14:35:56.790] Bot10 rotated right to face SOUTH
[14:35:56.790] Bot10 executed ROTATE_RIGHT
[14:35:56.790] Starting turn for Bot37
[14:35:56.790] Bot37 rotated right to face NORTH
[14:35:56.790] Bot37 executed ROTATE_RIGHT
[14:35:56.790] Bot37 moved forward to (8,8)
[14:35:56.790] Bot37 executed MOVE_FORWARD
[14:35:56.790] Starting turn for Bot10
[14:35:56.791] Starting turn for Bot37
[14:35:56.791] Bot37 rotated left to face WEST
[14:35:56.791] Bot37 executed ROTATE_LEFT
[14:35:56.791] Bot37 moved forward to (8,7)
[14:35:56.791] Bot37 executed MOVE_FORWARD
[14:35:56.791] Starting turn for Bot10
[14:35:56.791] Bot10 rotated left to face EAST
[14:35:56.791] Bot10 executed ROTATE_LEFT
[14:35:56.791] Bot10 moved forward to (0,2)
[14:35:56.791] Bot10 executed MOVE_FORWARD
[14:35:56.791] Starting turn for Bot37
[14:35:56.791] Bot37 rotated right to face NORTH
[14:35:56.791] Bot37 executed ROTATE_RIGHT
[14:35:56.791] Bot37 moved forward to (7,7)
[14:35:56.791] Bot37 executed MOVE_FORWARD
[14:35:56.791] Starting turn for Bot10
[14:35:56.791] Bot10 rotated right to face SOUTH
[14:35:56.791] Bot10 executed ROTATE_RIGHT
[14:35:56.791] Bot10 moved forward to (1,2)
[14:35:56.791] Bot10 executed MOVE_FORWARD
[14:35:56.791] Starting turn for Bot37
[14:35:56.791] Bot37 rotated left to face WEST
[14:35:56.791] Bot37 executed ROTATE_LEFT
[14:35:56.791] Bot37 moved forward to (7,6)
[14:35:56.791] Bot37 executed MOVE_FORWARD
[14:35:56.791] Starting turn for Bot10
[14:35:56.791] Bot10 moved forward to (2,2)
[14:35:56.791] Bot10 executed MOVE_FORWARD
[14:35:56.791] Starting turn for Bot37
[14:35:56.791] Bot37 rotated right to face NORTH
[14:35:56.791] Bot37 executed ROTATE_RIGHT
[14:35:56.791] Bot37 moved forward to (6,6)
[14:35:56.791] Bot37 executed MOVE_FORWARD
[14:35:56.791] Starting turn for Bot10
[14:35:56.791] Bot10 rotated left to face EAST
[14:35:56.791] Bot10 executed ROTATE_LEFT
[14:35:56.791] Bot10 moved forward to (2,3)
[14:35:56.791] Bot10 executed MOVE_FORWARD
[14:35:56.791] Starting turn for Bot37
[14:35:56.791] Bot37 rotated left to face WEST
[14:35:56.791] Bot37 executed ROTATE_LEFT
[14:35:56.791] Bot37 moved forward to (6,5)
[14:35:56.791] Bot37 executed MOVE_FORWARD
[14:35:56.791] Starting turn for Bot10
[14:35:56.791] Bot10 rotated right to face SOUTH
[14:35:56.791] Bot10 executed ROTATE_RIGHT
[14:35:56.791] Bot10 moved forward to (3,3)
[14:35:56.791] Bot10 executed MOVE_FORWARD
[14:35:56.791] Starting turn for Bot37
[14:35:56.791] Bot37 rotated right to face NORTH
[14:35:56.791] Bot37 executed ROTATE_RIGHT
[14:35:56.791] Bot37 moved forward to (5,5)
[14:35:56.791] Bot37 executed MOVE_FORWARD
[14:35:56.791] Starting turn for Bot10
[14:35:56.791] Bot10 rotated left to face EAST
[14:35:56.791] Bot10 executed ROTATE_LEFT
[14:35:56.791] Bot10 moved forward to (3,4)
[14:35:56.791] Bot10 executed MOVE_FORWARD
[14:35:56.791] Starting turn for Bot37
[14:35:56.791] Starting turn for Bot10
[14:35:56.791] Bot10 rotated right to face SOUTH
[14:35:56.791] Bot10 executed ROTATE_RIGHT
[14:35:56.791] Bot10 moved forward to (4,4)
[14:35:56.791] Bot10 executed MOVE_FORWARD
[14:35:56.791] Starting turn for Bot37
[14:35:56.791] Starting turn for Bot10
[14:35:56.791] Bot10 rotated left to face EAST
[14:35:56.791] Bot10 executed ROTATE_LEFT
[14:35:56.791] Bot10 moved forward to (4,5)
[14:35:56.791] Bot10 executed MOVE_FORWARD
[14:35:56.791] Starting turn for Bot37
[14:35:56.791] Bot37 shooting in direction NORTH
[14:35:56.791] Bot37 hit Bot10 for 25 damage (health: 100 -> 75)
[14:35:56.791] Bot37 executed SHOOT
[14:35:56.791] Starting turn for Bot10
[14:35:56.791] Bot10 rotated right to face SOUTH
[14:35:56.791] Bot10 executed ROTATE_RIGHT
[14:35:56.791] Starting turn for Bot37
[14:35:56.791] Bot37 shooting in direction NORTH
[14:35:56.791] Bot37 hit Bot10 for 25 damage (health: 75 -> 50)
[14:35:56.791] Bot37 executed SHOOT
[14:35:56.791] Starting turn for Bot10
[14:35:56.791] Bot10 shooting in direction SOUTH
[14:35:56.791] Bot10 hit Bot37 for 25 damage (health: 100 -> 75)
[14:35:56.791] Bot10 executed SHOOT
[14:35:56.791] Starting turn for Bot37
[14:35:56.791] Bot37 shooting in direction NORTH
[14:35:56.791] Bot37 hit Bot10 for 25 damage (health: 50 -> 25)
[14:35:56.791] Bot37 executed SHOOT
[14:35:56.791] Starting turn for Bot10
[14:35:56.791] Bot10 shooting in direction SOUTH
[14:35:56.791] Bot10 hit Bot37 for 25 damage (health: 75 -> 50)
[14:35:56.791] Bot10 executed SHOOT
[14:35:56.791] Starting turn for Bot37
[14:35:56.791] Bot37 shooting in direction NORTH
[14:35:56.791] Bot37 hit Bot10 for 25 damage (health: 25 -> 0)
[14:35:56.791] Bot10 was destroyed!
[14:35:56.791] Bot37 is the last tank standing!
[14:35:56.791] Bot37 executed SHOOT
[14:35:56.791] Game Over! Bot37 wins!
[14:35:56.791] === Game Ended ===
