[14:36:13.361] === Game Started at 2025-02-04_14-36-13 ===
[14:36:13.361] Game initialized with 2 players
[14:36:13.361] Board size: 10
[14:36:13.361] Obstacle density: 0.05
[14:36:13.361] Max turns: 1000
[14:36:13.361] Player Bot28 starting at position (0,0) facing WEST
[14:36:13.361] Player Bot40 starting at position (9,9) facing EAST
[14:36:13.361] Obstacles at positions: (2,3) (5,8) (5,9) (6,9) (9,4)
[14:36:13.361] Starting turn for Bot28
[14:36:13.361] Bot28 rotated left to face SOUTH
[14:36:13.361] Bot28 executed ROTATE_LEFT
[14:36:13.361] Bot28 rotated left to face EAST
[14:36:13.361] Bot28 executed ROTATE_LEFT
[14:36:13.361] Bot28 moved forward to (0,1)
[14:36:13.361] Bot28 executed MOVE_FORWARD
[14:36:13.361] Starting turn for Bot40
[14:36:13.361] Bot40 rotated left to face NORTH
[14:36:13.361] Bot40 executed ROTATE_LEFT
[14:36:13.361] Bot40 rotated left to face WEST
[14:36:13.361] Bot40 executed ROTATE_LEFT
[14:36:13.361] Bot40 moved forward to (9,8)
[14:36:13.361] Bot40 executed MOVE_FORWARD
[14:36:13.361] Starting turn for Bot28
[14:36:13.361] Bot28 rotated right to face SOUTH
[14:36:13.361] Bot28 executed ROTATE_RIGHT
[14:36:13.361] Bot28 moved forward to (1,1)
[14:36:13.361] Bot28 executed MOVE_FORWARD
[14:36:13.361] Starting turn for Bot40
[14:36:13.361] Bot40 rotated right to face NORTH
[14:36:13.361] Bot40 executed ROTATE_RIGHT
[14:36:13.361] Bot40 moved forward to (8,8)
[14:36:13.361] Bot40 executed MOVE_FORWARD
[14:36:13.361] Starting turn for Bot28
[14:36:13.361] Bot28 rotated left to face EAST
[14:36:13.361] Bot28 executed ROTATE_LEFT
[14:36:13.361] Bot28 moved forward to (1,2)
[14:36:13.361] Bot28 executed MOVE_FORWARD
[14:36:13.361] Starting turn for Bot40
[14:36:13.361] Bot40 rotated left to face WEST
[14:36:13.361] Bot40 executed ROTATE_LEFT
[14:36:13.361] Bot40 moved forward to (8,7)
[14:36:13.361] Bot40 executed MOVE_FORWARD
[14:36:13.361] Starting turn for Bot28
[14:36:13.361] Bot28 rotated right to face SOUTH
[14:36:13.361] Bot28 executed ROTATE_RIGHT
[14:36:13.361] Bot28 moved forward to (2,2)
[14:36:13.361] Bot28 executed MOVE_FORWARD
[14:36:13.361] Starting turn for Bot40
[14:36:13.361] Bot40 rotated right to face NORTH
[14:36:13.361] Bot40 executed ROTATE_RIGHT
[14:36:13.361] Bot40 moved forward to (7,7)
[14:36:13.361] Bot40 executed MOVE_FORWARD
[14:36:13.361] Starting turn for Bot28
[14:36:13.361] Bot28 rotated left to face EAST
[14:36:13.361] Bot28 executed ROTATE_LEFT
[14:36:13.361] Starting turn for Bot40
[14:36:13.361] Bot40 rotated left to face WEST
[14:36:13.361] Bot40 executed ROTATE_LEFT
[14:36:13.361] Bot40 moved forward to (7,6)
[14:36:13.361] Bot40 executed MOVE_FORWARD
[14:36:13.361] Starting turn for Bot28
[14:36:13.361] Starting turn for Bot40
[14:36:13.361] Bot40 rotated right to face NORTH
[14:36:13.361] Bot40 executed ROTATE_RIGHT
[14:36:13.361] Bot40 moved forward to (6,6)
[14:36:13.361] Bot40 executed MOVE_FORWARD
[14:36:13.361] Starting turn for Bot28
[14:36:13.361] Bot28 rotated left to face NORTH
[14:36:13.361] Bot28 executed ROTATE_LEFT
[14:36:13.361] Bot28 moved forward to (1,2)
[14:36:13.361] Bot28 executed MOVE_FORWARD
[14:36:13.361] Starting turn for Bot40
[14:36:13.361] Bot40 rotated left to face WEST
[14:36:13.361] Bot40 executed ROTATE_LEFT
[14:36:13.361] Bot40 moved forward to (6,5)
[14:36:13.361] Bot40 executed MOVE_FORWARD
[14:36:13.361] Starting turn for Bot28
[14:36:13.361] Bot28 rotated left to face WEST
[14:36:13.361] Bot28 executed ROTATE_LEFT
[14:36:13.361] Bot28 rotated left to face SOUTH
[14:36:13.361] Bot28 executed ROTATE_LEFT
[14:36:13.361] Bot28 moved forward to (2,2)
[14:36:13.361] Bot28 executed MOVE_FORWARD
[14:36:13.361] Starting turn for Bot40
[14:36:13.361] Bot40 rotated right to face NORTH
[14:36:13.361] Bot40 executed ROTATE_RIGHT
[14:36:13.361] Bot40 moved forward to (5,5)
[14:36:13.361] Bot40 executed MOVE_FORWARD
[14:36:13.361] Starting turn for Bot28
[14:36:13.361] Bot28 rotated left to face EAST
[14:36:13.361] Bot28 executed ROTATE_LEFT
[14:36:13.361] Starting turn for Bot40
[14:36:13.361] Starting turn for Bot28
[14:36:13.361] Starting turn for Bot40
[14:36:13.361] Starting turn for Bot28
[14:36:13.361] Bot28 rotated left to face NORTH
[14:36:13.361] Bot28 executed ROTATE_LEFT
[14:36:13.361] Bot28 moved forward to (1,2)
[14:36:13.361] Bot28 executed MOVE_FORWARD
[14:36:13.361] Starting turn for Bot40
[14:36:13.361] Starting turn for Bot28
[14:36:13.361] Bot28 rotated left to face WEST
[14:36:13.361] Bot28 executed ROTATE_LEFT
[14:36:13.361] Bot28 rotated left to face SOUTH
[14:36:13.361] Bot28 executed ROTATE_LEFT
[14:36:13.361] Bot28 moved forward to (2,2)
[14:36:13.361] Bot28 executed MOVE_FORWARD
[14:36:13.361] Starting turn for Bot40
[14:36:13.361] Starting turn for Bot28
[14:36:13.361] Bot28 rotated left to face EAST
[14:36:13.361] Bot28 executed ROTATE_LEFT
[14:36:13.361] Starting turn for Bot40
[14:36:13.361] Starting turn for Bot28
[14:36:13.361] Starting turn for Bot40
[14:36:13.361] Starting turn for Bot28
[14:36:13.361] Bot28 rotated left to face NORTH
[14:36:13.361] Bot28 executed ROTATE_LEFT
[14:36:13.361] Bot28 moved forward to (1,2)
[14:36:13.361] Bot28 executed MOVE_FORWARD
[14:36:13.361] Starting turn for Bot40
[14:36:13.361] Starting turn for Bot28
[14:36:13.361] Bot28 rotated left to face WEST
[14:36:13.361] Bot28 executed ROTATE_LEFT
[14:36:13.361] Bot28 rotated left to face SOUTH
[14:36:13.361] Bot28 executed ROTATE_LEFT
[14:36:13.361] Bot28 moved forward to (2,2)
[14:36:13.361] Bot28 executed MOVE_FORWARD
[14:36:13.361] Starting turn for Bot40
[14:36:13.361] Starting turn for Bot28
[14:36:13.361] Bot28 rotated left to face EAST
[14:36:13.361] Bot28 executed ROTATE_LEFT
[14:36:13.361] Starting turn for Bot40
[14:36:13.361] Starting turn for Bot28
[14:36:13.361] Starting turn for Bot40
[14:36:13.361] Starting turn for Bot28
[14:36:13.361] Bot28 rotated left to face NORTH
[14:36:13.361] Bot28 executed ROTATE_LEFT
[14:36:13.361] Bot28 moved forward to (1,2)
[14:36:13.361] Bot28 executed MOVE_FORWARD
[14:36:13.361] Starting turn for Bot40
[14:36:13.361] Starting turn for Bot28
[14:36:13.361] Bot28 rotated left to face WEST
[14:36:13.361] Bot28 executed ROTATE_LEFT
[14:36:13.361] Bot28 rotated left to face SOUTH
[14:36:13.361] Bot28 executed ROTATE_LEFT
[14:36:13.361] Bot28 moved forward to (2,2)
[14:36:13.361] Bot28 executed MOVE_FORWARD
[14:36:13.361] Starting turn for Bot40
[14:36:13.361] Starting turn for Bot28
[14:36:13.361] Bot28 rotated left to face EAST
[14:36:13.361] Bot28 executed ROTATE_LEFT
[14:36:13.361] Starting turn for Bot40
[14:36:13.361] Stalemate detected: State repeated 10 times, unchanged for 1 turns
[14:36:13.361] Game Over! Stalemate detected!
[14:36:13.362] Stalemate detected: State repeated 10 times, unchanged for 1 turns
