[14:36:02.360] === Game Started at 2025-02-04_14-36-02 ===
[14:36:02.360] Game initialized with 2 players
[14:36:02.360] Board size: 10
[14:36:02.360] Obstacle density: 0.05
[14:36:02.360] Max turns: 1000
[14:36:02.360] Player Bot26 starting at position (0,0) facing SOUTH
[14:36:02.360] Player Bot15 starting at position (9,9) facing WEST
[14:36:02.360] Obstacles at positions: (2,3) (3,8) (3,9) (6,4) (7,6)
[14:36:02.360] Starting turn for Bot26
[14:36:02.360] Bot26 rotated left to face EAST
[14:36:02.360] Bot26 executed ROTATE_LEFT
[14:36:02.360] Bot26 moved forward to (0,1)
[14:36:02.360] Bot26 executed MOVE_FORWARD
[14:36:02.360] Starting turn for Bot15
[14:36:02.360] Bot15 moved forward to (9,8)
[14:36:02.360] Bot15 executed MOVE_FORWARD
[14:36:02.360] Starting turn for Bot26
[14:36:02.360] Bot26 rotated right to face SOUTH
[14:36:02.360] Bot26 executed ROTATE_RIGHT
[14:36:02.360] Bot26 moved forward to (1,1)
[14:36:02.360] Bot26 executed MOVE_FORWARD
[14:36:02.360] Starting turn for Bot15
[14:36:02.360] Bot15 rotated right to face NORTH
[14:36:02.360] Bot15 executed ROTATE_RIGHT
[14:36:02.360] Bot15 moved forward to (8,8)
[14:36:02.360] Bot15 executed MOVE_FORWARD
[14:36:02.360] Starting turn for Bot26
[14:36:02.360] Bot26 rotated left to face EAST
[14:36:02.360] Bot26 executed ROTATE_LEFT
[14:36:02.360] Bot26 moved forward to (1,2)
[14:36:02.360] Bot26 executed MOVE_FORWARD
[14:36:02.360] Starting turn for Bot15
[14:36:02.360] Bot15 rotated left to face WEST
[14:36:02.360] Bot15 executed ROTATE_LEFT
[14:36:02.360] Bot15 moved forward to (8,7)
[14:36:02.360] Bot15 executed MOVE_FORWARD
[14:36:02.360] Starting turn for Bot26
[14:36:02.360] Bot26 rotated right to face SOUTH
[14:36:02.360] Bot26 executed ROTATE_RIGHT
[14:36:02.360] Bot26 moved forward to (2,2)
[14:36:02.360] Bot26 executed MOVE_FORWARD
[14:36:02.360] Starting turn for Bot15
[14:36:02.360] Bot15 rotated right to face NORTH
[14:36:02.360] Bot15 executed ROTATE_RIGHT
[14:36:02.360] Bot15 moved forward to (7,7)
[14:36:02.360] Bot15 executed MOVE_FORWARD
[14:36:02.360] Starting turn for Bot26
[14:36:02.360] Bot26 rotated left to face EAST
[14:36:02.360] Bot26 executed ROTATE_LEFT
[14:36:02.360] Starting turn for Bot15
[14:36:02.360] Bot15 rotated left to face WEST
[14:36:02.360] Bot15 executed ROTATE_LEFT
[14:36:02.360] Starting turn for Bot26
[14:36:02.360] Starting turn for Bot15
[14:36:02.360] Starting turn for Bot26
[14:36:02.360] Bot26 rotated left to face NORTH
[14:36:02.360] Bot26 executed ROTATE_LEFT
[14:36:02.360] Bot26 moved forward to (1,2)
[14:36:02.360] Bot26 executed MOVE_FORWARD
[14:36:02.360] Starting turn for Bot15
[14:36:02.360] Bot15 rotated right to face NORTH
[14:36:02.360] Bot15 executed ROTATE_RIGHT
[14:36:02.360] Bot15 moved forward to (6,7)
[14:36:02.360] Bot15 executed MOVE_FORWARD
[14:36:02.360] Starting turn for Bot26
[14:36:02.360] Bot26 rotated left to face WEST
[14:36:02.360] Bot26 executed ROTATE_LEFT
[14:36:02.360] Bot26 rotated left to face SOUTH
[14:36:02.360] Bot26 executed ROTATE_LEFT
[14:36:02.360] Bot26 moved forward to (2,2)
[14:36:02.360] Bot26 executed MOVE_FORWARD
[14:36:02.360] Starting turn for Bot15
[14:36:02.360] Bot15 rotated left to face WEST
[14:36:02.360] Bot15 executed ROTATE_LEFT
[14:36:02.360] Bot15 moved forward to (6,6)
[14:36:02.360] Bot15 executed MOVE_FORWARD
[14:36:02.360] Starting turn for Bot26
[14:36:02.360] Bot26 rotated left to face EAST
[14:36:02.360] Bot26 executed ROTATE_LEFT
[14:36:02.360] Starting turn for Bot15
[14:36:02.360] Bot15 moved forward to (6,5)
[14:36:02.360] Bot15 executed MOVE_FORWARD
[14:36:02.360] Starting turn for Bot26
[14:36:02.360] Starting turn for Bot15
[14:36:02.360] Bot15 rotated right to face NORTH
[14:36:02.360] Bot15 executed ROTATE_RIGHT
[14:36:02.360] Bot15 moved forward to (5,5)
[14:36:02.360] Bot15 executed MOVE_FORWARD
[14:36:02.360] Starting turn for Bot26
[14:36:02.360] Bot26 rotated left to face NORTH
[14:36:02.360] Bot26 executed ROTATE_LEFT
[14:36:02.360] Bot26 moved forward to (1,2)
[14:36:02.360] Bot26 executed MOVE_FORWARD
[14:36:02.360] Starting turn for Bot15
[14:36:02.360] Starting turn for Bot26
[14:36:02.360] Bot26 rotated left to face WEST
[14:36:02.360] Bot26 executed ROTATE_LEFT
[14:36:02.360] Bot26 rotated left to face SOUTH
[14:36:02.360] Bot26 executed ROTATE_LEFT
[14:36:02.360] Bot26 moved forward to (2,2)
[14:36:02.360] Bot26 executed MOVE_FORWARD
[14:36:02.360] Starting turn for Bot15
[14:36:02.360] Starting turn for Bot26
[14:36:02.360] Bot26 rotated left to face EAST
[14:36:02.360] Bot26 executed ROTATE_LEFT
[14:36:02.360] Starting turn for Bot15
[14:36:02.360] Starting turn for Bot26
[14:36:02.360] Starting turn for Bot15
[14:36:02.360] Starting turn for Bot26
[14:36:02.360] Bot26 rotated left to face NORTH
[14:36:02.360] Bot26 executed ROTATE_LEFT
[14:36:02.360] Bot26 moved forward to (1,2)
[14:36:02.360] Bot26 executed MOVE_FORWARD
[14:36:02.360] Starting turn for Bot15
[14:36:02.360] Starting turn for Bot26
[14:36:02.360] Bot26 rotated left to face WEST
[14:36:02.360] Bot26 executed ROTATE_LEFT
[14:36:02.360] Bot26 rotated left to face SOUTH
[14:36:02.360] Bot26 executed ROTATE_LEFT
[14:36:02.360] Bot26 moved forward to (2,2)
[14:36:02.360] Bot26 executed MOVE_FORWARD
[14:36:02.360] Starting turn for Bot15
[14:36:02.360] Starting turn for Bot26
[14:36:02.360] Bot26 rotated left to face EAST
[14:36:02.360] Bot26 executed ROTATE_LEFT
[14:36:02.360] Starting turn for Bot15
[14:36:02.360] Starting turn for Bot26
[14:36:02.360] Starting turn for Bot15
[14:36:02.360] Starting turn for Bot26
[14:36:02.360] Bot26 rotated left to face NORTH
[14:36:02.360] Bot26 executed ROTATE_LEFT
[14:36:02.360] Bot26 moved forward to (1,2)
[14:36:02.360] Bot26 executed MOVE_FORWARD
[14:36:02.360] Starting turn for Bot15
[14:36:02.360] Starting turn for Bot26
[14:36:02.360] Bot26 rotated left to face WEST
[14:36:02.360] Bot26 executed ROTATE_LEFT
[14:36:02.360] Bot26 rotated left to face SOUTH
[14:36:02.360] Bot26 executed ROTATE_LEFT
[14:36:02.360] Bot26 moved forward to (2,2)
[14:36:02.360] Bot26 executed MOVE_FORWARD
[14:36:02.360] Starting turn for Bot15
[14:36:02.360] Starting turn for Bot26
[14:36:02.360] Bot26 rotated left to face EAST
[14:36:02.360] Bot26 executed ROTATE_LEFT
[14:36:02.360] Starting turn for Bot15
[14:36:02.360] Stalemate detected: State repeated 10 times, unchanged for 1 turns
[14:36:02.360] Game Over! Stalemate detected!
[14:36:02.360] Stalemate detected: State repeated 10 times, unchanged for 1 turns
