[14:35:44.577] === Game Started at 2025-02-04_14-35-44 ===
[14:35:44.577] Game initialized with 2 players
[14:35:44.577] Board size: 10
[14:35:44.577] Obstacle density: 0.05
[14:35:44.577] Max turns: 1000
[14:35:44.577] Player Bot32 starting at position (0,0) facing EAST
[14:35:44.577] Player Bot3 starting at position (9,9) facing NORTH
[14:35:44.577] Obstacles at positions: (0,6) (2,9) (5,5) (6,0) (8,2)
[14:35:44.577] Starting turn for Bot32
[14:35:44.577] Bot32 moved forward to (0,1)
[14:35:44.577] Bot32 executed MOVE_FORWARD
[14:35:44.577] Starting turn for Bot3
[14:35:44.577] Bot3 rotated left to face WEST
[14:35:44.577] Bot3 executed ROTATE_LEFT
[14:35:44.577] Bot3 moved forward to (9,8)
[14:35:44.577] Bot3 executed MOVE_FORWARD
[14:35:44.577] Starting turn for Bot32
[14:35:44.577] Bot32 rotated right to face SOUTH
[14:35:44.577] Bot32 executed ROTATE_RIGHT
[14:35:44.577] Bot32 moved forward to (1,1)
[14:35:44.577] Bot32 executed MOVE_FORWARD
[14:35:44.577] Starting turn for Bot3
[14:35:44.577] Bot3 rotated right to face NORTH
[14:35:44.577] Bot3 executed ROTATE_RIGHT
[14:35:44.578] Bot3 moved forward to (8,8)
[14:35:44.578] Bot3 executed MOVE_FORWARD
[14:35:44.578] Starting turn for Bot32
[14:35:44.578] Bot32 rotated left to face EAST
[14:35:44.578] Bot32 executed ROTATE_LEFT
[14:35:44.578] Bot32 moved forward to (1,2)
[14:35:44.578] Bot32 executed MOVE_FORWARD
[14:35:44.578] Starting turn for Bot3
[14:35:44.578] Bot3 rotated left to face WEST
[14:35:44.578] Bot3 executed ROTATE_LEFT
[14:35:44.578] Bot3 moved forward to (8,7)
[14:35:44.578] Bot3 executed MOVE_FORWARD
[14:35:44.578] Starting turn for Bot32
[14:35:44.578] Bot32 rotated right to face SOUTH
[14:35:44.578] Bot32 executed ROTATE_RIGHT
[14:35:44.578] Bot32 moved forward to (2,2)
[14:35:44.578] Bot32 executed MOVE_FORWARD
[14:35:44.578] Starting turn for Bot3
[14:35:44.578] Bot3 rotated right to face NORTH
[14:35:44.578] Bot3 executed ROTATE_RIGHT
[14:35:44.578] Bot3 moved forward to (7,7)
[14:35:44.578] Bot3 executed MOVE_FORWARD
[14:35:44.578] Starting turn for Bot32
[14:35:44.578] Bot32 rotated left to face EAST
[14:35:44.578] Bot32 executed ROTATE_LEFT
[14:35:44.578] Bot32 moved forward to (2,3)
[14:35:44.578] Bot32 executed MOVE_FORWARD
[14:35:44.578] Starting turn for Bot3
[14:35:44.578] Bot3 rotated left to face WEST
[14:35:44.578] Bot3 executed ROTATE_LEFT
[14:35:44.578] Bot3 moved forward to (7,6)
[14:35:44.578] Bot3 executed MOVE_FORWARD
[14:35:44.578] Starting turn for Bot32
[14:35:44.578] Bot32 rotated right to face SOUTH
[14:35:44.578] Bot32 executed ROTATE_RIGHT
[14:35:44.578] Bot32 moved forward to (3,3)
[14:35:44.578] Bot32 executed MOVE_FORWARD
[14:35:44.578] Starting turn for Bot3
[14:35:44.578] Bot3 rotated right to face NORTH
[14:35:44.578] Bot3 executed ROTATE_RIGHT
[14:35:44.578] Bot3 moved forward to (6,6)
[14:35:44.578] Bot3 executed MOVE_FORWARD
[14:35:44.578] Starting turn for Bot32
[14:35:44.578] Bot32 rotated left to face EAST
[14:35:44.578] Bot32 executed ROTATE_LEFT
[14:35:44.578] Bot32 moved forward to (3,4)
[14:35:44.578] Bot32 executed MOVE_FORWARD
[14:35:44.578] Starting turn for Bot3
[14:35:44.578] Bot3 rotated left to face WEST
[14:35:44.578] Bot3 executed ROTATE_LEFT
[14:35:44.578] Bot3 moved forward to (6,5)
[14:35:44.578] Bot3 executed MOVE_FORWARD
[14:35:44.578] Starting turn for Bot32
[14:35:44.578] Bot32 rotated right to face SOUTH
[14:35:44.578] Bot32 executed ROTATE_RIGHT
[14:35:44.578] Bot32 moved forward to (4,4)
[14:35:44.578] Bot32 executed MOVE_FORWARD
[14:35:44.578] Starting turn for Bot3
[14:35:44.578] Bot3 rotated right to face NORTH
[14:35:44.578] Bot3 executed ROTATE_RIGHT
[14:35:44.578] Starting turn for Bot32
[14:35:44.578] Bot32 rotated left to face EAST
[14:35:44.578] Bot32 executed ROTATE_LEFT
[14:35:44.578] Bot32 moved forward to (4,5)
[14:35:44.578] Bot32 executed MOVE_FORWARD
[14:35:44.578] Starting turn for Bot3
[14:35:44.578] Starting turn for Bot32
[14:35:44.578] Bot32 rotated right to face SOUTH
[14:35:44.578] Bot32 executed ROTATE_RIGHT
[14:35:44.578] Starting turn for Bot3
[14:35:44.578] Bot3 rotated right to face EAST
[14:35:44.578] Bot3 executed ROTATE_RIGHT
[14:35:44.578] Bot3 moved forward to (6,6)
[14:35:44.578] Bot3 executed MOVE_FORWARD
[14:35:44.578] Starting turn for Bot32
[14:35:44.578] Starting turn for Bot3
[14:35:44.578] Bot3 rotated left to face NORTH
[14:35:44.578] Bot3 executed ROTATE_LEFT
[14:35:44.578] Bot3 rotated left to face WEST
[14:35:44.578] Bot3 executed ROTATE_LEFT
[14:35:44.578] Bot3 moved forward to (6,5)
[14:35:44.578] Bot3 executed MOVE_FORWARD
[14:35:44.578] Starting turn for Bot32
[14:35:44.578] Bot32 rotated left to face EAST
[14:35:44.578] Bot32 executed ROTATE_LEFT
[14:35:44.578] Bot32 rotated left to face NORTH
[14:35:44.578] Bot32 executed ROTATE_LEFT
[14:35:44.578] Bot32 moved forward to (3,5)
[14:35:44.578] Bot32 executed MOVE_FORWARD
[14:35:44.578] Starting turn for Bot3
[14:35:44.578] Bot3 rotated right to face NORTH
[14:35:44.578] Bot3 executed ROTATE_RIGHT
[14:35:44.578] Starting turn for Bot32
[14:35:44.578] Bot32 rotated left to face WEST
[14:35:44.578] Bot32 executed ROTATE_LEFT
[14:35:44.578] Bot32 rotated left to face SOUTH
[14:35:44.578] Bot32 executed ROTATE_LEFT
[14:35:44.578] Bot32 moved forward to (4,5)
[14:35:44.578] Bot32 executed MOVE_FORWARD
[14:35:44.578] Starting turn for Bot3
[14:35:44.578] Starting turn for Bot32
[14:35:44.578] Starting turn for Bot3
[14:35:44.578] Bot3 rotated right to face EAST
[14:35:44.578] Bot3 executed ROTATE_RIGHT
[14:35:44.578] Bot3 moved forward to (6,6)
[14:35:44.578] Bot3 executed MOVE_FORWARD
[14:35:44.578] Starting turn for Bot32
[14:35:44.578] Starting turn for Bot3
[14:35:44.578] Bot3 rotated left to face NORTH
[14:35:44.578] Bot3 executed ROTATE_LEFT
[14:35:44.578] Bot3 rotated left to face WEST
[14:35:44.578] Bot3 executed ROTATE_LEFT
[14:35:44.578] Bot3 moved forward to (6,5)
[14:35:44.578] Bot3 executed MOVE_FORWARD
[14:35:44.578] Starting turn for Bot32
[14:35:44.578] Bot32 rotated left to face EAST
[14:35:44.578] Bot32 executed ROTATE_LEFT
[14:35:44.578] Bot32 rotated left to face NORTH
[14:35:44.578] Bot32 executed ROTATE_LEFT
[14:35:44.578] Bot32 moved forward to (3,5)
[14:35:44.578] Bot32 executed MOVE_FORWARD
[14:35:44.578] Starting turn for Bot3
[14:35:44.578] Bot3 rotated right to face NORTH
[14:35:44.578] Bot3 executed ROTATE_RIGHT
[14:35:44.578] Starting turn for Bot32
[14:35:44.578] Bot32 rotated left to face WEST
[14:35:44.578] Bot32 executed ROTATE_LEFT
[14:35:44.578] Bot32 rotated left to face SOUTH
[14:35:44.578] Bot32 executed ROTATE_LEFT
[14:35:44.578] Bot32 moved forward to (4,5)
[14:35:44.578] Bot32 executed MOVE_FORWARD
[14:35:44.578] Starting turn for Bot3
[14:35:44.578] Starting turn for Bot32
[14:35:44.578] Starting turn for Bot3
[14:35:44.578] Bot3 rotated right to face EAST
[14:35:44.578] Bot3 executed ROTATE_RIGHT
[14:35:44.578] Bot3 moved forward to (6,6)
[14:35:44.578] Bot3 executed MOVE_FORWARD
[14:35:44.578] Starting turn for Bot32
[14:35:44.578] Starting turn for Bot3
[14:35:44.578] Bot3 rotated left to face NORTH
[14:35:44.578] Bot3 executed ROTATE_LEFT
[14:35:44.578] Bot3 rotated left to face WEST
[14:35:44.578] Bot3 executed ROTATE_LEFT
[14:35:44.578] Bot3 moved forward to (6,5)
[14:35:44.578] Bot3 executed MOVE_FORWARD
[14:35:44.578] Starting turn for Bot32
[14:35:44.578] Bot32 rotated left to face EAST
[14:35:44.578] Bot32 executed ROTATE_LEFT
[14:35:44.578] Bot32 rotated left to face NORTH
[14:35:44.578] Bot32 executed ROTATE_LEFT
[14:35:44.578] Bot32 moved forward to (3,5)
[14:35:44.578] Bot32 executed MOVE_FORWARD
[14:35:44.578] Starting turn for Bot3
[14:35:44.578] Bot3 rotated right to face NORTH
[14:35:44.578] Bot3 executed ROTATE_RIGHT
[14:35:44.578] Starting turn for Bot32
[14:35:44.578] Bot32 rotated left to face WEST
[14:35:44.578] Bot32 executed ROTATE_LEFT
[14:35:44.578] Bot32 rotated left to face SOUTH
[14:35:44.578] Bot32 executed ROTATE_LEFT
[14:35:44.578] Bot32 moved forward to (4,5)
[14:35:44.578] Bot32 executed MOVE_FORWARD
[14:35:44.578] Starting turn for Bot3
[14:35:44.578] Starting turn for Bot32
[14:35:44.578] Starting turn for Bot3
[14:35:44.578] Stalemate detected: State repeated 10 times, unchanged for 1 turns
[14:35:44.578] Game Over! Stalemate detected!
[14:35:44.578] Stalemate detected: State repeated 10 times, unchanged for 1 turns
