[14:36:08.061] === Game Started at 2025-02-04_14-36-08 ===
[14:36:08.061] Game initialized with 2 players
[14:36:08.061] Board size: 10
[14:36:08.061] Obstacle density: 0.05
[14:36:08.061] Max turns: 1000
[14:36:08.061] Player Bot25 starting at position (0,0) facing WEST
[14:36:08.061] Player Bot21 starting at position (9,9) facing NORTH
[14:36:08.061] Obstacles at positions: (2,2) (2,6) (5,8) (8,1) (9,4)
[14:36:08.061] Starting turn for Bot25
[14:36:08.061] Bot25 rotated left to face SOUTH
[14:36:08.061] Bot25 executed ROTATE_LEFT
[14:36:08.061] Bot25 rotated left to face EAST
[14:36:08.061] Bot25 executed ROTATE_LEFT
[14:36:08.061] Bot25 moved forward to (0,1)
[14:36:08.061] Bot25 executed MOVE_FORWARD
[14:36:08.061] Starting turn for Bot21
[14:36:08.061] Bot21 rotated left to face WEST
[14:36:08.061] Bot21 executed ROTATE_LEFT
[14:36:08.061] Bot21 moved forward to (9,8)
[14:36:08.061] Bot21 executed MOVE_FORWARD
[14:36:08.061] Starting turn for Bot25
[14:36:08.061] Bot25 rotated right to face SOUTH
[14:36:08.061] Bot25 executed ROTATE_RIGHT
[14:36:08.061] Bot25 moved forward to (1,1)
[14:36:08.061] Bot25 executed MOVE_FORWARD
[14:36:08.061] Starting turn for Bot21
[14:36:08.061] Bot21 rotated right to face NORTH
[14:36:08.061] Bot21 executed ROTATE_RIGHT
[14:36:08.061] Bot21 moved forward to (8,8)
[14:36:08.061] Bot21 executed MOVE_FORWARD
[14:36:08.061] Starting turn for Bot25
[14:36:08.061] Bot25 rotated left to face EAST
[14:36:08.061] Bot25 executed ROTATE_LEFT
[14:36:08.061] Bot25 moved forward to (1,2)
[14:36:08.061] Bot25 executed MOVE_FORWARD
[14:36:08.061] Starting turn for Bot21
[14:36:08.061] Bot21 rotated left to face WEST
[14:36:08.061] Bot21 executed ROTATE_LEFT
[14:36:08.061] Bot21 moved forward to (8,7)
[14:36:08.061] Bot21 executed MOVE_FORWARD
[14:36:08.061] Starting turn for Bot25
[14:36:08.061] Bot25 rotated right to face SOUTH
[14:36:08.061] Bot25 executed ROTATE_RIGHT
[14:36:08.061] Starting turn for Bot21
[14:36:08.061] Bot21 rotated right to face NORTH
[14:36:08.061] Bot21 executed ROTATE_RIGHT
[14:36:08.061] Bot21 moved forward to (7,7)
[14:36:08.061] Bot21 executed MOVE_FORWARD
[14:36:08.061] Starting turn for Bot25
[14:36:08.061] Starting turn for Bot21
[14:36:08.061] Bot21 rotated left to face WEST
[14:36:08.061] Bot21 executed ROTATE_LEFT
[14:36:08.061] Bot21 moved forward to (7,6)
[14:36:08.061] Bot21 executed MOVE_FORWARD
[14:36:08.061] Starting turn for Bot25
[14:36:08.061] Bot25 rotated left to face EAST
[14:36:08.061] Bot25 executed ROTATE_LEFT
[14:36:08.061] Bot25 rotated left to face NORTH
[14:36:08.061] Bot25 executed ROTATE_LEFT
[14:36:08.061] Bot25 moved forward to (0,2)
[14:36:08.061] Bot25 executed MOVE_FORWARD
[14:36:08.061] Starting turn for Bot21
[14:36:08.061] Bot21 rotated right to face NORTH
[14:36:08.061] Bot21 executed ROTATE_RIGHT
[14:36:08.061] Bot21 moved forward to (6,6)
[14:36:08.061] Bot21 executed MOVE_FORWARD
[14:36:08.061] Starting turn for Bot25
[14:36:08.061] Bot25 rotated left to face WEST
[14:36:08.061] Bot25 executed ROTATE_LEFT
[14:36:08.061] Bot25 rotated left to face SOUTH
[14:36:08.061] Bot25 executed ROTATE_LEFT
[14:36:08.061] Bot25 moved forward to (1,2)
[14:36:08.061] Bot25 executed MOVE_FORWARD
[14:36:08.061] Starting turn for Bot21
[14:36:08.061] Bot21 rotated left to face WEST
[14:36:08.061] Bot21 executed ROTATE_LEFT
[14:36:08.061] Bot21 moved forward to (6,5)
[14:36:08.061] Bot21 executed MOVE_FORWARD
[14:36:08.061] Starting turn for Bot25
[14:36:08.061] Starting turn for Bot21
[14:36:08.061] Bot21 rotated right to face NORTH
[14:36:08.061] Bot21 executed ROTATE_RIGHT
[14:36:08.061] Bot21 moved forward to (5,5)
[14:36:08.061] Bot21 executed MOVE_FORWARD
[14:36:08.061] Starting turn for Bot25
[14:36:08.061] Starting turn for Bot21
[14:36:08.061] Starting turn for Bot25
[14:36:08.061] Bot25 rotated left to face EAST
[14:36:08.061] Bot25 executed ROTATE_LEFT
[14:36:08.061] Bot25 rotated left to face NORTH
[14:36:08.061] Bot25 executed ROTATE_LEFT
[14:36:08.061] Bot25 moved forward to (0,2)
[14:36:08.061] Bot25 executed MOVE_FORWARD
[14:36:08.061] Starting turn for Bot21
[14:36:08.061] Starting turn for Bot25
[14:36:08.061] Bot25 rotated left to face WEST
[14:36:08.061] Bot25 executed ROTATE_LEFT
[14:36:08.061] Bot25 rotated left to face SOUTH
[14:36:08.061] Bot25 executed ROTATE_LEFT
[14:36:08.061] Bot25 moved forward to (1,2)
[14:36:08.061] Bot25 executed MOVE_FORWARD
[14:36:08.061] Starting turn for Bot21
[14:36:08.061] Starting turn for Bot25
[14:36:08.061] Starting turn for Bot21
[14:36:08.061] Starting turn for Bot25
[14:36:08.061] Starting turn for Bot21
[14:36:08.061] Starting turn for Bot25
[14:36:08.061] Bot25 rotated left to face EAST
[14:36:08.061] Bot25 executed ROTATE_LEFT
[14:36:08.061] Bot25 rotated left to face NORTH
[14:36:08.061] Bot25 executed ROTATE_LEFT
[14:36:08.061] Bot25 moved forward to (0,2)
[14:36:08.061] Bot25 executed MOVE_FORWARD
[14:36:08.061] Starting turn for Bot21
[14:36:08.061] Starting turn for Bot25
[14:36:08.061] Bot25 rotated left to face WEST
[14:36:08.061] Bot25 executed ROTATE_LEFT
[14:36:08.061] Bot25 rotated left to face SOUTH
[14:36:08.061] Bot25 executed ROTATE_LEFT
[14:36:08.061] Bot25 moved forward to (1,2)
[14:36:08.061] Bot25 executed MOVE_FORWARD
[14:36:08.061] Starting turn for Bot21
[14:36:08.061] Starting turn for Bot25
[14:36:08.061] Starting turn for Bot21
[14:36:08.061] Starting turn for Bot25
[14:36:08.061] Starting turn for Bot21
[14:36:08.061] Starting turn for Bot25
[14:36:08.061] Bot25 rotated left to face EAST
[14:36:08.061] Bot25 executed ROTATE_LEFT
[14:36:08.061] Bot25 rotated left to face NORTH
[14:36:08.061] Bot25 executed ROTATE_LEFT
[14:36:08.061] Bot25 moved forward to (0,2)
[14:36:08.061] Bot25 executed MOVE_FORWARD
[14:36:08.061] Starting turn for Bot21
[14:36:08.061] Starting turn for Bot25
[14:36:08.061] Bot25 rotated left to face WEST
[14:36:08.061] Bot25 executed ROTATE_LEFT
[14:36:08.061] Bot25 rotated left to face SOUTH
[14:36:08.061] Bot25 executed ROTATE_LEFT
[14:36:08.061] Bot25 moved forward to (1,2)
[14:36:08.061] Bot25 executed MOVE_FORWARD
[14:36:08.061] Starting turn for Bot21
[14:36:08.061] Starting turn for Bot25
[14:36:08.061] Starting turn for Bot21
[14:36:08.061] Stalemate detected: State repeated 10 times, unchanged for 1 turns
[14:36:08.061] Game Over! Stalemate detected!
[14:36:08.061] Stalemate detected: State repeated 10 times, unchanged for 1 turns
