[14:36:16.204] === Game Started at 2025-02-04_14-36-16 ===
[14:36:16.204] Game initialized with 2 players
[14:36:16.204] Board size: 10
[14:36:16.204] Obstacle density: 0.05
[14:36:16.204] Max turns: 1000
[14:36:16.204] Player Bot37 starting at position (0,0) facing WEST
[14:36:16.204] Player Bot40 starting at position (9,9) facing EAST
[14:36:16.204] Obstacles at positions: (3,4) (5,2) (5,5) (6,6) (6,9)
[14:36:16.204] Starting turn for Bot37
[14:36:16.204] Bot37 rotated left to face SOUTH
[14:36:16.204] Bot37 executed ROTATE_LEFT
[14:36:16.204] Bot37 rotated left to face EAST
[14:36:16.204] Bot37 executed ROTATE_LEFT
[14:36:16.205] Bot37 moved forward to (0,1)
[14:36:16.205] Bot37 executed MOVE_FORWARD
[14:36:16.205] Starting turn for Bot40
[14:36:16.205] Bot40 rotated left to face NORTH
[14:36:16.205] Bot40 executed ROTATE_LEFT
[14:36:16.205] Bot40 rotated left to face WEST
[14:36:16.205] Bot40 executed ROTATE_LEFT
[14:36:16.205] Bot40 moved forward to (9,8)
[14:36:16.205] Bot40 executed MOVE_FORWARD
[14:36:16.205] Starting turn for Bot37
[14:36:16.205] Bot37 rotated right to face SOUTH
[14:36:16.205] Bot37 executed ROTATE_RIGHT
[14:36:16.205] Bot37 moved forward to (1,1)
[14:36:16.205] Bot37 executed MOVE_FORWARD
[14:36:16.205] Starting turn for Bot40
[14:36:16.205] Bot40 rotated right to face NORTH
[14:36:16.205] Bot40 executed ROTATE_RIGHT
[14:36:16.205] Bot40 moved forward to (8,8)
[14:36:16.205] Bot40 executed MOVE_FORWARD
[14:36:16.205] Starting turn for Bot37
[14:36:16.205] Bot37 rotated left to face EAST
[14:36:16.205] Bot37 executed ROTATE_LEFT
[14:36:16.205] Bot37 moved forward to (1,2)
[14:36:16.205] Bot37 executed MOVE_FORWARD
[14:36:16.205] Starting turn for Bot40
[14:36:16.205] Bot40 rotated left to face WEST
[14:36:16.205] Bot40 executed ROTATE_LEFT
[14:36:16.205] Bot40 moved forward to (8,7)
[14:36:16.205] Bot40 executed MOVE_FORWARD
[14:36:16.205] Starting turn for Bot37
[14:36:16.205] Bot37 rotated right to face SOUTH
[14:36:16.205] Bot37 executed ROTATE_RIGHT
[14:36:16.205] Bot37 moved forward to (2,2)
[14:36:16.205] Bot37 executed MOVE_FORWARD
[14:36:16.205] Starting turn for Bot40
[14:36:16.205] Bot40 rotated right to face NORTH
[14:36:16.205] Bot40 executed ROTATE_RIGHT
[14:36:16.205] Bot40 moved forward to (7,7)
[14:36:16.205] Bot40 executed MOVE_FORWARD
[14:36:16.205] Starting turn for Bot37
[14:36:16.205] Bot37 rotated left to face EAST
[14:36:16.205] Bot37 executed ROTATE_LEFT
[14:36:16.205] Bot37 moved forward to (2,3)
[14:36:16.205] Bot37 executed MOVE_FORWARD
[14:36:16.205] Starting turn for Bot40
[14:36:16.205] Bot40 rotated left to face WEST
[14:36:16.205] Bot40 executed ROTATE_LEFT
[14:36:16.205] Bot40 moved forward to (7,6)
[14:36:16.205] Bot40 executed MOVE_FORWARD
[14:36:16.205] Starting turn for Bot37
[14:36:16.205] Bot37 rotated right to face SOUTH
[14:36:16.205] Bot37 executed ROTATE_RIGHT
[14:36:16.205] Bot37 moved forward to (3,3)
[14:36:16.205] Bot37 executed MOVE_FORWARD
[14:36:16.205] Starting turn for Bot40
[14:36:16.205] Bot40 rotated right to face NORTH
[14:36:16.205] Bot40 executed ROTATE_RIGHT
[14:36:16.205] Starting turn for Bot37
[14:36:16.205] Bot37 rotated left to face EAST
[14:36:16.205] Bot37 executed ROTATE_LEFT
[14:36:16.205] Starting turn for Bot40
[14:36:16.205] Starting turn for Bot37
[14:36:16.205] Starting turn for Bot40
[14:36:16.205] Bot40 rotated right to face EAST
[14:36:16.205] Bot40 executed ROTATE_RIGHT
[14:36:16.205] Bot40 moved forward to (7,7)
[14:36:16.205] Bot40 executed MOVE_FORWARD
[14:36:16.205] Starting turn for Bot37
[14:36:16.205] Bot37 rotated left to face NORTH
[14:36:16.205] Bot37 executed ROTATE_LEFT
[14:36:16.205] Bot37 moved forward to (2,3)
[14:36:16.205] Bot37 executed MOVE_FORWARD
[14:36:16.205] Starting turn for Bot40
[14:36:16.205] Bot40 rotated left to face NORTH
[14:36:16.205] Bot40 executed ROTATE_LEFT
[14:36:16.205] Bot40 rotated left to face WEST
[14:36:16.205] Bot40 executed ROTATE_LEFT
[14:36:16.205] Bot40 moved forward to (7,6)
[14:36:16.205] Bot40 executed MOVE_FORWARD
[14:36:16.205] Starting turn for Bot37
[14:36:16.205] Bot37 rotated left to face WEST
[14:36:16.205] Bot37 executed ROTATE_LEFT
[14:36:16.205] Bot37 rotated left to face SOUTH
[14:36:16.205] Bot37 executed ROTATE_LEFT
[14:36:16.205] Bot37 moved forward to (3,3)
[14:36:16.205] Bot37 executed MOVE_FORWARD
[14:36:16.205] Starting turn for Bot40
[14:36:16.205] Bot40 rotated right to face NORTH
[14:36:16.205] Bot40 executed ROTATE_RIGHT
[14:36:16.205] Starting turn for Bot37
[14:36:16.205] Bot37 rotated left to face EAST
[14:36:16.205] Bot37 executed ROTATE_LEFT
[14:36:16.205] Starting turn for Bot40
[14:36:16.205] Starting turn for Bot37
[14:36:16.205] Starting turn for Bot40
[14:36:16.205] Bot40 rotated right to face EAST
[14:36:16.205] Bot40 executed ROTATE_RIGHT
[14:36:16.205] Bot40 moved forward to (7,7)
[14:36:16.205] Bot40 executed MOVE_FORWARD
[14:36:16.205] Starting turn for Bot37
[14:36:16.205] Bot37 rotated left to face NORTH
[14:36:16.205] Bot37 executed ROTATE_LEFT
[14:36:16.205] Bot37 moved forward to (2,3)
[14:36:16.205] Bot37 executed MOVE_FORWARD
[14:36:16.205] Starting turn for Bot40
[14:36:16.205] Bot40 rotated left to face NORTH
[14:36:16.205] Bot40 executed ROTATE_LEFT
[14:36:16.205] Bot40 rotated left to face WEST
[14:36:16.205] Bot40 executed ROTATE_LEFT
[14:36:16.205] Bot40 moved forward to (7,6)
[14:36:16.205] Bot40 executed MOVE_FORWARD
[14:36:16.205] Starting turn for Bot37
[14:36:16.205] Bot37 rotated left to face WEST
[14:36:16.205] Bot37 executed ROTATE_LEFT
[14:36:16.205] Bot37 rotated left to face SOUTH
[14:36:16.205] Bot37 executed ROTATE_LEFT
[14:36:16.205] Bot37 moved forward to (3,3)
[14:36:16.205] Bot37 executed MOVE_FORWARD
[14:36:16.205] Starting turn for Bot40
[14:36:16.205] Bot40 rotated right to face NORTH
[14:36:16.205] Bot40 executed ROTATE_RIGHT
[14:36:16.205] Starting turn for Bot37
[14:36:16.205] Bot37 rotated left to face EAST
[14:36:16.205] Bot37 executed ROTATE_LEFT
[14:36:16.205] Starting turn for Bot40
[14:36:16.205] Starting turn for Bot37
[14:36:16.205] Starting turn for Bot40
[14:36:16.205] Bot40 rotated right to face EAST
[14:36:16.205] Bot40 executed ROTATE_RIGHT
[14:36:16.205] Bot40 moved forward to (7,7)
[14:36:16.205] Bot40 executed MOVE_FORWARD
[14:36:16.205] Starting turn for Bot37
[14:36:16.205] Bot37 rotated left to face NORTH
[14:36:16.205] Bot37 executed ROTATE_LEFT
[14:36:16.205] Bot37 moved forward to (2,3)
[14:36:16.205] Bot37 executed MOVE_FORWARD
[14:36:16.205] Starting turn for Bot40
[14:36:16.205] Bot40 rotated left to face NORTH
[14:36:16.205] Bot40 executed ROTATE_LEFT
[14:36:16.205] Bot40 rotated left to face WEST
[14:36:16.205] Bot40 executed ROTATE_LEFT
[14:36:16.205] Bot40 moved forward to (7,6)
[14:36:16.205] Bot40 executed MOVE_FORWARD
[14:36:16.205] Starting turn for Bot37
[14:36:16.205] Bot37 rotated left to face WEST
[14:36:16.205] Bot37 executed ROTATE_LEFT
[14:36:16.205] Bot37 rotated left to face SOUTH
[14:36:16.205] Bot37 executed ROTATE_LEFT
[14:36:16.205] Bot37 moved forward to (3,3)
[14:36:16.205] Bot37 executed MOVE_FORWARD
[14:36:16.205] Starting turn for Bot40
[14:36:16.205] Bot40 rotated right to face NORTH
[14:36:16.205] Bot40 executed ROTATE_RIGHT
[14:36:16.205] Starting turn for Bot37
[14:36:16.205] Bot37 rotated left to face EAST
[14:36:16.205] Bot37 executed ROTATE_LEFT
[14:36:16.205] Starting turn for Bot40
[14:36:16.205] Starting turn for Bot37
[14:36:16.205] Starting turn for Bot40
[14:36:16.205] Stalemate detected: State repeated 10 times, unchanged for 1 turns
[14:36:16.205] Game Over! Stalemate detected!
[14:36:16.205] Stalemate detected: State repeated 10 times, unchanged for 1 turns
