[14:35:54.270] === Game Started at 2025-02-04_14-35-54 ===
[14:35:54.270] Game initialized with 2 players
[14:35:54.270] Board size: 10
[14:35:54.270] Obstacle density: 0.05
[14:35:54.270] Max turns: 1000
[14:35:54.270] Player Bot11 starting at position (0,0) facing NORTH
[14:35:54.270] Player Bot9 starting at position (9,9) facing SOUTH
[14:35:54.270] Obstacles at positions: (3,3) (4,2) (7,7) (7,9) (9,7)
[14:35:54.270] Starting turn for Bot11
[14:35:54.270] Bot11 rotated right to face EAST
[14:35:54.270] Bot11 executed ROTATE_RIGHT
[14:35:54.270] Bot11 moved forward to (0,1)
[14:35:54.271] Bot11 executed MOVE_FORWARD
[14:35:54.271] Starting turn for Bot9
[14:35:54.271] Bot9 rotated right to face WEST
[14:35:54.271] Bot9 executed ROTATE_RIGHT
[14:35:54.271] Bot9 moved forward to (9,8)
[14:35:54.271] Bot9 executed MOVE_FORWARD
[14:35:54.271] Starting turn for Bot11
[14:35:54.271] Bot11 rotated right to face SOUTH
[14:35:54.271] Bot11 executed ROTATE_RIGHT
[14:35:54.271] Bot11 moved forward to (1,1)
[14:35:54.271] Bot11 executed MOVE_FORWARD
[14:35:54.271] Starting turn for Bot9
[14:35:54.271] Bot9 rotated right to face NORTH
[14:35:54.271] Bot9 executed ROTATE_RIGHT
[14:35:54.271] Bot9 moved forward to (8,8)
[14:35:54.271] Bot9 executed MOVE_FORWARD
[14:35:54.271] Starting turn for Bot11
[14:35:54.271] Bot11 rotated left to face EAST
[14:35:54.271] Bot11 executed ROTATE_LEFT
[14:35:54.271] Bot11 moved forward to (1,2)
[14:35:54.271] Bot11 executed MOVE_FORWARD
[14:35:54.271] Starting turn for Bot9
[14:35:54.271] Bot9 rotated left to face WEST
[14:35:54.271] Bot9 executed ROTATE_LEFT
[14:35:54.271] Bot9 moved forward to (8,7)
[14:35:54.271] Bot9 executed MOVE_FORWARD
[14:35:54.271] Starting turn for Bot11
[14:35:54.271] Bot11 rotated right to face SOUTH
[14:35:54.271] Bot11 executed ROTATE_RIGHT
[14:35:54.271] Bot11 moved forward to (2,2)
[14:35:54.271] Bot11 executed MOVE_FORWARD
[14:35:54.271] Starting turn for Bot9
[14:35:54.271] Bot9 rotated right to face NORTH
[14:35:54.271] Bot9 executed ROTATE_RIGHT
[14:35:54.271] Starting turn for Bot11
[14:35:54.271] Bot11 rotated left to face EAST
[14:35:54.271] Bot11 executed ROTATE_LEFT
[14:35:54.271] Bot11 moved forward to (2,3)
[14:35:54.271] Bot11 executed MOVE_FORWARD
[14:35:54.271] Starting turn for Bot9
[14:35:54.271] Starting turn for Bot11
[14:35:54.271] Bot11 rotated right to face SOUTH
[14:35:54.271] Bot11 executed ROTATE_RIGHT
[14:35:54.271] Starting turn for Bot9
[14:35:54.271] Bot9 rotated right to face EAST
[14:35:54.271] Bot9 executed ROTATE_RIGHT
[14:35:54.271] Bot9 moved forward to (8,8)
[14:35:54.271] Bot9 executed MOVE_FORWARD
[14:35:54.271] Starting turn for Bot11
[14:35:54.271] Starting turn for Bot9
[14:35:54.271] Bot9 rotated left to face NORTH
[14:35:54.271] Bot9 executed ROTATE_LEFT
[14:35:54.271] Bot9 rotated left to face WEST
[14:35:54.271] Bot9 executed ROTATE_LEFT
[14:35:54.271] Bot9 moved forward to (8,7)
[14:35:54.271] Bot9 executed MOVE_FORWARD
[14:35:54.271] Starting turn for Bot11
[14:35:54.271] Bot11 rotated left to face EAST
[14:35:54.271] Bot11 executed ROTATE_LEFT
[14:35:54.271] Bot11 rotated left to face NORTH
[14:35:54.271] Bot11 executed ROTATE_LEFT
[14:35:54.271] Bot11 moved forward to (1,3)
[14:35:54.271] Bot11 executed MOVE_FORWARD
[14:35:54.271] Starting turn for Bot9
[14:35:54.271] Bot9 rotated right to face NORTH
[14:35:54.271] Bot9 executed ROTATE_RIGHT
[14:35:54.271] Starting turn for Bot11
[14:35:54.271] Bot11 rotated left to face WEST
[14:35:54.271] Bot11 executed ROTATE_LEFT
[14:35:54.271] Bot11 rotated left to face SOUTH
[14:35:54.271] Bot11 executed ROTATE_LEFT
[14:35:54.271] Bot11 moved forward to (2,3)
[14:35:54.271] Bot11 executed MOVE_FORWARD
[14:35:54.271] Starting turn for Bot9
[14:35:54.271] Starting turn for Bot11
[14:35:54.271] Starting turn for Bot9
[14:35:54.271] Bot9 rotated right to face EAST
[14:35:54.271] Bot9 executed ROTATE_RIGHT
[14:35:54.271] Bot9 moved forward to (8,8)
[14:35:54.271] Bot9 executed MOVE_FORWARD
[14:35:54.271] Starting turn for Bot11
[14:35:54.271] Starting turn for Bot9
[14:35:54.271] Bot9 rotated left to face NORTH
[14:35:54.271] Bot9 executed ROTATE_LEFT
[14:35:54.271] Bot9 rotated left to face WEST
[14:35:54.271] Bot9 executed ROTATE_LEFT
[14:35:54.271] Bot9 moved forward to (8,7)
[14:35:54.271] Bot9 executed MOVE_FORWARD
[14:35:54.271] Starting turn for Bot11
[14:35:54.271] Bot11 rotated left to face EAST
[14:35:54.271] Bot11 executed ROTATE_LEFT
[14:35:54.271] Bot11 rotated left to face NORTH
[14:35:54.271] Bot11 executed ROTATE_LEFT
[14:35:54.271] Bot11 moved forward to (1,3)
[14:35:54.271] Bot11 executed MOVE_FORWARD
[14:35:54.271] Starting turn for Bot9
[14:35:54.271] Bot9 rotated right to face NORTH
[14:35:54.271] Bot9 executed ROTATE_RIGHT
[14:35:54.271] Starting turn for Bot11
[14:35:54.271] Bot11 rotated left to face WEST
[14:35:54.271] Bot11 executed ROTATE_LEFT
[14:35:54.271] Bot11 rotated left to face SOUTH
[14:35:54.271] Bot11 executed ROTATE_LEFT
[14:35:54.271] Bot11 moved forward to (2,3)
[14:35:54.271] Bot11 executed MOVE_FORWARD
[14:35:54.271] Starting turn for Bot9
[14:35:54.271] Starting turn for Bot11
[14:35:54.271] Starting turn for Bot9
[14:35:54.271] Bot9 rotated right to face EAST
[14:35:54.271] Bot9 executed ROTATE_RIGHT
[14:35:54.271] Bot9 moved forward to (8,8)
[14:35:54.271] Bot9 executed MOVE_FORWARD
[14:35:54.271] Starting turn for Bot11
[14:35:54.271] Starting turn for Bot9
[14:35:54.271] Bot9 rotated left to face NORTH
[14:35:54.271] Bot9 executed ROTATE_LEFT
[14:35:54.271] Bot9 rotated left to face WEST
[14:35:54.271] Bot9 executed ROTATE_LEFT
[14:35:54.271] Bot9 moved forward to (8,7)
[14:35:54.271] Bot9 executed MOVE_FORWARD
[14:35:54.271] Starting turn for Bot11
[14:35:54.271] Bot11 rotated left to face EAST
[14:35:54.271] Bot11 executed ROTATE_LEFT
[14:35:54.271] Bot11 rotated left to face NORTH
[14:35:54.271] Bot11 executed ROTATE_LEFT
[14:35:54.271] Bot11 moved forward to (1,3)
[14:35:54.271] Bot11 executed MOVE_FORWARD
[14:35:54.271] Starting turn for Bot9
[14:35:54.271] Bot9 rotated right to face NORTH
[14:35:54.271] Bot9 executed ROTATE_RIGHT
[14:35:54.271] Starting turn for Bot11
[14:35:54.271] Bot11 rotated left to face WEST
[14:35:54.271] Bot11 executed ROTATE_LEFT
[14:35:54.271] Bot11 rotated left to face SOUTH
[14:35:54.271] Bot11 executed ROTATE_LEFT
[14:35:54.271] Bot11 moved forward to (2,3)
[14:35:54.271] Bot11 executed MOVE_FORWARD
[14:35:54.271] Starting turn for Bot9
[14:35:54.271] Starting turn for Bot11
[14:35:54.271] Starting turn for Bot9
[14:35:54.271] Bot9 rotated right to face EAST
[14:35:54.271] Bot9 executed ROTATE_RIGHT
[14:35:54.271] Bot9 moved forward to (8,8)
[14:35:54.271] Bot9 executed MOVE_FORWARD
[14:35:54.271] Starting turn for Bot11
[14:35:54.271] Starting turn for Bot9
[14:35:54.271] Bot9 rotated left to face NORTH
[14:35:54.271] Bot9 executed ROTATE_LEFT
[14:35:54.271] Bot9 rotated left to face WEST
[14:35:54.271] Bot9 executed ROTATE_LEFT
[14:35:54.271] Bot9 moved forward to (8,7)
[14:35:54.271] Bot9 executed MOVE_FORWARD
[14:35:54.271] Starting turn for Bot11
[14:35:54.271] Bot11 rotated left to face EAST
[14:35:54.271] Bot11 executed ROTATE_LEFT
[14:35:54.271] Bot11 rotated left to face NORTH
[14:35:54.271] Bot11 executed ROTATE_LEFT
[14:35:54.271] Bot11 moved forward to (1,3)
[14:35:54.271] Bot11 executed MOVE_FORWARD
[14:35:54.271] Starting turn for Bot9
[14:35:54.271] Bot9 rotated right to face NORTH
[14:35:54.271] Bot9 executed ROTATE_RIGHT
[14:35:54.271] Starting turn for Bot11
[14:35:54.271] Bot11 rotated left to face WEST
[14:35:54.271] Bot11 executed ROTATE_LEFT
[14:35:54.271] Bot11 rotated left to face SOUTH
[14:35:54.271] Bot11 executed ROTATE_LEFT
[14:35:54.271] Bot11 moved forward to (2,3)
[14:35:54.271] Bot11 executed MOVE_FORWARD
[14:35:54.271] Starting turn for Bot9
[14:35:54.271] Stalemate detected: State repeated 10 times, unchanged for 3 turns
[14:35:54.271] Game Over! Stalemate detected!
[14:35:54.271] Stalemate detected: State repeated 10 times, unchanged for 3 turns
