[14:36:09.349] === Game Started at 2025-02-04_14-36-09 ===
[14:36:09.349] Game initialized with 2 players
[14:36:09.349] Board size: 10
[14:36:09.349] Obstacle density: 0.05
[14:36:09.349] Max turns: 1000
[14:36:09.349] Player Bot22 starting at position (0,0) facing WEST
[14:36:09.349] Player Bot38 starting at position (9,9) facing NORTH
[14:36:09.349] Obstacles at positions: (1,2) (3,3) (6,9) (7,4) (8,7)
[14:36:09.349] Starting turn for Bot22
[14:36:09.349] Bot22 rotated left to face SOUTH
[14:36:09.349] Bot22 executed ROTATE_LEFT
[14:36:09.349] Bot22 rotated left to face EAST
[14:36:09.349] Bot22 executed ROTATE_LEFT
[14:36:09.349] Bot22 moved forward to (0,1)
[14:36:09.349] Bot22 executed MOVE_FORWARD
[14:36:09.349] Starting turn for Bot38
[14:36:09.349] Bot38 rotated left to face WEST
[14:36:09.349] Bot38 executed ROTATE_LEFT
[14:36:09.349] Bot38 moved forward to (9,8)
[14:36:09.349] Bot38 executed MOVE_FORWARD
[14:36:09.349] Starting turn for Bot22
[14:36:09.349] Bot22 rotated right to face SOUTH
[14:36:09.349] Bot22 executed ROTATE_RIGHT
[14:36:09.349] Bot22 moved forward to (1,1)
[14:36:09.349] Bot22 executed MOVE_FORWARD
[14:36:09.349] Starting turn for Bot38
[14:36:09.349] Bot38 rotated right to face NORTH
[14:36:09.349] Bot38 executed ROTATE_RIGHT
[14:36:09.349] Bot38 moved forward to (8,8)
[14:36:09.349] Bot38 executed MOVE_FORWARD
[14:36:09.349] Starting turn for Bot22
[14:36:09.349] Bot22 rotated left to face EAST
[14:36:09.349] Bot22 executed ROTATE_LEFT
[14:36:09.349] Starting turn for Bot38
[14:36:09.349] Bot38 rotated left to face WEST
[14:36:09.349] Bot38 executed ROTATE_LEFT
[14:36:09.349] Starting turn for Bot22
[14:36:09.349] Starting turn for Bot38
[14:36:09.349] Starting turn for Bot22
[14:36:09.349] Bot22 rotated left to face NORTH
[14:36:09.349] Bot22 executed ROTATE_LEFT
[14:36:09.349] Bot22 moved forward to (0,1)
[14:36:09.349] Bot22 executed MOVE_FORWARD
[14:36:09.349] Starting turn for Bot38
[14:36:09.349] Bot38 rotated right to face NORTH
[14:36:09.349] Bot38 executed ROTATE_RIGHT
[14:36:09.349] Bot38 moved forward to (7,8)
[14:36:09.349] Bot38 executed MOVE_FORWARD
[14:36:09.349] Starting turn for Bot22
[14:36:09.349] Bot22 rotated left to face WEST
[14:36:09.349] Bot22 executed ROTATE_LEFT
[14:36:09.349] Bot22 rotated left to face SOUTH
[14:36:09.349] Bot22 executed ROTATE_LEFT
[14:36:09.349] Bot22 moved forward to (1,1)
[14:36:09.349] Bot22 executed MOVE_FORWARD
[14:36:09.349] Starting turn for Bot38
[14:36:09.349] Bot38 rotated left to face WEST
[14:36:09.349] Bot38 executed ROTATE_LEFT
[14:36:09.349] Bot38 moved forward to (7,7)
[14:36:09.349] Bot38 executed MOVE_FORWARD
[14:36:09.349] Starting turn for Bot22
[14:36:09.349] Bot22 rotated left to face EAST
[14:36:09.349] Bot22 executed ROTATE_LEFT
[14:36:09.349] Starting turn for Bot38
[14:36:09.349] Bot38 moved forward to (7,6)
[14:36:09.349] Bot38 executed MOVE_FORWARD
[14:36:09.349] Starting turn for Bot22
[14:36:09.349] Starting turn for Bot38
[14:36:09.349] Bot38 rotated right to face NORTH
[14:36:09.349] Bot38 executed ROTATE_RIGHT
[14:36:09.349] Bot38 moved forward to (6,6)
[14:36:09.349] Bot38 executed MOVE_FORWARD
[14:36:09.349] Starting turn for Bot22
[14:36:09.349] Bot22 rotated left to face NORTH
[14:36:09.349] Bot22 executed ROTATE_LEFT
[14:36:09.349] Bot22 moved forward to (0,1)
[14:36:09.349] Bot22 executed MOVE_FORWARD
[14:36:09.349] Starting turn for Bot38
[14:36:09.349] Bot38 rotated left to face WEST
[14:36:09.349] Bot38 executed ROTATE_LEFT
[14:36:09.349] Bot38 moved forward to (6,5)
[14:36:09.349] Bot38 executed MOVE_FORWARD
[14:36:09.349] Starting turn for Bot22
[14:36:09.349] Bot22 rotated left to face WEST
[14:36:09.349] Bot22 executed ROTATE_LEFT
[14:36:09.349] Bot22 rotated left to face SOUTH
[14:36:09.349] Bot22 executed ROTATE_LEFT
[14:36:09.349] Bot22 moved forward to (1,1)
[14:36:09.349] Bot22 executed MOVE_FORWARD
[14:36:09.349] Starting turn for Bot38
[14:36:09.349] Bot38 rotated right to face NORTH
[14:36:09.349] Bot38 executed ROTATE_RIGHT
[14:36:09.350] Bot38 moved forward to (5,5)
[14:36:09.350] Bot38 executed MOVE_FORWARD
[14:36:09.350] Starting turn for Bot22
[14:36:09.350] Bot22 rotated left to face EAST
[14:36:09.350] Bot22 executed ROTATE_LEFT
[14:36:09.350] Starting turn for Bot38
[14:36:09.350] Starting turn for Bot22
[14:36:09.350] Starting turn for Bot38
[14:36:09.350] Starting turn for Bot22
[14:36:09.350] Bot22 rotated left to face NORTH
[14:36:09.350] Bot22 executed ROTATE_LEFT
[14:36:09.350] Bot22 moved forward to (0,1)
[14:36:09.350] Bot22 executed MOVE_FORWARD
[14:36:09.350] Starting turn for Bot38
[14:36:09.350] Starting turn for Bot22
[14:36:09.350] Bot22 rotated left to face WEST
[14:36:09.350] Bot22 executed ROTATE_LEFT
[14:36:09.350] Bot22 rotated left to face SOUTH
[14:36:09.350] Bot22 executed ROTATE_LEFT
[14:36:09.350] Bot22 moved forward to (1,1)
[14:36:09.350] Bot22 executed MOVE_FORWARD
[14:36:09.350] Starting turn for Bot38
[14:36:09.350] Starting turn for Bot22
[14:36:09.350] Bot22 rotated left to face EAST
[14:36:09.350] Bot22 executed ROTATE_LEFT
[14:36:09.350] Starting turn for Bot38
[14:36:09.350] Starting turn for Bot22
[14:36:09.350] Starting turn for Bot38
[14:36:09.350] Starting turn for Bot22
[14:36:09.350] Bot22 rotated left to face NORTH
[14:36:09.350] Bot22 executed ROTATE_LEFT
[14:36:09.350] Bot22 moved forward to (0,1)
[14:36:09.350] Bot22 executed MOVE_FORWARD
[14:36:09.350] Starting turn for Bot38
[14:36:09.350] Starting turn for Bot22
[14:36:09.350] Bot22 rotated left to face WEST
[14:36:09.350] Bot22 executed ROTATE_LEFT
[14:36:09.350] Bot22 rotated left to face SOUTH
[14:36:09.350] Bot22 executed ROTATE_LEFT
[14:36:09.350] Bot22 moved forward to (1,1)
[14:36:09.350] Bot22 executed MOVE_FORWARD
[14:36:09.350] Starting turn for Bot38
[14:36:09.350] Starting turn for Bot22
[14:36:09.350] Bot22 rotated left to face EAST
[14:36:09.350] Bot22 executed ROTATE_LEFT
[14:36:09.350] Starting turn for Bot38
[14:36:09.350] Starting turn for Bot22
[14:36:09.350] Starting turn for Bot38
[14:36:09.350] Stalemate detected: State repeated 10 times, unchanged for 3 turns
[14:36:09.350] Game Over! Stalemate detected!
[14:36:09.350] Stalemate detected: State repeated 10 times, unchanged for 3 turns
