[14:35:48.595] === Game Started at 2025-02-04_14-35-48 ===
[14:35:48.595] Game initialized with 2 players
[14:35:48.595] Board size: 10
[14:35:48.595] Obstacle density: 0.05
[14:35:48.595] Max turns: 1000
[14:35:48.595] Player Bot5 starting at position (0,0) facing NORTH
[14:35:48.595] Player Bot31 starting at position (9,9) facing NORTH
[14:35:48.595] Obstacles at positions: (2,2) (5,1) (5,2) (5,5) (5,6)
[14:35:48.595] Starting turn for Bot5
[14:35:48.595] Bot5 rotated right to face EAST
[14:35:48.595] Bot5 executed ROTATE_RIGHT
[14:35:48.595] Bot5 moved forward to (0,1)
[14:35:48.596] Bot5 executed MOVE_FORWARD
[14:35:48.596] Starting turn for Bot31
[14:35:48.596] Bot31 rotated left to face WEST
[14:35:48.596] Bot31 executed ROTATE_LEFT
[14:35:48.596] Bot31 moved forward to (9,8)
[14:35:48.596] Bot31 executed MOVE_FORWARD
[14:35:48.596] Starting turn for Bot5
[14:35:48.596] Bot5 rotated right to face SOUTH
[14:35:48.596] Bot5 executed ROTATE_RIGHT
[14:35:48.596] Bot5 moved forward to (1,1)
[14:35:48.596] Bot5 executed MOVE_FORWARD
[14:35:48.596] Starting turn for Bot31
[14:35:48.596] Bot31 rotated right to face NORTH
[14:35:48.596] Bot31 executed ROTATE_RIGHT
[14:35:48.596] Bot31 moved forward to (8,8)
[14:35:48.596] Bot31 executed MOVE_FORWARD
[14:35:48.596] Starting turn for Bot5
[14:35:48.596] Bot5 rotated left to face EAST
[14:35:48.596] Bot5 executed ROTATE_LEFT
[14:35:48.596] Bot5 moved forward to (1,2)
[14:35:48.596] Bot5 executed MOVE_FORWARD
[14:35:48.596] Starting turn for Bot31
[14:35:48.596] Bot31 rotated left to face WEST
[14:35:48.596] Bot31 executed ROTATE_LEFT
[14:35:48.596] Bot31 moved forward to (8,7)
[14:35:48.596] Bot31 executed MOVE_FORWARD
[14:35:48.596] Starting turn for Bot5
[14:35:48.596] Bot5 rotated right to face SOUTH
[14:35:48.596] Bot5 executed ROTATE_RIGHT
[14:35:48.596] Starting turn for Bot31
[14:35:48.596] Bot31 rotated right to face NORTH
[14:35:48.596] Bot31 executed ROTATE_RIGHT
[14:35:48.596] Bot31 moved forward to (7,7)
[14:35:48.596] Bot31 executed MOVE_FORWARD
[14:35:48.596] Starting turn for Bot5
[14:35:48.596] Starting turn for Bot31
[14:35:48.596] Bot31 rotated left to face WEST
[14:35:48.596] Bot31 executed ROTATE_LEFT
[14:35:48.596] Bot31 moved forward to (7,6)
[14:35:48.596] Bot31 executed MOVE_FORWARD
[14:35:48.596] Starting turn for Bot5
[14:35:48.596] Bot5 rotated left to face EAST
[14:35:48.596] Bot5 executed ROTATE_LEFT
[14:35:48.596] Bot5 rotated left to face NORTH
[14:35:48.596] Bot5 executed ROTATE_LEFT
[14:35:48.596] Bot5 moved forward to (0,2)
[14:35:48.596] Bot5 executed MOVE_FORWARD
[14:35:48.596] Starting turn for Bot31
[14:35:48.596] Bot31 rotated right to face NORTH
[14:35:48.596] Bot31 executed ROTATE_RIGHT
[14:35:48.596] Bot31 moved forward to (6,6)
[14:35:48.596] Bot31 executed MOVE_FORWARD
[14:35:48.596] Starting turn for Bot5
[14:35:48.596] Bot5 rotated left to face WEST
[14:35:48.596] Bot5 executed ROTATE_LEFT
[14:35:48.596] Bot5 rotated left to face SOUTH
[14:35:48.596] Bot5 executed ROTATE_LEFT
[14:35:48.596] Bot5 moved forward to (1,2)
[14:35:48.596] Bot5 executed MOVE_FORWARD
[14:35:48.596] Starting turn for Bot31
[14:35:48.596] Bot31 rotated left to face WEST
[14:35:48.596] Bot31 executed ROTATE_LEFT
[14:35:48.596] Bot31 moved forward to (6,5)
[14:35:48.596] Bot31 executed MOVE_FORWARD
[14:35:48.596] Starting turn for Bot5
[14:35:48.596] Starting turn for Bot31
[14:35:48.596] Bot31 rotated right to face NORTH
[14:35:48.596] Bot31 executed ROTATE_RIGHT
[14:35:48.596] Starting turn for Bot5
[14:35:48.596] Starting turn for Bot31
[14:35:48.596] Starting turn for Bot5
[14:35:48.596] Bot5 rotated left to face EAST
[14:35:48.596] Bot5 executed ROTATE_LEFT
[14:35:48.596] Bot5 rotated left to face NORTH
[14:35:48.596] Bot5 executed ROTATE_LEFT
[14:35:48.596] Bot5 moved forward to (0,2)
[14:35:48.596] Bot5 executed MOVE_FORWARD
[14:35:48.596] Starting turn for Bot31
[14:35:48.596] Bot31 rotated right to face EAST
[14:35:48.596] Bot31 executed ROTATE_RIGHT
[14:35:48.596] Bot31 moved forward to (6,6)
[14:35:48.596] Bot31 executed MOVE_FORWARD
[14:35:48.596] Starting turn for Bot5
[14:35:48.596] Bot5 rotated left to face WEST
[14:35:48.596] Bot5 executed ROTATE_LEFT
[14:35:48.596] Bot5 rotated left to face SOUTH
[14:35:48.596] Bot5 executed ROTATE_LEFT
[14:35:48.596] Bot5 moved forward to (1,2)
[14:35:48.596] Bot5 executed MOVE_FORWARD
[14:35:48.596] Starting turn for Bot31
[14:35:48.596] Bot31 rotated left to face NORTH
[14:35:48.596] Bot31 executed ROTATE_LEFT
[14:35:48.596] Bot31 rotated left to face WEST
[14:35:48.596] Bot31 executed ROTATE_LEFT
[14:35:48.596] Bot31 moved forward to (6,5)
[14:35:48.596] Bot31 executed MOVE_FORWARD
[14:35:48.596] Starting turn for Bot5
[14:35:48.596] Starting turn for Bot31
[14:35:48.596] Bot31 rotated right to face NORTH
[14:35:48.596] Bot31 executed ROTATE_RIGHT
[14:35:48.596] Starting turn for Bot5
[14:35:48.596] Starting turn for Bot31
[14:35:48.596] Starting turn for Bot5
[14:35:48.596] Bot5 rotated left to face EAST
[14:35:48.596] Bot5 executed ROTATE_LEFT
[14:35:48.596] Bot5 rotated left to face NORTH
[14:35:48.596] Bot5 executed ROTATE_LEFT
[14:35:48.596] Bot5 moved forward to (0,2)
[14:35:48.596] Bot5 executed MOVE_FORWARD
[14:35:48.596] Starting turn for Bot31
[14:35:48.596] Bot31 rotated right to face EAST
[14:35:48.596] Bot31 executed ROTATE_RIGHT
[14:35:48.596] Bot31 moved forward to (6,6)
[14:35:48.596] Bot31 executed MOVE_FORWARD
[14:35:48.596] Starting turn for Bot5
[14:35:48.596] Bot5 rotated left to face WEST
[14:35:48.596] Bot5 executed ROTATE_LEFT
[14:35:48.596] Bot5 rotated left to face SOUTH
[14:35:48.596] Bot5 executed ROTATE_LEFT
[14:35:48.596] Bot5 moved forward to (1,2)
[14:35:48.596] Bot5 executed MOVE_FORWARD
[14:35:48.596] Starting turn for Bot31
[14:35:48.596] Bot31 rotated left to face NORTH
[14:35:48.596] Bot31 executed ROTATE_LEFT
[14:35:48.596] Bot31 rotated left to face WEST
[14:35:48.596] Bot31 executed ROTATE_LEFT
[14:35:48.596] Bot31 moved forward to (6,5)
[14:35:48.596] Bot31 executed MOVE_FORWARD
[14:35:48.596] Starting turn for Bot5
[14:35:48.596] Starting turn for Bot31
[14:35:48.596] Bot31 rotated right to face NORTH
[14:35:48.596] Bot31 executed ROTATE_RIGHT
[14:35:48.596] Starting turn for Bot5
[14:35:48.596] Starting turn for Bot31
[14:35:48.596] Starting turn for Bot5
[14:35:48.596] Bot5 rotated left to face EAST
[14:35:48.596] Bot5 executed ROTATE_LEFT
[14:35:48.596] Bot5 rotated left to face NORTH
[14:35:48.596] Bot5 executed ROTATE_LEFT
[14:35:48.596] Bot5 moved forward to (0,2)
[14:35:48.596] Bot5 executed MOVE_FORWARD
[14:35:48.596] Starting turn for Bot31
[14:35:48.596] Bot31 rotated right to face EAST
[14:35:48.596] Bot31 executed ROTATE_RIGHT
[14:35:48.596] Bot31 moved forward to (6,6)
[14:35:48.596] Bot31 executed MOVE_FORWARD
[14:35:48.596] Starting turn for Bot5
[14:35:48.596] Bot5 rotated left to face WEST
[14:35:48.596] Bot5 executed ROTATE_LEFT
[14:35:48.596] Bot5 rotated left to face SOUTH
[14:35:48.596] Bot5 executed ROTATE_LEFT
[14:35:48.596] Bot5 moved forward to (1,2)
[14:35:48.596] Bot5 executed MOVE_FORWARD
[14:35:48.596] Starting turn for Bot31
[14:35:48.596] Bot31 rotated left to face NORTH
[14:35:48.596] Bot31 executed ROTATE_LEFT
[14:35:48.596] Bot31 rotated left to face WEST
[14:35:48.596] Bot31 executed ROTATE_LEFT
[14:35:48.596] Bot31 moved forward to (6,5)
[14:35:48.596] Bot31 executed MOVE_FORWARD
[14:35:48.596] Starting turn for Bot5
[14:35:48.596] Starting turn for Bot31
[14:35:48.596] Bot31 rotated right to face NORTH
[14:35:48.596] Bot31 executed ROTATE_RIGHT
[14:35:48.596] Starting turn for Bot5
[14:35:48.596] Stalemate detected: State repeated 10 times, unchanged for 3 turns
[14:35:48.596] Game Over! Stalemate detected!
[14:35:48.596] Stalemate detected: State repeated 10 times, unchanged for 3 turns
