[14:35:49.131] === Game Started at 2025-02-04_14-35-49 ===
[14:35:49.131] Game initialized with 2 players
[14:35:49.131] Board size: 10
[14:35:49.131] Obstacle density: 0.05
[14:35:49.131] Max turns: 1000
[14:35:49.131] Player Bot6 starting at position (0,0) facing EAST
[14:35:49.131] Player Bot9 starting at position (9,9) facing SOUTH
[14:35:49.131] Obstacles at positions: (0,3) (2,5) (4,4) (8,2) (8,6)
[14:35:49.131] Starting turn for Bot6
[14:35:49.131] Bot6 moved forward to (0,1)
[14:35:49.131] Bot6 executed MOVE_FORWARD
[14:35:49.131] Starting turn for Bot9
[14:35:49.131] Bot9 rotated right to face WEST
[14:35:49.131] Bot9 executed ROTATE_RIGHT
[14:35:49.131] Bot9 moved forward to (9,8)
[14:35:49.131] Bot9 executed MOVE_FORWARD
[14:35:49.131] Starting turn for Bot6
[14:35:49.131] Bot6 rotated right to face SOUTH
[14:35:49.131] Bot6 executed ROTATE_RIGHT
[14:35:49.131] Bot6 moved forward to (1,1)
[14:35:49.131] Bot6 executed MOVE_FORWARD
[14:35:49.131] Starting turn for Bot9
[14:35:49.131] Bot9 rotated right to face NORTH
[14:35:49.131] Bot9 executed ROTATE_RIGHT
[14:35:49.131] Bot9 moved forward to (8,8)
[14:35:49.131] Bot9 executed MOVE_FORWARD
[14:35:49.131] Starting turn for Bot6
[14:35:49.131] Bot6 rotated left to face EAST
[14:35:49.131] Bot6 executed ROTATE_LEFT
[14:35:49.131] Bot6 moved forward to (1,2)
[14:35:49.131] Bot6 executed MOVE_FORWARD
[14:35:49.131] Starting turn for Bot9
[14:35:49.131] Bot9 rotated left to face WEST
[14:35:49.131] Bot9 executed ROTATE_LEFT
[14:35:49.131] Bot9 moved forward to (8,7)
[14:35:49.131] Bot9 executed MOVE_FORWARD
[14:35:49.131] Starting turn for Bot6
[14:35:49.131] Bot6 rotated right to face SOUTH
[14:35:49.131] Bot6 executed ROTATE_RIGHT
[14:35:49.131] Bot6 moved forward to (2,2)
[14:35:49.131] Bot6 executed MOVE_FORWARD
[14:35:49.131] Starting turn for Bot9
[14:35:49.131] Bot9 rotated right to face NORTH
[14:35:49.131] Bot9 executed ROTATE_RIGHT
[14:35:49.131] Bot9 moved forward to (7,7)
[14:35:49.131] Bot9 executed MOVE_FORWARD
[14:35:49.131] Starting turn for Bot6
[14:35:49.131] Bot6 rotated left to face EAST
[14:35:49.131] Bot6 executed ROTATE_LEFT
[14:35:49.131] Bot6 moved forward to (2,3)
[14:35:49.131] Bot6 executed MOVE_FORWARD
[14:35:49.131] Starting turn for Bot9
[14:35:49.131] Bot9 rotated left to face WEST
[14:35:49.131] Bot9 executed ROTATE_LEFT
[14:35:49.131] Bot9 moved forward to (7,6)
[14:35:49.131] Bot9 executed MOVE_FORWARD
[14:35:49.131] Starting turn for Bot6
[14:35:49.131] Bot6 rotated right to face SOUTH
[14:35:49.131] Bot6 executed ROTATE_RIGHT
[14:35:49.131] Bot6 moved forward to (3,3)
[14:35:49.131] Bot6 executed MOVE_FORWARD
[14:35:49.131] Starting turn for Bot9
[14:35:49.131] Bot9 rotated right to face NORTH
[14:35:49.131] Bot9 executed ROTATE_RIGHT
[14:35:49.131] Bot9 moved forward to (6,6)
[14:35:49.131] Bot9 executed MOVE_FORWARD
[14:35:49.131] Starting turn for Bot6
[14:35:49.131] Bot6 rotated left to face EAST
[14:35:49.131] Bot6 executed ROTATE_LEFT
[14:35:49.131] Bot6 moved forward to (3,4)
[14:35:49.131] Bot6 executed MOVE_FORWARD
[14:35:49.131] Starting turn for Bot9
[14:35:49.131] Bot9 rotated left to face WEST
[14:35:49.131] Bot9 executed ROTATE_LEFT
[14:35:49.131] Bot9 moved forward to (6,5)
[14:35:49.131] Bot9 executed MOVE_FORWARD
[14:35:49.131] Starting turn for Bot6
[14:35:49.131] Bot6 rotated right to face SOUTH
[14:35:49.131] Bot6 executed ROTATE_RIGHT
[14:35:49.131] Starting turn for Bot9
[14:35:49.131] Bot9 rotated right to face NORTH
[14:35:49.131] Bot9 executed ROTATE_RIGHT
[14:35:49.131] Bot9 moved forward to (5,5)
[14:35:49.131] Bot9 executed MOVE_FORWARD
[14:35:49.131] Starting turn for Bot6
[14:35:49.131] Starting turn for Bot9
[14:35:49.131] Starting turn for Bot6
[14:35:49.131] Bot6 rotated left to face EAST
[14:35:49.131] Bot6 executed ROTATE_LEFT
[14:35:49.131] Bot6 rotated left to face NORTH
[14:35:49.131] Bot6 executed ROTATE_LEFT
[14:35:49.131] Bot6 moved forward to (2,4)
[14:35:49.131] Bot6 executed MOVE_FORWARD
[14:35:49.131] Starting turn for Bot9
[14:35:49.131] Starting turn for Bot6
[14:35:49.131] Bot6 rotated left to face WEST
[14:35:49.131] Bot6 executed ROTATE_LEFT
[14:35:49.131] Bot6 rotated left to face SOUTH
[14:35:49.131] Bot6 executed ROTATE_LEFT
[14:35:49.131] Bot6 moved forward to (3,4)
[14:35:49.131] Bot6 executed MOVE_FORWARD
[14:35:49.131] Starting turn for Bot9
[14:35:49.131] Starting turn for Bot6
[14:35:49.131] Starting turn for Bot9
[14:35:49.131] Starting turn for Bot6
[14:35:49.131] Starting turn for Bot9
[14:35:49.131] Starting turn for Bot6
[14:35:49.131] Bot6 rotated left to face EAST
[14:35:49.131] Bot6 executed ROTATE_LEFT
[14:35:49.131] Bot6 rotated left to face NORTH
[14:35:49.131] Bot6 executed ROTATE_LEFT
[14:35:49.131] Bot6 moved forward to (2,4)
[14:35:49.131] Bot6 executed MOVE_FORWARD
[14:35:49.131] Starting turn for Bot9
[14:35:49.132] Starting turn for Bot6
[14:35:49.132] Bot6 rotated left to face WEST
[14:35:49.132] Bot6 executed ROTATE_LEFT
[14:35:49.132] Bot6 rotated left to face SOUTH
[14:35:49.132] Bot6 executed ROTATE_LEFT
[14:35:49.132] Bot6 moved forward to (3,4)
[14:35:49.132] Bot6 executed MOVE_FORWARD
[14:35:49.132] Starting turn for Bot9
[14:35:49.132] Starting turn for Bot6
[14:35:49.132] Starting turn for Bot9
[14:35:49.132] Starting turn for Bot6
[14:35:49.132] Starting turn for Bot9
[14:35:49.132] Starting turn for Bot6
[14:35:49.132] Bot6 rotated left to face EAST
[14:35:49.132] Bot6 executed ROTATE_LEFT
[14:35:49.132] Bot6 rotated left to face NORTH
[14:35:49.132] Bot6 executed ROTATE_LEFT
[14:35:49.132] Bot6 moved forward to (2,4)
[14:35:49.132] Bot6 executed MOVE_FORWARD
[14:35:49.132] Starting turn for Bot9
[14:35:49.132] Starting turn for Bot6
[14:35:49.132] Bot6 rotated left to face WEST
[14:35:49.132] Bot6 executed ROTATE_LEFT
[14:35:49.132] Bot6 rotated left to face SOUTH
[14:35:49.132] Bot6 executed ROTATE_LEFT
[14:35:49.132] Bot6 moved forward to (3,4)
[14:35:49.132] Bot6 executed MOVE_FORWARD
[14:35:49.132] Starting turn for Bot9
[14:35:49.132] Starting turn for Bot6
[14:35:49.132] Starting turn for Bot9
[14:35:49.132] Stalemate detected: State repeated 10 times, unchanged for 1 turns
[14:35:49.132] Game Over! Stalemate detected!
[14:35:49.132] Stalemate detected: State repeated 10 times, unchanged for 1 turns
