[14:35:38.921] === Game Started at 2025-02-04_14-35-38 ===
[14:35:38.921] Game initialized with 2 players
[14:35:38.922] Board size: 10
[14:35:38.922] Obstacle density: 0.05
[14:35:38.922] Max turns: 1000
[14:35:38.922] Player Bot2 starting at position (0,0) facing WEST
[14:35:38.922] Player Bot1 starting at position (9,9) facing WEST
[14:35:38.922] Obstacles at positions: (2,3) (3,6) (7,6) (8,0) (8,6)
[14:35:38.922] Starting turn for Bot2
[14:35:38.922] Bot2 rotated left to face SOUTH
[14:35:38.922] Bot2 executed ROTATE_LEFT
[14:35:38.922] Bot2 rotated left to face EAST
[14:35:38.922] Bot2 executed ROTATE_LEFT
[14:35:38.922] Bot2 moved forward to (0,1)
[14:35:38.922] Bot2 executed MOVE_FORWARD
[14:35:38.922] Starting turn for Bot1
[14:35:38.922] Bot1 moved forward to (9,8)
[14:35:38.922] Bot1 executed MOVE_FORWARD
[14:35:38.922] Starting turn for Bot2
[14:35:38.922] Bot2 rotated right to face SOUTH
[14:35:38.922] Bot2 executed ROTATE_RIGHT
[14:35:38.922] Bot2 moved forward to (1,1)
[14:35:38.922] Bot2 executed MOVE_FORWARD
[14:35:38.922] Starting turn for Bot1
[14:35:38.922] Bot1 rotated right to face NORTH
[14:35:38.922] Bot1 executed ROTATE_RIGHT
[14:35:38.922] Bot1 moved forward to (8,8)
[14:35:38.922] Bot1 executed MOVE_FORWARD
[14:35:38.922] Starting turn for Bot2
[14:35:38.923] Bot2 rotated left to face EAST
[14:35:38.923] Bot2 executed ROTATE_LEFT
[14:35:38.923] Bot2 moved forward to (1,2)
[14:35:38.923] Bot2 executed MOVE_FORWARD
[14:35:38.923] Starting turn for Bot1
[14:35:38.923] Bot1 rotated left to face WEST
[14:35:38.923] Bot1 executed ROTATE_LEFT
[14:35:38.923] Bot1 moved forward to (8,7)
[14:35:38.923] Bot1 executed MOVE_FORWARD
[14:35:38.923] Starting turn for Bot2
[14:35:38.923] Bot2 rotated right to face SOUTH
[14:35:38.923] Bot2 executed ROTATE_RIGHT
[14:35:38.923] Bot2 moved forward to (2,2)
[14:35:38.923] Bot2 executed MOVE_FORWARD
[14:35:38.923] Starting turn for Bot1
[14:35:38.923] Bot1 rotated right to face NORTH
[14:35:38.923] Bot1 executed ROTATE_RIGHT
[14:35:38.923] Bot1 moved forward to (7,7)
[14:35:38.923] Bot1 executed MOVE_FORWARD
[14:35:38.923] Starting turn for Bot2
[14:35:38.923] Bot2 rotated left to face EAST
[14:35:38.923] Bot2 executed ROTATE_LEFT
[14:35:38.923] Starting turn for Bot1
[14:35:38.924] Bot1 rotated left to face WEST
[14:35:38.924] Bot1 executed ROTATE_LEFT
[14:35:38.924] Starting turn for Bot2
[14:35:38.924] Starting turn for Bot1
[14:35:38.924] Starting turn for Bot2
[14:35:38.924] Bot2 rotated left to face NORTH
[14:35:38.924] Bot2 executed ROTATE_LEFT
[14:35:38.924] Bot2 moved forward to (1,2)
[14:35:38.924] Bot2 executed MOVE_FORWARD
[14:35:38.924] Starting turn for Bot1
[14:35:38.924] Bot1 rotated right to face NORTH
[14:35:38.924] Bot1 executed ROTATE_RIGHT
[14:35:38.924] Bot1 moved forward to (6,7)
[14:35:38.924] Bot1 executed MOVE_FORWARD
[14:35:38.924] Starting turn for Bot2
[14:35:38.924] Bot2 rotated left to face WEST
[14:35:38.924] Bot2 executed ROTATE_LEFT
[14:35:38.924] Bot2 rotated left to face SOUTH
[14:35:38.924] Bot2 executed ROTATE_LEFT
[14:35:38.924] Bot2 moved forward to (2,2)
[14:35:38.924] Bot2 executed MOVE_FORWARD
[14:35:38.924] Starting turn for Bot1
[14:35:38.925] Bot1 rotated left to face WEST
[14:35:38.925] Bot1 executed ROTATE_LEFT
[14:35:38.925] Bot1 moved forward to (6,6)
[14:35:38.925] Bot1 executed MOVE_FORWARD
[14:35:38.925] Starting turn for Bot2
[14:35:38.925] Bot2 rotated left to face EAST
[14:35:38.925] Bot2 executed ROTATE_LEFT
[14:35:38.925] Starting turn for Bot1
[14:35:38.925] Bot1 moved forward to (6,5)
[14:35:38.925] Bot1 executed MOVE_FORWARD
[14:35:38.925] Starting turn for Bot2
[14:35:38.925] Starting turn for Bot1
[14:35:38.925] Bot1 rotated right to face NORTH
[14:35:38.925] Bot1 executed ROTATE_RIGHT
[14:35:38.925] Bot1 moved forward to (5,5)
[14:35:38.925] Bot1 executed MOVE_FORWARD
[14:35:38.925] Starting turn for Bot2
[14:35:38.925] Bot2 rotated left to face NORTH
[14:35:38.925] Bot2 executed ROTATE_LEFT
[14:35:38.925] Bot2 moved forward to (1,2)
[14:35:38.925] Bot2 executed MOVE_FORWARD
[14:35:38.925] Starting turn for Bot1
[14:35:38.925] Starting turn for Bot2
[14:35:38.925] Bot2 rotated left to face WEST
[14:35:38.925] Bot2 executed ROTATE_LEFT
[14:35:38.925] Bot2 rotated left to face SOUTH
[14:35:38.925] Bot2 executed ROTATE_LEFT
[14:35:38.925] Bot2 moved forward to (2,2)
[14:35:38.925] Bot2 executed MOVE_FORWARD
[14:35:38.925] Starting turn for Bot1
[14:35:38.925] Starting turn for Bot2
[14:35:38.925] Bot2 rotated left to face EAST
[14:35:38.925] Bot2 executed ROTATE_LEFT
[14:35:38.925] Starting turn for Bot1
[14:35:38.926] Starting turn for Bot2
[14:35:38.926] Starting turn for Bot1
[14:35:38.926] Starting turn for Bot2
[14:35:38.926] Bot2 rotated left to face NORTH
[14:35:38.926] Bot2 executed ROTATE_LEFT
[14:35:38.926] Bot2 moved forward to (1,2)
[14:35:38.926] Bot2 executed MOVE_FORWARD
[14:35:38.926] Starting turn for Bot1
[14:35:38.926] Starting turn for Bot2
[14:35:38.926] Bot2 rotated left to face WEST
[14:35:38.926] Bot2 executed ROTATE_LEFT
[14:35:38.926] Bot2 rotated left to face SOUTH
[14:35:38.926] Bot2 executed ROTATE_LEFT
[14:35:38.926] Bot2 moved forward to (2,2)
[14:35:38.926] Bot2 executed MOVE_FORWARD
[14:35:38.926] Starting turn for Bot1
[14:35:38.926] Starting turn for Bot2
[14:35:38.926] Bot2 rotated left to face EAST
[14:35:38.926] Bot2 executed ROTATE_LEFT
[14:35:38.926] Starting turn for Bot1
[14:35:38.926] Starting turn for Bot2
[14:35:38.926] Starting turn for Bot1
[14:35:38.926] Starting turn for Bot2
[14:35:38.926] Bot2 rotated left to face NORTH
[14:35:38.926] Bot2 executed ROTATE_LEFT
[14:35:38.926] Bot2 moved forward to (1,2)
[14:35:38.927] Bot2 executed MOVE_FORWARD
[14:35:38.927] Starting turn for Bot1
[14:35:38.927] Starting turn for Bot2
[14:35:38.927] Bot2 rotated left to face WEST
[14:35:38.927] Bot2 executed ROTATE_LEFT
[14:35:38.927] Bot2 rotated left to face SOUTH
[14:35:38.927] Bot2 executed ROTATE_LEFT
[14:35:38.927] Bot2 moved forward to (2,2)
[14:35:38.927] Bot2 executed MOVE_FORWARD
[14:35:38.927] Starting turn for Bot1
[14:35:38.927] Starting turn for Bot2
[14:35:38.927] Bot2 rotated left to face EAST
[14:35:38.927] Bot2 executed ROTATE_LEFT
[14:35:38.927] Starting turn for Bot1
[14:35:38.927] Stalemate detected: State repeated 10 times, unchanged for 1 turns
[14:35:38.927] Game Over! Stalemate detected!
[14:35:38.927] Stalemate detected: State repeated 10 times, unchanged for 1 turns
