[14:36:05.402] === Game Started at 2025-02-04_14-36-05 ===
[14:36:05.403] Game initialized with 2 players
[14:36:05.403] Board size: 10
[14:36:05.403] Obstacle density: 0.05
[14:36:05.403] Max turns: 1000
[14:36:05.403] Player Bot18 starting at position (0,0) facing EAST
[14:36:05.403] Player Bot24 starting at position (9,9) facing WEST
[14:36:05.403] Obstacles at positions: (1,1) (2,0) (2,1) (6,5) (7,1)
[14:36:05.403] Starting turn for Bot18
[14:36:05.403] Bot18 moved forward to (0,1)
[14:36:05.403] Bot18 executed MOVE_FORWARD
[14:36:05.403] Starting turn for Bot24
[14:36:05.403] Bot24 moved forward to (9,8)
[14:36:05.403] Bot24 executed MOVE_FORWARD
[14:36:05.403] Starting turn for Bot18
[14:36:05.403] Bot18 rotated right to face SOUTH
[14:36:05.403] Bot18 executed ROTATE_RIGHT
[14:36:05.403] Starting turn for Bot24
[14:36:05.403] Bot24 rotated right to face NORTH
[14:36:05.403] Bot24 executed ROTATE_RIGHT
[14:36:05.403] Bot24 moved forward to (8,8)
[14:36:05.403] Bot24 executed MOVE_FORWARD
[14:36:05.403] Starting turn for Bot18
[14:36:05.403] Starting turn for Bot24
[14:36:05.403] Bot24 rotated left to face WEST
[14:36:05.403] Bot24 executed ROTATE_LEFT
[14:36:05.403] Bot24 moved forward to (8,7)
[14:36:05.403] Bot24 executed MOVE_FORWARD
[14:36:05.403] Starting turn for Bot18
[14:36:05.403] Bot18 rotated left to face EAST
[14:36:05.403] Bot18 executed ROTATE_LEFT
[14:36:05.403] Bot18 moved forward to (0,2)
[14:36:05.403] Bot18 executed MOVE_FORWARD
[14:36:05.403] Starting turn for Bot24
[14:36:05.403] Bot24 rotated right to face NORTH
[14:36:05.403] Bot24 executed ROTATE_RIGHT
[14:36:05.403] Bot24 moved forward to (7,7)
[14:36:05.403] Bot24 executed MOVE_FORWARD
[14:36:05.403] Starting turn for Bot18
[14:36:05.403] Bot18 rotated right to face SOUTH
[14:36:05.403] Bot18 executed ROTATE_RIGHT
[14:36:05.403] Bot18 moved forward to (1,2)
[14:36:05.403] Bot18 executed MOVE_FORWARD
[14:36:05.403] Starting turn for Bot24
[14:36:05.403] Bot24 rotated left to face WEST
[14:36:05.403] Bot24 executed ROTATE_LEFT
[14:36:05.403] Bot24 moved forward to (7,6)
[14:36:05.403] Bot24 executed MOVE_FORWARD
[14:36:05.403] Starting turn for Bot18
[14:36:05.403] Bot18 moved forward to (2,2)
[14:36:05.403] Bot18 executed MOVE_FORWARD
[14:36:05.403] Starting turn for Bot24
[14:36:05.403] Bot24 rotated right to face NORTH
[14:36:05.403] Bot24 executed ROTATE_RIGHT
[14:36:05.403] Bot24 moved forward to (6,6)
[14:36:05.403] Bot24 executed MOVE_FORWARD
[14:36:05.403] Starting turn for Bot18
[14:36:05.403] Bot18 rotated left to face EAST
[14:36:05.403] Bot18 executed ROTATE_LEFT
[14:36:05.403] Bot18 moved forward to (2,3)
[14:36:05.403] Bot18 executed MOVE_FORWARD
[14:36:05.403] Starting turn for Bot24
[14:36:05.403] Bot24 rotated left to face WEST
[14:36:05.403] Bot24 executed ROTATE_LEFT
[14:36:05.403] Starting turn for Bot18
[14:36:05.403] Bot18 rotated right to face SOUTH
[14:36:05.403] Bot18 executed ROTATE_RIGHT
[14:36:05.403] Bot18 moved forward to (3,3)
[14:36:05.403] Bot18 executed MOVE_FORWARD
[14:36:05.403] Starting turn for Bot24
[14:36:05.403] Starting turn for Bot18
[14:36:05.403] Bot18 rotated left to face EAST
[14:36:05.403] Bot18 executed ROTATE_LEFT
[14:36:05.403] Bot18 moved forward to (3,4)
[14:36:05.403] Bot18 executed MOVE_FORWARD
[14:36:05.403] Starting turn for Bot24
[14:36:05.403] Bot24 rotated right to face NORTH
[14:36:05.403] Bot24 executed ROTATE_RIGHT
[14:36:05.403] Bot24 moved forward to (5,6)
[14:36:05.403] Bot24 executed MOVE_FORWARD
[14:36:05.403] Starting turn for Bot18
[14:36:05.403] Bot18 rotated right to face SOUTH
[14:36:05.403] Bot18 executed ROTATE_RIGHT
[14:36:05.403] Bot18 moved forward to (4,4)
[14:36:05.403] Bot18 executed MOVE_FORWARD
[14:36:05.403] Starting turn for Bot24
[14:36:05.403] Bot24 rotated left to face WEST
[14:36:05.403] Bot24 executed ROTATE_LEFT
[14:36:05.403] Bot24 moved forward to (5,5)
[14:36:05.403] Bot24 executed MOVE_FORWARD
[14:36:05.403] Starting turn for Bot18
[14:36:05.403] Bot18 rotated left to face EAST
[14:36:05.403] Bot18 executed ROTATE_LEFT
[14:36:05.403] Bot18 moved forward to (4,5)
[14:36:05.403] Bot18 executed MOVE_FORWARD
[14:36:05.403] Starting turn for Bot24
[14:36:05.403] Starting turn for Bot18
[14:36:05.403] Bot18 rotated right to face SOUTH
[14:36:05.403] Bot18 executed ROTATE_RIGHT
[14:36:05.403] Starting turn for Bot24
[14:36:05.403] Starting turn for Bot18
[14:36:05.403] Bot18 shooting in direction SOUTH
[14:36:05.403] Bot18 hit Bot24 for 25 damage (health: 100 -> 75)
[14:36:05.403] Bot18 executed SHOOT
[14:36:05.403] Starting turn for Bot24
[14:36:05.403] Starting turn for Bot18
[14:36:05.403] Bot18 shooting in direction SOUTH
[14:36:05.403] Bot18 hit Bot24 for 25 damage (health: 75 -> 50)
[14:36:05.403] Bot18 executed SHOOT
[14:36:05.403] Starting turn for Bot24
[14:36:05.403] Starting turn for Bot18
[14:36:05.403] Bot18 shooting in direction SOUTH
[14:36:05.403] Bot18 hit Bot24 for 25 damage (health: 50 -> 25)
[14:36:05.403] Bot18 executed SHOOT
[14:36:05.403] Starting turn for Bot24
[14:36:05.403] Starting turn for Bot18
[14:36:05.403] Bot18 shooting in direction SOUTH
[14:36:05.403] Bot18 hit Bot24 for 25 damage (health: 25 -> 0)
[14:36:05.403] Bot24 was destroyed!
[14:36:05.403] Bot18 is the last tank standing!
[14:36:05.403] Bot18 executed SHOOT
[14:36:05.403] Game Over! Bot18 wins!
[14:36:05.403] === Game Ended ===
