[14:36:09.237] === Game Started at 2025-02-04_14-36-09 ===
[14:36:09.237] Game initialized with 2 players
[14:36:09.237] Board size: 10
[14:36:09.237] Obstacle density: 0.05
[14:36:09.237] Max turns: 1000
[14:36:09.237] Player Bot36 starting at position (0,0) facing EAST
[14:36:09.237] Player Bot22 starting at position (9,9) facing SOUTH
[14:36:09.237] Obstacles at positions: (0,7) (1,9) (2,2) (8,2) (8,3)
[14:36:09.237] Starting turn for Bot36
[14:36:09.237] Bot36 moved forward to (0,1)
[14:36:09.237] Bot36 executed MOVE_FORWARD
[14:36:09.237] Starting turn for Bot22
[14:36:09.237] Bot22 rotated right to face WEST
[14:36:09.237] Bot22 executed ROTATE_RIGHT
[14:36:09.237] Bot22 moved forward to (9,8)
[14:36:09.237] Bot22 executed MOVE_FORWARD
[14:36:09.237] Starting turn for Bot36
[14:36:09.237] Bot36 rotated right to face SOUTH
[14:36:09.237] Bot36 executed ROTATE_RIGHT
[14:36:09.237] Bot36 moved forward to (1,1)
[14:36:09.237] Bot36 executed MOVE_FORWARD
[14:36:09.237] Starting turn for Bot22
[14:36:09.237] Bot22 rotated right to face NORTH
[14:36:09.237] Bot22 executed ROTATE_RIGHT
[14:36:09.237] Bot22 moved forward to (8,8)
[14:36:09.237] Bot22 executed MOVE_FORWARD
[14:36:09.237] Starting turn for Bot36
[14:36:09.237] Bot36 rotated left to face EAST
[14:36:09.237] Bot36 executed ROTATE_LEFT
[14:36:09.237] Bot36 moved forward to (1,2)
[14:36:09.237] Bot36 executed MOVE_FORWARD
[14:36:09.237] Starting turn for Bot22
[14:36:09.237] Bot22 rotated left to face WEST
[14:36:09.237] Bot22 executed ROTATE_LEFT
[14:36:09.237] Bot22 moved forward to (8,7)
[14:36:09.237] Bot22 executed MOVE_FORWARD
[14:36:09.237] Starting turn for Bot36
[14:36:09.237] Bot36 rotated right to face SOUTH
[14:36:09.237] Bot36 executed ROTATE_RIGHT
[14:36:09.237] Starting turn for Bot22
[14:36:09.237] Bot22 rotated right to face NORTH
[14:36:09.237] Bot22 executed ROTATE_RIGHT
[14:36:09.237] Bot22 moved forward to (7,7)
[14:36:09.237] Bot22 executed MOVE_FORWARD
[14:36:09.237] Starting turn for Bot36
[14:36:09.237] Starting turn for Bot22
[14:36:09.237] Bot22 rotated left to face WEST
[14:36:09.237] Bot22 executed ROTATE_LEFT
[14:36:09.237] Bot22 moved forward to (7,6)
[14:36:09.237] Bot22 executed MOVE_FORWARD
[14:36:09.237] Starting turn for Bot36
[14:36:09.237] Bot36 rotated left to face EAST
[14:36:09.237] Bot36 executed ROTATE_LEFT
[14:36:09.237] Bot36 rotated left to face NORTH
[14:36:09.237] Bot36 executed ROTATE_LEFT
[14:36:09.237] Bot36 moved forward to (0,2)
[14:36:09.237] Bot36 executed MOVE_FORWARD
[14:36:09.237] Starting turn for Bot22
[14:36:09.237] Bot22 rotated right to face NORTH
[14:36:09.237] Bot22 executed ROTATE_RIGHT
[14:36:09.237] Bot22 moved forward to (6,6)
[14:36:09.237] Bot22 executed MOVE_FORWARD
[14:36:09.237] Starting turn for Bot36
[14:36:09.237] Bot36 rotated left to face WEST
[14:36:09.237] Bot36 executed ROTATE_LEFT
[14:36:09.237] Bot36 rotated left to face SOUTH
[14:36:09.237] Bot36 executed ROTATE_LEFT
[14:36:09.237] Bot36 moved forward to (1,2)
[14:36:09.237] Bot36 executed MOVE_FORWARD
[14:36:09.237] Starting turn for Bot22
[14:36:09.237] Bot22 rotated left to face WEST
[14:36:09.237] Bot22 executed ROTATE_LEFT
[14:36:09.237] Bot22 moved forward to (6,5)
[14:36:09.237] Bot22 executed MOVE_FORWARD
[14:36:09.237] Starting turn for Bot36
[14:36:09.237] Starting turn for Bot22
[14:36:09.237] Bot22 rotated right to face NORTH
[14:36:09.237] Bot22 executed ROTATE_RIGHT
[14:36:09.237] Bot22 moved forward to (5,5)
[14:36:09.237] Bot22 executed MOVE_FORWARD
[14:36:09.237] Starting turn for Bot36
[14:36:09.237] Starting turn for Bot22
[14:36:09.237] Starting turn for Bot36
[14:36:09.237] Bot36 rotated left to face EAST
[14:36:09.237] Bot36 executed ROTATE_LEFT
[14:36:09.237] Bot36 rotated left to face NORTH
[14:36:09.237] Bot36 executed ROTATE_LEFT
[14:36:09.237] Bot36 moved forward to (0,2)
[14:36:09.237] Bot36 executed MOVE_FORWARD
[14:36:09.237] Starting turn for Bot22
[14:36:09.237] Starting turn for Bot36
[14:36:09.237] Bot36 rotated left to face WEST
[14:36:09.237] Bot36 executed ROTATE_LEFT
[14:36:09.237] Bot36 rotated left to face SOUTH
[14:36:09.237] Bot36 executed ROTATE_LEFT
[14:36:09.237] Bot36 moved forward to (1,2)
[14:36:09.237] Bot36 executed MOVE_FORWARD
[14:36:09.237] Starting turn for Bot22
[14:36:09.237] Starting turn for Bot36
[14:36:09.237] Starting turn for Bot22
[14:36:09.237] Starting turn for Bot36
[14:36:09.237] Starting turn for Bot22
[14:36:09.237] Starting turn for Bot36
[14:36:09.237] Bot36 rotated left to face EAST
[14:36:09.237] Bot36 executed ROTATE_LEFT
[14:36:09.237] Bot36 rotated left to face NORTH
[14:36:09.237] Bot36 executed ROTATE_LEFT
[14:36:09.237] Bot36 moved forward to (0,2)
[14:36:09.237] Bot36 executed MOVE_FORWARD
[14:36:09.237] Starting turn for Bot22
[14:36:09.237] Starting turn for Bot36
[14:36:09.237] Bot36 rotated left to face WEST
[14:36:09.237] Bot36 executed ROTATE_LEFT
[14:36:09.237] Bot36 rotated left to face SOUTH
[14:36:09.237] Bot36 executed ROTATE_LEFT
[14:36:09.237] Bot36 moved forward to (1,2)
[14:36:09.237] Bot36 executed MOVE_FORWARD
[14:36:09.237] Starting turn for Bot22
[14:36:09.237] Starting turn for Bot36
[14:36:09.237] Starting turn for Bot22
[14:36:09.237] Starting turn for Bot36
[14:36:09.237] Starting turn for Bot22
[14:36:09.237] Starting turn for Bot36
[14:36:09.237] Bot36 rotated left to face EAST
[14:36:09.237] Bot36 executed ROTATE_LEFT
[14:36:09.237] Bot36 rotated left to face NORTH
[14:36:09.237] Bot36 executed ROTATE_LEFT
[14:36:09.237] Bot36 moved forward to (0,2)
[14:36:09.237] Bot36 executed MOVE_FORWARD
[14:36:09.237] Starting turn for Bot22
[14:36:09.238] Starting turn for Bot36
[14:36:09.238] Bot36 rotated left to face WEST
[14:36:09.238] Bot36 executed ROTATE_LEFT
[14:36:09.238] Bot36 rotated left to face SOUTH
[14:36:09.238] Bot36 executed ROTATE_LEFT
[14:36:09.238] Bot36 moved forward to (1,2)
[14:36:09.238] Bot36 executed MOVE_FORWARD
[14:36:09.238] Starting turn for Bot22
[14:36:09.238] Starting turn for Bot36
[14:36:09.238] Starting turn for Bot22
[14:36:09.238] Stalemate detected: State repeated 10 times, unchanged for 1 turns
[14:36:09.238] Game Over! Stalemate detected!
[14:36:09.238] Stalemate detected: State repeated 10 times, unchanged for 1 turns
