[14:36:07.891] === Game Started at 2025-02-04_14-36-07 ===
[14:36:07.891] Game initialized with 2 players
[14:36:07.891] Board size: 10
[14:36:07.891] Obstacle density: 0.05
[14:36:07.891] Max turns: 1000
[14:36:07.891] Player Bot20 starting at position (0,0) facing EAST
[14:36:07.891] Player Bot38 starting at position (9,9) facing EAST
[14:36:07.891] Obstacles at positions: (1,0) (1,2) (4,5) (5,1) (7,3)
[14:36:07.891] Starting turn for Bot20
[14:36:07.891] Bot20 moved forward to (0,1)
[14:36:07.891] Bot20 executed MOVE_FORWARD
[14:36:07.891] Starting turn for Bot38
[14:36:07.891] Bot38 rotated left to face NORTH
[14:36:07.891] Bot38 executed ROTATE_LEFT
[14:36:07.891] Bot38 rotated left to face WEST
[14:36:07.891] Bot38 executed ROTATE_LEFT
[14:36:07.891] Bot38 moved forward to (9,8)
[14:36:07.891] Bot38 executed MOVE_FORWARD
[14:36:07.891] Starting turn for Bot20
[14:36:07.891] Bot20 rotated right to face SOUTH
[14:36:07.891] Bot20 executed ROTATE_RIGHT
[14:36:07.891] Bot20 moved forward to (1,1)
[14:36:07.891] Bot20 executed MOVE_FORWARD
[14:36:07.891] Starting turn for Bot38
[14:36:07.891] Bot38 rotated right to face NORTH
[14:36:07.891] Bot38 executed ROTATE_RIGHT
[14:36:07.891] Bot38 moved forward to (8,8)
[14:36:07.891] Bot38 executed MOVE_FORWARD
[14:36:07.891] Starting turn for Bot20
[14:36:07.891] Bot20 rotated left to face EAST
[14:36:07.891] Bot20 executed ROTATE_LEFT
[14:36:07.891] Starting turn for Bot38
[14:36:07.891] Bot38 rotated left to face WEST
[14:36:07.891] Bot38 executed ROTATE_LEFT
[14:36:07.891] Bot38 moved forward to (8,7)
[14:36:07.891] Bot38 executed MOVE_FORWARD
[14:36:07.891] Starting turn for Bot20
[14:36:07.891] Starting turn for Bot38
[14:36:07.891] Bot38 rotated right to face NORTH
[14:36:07.891] Bot38 executed ROTATE_RIGHT
[14:36:07.891] Bot38 moved forward to (7,7)
[14:36:07.891] Bot38 executed MOVE_FORWARD
[14:36:07.891] Starting turn for Bot20
[14:36:07.891] Bot20 rotated left to face NORTH
[14:36:07.891] Bot20 executed ROTATE_LEFT
[14:36:07.891] Bot20 moved forward to (0,1)
[14:36:07.891] Bot20 executed MOVE_FORWARD
[14:36:07.891] Starting turn for Bot38
[14:36:07.891] Bot38 rotated left to face WEST
[14:36:07.891] Bot38 executed ROTATE_LEFT
[14:36:07.891] Bot38 moved forward to (7,6)
[14:36:07.891] Bot38 executed MOVE_FORWARD
[14:36:07.891] Starting turn for Bot20
[14:36:07.891] Bot20 rotated left to face WEST
[14:36:07.891] Bot20 executed ROTATE_LEFT
[14:36:07.891] Bot20 rotated left to face SOUTH
[14:36:07.891] Bot20 executed ROTATE_LEFT
[14:36:07.891] Bot20 moved forward to (1,1)
[14:36:07.891] Bot20 executed MOVE_FORWARD
[14:36:07.891] Starting turn for Bot38
[14:36:07.891] Bot38 rotated right to face NORTH
[14:36:07.891] Bot38 executed ROTATE_RIGHT
[14:36:07.891] Bot38 moved forward to (6,6)
[14:36:07.892] Bot38 executed MOVE_FORWARD
[14:36:07.892] Starting turn for Bot20
[14:36:07.892] Bot20 rotated left to face EAST
[14:36:07.892] Bot20 executed ROTATE_LEFT
[14:36:07.892] Starting turn for Bot38
[14:36:07.892] Bot38 rotated left to face WEST
[14:36:07.892] Bot38 executed ROTATE_LEFT
[14:36:07.892] Bot38 moved forward to (6,5)
[14:36:07.892] Bot38 executed MOVE_FORWARD
[14:36:07.892] Starting turn for Bot20
[14:36:07.892] Starting turn for Bot38
[14:36:07.892] Bot38 rotated right to face NORTH
[14:36:07.892] Bot38 executed ROTATE_RIGHT
[14:36:07.892] Bot38 moved forward to (5,5)
[14:36:07.892] Bot38 executed MOVE_FORWARD
[14:36:07.892] Starting turn for Bot20
[14:36:07.892] Bot20 rotated left to face NORTH
[14:36:07.892] Bot20 executed ROTATE_LEFT
[14:36:07.892] Bot20 moved forward to (0,1)
[14:36:07.892] Bot20 executed MOVE_FORWARD
[14:36:07.892] Starting turn for Bot38
[14:36:07.892] Starting turn for Bot20
[14:36:07.892] Bot20 rotated left to face WEST
[14:36:07.892] Bot20 executed ROTATE_LEFT
[14:36:07.892] Bot20 rotated left to face SOUTH
[14:36:07.892] Bot20 executed ROTATE_LEFT
[14:36:07.892] Bot20 moved forward to (1,1)
[14:36:07.892] Bot20 executed MOVE_FORWARD
[14:36:07.892] Starting turn for Bot38
[14:36:07.892] Starting turn for Bot20
[14:36:07.892] Bot20 rotated left to face EAST
[14:36:07.892] Bot20 executed ROTATE_LEFT
[14:36:07.892] Starting turn for Bot38
[14:36:07.892] Starting turn for Bot20
[14:36:07.892] Starting turn for Bot38
[14:36:07.892] Starting turn for Bot20
[14:36:07.892] Bot20 rotated left to face NORTH
[14:36:07.892] Bot20 executed ROTATE_LEFT
[14:36:07.892] Bot20 moved forward to (0,1)
[14:36:07.892] Bot20 executed MOVE_FORWARD
[14:36:07.892] Starting turn for Bot38
[14:36:07.892] Starting turn for Bot20
[14:36:07.892] Bot20 rotated left to face WEST
[14:36:07.892] Bot20 executed ROTATE_LEFT
[14:36:07.892] Bot20 rotated left to face SOUTH
[14:36:07.892] Bot20 executed ROTATE_LEFT
[14:36:07.892] Bot20 moved forward to (1,1)
[14:36:07.892] Bot20 executed MOVE_FORWARD
[14:36:07.892] Starting turn for Bot38
[14:36:07.892] Starting turn for Bot20
[14:36:07.892] Bot20 rotated left to face EAST
[14:36:07.892] Bot20 executed ROTATE_LEFT
[14:36:07.892] Starting turn for Bot38
[14:36:07.892] Starting turn for Bot20
[14:36:07.892] Starting turn for Bot38
[14:36:07.892] Starting turn for Bot20
[14:36:07.892] Bot20 rotated left to face NORTH
[14:36:07.892] Bot20 executed ROTATE_LEFT
[14:36:07.892] Bot20 moved forward to (0,1)
[14:36:07.892] Bot20 executed MOVE_FORWARD
[14:36:07.892] Starting turn for Bot38
[14:36:07.892] Starting turn for Bot20
[14:36:07.892] Bot20 rotated left to face WEST
[14:36:07.892] Bot20 executed ROTATE_LEFT
[14:36:07.892] Bot20 rotated left to face SOUTH
[14:36:07.892] Bot20 executed ROTATE_LEFT
[14:36:07.892] Bot20 moved forward to (1,1)
[14:36:07.892] Bot20 executed MOVE_FORWARD
[14:36:07.892] Starting turn for Bot38
[14:36:07.892] Starting turn for Bot20
[14:36:07.892] Bot20 rotated left to face EAST
[14:36:07.892] Bot20 executed ROTATE_LEFT
[14:36:07.892] Starting turn for Bot38
[14:36:07.892] Starting turn for Bot20
[14:36:07.892] Starting turn for Bot38
[14:36:07.892] Stalemate detected: State repeated 10 times, unchanged for 3 turns
[14:36:07.892] Game Over! Stalemate detected!
[14:36:07.892] Stalemate detected: State repeated 10 times, unchanged for 3 turns
