[14:35:57.447] === Game Started at 2025-02-04_14-35-57 ===
[14:35:57.447] Game initialized with 2 players
[14:35:57.447] Board size: 10
[14:35:57.447] Obstacle density: 0.05
[14:35:57.447] Max turns: 1000
[14:35:57.448] Player Bot25 starting at position (0,0) facing SOUTH
[14:35:57.448] Player Bot11 starting at position (9,9) facing EAST
[14:35:57.448] Obstacles at positions: (0,4) (2,2) (2,3) (3,1) (9,3)
[14:35:57.448] Starting turn for Bot25
[14:35:57.448] Bot25 rotated left to face EAST
[14:35:57.448] Bot25 executed ROTATE_LEFT
[14:35:57.448] Bot25 moved forward to (0,1)
[14:35:57.448] Bot25 executed MOVE_FORWARD
[14:35:57.448] Starting turn for Bot11
[14:35:57.448] Bot11 rotated left to face NORTH
[14:35:57.448] Bot11 executed ROTATE_LEFT
[14:35:57.448] Bot11 rotated left to face WEST
[14:35:57.448] Bot11 executed ROTATE_LEFT
[14:35:57.448] Bot11 moved forward to (9,8)
[14:35:57.448] Bot11 executed MOVE_FORWARD
[14:35:57.448] Starting turn for Bot25
[14:35:57.448] Bot25 rotated right to face SOUTH
[14:35:57.448] Bot25 executed ROTATE_RIGHT
[14:35:57.448] Bot25 moved forward to (1,1)
[14:35:57.448] Bot25 executed MOVE_FORWARD
[14:35:57.448] Starting turn for Bot11
[14:35:57.448] Bot11 rotated right to face NORTH
[14:35:57.448] Bot11 executed ROTATE_RIGHT
[14:35:57.448] Bot11 moved forward to (8,8)
[14:35:57.448] Bot11 executed MOVE_FORWARD
[14:35:57.448] Starting turn for Bot25
[14:35:57.448] Bot25 rotated left to face EAST
[14:35:57.448] Bot25 executed ROTATE_LEFT
[14:35:57.448] Bot25 moved forward to (1,2)
[14:35:57.448] Bot25 executed MOVE_FORWARD
[14:35:57.448] Starting turn for Bot11
[14:35:57.448] Bot11 rotated left to face WEST
[14:35:57.448] Bot11 executed ROTATE_LEFT
[14:35:57.448] Bot11 moved forward to (8,7)
[14:35:57.448] Bot11 executed MOVE_FORWARD
[14:35:57.448] Starting turn for Bot25
[14:35:57.448] Bot25 rotated right to face SOUTH
[14:35:57.448] Bot25 executed ROTATE_RIGHT
[14:35:57.448] Starting turn for Bot11
[14:35:57.448] Bot11 rotated right to face NORTH
[14:35:57.448] Bot11 executed ROTATE_RIGHT
[14:35:57.448] Bot11 moved forward to (7,7)
[14:35:57.448] Bot11 executed MOVE_FORWARD
[14:35:57.448] Starting turn for Bot25
[14:35:57.448] Starting turn for Bot11
[14:35:57.448] Bot11 rotated left to face WEST
[14:35:57.448] Bot11 executed ROTATE_LEFT
[14:35:57.448] Bot11 moved forward to (7,6)
[14:35:57.448] Bot11 executed MOVE_FORWARD
[14:35:57.448] Starting turn for Bot25
[14:35:57.448] Bot25 rotated left to face EAST
[14:35:57.448] Bot25 executed ROTATE_LEFT
[14:35:57.448] Bot25 rotated left to face NORTH
[14:35:57.448] Bot25 executed ROTATE_LEFT
[14:35:57.448] Bot25 moved forward to (0,2)
[14:35:57.448] Bot25 executed MOVE_FORWARD
[14:35:57.448] Starting turn for Bot11
[14:35:57.448] Bot11 rotated right to face NORTH
[14:35:57.448] Bot11 executed ROTATE_RIGHT
[14:35:57.448] Bot11 moved forward to (6,6)
[14:35:57.448] Bot11 executed MOVE_FORWARD
[14:35:57.448] Starting turn for Bot25
[14:35:57.448] Bot25 rotated left to face WEST
[14:35:57.448] Bot25 executed ROTATE_LEFT
[14:35:57.448] Bot25 rotated left to face SOUTH
[14:35:57.448] Bot25 executed ROTATE_LEFT
[14:35:57.448] Bot25 moved forward to (1,2)
[14:35:57.448] Bot25 executed MOVE_FORWARD
[14:35:57.448] Starting turn for Bot11
[14:35:57.448] Bot11 rotated left to face WEST
[14:35:57.448] Bot11 executed ROTATE_LEFT
[14:35:57.448] Bot11 moved forward to (6,5)
[14:35:57.448] Bot11 executed MOVE_FORWARD
[14:35:57.448] Starting turn for Bot25
[14:35:57.448] Starting turn for Bot11
[14:35:57.448] Bot11 rotated right to face NORTH
[14:35:57.448] Bot11 executed ROTATE_RIGHT
[14:35:57.448] Bot11 moved forward to (5,5)
[14:35:57.448] Bot11 executed MOVE_FORWARD
[14:35:57.448] Starting turn for Bot25
[14:35:57.448] Starting turn for Bot11
[14:35:57.448] Starting turn for Bot25
[14:35:57.448] Bot25 rotated left to face EAST
[14:35:57.448] Bot25 executed ROTATE_LEFT
[14:35:57.448] Bot25 rotated left to face NORTH
[14:35:57.448] Bot25 executed ROTATE_LEFT
[14:35:57.448] Bot25 moved forward to (0,2)
[14:35:57.448] Bot25 executed MOVE_FORWARD
[14:35:57.448] Starting turn for Bot11
[14:35:57.448] Starting turn for Bot25
[14:35:57.448] Bot25 rotated left to face WEST
[14:35:57.448] Bot25 executed ROTATE_LEFT
[14:35:57.448] Bot25 rotated left to face SOUTH
[14:35:57.448] Bot25 executed ROTATE_LEFT
[14:35:57.448] Bot25 moved forward to (1,2)
[14:35:57.448] Bot25 executed MOVE_FORWARD
[14:35:57.448] Starting turn for Bot11
[14:35:57.448] Starting turn for Bot25
[14:35:57.448] Starting turn for Bot11
[14:35:57.448] Starting turn for Bot25
[14:35:57.448] Starting turn for Bot11
[14:35:57.448] Starting turn for Bot25
[14:35:57.448] Bot25 rotated left to face EAST
[14:35:57.448] Bot25 executed ROTATE_LEFT
[14:35:57.448] Bot25 rotated left to face NORTH
[14:35:57.448] Bot25 executed ROTATE_LEFT
[14:35:57.448] Bot25 moved forward to (0,2)
[14:35:57.448] Bot25 executed MOVE_FORWARD
[14:35:57.448] Starting turn for Bot11
[14:35:57.448] Starting turn for Bot25
[14:35:57.448] Bot25 rotated left to face WEST
[14:35:57.448] Bot25 executed ROTATE_LEFT
[14:35:57.448] Bot25 rotated left to face SOUTH
[14:35:57.448] Bot25 executed ROTATE_LEFT
[14:35:57.448] Bot25 moved forward to (1,2)
[14:35:57.448] Bot25 executed MOVE_FORWARD
[14:35:57.448] Starting turn for Bot11
[14:35:57.448] Starting turn for Bot25
[14:35:57.448] Starting turn for Bot11
[14:35:57.448] Starting turn for Bot25
[14:35:57.448] Starting turn for Bot11
[14:35:57.448] Starting turn for Bot25
[14:35:57.448] Bot25 rotated left to face EAST
[14:35:57.448] Bot25 executed ROTATE_LEFT
[14:35:57.448] Bot25 rotated left to face NORTH
[14:35:57.448] Bot25 executed ROTATE_LEFT
[14:35:57.448] Bot25 moved forward to (0,2)
[14:35:57.448] Bot25 executed MOVE_FORWARD
[14:35:57.448] Starting turn for Bot11
[14:35:57.448] Starting turn for Bot25
[14:35:57.448] Bot25 rotated left to face WEST
[14:35:57.448] Bot25 executed ROTATE_LEFT
[14:35:57.448] Bot25 rotated left to face SOUTH
[14:35:57.448] Bot25 executed ROTATE_LEFT
[14:35:57.448] Bot25 moved forward to (1,2)
[14:35:57.448] Bot25 executed MOVE_FORWARD
[14:35:57.448] Starting turn for Bot11
[14:35:57.448] Starting turn for Bot25
[14:35:57.448] Starting turn for Bot11
[14:35:57.448] Stalemate detected: State repeated 10 times, unchanged for 1 turns
[14:35:57.448] Game Over! Stalemate detected!
[14:35:57.448] Stalemate detected: State repeated 10 times, unchanged for 1 turns
