[14:35:51.858] === Game Started at 2025-02-04_14-35-51 ===
[14:35:51.858] Game initialized with 2 players
[14:35:51.858] Board size: 10
[14:35:51.858] Obstacle density: 0.05
[14:35:51.858] Max turns: 1000
[14:35:51.858] Player Bot25 starting at position (0,0) facing WEST
[14:35:51.858] Player Bot7 starting at position (9,9) facing WEST
[14:35:51.858] Obstacles at positions: (0,5) (1,5) (7,7) (7,8) (8,3)
[14:35:51.858] Starting turn for Bot25
[14:35:51.858] Bot25 rotated left to face SOUTH
[14:35:51.858] Bot25 executed ROTATE_LEFT
[14:35:51.858] Bot25 rotated left to face EAST
[14:35:51.858] Bot25 executed ROTATE_LEFT
[14:35:51.858] Bot25 moved forward to (0,1)
[14:35:51.858] Bot25 executed MOVE_FORWARD
[14:35:51.858] Starting turn for Bot7
[14:35:51.858] Bot7 moved forward to (9,8)
[14:35:51.858] Bot7 executed MOVE_FORWARD
[14:35:51.858] Starting turn for Bot25
[14:35:51.858] Bot25 rotated right to face SOUTH
[14:35:51.858] Bot25 executed ROTATE_RIGHT
[14:35:51.858] Bot25 moved forward to (1,1)
[14:35:51.858] Bot25 executed MOVE_FORWARD
[14:35:51.858] Starting turn for Bot7
[14:35:51.858] Bot7 rotated right to face NORTH
[14:35:51.858] Bot7 executed ROTATE_RIGHT
[14:35:51.858] Bot7 moved forward to (8,8)
[14:35:51.858] Bot7 executed MOVE_FORWARD
[14:35:51.858] Starting turn for Bot25
[14:35:51.858] Bot25 rotated left to face EAST
[14:35:51.858] Bot25 executed ROTATE_LEFT
[14:35:51.858] Bot25 moved forward to (1,2)
[14:35:51.858] Bot25 executed MOVE_FORWARD
[14:35:51.858] Starting turn for Bot7
[14:35:51.858] Bot7 rotated left to face WEST
[14:35:51.858] Bot7 executed ROTATE_LEFT
[14:35:51.858] Bot7 moved forward to (8,7)
[14:35:51.858] Bot7 executed MOVE_FORWARD
[14:35:51.858] Starting turn for Bot25
[14:35:51.858] Bot25 rotated right to face SOUTH
[14:35:51.858] Bot25 executed ROTATE_RIGHT
[14:35:51.858] Bot25 moved forward to (2,2)
[14:35:51.858] Bot25 executed MOVE_FORWARD
[14:35:51.858] Starting turn for Bot7
[14:35:51.858] Bot7 rotated right to face NORTH
[14:35:51.858] Bot7 executed ROTATE_RIGHT
[14:35:51.858] Starting turn for Bot25
[14:35:51.858] Bot25 rotated left to face EAST
[14:35:51.858] Bot25 executed ROTATE_LEFT
[14:35:51.858] Bot25 moved forward to (2,3)
[14:35:51.858] Bot25 executed MOVE_FORWARD
[14:35:51.858] Starting turn for Bot7
[14:35:51.858] Starting turn for Bot25
[14:35:51.858] Bot25 rotated right to face SOUTH
[14:35:51.858] Bot25 executed ROTATE_RIGHT
[14:35:51.858] Bot25 moved forward to (3,3)
[14:35:51.858] Bot25 executed MOVE_FORWARD
[14:35:51.858] Starting turn for Bot7
[14:35:51.858] Bot7 rotated right to face EAST
[14:35:51.858] Bot7 executed ROTATE_RIGHT
[14:35:51.858] Bot7 moved forward to (8,8)
[14:35:51.858] Bot7 executed MOVE_FORWARD
[14:35:51.858] Starting turn for Bot25
[14:35:51.858] Bot25 rotated left to face EAST
[14:35:51.858] Bot25 executed ROTATE_LEFT
[14:35:51.858] Bot25 moved forward to (3,4)
[14:35:51.858] Bot25 executed MOVE_FORWARD
[14:35:51.858] Starting turn for Bot7
[14:35:51.858] Bot7 rotated left to face NORTH
[14:35:51.858] Bot7 executed ROTATE_LEFT
[14:35:51.858] Bot7 rotated left to face WEST
[14:35:51.858] Bot7 executed ROTATE_LEFT
[14:35:51.858] Bot7 moved forward to (8,7)
[14:35:51.858] Bot7 executed MOVE_FORWARD
[14:35:51.858] Starting turn for Bot25
[14:35:51.858] Bot25 rotated right to face SOUTH
[14:35:51.858] Bot25 executed ROTATE_RIGHT
[14:35:51.858] Bot25 moved forward to (4,4)
[14:35:51.858] Bot25 executed MOVE_FORWARD
[14:35:51.858] Starting turn for Bot7
[14:35:51.858] Bot7 rotated right to face NORTH
[14:35:51.858] Bot7 executed ROTATE_RIGHT
[14:35:51.858] Starting turn for Bot25
[14:35:51.858] Bot25 rotated left to face EAST
[14:35:51.858] Bot25 executed ROTATE_LEFT
[14:35:51.858] Bot25 moved forward to (4,5)
[14:35:51.858] Bot25 executed MOVE_FORWARD
[14:35:51.858] Starting turn for Bot7
[14:35:51.858] Starting turn for Bot25
[14:35:51.858] Bot25 rotated right to face SOUTH
[14:35:51.858] Bot25 executed ROTATE_RIGHT
[14:35:51.858] Bot25 moved forward to (5,5)
[14:35:51.858] Bot25 executed MOVE_FORWARD
[14:35:51.858] Starting turn for Bot7
[14:35:51.858] Bot7 rotated right to face EAST
[14:35:51.858] Bot7 executed ROTATE_RIGHT
[14:35:51.858] Bot7 moved forward to (8,8)
[14:35:51.858] Bot7 executed MOVE_FORWARD
[14:35:51.858] Starting turn for Bot25
[14:35:51.858] Starting turn for Bot7
[14:35:51.858] Bot7 rotated left to face NORTH
[14:35:51.858] Bot7 executed ROTATE_LEFT
[14:35:51.858] Bot7 rotated left to face WEST
[14:35:51.858] Bot7 executed ROTATE_LEFT
[14:35:51.858] Bot7 moved forward to (8,7)
[14:35:51.858] Bot7 executed MOVE_FORWARD
[14:35:51.858] Starting turn for Bot25
[14:35:51.858] Starting turn for Bot7
[14:35:51.858] Bot7 rotated right to face NORTH
[14:35:51.858] Bot7 executed ROTATE_RIGHT
[14:35:51.858] Starting turn for Bot25
[14:35:51.858] Starting turn for Bot7
[14:35:51.858] Starting turn for Bot25
[14:35:51.858] Starting turn for Bot7
[14:35:51.858] Bot7 rotated right to face EAST
[14:35:51.858] Bot7 executed ROTATE_RIGHT
[14:35:51.858] Bot7 moved forward to (8,8)
[14:35:51.859] Bot7 executed MOVE_FORWARD
[14:35:51.859] Starting turn for Bot25
[14:35:51.859] Starting turn for Bot7
[14:35:51.859] Bot7 rotated left to face NORTH
[14:35:51.859] Bot7 executed ROTATE_LEFT
[14:35:51.859] Bot7 rotated left to face WEST
[14:35:51.859] Bot7 executed ROTATE_LEFT
[14:35:51.859] Bot7 moved forward to (8,7)
[14:35:51.859] Bot7 executed MOVE_FORWARD
[14:35:51.859] Starting turn for Bot25
[14:35:51.859] Starting turn for Bot7
[14:35:51.859] Bot7 rotated right to face NORTH
[14:35:51.859] Bot7 executed ROTATE_RIGHT
[14:35:51.859] Starting turn for Bot25
[14:35:51.859] Starting turn for Bot7
[14:35:51.859] Starting turn for Bot25
[14:35:51.859] Starting turn for Bot7
[14:35:51.859] Bot7 rotated right to face EAST
[14:35:51.859] Bot7 executed ROTATE_RIGHT
[14:35:51.859] Bot7 moved forward to (8,8)
[14:35:51.859] Bot7 executed MOVE_FORWARD
[14:35:51.859] Starting turn for Bot25
[14:35:51.859] Starting turn for Bot7
[14:35:51.859] Bot7 rotated left to face NORTH
[14:35:51.859] Bot7 executed ROTATE_LEFT
[14:35:51.859] Bot7 rotated left to face WEST
[14:35:51.859] Bot7 executed ROTATE_LEFT
[14:35:51.859] Bot7 moved forward to (8,7)
[14:35:51.859] Bot7 executed MOVE_FORWARD
[14:35:51.859] Starting turn for Bot25
[14:35:51.859] Starting turn for Bot7
[14:35:51.859] Bot7 rotated right to face NORTH
[14:35:51.859] Bot7 executed ROTATE_RIGHT
[14:35:51.859] Starting turn for Bot25
[14:35:51.859] Stalemate detected: State repeated 10 times, unchanged for 1 turns
[14:35:51.859] Game Over! Stalemate detected!
[14:35:51.859] Stalemate detected: State repeated 10 times, unchanged for 1 turns
