[14:36:13.387] === Game Started at 2025-02-04_14-36-13 ===
[14:36:13.387] Game initialized with 2 players
[14:36:13.387] Board size: 10
[14:36:13.387] Obstacle density: 0.05
[14:36:13.387] Max turns: 1000
[14:36:13.387] Player Bot29 starting at position (0,0) facing EAST
[14:36:13.387] Player Bot30 starting at position (9,9) facing WEST
[14:36:13.387] Obstacles at positions: (2,0) (5,2) (6,3) (7,7) (9,1)
[14:36:13.387] Starting turn for Bot29
[14:36:13.387] Bot29 moved forward to (0,1)
[14:36:13.387] Bot29 executed MOVE_FORWARD
[14:36:13.387] Starting turn for Bot30
[14:36:13.387] Bot30 moved forward to (9,8)
[14:36:13.387] Bot30 executed MOVE_FORWARD
[14:36:13.387] Starting turn for Bot29
[14:36:13.387] Bot29 rotated right to face SOUTH
[14:36:13.387] Bot29 executed ROTATE_RIGHT
[14:36:13.387] Bot29 moved forward to (1,1)
[14:36:13.387] Bot29 executed MOVE_FORWARD
[14:36:13.387] Starting turn for Bot30
[14:36:13.387] Bot30 rotated right to face NORTH
[14:36:13.387] Bot30 executed ROTATE_RIGHT
[14:36:13.387] Bot30 moved forward to (8,8)
[14:36:13.387] Bot30 executed MOVE_FORWARD
[14:36:13.387] Starting turn for Bot29
[14:36:13.387] Bot29 rotated left to face EAST
[14:36:13.387] Bot29 executed ROTATE_LEFT
[14:36:13.387] Bot29 moved forward to (1,2)
[14:36:13.387] Bot29 executed MOVE_FORWARD
[14:36:13.387] Starting turn for Bot30
[14:36:13.387] Bot30 rotated left to face WEST
[14:36:13.387] Bot30 executed ROTATE_LEFT
[14:36:13.387] Bot30 moved forward to (8,7)
[14:36:13.387] Bot30 executed MOVE_FORWARD
[14:36:13.387] Starting turn for Bot29
[14:36:13.387] Bot29 rotated right to face SOUTH
[14:36:13.387] Bot29 executed ROTATE_RIGHT
[14:36:13.387] Bot29 moved forward to (2,2)
[14:36:13.387] Bot29 executed MOVE_FORWARD
[14:36:13.387] Starting turn for Bot30
[14:36:13.387] Bot30 rotated right to face NORTH
[14:36:13.387] Bot30 executed ROTATE_RIGHT
[14:36:13.387] Starting turn for Bot29
[14:36:13.387] Bot29 rotated left to face EAST
[14:36:13.387] Bot29 executed ROTATE_LEFT
[14:36:13.387] Bot29 moved forward to (2,3)
[14:36:13.387] Bot29 executed MOVE_FORWARD
[14:36:13.387] Starting turn for Bot30
[14:36:13.387] Starting turn for Bot29
[14:36:13.387] Bot29 rotated right to face SOUTH
[14:36:13.387] Bot29 executed ROTATE_RIGHT
[14:36:13.387] Bot29 moved forward to (3,3)
[14:36:13.387] Bot29 executed MOVE_FORWARD
[14:36:13.387] Starting turn for Bot30
[14:36:13.387] Bot30 rotated right to face EAST
[14:36:13.387] Bot30 executed ROTATE_RIGHT
[14:36:13.387] Bot30 moved forward to (8,8)
[14:36:13.387] Bot30 executed MOVE_FORWARD
[14:36:13.387] Starting turn for Bot29
[14:36:13.387] Bot29 rotated left to face EAST
[14:36:13.387] Bot29 executed ROTATE_LEFT
[14:36:13.387] Bot29 moved forward to (3,4)
[14:36:13.387] Bot29 executed MOVE_FORWARD
[14:36:13.387] Starting turn for Bot30
[14:36:13.387] Bot30 rotated left to face NORTH
[14:36:13.387] Bot30 executed ROTATE_LEFT
[14:36:13.387] Bot30 rotated left to face WEST
[14:36:13.387] Bot30 executed ROTATE_LEFT
[14:36:13.387] Bot30 moved forward to (8,7)
[14:36:13.387] Bot30 executed MOVE_FORWARD
[14:36:13.387] Starting turn for Bot29
[14:36:13.387] Bot29 rotated right to face SOUTH
[14:36:13.387] Bot29 executed ROTATE_RIGHT
[14:36:13.387] Bot29 moved forward to (4,4)
[14:36:13.387] Bot29 executed MOVE_FORWARD
[14:36:13.387] Starting turn for Bot30
[14:36:13.387] Bot30 rotated right to face NORTH
[14:36:13.387] Bot30 executed ROTATE_RIGHT
[14:36:13.387] Starting turn for Bot29
[14:36:13.387] Bot29 rotated left to face EAST
[14:36:13.387] Bot29 executed ROTATE_LEFT
[14:36:13.387] Bot29 moved forward to (4,5)
[14:36:13.387] Bot29 executed MOVE_FORWARD
[14:36:13.387] Starting turn for Bot30
[14:36:13.387] Starting turn for Bot29
[14:36:13.387] Bot29 rotated right to face SOUTH
[14:36:13.387] Bot29 executed ROTATE_RIGHT
[14:36:13.387] Bot29 moved forward to (5,5)
[14:36:13.387] Bot29 executed MOVE_FORWARD
[14:36:13.387] Starting turn for Bot30
[14:36:13.387] Bot30 rotated right to face EAST
[14:36:13.387] Bot30 executed ROTATE_RIGHT
[14:36:13.387] Bot30 moved forward to (8,8)
[14:36:13.387] Bot30 executed MOVE_FORWARD
[14:36:13.387] Starting turn for Bot29
[14:36:13.387] Starting turn for Bot30
[14:36:13.387] Bot30 rotated left to face NORTH
[14:36:13.387] Bot30 executed ROTATE_LEFT
[14:36:13.387] Bot30 rotated left to face WEST
[14:36:13.387] Bot30 executed ROTATE_LEFT
[14:36:13.387] Bot30 moved forward to (8,7)
[14:36:13.387] Bot30 executed MOVE_FORWARD
[14:36:13.387] Starting turn for Bot29
[14:36:13.387] Starting turn for Bot30
[14:36:13.387] Bot30 rotated right to face NORTH
[14:36:13.387] Bot30 executed ROTATE_RIGHT
[14:36:13.387] Starting turn for Bot29
[14:36:13.387] Starting turn for Bot30
[14:36:13.387] Starting turn for Bot29
[14:36:13.387] Starting turn for Bot30
[14:36:13.387] Bot30 rotated right to face EAST
[14:36:13.387] Bot30 executed ROTATE_RIGHT
[14:36:13.387] Bot30 moved forward to (8,8)
[14:36:13.387] Bot30 executed MOVE_FORWARD
[14:36:13.387] Starting turn for Bot29
[14:36:13.387] Starting turn for Bot30
[14:36:13.387] Bot30 rotated left to face NORTH
[14:36:13.387] Bot30 executed ROTATE_LEFT
[14:36:13.387] Bot30 rotated left to face WEST
[14:36:13.387] Bot30 executed ROTATE_LEFT
[14:36:13.387] Bot30 moved forward to (8,7)
[14:36:13.387] Bot30 executed MOVE_FORWARD
[14:36:13.387] Starting turn for Bot29
[14:36:13.387] Starting turn for Bot30
[14:36:13.387] Bot30 rotated right to face NORTH
[14:36:13.387] Bot30 executed ROTATE_RIGHT
[14:36:13.387] Starting turn for Bot29
[14:36:13.387] Starting turn for Bot30
[14:36:13.387] Starting turn for Bot29
[14:36:13.387] Starting turn for Bot30
[14:36:13.387] Bot30 rotated right to face EAST
[14:36:13.387] Bot30 executed ROTATE_RIGHT
[14:36:13.387] Bot30 moved forward to (8,8)
[14:36:13.387] Bot30 executed MOVE_FORWARD
[14:36:13.387] Starting turn for Bot29
[14:36:13.387] Starting turn for Bot30
[14:36:13.387] Bot30 rotated left to face NORTH
[14:36:13.387] Bot30 executed ROTATE_LEFT
[14:36:13.387] Bot30 rotated left to face WEST
[14:36:13.387] Bot30 executed ROTATE_LEFT
[14:36:13.387] Bot30 moved forward to (8,7)
[14:36:13.387] Bot30 executed MOVE_FORWARD
[14:36:13.387] Starting turn for Bot29
[14:36:13.387] Starting turn for Bot30
[14:36:13.387] Bot30 rotated right to face NORTH
[14:36:13.387] Bot30 executed ROTATE_RIGHT
[14:36:13.387] Starting turn for Bot29
[14:36:13.387] Stalemate detected: State repeated 10 times, unchanged for 1 turns
[14:36:13.387] Game Over! Stalemate detected!
[14:36:13.387] Stalemate detected: State repeated 10 times, unchanged for 1 turns
