[14:35:58.273] === Game Started at 2025-02-04_14-35-58 ===
[14:35:58.273] Game initialized with 2 players
[14:35:58.273] Board size: 10
[14:35:58.273] Obstacle density: 0.05
[14:35:58.273] Max turns: 1000
[14:35:58.273] Player Bot15 starting at position (0,0) facing EAST
[14:35:58.273] Player Bot12 starting at position (9,9) facing SOUTH
[14:35:58.273] Obstacles at positions: (1,4) (3,7) (4,4) (6,1) (7,8)
[14:35:58.273] Starting turn for Bot15
[14:35:58.273] Bot15 moved forward to (0,1)
[14:35:58.273] Bot15 executed MOVE_FORWARD
[14:35:58.273] Starting turn for Bot12
[14:35:58.273] Bot12 rotated right to face WEST
[14:35:58.274] Bot12 executed ROTATE_RIGHT
[14:35:58.274] Bot12 moved forward to (9,8)
[14:35:58.274] Bot12 executed MOVE_FORWARD
[14:35:58.274] Starting turn for Bot15
[14:35:58.274] Bot15 rotated right to face SOUTH
[14:35:58.274] Bot15 executed ROTATE_RIGHT
[14:35:58.274] Bot15 moved forward to (1,1)
[14:35:58.274] Bot15 executed MOVE_FORWARD
[14:35:58.274] Starting turn for Bot12
[14:35:58.274] Bot12 rotated right to face NORTH
[14:35:58.274] Bot12 executed ROTATE_RIGHT
[14:35:58.274] Bot12 moved forward to (8,8)
[14:35:58.274] Bot12 executed MOVE_FORWARD
[14:35:58.274] Starting turn for Bot15
[14:35:58.274] Bot15 rotated left to face EAST
[14:35:58.274] Bot15 executed ROTATE_LEFT
[14:35:58.274] Bot15 moved forward to (1,2)
[14:35:58.274] Bot15 executed MOVE_FORWARD
[14:35:58.274] Starting turn for Bot12
[14:35:58.274] Bot12 rotated left to face WEST
[14:35:58.274] Bot12 executed ROTATE_LEFT
[14:35:58.274] Bot12 moved forward to (8,7)
[14:35:58.274] Bot12 executed MOVE_FORWARD
[14:35:58.274] Starting turn for Bot15
[14:35:58.274] Bot15 rotated right to face SOUTH
[14:35:58.274] Bot15 executed ROTATE_RIGHT
[14:35:58.274] Bot15 moved forward to (2,2)
[14:35:58.274] Bot15 executed MOVE_FORWARD
[14:35:58.274] Starting turn for Bot12
[14:35:58.274] Bot12 rotated right to face NORTH
[14:35:58.274] Bot12 executed ROTATE_RIGHT
[14:35:58.274] Bot12 moved forward to (7,7)
[14:35:58.274] Bot12 executed MOVE_FORWARD
[14:35:58.274] Starting turn for Bot15
[14:35:58.274] Bot15 rotated left to face EAST
[14:35:58.274] Bot15 executed ROTATE_LEFT
[14:35:58.274] Bot15 moved forward to (2,3)
[14:35:58.274] Bot15 executed MOVE_FORWARD
[14:35:58.274] Starting turn for Bot12
[14:35:58.274] Bot12 rotated left to face WEST
[14:35:58.274] Bot12 executed ROTATE_LEFT
[14:35:58.274] Bot12 moved forward to (7,6)
[14:35:58.274] Bot12 executed MOVE_FORWARD
[14:35:58.274] Starting turn for Bot15
[14:35:58.274] Bot15 rotated right to face SOUTH
[14:35:58.274] Bot15 executed ROTATE_RIGHT
[14:35:58.274] Bot15 moved forward to (3,3)
[14:35:58.274] Bot15 executed MOVE_FORWARD
[14:35:58.274] Starting turn for Bot12
[14:35:58.274] Bot12 rotated right to face NORTH
[14:35:58.274] Bot12 executed ROTATE_RIGHT
[14:35:58.274] Bot12 moved forward to (6,6)
[14:35:58.274] Bot12 executed MOVE_FORWARD
[14:35:58.274] Starting turn for Bot15
[14:35:58.274] Bot15 rotated left to face EAST
[14:35:58.274] Bot15 executed ROTATE_LEFT
[14:35:58.274] Bot15 moved forward to (3,4)
[14:35:58.274] Bot15 executed MOVE_FORWARD
[14:35:58.274] Starting turn for Bot12
[14:35:58.274] Bot12 rotated left to face WEST
[14:35:58.274] Bot12 executed ROTATE_LEFT
[14:35:58.274] Bot12 moved forward to (6,5)
[14:35:58.274] Bot12 executed MOVE_FORWARD
[14:35:58.274] Starting turn for Bot15
[14:35:58.274] Bot15 rotated right to face SOUTH
[14:35:58.274] Bot15 executed ROTATE_RIGHT
[14:35:58.274] Starting turn for Bot12
[14:35:58.274] Bot12 rotated right to face NORTH
[14:35:58.274] Bot12 executed ROTATE_RIGHT
[14:35:58.274] Bot12 moved forward to (5,5)
[14:35:58.274] Bot12 executed MOVE_FORWARD
[14:35:58.274] Starting turn for Bot15
[14:35:58.274] Starting turn for Bot12
[14:35:58.274] Starting turn for Bot15
[14:35:58.274] Bot15 rotated left to face EAST
[14:35:58.274] Bot15 executed ROTATE_LEFT
[14:35:58.274] Bot15 rotated left to face NORTH
[14:35:58.274] Bot15 executed ROTATE_LEFT
[14:35:58.274] Bot15 moved forward to (2,4)
[14:35:58.274] Bot15 executed MOVE_FORWARD
[14:35:58.274] Starting turn for Bot12
[14:35:58.274] Starting turn for Bot15
[14:35:58.274] Bot15 rotated left to face WEST
[14:35:58.274] Bot15 executed ROTATE_LEFT
[14:35:58.274] Bot15 rotated left to face SOUTH
[14:35:58.274] Bot15 executed ROTATE_LEFT
[14:35:58.274] Bot15 moved forward to (3,4)
[14:35:58.274] Bot15 executed MOVE_FORWARD
[14:35:58.274] Starting turn for Bot12
[14:35:58.274] Starting turn for Bot15
[14:35:58.274] Starting turn for Bot12
[14:35:58.274] Starting turn for Bot15
[14:35:58.274] Starting turn for Bot12
[14:35:58.274] Starting turn for Bot15
[14:35:58.274] Bot15 rotated left to face EAST
[14:35:58.274] Bot15 executed ROTATE_LEFT
[14:35:58.274] Bot15 rotated left to face NORTH
[14:35:58.274] Bot15 executed ROTATE_LEFT
[14:35:58.274] Bot15 moved forward to (2,4)
[14:35:58.274] Bot15 executed MOVE_FORWARD
[14:35:58.274] Starting turn for Bot12
[14:35:58.274] Starting turn for Bot15
[14:35:58.274] Bot15 rotated left to face WEST
[14:35:58.274] Bot15 executed ROTATE_LEFT
[14:35:58.274] Bot15 rotated left to face SOUTH
[14:35:58.274] Bot15 executed ROTATE_LEFT
[14:35:58.274] Bot15 moved forward to (3,4)
[14:35:58.274] Bot15 executed MOVE_FORWARD
[14:35:58.274] Starting turn for Bot12
[14:35:58.274] Starting turn for Bot15
[14:35:58.274] Starting turn for Bot12
[14:35:58.274] Starting turn for Bot15
[14:35:58.274] Starting turn for Bot12
[14:35:58.274] Starting turn for Bot15
[14:35:58.274] Bot15 rotated left to face EAST
[14:35:58.274] Bot15 executed ROTATE_LEFT
[14:35:58.274] Bot15 rotated left to face NORTH
[14:35:58.274] Bot15 executed ROTATE_LEFT
[14:35:58.274] Bot15 moved forward to (2,4)
[14:35:58.274] Bot15 executed MOVE_FORWARD
[14:35:58.274] Starting turn for Bot12
[14:35:58.274] Starting turn for Bot15
[14:35:58.274] Bot15 rotated left to face WEST
[14:35:58.274] Bot15 executed ROTATE_LEFT
[14:35:58.274] Bot15 rotated left to face SOUTH
[14:35:58.274] Bot15 executed ROTATE_LEFT
[14:35:58.274] Bot15 moved forward to (3,4)
[14:35:58.274] Bot15 executed MOVE_FORWARD
[14:35:58.274] Starting turn for Bot12
[14:35:58.274] Starting turn for Bot15
[14:35:58.274] Starting turn for Bot12
[14:35:58.274] Stalemate detected: State repeated 10 times, unchanged for 1 turns
[14:35:58.274] Game Over! Stalemate detected!
[14:35:58.274] Stalemate detected: State repeated 10 times, unchanged for 1 turns
