[14:36:05.493] === Game Started at 2025-02-04_14-36-05 ===
[14:36:05.493] Game initialized with 2 players
[14:36:05.493] Board size: 10
[14:36:05.493] Obstacle density: 0.05
[14:36:05.493] Max turns: 1000
[14:36:05.493] Player Bot24 starting at position (0,0) facing EAST
[14:36:05.493] Player Bot18 starting at position (9,9) facing SOUTH
[14:36:05.493] Obstacles at positions: (2,7) (5,3) (5,5) (8,1) (9,3)
[14:36:05.493] Starting turn for Bot24
[14:36:05.493] Bot24 moved forward to (0,1)
[14:36:05.493] Bot24 executed MOVE_FORWARD
[14:36:05.493] Starting turn for Bot18
[14:36:05.493] Bot18 rotated right to face WEST
[14:36:05.493] Bot18 executed ROTATE_RIGHT
[14:36:05.493] Bot18 moved forward to (9,8)
[14:36:05.493] Bot18 executed MOVE_FORWARD
[14:36:05.493] Starting turn for Bot24
[14:36:05.493] Bot24 rotated right to face SOUTH
[14:36:05.493] Bot24 executed ROTATE_RIGHT
[14:36:05.493] Bot24 moved forward to (1,1)
[14:36:05.493] Bot24 executed MOVE_FORWARD
[14:36:05.493] Starting turn for Bot18
[14:36:05.493] Bot18 rotated right to face NORTH
[14:36:05.493] Bot18 executed ROTATE_RIGHT
[14:36:05.493] Bot18 moved forward to (8,8)
[14:36:05.493] Bot18 executed MOVE_FORWARD
[14:36:05.493] Starting turn for Bot24
[14:36:05.493] Bot24 rotated left to face EAST
[14:36:05.493] Bot24 executed ROTATE_LEFT
[14:36:05.493] Bot24 moved forward to (1,2)
[14:36:05.493] Bot24 executed MOVE_FORWARD
[14:36:05.493] Starting turn for Bot18
[14:36:05.493] Bot18 rotated left to face WEST
[14:36:05.493] Bot18 executed ROTATE_LEFT
[14:36:05.493] Bot18 moved forward to (8,7)
[14:36:05.493] Bot18 executed MOVE_FORWARD
[14:36:05.493] Starting turn for Bot24
[14:36:05.493] Bot24 rotated right to face SOUTH
[14:36:05.493] Bot24 executed ROTATE_RIGHT
[14:36:05.493] Bot24 moved forward to (2,2)
[14:36:05.493] Bot24 executed MOVE_FORWARD
[14:36:05.493] Starting turn for Bot18
[14:36:05.493] Bot18 rotated right to face NORTH
[14:36:05.493] Bot18 executed ROTATE_RIGHT
[14:36:05.493] Bot18 moved forward to (7,7)
[14:36:05.493] Bot18 executed MOVE_FORWARD
[14:36:05.493] Starting turn for Bot24
[14:36:05.493] Bot24 rotated left to face EAST
[14:36:05.493] Bot24 executed ROTATE_LEFT
[14:36:05.493] Bot24 moved forward to (2,3)
[14:36:05.493] Bot24 executed MOVE_FORWARD
[14:36:05.493] Starting turn for Bot18
[14:36:05.493] Bot18 rotated left to face WEST
[14:36:05.493] Bot18 executed ROTATE_LEFT
[14:36:05.493] Bot18 moved forward to (7,6)
[14:36:05.493] Bot18 executed MOVE_FORWARD
[14:36:05.493] Starting turn for Bot24
[14:36:05.493] Bot24 rotated right to face SOUTH
[14:36:05.493] Bot24 executed ROTATE_RIGHT
[14:36:05.493] Bot24 moved forward to (3,3)
[14:36:05.493] Bot24 executed MOVE_FORWARD
[14:36:05.493] Starting turn for Bot18
[14:36:05.493] Bot18 rotated right to face NORTH
[14:36:05.493] Bot18 executed ROTATE_RIGHT
[14:36:05.493] Bot18 moved forward to (6,6)
[14:36:05.493] Bot18 executed MOVE_FORWARD
[14:36:05.493] Starting turn for Bot24
[14:36:05.493] Bot24 rotated left to face EAST
[14:36:05.493] Bot24 executed ROTATE_LEFT
[14:36:05.493] Bot24 moved forward to (3,4)
[14:36:05.493] Bot24 executed MOVE_FORWARD
[14:36:05.493] Starting turn for Bot18
[14:36:05.493] Bot18 rotated left to face WEST
[14:36:05.493] Bot18 executed ROTATE_LEFT
[14:36:05.493] Bot18 moved forward to (6,5)
[14:36:05.493] Bot18 executed MOVE_FORWARD
[14:36:05.493] Starting turn for Bot24
[14:36:05.493] Bot24 rotated right to face SOUTH
[14:36:05.493] Bot24 executed ROTATE_RIGHT
[14:36:05.493] Bot24 moved forward to (4,4)
[14:36:05.493] Bot24 executed MOVE_FORWARD
[14:36:05.493] Starting turn for Bot18
[14:36:05.493] Bot18 rotated right to face NORTH
[14:36:05.493] Bot18 executed ROTATE_RIGHT
[14:36:05.493] Starting turn for Bot24
[14:36:05.493] Bot24 rotated left to face EAST
[14:36:05.493] Bot24 executed ROTATE_LEFT
[14:36:05.493] Bot24 moved forward to (4,5)
[14:36:05.493] Bot24 executed MOVE_FORWARD
[14:36:05.493] Starting turn for Bot18
[14:36:05.493] Starting turn for Bot24
[14:36:05.493] Bot24 rotated right to face SOUTH
[14:36:05.493] Bot24 executed ROTATE_RIGHT
[14:36:05.493] Starting turn for Bot18
[14:36:05.493] Bot18 rotated right to face EAST
[14:36:05.493] Bot18 executed ROTATE_RIGHT
[14:36:05.493] Bot18 moved forward to (6,6)
[14:36:05.493] Bot18 executed MOVE_FORWARD
[14:36:05.493] Starting turn for Bot24
[14:36:05.493] Starting turn for Bot18
[14:36:05.493] Bot18 rotated left to face NORTH
[14:36:05.493] Bot18 executed ROTATE_LEFT
[14:36:05.493] Bot18 rotated left to face WEST
[14:36:05.493] Bot18 executed ROTATE_LEFT
[14:36:05.493] Bot18 moved forward to (6,5)
[14:36:05.493] Bot18 executed MOVE_FORWARD
[14:36:05.493] Starting turn for Bot24
[14:36:05.493] Bot24 rotated left to face EAST
[14:36:05.493] Bot24 executed ROTATE_LEFT
[14:36:05.493] Bot24 rotated left to face NORTH
[14:36:05.493] Bot24 executed ROTATE_LEFT
[14:36:05.493] Bot24 moved forward to (3,5)
[14:36:05.493] Bot24 executed MOVE_FORWARD
[14:36:05.493] Starting turn for Bot18
[14:36:05.493] Bot18 rotated right to face NORTH
[14:36:05.493] Bot18 executed ROTATE_RIGHT
[14:36:05.493] Starting turn for Bot24
[14:36:05.493] Bot24 rotated left to face WEST
[14:36:05.493] Bot24 executed ROTATE_LEFT
[14:36:05.493] Bot24 rotated left to face SOUTH
[14:36:05.493] Bot24 executed ROTATE_LEFT
[14:36:05.493] Bot24 moved forward to (4,5)
[14:36:05.493] Bot24 executed MOVE_FORWARD
[14:36:05.493] Starting turn for Bot18
[14:36:05.493] Starting turn for Bot24
[14:36:05.493] Starting turn for Bot18
[14:36:05.493] Bot18 rotated right to face EAST
[14:36:05.493] Bot18 executed ROTATE_RIGHT
[14:36:05.493] Bot18 moved forward to (6,6)
[14:36:05.493] Bot18 executed MOVE_FORWARD
[14:36:05.493] Starting turn for Bot24
[14:36:05.493] Starting turn for Bot18
[14:36:05.493] Bot18 rotated left to face NORTH
[14:36:05.493] Bot18 executed ROTATE_LEFT
[14:36:05.493] Bot18 rotated left to face WEST
[14:36:05.493] Bot18 executed ROTATE_LEFT
[14:36:05.493] Bot18 moved forward to (6,5)
[14:36:05.493] Bot18 executed MOVE_FORWARD
[14:36:05.493] Starting turn for Bot24
[14:36:05.493] Bot24 rotated left to face EAST
[14:36:05.493] Bot24 executed ROTATE_LEFT
[14:36:05.493] Bot24 rotated left to face NORTH
[14:36:05.493] Bot24 executed ROTATE_LEFT
[14:36:05.493] Bot24 moved forward to (3,5)
[14:36:05.493] Bot24 executed MOVE_FORWARD
[14:36:05.493] Starting turn for Bot18
[14:36:05.493] Bot18 rotated right to face NORTH
[14:36:05.493] Bot18 executed ROTATE_RIGHT
[14:36:05.493] Starting turn for Bot24
[14:36:05.493] Bot24 rotated left to face WEST
[14:36:05.493] Bot24 executed ROTATE_LEFT
[14:36:05.493] Bot24 rotated left to face SOUTH
[14:36:05.493] Bot24 executed ROTATE_LEFT
[14:36:05.493] Bot24 moved forward to (4,5)
[14:36:05.493] Bot24 executed MOVE_FORWARD
[14:36:05.493] Starting turn for Bot18
[14:36:05.493] Starting turn for Bot24
[14:36:05.493] Starting turn for Bot18
[14:36:05.493] Bot18 rotated right to face EAST
[14:36:05.493] Bot18 executed ROTATE_RIGHT
[14:36:05.493] Bot18 moved forward to (6,6)
[14:36:05.493] Bot18 executed MOVE_FORWARD
[14:36:05.494] Starting turn for Bot24
[14:36:05.494] Starting turn for Bot18
[14:36:05.494] Bot18 rotated left to face NORTH
[14:36:05.494] Bot18 executed ROTATE_LEFT
[14:36:05.494] Bot18 rotated left to face WEST
[14:36:05.494] Bot18 executed ROTATE_LEFT
[14:36:05.494] Bot18 moved forward to (6,5)
[14:36:05.494] Bot18 executed MOVE_FORWARD
[14:36:05.494] Starting turn for Bot24
[14:36:05.494] Bot24 rotated left to face EAST
[14:36:05.494] Bot24 executed ROTATE_LEFT
[14:36:05.494] Bot24 rotated left to face NORTH
[14:36:05.494] Bot24 executed ROTATE_LEFT
[14:36:05.494] Bot24 moved forward to (3,5)
[14:36:05.494] Bot24 executed MOVE_FORWARD
[14:36:05.494] Starting turn for Bot18
[14:36:05.494] Bot18 rotated right to face NORTH
[14:36:05.494] Bot18 executed ROTATE_RIGHT
[14:36:05.494] Starting turn for Bot24
[14:36:05.494] Bot24 rotated left to face WEST
[14:36:05.494] Bot24 executed ROTATE_LEFT
[14:36:05.494] Bot24 rotated left to face SOUTH
[14:36:05.494] Bot24 executed ROTATE_LEFT
[14:36:05.494] Bot24 moved forward to (4,5)
[14:36:05.494] Bot24 executed MOVE_FORWARD
[14:36:05.494] Starting turn for Bot18
[14:36:05.494] Starting turn for Bot24
[14:36:05.494] Starting turn for Bot18
[14:36:05.494] Stalemate detected: State repeated 10 times, unchanged for 1 turns
[14:36:05.494] Game Over! Stalemate detected!
[14:36:05.494] Stalemate detected: State repeated 10 times, unchanged for 1 turns
