[14:36:02.364] === Game Started at 2025-02-04_14-36-02 ===
[14:36:02.364] Game initialized with 2 players
[14:36:02.364] Board size: 10
[14:36:02.364] Obstacle density: 0.05
[14:36:02.364] Max turns: 1000
[14:36:02.364] Player Bot15 starting at position (0,0) facing WEST
[14:36:02.364] Player Bot27 starting at position (9,9) facing NORTH
[14:36:02.364] Obstacles at positions: (1,6) (2,2) (4,1) (5,8) (8,2)
[14:36:02.364] Starting turn for Bot15
[14:36:02.364] Bot15 rotated left to face SOUTH
[14:36:02.364] Bot15 executed ROTATE_LEFT
[14:36:02.364] Bot15 rotated left to face EAST
[14:36:02.364] Bot15 executed ROTATE_LEFT
[14:36:02.364] Bot15 moved forward to (0,1)
[14:36:02.364] Bot15 executed MOVE_FORWARD
[14:36:02.364] Starting turn for Bot27
[14:36:02.364] Bot27 rotated left to face WEST
[14:36:02.364] Bot27 executed ROTATE_LEFT
[14:36:02.364] Bot27 moved forward to (9,8)
[14:36:02.364] Bot27 executed MOVE_FORWARD
[14:36:02.364] Starting turn for Bot15
[14:36:02.364] Bot15 rotated right to face SOUTH
[14:36:02.364] Bot15 executed ROTATE_RIGHT
[14:36:02.364] Bot15 moved forward to (1,1)
[14:36:02.364] Bot15 executed MOVE_FORWARD
[14:36:02.364] Starting turn for Bot27
[14:36:02.364] Bot27 rotated right to face NORTH
[14:36:02.364] Bot27 executed ROTATE_RIGHT
[14:36:02.364] Bot27 moved forward to (8,8)
[14:36:02.364] Bot27 executed MOVE_FORWARD
[14:36:02.364] Starting turn for Bot15
[14:36:02.364] Bot15 rotated left to face EAST
[14:36:02.364] Bot15 executed ROTATE_LEFT
[14:36:02.364] Bot15 moved forward to (1,2)
[14:36:02.364] Bot15 executed MOVE_FORWARD
[14:36:02.364] Starting turn for Bot27
[14:36:02.364] Bot27 rotated left to face WEST
[14:36:02.364] Bot27 executed ROTATE_LEFT
[14:36:02.364] Bot27 moved forward to (8,7)
[14:36:02.364] Bot27 executed MOVE_FORWARD
[14:36:02.364] Starting turn for Bot15
[14:36:02.364] Bot15 rotated right to face SOUTH
[14:36:02.364] Bot15 executed ROTATE_RIGHT
[14:36:02.364] Starting turn for Bot27
[14:36:02.364] Bot27 rotated right to face NORTH
[14:36:02.364] Bot27 executed ROTATE_RIGHT
[14:36:02.364] Bot27 moved forward to (7,7)
[14:36:02.364] Bot27 executed MOVE_FORWARD
[14:36:02.364] Starting turn for Bot15
[14:36:02.364] Starting turn for Bot27
[14:36:02.364] Bot27 rotated left to face WEST
[14:36:02.364] Bot27 executed ROTATE_LEFT
[14:36:02.364] Bot27 moved forward to (7,6)
[14:36:02.364] Bot27 executed MOVE_FORWARD
[14:36:02.364] Starting turn for Bot15
[14:36:02.364] Bot15 rotated left to face EAST
[14:36:02.364] Bot15 executed ROTATE_LEFT
[14:36:02.364] Bot15 rotated left to face NORTH
[14:36:02.364] Bot15 executed ROTATE_LEFT
[14:36:02.364] Bot15 moved forward to (0,2)
[14:36:02.364] Bot15 executed MOVE_FORWARD
[14:36:02.364] Starting turn for Bot27
[14:36:02.364] Bot27 rotated right to face NORTH
[14:36:02.364] Bot27 executed ROTATE_RIGHT
[14:36:02.364] Bot27 moved forward to (6,6)
[14:36:02.364] Bot27 executed MOVE_FORWARD
[14:36:02.364] Starting turn for Bot15
[14:36:02.364] Bot15 rotated left to face WEST
[14:36:02.364] Bot15 executed ROTATE_LEFT
[14:36:02.364] Bot15 rotated left to face SOUTH
[14:36:02.364] Bot15 executed ROTATE_LEFT
[14:36:02.364] Bot15 moved forward to (1,2)
[14:36:02.364] Bot15 executed MOVE_FORWARD
[14:36:02.364] Starting turn for Bot27
[14:36:02.364] Bot27 rotated left to face WEST
[14:36:02.364] Bot27 executed ROTATE_LEFT
[14:36:02.364] Bot27 moved forward to (6,5)
[14:36:02.364] Bot27 executed MOVE_FORWARD
[14:36:02.364] Starting turn for Bot15
[14:36:02.364] Starting turn for Bot27
[14:36:02.364] Bot27 rotated right to face NORTH
[14:36:02.364] Bot27 executed ROTATE_RIGHT
[14:36:02.364] Bot27 moved forward to (5,5)
[14:36:02.364] Bot27 executed MOVE_FORWARD
[14:36:02.364] Starting turn for Bot15
[14:36:02.364] Starting turn for Bot27
[14:36:02.364] Starting turn for Bot15
[14:36:02.364] Bot15 rotated left to face EAST
[14:36:02.364] Bot15 executed ROTATE_LEFT
[14:36:02.364] Bot15 rotated left to face NORTH
[14:36:02.364] Bot15 executed ROTATE_LEFT
[14:36:02.364] Bot15 moved forward to (0,2)
[14:36:02.364] Bot15 executed MOVE_FORWARD
[14:36:02.364] Starting turn for Bot27
[14:36:02.364] Starting turn for Bot15
[14:36:02.364] Bot15 rotated left to face WEST
[14:36:02.364] Bot15 executed ROTATE_LEFT
[14:36:02.364] Bot15 rotated left to face SOUTH
[14:36:02.364] Bot15 executed ROTATE_LEFT
[14:36:02.364] Bot15 moved forward to (1,2)
[14:36:02.364] Bot15 executed MOVE_FORWARD
[14:36:02.364] Starting turn for Bot27
[14:36:02.364] Starting turn for Bot15
[14:36:02.364] Starting turn for Bot27
[14:36:02.364] Starting turn for Bot15
[14:36:02.364] Starting turn for Bot27
[14:36:02.364] Starting turn for Bot15
[14:36:02.364] Bot15 rotated left to face EAST
[14:36:02.364] Bot15 executed ROTATE_LEFT
[14:36:02.364] Bot15 rotated left to face NORTH
[14:36:02.364] Bot15 executed ROTATE_LEFT
[14:36:02.364] Bot15 moved forward to (0,2)
[14:36:02.364] Bot15 executed MOVE_FORWARD
[14:36:02.364] Starting turn for Bot27
[14:36:02.364] Starting turn for Bot15
[14:36:02.364] Bot15 rotated left to face WEST
[14:36:02.364] Bot15 executed ROTATE_LEFT
[14:36:02.364] Bot15 rotated left to face SOUTH
[14:36:02.364] Bot15 executed ROTATE_LEFT
[14:36:02.364] Bot15 moved forward to (1,2)
[14:36:02.364] Bot15 executed MOVE_FORWARD
[14:36:02.364] Starting turn for Bot27
[14:36:02.364] Starting turn for Bot15
[14:36:02.364] Starting turn for Bot27
[14:36:02.364] Starting turn for Bot15
[14:36:02.364] Starting turn for Bot27
[14:36:02.364] Starting turn for Bot15
[14:36:02.364] Bot15 rotated left to face EAST
[14:36:02.364] Bot15 executed ROTATE_LEFT
[14:36:02.364] Bot15 rotated left to face NORTH
[14:36:02.364] Bot15 executed ROTATE_LEFT
[14:36:02.364] Bot15 moved forward to (0,2)
[14:36:02.364] Bot15 executed MOVE_FORWARD
[14:36:02.364] Starting turn for Bot27
[14:36:02.364] Starting turn for Bot15
[14:36:02.364] Bot15 rotated left to face WEST
[14:36:02.365] Bot15 executed ROTATE_LEFT
[14:36:02.365] Bot15 rotated left to face SOUTH
[14:36:02.365] Bot15 executed ROTATE_LEFT
[14:36:02.365] Bot15 moved forward to (1,2)
[14:36:02.365] Bot15 executed MOVE_FORWARD
[14:36:02.365] Starting turn for Bot27
[14:36:02.365] Starting turn for Bot15
[14:36:02.365] Starting turn for Bot27
[14:36:02.365] Stalemate detected: State repeated 10 times, unchanged for 1 turns
[14:36:02.365] Game Over! Stalemate detected!
[14:36:02.365] Stalemate detected: State repeated 10 times, unchanged for 1 turns
