[14:36:06.032] === Game Started at 2025-02-04_14-36-06 ===
[14:36:06.032] Game initialized with 2 players
[14:36:06.032] Board size: 10
[14:36:06.032] Obstacle density: 0.05
[14:36:06.032] Max turns: 1000
[14:36:06.032] Player Bot37 starting at position (0,0) facing WEST
[14:36:06.032] Player Bot18 starting at position (9,9) facing SOUTH
[14:36:06.032] Obstacles at positions: (2,2) (3,7) (4,5) (8,0) (8,7)
[14:36:06.032] Starting turn for Bot37
[14:36:06.032] Bot37 rotated left to face SOUTH
[14:36:06.032] Bot37 executed ROTATE_LEFT
[14:36:06.032] Bot37 rotated left to face EAST
[14:36:06.032] Bot37 executed ROTATE_LEFT
[14:36:06.032] Bot37 moved forward to (0,1)
[14:36:06.032] Bot37 executed MOVE_FORWARD
[14:36:06.032] Starting turn for Bot18
[14:36:06.032] Bot18 rotated right to face WEST
[14:36:06.032] Bot18 executed ROTATE_RIGHT
[14:36:06.032] Bot18 moved forward to (9,8)
[14:36:06.032] Bot18 executed MOVE_FORWARD
[14:36:06.032] Starting turn for Bot37
[14:36:06.032] Bot37 rotated right to face SOUTH
[14:36:06.032] Bot37 executed ROTATE_RIGHT
[14:36:06.032] Bot37 moved forward to (1,1)
[14:36:06.032] Bot37 executed MOVE_FORWARD
[14:36:06.032] Starting turn for Bot18
[14:36:06.032] Bot18 rotated right to face NORTH
[14:36:06.032] Bot18 executed ROTATE_RIGHT
[14:36:06.032] Bot18 moved forward to (8,8)
[14:36:06.032] Bot18 executed MOVE_FORWARD
[14:36:06.032] Starting turn for Bot37
[14:36:06.032] Bot37 rotated left to face EAST
[14:36:06.032] Bot37 executed ROTATE_LEFT
[14:36:06.032] Bot37 moved forward to (1,2)
[14:36:06.032] Bot37 executed MOVE_FORWARD
[14:36:06.032] Starting turn for Bot18
[14:36:06.032] Bot18 rotated left to face WEST
[14:36:06.032] Bot18 executed ROTATE_LEFT
[14:36:06.032] Starting turn for Bot37
[14:36:06.032] Bot37 rotated right to face SOUTH
[14:36:06.032] Bot37 executed ROTATE_RIGHT
[14:36:06.032] Starting turn for Bot18
[14:36:06.032] Starting turn for Bot37
[14:36:06.032] Starting turn for Bot18
[14:36:06.032] Bot18 rotated right to face NORTH
[14:36:06.032] Bot18 executed ROTATE_RIGHT
[14:36:06.032] Bot18 moved forward to (7,8)
[14:36:06.032] Bot18 executed MOVE_FORWARD
[14:36:06.032] Starting turn for Bot37
[14:36:06.032] Bot37 rotated left to face EAST
[14:36:06.032] Bot37 executed ROTATE_LEFT
[14:36:06.032] Bot37 rotated left to face NORTH
[14:36:06.032] Bot37 executed ROTATE_LEFT
[14:36:06.032] Bot37 moved forward to (0,2)
[14:36:06.032] Bot37 executed MOVE_FORWARD
[14:36:06.032] Starting turn for Bot18
[14:36:06.032] Bot18 rotated left to face WEST
[14:36:06.032] Bot18 executed ROTATE_LEFT
[14:36:06.032] Bot18 moved forward to (7,7)
[14:36:06.032] Bot18 executed MOVE_FORWARD
[14:36:06.032] Starting turn for Bot37
[14:36:06.032] Bot37 rotated left to face WEST
[14:36:06.032] Bot37 executed ROTATE_LEFT
[14:36:06.032] Bot37 rotated left to face SOUTH
[14:36:06.032] Bot37 executed ROTATE_LEFT
[14:36:06.032] Bot37 moved forward to (1,2)
[14:36:06.032] Bot37 executed MOVE_FORWARD
[14:36:06.032] Starting turn for Bot18
[14:36:06.032] Bot18 moved forward to (7,6)
[14:36:06.032] Bot18 executed MOVE_FORWARD
[14:36:06.032] Starting turn for Bot37
[14:36:06.032] Starting turn for Bot18
[14:36:06.032] Bot18 rotated right to face NORTH
[14:36:06.032] Bot18 executed ROTATE_RIGHT
[14:36:06.032] Bot18 moved forward to (6,6)
[14:36:06.032] Bot18 executed MOVE_FORWARD
[14:36:06.032] Starting turn for Bot37
[14:36:06.032] Starting turn for Bot18
[14:36:06.032] Bot18 rotated left to face WEST
[14:36:06.032] Bot18 executed ROTATE_LEFT
[14:36:06.032] Bot18 moved forward to (6,5)
[14:36:06.032] Bot18 executed MOVE_FORWARD
[14:36:06.032] Starting turn for Bot37
[14:36:06.032] Bot37 rotated left to face EAST
[14:36:06.032] Bot37 executed ROTATE_LEFT
[14:36:06.032] Bot37 rotated left to face NORTH
[14:36:06.032] Bot37 executed ROTATE_LEFT
[14:36:06.032] Bot37 moved forward to (0,2)
[14:36:06.032] Bot37 executed MOVE_FORWARD
[14:36:06.032] Starting turn for Bot18
[14:36:06.032] Bot18 rotated right to face NORTH
[14:36:06.032] Bot18 executed ROTATE_RIGHT
[14:36:06.032] Bot18 moved forward to (5,5)
[14:36:06.032] Bot18 executed MOVE_FORWARD
[14:36:06.032] Starting turn for Bot37
[14:36:06.032] Bot37 rotated left to face WEST
[14:36:06.032] Bot37 executed ROTATE_LEFT
[14:36:06.032] Bot37 rotated left to face SOUTH
[14:36:06.032] Bot37 executed ROTATE_LEFT
[14:36:06.032] Bot37 moved forward to (1,2)
[14:36:06.032] Bot37 executed MOVE_FORWARD
[14:36:06.032] Starting turn for Bot18
[14:36:06.032] Starting turn for Bot37
[14:36:06.032] Starting turn for Bot18
[14:36:06.032] Starting turn for Bot37
[14:36:06.032] Starting turn for Bot18
[14:36:06.032] Starting turn for Bot37
[14:36:06.032] Bot37 rotated left to face EAST
[14:36:06.032] Bot37 executed ROTATE_LEFT
[14:36:06.032] Bot37 rotated left to face NORTH
[14:36:06.032] Bot37 executed ROTATE_LEFT
[14:36:06.032] Bot37 moved forward to (0,2)
[14:36:06.032] Bot37 executed MOVE_FORWARD
[14:36:06.032] Starting turn for Bot18
[14:36:06.032] Starting turn for Bot37
[14:36:06.032] Bot37 rotated left to face WEST
[14:36:06.032] Bot37 executed ROTATE_LEFT
[14:36:06.032] Bot37 rotated left to face SOUTH
[14:36:06.032] Bot37 executed ROTATE_LEFT
[14:36:06.032] Bot37 moved forward to (1,2)
[14:36:06.032] Bot37 executed MOVE_FORWARD
[14:36:06.032] Starting turn for Bot18
[14:36:06.032] Starting turn for Bot37
[14:36:06.032] Starting turn for Bot18
[14:36:06.032] Starting turn for Bot37
[14:36:06.032] Starting turn for Bot18
[14:36:06.032] Starting turn for Bot37
[14:36:06.032] Bot37 rotated left to face EAST
[14:36:06.032] Bot37 executed ROTATE_LEFT
[14:36:06.032] Bot37 rotated left to face NORTH
[14:36:06.032] Bot37 executed ROTATE_LEFT
[14:36:06.032] Bot37 moved forward to (0,2)
[14:36:06.032] Bot37 executed MOVE_FORWARD
[14:36:06.032] Starting turn for Bot18
[14:36:06.032] Starting turn for Bot37
[14:36:06.032] Bot37 rotated left to face WEST
[14:36:06.032] Bot37 executed ROTATE_LEFT
[14:36:06.032] Bot37 rotated left to face SOUTH
[14:36:06.032] Bot37 executed ROTATE_LEFT
[14:36:06.032] Bot37 moved forward to (1,2)
[14:36:06.032] Bot37 executed MOVE_FORWARD
[14:36:06.032] Starting turn for Bot18
[14:36:06.032] Starting turn for Bot37
[14:36:06.032] Starting turn for Bot18
[14:36:06.032] Stalemate detected: State repeated 10 times, unchanged for 1 turns
[14:36:06.032] Game Over! Stalemate detected!
[14:36:06.032] Stalemate detected: State repeated 10 times, unchanged for 1 turns
