[14:35:47.794] === Game Started at 2025-02-04_14-35-47 ===
[14:35:47.794] Game initialized with 2 players
[14:35:47.794] Board size: 10
[14:35:47.794] Obstacle density: 0.05
[14:35:47.794] Max turns: 1000
[14:35:47.794] Player Bot16 starting at position (0,0) facing EAST
[14:35:47.794] Player Bot5 starting at position (9,9) facing SOUTH
[14:35:47.794] Obstacles at positions: (0,4) (1,2) (2,5) (8,7) (8,8)
[14:35:47.794] Starting turn for Bot16
[14:35:47.794] Bot16 moved forward to (0,1)
[14:35:47.794] Bot16 executed MOVE_FORWARD
[14:35:47.794] Starting turn for Bot5
[14:35:47.794] Bot5 rotated right to face WEST
[14:35:47.794] Bot5 executed ROTATE_RIGHT
[14:35:47.794] Bot5 moved forward to (9,8)
[14:35:47.794] Bot5 executed MOVE_FORWARD
[14:35:47.794] Starting turn for Bot16
[14:35:47.794] Bot16 rotated right to face SOUTH
[14:35:47.794] Bot16 executed ROTATE_RIGHT
[14:35:47.794] Bot16 moved forward to (1,1)
[14:35:47.794] Bot16 executed MOVE_FORWARD
[14:35:47.794] Starting turn for Bot5
[14:35:47.794] Bot5 rotated right to face NORTH
[14:35:47.794] Bot5 executed ROTATE_RIGHT
[14:35:47.794] Starting turn for Bot16
[14:35:47.794] Bot16 rotated left to face EAST
[14:35:47.794] Bot16 executed ROTATE_LEFT
[14:35:47.794] Starting turn for Bot5
[14:35:47.794] Starting turn for Bot16
[14:35:47.794] Starting turn for Bot5
[14:35:47.794] Bot5 rotated right to face EAST
[14:35:47.794] Bot5 executed ROTATE_RIGHT
[14:35:47.794] Bot5 moved forward to (9,9)
[14:35:47.794] Bot5 executed MOVE_FORWARD
[14:35:47.794] Starting turn for Bot16
[14:35:47.794] Bot16 rotated left to face NORTH
[14:35:47.794] Bot16 executed ROTATE_LEFT
[14:35:47.794] Bot16 moved forward to (0,1)
[14:35:47.794] Bot16 executed MOVE_FORWARD
[14:35:47.794] Starting turn for Bot5
[14:35:47.794] Bot5 rotated left to face NORTH
[14:35:47.794] Bot5 executed ROTATE_LEFT
[14:35:47.794] Bot5 rotated left to face WEST
[14:35:47.794] Bot5 executed ROTATE_LEFT
[14:35:47.794] Bot5 moved forward to (9,8)
[14:35:47.794] Bot5 executed MOVE_FORWARD
[14:35:47.794] Starting turn for Bot16
[14:35:47.794] Bot16 rotated left to face WEST
[14:35:47.794] Bot16 executed ROTATE_LEFT
[14:35:47.794] Bot16 rotated left to face SOUTH
[14:35:47.794] Bot16 executed ROTATE_LEFT
[14:35:47.794] Bot16 moved forward to (1,1)
[14:35:47.794] Bot16 executed MOVE_FORWARD
[14:35:47.794] Starting turn for Bot5
[14:35:47.794] Bot5 rotated right to face NORTH
[14:35:47.794] Bot5 executed ROTATE_RIGHT
[14:35:47.794] Starting turn for Bot16
[14:35:47.794] Bot16 rotated left to face EAST
[14:35:47.794] Bot16 executed ROTATE_LEFT
[14:35:47.794] Starting turn for Bot5
[14:35:47.794] Starting turn for Bot16
[14:35:47.794] Starting turn for Bot5
[14:35:47.794] Bot5 rotated right to face EAST
[14:35:47.794] Bot5 executed ROTATE_RIGHT
[14:35:47.794] Bot5 moved forward to (9,9)
[14:35:47.794] Bot5 executed MOVE_FORWARD
[14:35:47.794] Starting turn for Bot16
[14:35:47.794] Bot16 rotated left to face NORTH
[14:35:47.794] Bot16 executed ROTATE_LEFT
[14:35:47.794] Bot16 moved forward to (0,1)
[14:35:47.794] Bot16 executed MOVE_FORWARD
[14:35:47.794] Starting turn for Bot5
[14:35:47.794] Bot5 rotated left to face NORTH
[14:35:47.794] Bot5 executed ROTATE_LEFT
[14:35:47.794] Bot5 rotated left to face WEST
[14:35:47.794] Bot5 executed ROTATE_LEFT
[14:35:47.794] Bot5 moved forward to (9,8)
[14:35:47.794] Bot5 executed MOVE_FORWARD
[14:35:47.794] Starting turn for Bot16
[14:35:47.794] Bot16 rotated left to face WEST
[14:35:47.794] Bot16 executed ROTATE_LEFT
[14:35:47.794] Bot16 rotated left to face SOUTH
[14:35:47.794] Bot16 executed ROTATE_LEFT
[14:35:47.794] Bot16 moved forward to (1,1)
[14:35:47.794] Bot16 executed MOVE_FORWARD
[14:35:47.794] Starting turn for Bot5
[14:35:47.794] Bot5 rotated right to face NORTH
[14:35:47.794] Bot5 executed ROTATE_RIGHT
[14:35:47.794] Starting turn for Bot16
[14:35:47.794] Bot16 rotated left to face EAST
[14:35:47.794] Bot16 executed ROTATE_LEFT
[14:35:47.794] Starting turn for Bot5
[14:35:47.794] Starting turn for Bot16
[14:35:47.794] Starting turn for Bot5
[14:35:47.794] Bot5 rotated right to face EAST
[14:35:47.794] Bot5 executed ROTATE_RIGHT
[14:35:47.794] Bot5 moved forward to (9,9)
[14:35:47.794] Bot5 executed MOVE_FORWARD
[14:35:47.794] Starting turn for Bot16
[14:35:47.794] Bot16 rotated left to face NORTH
[14:35:47.794] Bot16 executed ROTATE_LEFT
[14:35:47.794] Bot16 moved forward to (0,1)
[14:35:47.794] Bot16 executed MOVE_FORWARD
[14:35:47.794] Starting turn for Bot5
[14:35:47.794] Bot5 rotated left to face NORTH
[14:35:47.794] Bot5 executed ROTATE_LEFT
[14:35:47.794] Bot5 rotated left to face WEST
[14:35:47.794] Bot5 executed ROTATE_LEFT
[14:35:47.794] Bot5 moved forward to (9,8)
[14:35:47.794] Bot5 executed MOVE_FORWARD
[14:35:47.794] Starting turn for Bot16
[14:35:47.794] Bot16 rotated left to face WEST
[14:35:47.794] Bot16 executed ROTATE_LEFT
[14:35:47.794] Bot16 rotated left to face SOUTH
[14:35:47.794] Bot16 executed ROTATE_LEFT
[14:35:47.794] Bot16 moved forward to (1,1)
[14:35:47.794] Bot16 executed MOVE_FORWARD
[14:35:47.794] Starting turn for Bot5
[14:35:47.794] Bot5 rotated right to face NORTH
[14:35:47.794] Bot5 executed ROTATE_RIGHT
[14:35:47.794] Starting turn for Bot16
[14:35:47.794] Bot16 rotated left to face EAST
[14:35:47.794] Bot16 executed ROTATE_LEFT
[14:35:47.794] Starting turn for Bot5
[14:35:47.794] Starting turn for Bot16
[14:35:47.794] Starting turn for Bot5
[14:35:47.794] Bot5 rotated right to face EAST
[14:35:47.794] Bot5 executed ROTATE_RIGHT
[14:35:47.794] Bot5 moved forward to (9,9)
[14:35:47.794] Bot5 executed MOVE_FORWARD
[14:35:47.794] Starting turn for Bot16
[14:35:47.794] Bot16 rotated left to face NORTH
[14:35:47.794] Bot16 executed ROTATE_LEFT
[14:35:47.794] Bot16 moved forward to (0,1)
[14:35:47.794] Bot16 executed MOVE_FORWARD
[14:35:47.794] Starting turn for Bot5
[14:35:47.794] Bot5 rotated left to face NORTH
[14:35:47.794] Bot5 executed ROTATE_LEFT
[14:35:47.794] Bot5 rotated left to face WEST
[14:35:47.794] Bot5 executed ROTATE_LEFT
[14:35:47.794] Bot5 moved forward to (9,8)
[14:35:47.794] Bot5 executed MOVE_FORWARD
[14:35:47.794] Starting turn for Bot16
[14:35:47.794] Bot16 rotated left to face WEST
[14:35:47.794] Bot16 executed ROTATE_LEFT
[14:35:47.794] Bot16 rotated left to face SOUTH
[14:35:47.794] Bot16 executed ROTATE_LEFT
[14:35:47.794] Bot16 moved forward to (1,1)
[14:35:47.794] Bot16 executed MOVE_FORWARD
[14:35:47.794] Starting turn for Bot5
[14:35:47.794] Bot5 rotated right to face NORTH
[14:35:47.794] Bot5 executed ROTATE_RIGHT
[14:35:47.794] Starting turn for Bot16
[14:35:47.794] Bot16 rotated left to face EAST
[14:35:47.794] Bot16 executed ROTATE_LEFT
[14:35:47.794] Starting turn for Bot5
[14:35:47.794] Starting turn for Bot16
[14:35:47.794] Starting turn for Bot5
[14:35:47.794] Stalemate detected: State repeated 10 times, unchanged for 1 turns
[14:35:47.794] Game Over! Stalemate detected!
[14:35:47.794] Stalemate detected: State repeated 10 times, unchanged for 1 turns
