[14:35:59.966] === Game Started at 2025-02-04_14-35-59 ===
[14:35:59.966] Game initialized with 2 players
[14:35:59.966] Board size: 10
[14:35:59.966] Obstacle density: 0.05
[14:35:59.966] Max turns: 1000
[14:35:59.966] Player Bot13 starting at position (0,0) facing WEST
[14:35:59.966] Player Bot29 starting at position (9,9) facing SOUTH
[14:35:59.966] Obstacles at positions: (0,4) (3,4) (4,0) (6,7) (8,8)
[14:35:59.966] Starting turn for Bot13
[14:35:59.966] Bot13 rotated left to face SOUTH
[14:35:59.966] Bot13 executed ROTATE_LEFT
[14:35:59.966] Bot13 rotated left to face EAST
[14:35:59.966] Bot13 executed ROTATE_LEFT
[14:35:59.966] Bot13 moved forward to (0,1)
[14:35:59.966] Bot13 executed MOVE_FORWARD
[14:35:59.966] Starting turn for Bot29
[14:35:59.966] Bot29 rotated right to face WEST
[14:35:59.966] Bot29 executed ROTATE_RIGHT
[14:35:59.966] Bot29 moved forward to (9,8)
[14:35:59.966] Bot29 executed MOVE_FORWARD
[14:35:59.966] Starting turn for Bot13
[14:35:59.966] Bot13 rotated right to face SOUTH
[14:35:59.966] Bot13 executed ROTATE_RIGHT
[14:35:59.966] Bot13 moved forward to (1,1)
[14:35:59.966] Bot13 executed MOVE_FORWARD
[14:35:59.966] Starting turn for Bot29
[14:35:59.966] Bot29 rotated right to face NORTH
[14:35:59.966] Bot29 executed ROTATE_RIGHT
[14:35:59.966] Starting turn for Bot13
[14:35:59.966] Bot13 rotated left to face EAST
[14:35:59.966] Bot13 executed ROTATE_LEFT
[14:35:59.966] Bot13 moved forward to (1,2)
[14:35:59.966] Bot13 executed MOVE_FORWARD
[14:35:59.966] Starting turn for Bot29
[14:35:59.966] Starting turn for Bot13
[14:35:59.966] Bot13 rotated right to face SOUTH
[14:35:59.966] Bot13 executed ROTATE_RIGHT
[14:35:59.966] Bot13 moved forward to (2,2)
[14:35:59.966] Bot13 executed MOVE_FORWARD
[14:35:59.966] Starting turn for Bot29
[14:35:59.966] Bot29 rotated right to face EAST
[14:35:59.966] Bot29 executed ROTATE_RIGHT
[14:35:59.966] Bot29 moved forward to (9,9)
[14:35:59.966] Bot29 executed MOVE_FORWARD
[14:35:59.966] Starting turn for Bot13
[14:35:59.966] Bot13 rotated left to face EAST
[14:35:59.966] Bot13 executed ROTATE_LEFT
[14:35:59.966] Bot13 moved forward to (2,3)
[14:35:59.966] Bot13 executed MOVE_FORWARD
[14:35:59.966] Starting turn for Bot29
[14:35:59.966] Bot29 rotated left to face NORTH
[14:35:59.966] Bot29 executed ROTATE_LEFT
[14:35:59.966] Bot29 rotated left to face WEST
[14:35:59.966] Bot29 executed ROTATE_LEFT
[14:35:59.966] Bot29 moved forward to (9,8)
[14:35:59.966] Bot29 executed MOVE_FORWARD
[14:35:59.966] Starting turn for Bot13
[14:35:59.966] Bot13 rotated right to face SOUTH
[14:35:59.966] Bot13 executed ROTATE_RIGHT
[14:35:59.966] Bot13 moved forward to (3,3)
[14:35:59.966] Bot13 executed MOVE_FORWARD
[14:35:59.966] Starting turn for Bot29
[14:35:59.966] Bot29 rotated right to face NORTH
[14:35:59.966] Bot29 executed ROTATE_RIGHT
[14:35:59.966] Starting turn for Bot13
[14:35:59.966] Bot13 rotated left to face EAST
[14:35:59.966] Bot13 executed ROTATE_LEFT
[14:35:59.966] Starting turn for Bot29
[14:35:59.966] Starting turn for Bot13
[14:35:59.966] Starting turn for Bot29
[14:35:59.966] Bot29 rotated right to face EAST
[14:35:59.966] Bot29 executed ROTATE_RIGHT
[14:35:59.966] Bot29 moved forward to (9,9)
[14:35:59.966] Bot29 executed MOVE_FORWARD
[14:35:59.966] Starting turn for Bot13
[14:35:59.966] Bot13 rotated left to face NORTH
[14:35:59.966] Bot13 executed ROTATE_LEFT
[14:35:59.966] Bot13 moved forward to (2,3)
[14:35:59.966] Bot13 executed MOVE_FORWARD
[14:35:59.966] Starting turn for Bot29
[14:35:59.966] Bot29 rotated left to face NORTH
[14:35:59.966] Bot29 executed ROTATE_LEFT
[14:35:59.966] Bot29 rotated left to face WEST
[14:35:59.966] Bot29 executed ROTATE_LEFT
[14:35:59.966] Bot29 moved forward to (9,8)
[14:35:59.966] Bot29 executed MOVE_FORWARD
[14:35:59.966] Starting turn for Bot13
[14:35:59.966] Bot13 rotated left to face WEST
[14:35:59.966] Bot13 executed ROTATE_LEFT
[14:35:59.966] Bot13 rotated left to face SOUTH
[14:35:59.966] Bot13 executed ROTATE_LEFT
[14:35:59.966] Bot13 moved forward to (3,3)
[14:35:59.966] Bot13 executed MOVE_FORWARD
[14:35:59.966] Starting turn for Bot29
[14:35:59.966] Bot29 rotated right to face NORTH
[14:35:59.966] Bot29 executed ROTATE_RIGHT
[14:35:59.966] Starting turn for Bot13
[14:35:59.966] Bot13 rotated left to face EAST
[14:35:59.966] Bot13 executed ROTATE_LEFT
[14:35:59.966] Starting turn for Bot29
[14:35:59.966] Starting turn for Bot13
[14:35:59.966] Starting turn for Bot29
[14:35:59.966] Bot29 rotated right to face EAST
[14:35:59.966] Bot29 executed ROTATE_RIGHT
[14:35:59.966] Bot29 moved forward to (9,9)
[14:35:59.966] Bot29 executed MOVE_FORWARD
[14:35:59.966] Starting turn for Bot13
[14:35:59.966] Bot13 rotated left to face NORTH
[14:35:59.966] Bot13 executed ROTATE_LEFT
[14:35:59.966] Bot13 moved forward to (2,3)
[14:35:59.966] Bot13 executed MOVE_FORWARD
[14:35:59.966] Starting turn for Bot29
[14:35:59.966] Bot29 rotated left to face NORTH
[14:35:59.966] Bot29 executed ROTATE_LEFT
[14:35:59.966] Bot29 rotated left to face WEST
[14:35:59.966] Bot29 executed ROTATE_LEFT
[14:35:59.966] Bot29 moved forward to (9,8)
[14:35:59.966] Bot29 executed MOVE_FORWARD
[14:35:59.966] Starting turn for Bot13
[14:35:59.966] Bot13 rotated left to face WEST
[14:35:59.966] Bot13 executed ROTATE_LEFT
[14:35:59.966] Bot13 rotated left to face SOUTH
[14:35:59.966] Bot13 executed ROTATE_LEFT
[14:35:59.966] Bot13 moved forward to (3,3)
[14:35:59.966] Bot13 executed MOVE_FORWARD
[14:35:59.966] Starting turn for Bot29
[14:35:59.966] Bot29 rotated right to face NORTH
[14:35:59.966] Bot29 executed ROTATE_RIGHT
[14:35:59.966] Starting turn for Bot13
[14:35:59.966] Bot13 rotated left to face EAST
[14:35:59.966] Bot13 executed ROTATE_LEFT
[14:35:59.966] Starting turn for Bot29
[14:35:59.966] Starting turn for Bot13
[14:35:59.966] Starting turn for Bot29
[14:35:59.966] Bot29 rotated right to face EAST
[14:35:59.966] Bot29 executed ROTATE_RIGHT
[14:35:59.966] Bot29 moved forward to (9,9)
[14:35:59.966] Bot29 executed MOVE_FORWARD
[14:35:59.966] Starting turn for Bot13
[14:35:59.966] Bot13 rotated left to face NORTH
[14:35:59.966] Bot13 executed ROTATE_LEFT
[14:35:59.966] Bot13 moved forward to (2,3)
[14:35:59.966] Bot13 executed MOVE_FORWARD
[14:35:59.966] Starting turn for Bot29
[14:35:59.966] Bot29 rotated left to face NORTH
[14:35:59.966] Bot29 executed ROTATE_LEFT
[14:35:59.966] Bot29 rotated left to face WEST
[14:35:59.966] Bot29 executed ROTATE_LEFT
[14:35:59.966] Bot29 moved forward to (9,8)
[14:35:59.966] Bot29 executed MOVE_FORWARD
[14:35:59.966] Starting turn for Bot13
[14:35:59.966] Bot13 rotated left to face WEST
[14:35:59.966] Bot13 executed ROTATE_LEFT
[14:35:59.966] Bot13 rotated left to face SOUTH
[14:35:59.966] Bot13 executed ROTATE_LEFT
[14:35:59.966] Bot13 moved forward to (3,3)
[14:35:59.966] Bot13 executed MOVE_FORWARD
[14:35:59.966] Starting turn for Bot29
[14:35:59.966] Bot29 rotated right to face NORTH
[14:35:59.966] Bot29 executed ROTATE_RIGHT
[14:35:59.966] Starting turn for Bot13
[14:35:59.966] Bot13 rotated left to face EAST
[14:35:59.966] Bot13 executed ROTATE_LEFT
[14:35:59.966] Starting turn for Bot29
[14:35:59.966] Starting turn for Bot13
[14:35:59.966] Starting turn for Bot29
[14:35:59.966] Stalemate detected: State repeated 10 times, unchanged for 1 turns
[14:35:59.966] Game Over! Stalemate detected!
[14:35:59.966] Stalemate detected: State repeated 10 times, unchanged for 1 turns
