[14:36:15.294] === Game Started at 2025-02-04_14-36-15 ===
[14:36:15.294] Game initialized with 2 players
[14:36:15.294] Board size: 10
[14:36:15.294] Obstacle density: 0.05
[14:36:15.294] Max turns: 1000
[14:36:15.294] Player Bot36 starting at position (0,0) facing WEST
[14:36:15.294] Player Bot33 starting at position (9,9) facing WEST
[14:36:15.294] Obstacles at positions: (1,2) (2,6) (6,6) (6,9) (7,3)
[14:36:15.294] Starting turn for Bot36
[14:36:15.294] Bot36 rotated left to face SOUTH
[14:36:15.294] Bot36 executed ROTATE_LEFT
[14:36:15.294] Bot36 rotated left to face EAST
[14:36:15.294] Bot36 executed ROTATE_LEFT
[14:36:15.294] Bot36 moved forward to (0,1)
[14:36:15.294] Bot36 executed MOVE_FORWARD
[14:36:15.294] Starting turn for Bot33
[14:36:15.294] Bot33 moved forward to (9,8)
[14:36:15.294] Bot33 executed MOVE_FORWARD
[14:36:15.294] Starting turn for Bot36
[14:36:15.294] Bot36 rotated right to face SOUTH
[14:36:15.294] Bot36 executed ROTATE_RIGHT
[14:36:15.294] Bot36 moved forward to (1,1)
[14:36:15.294] Bot36 executed MOVE_FORWARD
[14:36:15.294] Starting turn for Bot33
[14:36:15.294] Bot33 rotated right to face NORTH
[14:36:15.294] Bot33 executed ROTATE_RIGHT
[14:36:15.294] Bot33 moved forward to (8,8)
[14:36:15.294] Bot33 executed MOVE_FORWARD
[14:36:15.294] Starting turn for Bot36
[14:36:15.294] Bot36 rotated left to face EAST
[14:36:15.294] Bot36 executed ROTATE_LEFT
[14:36:15.294] Starting turn for Bot33
[14:36:15.294] Bot33 rotated left to face WEST
[14:36:15.294] Bot33 executed ROTATE_LEFT
[14:36:15.294] Bot33 moved forward to (8,7)
[14:36:15.294] Bot33 executed MOVE_FORWARD
[14:36:15.294] Starting turn for Bot36
[14:36:15.294] Starting turn for Bot33
[14:36:15.294] Bot33 rotated right to face NORTH
[14:36:15.294] Bot33 executed ROTATE_RIGHT
[14:36:15.294] Bot33 moved forward to (7,7)
[14:36:15.294] Bot33 executed MOVE_FORWARD
[14:36:15.294] Starting turn for Bot36
[14:36:15.294] Bot36 rotated left to face NORTH
[14:36:15.294] Bot36 executed ROTATE_LEFT
[14:36:15.294] Bot36 moved forward to (0,1)
[14:36:15.294] Bot36 executed MOVE_FORWARD
[14:36:15.294] Starting turn for Bot33
[14:36:15.294] Bot33 rotated left to face WEST
[14:36:15.294] Bot33 executed ROTATE_LEFT
[14:36:15.294] Bot33 moved forward to (7,6)
[14:36:15.294] Bot33 executed MOVE_FORWARD
[14:36:15.294] Starting turn for Bot36
[14:36:15.294] Bot36 rotated left to face WEST
[14:36:15.294] Bot36 executed ROTATE_LEFT
[14:36:15.294] Bot36 rotated left to face SOUTH
[14:36:15.294] Bot36 executed ROTATE_LEFT
[14:36:15.294] Bot36 moved forward to (1,1)
[14:36:15.294] Bot36 executed MOVE_FORWARD
[14:36:15.294] Starting turn for Bot33
[14:36:15.294] Bot33 rotated right to face NORTH
[14:36:15.294] Bot33 executed ROTATE_RIGHT
[14:36:15.294] Starting turn for Bot36
[14:36:15.294] Bot36 rotated left to face EAST
[14:36:15.294] Bot36 executed ROTATE_LEFT
[14:36:15.294] Starting turn for Bot33
[14:36:15.294] Starting turn for Bot36
[14:36:15.294] Starting turn for Bot33
[14:36:15.294] Bot33 rotated right to face EAST
[14:36:15.294] Bot33 executed ROTATE_RIGHT
[14:36:15.294] Bot33 moved forward to (7,7)
[14:36:15.294] Bot33 executed MOVE_FORWARD
[14:36:15.294] Starting turn for Bot36
[14:36:15.294] Bot36 rotated left to face NORTH
[14:36:15.294] Bot36 executed ROTATE_LEFT
[14:36:15.294] Bot36 moved forward to (0,1)
[14:36:15.294] Bot36 executed MOVE_FORWARD
[14:36:15.294] Starting turn for Bot33
[14:36:15.294] Bot33 rotated left to face NORTH
[14:36:15.294] Bot33 executed ROTATE_LEFT
[14:36:15.294] Bot33 rotated left to face WEST
[14:36:15.294] Bot33 executed ROTATE_LEFT
[14:36:15.294] Bot33 moved forward to (7,6)
[14:36:15.294] Bot33 executed MOVE_FORWARD
[14:36:15.294] Starting turn for Bot36
[14:36:15.294] Bot36 rotated left to face WEST
[14:36:15.294] Bot36 executed ROTATE_LEFT
[14:36:15.294] Bot36 rotated left to face SOUTH
[14:36:15.294] Bot36 executed ROTATE_LEFT
[14:36:15.294] Bot36 moved forward to (1,1)
[14:36:15.294] Bot36 executed MOVE_FORWARD
[14:36:15.294] Starting turn for Bot33
[14:36:15.294] Bot33 rotated right to face NORTH
[14:36:15.294] Bot33 executed ROTATE_RIGHT
[14:36:15.294] Starting turn for Bot36
[14:36:15.294] Bot36 rotated left to face EAST
[14:36:15.294] Bot36 executed ROTATE_LEFT
[14:36:15.294] Starting turn for Bot33
[14:36:15.294] Starting turn for Bot36
[14:36:15.294] Starting turn for Bot33
[14:36:15.294] Bot33 rotated right to face EAST
[14:36:15.294] Bot33 executed ROTATE_RIGHT
[14:36:15.294] Bot33 moved forward to (7,7)
[14:36:15.294] Bot33 executed MOVE_FORWARD
[14:36:15.294] Starting turn for Bot36
[14:36:15.294] Bot36 rotated left to face NORTH
[14:36:15.294] Bot36 executed ROTATE_LEFT
[14:36:15.294] Bot36 moved forward to (0,1)
[14:36:15.294] Bot36 executed MOVE_FORWARD
[14:36:15.294] Starting turn for Bot33
[14:36:15.294] Bot33 rotated left to face NORTH
[14:36:15.294] Bot33 executed ROTATE_LEFT
[14:36:15.294] Bot33 rotated left to face WEST
[14:36:15.294] Bot33 executed ROTATE_LEFT
[14:36:15.294] Bot33 moved forward to (7,6)
[14:36:15.294] Bot33 executed MOVE_FORWARD
[14:36:15.294] Starting turn for Bot36
[14:36:15.294] Bot36 rotated left to face WEST
[14:36:15.294] Bot36 executed ROTATE_LEFT
[14:36:15.294] Bot36 rotated left to face SOUTH
[14:36:15.294] Bot36 executed ROTATE_LEFT
[14:36:15.294] Bot36 moved forward to (1,1)
[14:36:15.294] Bot36 executed MOVE_FORWARD
[14:36:15.294] Starting turn for Bot33
[14:36:15.294] Bot33 rotated right to face NORTH
[14:36:15.294] Bot33 executed ROTATE_RIGHT
[14:36:15.294] Starting turn for Bot36
[14:36:15.294] Bot36 rotated left to face EAST
[14:36:15.294] Bot36 executed ROTATE_LEFT
[14:36:15.294] Starting turn for Bot33
[14:36:15.294] Starting turn for Bot36
[14:36:15.294] Starting turn for Bot33
[14:36:15.294] Bot33 rotated right to face EAST
[14:36:15.294] Bot33 executed ROTATE_RIGHT
[14:36:15.294] Bot33 moved forward to (7,7)
[14:36:15.294] Bot33 executed MOVE_FORWARD
[14:36:15.294] Starting turn for Bot36
[14:36:15.294] Bot36 rotated left to face NORTH
[14:36:15.294] Bot36 executed ROTATE_LEFT
[14:36:15.294] Bot36 moved forward to (0,1)
[14:36:15.294] Bot36 executed MOVE_FORWARD
[14:36:15.294] Starting turn for Bot33
[14:36:15.294] Bot33 rotated left to face NORTH
[14:36:15.294] Bot33 executed ROTATE_LEFT
[14:36:15.294] Bot33 rotated left to face WEST
[14:36:15.294] Bot33 executed ROTATE_LEFT
[14:36:15.294] Bot33 moved forward to (7,6)
[14:36:15.294] Bot33 executed MOVE_FORWARD
[14:36:15.294] Starting turn for Bot36
[14:36:15.294] Bot36 rotated left to face WEST
[14:36:15.294] Bot36 executed ROTATE_LEFT
[14:36:15.294] Bot36 rotated left to face SOUTH
[14:36:15.294] Bot36 executed ROTATE_LEFT
[14:36:15.294] Bot36 moved forward to (1,1)
[14:36:15.294] Bot36 executed MOVE_FORWARD
[14:36:15.294] Starting turn for Bot33
[14:36:15.294] Bot33 rotated right to face NORTH
[14:36:15.294] Bot33 executed ROTATE_RIGHT
[14:36:15.294] Starting turn for Bot36
[14:36:15.294] Bot36 rotated left to face EAST
[14:36:15.294] Bot36 executed ROTATE_LEFT
[14:36:15.294] Starting turn for Bot33
[14:36:15.294] Starting turn for Bot36
[14:36:15.294] Starting turn for Bot33
[14:36:15.294] Stalemate detected: State repeated 10 times, unchanged for 1 turns
[14:36:15.294] Game Over! Stalemate detected!
[14:36:15.294] Stalemate detected: State repeated 10 times, unchanged for 1 turns
