[14:35:59.952] === Game Started at 2025-02-04_14-35-59 ===
[14:35:59.952] Game initialized with 2 players
[14:35:59.952] Board size: 10
[14:35:59.952] Obstacle density: 0.05
[14:35:59.952] Max turns: 1000
[14:35:59.952] Player Bot28 starting at position (0,0) facing NORTH
[14:35:59.952] Player Bot13 starting at position (9,9) facing SOUTH
[14:35:59.952] Obstacles at positions: (1,2) (2,0) (3,1) (3,3) (6,9)
[14:35:59.953] Starting turn for Bot28
[14:35:59.953] Bot28 rotated right to face EAST
[14:35:59.953] Bot28 executed ROTATE_RIGHT
[14:35:59.953] Bot28 moved forward to (0,1)
[14:35:59.953] Bot28 executed MOVE_FORWARD
[14:35:59.953] Starting turn for Bot13
[14:35:59.953] Bot13 rotated right to face WEST
[14:35:59.953] Bot13 executed ROTATE_RIGHT
[14:35:59.953] Bot13 moved forward to (9,8)
[14:35:59.953] Bot13 executed MOVE_FORWARD
[14:35:59.953] Starting turn for Bot28
[14:35:59.953] Bot28 rotated right to face SOUTH
[14:35:59.953] Bot28 executed ROTATE_RIGHT
[14:35:59.953] Bot28 moved forward to (1,1)
[14:35:59.953] Bot28 executed MOVE_FORWARD
[14:35:59.953] Starting turn for Bot13
[14:35:59.953] Bot13 rotated right to face NORTH
[14:35:59.953] Bot13 executed ROTATE_RIGHT
[14:35:59.953] Bot13 moved forward to (8,8)
[14:35:59.953] Bot13 executed MOVE_FORWARD
[14:35:59.953] Starting turn for Bot28
[14:35:59.953] Bot28 rotated left to face EAST
[14:35:59.953] Bot28 executed ROTATE_LEFT
[14:35:59.953] Starting turn for Bot13
[14:35:59.953] Bot13 rotated left to face WEST
[14:35:59.953] Bot13 executed ROTATE_LEFT
[14:35:59.953] Bot13 moved forward to (8,7)
[14:35:59.953] Bot13 executed MOVE_FORWARD
[14:35:59.953] Starting turn for Bot28
[14:35:59.953] Starting turn for Bot13
[14:35:59.953] Bot13 rotated right to face NORTH
[14:35:59.953] Bot13 executed ROTATE_RIGHT
[14:35:59.953] Bot13 moved forward to (7,7)
[14:35:59.953] Bot13 executed MOVE_FORWARD
[14:35:59.953] Starting turn for Bot28
[14:35:59.953] Bot28 rotated left to face NORTH
[14:35:59.953] Bot28 executed ROTATE_LEFT
[14:35:59.953] Bot28 moved forward to (0,1)
[14:35:59.953] Bot28 executed MOVE_FORWARD
[14:35:59.953] Starting turn for Bot13
[14:35:59.953] Bot13 rotated left to face WEST
[14:35:59.953] Bot13 executed ROTATE_LEFT
[14:35:59.953] Bot13 moved forward to (7,6)
[14:35:59.953] Bot13 executed MOVE_FORWARD
[14:35:59.953] Starting turn for Bot28
[14:35:59.953] Bot28 rotated left to face WEST
[14:35:59.953] Bot28 executed ROTATE_LEFT
[14:35:59.953] Bot28 rotated left to face SOUTH
[14:35:59.953] Bot28 executed ROTATE_LEFT
[14:35:59.953] Bot28 moved forward to (1,1)
[14:35:59.953] Bot28 executed MOVE_FORWARD
[14:35:59.953] Starting turn for Bot13
[14:35:59.953] Bot13 rotated right to face NORTH
[14:35:59.953] Bot13 executed ROTATE_RIGHT
[14:35:59.953] Bot13 moved forward to (6,6)
[14:35:59.953] Bot13 executed MOVE_FORWARD
[14:35:59.953] Starting turn for Bot28
[14:35:59.953] Bot28 rotated left to face EAST
[14:35:59.953] Bot28 executed ROTATE_LEFT
[14:35:59.953] Starting turn for Bot13
[14:35:59.953] Bot13 rotated left to face WEST
[14:35:59.953] Bot13 executed ROTATE_LEFT
[14:35:59.953] Bot13 moved forward to (6,5)
[14:35:59.953] Bot13 executed MOVE_FORWARD
[14:35:59.953] Starting turn for Bot28
[14:35:59.953] Starting turn for Bot13
[14:35:59.953] Bot13 rotated right to face NORTH
[14:35:59.953] Bot13 executed ROTATE_RIGHT
[14:35:59.953] Bot13 moved forward to (5,5)
[14:35:59.953] Bot13 executed MOVE_FORWARD
[14:35:59.953] Starting turn for Bot28
[14:35:59.953] Bot28 rotated left to face NORTH
[14:35:59.953] Bot28 executed ROTATE_LEFT
[14:35:59.953] Bot28 moved forward to (0,1)
[14:35:59.953] Bot28 executed MOVE_FORWARD
[14:35:59.953] Starting turn for Bot13
[14:35:59.953] Starting turn for Bot28
[14:35:59.953] Bot28 rotated left to face WEST
[14:35:59.953] Bot28 executed ROTATE_LEFT
[14:35:59.953] Bot28 rotated left to face SOUTH
[14:35:59.953] Bot28 executed ROTATE_LEFT
[14:35:59.953] Bot28 moved forward to (1,1)
[14:35:59.953] Bot28 executed MOVE_FORWARD
[14:35:59.953] Starting turn for Bot13
[14:35:59.953] Starting turn for Bot28
[14:35:59.953] Bot28 rotated left to face EAST
[14:35:59.953] Bot28 executed ROTATE_LEFT
[14:35:59.953] Starting turn for Bot13
[14:35:59.953] Starting turn for Bot28
[14:35:59.953] Starting turn for Bot13
[14:35:59.953] Starting turn for Bot28
[14:35:59.953] Bot28 rotated left to face NORTH
[14:35:59.953] Bot28 executed ROTATE_LEFT
[14:35:59.953] Bot28 moved forward to (0,1)
[14:35:59.953] Bot28 executed MOVE_FORWARD
[14:35:59.953] Starting turn for Bot13
[14:35:59.953] Starting turn for Bot28
[14:35:59.953] Bot28 rotated left to face WEST
[14:35:59.953] Bot28 executed ROTATE_LEFT
[14:35:59.953] Bot28 rotated left to face SOUTH
[14:35:59.953] Bot28 executed ROTATE_LEFT
[14:35:59.953] Bot28 moved forward to (1,1)
[14:35:59.953] Bot28 executed MOVE_FORWARD
[14:35:59.953] Starting turn for Bot13
[14:35:59.953] Starting turn for Bot28
[14:35:59.953] Bot28 rotated left to face EAST
[14:35:59.953] Bot28 executed ROTATE_LEFT
[14:35:59.953] Starting turn for Bot13
[14:35:59.953] Starting turn for Bot28
[14:35:59.953] Starting turn for Bot13
[14:35:59.953] Starting turn for Bot28
[14:35:59.953] Bot28 rotated left to face NORTH
[14:35:59.953] Bot28 executed ROTATE_LEFT
[14:35:59.953] Bot28 moved forward to (0,1)
[14:35:59.953] Bot28 executed MOVE_FORWARD
[14:35:59.953] Starting turn for Bot13
[14:35:59.953] Starting turn for Bot28
[14:35:59.953] Bot28 rotated left to face WEST
[14:35:59.953] Bot28 executed ROTATE_LEFT
[14:35:59.953] Bot28 rotated left to face SOUTH
[14:35:59.953] Bot28 executed ROTATE_LEFT
[14:35:59.953] Bot28 moved forward to (1,1)
[14:35:59.953] Bot28 executed MOVE_FORWARD
[14:35:59.953] Starting turn for Bot13
[14:35:59.953] Starting turn for Bot28
[14:35:59.953] Bot28 rotated left to face EAST
[14:35:59.953] Bot28 executed ROTATE_LEFT
[14:35:59.953] Starting turn for Bot13
[14:35:59.953] Starting turn for Bot28
[14:35:59.953] Starting turn for Bot13
[14:35:59.953] Stalemate detected: State repeated 10 times, unchanged for 3 turns
[14:35:59.953] Game Over! Stalemate detected!
[14:35:59.953] Stalemate detected: State repeated 10 times, unchanged for 3 turns
