[14:35:52.850] === Game Started at 2025-02-04_14-35-52 ===
[14:35:52.850] Game initialized with 2 players
[14:35:52.850] Board size: 10
[14:35:52.850] Obstacle density: 0.05
[14:35:52.850] Max turns: 1000
[14:35:52.850] Player Bot14 starting at position (0,0) facing NORTH
[14:35:52.850] Player Bot8 starting at position (9,9) facing NORTH
[14:35:52.850] Obstacles at positions: (1,6) (3,9) (4,5) (4,8) (9,8)
[14:35:52.850] Starting turn for Bot14
[14:35:52.850] Bot14 rotated right to face EAST
[14:35:52.850] Bot14 executed ROTATE_RIGHT
[14:35:52.850] Bot14 moved forward to (0,1)
[14:35:52.850] Bot14 executed MOVE_FORWARD
[14:35:52.850] Starting turn for Bot8
[14:35:52.850] Bot8 rotated left to face WEST
[14:35:52.850] Bot8 executed ROTATE_LEFT
[14:35:52.850] Starting turn for Bot14
[14:35:52.850] Bot14 rotated right to face SOUTH
[14:35:52.850] Bot14 executed ROTATE_RIGHT
[14:35:52.850] Bot14 moved forward to (1,1)
[14:35:52.850] Bot14 executed MOVE_FORWARD
[14:35:52.850] Starting turn for Bot8
[14:35:52.850] Bot8 rotated right to face NORTH
[14:35:52.850] Bot8 executed ROTATE_RIGHT
[14:35:52.850] Bot8 moved forward to (8,9)
[14:35:52.850] Bot8 executed MOVE_FORWARD
[14:35:52.850] Starting turn for Bot14
[14:35:52.850] Bot14 rotated left to face EAST
[14:35:52.850] Bot14 executed ROTATE_LEFT
[14:35:52.850] Bot14 moved forward to (1,2)
[14:35:52.850] Bot14 executed MOVE_FORWARD
[14:35:52.850] Starting turn for Bot8
[14:35:52.850] Bot8 rotated left to face WEST
[14:35:52.850] Bot8 executed ROTATE_LEFT
[14:35:52.850] Bot8 moved forward to (8,8)
[14:35:52.850] Bot8 executed MOVE_FORWARD
[14:35:52.850] Starting turn for Bot14
[14:35:52.850] Bot14 rotated right to face SOUTH
[14:35:52.850] Bot14 executed ROTATE_RIGHT
[14:35:52.850] Bot14 moved forward to (2,2)
[14:35:52.850] Bot14 executed MOVE_FORWARD
[14:35:52.850] Starting turn for Bot8
[14:35:52.850] Bot8 moved forward to (8,7)
[14:35:52.850] Bot8 executed MOVE_FORWARD
[14:35:52.850] Starting turn for Bot14
[14:35:52.850] Bot14 rotated left to face EAST
[14:35:52.850] Bot14 executed ROTATE_LEFT
[14:35:52.850] Bot14 moved forward to (2,3)
[14:35:52.850] Bot14 executed MOVE_FORWARD
[14:35:52.850] Starting turn for Bot8
[14:35:52.850] Bot8 rotated right to face NORTH
[14:35:52.850] Bot8 executed ROTATE_RIGHT
[14:35:52.850] Bot8 moved forward to (7,7)
[14:35:52.850] Bot8 executed MOVE_FORWARD
[14:35:52.850] Starting turn for Bot14
[14:35:52.850] Bot14 rotated right to face SOUTH
[14:35:52.850] Bot14 executed ROTATE_RIGHT
[14:35:52.850] Bot14 moved forward to (3,3)
[14:35:52.850] Bot14 executed MOVE_FORWARD
[14:35:52.850] Starting turn for Bot8
[14:35:52.850] Bot8 rotated left to face WEST
[14:35:52.850] Bot8 executed ROTATE_LEFT
[14:35:52.850] Bot8 moved forward to (7,6)
[14:35:52.850] Bot8 executed MOVE_FORWARD
[14:35:52.850] Starting turn for Bot14
[14:35:52.850] Bot14 rotated left to face EAST
[14:35:52.850] Bot14 executed ROTATE_LEFT
[14:35:52.850] Bot14 moved forward to (3,4)
[14:35:52.850] Bot14 executed MOVE_FORWARD
[14:35:52.850] Starting turn for Bot8
[14:35:52.850] Bot8 rotated right to face NORTH
[14:35:52.850] Bot8 executed ROTATE_RIGHT
[14:35:52.850] Bot8 moved forward to (6,6)
[14:35:52.850] Bot8 executed MOVE_FORWARD
[14:35:52.850] Starting turn for Bot14
[14:35:52.850] Bot14 rotated right to face SOUTH
[14:35:52.850] Bot14 executed ROTATE_RIGHT
[14:35:52.850] Bot14 moved forward to (4,4)
[14:35:52.850] Bot14 executed MOVE_FORWARD
[14:35:52.850] Starting turn for Bot8
[14:35:52.850] Bot8 rotated left to face WEST
[14:35:52.850] Bot8 executed ROTATE_LEFT
[14:35:52.850] Bot8 moved forward to (6,5)
[14:35:52.850] Bot8 executed MOVE_FORWARD
[14:35:52.850] Starting turn for Bot14
[14:35:52.850] Bot14 rotated left to face EAST
[14:35:52.850] Bot14 executed ROTATE_LEFT
[14:35:52.850] Starting turn for Bot8
[14:35:52.850] Bot8 rotated right to face NORTH
[14:35:52.850] Bot8 executed ROTATE_RIGHT
[14:35:52.850] Bot8 moved forward to (5,5)
[14:35:52.850] Bot8 executed MOVE_FORWARD
[14:35:52.850] Starting turn for Bot14
[14:35:52.850] Starting turn for Bot8
[14:35:52.850] Starting turn for Bot14
[14:35:52.850] Bot14 rotated left to face NORTH
[14:35:52.850] Bot14 executed ROTATE_LEFT
[14:35:52.850] Bot14 moved forward to (3,4)
[14:35:52.850] Bot14 executed MOVE_FORWARD
[14:35:52.850] Starting turn for Bot8
[14:35:52.850] Starting turn for Bot14
[14:35:52.850] Bot14 rotated left to face WEST
[14:35:52.851] Bot14 executed ROTATE_LEFT
[14:35:52.851] Bot14 rotated left to face SOUTH
[14:35:52.851] Bot14 executed ROTATE_LEFT
[14:35:52.851] Bot14 moved forward to (4,4)
[14:35:52.851] Bot14 executed MOVE_FORWARD
[14:35:52.851] Starting turn for Bot8
[14:35:52.851] Starting turn for Bot14
[14:35:52.851] Bot14 rotated left to face EAST
[14:35:52.851] Bot14 executed ROTATE_LEFT
[14:35:52.851] Starting turn for Bot8
[14:35:52.851] Starting turn for Bot14
[14:35:52.851] Starting turn for Bot8
[14:35:52.851] Starting turn for Bot14
[14:35:52.851] Bot14 rotated left to face NORTH
[14:35:52.851] Bot14 executed ROTATE_LEFT
[14:35:52.851] Bot14 moved forward to (3,4)
[14:35:52.851] Bot14 executed MOVE_FORWARD
[14:35:52.851] Starting turn for Bot8
[14:35:52.851] Starting turn for Bot14
[14:35:52.851] Bot14 rotated left to face WEST
[14:35:52.851] Bot14 executed ROTATE_LEFT
[14:35:52.851] Bot14 rotated left to face SOUTH
[14:35:52.851] Bot14 executed ROTATE_LEFT
[14:35:52.851] Bot14 moved forward to (4,4)
[14:35:52.851] Bot14 executed MOVE_FORWARD
[14:35:52.851] Starting turn for Bot8
[14:35:52.851] Starting turn for Bot14
[14:35:52.851] Bot14 rotated left to face EAST
[14:35:52.851] Bot14 executed ROTATE_LEFT
[14:35:52.851] Starting turn for Bot8
[14:35:52.851] Starting turn for Bot14
[14:35:52.851] Starting turn for Bot8
[14:35:52.851] Starting turn for Bot14
[14:35:52.851] Bot14 rotated left to face NORTH
[14:35:52.851] Bot14 executed ROTATE_LEFT
[14:35:52.851] Bot14 moved forward to (3,4)
[14:35:52.851] Bot14 executed MOVE_FORWARD
[14:35:52.851] Starting turn for Bot8
[14:35:52.851] Starting turn for Bot14
[14:35:52.851] Bot14 rotated left to face WEST
[14:35:52.851] Bot14 executed ROTATE_LEFT
[14:35:52.851] Bot14 rotated left to face SOUTH
[14:35:52.851] Bot14 executed ROTATE_LEFT
[14:35:52.851] Bot14 moved forward to (4,4)
[14:35:52.851] Bot14 executed MOVE_FORWARD
[14:35:52.851] Starting turn for Bot8
[14:35:52.851] Starting turn for Bot14
[14:35:52.851] Bot14 rotated left to face EAST
[14:35:52.851] Bot14 executed ROTATE_LEFT
[14:35:52.851] Starting turn for Bot8
[14:35:52.851] Stalemate detected: State repeated 10 times, unchanged for 1 turns
[14:35:52.851] Game Over! Stalemate detected!
[14:35:52.851] Stalemate detected: State repeated 10 times, unchanged for 1 turns
