[14:36:01.317] === Game Started at 2025-02-04_14-36-01 ===
[14:36:01.317] Game initialized with 2 players
[14:36:01.317] Board size: 10
[14:36:01.317] Obstacle density: 0.05
[14:36:01.317] Max turns: 1000
[14:36:01.317] Player Bot30 starting at position (0,0) facing EAST
[14:36:01.317] Player Bot14 starting at position (9,9) facing EAST
[14:36:01.317] Obstacles at positions: (2,3) (6,4) (6,9) (8,1) (9,7)
[14:36:01.317] Starting turn for Bot30
[14:36:01.317] Bot30 moved forward to (0,1)
[14:36:01.317] Bot30 executed MOVE_FORWARD
[14:36:01.317] Starting turn for Bot14
[14:36:01.318] Bot14 rotated left to face NORTH
[14:36:01.318] Bot14 executed ROTATE_LEFT
[14:36:01.318] Bot14 rotated left to face WEST
[14:36:01.318] Bot14 executed ROTATE_LEFT
[14:36:01.318] Bot14 moved forward to (9,8)
[14:36:01.318] Bot14 executed MOVE_FORWARD
[14:36:01.318] Starting turn for Bot30
[14:36:01.318] Bot30 rotated right to face SOUTH
[14:36:01.318] Bot30 executed ROTATE_RIGHT
[14:36:01.318] Bot30 moved forward to (1,1)
[14:36:01.318] Bot30 executed MOVE_FORWARD
[14:36:01.318] Starting turn for Bot14
[14:36:01.318] Bot14 rotated right to face NORTH
[14:36:01.318] Bot14 executed ROTATE_RIGHT
[14:36:01.318] Bot14 moved forward to (8,8)
[14:36:01.318] Bot14 executed MOVE_FORWARD
[14:36:01.318] Starting turn for Bot30
[14:36:01.318] Bot30 rotated left to face EAST
[14:36:01.318] Bot30 executed ROTATE_LEFT
[14:36:01.318] Bot30 moved forward to (1,2)
[14:36:01.318] Bot30 executed MOVE_FORWARD
[14:36:01.318] Starting turn for Bot14
[14:36:01.318] Bot14 rotated left to face WEST
[14:36:01.318] Bot14 executed ROTATE_LEFT
[14:36:01.318] Bot14 moved forward to (8,7)
[14:36:01.318] Bot14 executed MOVE_FORWARD
[14:36:01.318] Starting turn for Bot30
[14:36:01.318] Bot30 rotated right to face SOUTH
[14:36:01.318] Bot30 executed ROTATE_RIGHT
[14:36:01.318] Bot30 moved forward to (2,2)
[14:36:01.318] Bot30 executed MOVE_FORWARD
[14:36:01.318] Starting turn for Bot14
[14:36:01.318] Bot14 rotated right to face NORTH
[14:36:01.318] Bot14 executed ROTATE_RIGHT
[14:36:01.318] Bot14 moved forward to (7,7)
[14:36:01.318] Bot14 executed MOVE_FORWARD
[14:36:01.318] Starting turn for Bot30
[14:36:01.318] Bot30 rotated left to face EAST
[14:36:01.318] Bot30 executed ROTATE_LEFT
[14:36:01.318] Starting turn for Bot14
[14:36:01.318] Bot14 rotated left to face WEST
[14:36:01.318] Bot14 executed ROTATE_LEFT
[14:36:01.318] Bot14 moved forward to (7,6)
[14:36:01.318] Bot14 executed MOVE_FORWARD
[14:36:01.318] Starting turn for Bot30
[14:36:01.318] Starting turn for Bot14
[14:36:01.318] Bot14 rotated right to face NORTH
[14:36:01.318] Bot14 executed ROTATE_RIGHT
[14:36:01.318] Bot14 moved forward to (6,6)
[14:36:01.318] Bot14 executed MOVE_FORWARD
[14:36:01.318] Starting turn for Bot30
[14:36:01.318] Bot30 rotated left to face NORTH
[14:36:01.318] Bot30 executed ROTATE_LEFT
[14:36:01.318] Bot30 moved forward to (1,2)
[14:36:01.318] Bot30 executed MOVE_FORWARD
[14:36:01.318] Starting turn for Bot14
[14:36:01.318] Bot14 rotated left to face WEST
[14:36:01.318] Bot14 executed ROTATE_LEFT
[14:36:01.318] Bot14 moved forward to (6,5)
[14:36:01.318] Bot14 executed MOVE_FORWARD
[14:36:01.318] Starting turn for Bot30
[14:36:01.318] Bot30 rotated left to face WEST
[14:36:01.318] Bot30 executed ROTATE_LEFT
[14:36:01.318] Bot30 rotated left to face SOUTH
[14:36:01.318] Bot30 executed ROTATE_LEFT
[14:36:01.318] Bot30 moved forward to (2,2)
[14:36:01.318] Bot30 executed MOVE_FORWARD
[14:36:01.318] Starting turn for Bot14
[14:36:01.318] Bot14 rotated right to face NORTH
[14:36:01.318] Bot14 executed ROTATE_RIGHT
[14:36:01.318] Bot14 moved forward to (5,5)
[14:36:01.318] Bot14 executed MOVE_FORWARD
[14:36:01.318] Starting turn for Bot30
[14:36:01.318] Bot30 rotated left to face EAST
[14:36:01.318] Bot30 executed ROTATE_LEFT
[14:36:01.318] Starting turn for Bot14
[14:36:01.318] Starting turn for Bot30
[14:36:01.318] Starting turn for Bot14
[14:36:01.318] Starting turn for Bot30
[14:36:01.318] Bot30 rotated left to face NORTH
[14:36:01.318] Bot30 executed ROTATE_LEFT
[14:36:01.318] Bot30 moved forward to (1,2)
[14:36:01.318] Bot30 executed MOVE_FORWARD
[14:36:01.318] Starting turn for Bot14
[14:36:01.318] Starting turn for Bot30
[14:36:01.318] Bot30 rotated left to face WEST
[14:36:01.318] Bot30 executed ROTATE_LEFT
[14:36:01.318] Bot30 rotated left to face SOUTH
[14:36:01.318] Bot30 executed ROTATE_LEFT
[14:36:01.318] Bot30 moved forward to (2,2)
[14:36:01.318] Bot30 executed MOVE_FORWARD
[14:36:01.318] Starting turn for Bot14
[14:36:01.318] Starting turn for Bot30
[14:36:01.318] Bot30 rotated left to face EAST
[14:36:01.318] Bot30 executed ROTATE_LEFT
[14:36:01.318] Starting turn for Bot14
[14:36:01.318] Starting turn for Bot30
[14:36:01.318] Starting turn for Bot14
[14:36:01.318] Starting turn for Bot30
[14:36:01.318] Bot30 rotated left to face NORTH
[14:36:01.318] Bot30 executed ROTATE_LEFT
[14:36:01.318] Bot30 moved forward to (1,2)
[14:36:01.318] Bot30 executed MOVE_FORWARD
[14:36:01.318] Starting turn for Bot14
[14:36:01.318] Starting turn for Bot30
[14:36:01.318] Bot30 rotated left to face WEST
[14:36:01.318] Bot30 executed ROTATE_LEFT
[14:36:01.318] Bot30 rotated left to face SOUTH
[14:36:01.318] Bot30 executed ROTATE_LEFT
[14:36:01.318] Bot30 moved forward to (2,2)
[14:36:01.318] Bot30 executed MOVE_FORWARD
[14:36:01.318] Starting turn for Bot14
[14:36:01.318] Starting turn for Bot30
[14:36:01.318] Bot30 rotated left to face EAST
[14:36:01.318] Bot30 executed ROTATE_LEFT
[14:36:01.318] Starting turn for Bot14
[14:36:01.318] Starting turn for Bot30
[14:36:01.318] Starting turn for Bot14
[14:36:01.318] Starting turn for Bot30
[14:36:01.318] Bot30 rotated left to face NORTH
[14:36:01.318] Bot30 executed ROTATE_LEFT
[14:36:01.318] Bot30 moved forward to (1,2)
[14:36:01.318] Bot30 executed MOVE_FORWARD
[14:36:01.318] Starting turn for Bot14
[14:36:01.318] Starting turn for Bot30
[14:36:01.318] Bot30 rotated left to face WEST
[14:36:01.318] Bot30 executed ROTATE_LEFT
[14:36:01.318] Bot30 rotated left to face SOUTH
[14:36:01.318] Bot30 executed ROTATE_LEFT
[14:36:01.318] Bot30 moved forward to (2,2)
[14:36:01.318] Bot30 executed MOVE_FORWARD
[14:36:01.318] Starting turn for Bot14
[14:36:01.318] Starting turn for Bot30
[14:36:01.318] Bot30 rotated left to face EAST
[14:36:01.318] Bot30 executed ROTATE_LEFT
[14:36:01.318] Starting turn for Bot14
[14:36:01.318] Stalemate detected: State repeated 10 times, unchanged for 1 turns
[14:36:01.318] Game Over! Stalemate detected!
[14:36:01.318] Stalemate detected: State repeated 10 times, unchanged for 1 turns
