[14:36:00.311] === Game Started at 2025-02-04_14-36-00 ===
[14:36:00.312] Game initialized with 2 players
[14:36:00.312] Board size: 10
[14:36:00.312] Obstacle density: 0.05
[14:36:00.312] Max turns: 1000
[14:36:00.312] Player Bot13 starting at position (0,0) facing WEST
[14:36:00.312] Player Bot37 starting at position (9,9) facing WEST
[14:36:00.312] Obstacles at positions: (4,4) (5,1) (6,4) (6,5) (8,6)
[14:36:00.312] Starting turn for Bot13
[14:36:00.312] Bot13 rotated left to face SOUTH
[14:36:00.312] Bot13 executed ROTATE_LEFT
[14:36:00.312] Bot13 rotated left to face EAST
[14:36:00.312] Bot13 executed ROTATE_LEFT
[14:36:00.312] Bot13 moved forward to (0,1)
[14:36:00.312] Bot13 executed MOVE_FORWARD
[14:36:00.312] Starting turn for Bot37
[14:36:00.312] Bot37 moved forward to (9,8)
[14:36:00.312] Bot37 executed MOVE_FORWARD
[14:36:00.312] Starting turn for Bot13
[14:36:00.312] Bot13 rotated right to face SOUTH
[14:36:00.312] Bot13 executed ROTATE_RIGHT
[14:36:00.312] Bot13 moved forward to (1,1)
[14:36:00.312] Bot13 executed MOVE_FORWARD
[14:36:00.312] Starting turn for Bot37
[14:36:00.312] Bot37 rotated right to face NORTH
[14:36:00.312] Bot37 executed ROTATE_RIGHT
[14:36:00.312] Bot37 moved forward to (8,8)
[14:36:00.312] Bot37 executed MOVE_FORWARD
[14:36:00.312] Starting turn for Bot13
[14:36:00.312] Bot13 rotated left to face EAST
[14:36:00.312] Bot13 executed ROTATE_LEFT
[14:36:00.312] Bot13 moved forward to (1,2)
[14:36:00.312] Bot13 executed MOVE_FORWARD
[14:36:00.312] Starting turn for Bot37
[14:36:00.312] Bot37 rotated left to face WEST
[14:36:00.312] Bot37 executed ROTATE_LEFT
[14:36:00.312] Bot37 moved forward to (8,7)
[14:36:00.312] Bot37 executed MOVE_FORWARD
[14:36:00.312] Starting turn for Bot13
[14:36:00.312] Bot13 rotated right to face SOUTH
[14:36:00.312] Bot13 executed ROTATE_RIGHT
[14:36:00.312] Bot13 moved forward to (2,2)
[14:36:00.312] Bot13 executed MOVE_FORWARD
[14:36:00.312] Starting turn for Bot37
[14:36:00.312] Bot37 rotated right to face NORTH
[14:36:00.312] Bot37 executed ROTATE_RIGHT
[14:36:00.312] Bot37 moved forward to (7,7)
[14:36:00.312] Bot37 executed MOVE_FORWARD
[14:36:00.312] Starting turn for Bot13
[14:36:00.312] Bot13 rotated left to face EAST
[14:36:00.312] Bot13 executed ROTATE_LEFT
[14:36:00.312] Bot13 moved forward to (2,3)
[14:36:00.312] Bot13 executed MOVE_FORWARD
[14:36:00.312] Starting turn for Bot37
[14:36:00.312] Bot37 rotated left to face WEST
[14:36:00.312] Bot37 executed ROTATE_LEFT
[14:36:00.312] Bot37 moved forward to (7,6)
[14:36:00.312] Bot37 executed MOVE_FORWARD
[14:36:00.312] Starting turn for Bot13
[14:36:00.312] Bot13 rotated right to face SOUTH
[14:36:00.312] Bot13 executed ROTATE_RIGHT
[14:36:00.312] Bot13 moved forward to (3,3)
[14:36:00.312] Bot13 executed MOVE_FORWARD
[14:36:00.312] Starting turn for Bot37
[14:36:00.312] Bot37 rotated right to face NORTH
[14:36:00.312] Bot37 executed ROTATE_RIGHT
[14:36:00.312] Bot37 moved forward to (6,6)
[14:36:00.312] Bot37 executed MOVE_FORWARD
[14:36:00.312] Starting turn for Bot13
[14:36:00.312] Bot13 rotated left to face EAST
[14:36:00.312] Bot13 executed ROTATE_LEFT
[14:36:00.312] Bot13 moved forward to (3,4)
[14:36:00.312] Bot13 executed MOVE_FORWARD
[14:36:00.312] Starting turn for Bot37
[14:36:00.312] Bot37 rotated left to face WEST
[14:36:00.312] Bot37 executed ROTATE_LEFT
[14:36:00.312] Starting turn for Bot13
[14:36:00.312] Bot13 rotated right to face SOUTH
[14:36:00.312] Bot13 executed ROTATE_RIGHT
[14:36:00.312] Starting turn for Bot37
[14:36:00.312] Starting turn for Bot13
[14:36:00.312] Starting turn for Bot37
[14:36:00.312] Bot37 rotated right to face NORTH
[14:36:00.312] Bot37 executed ROTATE_RIGHT
[14:36:00.312] Bot37 moved forward to (5,6)
[14:36:00.312] Bot37 executed MOVE_FORWARD
[14:36:00.312] Starting turn for Bot13
[14:36:00.312] Bot13 rotated left to face EAST
[14:36:00.312] Bot13 executed ROTATE_LEFT
[14:36:00.312] Bot13 rotated left to face NORTH
[14:36:00.312] Bot13 executed ROTATE_LEFT
[14:36:00.312] Bot13 moved forward to (2,4)
[14:36:00.312] Bot13 executed MOVE_FORWARD
[14:36:00.312] Starting turn for Bot37
[14:36:00.312] Bot37 rotated left to face WEST
[14:36:00.312] Bot37 executed ROTATE_LEFT
[14:36:00.312] Bot37 moved forward to (5,5)
[14:36:00.312] Bot37 executed MOVE_FORWARD
[14:36:00.312] Starting turn for Bot13
[14:36:00.312] Bot13 rotated left to face WEST
[14:36:00.312] Bot13 executed ROTATE_LEFT
[14:36:00.312] Bot13 rotated left to face SOUTH
[14:36:00.312] Bot13 executed ROTATE_LEFT
[14:36:00.312] Bot13 moved forward to (3,4)
[14:36:00.312] Bot13 executed MOVE_FORWARD
[14:36:00.312] Starting turn for Bot37
[14:36:00.312] Starting turn for Bot13
[14:36:00.312] Starting turn for Bot37
[14:36:00.312] Starting turn for Bot13
[14:36:00.312] Starting turn for Bot37
[14:36:00.312] Starting turn for Bot13
[14:36:00.312] Bot13 rotated left to face EAST
[14:36:00.312] Bot13 executed ROTATE_LEFT
[14:36:00.312] Bot13 rotated left to face NORTH
[14:36:00.312] Bot13 executed ROTATE_LEFT
[14:36:00.312] Bot13 moved forward to (2,4)
[14:36:00.312] Bot13 executed MOVE_FORWARD
[14:36:00.312] Starting turn for Bot37
[14:36:00.312] Starting turn for Bot13
[14:36:00.312] Bot13 rotated left to face WEST
[14:36:00.312] Bot13 executed ROTATE_LEFT
[14:36:00.312] Bot13 rotated left to face SOUTH
[14:36:00.312] Bot13 executed ROTATE_LEFT
[14:36:00.312] Bot13 moved forward to (3,4)
[14:36:00.312] Bot13 executed MOVE_FORWARD
[14:36:00.312] Starting turn for Bot37
[14:36:00.312] Starting turn for Bot13
[14:36:00.312] Starting turn for Bot37
[14:36:00.312] Starting turn for Bot13
[14:36:00.312] Starting turn for Bot37
[14:36:00.312] Starting turn for Bot13
[14:36:00.312] Bot13 rotated left to face EAST
[14:36:00.312] Bot13 executed ROTATE_LEFT
[14:36:00.312] Bot13 rotated left to face NORTH
[14:36:00.312] Bot13 executed ROTATE_LEFT
[14:36:00.312] Bot13 moved forward to (2,4)
[14:36:00.312] Bot13 executed MOVE_FORWARD
[14:36:00.312] Starting turn for Bot37
[14:36:00.312] Starting turn for Bot13
[14:36:00.312] Bot13 rotated left to face WEST
[14:36:00.312] Bot13 executed ROTATE_LEFT
[14:36:00.312] Bot13 rotated left to face SOUTH
[14:36:00.312] Bot13 executed ROTATE_LEFT
[14:36:00.312] Bot13 moved forward to (3,4)
[14:36:00.312] Bot13 executed MOVE_FORWARD
[14:36:00.312] Starting turn for Bot37
[14:36:00.312] Starting turn for Bot13
[14:36:00.312] Starting turn for Bot37
[14:36:00.312] Stalemate detected: State repeated 10 times, unchanged for 1 turns
[14:36:00.312] Game Over! Stalemate detected!
[14:36:00.312] Stalemate detected: State repeated 10 times, unchanged for 1 turns
