[14:36:09.502] === Game Started at 2025-02-04_14-36-09 ===
[14:36:09.502] Game initialized with 2 players
[14:36:09.502] Board size: 10
[14:36:09.502] Obstacle density: 0.05
[14:36:09.502] Max turns: 1000
[14:36:09.502] Player Bot23 starting at position (0,0) facing NORTH
[14:36:09.502] Player Bot24 starting at position (9,9) facing WEST
[14:36:09.502] Obstacles at positions: (0,3) (1,9) (2,0) (6,4) (8,8)
[14:36:09.502] Starting turn for Bot23
[14:36:09.502] Bot23 rotated right to face EAST
[14:36:09.502] Bot23 executed ROTATE_RIGHT
[14:36:09.502] Bot23 moved forward to (0,1)
[14:36:09.502] Bot23 executed MOVE_FORWARD
[14:36:09.502] Starting turn for Bot24
[14:36:09.502] Bot24 moved forward to (9,8)
[14:36:09.502] Bot24 executed MOVE_FORWARD
[14:36:09.502] Starting turn for Bot23
[14:36:09.502] Bot23 rotated right to face SOUTH
[14:36:09.502] Bot23 executed ROTATE_RIGHT
[14:36:09.502] Bot23 moved forward to (1,1)
[14:36:09.502] Bot23 executed MOVE_FORWARD
[14:36:09.502] Starting turn for Bot24
[14:36:09.502] Bot24 rotated right to face NORTH
[14:36:09.502] Bot24 executed ROTATE_RIGHT
[14:36:09.502] Starting turn for Bot23
[14:36:09.502] Bot23 rotated left to face EAST
[14:36:09.502] Bot23 executed ROTATE_LEFT
[14:36:09.502] Bot23 moved forward to (1,2)
[14:36:09.502] Bot23 executed MOVE_FORWARD
[14:36:09.502] Starting turn for Bot24
[14:36:09.502] Starting turn for Bot23
[14:36:09.502] Bot23 rotated right to face SOUTH
[14:36:09.502] Bot23 executed ROTATE_RIGHT
[14:36:09.502] Bot23 moved forward to (2,2)
[14:36:09.503] Bot23 executed MOVE_FORWARD
[14:36:09.503] Starting turn for Bot24
[14:36:09.503] Bot24 rotated right to face EAST
[14:36:09.503] Bot24 executed ROTATE_RIGHT
[14:36:09.503] Bot24 moved forward to (9,9)
[14:36:09.503] Bot24 executed MOVE_FORWARD
[14:36:09.503] Starting turn for Bot23
[14:36:09.503] Bot23 rotated left to face EAST
[14:36:09.503] Bot23 executed ROTATE_LEFT
[14:36:09.503] Bot23 moved forward to (2,3)
[14:36:09.503] Bot23 executed MOVE_FORWARD
[14:36:09.503] Starting turn for Bot24
[14:36:09.503] Bot24 rotated left to face NORTH
[14:36:09.503] Bot24 executed ROTATE_LEFT
[14:36:09.503] Bot24 rotated left to face WEST
[14:36:09.503] Bot24 executed ROTATE_LEFT
[14:36:09.503] Bot24 moved forward to (9,8)
[14:36:09.503] Bot24 executed MOVE_FORWARD
[14:36:09.503] Starting turn for Bot23
[14:36:09.503] Bot23 rotated right to face SOUTH
[14:36:09.503] Bot23 executed ROTATE_RIGHT
[14:36:09.503] Bot23 moved forward to (3,3)
[14:36:09.503] Bot23 executed MOVE_FORWARD
[14:36:09.503] Starting turn for Bot24
[14:36:09.503] Bot24 rotated right to face NORTH
[14:36:09.503] Bot24 executed ROTATE_RIGHT
[14:36:09.503] Starting turn for Bot23
[14:36:09.503] Bot23 rotated left to face EAST
[14:36:09.503] Bot23 executed ROTATE_LEFT
[14:36:09.503] Bot23 moved forward to (3,4)
[14:36:09.503] Bot23 executed MOVE_FORWARD
[14:36:09.503] Starting turn for Bot24
[14:36:09.503] Starting turn for Bot23
[14:36:09.503] Bot23 rotated right to face SOUTH
[14:36:09.503] Bot23 executed ROTATE_RIGHT
[14:36:09.503] Bot23 moved forward to (4,4)
[14:36:09.503] Bot23 executed MOVE_FORWARD
[14:36:09.503] Starting turn for Bot24
[14:36:09.503] Bot24 rotated right to face EAST
[14:36:09.503] Bot24 executed ROTATE_RIGHT
[14:36:09.503] Bot24 moved forward to (9,9)
[14:36:09.503] Bot24 executed MOVE_FORWARD
[14:36:09.503] Starting turn for Bot23
[14:36:09.503] Bot23 rotated left to face EAST
[14:36:09.503] Bot23 executed ROTATE_LEFT
[14:36:09.503] Bot23 moved forward to (4,5)
[14:36:09.503] Bot23 executed MOVE_FORWARD
[14:36:09.503] Starting turn for Bot24
[14:36:09.503] Bot24 rotated left to face NORTH
[14:36:09.503] Bot24 executed ROTATE_LEFT
[14:36:09.503] Bot24 rotated left to face WEST
[14:36:09.503] Bot24 executed ROTATE_LEFT
[14:36:09.503] Bot24 moved forward to (9,8)
[14:36:09.503] Bot24 executed MOVE_FORWARD
[14:36:09.503] Starting turn for Bot23
[14:36:09.503] Bot23 rotated right to face SOUTH
[14:36:09.503] Bot23 executed ROTATE_RIGHT
[14:36:09.503] Bot23 moved forward to (5,5)
[14:36:09.503] Bot23 executed MOVE_FORWARD
[14:36:09.503] Starting turn for Bot24
[14:36:09.503] Bot24 rotated right to face NORTH
[14:36:09.503] Bot24 executed ROTATE_RIGHT
[14:36:09.503] Starting turn for Bot23
[14:36:09.503] Starting turn for Bot24
[14:36:09.503] Starting turn for Bot23
[14:36:09.503] Starting turn for Bot24
[14:36:09.503] Bot24 rotated right to face EAST
[14:36:09.503] Bot24 executed ROTATE_RIGHT
[14:36:09.503] Bot24 moved forward to (9,9)
[14:36:09.503] Bot24 executed MOVE_FORWARD
[14:36:09.503] Starting turn for Bot23
[14:36:09.503] Starting turn for Bot24
[14:36:09.503] Bot24 rotated left to face NORTH
[14:36:09.503] Bot24 executed ROTATE_LEFT
[14:36:09.503] Bot24 rotated left to face WEST
[14:36:09.503] Bot24 executed ROTATE_LEFT
[14:36:09.503] Bot24 moved forward to (9,8)
[14:36:09.503] Bot24 executed MOVE_FORWARD
[14:36:09.503] Starting turn for Bot23
[14:36:09.503] Starting turn for Bot24
[14:36:09.503] Bot24 rotated right to face NORTH
[14:36:09.503] Bot24 executed ROTATE_RIGHT
[14:36:09.503] Starting turn for Bot23
[14:36:09.503] Starting turn for Bot24
[14:36:09.503] Starting turn for Bot23
[14:36:09.503] Starting turn for Bot24
[14:36:09.503] Bot24 rotated right to face EAST
[14:36:09.503] Bot24 executed ROTATE_RIGHT
[14:36:09.503] Bot24 moved forward to (9,9)
[14:36:09.503] Bot24 executed MOVE_FORWARD
[14:36:09.503] Starting turn for Bot23
[14:36:09.503] Starting turn for Bot24
[14:36:09.503] Bot24 rotated left to face NORTH
[14:36:09.503] Bot24 executed ROTATE_LEFT
[14:36:09.503] Bot24 rotated left to face WEST
[14:36:09.503] Bot24 executed ROTATE_LEFT
[14:36:09.503] Bot24 moved forward to (9,8)
[14:36:09.503] Bot24 executed MOVE_FORWARD
[14:36:09.503] Starting turn for Bot23
[14:36:09.503] Starting turn for Bot24
[14:36:09.503] Bot24 rotated right to face NORTH
[14:36:09.503] Bot24 executed ROTATE_RIGHT
[14:36:09.503] Starting turn for Bot23
[14:36:09.503] Starting turn for Bot24
[14:36:09.503] Starting turn for Bot23
[14:36:09.503] Starting turn for Bot24
[14:36:09.503] Stalemate detected: State repeated 10 times, unchanged for 2 turns
[14:36:09.503] Game Over! Stalemate detected!
[14:36:09.503] Stalemate detected: State repeated 10 times, unchanged for 2 turns
