[14:35:53.567] === Game Started at 2025-02-04_14-35-53 ===
[14:35:53.567] Game initialized with 2 players
[14:35:53.567] Board size: 10
[14:35:53.567] Obstacle density: 0.05
[14:35:53.567] Max turns: 1000
[14:35:53.567] Player Bot8 starting at position (0,0) facing EAST
[14:35:53.567] Player Bot29 starting at position (9,9) facing WEST
[14:35:53.567] Obstacles at positions: (0,2) (1,1) (3,1) (5,4) (6,1)
[14:35:53.567] Starting turn for Bot8
[14:35:53.567] Bot8 moved forward to (0,1)
[14:35:53.567] Bot8 executed MOVE_FORWARD
[14:35:53.567] Starting turn for Bot29
[14:35:53.567] Bot29 moved forward to (9,8)
[14:35:53.567] Bot29 executed MOVE_FORWARD
[14:35:53.567] Starting turn for Bot8
[14:35:53.567] Bot8 rotated right to face SOUTH
[14:35:53.567] Bot8 executed ROTATE_RIGHT
[14:35:53.567] Starting turn for Bot29
[14:35:53.567] Bot29 rotated right to face NORTH
[14:35:53.567] Bot29 executed ROTATE_RIGHT
[14:35:53.567] Bot29 moved forward to (8,8)
[14:35:53.567] Bot29 executed MOVE_FORWARD
[14:35:53.567] Starting turn for Bot8
[14:35:53.567] Starting turn for Bot29
[14:35:53.567] Bot29 rotated left to face WEST
[14:35:53.567] Bot29 executed ROTATE_LEFT
[14:35:53.567] Bot29 moved forward to (8,7)
[14:35:53.567] Bot29 executed MOVE_FORWARD
[14:35:53.567] Starting turn for Bot8
[14:35:53.567] Bot8 rotated right to face WEST
[14:35:53.567] Bot8 executed ROTATE_RIGHT
[14:35:53.567] Bot8 moved forward to (0,0)
[14:35:53.567] Bot8 executed MOVE_FORWARD
[14:35:53.567] Starting turn for Bot29
[14:35:53.567] Bot29 rotated right to face NORTH
[14:35:53.567] Bot29 executed ROTATE_RIGHT
[14:35:53.567] Bot29 moved forward to (7,7)
[14:35:53.567] Bot29 executed MOVE_FORWARD
[14:35:53.567] Starting turn for Bot8
[14:35:53.567] Bot8 rotated left to face SOUTH
[14:35:53.567] Bot8 executed ROTATE_LEFT
[14:35:53.567] Bot8 rotated left to face EAST
[14:35:53.567] Bot8 executed ROTATE_LEFT
[14:35:53.567] Bot8 moved forward to (0,1)
[14:35:53.567] Bot8 executed MOVE_FORWARD
[14:35:53.567] Starting turn for Bot29
[14:35:53.567] Bot29 rotated left to face WEST
[14:35:53.567] Bot29 executed ROTATE_LEFT
[14:35:53.567] Bot29 moved forward to (7,6)
[14:35:53.567] Bot29 executed MOVE_FORWARD
[14:35:53.567] Starting turn for Bot8
[14:35:53.567] Bot8 rotated right to face SOUTH
[14:35:53.567] Bot8 executed ROTATE_RIGHT
[14:35:53.567] Starting turn for Bot29
[14:35:53.567] Bot29 rotated right to face NORTH
[14:35:53.567] Bot29 executed ROTATE_RIGHT
[14:35:53.567] Bot29 moved forward to (6,6)
[14:35:53.567] Bot29 executed MOVE_FORWARD
[14:35:53.567] Starting turn for Bot8
[14:35:53.567] Starting turn for Bot29
[14:35:53.567] Bot29 rotated left to face WEST
[14:35:53.567] Bot29 executed ROTATE_LEFT
[14:35:53.567] Bot29 moved forward to (6,5)
[14:35:53.567] Bot29 executed MOVE_FORWARD
[14:35:53.567] Starting turn for Bot8
[14:35:53.567] Bot8 rotated right to face WEST
[14:35:53.567] Bot8 executed ROTATE_RIGHT
[14:35:53.567] Bot8 moved forward to (0,0)
[14:35:53.567] Bot8 executed MOVE_FORWARD
[14:35:53.567] Starting turn for Bot29
[14:35:53.567] Bot29 rotated right to face NORTH
[14:35:53.567] Bot29 executed ROTATE_RIGHT
[14:35:53.567] Bot29 moved forward to (5,5)
[14:35:53.567] Bot29 executed MOVE_FORWARD
[14:35:53.567] Starting turn for Bot8
[14:35:53.567] Bot8 rotated left to face SOUTH
[14:35:53.567] Bot8 executed ROTATE_LEFT
[14:35:53.567] Bot8 rotated left to face EAST
[14:35:53.567] Bot8 executed ROTATE_LEFT
[14:35:53.567] Bot8 moved forward to (0,1)
[14:35:53.567] Bot8 executed MOVE_FORWARD
[14:35:53.567] Starting turn for Bot29
[14:35:53.567] Starting turn for Bot8
[14:35:53.567] Bot8 rotated right to face SOUTH
[14:35:53.567] Bot8 executed ROTATE_RIGHT
[14:35:53.567] Starting turn for Bot29
[14:35:53.567] Starting turn for Bot8
[14:35:53.567] Starting turn for Bot29
[14:35:53.567] Starting turn for Bot8
[14:35:53.567] Bot8 rotated right to face WEST
[14:35:53.567] Bot8 executed ROTATE_RIGHT
[14:35:53.567] Bot8 moved forward to (0,0)
[14:35:53.567] Bot8 executed MOVE_FORWARD
[14:35:53.567] Starting turn for Bot29
[14:35:53.567] Starting turn for Bot8
[14:35:53.567] Bot8 rotated left to face SOUTH
[14:35:53.567] Bot8 executed ROTATE_LEFT
[14:35:53.567] Bot8 rotated left to face EAST
[14:35:53.567] Bot8 executed ROTATE_LEFT
[14:35:53.567] Bot8 moved forward to (0,1)
[14:35:53.567] Bot8 executed MOVE_FORWARD
[14:35:53.567] Starting turn for Bot29
[14:35:53.567] Starting turn for Bot8
[14:35:53.567] Bot8 rotated right to face SOUTH
[14:35:53.567] Bot8 executed ROTATE_RIGHT
[14:35:53.567] Starting turn for Bot29
[14:35:53.567] Starting turn for Bot8
[14:35:53.567] Starting turn for Bot29
[14:35:53.567] Starting turn for Bot8
[14:35:53.567] Bot8 rotated right to face WEST
[14:35:53.567] Bot8 executed ROTATE_RIGHT
[14:35:53.567] Bot8 moved forward to (0,0)
[14:35:53.567] Bot8 executed MOVE_FORWARD
[14:35:53.567] Starting turn for Bot29
[14:35:53.567] Starting turn for Bot8
[14:35:53.567] Bot8 rotated left to face SOUTH
[14:35:53.567] Bot8 executed ROTATE_LEFT
[14:35:53.567] Bot8 rotated left to face EAST
[14:35:53.567] Bot8 executed ROTATE_LEFT
[14:35:53.567] Bot8 moved forward to (0,1)
[14:35:53.567] Bot8 executed MOVE_FORWARD
[14:35:53.567] Starting turn for Bot29
[14:35:53.567] Starting turn for Bot8
[14:35:53.567] Bot8 rotated right to face SOUTH
[14:35:53.567] Bot8 executed ROTATE_RIGHT
[14:35:53.567] Starting turn for Bot29
[14:35:53.567] Starting turn for Bot8
[14:35:53.567] Starting turn for Bot29
[14:35:53.567] Starting turn for Bot8
[14:35:53.567] Bot8 rotated right to face WEST
[14:35:53.567] Bot8 executed ROTATE_RIGHT
[14:35:53.567] Bot8 moved forward to (0,0)
[14:35:53.567] Bot8 executed MOVE_FORWARD
[14:35:53.567] Starting turn for Bot29
[14:35:53.567] Starting turn for Bot8
[14:35:53.567] Bot8 rotated left to face SOUTH
[14:35:53.567] Bot8 executed ROTATE_LEFT
[14:35:53.567] Bot8 rotated left to face EAST
[14:35:53.567] Bot8 executed ROTATE_LEFT
[14:35:53.567] Bot8 moved forward to (0,1)
[14:35:53.567] Bot8 executed MOVE_FORWARD
[14:35:53.567] Starting turn for Bot29
[14:35:53.567] Starting turn for Bot8
[14:35:53.567] Bot8 rotated right to face SOUTH
[14:35:53.567] Bot8 executed ROTATE_RIGHT
[14:35:53.567] Starting turn for Bot29
[14:35:53.567] Stalemate detected: State repeated 10 times, unchanged for 1 turns
[14:35:53.567] Game Over! Stalemate detected!
[14:35:53.567] Stalemate detected: State repeated 10 times, unchanged for 1 turns
