[14:36:16.245] === Game Started at 2025-02-04_14-36-16 ===
[14:36:16.245] Game initialized with 2 players
[14:36:16.245] Board size: 10
[14:36:16.245] Obstacle density: 0.05
[14:36:16.245] Max turns: 1000
[14:36:16.245] Player Bot39 starting at position (0,0) facing EAST
[14:36:16.245] Player Bot38 starting at position (9,9) facing NORTH
[14:36:16.245] Obstacles at positions: (0,2) (0,7) (4,6) (7,4) (8,9)
[14:36:16.245] Starting turn for Bot39
[14:36:16.245] Bot39 moved forward to (0,1)
[14:36:16.245] Bot39 executed MOVE_FORWARD
[14:36:16.245] Starting turn for Bot38
[14:36:16.245] Bot38 rotated left to face WEST
[14:36:16.245] Bot38 executed ROTATE_LEFT
[14:36:16.245] Bot38 moved forward to (9,8)
[14:36:16.245] Bot38 executed MOVE_FORWARD
[14:36:16.245] Starting turn for Bot39
[14:36:16.245] Bot39 rotated right to face SOUTH
[14:36:16.245] Bot39 executed ROTATE_RIGHT
[14:36:16.245] Bot39 moved forward to (1,1)
[14:36:16.245] Bot39 executed MOVE_FORWARD
[14:36:16.245] Starting turn for Bot38
[14:36:16.245] Bot38 rotated right to face NORTH
[14:36:16.245] Bot38 executed ROTATE_RIGHT
[14:36:16.245] Bot38 moved forward to (8,8)
[14:36:16.245] Bot38 executed MOVE_FORWARD
[14:36:16.245] Starting turn for Bot39
[14:36:16.245] Bot39 rotated left to face EAST
[14:36:16.245] Bot39 executed ROTATE_LEFT
[14:36:16.245] Bot39 moved forward to (1,2)
[14:36:16.245] Bot39 executed MOVE_FORWARD
[14:36:16.245] Starting turn for Bot38
[14:36:16.245] Bot38 rotated left to face WEST
[14:36:16.245] Bot38 executed ROTATE_LEFT
[14:36:16.245] Bot38 moved forward to (8,7)
[14:36:16.245] Bot38 executed MOVE_FORWARD
[14:36:16.245] Starting turn for Bot39
[14:36:16.245] Bot39 rotated right to face SOUTH
[14:36:16.245] Bot39 executed ROTATE_RIGHT
[14:36:16.245] Bot39 moved forward to (2,2)
[14:36:16.245] Bot39 executed MOVE_FORWARD
[14:36:16.245] Starting turn for Bot38
[14:36:16.245] Bot38 rotated right to face NORTH
[14:36:16.245] Bot38 executed ROTATE_RIGHT
[14:36:16.245] Bot38 moved forward to (7,7)
[14:36:16.245] Bot38 executed MOVE_FORWARD
[14:36:16.245] Starting turn for Bot39
[14:36:16.245] Bot39 rotated left to face EAST
[14:36:16.245] Bot39 executed ROTATE_LEFT
[14:36:16.245] Bot39 moved forward to (2,3)
[14:36:16.246] Bot39 executed MOVE_FORWARD
[14:36:16.246] Starting turn for Bot38
[14:36:16.246] Bot38 rotated left to face WEST
[14:36:16.246] Bot38 executed ROTATE_LEFT
[14:36:16.246] Bot38 moved forward to (7,6)
[14:36:16.246] Bot38 executed MOVE_FORWARD
[14:36:16.246] Starting turn for Bot39
[14:36:16.246] Bot39 rotated right to face SOUTH
[14:36:16.246] Bot39 executed ROTATE_RIGHT
[14:36:16.246] Bot39 moved forward to (3,3)
[14:36:16.246] Bot39 executed MOVE_FORWARD
[14:36:16.246] Starting turn for Bot38
[14:36:16.246] Bot38 rotated right to face NORTH
[14:36:16.246] Bot38 executed ROTATE_RIGHT
[14:36:16.246] Bot38 moved forward to (6,6)
[14:36:16.246] Bot38 executed MOVE_FORWARD
[14:36:16.246] Starting turn for Bot39
[14:36:16.246] Bot39 rotated left to face EAST
[14:36:16.246] Bot39 executed ROTATE_LEFT
[14:36:16.246] Bot39 moved forward to (3,4)
[14:36:16.246] Bot39 executed MOVE_FORWARD
[14:36:16.246] Starting turn for Bot38
[14:36:16.246] Bot38 rotated left to face WEST
[14:36:16.246] Bot38 executed ROTATE_LEFT
[14:36:16.246] Bot38 moved forward to (6,5)
[14:36:16.246] Bot38 executed MOVE_FORWARD
[14:36:16.246] Starting turn for Bot39
[14:36:16.246] Bot39 rotated right to face SOUTH
[14:36:16.246] Bot39 executed ROTATE_RIGHT
[14:36:16.246] Bot39 moved forward to (4,4)
[14:36:16.246] Bot39 executed MOVE_FORWARD
[14:36:16.246] Starting turn for Bot38
[14:36:16.246] Bot38 rotated right to face NORTH
[14:36:16.246] Bot38 executed ROTATE_RIGHT
[14:36:16.246] Bot38 moved forward to (5,5)
[14:36:16.246] Bot38 executed MOVE_FORWARD
[14:36:16.246] Starting turn for Bot39
[14:36:16.246] Bot39 rotated left to face EAST
[14:36:16.246] Bot39 executed ROTATE_LEFT
[14:36:16.246] Bot39 moved forward to (4,5)
[14:36:16.246] Bot39 executed MOVE_FORWARD
[14:36:16.246] Starting turn for Bot38
[14:36:16.246] Bot38 shooting in direction NORTH
[14:36:16.246] Bot38 hit Bot39 for 25 damage (health: 100 -> 75)
[14:36:16.246] Bot38 executed SHOOT
[14:36:16.246] Starting turn for Bot39
[14:36:16.246] Bot39 rotated right to face SOUTH
[14:36:16.246] Bot39 executed ROTATE_RIGHT
[14:36:16.246] Starting turn for Bot38
[14:36:16.246] Bot38 shooting in direction NORTH
[14:36:16.246] Bot38 hit Bot39 for 25 damage (health: 75 -> 50)
[14:36:16.246] Bot38 executed SHOOT
[14:36:16.246] Starting turn for Bot39
[14:36:16.246] Bot39 shooting in direction SOUTH
[14:36:16.246] Bot39 hit Bot38 for 25 damage (health: 100 -> 75)
[14:36:16.246] Bot39 executed SHOOT
[14:36:16.246] Starting turn for Bot38
[14:36:16.246] Bot38 shooting in direction NORTH
[14:36:16.246] Bot38 hit Bot39 for 25 damage (health: 50 -> 25)
[14:36:16.246] Bot38 executed SHOOT
[14:36:16.246] Starting turn for Bot39
[14:36:16.246] Bot39 shooting in direction SOUTH
[14:36:16.246] Bot39 hit Bot38 for 25 damage (health: 75 -> 50)
[14:36:16.246] Bot39 executed SHOOT
[14:36:16.246] Starting turn for Bot38
[14:36:16.246] Bot38 shooting in direction NORTH
[14:36:16.246] Bot38 hit Bot39 for 25 damage (health: 25 -> 0)
[14:36:16.246] Bot39 was destroyed!
[14:36:16.246] Bot38 is the last tank standing!
[14:36:16.246] Bot38 executed SHOOT
[14:36:16.246] Game Over! Bot38 wins!
[14:36:16.246] === Game Ended ===
