[14:35:53.512] === Game Started at 2025-02-04_14-35-53 ===
[14:35:53.512] Game initialized with 2 players
[14:35:53.512] Board size: 10
[14:35:53.512] Obstacle density: 0.05
[14:35:53.512] Max turns: 1000
[14:35:53.512] Player Bot26 starting at position (0,0) facing WEST
[14:35:53.512] Player Bot8 starting at position (9,9) facing EAST
[14:35:53.512] Obstacles at positions: (0,1) (4,4) (4,8) (6,0) (9,7)
[14:35:53.512] Starting turn for Bot26
[14:35:53.512] Bot26 rotated left to face SOUTH
[14:35:53.512] Bot26 executed ROTATE_LEFT
[14:35:53.512] Bot26 rotated left to face EAST
[14:35:53.512] Bot26 executed ROTATE_LEFT
[14:35:53.512] Starting turn for Bot8
[14:35:53.512] Bot8 rotated left to face NORTH
[14:35:53.512] Bot8 executed ROTATE_LEFT
[14:35:53.512] Bot8 rotated left to face WEST
[14:35:53.512] Bot8 executed ROTATE_LEFT
[14:35:53.512] Bot8 moved forward to (9,8)
[14:35:53.512] Bot8 executed MOVE_FORWARD
[14:35:53.512] Starting turn for Bot26
[14:35:53.512] Starting turn for Bot8
[14:35:53.512] Bot8 rotated right to face NORTH
[14:35:53.512] Bot8 executed ROTATE_RIGHT
[14:35:53.512] Bot8 moved forward to (8,8)
[14:35:53.512] Bot8 executed MOVE_FORWARD
[14:35:53.512] Starting turn for Bot26
[14:35:53.512] Bot26 rotated right to face SOUTH
[14:35:53.512] Bot26 executed ROTATE_RIGHT
[14:35:53.512] Bot26 moved forward to (1,0)
[14:35:53.512] Bot26 executed MOVE_FORWARD
[14:35:53.512] Starting turn for Bot8
[14:35:53.512] Bot8 rotated left to face WEST
[14:35:53.512] Bot8 executed ROTATE_LEFT
[14:35:53.512] Bot8 moved forward to (8,7)
[14:35:53.512] Bot8 executed MOVE_FORWARD
[14:35:53.512] Starting turn for Bot26
[14:35:53.512] Bot26 rotated left to face EAST
[14:35:53.512] Bot26 executed ROTATE_LEFT
[14:35:53.512] Bot26 moved forward to (1,1)
[14:35:53.512] Bot26 executed MOVE_FORWARD
[14:35:53.512] Starting turn for Bot8
[14:35:53.512] Bot8 rotated right to face NORTH
[14:35:53.512] Bot8 executed ROTATE_RIGHT
[14:35:53.512] Bot8 moved forward to (7,7)
[14:35:53.512] Bot8 executed MOVE_FORWARD
[14:35:53.512] Starting turn for Bot26
[14:35:53.512] Bot26 moved forward to (1,2)
[14:35:53.512] Bot26 executed MOVE_FORWARD
[14:35:53.512] Starting turn for Bot8
[14:35:53.512] Bot8 rotated left to face WEST
[14:35:53.512] Bot8 executed ROTATE_LEFT
[14:35:53.512] Bot8 moved forward to (7,6)
[14:35:53.512] Bot8 executed MOVE_FORWARD
[14:35:53.512] Starting turn for Bot26
[14:35:53.512] Bot26 rotated right to face SOUTH
[14:35:53.512] Bot26 executed ROTATE_RIGHT
[14:35:53.512] Bot26 moved forward to (2,2)
[14:35:53.512] Bot26 executed MOVE_FORWARD
[14:35:53.512] Starting turn for Bot8
[14:35:53.512] Bot8 rotated right to face NORTH
[14:35:53.512] Bot8 executed ROTATE_RIGHT
[14:35:53.512] Bot8 moved forward to (6,6)
[14:35:53.512] Bot8 executed MOVE_FORWARD
[14:35:53.512] Starting turn for Bot26
[14:35:53.512] Bot26 rotated left to face EAST
[14:35:53.512] Bot26 executed ROTATE_LEFT
[14:35:53.512] Bot26 moved forward to (2,3)
[14:35:53.512] Bot26 executed MOVE_FORWARD
[14:35:53.512] Starting turn for Bot8
[14:35:53.512] Bot8 rotated left to face WEST
[14:35:53.512] Bot8 executed ROTATE_LEFT
[14:35:53.512] Bot8 moved forward to (6,5)
[14:35:53.512] Bot8 executed MOVE_FORWARD
[14:35:53.512] Starting turn for Bot26
[14:35:53.512] Bot26 rotated right to face SOUTH
[14:35:53.512] Bot26 executed ROTATE_RIGHT
[14:35:53.512] Bot26 moved forward to (3,3)
[14:35:53.512] Bot26 executed MOVE_FORWARD
[14:35:53.512] Starting turn for Bot8
[14:35:53.512] Bot8 rotated right to face NORTH
[14:35:53.512] Bot8 executed ROTATE_RIGHT
[14:35:53.512] Bot8 moved forward to (5,5)
[14:35:53.512] Bot8 executed MOVE_FORWARD
[14:35:53.512] Starting turn for Bot26
[14:35:53.512] Bot26 rotated left to face EAST
[14:35:53.512] Bot26 executed ROTATE_LEFT
[14:35:53.512] Bot26 moved forward to (3,4)
[14:35:53.512] Bot26 executed MOVE_FORWARD
[14:35:53.512] Starting turn for Bot8
[14:35:53.512] Starting turn for Bot26
[14:35:53.512] Bot26 rotated right to face SOUTH
[14:35:53.512] Bot26 executed ROTATE_RIGHT
[14:35:53.512] Starting turn for Bot8
[14:35:53.512] Starting turn for Bot26
[14:35:53.512] Starting turn for Bot8
[14:35:53.512] Starting turn for Bot26
[14:35:53.512] Bot26 rotated left to face EAST
[14:35:53.512] Bot26 executed ROTATE_LEFT
[14:35:53.512] Bot26 rotated left to face NORTH
[14:35:53.512] Bot26 executed ROTATE_LEFT
[14:35:53.512] Bot26 moved forward to (2,4)
[14:35:53.512] Bot26 executed MOVE_FORWARD
[14:35:53.512] Starting turn for Bot8
[14:35:53.512] Starting turn for Bot26
[14:35:53.512] Bot26 rotated left to face WEST
[14:35:53.512] Bot26 executed ROTATE_LEFT
[14:35:53.512] Bot26 rotated left to face SOUTH
[14:35:53.512] Bot26 executed ROTATE_LEFT
[14:35:53.512] Bot26 moved forward to (3,4)
[14:35:53.512] Bot26 executed MOVE_FORWARD
[14:35:53.512] Starting turn for Bot8
[14:35:53.512] Starting turn for Bot26
[14:35:53.512] Starting turn for Bot8
[14:35:53.512] Starting turn for Bot26
[14:35:53.512] Starting turn for Bot8
[14:35:53.512] Starting turn for Bot26
[14:35:53.512] Bot26 rotated left to face EAST
[14:35:53.512] Bot26 executed ROTATE_LEFT
[14:35:53.512] Bot26 rotated left to face NORTH
[14:35:53.512] Bot26 executed ROTATE_LEFT
[14:35:53.512] Bot26 moved forward to (2,4)
[14:35:53.512] Bot26 executed MOVE_FORWARD
[14:35:53.512] Starting turn for Bot8
[14:35:53.512] Starting turn for Bot26
[14:35:53.512] Bot26 rotated left to face WEST
[14:35:53.512] Bot26 executed ROTATE_LEFT
[14:35:53.512] Bot26 rotated left to face SOUTH
[14:35:53.512] Bot26 executed ROTATE_LEFT
[14:35:53.512] Bot26 moved forward to (3,4)
[14:35:53.512] Bot26 executed MOVE_FORWARD
[14:35:53.512] Starting turn for Bot8
[14:35:53.512] Starting turn for Bot26
[14:35:53.512] Starting turn for Bot8
[14:35:53.512] Starting turn for Bot26
[14:35:53.512] Starting turn for Bot8
[14:35:53.512] Starting turn for Bot26
[14:35:53.512] Bot26 rotated left to face EAST
[14:35:53.512] Bot26 executed ROTATE_LEFT
[14:35:53.512] Bot26 rotated left to face NORTH
[14:35:53.512] Bot26 executed ROTATE_LEFT
[14:35:53.512] Bot26 moved forward to (2,4)
[14:35:53.512] Bot26 executed MOVE_FORWARD
[14:35:53.512] Starting turn for Bot8
[14:35:53.512] Starting turn for Bot26
[14:35:53.512] Bot26 rotated left to face WEST
[14:35:53.512] Bot26 executed ROTATE_LEFT
[14:35:53.512] Bot26 rotated left to face SOUTH
[14:35:53.512] Bot26 executed ROTATE_LEFT
[14:35:53.512] Bot26 moved forward to (3,4)
[14:35:53.512] Bot26 executed MOVE_FORWARD
[14:35:53.512] Starting turn for Bot8
[14:35:53.512] Stalemate detected: State repeated 10 times, unchanged for 3 turns
[14:35:53.512] Game Over! Stalemate detected!
[14:35:53.512] Stalemate detected: State repeated 10 times, unchanged for 3 turns
