[14:36:03.537] === Game Started at 2025-02-04_14-36-03 ===
[14:36:03.537] Game initialized with 2 players
[14:36:03.537] Board size: 10
[14:36:03.537] Obstacle density: 0.05
[14:36:03.537] Max turns: 1000
[14:36:03.537] Player Bot29 starting at position (0,0) facing NORTH
[14:36:03.537] Player Bot16 starting at position (9,9) facing WEST
[14:36:03.537] Obstacles at positions: (1,2) (3,8) (6,2) (7,0) (9,7)
[14:36:03.537] Starting turn for Bot29
[14:36:03.537] Bot29 rotated right to face EAST
[14:36:03.537] Bot29 executed ROTATE_RIGHT
[14:36:03.537] Bot29 moved forward to (0,1)
[14:36:03.537] Bot29 executed MOVE_FORWARD
[14:36:03.537] Starting turn for Bot16
[14:36:03.537] Bot16 moved forward to (9,8)
[14:36:03.537] Bot16 executed MOVE_FORWARD
[14:36:03.537] Starting turn for Bot29
[14:36:03.537] Bot29 rotated right to face SOUTH
[14:36:03.537] Bot29 executed ROTATE_RIGHT
[14:36:03.537] Bot29 moved forward to (1,1)
[14:36:03.537] Bot29 executed MOVE_FORWARD
[14:36:03.537] Starting turn for Bot16
[14:36:03.537] Bot16 rotated right to face NORTH
[14:36:03.537] Bot16 executed ROTATE_RIGHT
[14:36:03.537] Bot16 moved forward to (8,8)
[14:36:03.537] Bot16 executed MOVE_FORWARD
[14:36:03.537] Starting turn for Bot29
[14:36:03.537] Bot29 rotated left to face EAST
[14:36:03.537] Bot29 executed ROTATE_LEFT
[14:36:03.537] Starting turn for Bot16
[14:36:03.537] Bot16 rotated left to face WEST
[14:36:03.537] Bot16 executed ROTATE_LEFT
[14:36:03.537] Bot16 moved forward to (8,7)
[14:36:03.537] Bot16 executed MOVE_FORWARD
[14:36:03.537] Starting turn for Bot29
[14:36:03.537] Starting turn for Bot16
[14:36:03.537] Bot16 rotated right to face NORTH
[14:36:03.537] Bot16 executed ROTATE_RIGHT
[14:36:03.537] Bot16 moved forward to (7,7)
[14:36:03.537] Bot16 executed MOVE_FORWARD
[14:36:03.537] Starting turn for Bot29
[14:36:03.537] Bot29 rotated left to face NORTH
[14:36:03.537] Bot29 executed ROTATE_LEFT
[14:36:03.537] Bot29 moved forward to (0,1)
[14:36:03.537] Bot29 executed MOVE_FORWARD
[14:36:03.537] Starting turn for Bot16
[14:36:03.537] Bot16 rotated left to face WEST
[14:36:03.537] Bot16 executed ROTATE_LEFT
[14:36:03.537] Bot16 moved forward to (7,6)
[14:36:03.537] Bot16 executed MOVE_FORWARD
[14:36:03.537] Starting turn for Bot29
[14:36:03.537] Bot29 rotated left to face WEST
[14:36:03.537] Bot29 executed ROTATE_LEFT
[14:36:03.537] Bot29 rotated left to face SOUTH
[14:36:03.537] Bot29 executed ROTATE_LEFT
[14:36:03.537] Bot29 moved forward to (1,1)
[14:36:03.537] Bot29 executed MOVE_FORWARD
[14:36:03.537] Starting turn for Bot16
[14:36:03.537] Bot16 rotated right to face NORTH
[14:36:03.537] Bot16 executed ROTATE_RIGHT
[14:36:03.537] Bot16 moved forward to (6,6)
[14:36:03.537] Bot16 executed MOVE_FORWARD
[14:36:03.537] Starting turn for Bot29
[14:36:03.537] Bot29 rotated left to face EAST
[14:36:03.537] Bot29 executed ROTATE_LEFT
[14:36:03.537] Starting turn for Bot16
[14:36:03.537] Bot16 rotated left to face WEST
[14:36:03.537] Bot16 executed ROTATE_LEFT
[14:36:03.537] Bot16 moved forward to (6,5)
[14:36:03.537] Bot16 executed MOVE_FORWARD
[14:36:03.537] Starting turn for Bot29
[14:36:03.537] Starting turn for Bot16
[14:36:03.537] Bot16 rotated right to face NORTH
[14:36:03.537] Bot16 executed ROTATE_RIGHT
[14:36:03.537] Bot16 moved forward to (5,5)
[14:36:03.537] Bot16 executed MOVE_FORWARD
[14:36:03.537] Starting turn for Bot29
[14:36:03.537] Bot29 rotated left to face NORTH
[14:36:03.537] Bot29 executed ROTATE_LEFT
[14:36:03.537] Bot29 moved forward to (0,1)
[14:36:03.537] Bot29 executed MOVE_FORWARD
[14:36:03.537] Starting turn for Bot16
[14:36:03.537] Starting turn for Bot29
[14:36:03.537] Bot29 rotated left to face WEST
[14:36:03.537] Bot29 executed ROTATE_LEFT
[14:36:03.537] Bot29 rotated left to face SOUTH
[14:36:03.537] Bot29 executed ROTATE_LEFT
[14:36:03.537] Bot29 moved forward to (1,1)
[14:36:03.537] Bot29 executed MOVE_FORWARD
[14:36:03.537] Starting turn for Bot16
[14:36:03.537] Starting turn for Bot29
[14:36:03.537] Bot29 rotated left to face EAST
[14:36:03.537] Bot29 executed ROTATE_LEFT
[14:36:03.537] Starting turn for Bot16
[14:36:03.537] Starting turn for Bot29
[14:36:03.537] Starting turn for Bot16
[14:36:03.537] Starting turn for Bot29
[14:36:03.537] Bot29 rotated left to face NORTH
[14:36:03.537] Bot29 executed ROTATE_LEFT
[14:36:03.537] Bot29 moved forward to (0,1)
[14:36:03.537] Bot29 executed MOVE_FORWARD
[14:36:03.537] Starting turn for Bot16
[14:36:03.537] Starting turn for Bot29
[14:36:03.537] Bot29 rotated left to face WEST
[14:36:03.537] Bot29 executed ROTATE_LEFT
[14:36:03.537] Bot29 rotated left to face SOUTH
[14:36:03.537] Bot29 executed ROTATE_LEFT
[14:36:03.537] Bot29 moved forward to (1,1)
[14:36:03.537] Bot29 executed MOVE_FORWARD
[14:36:03.537] Starting turn for Bot16
[14:36:03.537] Starting turn for Bot29
[14:36:03.537] Bot29 rotated left to face EAST
[14:36:03.537] Bot29 executed ROTATE_LEFT
[14:36:03.537] Starting turn for Bot16
[14:36:03.537] Starting turn for Bot29
[14:36:03.537] Starting turn for Bot16
[14:36:03.537] Starting turn for Bot29
[14:36:03.537] Bot29 rotated left to face NORTH
[14:36:03.537] Bot29 executed ROTATE_LEFT
[14:36:03.537] Bot29 moved forward to (0,1)
[14:36:03.537] Bot29 executed MOVE_FORWARD
[14:36:03.537] Starting turn for Bot16
[14:36:03.537] Starting turn for Bot29
[14:36:03.537] Bot29 rotated left to face WEST
[14:36:03.537] Bot29 executed ROTATE_LEFT
[14:36:03.537] Bot29 rotated left to face SOUTH
[14:36:03.537] Bot29 executed ROTATE_LEFT
[14:36:03.537] Bot29 moved forward to (1,1)
[14:36:03.538] Bot29 executed MOVE_FORWARD
[14:36:03.538] Starting turn for Bot16
[14:36:03.538] Starting turn for Bot29
[14:36:03.538] Bot29 rotated left to face EAST
[14:36:03.538] Bot29 executed ROTATE_LEFT
[14:36:03.538] Starting turn for Bot16
[14:36:03.538] Starting turn for Bot29
[14:36:03.538] Starting turn for Bot16
[14:36:03.538] Stalemate detected: State repeated 10 times, unchanged for 3 turns
[14:36:03.538] Game Over! Stalemate detected!
[14:36:03.538] Stalemate detected: State repeated 10 times, unchanged for 3 turns
