[14:36:00.660] === Game Started at 2025-02-04_14-36-00 ===
[14:36:00.660] Game initialized with 2 players
[14:36:00.660] Board size: 10
[14:36:00.660] Obstacle density: 0.05
[14:36:00.660] Max turns: 1000
[14:36:00.660] Player Bot18 starting at position (0,0) facing SOUTH
[14:36:00.660] Player Bot14 starting at position (9,9) facing SOUTH
[14:36:00.660] Obstacles at positions: (1,2) (4,1) (6,6) (7,3) (8,0)
[14:36:00.660] Starting turn for Bot18
[14:36:00.660] Bot18 rotated left to face EAST
[14:36:00.660] Bot18 executed ROTATE_LEFT
[14:36:00.660] Bot18 moved forward to (0,1)
[14:36:00.660] Bot18 executed MOVE_FORWARD
[14:36:00.660] Starting turn for Bot14
[14:36:00.660] Bot14 rotated right to face WEST
[14:36:00.660] Bot14 executed ROTATE_RIGHT
[14:36:00.660] Bot14 moved forward to (9,8)
[14:36:00.660] Bot14 executed MOVE_FORWARD
[14:36:00.660] Starting turn for Bot18
[14:36:00.660] Bot18 rotated right to face SOUTH
[14:36:00.660] Bot18 executed ROTATE_RIGHT
[14:36:00.660] Bot18 moved forward to (1,1)
[14:36:00.660] Bot18 executed MOVE_FORWARD
[14:36:00.660] Starting turn for Bot14
[14:36:00.660] Bot14 rotated right to face NORTH
[14:36:00.660] Bot14 executed ROTATE_RIGHT
[14:36:00.660] Bot14 moved forward to (8,8)
[14:36:00.660] Bot14 executed MOVE_FORWARD
[14:36:00.660] Starting turn for Bot18
[14:36:00.660] Bot18 rotated left to face EAST
[14:36:00.660] Bot18 executed ROTATE_LEFT
[14:36:00.660] Starting turn for Bot14
[14:36:00.660] Bot14 rotated left to face WEST
[14:36:00.660] Bot14 executed ROTATE_LEFT
[14:36:00.660] Bot14 moved forward to (8,7)
[14:36:00.660] Bot14 executed MOVE_FORWARD
[14:36:00.660] Starting turn for Bot18
[14:36:00.660] Starting turn for Bot14
[14:36:00.660] Bot14 rotated right to face NORTH
[14:36:00.660] Bot14 executed ROTATE_RIGHT
[14:36:00.660] Bot14 moved forward to (7,7)
[14:36:00.660] Bot14 executed MOVE_FORWARD
[14:36:00.660] Starting turn for Bot18
[14:36:00.660] Bot18 rotated left to face NORTH
[14:36:00.660] Bot18 executed ROTATE_LEFT
[14:36:00.660] Bot18 moved forward to (0,1)
[14:36:00.660] Bot18 executed MOVE_FORWARD
[14:36:00.660] Starting turn for Bot14
[14:36:00.660] Bot14 rotated left to face WEST
[14:36:00.660] Bot14 executed ROTATE_LEFT
[14:36:00.660] Bot14 moved forward to (7,6)
[14:36:00.660] Bot14 executed MOVE_FORWARD
[14:36:00.660] Starting turn for Bot18
[14:36:00.660] Bot18 rotated left to face WEST
[14:36:00.660] Bot18 executed ROTATE_LEFT
[14:36:00.660] Bot18 rotated left to face SOUTH
[14:36:00.660] Bot18 executed ROTATE_LEFT
[14:36:00.660] Bot18 moved forward to (1,1)
[14:36:00.660] Bot18 executed MOVE_FORWARD
[14:36:00.660] Starting turn for Bot14
[14:36:00.660] Bot14 rotated right to face NORTH
[14:36:00.660] Bot14 executed ROTATE_RIGHT
[14:36:00.660] Starting turn for Bot18
[14:36:00.660] Bot18 rotated left to face EAST
[14:36:00.660] Bot18 executed ROTATE_LEFT
[14:36:00.660] Starting turn for Bot14
[14:36:00.660] Starting turn for Bot18
[14:36:00.660] Starting turn for Bot14
[14:36:00.660] Bot14 rotated right to face EAST
[14:36:00.660] Bot14 executed ROTATE_RIGHT
[14:36:00.660] Bot14 moved forward to (7,7)
[14:36:00.660] Bot14 executed MOVE_FORWARD
[14:36:00.660] Starting turn for Bot18
[14:36:00.660] Bot18 rotated left to face NORTH
[14:36:00.660] Bot18 executed ROTATE_LEFT
[14:36:00.660] Bot18 moved forward to (0,1)
[14:36:00.660] Bot18 executed MOVE_FORWARD
[14:36:00.660] Starting turn for Bot14
[14:36:00.660] Bot14 rotated left to face NORTH
[14:36:00.660] Bot14 executed ROTATE_LEFT
[14:36:00.660] Bot14 rotated left to face WEST
[14:36:00.660] Bot14 executed ROTATE_LEFT
[14:36:00.660] Bot14 moved forward to (7,6)
[14:36:00.660] Bot14 executed MOVE_FORWARD
[14:36:00.660] Starting turn for Bot18
[14:36:00.660] Bot18 rotated left to face WEST
[14:36:00.660] Bot18 executed ROTATE_LEFT
[14:36:00.660] Bot18 rotated left to face SOUTH
[14:36:00.660] Bot18 executed ROTATE_LEFT
[14:36:00.660] Bot18 moved forward to (1,1)
[14:36:00.660] Bot18 executed MOVE_FORWARD
[14:36:00.660] Starting turn for Bot14
[14:36:00.660] Bot14 rotated right to face NORTH
[14:36:00.660] Bot14 executed ROTATE_RIGHT
[14:36:00.660] Starting turn for Bot18
[14:36:00.660] Bot18 rotated left to face EAST
[14:36:00.660] Bot18 executed ROTATE_LEFT
[14:36:00.660] Starting turn for Bot14
[14:36:00.660] Starting turn for Bot18
[14:36:00.660] Starting turn for Bot14
[14:36:00.660] Bot14 rotated right to face EAST
[14:36:00.660] Bot14 executed ROTATE_RIGHT
[14:36:00.660] Bot14 moved forward to (7,7)
[14:36:00.660] Bot14 executed MOVE_FORWARD
[14:36:00.660] Starting turn for Bot18
[14:36:00.660] Bot18 rotated left to face NORTH
[14:36:00.660] Bot18 executed ROTATE_LEFT
[14:36:00.660] Bot18 moved forward to (0,1)
[14:36:00.660] Bot18 executed MOVE_FORWARD
[14:36:00.660] Starting turn for Bot14
[14:36:00.660] Bot14 rotated left to face NORTH
[14:36:00.660] Bot14 executed ROTATE_LEFT
[14:36:00.660] Bot14 rotated left to face WEST
[14:36:00.660] Bot14 executed ROTATE_LEFT
[14:36:00.660] Bot14 moved forward to (7,6)
[14:36:00.660] Bot14 executed MOVE_FORWARD
[14:36:00.660] Starting turn for Bot18
[14:36:00.660] Bot18 rotated left to face WEST
[14:36:00.660] Bot18 executed ROTATE_LEFT
[14:36:00.660] Bot18 rotated left to face SOUTH
[14:36:00.660] Bot18 executed ROTATE_LEFT
[14:36:00.660] Bot18 moved forward to (1,1)
[14:36:00.660] Bot18 executed MOVE_FORWARD
[14:36:00.660] Starting turn for Bot14
[14:36:00.660] Bot14 rotated right to face NORTH
[14:36:00.660] Bot14 executed ROTATE_RIGHT
[14:36:00.660] Starting turn for Bot18
[14:36:00.660] Bot18 rotated left to face EAST
[14:36:00.660] Bot18 executed ROTATE_LEFT
[14:36:00.660] Starting turn for Bot14
[14:36:00.660] Starting turn for Bot18
[14:36:00.660] Starting turn for Bot14
[14:36:00.660] Bot14 rotated right to face EAST
[14:36:00.660] Bot14 executed ROTATE_RIGHT
[14:36:00.660] Bot14 moved forward to (7,7)
[14:36:00.660] Bot14 executed MOVE_FORWARD
[14:36:00.660] Starting turn for Bot18
[14:36:00.660] Bot18 rotated left to face NORTH
[14:36:00.660] Bot18 executed ROTATE_LEFT
[14:36:00.660] Bot18 moved forward to (0,1)
[14:36:00.660] Bot18 executed MOVE_FORWARD
[14:36:00.660] Starting turn for Bot14
[14:36:00.660] Bot14 rotated left to face NORTH
[14:36:00.660] Bot14 executed ROTATE_LEFT
[14:36:00.660] Bot14 rotated left to face WEST
[14:36:00.660] Bot14 executed ROTATE_LEFT
[14:36:00.660] Bot14 moved forward to (7,6)
[14:36:00.660] Bot14 executed MOVE_FORWARD
[14:36:00.660] Starting turn for Bot18
[14:36:00.660] Bot18 rotated left to face WEST
[14:36:00.660] Bot18 executed ROTATE_LEFT
[14:36:00.660] Bot18 rotated left to face SOUTH
[14:36:00.660] Bot18 executed ROTATE_LEFT
[14:36:00.660] Bot18 moved forward to (1,1)
[14:36:00.660] Bot18 executed MOVE_FORWARD
[14:36:00.660] Starting turn for Bot14
[14:36:00.660] Bot14 rotated right to face NORTH
[14:36:00.660] Bot14 executed ROTATE_RIGHT
[14:36:00.660] Starting turn for Bot18
[14:36:00.660] Bot18 rotated left to face EAST
[14:36:00.660] Bot18 executed ROTATE_LEFT
[14:36:00.660] Starting turn for Bot14
[14:36:00.660] Starting turn for Bot18
[14:36:00.660] Starting turn for Bot14
[14:36:00.660] Stalemate detected: State repeated 10 times, unchanged for 1 turns
[14:36:00.660] Game Over! Stalemate detected!
[14:36:00.660] Stalemate detected: State repeated 10 times, unchanged for 1 turns
