[14:35:47.940] === Game Started at 2025-02-04_14-35-47 ===
[14:35:47.940] Game initialized with 2 players
[14:35:47.940] Board size: 10
[14:35:47.940] Obstacle density: 0.05
[14:35:47.940] Max turns: 1000
[14:35:47.940] Player Bot19 starting at position (0,0) facing NORTH
[14:35:47.940] Player Bot5 starting at position (9,9) facing WEST
[14:35:47.940] Obstacles at positions: (3,0) (3,7) (4,5) (7,0) (8,5)
[14:35:47.940] Starting turn for Bot19
[14:35:47.940] Bot19 rotated right to face EAST
[14:35:47.940] Bot19 executed ROTATE_RIGHT
[14:35:47.940] Bot19 moved forward to (0,1)
[14:35:47.940] Bot19 executed MOVE_FORWARD
[14:35:47.940] Starting turn for Bot5
[14:35:47.940] Bot5 moved forward to (9,8)
[14:35:47.940] Bot5 executed MOVE_FORWARD
[14:35:47.940] Starting turn for Bot19
[14:35:47.940] Bot19 rotated right to face SOUTH
[14:35:47.940] Bot19 executed ROTATE_RIGHT
[14:35:47.940] Bot19 moved forward to (1,1)
[14:35:47.940] Bot19 executed MOVE_FORWARD
[14:35:47.940] Starting turn for Bot5
[14:35:47.940] Bot5 rotated right to face NORTH
[14:35:47.940] Bot5 executed ROTATE_RIGHT
[14:35:47.940] Bot5 moved forward to (8,8)
[14:35:47.940] Bot5 executed MOVE_FORWARD
[14:35:47.940] Starting turn for Bot19
[14:35:47.940] Bot19 rotated left to face EAST
[14:35:47.940] Bot19 executed ROTATE_LEFT
[14:35:47.940] Bot19 moved forward to (1,2)
[14:35:47.940] Bot19 executed MOVE_FORWARD
[14:35:47.940] Starting turn for Bot5
[14:35:47.940] Bot5 rotated left to face WEST
[14:35:47.940] Bot5 executed ROTATE_LEFT
[14:35:47.940] Bot5 moved forward to (8,7)
[14:35:47.940] Bot5 executed MOVE_FORWARD
[14:35:47.940] Starting turn for Bot19
[14:35:47.940] Bot19 rotated right to face SOUTH
[14:35:47.940] Bot19 executed ROTATE_RIGHT
[14:35:47.940] Bot19 moved forward to (2,2)
[14:35:47.940] Bot19 executed MOVE_FORWARD
[14:35:47.940] Starting turn for Bot5
[14:35:47.940] Bot5 rotated right to face NORTH
[14:35:47.940] Bot5 executed ROTATE_RIGHT
[14:35:47.940] Bot5 moved forward to (7,7)
[14:35:47.940] Bot5 executed MOVE_FORWARD
[14:35:47.940] Starting turn for Bot19
[14:35:47.940] Bot19 rotated left to face EAST
[14:35:47.940] Bot19 executed ROTATE_LEFT
[14:35:47.940] Bot19 moved forward to (2,3)
[14:35:47.940] Bot19 executed MOVE_FORWARD
[14:35:47.940] Starting turn for Bot5
[14:35:47.940] Bot5 rotated left to face WEST
[14:35:47.940] Bot5 executed ROTATE_LEFT
[14:35:47.940] Bot5 moved forward to (7,6)
[14:35:47.940] Bot5 executed MOVE_FORWARD
[14:35:47.940] Starting turn for Bot19
[14:35:47.940] Bot19 rotated right to face SOUTH
[14:35:47.940] Bot19 executed ROTATE_RIGHT
[14:35:47.940] Bot19 moved forward to (3,3)
[14:35:47.940] Bot19 executed MOVE_FORWARD
[14:35:47.940] Starting turn for Bot5
[14:35:47.940] Bot5 rotated right to face NORTH
[14:35:47.940] Bot5 executed ROTATE_RIGHT
[14:35:47.940] Bot5 moved forward to (6,6)
[14:35:47.940] Bot5 executed MOVE_FORWARD
[14:35:47.940] Starting turn for Bot19
[14:35:47.940] Bot19 rotated left to face EAST
[14:35:47.940] Bot19 executed ROTATE_LEFT
[14:35:47.940] Bot19 moved forward to (3,4)
[14:35:47.940] Bot19 executed MOVE_FORWARD
[14:35:47.940] Starting turn for Bot5
[14:35:47.940] Bot5 rotated left to face WEST
[14:35:47.940] Bot5 executed ROTATE_LEFT
[14:35:47.940] Bot5 moved forward to (6,5)
[14:35:47.940] Bot5 executed MOVE_FORWARD
[14:35:47.940] Starting turn for Bot19
[14:35:47.940] Bot19 rotated right to face SOUTH
[14:35:47.940] Bot19 executed ROTATE_RIGHT
[14:35:47.940] Bot19 moved forward to (4,4)
[14:35:47.940] Bot19 executed MOVE_FORWARD
[14:35:47.940] Starting turn for Bot5
[14:35:47.940] Bot5 rotated right to face NORTH
[14:35:47.940] Bot5 executed ROTATE_RIGHT
[14:35:47.940] Bot5 moved forward to (5,5)
[14:35:47.940] Bot5 executed MOVE_FORWARD
[14:35:47.940] Starting turn for Bot19
[14:35:47.940] Bot19 rotated left to face EAST
[14:35:47.940] Bot19 executed ROTATE_LEFT
[14:35:47.940] Starting turn for Bot5
[14:35:47.940] Starting turn for Bot19
[14:35:47.940] Starting turn for Bot5
[14:35:47.940] Starting turn for Bot19
[14:35:47.941] Bot19 rotated left to face NORTH
[14:35:47.941] Bot19 executed ROTATE_LEFT
[14:35:47.941] Bot19 moved forward to (3,4)
[14:35:47.941] Bot19 executed MOVE_FORWARD
[14:35:47.941] Starting turn for Bot5
[14:35:47.941] Starting turn for Bot19
[14:35:47.941] Bot19 rotated left to face WEST
[14:35:47.941] Bot19 executed ROTATE_LEFT
[14:35:47.941] Bot19 rotated left to face SOUTH
[14:35:47.941] Bot19 executed ROTATE_LEFT
[14:35:47.941] Bot19 moved forward to (4,4)
[14:35:47.941] Bot19 executed MOVE_FORWARD
[14:35:47.941] Starting turn for Bot5
[14:35:47.941] Starting turn for Bot19
[14:35:47.941] Bot19 rotated left to face EAST
[14:35:47.941] Bot19 executed ROTATE_LEFT
[14:35:47.941] Starting turn for Bot5
[14:35:47.941] Starting turn for Bot19
[14:35:47.941] Starting turn for Bot5
[14:35:47.941] Starting turn for Bot19
[14:35:47.941] Bot19 rotated left to face NORTH
[14:35:47.941] Bot19 executed ROTATE_LEFT
[14:35:47.941] Bot19 moved forward to (3,4)
[14:35:47.941] Bot19 executed MOVE_FORWARD
[14:35:47.941] Starting turn for Bot5
[14:35:47.941] Starting turn for Bot19
[14:35:47.941] Bot19 rotated left to face WEST
[14:35:47.941] Bot19 executed ROTATE_LEFT
[14:35:47.941] Bot19 rotated left to face SOUTH
[14:35:47.941] Bot19 executed ROTATE_LEFT
[14:35:47.941] Bot19 moved forward to (4,4)
[14:35:47.941] Bot19 executed MOVE_FORWARD
[14:35:47.941] Starting turn for Bot5
[14:35:47.941] Starting turn for Bot19
[14:35:47.941] Bot19 rotated left to face EAST
[14:35:47.941] Bot19 executed ROTATE_LEFT
[14:35:47.941] Starting turn for Bot5
[14:35:47.941] Starting turn for Bot19
[14:35:47.941] Starting turn for Bot5
[14:35:47.941] Starting turn for Bot19
[14:35:47.941] Bot19 rotated left to face NORTH
[14:35:47.941] Bot19 executed ROTATE_LEFT
[14:35:47.941] Bot19 moved forward to (3,4)
[14:35:47.941] Bot19 executed MOVE_FORWARD
[14:35:47.941] Starting turn for Bot5
[14:35:47.941] Starting turn for Bot19
[14:35:47.941] Bot19 rotated left to face WEST
[14:35:47.941] Bot19 executed ROTATE_LEFT
[14:35:47.941] Bot19 rotated left to face SOUTH
[14:35:47.941] Bot19 executed ROTATE_LEFT
[14:35:47.941] Bot19 moved forward to (4,4)
[14:35:47.941] Bot19 executed MOVE_FORWARD
[14:35:47.941] Starting turn for Bot5
[14:35:47.941] Starting turn for Bot19
[14:35:47.941] Bot19 rotated left to face EAST
[14:35:47.941] Bot19 executed ROTATE_LEFT
[14:35:47.941] Starting turn for Bot5
[14:35:47.941] Stalemate detected: State repeated 10 times, unchanged for 1 turns
[14:35:47.941] Game Over! Stalemate detected!
[14:35:47.941] Stalemate detected: State repeated 10 times, unchanged for 1 turns
