[14:35:44.391] === Game Started at 2025-02-04_14-35-44 ===
[14:35:44.391] Game initialized with 2 players
[14:35:44.391] Board size: 10
[14:35:44.391] Obstacle density: 0.05
[14:35:44.391] Max turns: 1000
[14:35:44.391] Player Bot28 starting at position (0,0) facing NORTH
[14:35:44.391] Player Bot3 starting at position (9,9) facing EAST
[14:35:44.391] Obstacles at positions: (0,7) (2,8) (3,3) (5,7) (8,8)
[14:35:44.391] Starting turn for Bot28
[14:35:44.391] Bot28 rotated right to face EAST
[14:35:44.391] Bot28 executed ROTATE_RIGHT
[14:35:44.391] Bot28 moved forward to (0,1)
[14:35:44.391] Bot28 executed MOVE_FORWARD
[14:35:44.391] Starting turn for Bot3
[14:35:44.391] Bot3 rotated left to face NORTH
[14:35:44.391] Bot3 executed ROTATE_LEFT
[14:35:44.391] Bot3 rotated left to face WEST
[14:35:44.391] Bot3 executed ROTATE_LEFT
[14:35:44.391] Bot3 moved forward to (9,8)
[14:35:44.391] Bot3 executed MOVE_FORWARD
[14:35:44.391] Starting turn for Bot28
[14:35:44.391] Bot28 rotated right to face SOUTH
[14:35:44.391] Bot28 executed ROTATE_RIGHT
[14:35:44.391] Bot28 moved forward to (1,1)
[14:35:44.391] Bot28 executed MOVE_FORWARD
[14:35:44.391] Starting turn for Bot3
[14:35:44.391] Bot3 rotated right to face NORTH
[14:35:44.391] Bot3 executed ROTATE_RIGHT
[14:35:44.391] Starting turn for Bot28
[14:35:44.391] Bot28 rotated left to face EAST
[14:35:44.391] Bot28 executed ROTATE_LEFT
[14:35:44.391] Bot28 moved forward to (1,2)
[14:35:44.391] Bot28 executed MOVE_FORWARD
[14:35:44.391] Starting turn for Bot3
[14:35:44.391] Starting turn for Bot28
[14:35:44.391] Bot28 rotated right to face SOUTH
[14:35:44.391] Bot28 executed ROTATE_RIGHT
[14:35:44.391] Bot28 moved forward to (2,2)
[14:35:44.391] Bot28 executed MOVE_FORWARD
[14:35:44.391] Starting turn for Bot3
[14:35:44.391] Bot3 rotated right to face EAST
[14:35:44.391] Bot3 executed ROTATE_RIGHT
[14:35:44.391] Bot3 moved forward to (9,9)
[14:35:44.391] Bot3 executed MOVE_FORWARD
[14:35:44.391] Starting turn for Bot28
[14:35:44.391] Bot28 rotated left to face EAST
[14:35:44.391] Bot28 executed ROTATE_LEFT
[14:35:44.391] Bot28 moved forward to (2,3)
[14:35:44.391] Bot28 executed MOVE_FORWARD
[14:35:44.391] Starting turn for Bot3
[14:35:44.391] Bot3 rotated left to face NORTH
[14:35:44.391] Bot3 executed ROTATE_LEFT
[14:35:44.391] Bot3 rotated left to face WEST
[14:35:44.391] Bot3 executed ROTATE_LEFT
[14:35:44.391] Bot3 moved forward to (9,8)
[14:35:44.391] Bot3 executed MOVE_FORWARD
[14:35:44.391] Starting turn for Bot28
[14:35:44.391] Bot28 rotated right to face SOUTH
[14:35:44.391] Bot28 executed ROTATE_RIGHT
[14:35:44.391] Starting turn for Bot3
[14:35:44.391] Bot3 rotated right to face NORTH
[14:35:44.391] Bot3 executed ROTATE_RIGHT
[14:35:44.391] Starting turn for Bot28
[14:35:44.391] Starting turn for Bot3
[14:35:44.391] Starting turn for Bot28
[14:35:44.391] Bot28 rotated left to face EAST
[14:35:44.391] Bot28 executed ROTATE_LEFT
[14:35:44.391] Bot28 rotated left to face NORTH
[14:35:44.391] Bot28 executed ROTATE_LEFT
[14:35:44.391] Bot28 moved forward to (1,3)
[14:35:44.391] Bot28 executed MOVE_FORWARD
[14:35:44.391] Starting turn for Bot3
[14:35:44.391] Bot3 rotated right to face EAST
[14:35:44.391] Bot3 executed ROTATE_RIGHT
[14:35:44.391] Bot3 moved forward to (9,9)
[14:35:44.391] Bot3 executed MOVE_FORWARD
[14:35:44.391] Starting turn for Bot28
[14:35:44.391] Bot28 rotated left to face WEST
[14:35:44.391] Bot28 executed ROTATE_LEFT
[14:35:44.391] Bot28 rotated left to face SOUTH
[14:35:44.391] Bot28 executed ROTATE_LEFT
[14:35:44.391] Bot28 moved forward to (2,3)
[14:35:44.391] Bot28 executed MOVE_FORWARD
[14:35:44.391] Starting turn for Bot3
[14:35:44.391] Bot3 rotated left to face NORTH
[14:35:44.391] Bot3 executed ROTATE_LEFT
[14:35:44.391] Bot3 rotated left to face WEST
[14:35:44.391] Bot3 executed ROTATE_LEFT
[14:35:44.391] Bot3 moved forward to (9,8)
[14:35:44.391] Bot3 executed MOVE_FORWARD
[14:35:44.391] Starting turn for Bot28
[14:35:44.391] Starting turn for Bot3
[14:35:44.391] Bot3 rotated right to face NORTH
[14:35:44.391] Bot3 executed ROTATE_RIGHT
[14:35:44.391] Starting turn for Bot28
[14:35:44.391] Starting turn for Bot3
[14:35:44.391] Starting turn for Bot28
[14:35:44.391] Bot28 rotated left to face EAST
[14:35:44.391] Bot28 executed ROTATE_LEFT
[14:35:44.391] Bot28 rotated left to face NORTH
[14:35:44.391] Bot28 executed ROTATE_LEFT
[14:35:44.391] Bot28 moved forward to (1,3)
[14:35:44.391] Bot28 executed MOVE_FORWARD
[14:35:44.391] Starting turn for Bot3
[14:35:44.391] Bot3 rotated right to face EAST
[14:35:44.391] Bot3 executed ROTATE_RIGHT
[14:35:44.391] Bot3 moved forward to (9,9)
[14:35:44.391] Bot3 executed MOVE_FORWARD
[14:35:44.391] Starting turn for Bot28
[14:35:44.391] Bot28 rotated left to face WEST
[14:35:44.391] Bot28 executed ROTATE_LEFT
[14:35:44.391] Bot28 rotated left to face SOUTH
[14:35:44.391] Bot28 executed ROTATE_LEFT
[14:35:44.391] Bot28 moved forward to (2,3)
[14:35:44.391] Bot28 executed MOVE_FORWARD
[14:35:44.391] Starting turn for Bot3
[14:35:44.391] Bot3 rotated left to face NORTH
[14:35:44.391] Bot3 executed ROTATE_LEFT
[14:35:44.391] Bot3 rotated left to face WEST
[14:35:44.391] Bot3 executed ROTATE_LEFT
[14:35:44.391] Bot3 moved forward to (9,8)
[14:35:44.392] Bot3 executed MOVE_FORWARD
[14:35:44.392] Starting turn for Bot28
[14:35:44.392] Starting turn for Bot3
[14:35:44.392] Bot3 rotated right to face NORTH
[14:35:44.392] Bot3 executed ROTATE_RIGHT
[14:35:44.392] Starting turn for Bot28
[14:35:44.392] Starting turn for Bot3
[14:35:44.392] Starting turn for Bot28
[14:35:44.392] Bot28 rotated left to face EAST
[14:35:44.392] Bot28 executed ROTATE_LEFT
[14:35:44.392] Bot28 rotated left to face NORTH
[14:35:44.392] Bot28 executed ROTATE_LEFT
[14:35:44.392] Bot28 moved forward to (1,3)
[14:35:44.392] Bot28 executed MOVE_FORWARD
[14:35:44.392] Starting turn for Bot3
[14:35:44.392] Bot3 rotated right to face EAST
[14:35:44.392] Bot3 executed ROTATE_RIGHT
[14:35:44.392] Bot3 moved forward to (9,9)
[14:35:44.392] Bot3 executed MOVE_FORWARD
[14:35:44.392] Starting turn for Bot28
[14:35:44.392] Bot28 rotated left to face WEST
[14:35:44.392] Bot28 executed ROTATE_LEFT
[14:35:44.392] Bot28 rotated left to face SOUTH
[14:35:44.392] Bot28 executed ROTATE_LEFT
[14:35:44.392] Bot28 moved forward to (2,3)
[14:35:44.392] Bot28 executed MOVE_FORWARD
[14:35:44.392] Starting turn for Bot3
[14:35:44.392] Bot3 rotated left to face NORTH
[14:35:44.392] Bot3 executed ROTATE_LEFT
[14:35:44.392] Bot3 rotated left to face WEST
[14:35:44.392] Bot3 executed ROTATE_LEFT
[14:35:44.392] Bot3 moved forward to (9,8)
[14:35:44.392] Bot3 executed MOVE_FORWARD
[14:35:44.392] Starting turn for Bot28
[14:35:44.392] Starting turn for Bot3
[14:35:44.392] Bot3 rotated right to face NORTH
[14:35:44.392] Bot3 executed ROTATE_RIGHT
[14:35:44.392] Starting turn for Bot28
[14:35:44.392] Starting turn for Bot3
[14:35:44.392] Starting turn for Bot28
[14:35:44.392] Bot28 rotated left to face EAST
[14:35:44.392] Bot28 executed ROTATE_LEFT
[14:35:44.392] Bot28 rotated left to face NORTH
[14:35:44.392] Bot28 executed ROTATE_LEFT
[14:35:44.392] Bot28 moved forward to (1,3)
[14:35:44.392] Bot28 executed MOVE_FORWARD
[14:35:44.392] Starting turn for Bot3
[14:35:44.392] Bot3 rotated right to face EAST
[14:35:44.392] Bot3 executed ROTATE_RIGHT
[14:35:44.392] Bot3 moved forward to (9,9)
[14:35:44.392] Bot3 executed MOVE_FORWARD
[14:35:44.392] Starting turn for Bot28
[14:35:44.392] Bot28 rotated left to face WEST
[14:35:44.392] Bot28 executed ROTATE_LEFT
[14:35:44.392] Bot28 rotated left to face SOUTH
[14:35:44.392] Bot28 executed ROTATE_LEFT
[14:35:44.392] Bot28 moved forward to (2,3)
[14:35:44.392] Bot28 executed MOVE_FORWARD
[14:35:44.392] Starting turn for Bot3
[14:35:44.392] Bot3 rotated left to face NORTH
[14:35:44.392] Bot3 executed ROTATE_LEFT
[14:35:44.392] Bot3 rotated left to face WEST
[14:35:44.392] Bot3 executed ROTATE_LEFT
[14:35:44.392] Bot3 moved forward to (9,8)
[14:35:44.392] Bot3 executed MOVE_FORWARD
[14:35:44.392] Starting turn for Bot28
[14:35:44.392] Starting turn for Bot3
[14:35:44.392] Bot3 rotated right to face NORTH
[14:35:44.392] Bot3 executed ROTATE_RIGHT
[14:35:44.392] Starting turn for Bot28
[14:35:44.392] Stalemate detected: State repeated 10 times, unchanged for 3 turns
[14:35:44.392] Game Over! Stalemate detected!
[14:35:44.392] Stalemate detected: State repeated 10 times, unchanged for 3 turns
