[14:35:56.820] === Game Started at 2025-02-04_14-35-56 ===
[14:35:56.820] Game initialized with 2 players
[14:35:56.820] Board size: 10
[14:35:56.820] Obstacle density: 0.05
[14:35:56.820] Max turns: 1000
[14:35:56.820] Player Bot10 starting at position (0,0) facing EAST
[14:35:56.820] Player Bot38 starting at position (9,9) facing NORTH
[14:35:56.820] Obstacles at positions: (0,4) (1,0) (1,2) (5,9) (9,2)
[14:35:56.820] Starting turn for Bot10
[14:35:56.820] Bot10 moved forward to (0,1)
[14:35:56.820] Bot10 executed MOVE_FORWARD
[14:35:56.820] Starting turn for Bot38
[14:35:56.820] Bot38 rotated left to face WEST
[14:35:56.820] Bot38 executed ROTATE_LEFT
[14:35:56.820] Bot38 moved forward to (9,8)
[14:35:56.820] Bot38 executed MOVE_FORWARD
[14:35:56.820] Starting turn for Bot10
[14:35:56.820] Bot10 rotated right to face SOUTH
[14:35:56.820] Bot10 executed ROTATE_RIGHT
[14:35:56.820] Bot10 moved forward to (1,1)
[14:35:56.820] Bot10 executed MOVE_FORWARD
[14:35:56.820] Starting turn for Bot38
[14:35:56.820] Bot38 rotated right to face NORTH
[14:35:56.820] Bot38 executed ROTATE_RIGHT
[14:35:56.820] Bot38 moved forward to (8,8)
[14:35:56.820] Bot38 executed MOVE_FORWARD
[14:35:56.820] Starting turn for Bot10
[14:35:56.820] Bot10 rotated left to face EAST
[14:35:56.820] Bot10 executed ROTATE_LEFT
[14:35:56.820] Starting turn for Bot38
[14:35:56.820] Bot38 rotated left to face WEST
[14:35:56.820] Bot38 executed ROTATE_LEFT
[14:35:56.820] Bot38 moved forward to (8,7)
[14:35:56.820] Bot38 executed MOVE_FORWARD
[14:35:56.820] Starting turn for Bot10
[14:35:56.820] Starting turn for Bot38
[14:35:56.820] Bot38 rotated right to face NORTH
[14:35:56.820] Bot38 executed ROTATE_RIGHT
[14:35:56.820] Bot38 moved forward to (7,7)
[14:35:56.820] Bot38 executed MOVE_FORWARD
[14:35:56.820] Starting turn for Bot10
[14:35:56.820] Bot10 rotated left to face NORTH
[14:35:56.820] Bot10 executed ROTATE_LEFT
[14:35:56.820] Bot10 moved forward to (0,1)
[14:35:56.820] Bot10 executed MOVE_FORWARD
[14:35:56.820] Starting turn for Bot38
[14:35:56.820] Bot38 rotated left to face WEST
[14:35:56.820] Bot38 executed ROTATE_LEFT
[14:35:56.820] Bot38 moved forward to (7,6)
[14:35:56.820] Bot38 executed MOVE_FORWARD
[14:35:56.820] Starting turn for Bot10
[14:35:56.820] Bot10 rotated left to face WEST
[14:35:56.820] Bot10 executed ROTATE_LEFT
[14:35:56.820] Bot10 rotated left to face SOUTH
[14:35:56.820] Bot10 executed ROTATE_LEFT
[14:35:56.820] Bot10 moved forward to (1,1)
[14:35:56.820] Bot10 executed MOVE_FORWARD
[14:35:56.820] Starting turn for Bot38
[14:35:56.820] Bot38 rotated right to face NORTH
[14:35:56.820] Bot38 executed ROTATE_RIGHT
[14:35:56.820] Bot38 moved forward to (6,6)
[14:35:56.820] Bot38 executed MOVE_FORWARD
[14:35:56.820] Starting turn for Bot10
[14:35:56.820] Bot10 rotated left to face EAST
[14:35:56.820] Bot10 executed ROTATE_LEFT
[14:35:56.820] Starting turn for Bot38
[14:35:56.820] Bot38 rotated left to face WEST
[14:35:56.820] Bot38 executed ROTATE_LEFT
[14:35:56.820] Bot38 moved forward to (6,5)
[14:35:56.820] Bot38 executed MOVE_FORWARD
[14:35:56.820] Starting turn for Bot10
[14:35:56.820] Starting turn for Bot38
[14:35:56.820] Bot38 rotated right to face NORTH
[14:35:56.820] Bot38 executed ROTATE_RIGHT
[14:35:56.820] Bot38 moved forward to (5,5)
[14:35:56.820] Bot38 executed MOVE_FORWARD
[14:35:56.820] Starting turn for Bot10
[14:35:56.820] Bot10 rotated left to face NORTH
[14:35:56.820] Bot10 executed ROTATE_LEFT
[14:35:56.820] Bot10 moved forward to (0,1)
[14:35:56.820] Bot10 executed MOVE_FORWARD
[14:35:56.820] Starting turn for Bot38
[14:35:56.820] Starting turn for Bot10
[14:35:56.820] Bot10 rotated left to face WEST
[14:35:56.820] Bot10 executed ROTATE_LEFT
[14:35:56.820] Bot10 rotated left to face SOUTH
[14:35:56.820] Bot10 executed ROTATE_LEFT
[14:35:56.820] Bot10 moved forward to (1,1)
[14:35:56.820] Bot10 executed MOVE_FORWARD
[14:35:56.820] Starting turn for Bot38
[14:35:56.820] Starting turn for Bot10
[14:35:56.820] Bot10 rotated left to face EAST
[14:35:56.820] Bot10 executed ROTATE_LEFT
[14:35:56.820] Starting turn for Bot38
[14:35:56.820] Starting turn for Bot10
[14:35:56.820] Starting turn for Bot38
[14:35:56.820] Starting turn for Bot10
[14:35:56.820] Bot10 rotated left to face NORTH
[14:35:56.820] Bot10 executed ROTATE_LEFT
[14:35:56.820] Bot10 moved forward to (0,1)
[14:35:56.820] Bot10 executed MOVE_FORWARD
[14:35:56.820] Starting turn for Bot38
[14:35:56.820] Starting turn for Bot10
[14:35:56.820] Bot10 rotated left to face WEST
[14:35:56.820] Bot10 executed ROTATE_LEFT
[14:35:56.820] Bot10 rotated left to face SOUTH
[14:35:56.820] Bot10 executed ROTATE_LEFT
[14:35:56.820] Bot10 moved forward to (1,1)
[14:35:56.820] Bot10 executed MOVE_FORWARD
[14:35:56.820] Starting turn for Bot38
[14:35:56.820] Starting turn for Bot10
[14:35:56.820] Bot10 rotated left to face EAST
[14:35:56.820] Bot10 executed ROTATE_LEFT
[14:35:56.820] Starting turn for Bot38
[14:35:56.820] Starting turn for Bot10
[14:35:56.820] Starting turn for Bot38
[14:35:56.820] Starting turn for Bot10
[14:35:56.820] Bot10 rotated left to face NORTH
[14:35:56.820] Bot10 executed ROTATE_LEFT
[14:35:56.820] Bot10 moved forward to (0,1)
[14:35:56.820] Bot10 executed MOVE_FORWARD
[14:35:56.820] Starting turn for Bot38
[14:35:56.820] Starting turn for Bot10
[14:35:56.820] Bot10 rotated left to face WEST
[14:35:56.820] Bot10 executed ROTATE_LEFT
[14:35:56.820] Bot10 rotated left to face SOUTH
[14:35:56.820] Bot10 executed ROTATE_LEFT
[14:35:56.820] Bot10 moved forward to (1,1)
[14:35:56.820] Bot10 executed MOVE_FORWARD
[14:35:56.820] Starting turn for Bot38
[14:35:56.820] Starting turn for Bot10
[14:35:56.820] Bot10 rotated left to face EAST
[14:35:56.820] Bot10 executed ROTATE_LEFT
[14:35:56.820] Starting turn for Bot38
[14:35:56.820] Starting turn for Bot10
[14:35:56.820] Starting turn for Bot38
[14:35:56.820] Stalemate detected: State repeated 10 times, unchanged for 3 turns
[14:35:56.820] Game Over! Stalemate detected!
[14:35:56.820] Stalemate detected: State repeated 10 times, unchanged for 3 turns
