[14:35:54.539] === Game Started at 2025-02-04_14-35-54 ===
[14:35:54.539] Game initialized with 2 players
[14:35:54.539] Board size: 10
[14:35:54.539] Obstacle density: 0.05
[14:35:54.539] Max turns: 1000
[14:35:54.539] Player Bot16 starting at position (0,0) facing SOUTH
[14:35:54.539] Player Bot9 starting at position (9,9) facing WEST
[14:35:54.539] Obstacles at positions: (1,3) (2,3) (2,4) (6,4) (7,7)
[14:35:54.539] Starting turn for Bot16
[14:35:54.539] Bot16 rotated left to face EAST
[14:35:54.539] Bot16 executed ROTATE_LEFT
[14:35:54.539] Bot16 moved forward to (0,1)
[14:35:54.539] Bot16 executed MOVE_FORWARD
[14:35:54.539] Starting turn for Bot9
[14:35:54.539] Bot9 moved forward to (9,8)
[14:35:54.539] Bot9 executed MOVE_FORWARD
[14:35:54.539] Starting turn for Bot16
[14:35:54.539] Bot16 rotated right to face SOUTH
[14:35:54.539] Bot16 executed ROTATE_RIGHT
[14:35:54.539] Bot16 moved forward to (1,1)
[14:35:54.539] Bot16 executed MOVE_FORWARD
[14:35:54.539] Starting turn for Bot9
[14:35:54.539] Bot9 rotated right to face NORTH
[14:35:54.539] Bot9 executed ROTATE_RIGHT
[14:35:54.539] Bot9 moved forward to (8,8)
[14:35:54.539] Bot9 executed MOVE_FORWARD
[14:35:54.539] Starting turn for Bot16
[14:35:54.539] Bot16 rotated left to face EAST
[14:35:54.539] Bot16 executed ROTATE_LEFT
[14:35:54.539] Bot16 moved forward to (1,2)
[14:35:54.539] Bot16 executed MOVE_FORWARD
[14:35:54.539] Starting turn for Bot9
[14:35:54.539] Bot9 rotated left to face WEST
[14:35:54.539] Bot9 executed ROTATE_LEFT
[14:35:54.539] Bot9 moved forward to (8,7)
[14:35:54.539] Bot9 executed MOVE_FORWARD
[14:35:54.539] Starting turn for Bot16
[14:35:54.539] Bot16 rotated right to face SOUTH
[14:35:54.539] Bot16 executed ROTATE_RIGHT
[14:35:54.539] Bot16 moved forward to (2,2)
[14:35:54.539] Bot16 executed MOVE_FORWARD
[14:35:54.539] Starting turn for Bot9
[14:35:54.539] Bot9 rotated right to face NORTH
[14:35:54.539] Bot9 executed ROTATE_RIGHT
[14:35:54.539] Starting turn for Bot16
[14:35:54.539] Bot16 rotated left to face EAST
[14:35:54.539] Bot16 executed ROTATE_LEFT
[14:35:54.539] Starting turn for Bot9
[14:35:54.539] Starting turn for Bot16
[14:35:54.539] Starting turn for Bot9
[14:35:54.539] Bot9 rotated right to face EAST
[14:35:54.539] Bot9 executed ROTATE_RIGHT
[14:35:54.539] Bot9 moved forward to (8,8)
[14:35:54.539] Bot9 executed MOVE_FORWARD
[14:35:54.539] Starting turn for Bot16
[14:35:54.539] Bot16 rotated left to face NORTH
[14:35:54.539] Bot16 executed ROTATE_LEFT
[14:35:54.539] Bot16 moved forward to (1,2)
[14:35:54.539] Bot16 executed MOVE_FORWARD
[14:35:54.539] Starting turn for Bot9
[14:35:54.539] Bot9 rotated left to face NORTH
[14:35:54.539] Bot9 executed ROTATE_LEFT
[14:35:54.539] Bot9 rotated left to face WEST
[14:35:54.539] Bot9 executed ROTATE_LEFT
[14:35:54.539] Bot9 moved forward to (8,7)
[14:35:54.539] Bot9 executed MOVE_FORWARD
[14:35:54.539] Starting turn for Bot16
[14:35:54.539] Bot16 rotated left to face WEST
[14:35:54.539] Bot16 executed ROTATE_LEFT
[14:35:54.539] Bot16 rotated left to face SOUTH
[14:35:54.539] Bot16 executed ROTATE_LEFT
[14:35:54.539] Bot16 moved forward to (2,2)
[14:35:54.539] Bot16 executed MOVE_FORWARD
[14:35:54.539] Starting turn for Bot9
[14:35:54.539] Bot9 rotated right to face NORTH
[14:35:54.539] Bot9 executed ROTATE_RIGHT
[14:35:54.539] Starting turn for Bot16
[14:35:54.539] Bot16 rotated left to face EAST
[14:35:54.539] Bot16 executed ROTATE_LEFT
[14:35:54.539] Starting turn for Bot9
[14:35:54.539] Starting turn for Bot16
[14:35:54.539] Starting turn for Bot9
[14:35:54.539] Bot9 rotated right to face EAST
[14:35:54.539] Bot9 executed ROTATE_RIGHT
[14:35:54.539] Bot9 moved forward to (8,8)
[14:35:54.539] Bot9 executed MOVE_FORWARD
[14:35:54.539] Starting turn for Bot16
[14:35:54.539] Bot16 rotated left to face NORTH
[14:35:54.539] Bot16 executed ROTATE_LEFT
[14:35:54.539] Bot16 moved forward to (1,2)
[14:35:54.539] Bot16 executed MOVE_FORWARD
[14:35:54.539] Starting turn for Bot9
[14:35:54.539] Bot9 rotated left to face NORTH
[14:35:54.539] Bot9 executed ROTATE_LEFT
[14:35:54.539] Bot9 rotated left to face WEST
[14:35:54.539] Bot9 executed ROTATE_LEFT
[14:35:54.539] Bot9 moved forward to (8,7)
[14:35:54.539] Bot9 executed MOVE_FORWARD
[14:35:54.539] Starting turn for Bot16
[14:35:54.539] Bot16 rotated left to face WEST
[14:35:54.539] Bot16 executed ROTATE_LEFT
[14:35:54.539] Bot16 rotated left to face SOUTH
[14:35:54.539] Bot16 executed ROTATE_LEFT
[14:35:54.539] Bot16 moved forward to (2,2)
[14:35:54.539] Bot16 executed MOVE_FORWARD
[14:35:54.539] Starting turn for Bot9
[14:35:54.539] Bot9 rotated right to face NORTH
[14:35:54.539] Bot9 executed ROTATE_RIGHT
[14:35:54.539] Starting turn for Bot16
[14:35:54.539] Bot16 rotated left to face EAST
[14:35:54.539] Bot16 executed ROTATE_LEFT
[14:35:54.539] Starting turn for Bot9
[14:35:54.540] Starting turn for Bot16
[14:35:54.540] Starting turn for Bot9
[14:35:54.540] Bot9 rotated right to face EAST
[14:35:54.540] Bot9 executed ROTATE_RIGHT
[14:35:54.540] Bot9 moved forward to (8,8)
[14:35:54.540] Bot9 executed MOVE_FORWARD
[14:35:54.540] Starting turn for Bot16
[14:35:54.540] Bot16 rotated left to face NORTH
[14:35:54.540] Bot16 executed ROTATE_LEFT
[14:35:54.540] Bot16 moved forward to (1,2)
[14:35:54.540] Bot16 executed MOVE_FORWARD
[14:35:54.540] Starting turn for Bot9
[14:35:54.540] Bot9 rotated left to face NORTH
[14:35:54.540] Bot9 executed ROTATE_LEFT
[14:35:54.540] Bot9 rotated left to face WEST
[14:35:54.540] Bot9 executed ROTATE_LEFT
[14:35:54.540] Bot9 moved forward to (8,7)
[14:35:54.540] Bot9 executed MOVE_FORWARD
[14:35:54.540] Starting turn for Bot16
[14:35:54.540] Bot16 rotated left to face WEST
[14:35:54.540] Bot16 executed ROTATE_LEFT
[14:35:54.540] Bot16 rotated left to face SOUTH
[14:35:54.540] Bot16 executed ROTATE_LEFT
[14:35:54.540] Bot16 moved forward to (2,2)
[14:35:54.540] Bot16 executed MOVE_FORWARD
[14:35:54.540] Starting turn for Bot9
[14:35:54.540] Bot9 rotated right to face NORTH
[14:35:54.540] Bot9 executed ROTATE_RIGHT
[14:35:54.540] Starting turn for Bot16
[14:35:54.540] Bot16 rotated left to face EAST
[14:35:54.540] Bot16 executed ROTATE_LEFT
[14:35:54.540] Starting turn for Bot9
[14:35:54.540] Starting turn for Bot16
[14:35:54.540] Starting turn for Bot9
[14:35:54.540] Bot9 rotated right to face EAST
[14:35:54.540] Bot9 executed ROTATE_RIGHT
[14:35:54.540] Bot9 moved forward to (8,8)
[14:35:54.540] Bot9 executed MOVE_FORWARD
[14:35:54.540] Starting turn for Bot16
[14:35:54.540] Bot16 rotated left to face NORTH
[14:35:54.540] Bot16 executed ROTATE_LEFT
[14:35:54.540] Bot16 moved forward to (1,2)
[14:35:54.540] Bot16 executed MOVE_FORWARD
[14:35:54.540] Starting turn for Bot9
[14:35:54.540] Bot9 rotated left to face NORTH
[14:35:54.540] Bot9 executed ROTATE_LEFT
[14:35:54.540] Bot9 rotated left to face WEST
[14:35:54.540] Bot9 executed ROTATE_LEFT
[14:35:54.540] Bot9 moved forward to (8,7)
[14:35:54.540] Bot9 executed MOVE_FORWARD
[14:35:54.540] Starting turn for Bot16
[14:35:54.540] Bot16 rotated left to face WEST
[14:35:54.540] Bot16 executed ROTATE_LEFT
[14:35:54.540] Bot16 rotated left to face SOUTH
[14:35:54.540] Bot16 executed ROTATE_LEFT
[14:35:54.540] Bot16 moved forward to (2,2)
[14:35:54.540] Bot16 executed MOVE_FORWARD
[14:35:54.540] Starting turn for Bot9
[14:35:54.540] Bot9 rotated right to face NORTH
[14:35:54.540] Bot9 executed ROTATE_RIGHT
[14:35:54.540] Starting turn for Bot16
[14:35:54.540] Bot16 rotated left to face EAST
[14:35:54.540] Bot16 executed ROTATE_LEFT
[14:35:54.540] Starting turn for Bot9
[14:35:54.540] Stalemate detected: State repeated 10 times, unchanged for 3 turns
[14:35:54.540] Game Over! Stalemate detected!
[14:35:54.540] Stalemate detected: State repeated 10 times, unchanged for 3 turns
