[14:36:12.325] === Game Started at 2025-02-04_14-36-12 ===
[14:36:12.325] Game initialized with 2 players
[14:36:12.325] Board size: 10
[14:36:12.325] Obstacle density: 0.05
[14:36:12.325] Max turns: 1000
[14:36:12.325] Player Bot28 starting at position (0,0) facing WEST
[14:36:12.325] Player Bot27 starting at position (9,9) facing WEST
[14:36:12.325] Obstacles at positions: (3,2) (3,4) (4,8) (5,4) (5,8)
[14:36:12.325] Starting turn for Bot28
[14:36:12.325] Bot28 rotated left to face SOUTH
[14:36:12.325] Bot28 executed ROTATE_LEFT
[14:36:12.325] Bot28 rotated left to face EAST
[14:36:12.325] Bot28 executed ROTATE_LEFT
[14:36:12.325] Bot28 moved forward to (0,1)
[14:36:12.325] Bot28 executed MOVE_FORWARD
[14:36:12.325] Starting turn for Bot27
[14:36:12.325] Bot27 moved forward to (9,8)
[14:36:12.325] Bot27 executed MOVE_FORWARD
[14:36:12.325] Starting turn for Bot28
[14:36:12.325] Bot28 rotated right to face SOUTH
[14:36:12.325] Bot28 executed ROTATE_RIGHT
[14:36:12.325] Bot28 moved forward to (1,1)
[14:36:12.325] Bot28 executed MOVE_FORWARD
[14:36:12.325] Starting turn for Bot27
[14:36:12.325] Bot27 rotated right to face NORTH
[14:36:12.325] Bot27 executed ROTATE_RIGHT
[14:36:12.325] Bot27 moved forward to (8,8)
[14:36:12.325] Bot27 executed MOVE_FORWARD
[14:36:12.325] Starting turn for Bot28
[14:36:12.325] Bot28 rotated left to face EAST
[14:36:12.325] Bot28 executed ROTATE_LEFT
[14:36:12.325] Bot28 moved forward to (1,2)
[14:36:12.325] Bot28 executed MOVE_FORWARD
[14:36:12.325] Starting turn for Bot27
[14:36:12.325] Bot27 rotated left to face WEST
[14:36:12.325] Bot27 executed ROTATE_LEFT
[14:36:12.325] Bot27 moved forward to (8,7)
[14:36:12.325] Bot27 executed MOVE_FORWARD
[14:36:12.325] Starting turn for Bot28
[14:36:12.325] Bot28 rotated right to face SOUTH
[14:36:12.325] Bot28 executed ROTATE_RIGHT
[14:36:12.325] Bot28 moved forward to (2,2)
[14:36:12.326] Bot28 executed MOVE_FORWARD
[14:36:12.326] Starting turn for Bot27
[14:36:12.326] Bot27 rotated right to face NORTH
[14:36:12.326] Bot27 executed ROTATE_RIGHT
[14:36:12.326] Bot27 moved forward to (7,7)
[14:36:12.326] Bot27 executed MOVE_FORWARD
[14:36:12.326] Starting turn for Bot28
[14:36:12.326] Bot28 rotated left to face EAST
[14:36:12.326] Bot28 executed ROTATE_LEFT
[14:36:12.326] Bot28 moved forward to (2,3)
[14:36:12.326] Bot28 executed MOVE_FORWARD
[14:36:12.326] Starting turn for Bot27
[14:36:12.326] Bot27 rotated left to face WEST
[14:36:12.326] Bot27 executed ROTATE_LEFT
[14:36:12.326] Bot27 moved forward to (7,6)
[14:36:12.326] Bot27 executed MOVE_FORWARD
[14:36:12.326] Starting turn for Bot28
[14:36:12.326] Bot28 rotated right to face SOUTH
[14:36:12.326] Bot28 executed ROTATE_RIGHT
[14:36:12.326] Bot28 moved forward to (3,3)
[14:36:12.326] Bot28 executed MOVE_FORWARD
[14:36:12.326] Starting turn for Bot27
[14:36:12.326] Bot27 rotated right to face NORTH
[14:36:12.326] Bot27 executed ROTATE_RIGHT
[14:36:12.326] Bot27 moved forward to (6,6)
[14:36:12.326] Bot27 executed MOVE_FORWARD
[14:36:12.326] Starting turn for Bot28
[14:36:12.326] Bot28 rotated left to face EAST
[14:36:12.326] Bot28 executed ROTATE_LEFT
[14:36:12.326] Starting turn for Bot27
[14:36:12.326] Bot27 rotated left to face WEST
[14:36:12.326] Bot27 executed ROTATE_LEFT
[14:36:12.326] Bot27 moved forward to (6,5)
[14:36:12.326] Bot27 executed MOVE_FORWARD
[14:36:12.326] Starting turn for Bot28
[14:36:12.326] Starting turn for Bot27
[14:36:12.326] Bot27 rotated right to face NORTH
[14:36:12.326] Bot27 executed ROTATE_RIGHT
[14:36:12.326] Bot27 moved forward to (5,5)
[14:36:12.326] Bot27 executed MOVE_FORWARD
[14:36:12.326] Starting turn for Bot28
[14:36:12.326] Bot28 rotated left to face NORTH
[14:36:12.326] Bot28 executed ROTATE_LEFT
[14:36:12.326] Bot28 moved forward to (2,3)
[14:36:12.326] Bot28 executed MOVE_FORWARD
[14:36:12.326] Starting turn for Bot27
[14:36:12.326] Starting turn for Bot28
[14:36:12.326] Bot28 rotated left to face WEST
[14:36:12.326] Bot28 executed ROTATE_LEFT
[14:36:12.326] Bot28 rotated left to face SOUTH
[14:36:12.326] Bot28 executed ROTATE_LEFT
[14:36:12.326] Bot28 moved forward to (3,3)
[14:36:12.326] Bot28 executed MOVE_FORWARD
[14:36:12.326] Starting turn for Bot27
[14:36:12.326] Starting turn for Bot28
[14:36:12.326] Bot28 rotated left to face EAST
[14:36:12.326] Bot28 executed ROTATE_LEFT
[14:36:12.326] Starting turn for Bot27
[14:36:12.326] Starting turn for Bot28
[14:36:12.326] Starting turn for Bot27
[14:36:12.326] Starting turn for Bot28
[14:36:12.326] Bot28 rotated left to face NORTH
[14:36:12.326] Bot28 executed ROTATE_LEFT
[14:36:12.326] Bot28 moved forward to (2,3)
[14:36:12.326] Bot28 executed MOVE_FORWARD
[14:36:12.326] Starting turn for Bot27
[14:36:12.326] Starting turn for Bot28
[14:36:12.326] Bot28 rotated left to face WEST
[14:36:12.326] Bot28 executed ROTATE_LEFT
[14:36:12.326] Bot28 rotated left to face SOUTH
[14:36:12.326] Bot28 executed ROTATE_LEFT
[14:36:12.326] Bot28 moved forward to (3,3)
[14:36:12.326] Bot28 executed MOVE_FORWARD
[14:36:12.326] Starting turn for Bot27
[14:36:12.326] Starting turn for Bot28
[14:36:12.326] Bot28 rotated left to face EAST
[14:36:12.326] Bot28 executed ROTATE_LEFT
[14:36:12.326] Starting turn for Bot27
[14:36:12.326] Starting turn for Bot28
[14:36:12.326] Starting turn for Bot27
[14:36:12.326] Starting turn for Bot28
[14:36:12.326] Bot28 rotated left to face NORTH
[14:36:12.326] Bot28 executed ROTATE_LEFT
[14:36:12.326] Bot28 moved forward to (2,3)
[14:36:12.326] Bot28 executed MOVE_FORWARD
[14:36:12.326] Starting turn for Bot27
[14:36:12.326] Starting turn for Bot28
[14:36:12.326] Bot28 rotated left to face WEST
[14:36:12.326] Bot28 executed ROTATE_LEFT
[14:36:12.326] Bot28 rotated left to face SOUTH
[14:36:12.326] Bot28 executed ROTATE_LEFT
[14:36:12.326] Bot28 moved forward to (3,3)
[14:36:12.326] Bot28 executed MOVE_FORWARD
[14:36:12.326] Starting turn for Bot27
[14:36:12.326] Starting turn for Bot28
[14:36:12.326] Bot28 rotated left to face EAST
[14:36:12.326] Bot28 executed ROTATE_LEFT
[14:36:12.326] Starting turn for Bot27
[14:36:12.326] Starting turn for Bot28
[14:36:12.326] Starting turn for Bot27
[14:36:12.326] Stalemate detected: State repeated 10 times, unchanged for 3 turns
[14:36:12.326] Game Over! Stalemate detected!
[14:36:12.326] Stalemate detected: State repeated 10 times, unchanged for 3 turns
