[14:36:02.369] === Game Started at 2025-02-04_14-36-02 ===
[14:36:02.369] Game initialized with 2 players
[14:36:02.369] Board size: 10
[14:36:02.369] Obstacle density: 0.05
[14:36:02.369] Max turns: 1000
[14:36:02.369] Player Bot15 starting at position (0,0) facing SOUTH
[14:36:02.369] Player Bot27 starting at position (9,9) facing SOUTH
[14:36:02.369] Obstacles at positions: (5,5) (6,3) (7,9) (8,1) (8,9)
[14:36:02.369] Starting turn for Bot15
[14:36:02.369] Bot15 rotated left to face EAST
[14:36:02.369] Bot15 executed ROTATE_LEFT
[14:36:02.369] Bot15 moved forward to (0,1)
[14:36:02.369] Bot15 executed MOVE_FORWARD
[14:36:02.369] Starting turn for Bot27
[14:36:02.369] Bot27 rotated right to face WEST
[14:36:02.369] Bot27 executed ROTATE_RIGHT
[14:36:02.369] Bot27 moved forward to (9,8)
[14:36:02.369] Bot27 executed MOVE_FORWARD
[14:36:02.369] Starting turn for Bot15
[14:36:02.369] Bot15 rotated right to face SOUTH
[14:36:02.369] Bot15 executed ROTATE_RIGHT
[14:36:02.369] Bot15 moved forward to (1,1)
[14:36:02.369] Bot15 executed MOVE_FORWARD
[14:36:02.369] Starting turn for Bot27
[14:36:02.369] Bot27 rotated right to face NORTH
[14:36:02.369] Bot27 executed ROTATE_RIGHT
[14:36:02.369] Bot27 moved forward to (8,8)
[14:36:02.369] Bot27 executed MOVE_FORWARD
[14:36:02.369] Starting turn for Bot15
[14:36:02.369] Bot15 rotated left to face EAST
[14:36:02.369] Bot15 executed ROTATE_LEFT
[14:36:02.369] Bot15 moved forward to (1,2)
[14:36:02.369] Bot15 executed MOVE_FORWARD
[14:36:02.369] Starting turn for Bot27
[14:36:02.369] Bot27 rotated left to face WEST
[14:36:02.369] Bot27 executed ROTATE_LEFT
[14:36:02.369] Bot27 moved forward to (8,7)
[14:36:02.369] Bot27 executed MOVE_FORWARD
[14:36:02.369] Starting turn for Bot15
[14:36:02.369] Bot15 rotated right to face SOUTH
[14:36:02.369] Bot15 executed ROTATE_RIGHT
[14:36:02.369] Bot15 moved forward to (2,2)
[14:36:02.369] Bot15 executed MOVE_FORWARD
[14:36:02.369] Starting turn for Bot27
[14:36:02.369] Bot27 rotated right to face NORTH
[14:36:02.369] Bot27 executed ROTATE_RIGHT
[14:36:02.369] Bot27 moved forward to (7,7)
[14:36:02.369] Bot27 executed MOVE_FORWARD
[14:36:02.369] Starting turn for Bot15
[14:36:02.369] Bot15 rotated left to face EAST
[14:36:02.369] Bot15 executed ROTATE_LEFT
[14:36:02.369] Bot15 moved forward to (2,3)
[14:36:02.369] Bot15 executed MOVE_FORWARD
[14:36:02.369] Starting turn for Bot27
[14:36:02.369] Bot27 rotated left to face WEST
[14:36:02.369] Bot27 executed ROTATE_LEFT
[14:36:02.369] Bot27 moved forward to (7,6)
[14:36:02.369] Bot27 executed MOVE_FORWARD
[14:36:02.369] Starting turn for Bot15
[14:36:02.369] Bot15 rotated right to face SOUTH
[14:36:02.369] Bot15 executed ROTATE_RIGHT
[14:36:02.369] Bot15 moved forward to (3,3)
[14:36:02.369] Bot15 executed MOVE_FORWARD
[14:36:02.369] Starting turn for Bot27
[14:36:02.369] Bot27 rotated right to face NORTH
[14:36:02.369] Bot27 executed ROTATE_RIGHT
[14:36:02.369] Bot27 moved forward to (6,6)
[14:36:02.369] Bot27 executed MOVE_FORWARD
[14:36:02.369] Starting turn for Bot15
[14:36:02.369] Bot15 rotated left to face EAST
[14:36:02.369] Bot15 executed ROTATE_LEFT
[14:36:02.369] Bot15 moved forward to (3,4)
[14:36:02.369] Bot15 executed MOVE_FORWARD
[14:36:02.369] Starting turn for Bot27
[14:36:02.369] Bot27 rotated left to face WEST
[14:36:02.369] Bot27 executed ROTATE_LEFT
[14:36:02.369] Bot27 moved forward to (6,5)
[14:36:02.369] Bot27 executed MOVE_FORWARD
[14:36:02.369] Starting turn for Bot15
[14:36:02.369] Bot15 rotated right to face SOUTH
[14:36:02.369] Bot15 executed ROTATE_RIGHT
[14:36:02.369] Bot15 moved forward to (4,4)
[14:36:02.369] Bot15 executed MOVE_FORWARD
[14:36:02.369] Starting turn for Bot27
[14:36:02.369] Bot27 rotated right to face NORTH
[14:36:02.369] Bot27 executed ROTATE_RIGHT
[14:36:02.369] Starting turn for Bot15
[14:36:02.369] Bot15 rotated left to face EAST
[14:36:02.369] Bot15 executed ROTATE_LEFT
[14:36:02.369] Bot15 moved forward to (4,5)
[14:36:02.369] Bot15 executed MOVE_FORWARD
[14:36:02.369] Starting turn for Bot27
[14:36:02.369] Starting turn for Bot15
[14:36:02.369] Bot15 rotated right to face SOUTH
[14:36:02.369] Bot15 executed ROTATE_RIGHT
[14:36:02.369] Starting turn for Bot27
[14:36:02.369] Bot27 rotated right to face EAST
[14:36:02.369] Bot27 executed ROTATE_RIGHT
[14:36:02.369] Bot27 moved forward to (6,6)
[14:36:02.369] Bot27 executed MOVE_FORWARD
[14:36:02.369] Starting turn for Bot15
[14:36:02.369] Starting turn for Bot27
[14:36:02.369] Bot27 rotated left to face NORTH
[14:36:02.369] Bot27 executed ROTATE_LEFT
[14:36:02.369] Bot27 rotated left to face WEST
[14:36:02.369] Bot27 executed ROTATE_LEFT
[14:36:02.369] Bot27 moved forward to (6,5)
[14:36:02.369] Bot27 executed MOVE_FORWARD
[14:36:02.369] Starting turn for Bot15
[14:36:02.369] Bot15 rotated left to face EAST
[14:36:02.369] Bot15 executed ROTATE_LEFT
[14:36:02.369] Bot15 rotated left to face NORTH
[14:36:02.369] Bot15 executed ROTATE_LEFT
[14:36:02.369] Bot15 moved forward to (3,5)
[14:36:02.369] Bot15 executed MOVE_FORWARD
[14:36:02.369] Starting turn for Bot27
[14:36:02.369] Bot27 rotated right to face NORTH
[14:36:02.369] Bot27 executed ROTATE_RIGHT
[14:36:02.369] Starting turn for Bot15
[14:36:02.369] Bot15 rotated left to face WEST
[14:36:02.369] Bot15 executed ROTATE_LEFT
[14:36:02.369] Bot15 rotated left to face SOUTH
[14:36:02.369] Bot15 executed ROTATE_LEFT
[14:36:02.369] Bot15 moved forward to (4,5)
[14:36:02.369] Bot15 executed MOVE_FORWARD
[14:36:02.369] Starting turn for Bot27
[14:36:02.369] Starting turn for Bot15
[14:36:02.369] Starting turn for Bot27
[14:36:02.369] Bot27 rotated right to face EAST
[14:36:02.369] Bot27 executed ROTATE_RIGHT
[14:36:02.369] Bot27 moved forward to (6,6)
[14:36:02.369] Bot27 executed MOVE_FORWARD
[14:36:02.369] Starting turn for Bot15
[14:36:02.369] Starting turn for Bot27
[14:36:02.369] Bot27 rotated left to face NORTH
[14:36:02.369] Bot27 executed ROTATE_LEFT
[14:36:02.369] Bot27 rotated left to face WEST
[14:36:02.369] Bot27 executed ROTATE_LEFT
[14:36:02.369] Bot27 moved forward to (6,5)
[14:36:02.369] Bot27 executed MOVE_FORWARD
[14:36:02.369] Starting turn for Bot15
[14:36:02.369] Bot15 rotated left to face EAST
[14:36:02.369] Bot15 executed ROTATE_LEFT
[14:36:02.369] Bot15 rotated left to face NORTH
[14:36:02.369] Bot15 executed ROTATE_LEFT
[14:36:02.369] Bot15 moved forward to (3,5)
[14:36:02.369] Bot15 executed MOVE_FORWARD
[14:36:02.369] Starting turn for Bot27
[14:36:02.369] Bot27 rotated right to face NORTH
[14:36:02.369] Bot27 executed ROTATE_RIGHT
[14:36:02.369] Starting turn for Bot15
[14:36:02.369] Bot15 rotated left to face WEST
[14:36:02.369] Bot15 executed ROTATE_LEFT
[14:36:02.369] Bot15 rotated left to face SOUTH
[14:36:02.369] Bot15 executed ROTATE_LEFT
[14:36:02.369] Bot15 moved forward to (4,5)
[14:36:02.369] Bot15 executed MOVE_FORWARD
[14:36:02.369] Starting turn for Bot27
[14:36:02.369] Starting turn for Bot15
[14:36:02.369] Starting turn for Bot27
[14:36:02.369] Bot27 rotated right to face EAST
[14:36:02.369] Bot27 executed ROTATE_RIGHT
[14:36:02.369] Bot27 moved forward to (6,6)
[14:36:02.369] Bot27 executed MOVE_FORWARD
[14:36:02.369] Starting turn for Bot15
[14:36:02.369] Starting turn for Bot27
[14:36:02.369] Bot27 rotated left to face NORTH
[14:36:02.369] Bot27 executed ROTATE_LEFT
[14:36:02.369] Bot27 rotated left to face WEST
[14:36:02.369] Bot27 executed ROTATE_LEFT
[14:36:02.370] Bot27 moved forward to (6,5)
[14:36:02.370] Bot27 executed MOVE_FORWARD
[14:36:02.370] Starting turn for Bot15
[14:36:02.370] Bot15 rotated left to face EAST
[14:36:02.370] Bot15 executed ROTATE_LEFT
[14:36:02.370] Bot15 rotated left to face NORTH
[14:36:02.370] Bot15 executed ROTATE_LEFT
[14:36:02.370] Bot15 moved forward to (3,5)
[14:36:02.370] Bot15 executed MOVE_FORWARD
[14:36:02.370] Starting turn for Bot27
[14:36:02.370] Bot27 rotated right to face NORTH
[14:36:02.370] Bot27 executed ROTATE_RIGHT
[14:36:02.370] Starting turn for Bot15
[14:36:02.370] Bot15 rotated left to face WEST
[14:36:02.370] Bot15 executed ROTATE_LEFT
[14:36:02.370] Bot15 rotated left to face SOUTH
[14:36:02.370] Bot15 executed ROTATE_LEFT
[14:36:02.370] Bot15 moved forward to (4,5)
[14:36:02.370] Bot15 executed MOVE_FORWARD
[14:36:02.370] Starting turn for Bot27
[14:36:02.370] Starting turn for Bot15
[14:36:02.370] Starting turn for Bot27
[14:36:02.370] Stalemate detected: State repeated 10 times, unchanged for 1 turns
[14:36:02.370] Game Over! Stalemate detected!
[14:36:02.370] Stalemate detected: State repeated 10 times, unchanged for 1 turns
