[14:35:43.050] === Game Started at 2025-02-04_14-35-43 ===
[14:35:43.050] Game initialized with 2 players
[14:35:43.050] Board size: 10
[14:35:43.050] Obstacle density: 0.05
[14:35:43.050] Max turns: 1000
[14:35:43.050] Player Bot4 starting at position (0,0) facing EAST
[14:35:43.050] Player Bot3 starting at position (9,9) facing NORTH
[14:35:43.050] Obstacles at positions: (0,5) (2,0) (3,4) (3,6) (7,7)
[14:35:43.050] Starting turn for Bot4
[14:35:43.050] Bot4 moved forward to (0,1)
[14:35:43.050] Bot4 executed MOVE_FORWARD
[14:35:43.050] Starting turn for Bot3
[14:35:43.050] Bot3 rotated left to face WEST
[14:35:43.050] Bot3 executed ROTATE_LEFT
[14:35:43.050] Bot3 moved forward to (9,8)
[14:35:43.050] Bot3 executed MOVE_FORWARD
[14:35:43.050] Starting turn for Bot4
[14:35:43.050] Bot4 rotated right to face SOUTH
[14:35:43.050] Bot4 executed ROTATE_RIGHT
[14:35:43.050] Bot4 moved forward to (1,1)
[14:35:43.050] Bot4 executed MOVE_FORWARD
[14:35:43.050] Starting turn for Bot3
[14:35:43.050] Bot3 rotated right to face NORTH
[14:35:43.050] Bot3 executed ROTATE_RIGHT
[14:35:43.050] Bot3 moved forward to (8,8)
[14:35:43.050] Bot3 executed MOVE_FORWARD
[14:35:43.050] Starting turn for Bot4
[14:35:43.050] Bot4 rotated left to face EAST
[14:35:43.050] Bot4 executed ROTATE_LEFT
[14:35:43.050] Bot4 moved forward to (1,2)
[14:35:43.050] Bot4 executed MOVE_FORWARD
[14:35:43.050] Starting turn for Bot3
[14:35:43.050] Bot3 rotated left to face WEST
[14:35:43.050] Bot3 executed ROTATE_LEFT
[14:35:43.050] Bot3 moved forward to (8,7)
[14:35:43.050] Bot3 executed MOVE_FORWARD
[14:35:43.050] Starting turn for Bot4
[14:35:43.050] Bot4 rotated right to face SOUTH
[14:35:43.050] Bot4 executed ROTATE_RIGHT
[14:35:43.050] Bot4 moved forward to (2,2)
[14:35:43.050] Bot4 executed MOVE_FORWARD
[14:35:43.050] Starting turn for Bot3
[14:35:43.050] Bot3 rotated right to face NORTH
[14:35:43.050] Bot3 executed ROTATE_RIGHT
[14:35:43.050] Starting turn for Bot4
[14:35:43.050] Bot4 rotated left to face EAST
[14:35:43.050] Bot4 executed ROTATE_LEFT
[14:35:43.050] Bot4 moved forward to (2,3)
[14:35:43.050] Bot4 executed MOVE_FORWARD
[14:35:43.050] Starting turn for Bot3
[14:35:43.050] Starting turn for Bot4
[14:35:43.050] Bot4 rotated right to face SOUTH
[14:35:43.050] Bot4 executed ROTATE_RIGHT
[14:35:43.050] Bot4 moved forward to (3,3)
[14:35:43.050] Bot4 executed MOVE_FORWARD
[14:35:43.050] Starting turn for Bot3
[14:35:43.050] Bot3 rotated right to face EAST
[14:35:43.050] Bot3 executed ROTATE_RIGHT
[14:35:43.050] Bot3 moved forward to (8,8)
[14:35:43.050] Bot3 executed MOVE_FORWARD
[14:35:43.050] Starting turn for Bot4
[14:35:43.050] Bot4 rotated left to face EAST
[14:35:43.050] Bot4 executed ROTATE_LEFT
[14:35:43.050] Starting turn for Bot3
[14:35:43.050] Bot3 rotated left to face NORTH
[14:35:43.050] Bot3 executed ROTATE_LEFT
[14:35:43.050] Bot3 rotated left to face WEST
[14:35:43.050] Bot3 executed ROTATE_LEFT
[14:35:43.050] Bot3 moved forward to (8,7)
[14:35:43.050] Bot3 executed MOVE_FORWARD
[14:35:43.050] Starting turn for Bot4
[14:35:43.050] Starting turn for Bot3
[14:35:43.050] Bot3 rotated right to face NORTH
[14:35:43.050] Bot3 executed ROTATE_RIGHT
[14:35:43.050] Starting turn for Bot4
[14:35:43.050] Bot4 rotated left to face NORTH
[14:35:43.050] Bot4 executed ROTATE_LEFT
[14:35:43.050] Bot4 moved forward to (2,3)
[14:35:43.050] Bot4 executed MOVE_FORWARD
[14:35:43.050] Starting turn for Bot3
[14:35:43.050] Starting turn for Bot4
[14:35:43.050] Bot4 rotated left to face WEST
[14:35:43.050] Bot4 executed ROTATE_LEFT
[14:35:43.050] Bot4 rotated left to face SOUTH
[14:35:43.050] Bot4 executed ROTATE_LEFT
[14:35:43.050] Bot4 moved forward to (3,3)
[14:35:43.050] Bot4 executed MOVE_FORWARD
[14:35:43.050] Starting turn for Bot3
[14:35:43.050] Bot3 rotated right to face EAST
[14:35:43.050] Bot3 executed ROTATE_RIGHT
[14:35:43.050] Bot3 moved forward to (8,8)
[14:35:43.050] Bot3 executed MOVE_FORWARD
[14:35:43.050] Starting turn for Bot4
[14:35:43.050] Bot4 rotated left to face EAST
[14:35:43.050] Bot4 executed ROTATE_LEFT
[14:35:43.050] Starting turn for Bot3
[14:35:43.050] Bot3 rotated left to face NORTH
[14:35:43.050] Bot3 executed ROTATE_LEFT
[14:35:43.050] Bot3 rotated left to face WEST
[14:35:43.050] Bot3 executed ROTATE_LEFT
[14:35:43.050] Bot3 moved forward to (8,7)
[14:35:43.050] Bot3 executed MOVE_FORWARD
[14:35:43.050] Starting turn for Bot4
[14:35:43.050] Starting turn for Bot3
[14:35:43.050] Bot3 rotated right to face NORTH
[14:35:43.050] Bot3 executed ROTATE_RIGHT
[14:35:43.050] Starting turn for Bot4
[14:35:43.050] Bot4 rotated left to face NORTH
[14:35:43.050] Bot4 executed ROTATE_LEFT
[14:35:43.050] Bot4 moved forward to (2,3)
[14:35:43.050] Bot4 executed MOVE_FORWARD
[14:35:43.050] Starting turn for Bot3
[14:35:43.050] Starting turn for Bot4
[14:35:43.050] Bot4 rotated left to face WEST
[14:35:43.050] Bot4 executed ROTATE_LEFT
[14:35:43.050] Bot4 rotated left to face SOUTH
[14:35:43.050] Bot4 executed ROTATE_LEFT
[14:35:43.050] Bot4 moved forward to (3,3)
[14:35:43.051] Bot4 executed MOVE_FORWARD
[14:35:43.051] Starting turn for Bot3
[14:35:43.051] Bot3 rotated right to face EAST
[14:35:43.051] Bot3 executed ROTATE_RIGHT
[14:35:43.051] Bot3 moved forward to (8,8)
[14:35:43.051] Bot3 executed MOVE_FORWARD
[14:35:43.051] Starting turn for Bot4
[14:35:43.051] Bot4 rotated left to face EAST
[14:35:43.051] Bot4 executed ROTATE_LEFT
[14:35:43.051] Starting turn for Bot3
[14:35:43.051] Bot3 rotated left to face NORTH
[14:35:43.051] Bot3 executed ROTATE_LEFT
[14:35:43.051] Bot3 rotated left to face WEST
[14:35:43.051] Bot3 executed ROTATE_LEFT
[14:35:43.051] Bot3 moved forward to (8,7)
[14:35:43.051] Bot3 executed MOVE_FORWARD
[14:35:43.051] Starting turn for Bot4
[14:35:43.051] Starting turn for Bot3
[14:35:43.051] Bot3 rotated right to face NORTH
[14:35:43.051] Bot3 executed ROTATE_RIGHT
[14:35:43.051] Starting turn for Bot4
[14:35:43.051] Bot4 rotated left to face NORTH
[14:35:43.051] Bot4 executed ROTATE_LEFT
[14:35:43.051] Bot4 moved forward to (2,3)
[14:35:43.051] Bot4 executed MOVE_FORWARD
[14:35:43.051] Starting turn for Bot3
[14:35:43.051] Starting turn for Bot4
[14:35:43.051] Bot4 rotated left to face WEST
[14:35:43.051] Bot4 executed ROTATE_LEFT
[14:35:43.051] Bot4 rotated left to face SOUTH
[14:35:43.051] Bot4 executed ROTATE_LEFT
[14:35:43.051] Bot4 moved forward to (3,3)
[14:35:43.051] Bot4 executed MOVE_FORWARD
[14:35:43.051] Starting turn for Bot3
[14:35:43.051] Bot3 rotated right to face EAST
[14:35:43.051] Bot3 executed ROTATE_RIGHT
[14:35:43.051] Bot3 moved forward to (8,8)
[14:35:43.051] Bot3 executed MOVE_FORWARD
[14:35:43.051] Starting turn for Bot4
[14:35:43.051] Bot4 rotated left to face EAST
[14:35:43.051] Bot4 executed ROTATE_LEFT
[14:35:43.051] Starting turn for Bot3
[14:35:43.051] Bot3 rotated left to face NORTH
[14:35:43.051] Bot3 executed ROTATE_LEFT
[14:35:43.051] Bot3 rotated left to face WEST
[14:35:43.051] Bot3 executed ROTATE_LEFT
[14:35:43.051] Bot3 moved forward to (8,7)
[14:35:43.051] Bot3 executed MOVE_FORWARD
[14:35:43.051] Starting turn for Bot4
[14:35:43.051] Starting turn for Bot3
[14:35:43.051] Bot3 rotated right to face NORTH
[14:35:43.051] Bot3 executed ROTATE_RIGHT
[14:35:43.051] Starting turn for Bot4
[14:35:43.051] Bot4 rotated left to face NORTH
[14:35:43.051] Bot4 executed ROTATE_LEFT
[14:35:43.051] Bot4 moved forward to (2,3)
[14:35:43.051] Bot4 executed MOVE_FORWARD
[14:35:43.051] Starting turn for Bot3
[14:35:43.051] Starting turn for Bot4
[14:35:43.051] Bot4 rotated left to face WEST
[14:35:43.051] Bot4 executed ROTATE_LEFT
[14:35:43.051] Bot4 rotated left to face SOUTH
[14:35:43.051] Bot4 executed ROTATE_LEFT
[14:35:43.051] Bot4 moved forward to (3,3)
[14:35:43.051] Bot4 executed MOVE_FORWARD
[14:35:43.051] Starting turn for Bot3
[14:35:43.051] Bot3 rotated right to face EAST
[14:35:43.051] Bot3 executed ROTATE_RIGHT
[14:35:43.051] Bot3 moved forward to (8,8)
[14:35:43.051] Bot3 executed MOVE_FORWARD
[14:35:43.051] Starting turn for Bot4
[14:35:43.051] Bot4 rotated left to face EAST
[14:35:43.051] Bot4 executed ROTATE_LEFT
[14:35:43.051] Starting turn for Bot3
[14:35:43.051] Bot3 rotated left to face NORTH
[14:35:43.051] Bot3 executed ROTATE_LEFT
[14:35:43.051] Bot3 rotated left to face WEST
[14:35:43.051] Bot3 executed ROTATE_LEFT
[14:35:43.051] Bot3 moved forward to (8,7)
[14:35:43.051] Bot3 executed MOVE_FORWARD
[14:35:43.051] Starting turn for Bot4
[14:35:43.051] Starting turn for Bot3
[14:35:43.051] Stalemate detected: State repeated 10 times, unchanged for 2 turns
[14:35:43.051] Game Over! Stalemate detected!
[14:35:43.051] Stalemate detected: State repeated 10 times, unchanged for 2 turns
