[14:36:12.679] === Game Started at 2025-02-04_14-36-12 ===
[14:36:12.679] Game initialized with 2 players
[14:36:12.679] Board size: 10
[14:36:12.679] Obstacle density: 0.05
[14:36:12.679] Max turns: 1000
[14:36:12.679] Player Bot27 starting at position (0,0) facing EAST
[14:36:12.679] Player Bot37 starting at position (9,9) facing NORTH
[14:36:12.679] Obstacles at positions: (0,3) (2,2) (3,5) (4,5) (4,7)
[14:36:12.679] Starting turn for Bot27
[14:36:12.679] Bot27 moved forward to (0,1)
[14:36:12.679] Bot27 executed MOVE_FORWARD
[14:36:12.679] Starting turn for Bot37
[14:36:12.679] Bot37 rotated left to face WEST
[14:36:12.679] Bot37 executed ROTATE_LEFT
[14:36:12.679] Bot37 moved forward to (9,8)
[14:36:12.679] Bot37 executed MOVE_FORWARD
[14:36:12.679] Starting turn for Bot27
[14:36:12.679] Bot27 rotated right to face SOUTH
[14:36:12.679] Bot27 executed ROTATE_RIGHT
[14:36:12.679] Bot27 moved forward to (1,1)
[14:36:12.679] Bot27 executed MOVE_FORWARD
[14:36:12.679] Starting turn for Bot37
[14:36:12.679] Bot37 rotated right to face NORTH
[14:36:12.679] Bot37 executed ROTATE_RIGHT
[14:36:12.679] Bot37 moved forward to (8,8)
[14:36:12.679] Bot37 executed MOVE_FORWARD
[14:36:12.679] Starting turn for Bot27
[14:36:12.679] Bot27 rotated left to face EAST
[14:36:12.679] Bot27 executed ROTATE_LEFT
[14:36:12.679] Bot27 moved forward to (1,2)
[14:36:12.679] Bot27 executed MOVE_FORWARD
[14:36:12.679] Starting turn for Bot37
[14:36:12.680] Bot37 rotated left to face WEST
[14:36:12.680] Bot37 executed ROTATE_LEFT
[14:36:12.680] Bot37 moved forward to (8,7)
[14:36:12.680] Bot37 executed MOVE_FORWARD
[14:36:12.680] Starting turn for Bot27
[14:36:12.680] Bot27 rotated right to face SOUTH
[14:36:12.680] Bot27 executed ROTATE_RIGHT
[14:36:12.680] Starting turn for Bot37
[14:36:12.680] Bot37 rotated right to face NORTH
[14:36:12.680] Bot37 executed ROTATE_RIGHT
[14:36:12.680] Bot37 moved forward to (7,7)
[14:36:12.680] Bot37 executed MOVE_FORWARD
[14:36:12.680] Starting turn for Bot27
[14:36:12.680] Starting turn for Bot37
[14:36:12.680] Bot37 rotated left to face WEST
[14:36:12.680] Bot37 executed ROTATE_LEFT
[14:36:12.680] Bot37 moved forward to (7,6)
[14:36:12.680] Bot37 executed MOVE_FORWARD
[14:36:12.680] Starting turn for Bot27
[14:36:12.680] Bot27 rotated left to face EAST
[14:36:12.680] Bot27 executed ROTATE_LEFT
[14:36:12.680] Bot27 rotated left to face NORTH
[14:36:12.680] Bot27 executed ROTATE_LEFT
[14:36:12.680] Bot27 moved forward to (0,2)
[14:36:12.680] Bot27 executed MOVE_FORWARD
[14:36:12.680] Starting turn for Bot37
[14:36:12.680] Bot37 rotated right to face NORTH
[14:36:12.680] Bot37 executed ROTATE_RIGHT
[14:36:12.680] Bot37 moved forward to (6,6)
[14:36:12.680] Bot37 executed MOVE_FORWARD
[14:36:12.680] Starting turn for Bot27
[14:36:12.680] Bot27 rotated left to face WEST
[14:36:12.680] Bot27 executed ROTATE_LEFT
[14:36:12.680] Bot27 rotated left to face SOUTH
[14:36:12.680] Bot27 executed ROTATE_LEFT
[14:36:12.680] Bot27 moved forward to (1,2)
[14:36:12.680] Bot27 executed MOVE_FORWARD
[14:36:12.680] Starting turn for Bot37
[14:36:12.680] Bot37 rotated left to face WEST
[14:36:12.680] Bot37 executed ROTATE_LEFT
[14:36:12.680] Bot37 moved forward to (6,5)
[14:36:12.680] Bot37 executed MOVE_FORWARD
[14:36:12.680] Starting turn for Bot27
[14:36:12.680] Starting turn for Bot37
[14:36:12.680] Bot37 rotated right to face NORTH
[14:36:12.680] Bot37 executed ROTATE_RIGHT
[14:36:12.680] Bot37 moved forward to (5,5)
[14:36:12.680] Bot37 executed MOVE_FORWARD
[14:36:12.680] Starting turn for Bot27
[14:36:12.680] Starting turn for Bot37
[14:36:12.680] Starting turn for Bot27
[14:36:12.680] Bot27 rotated left to face EAST
[14:36:12.680] Bot27 executed ROTATE_LEFT
[14:36:12.680] Bot27 rotated left to face NORTH
[14:36:12.680] Bot27 executed ROTATE_LEFT
[14:36:12.680] Bot27 moved forward to (0,2)
[14:36:12.680] Bot27 executed MOVE_FORWARD
[14:36:12.680] Starting turn for Bot37
[14:36:12.680] Starting turn for Bot27
[14:36:12.680] Bot27 rotated left to face WEST
[14:36:12.680] Bot27 executed ROTATE_LEFT
[14:36:12.680] Bot27 rotated left to face SOUTH
[14:36:12.680] Bot27 executed ROTATE_LEFT
[14:36:12.680] Bot27 moved forward to (1,2)
[14:36:12.680] Bot27 executed MOVE_FORWARD
[14:36:12.680] Starting turn for Bot37
[14:36:12.680] Starting turn for Bot27
[14:36:12.680] Starting turn for Bot37
[14:36:12.680] Starting turn for Bot27
[14:36:12.680] Starting turn for Bot37
[14:36:12.680] Starting turn for Bot27
[14:36:12.680] Bot27 rotated left to face EAST
[14:36:12.680] Bot27 executed ROTATE_LEFT
[14:36:12.680] Bot27 rotated left to face NORTH
[14:36:12.680] Bot27 executed ROTATE_LEFT
[14:36:12.680] Bot27 moved forward to (0,2)
[14:36:12.680] Bot27 executed MOVE_FORWARD
[14:36:12.680] Starting turn for Bot37
[14:36:12.680] Starting turn for Bot27
[14:36:12.680] Bot27 rotated left to face WEST
[14:36:12.680] Bot27 executed ROTATE_LEFT
[14:36:12.680] Bot27 rotated left to face SOUTH
[14:36:12.680] Bot27 executed ROTATE_LEFT
[14:36:12.680] Bot27 moved forward to (1,2)
[14:36:12.680] Bot27 executed MOVE_FORWARD
[14:36:12.680] Starting turn for Bot37
[14:36:12.680] Starting turn for Bot27
[14:36:12.680] Starting turn for Bot37
[14:36:12.680] Starting turn for Bot27
[14:36:12.680] Starting turn for Bot37
[14:36:12.680] Starting turn for Bot27
[14:36:12.680] Bot27 rotated left to face EAST
[14:36:12.680] Bot27 executed ROTATE_LEFT
[14:36:12.680] Bot27 rotated left to face NORTH
[14:36:12.680] Bot27 executed ROTATE_LEFT
[14:36:12.680] Bot27 moved forward to (0,2)
[14:36:12.680] Bot27 executed MOVE_FORWARD
[14:36:12.680] Starting turn for Bot37
[14:36:12.680] Starting turn for Bot27
[14:36:12.680] Bot27 rotated left to face WEST
[14:36:12.680] Bot27 executed ROTATE_LEFT
[14:36:12.680] Bot27 rotated left to face SOUTH
[14:36:12.680] Bot27 executed ROTATE_LEFT
[14:36:12.680] Bot27 moved forward to (1,2)
[14:36:12.680] Bot27 executed MOVE_FORWARD
[14:36:12.680] Starting turn for Bot37
[14:36:12.680] Starting turn for Bot27
[14:36:12.680] Starting turn for Bot37
[14:36:12.680] Stalemate detected: State repeated 10 times, unchanged for 1 turns
[14:36:12.680] Game Over! Stalemate detected!
[14:36:12.680] Stalemate detected: State repeated 10 times, unchanged for 1 turns
