[19:20:39.380] === Game Started at 2025-01-16_19-20-39 ===
[19:20:39.381] Game initialized with 2 players
[19:20:39.381] Board size: 10
[19:20:39.381] Obstacle density: 0.05
[19:20:39.381] Max turns: 1000
[19:20:39.381] Player Bot1 starting at position (0,0) facing NORTH
[19:20:39.381] Player Bot4 starting at position (9,9) facing WEST
[19:20:39.381] Obstacles at positions: (1,2) (3,3) (7,3) (7,7) (9,4)
[19:20:39.381] Starting turn for Bot1
[19:20:39.381] Bot1 rotated right to face EAST
[19:20:39.381] Bot1 executed ROTATE_RIGHT
[19:20:39.381] Bot1 moved forward to (0,1)
[19:20:39.381] Bot1 executed MOVE_FORWARD
[19:20:39.381] Starting turn for Bot4
[19:20:39.381] Bot4 moved forward to (9,8)
[19:20:39.381] Bot4 executed MOVE_FORWARD
[19:20:39.381] Starting turn for Bot1
[19:20:39.381] Bot1 rotated right to face SOUTH
[19:20:39.381] Bot1 executed ROTATE_RIGHT
[19:20:39.381] Bot1 moved forward to (1,1)
[19:20:39.381] Bot1 executed MOVE_FORWARD
[19:20:39.381] Starting turn for Bot4
[19:20:39.381] Bot4 rotated right to face NORTH
[19:20:39.381] Bot4 executed ROTATE_RIGHT
[19:20:39.381] Bot4 moved forward to (8,8)
[19:20:39.381] Bot4 executed MOVE_FORWARD
[19:20:39.381] Starting turn for Bot1
[19:20:39.381] Bot1 rotated left to face EAST
[19:20:39.381] Bot1 executed ROTATE_LEFT
[19:20:39.381] Starting turn for Bot4
[19:20:39.381] Bot4 rotated left to face WEST
[19:20:39.381] Bot4 executed ROTATE_LEFT
[19:20:39.381] Bot4 moved forward to (8,7)
[19:20:39.381] Bot4 executed MOVE_FORWARD
[19:20:39.381] Starting turn for Bot1
[19:20:39.382] Starting turn for Bot4
[19:20:39.382] Bot4 rotated right to face NORTH
[19:20:39.382] Bot4 executed ROTATE_RIGHT
[19:20:39.382] Starting turn for Bot1
[19:20:39.382] Bot1 rotated left to face NORTH
[19:20:39.382] Bot1 executed ROTATE_LEFT
[19:20:39.382] Bot1 moved forward to (0,1)
[19:20:39.382] Bot1 executed MOVE_FORWARD
[19:20:39.382] Starting turn for Bot4
[19:20:39.382] Starting turn for Bot1
[19:20:39.382] Bot1 rotated left to face WEST
[19:20:39.382] Bot1 executed ROTATE_LEFT
[19:20:39.382] Bot1 rotated left to face SOUTH
[19:20:39.382] Bot1 executed ROTATE_LEFT
[19:20:39.382] Bot1 moved forward to (1,1)
[19:20:39.382] Bot1 executed MOVE_FORWARD
[19:20:39.382] Starting turn for Bot4
[19:20:39.382] Bot4 rotated right to face EAST
[19:20:39.382] Bot4 executed ROTATE_RIGHT
[19:20:39.382] Bot4 moved forward to (8,8)
[19:20:39.382] Bot4 executed MOVE_FORWARD
[19:20:39.382] Starting turn for Bot1
[19:20:39.382] Bot1 rotated left to face EAST
[19:20:39.382] Bot1 executed ROTATE_LEFT
[19:20:39.382] Starting turn for Bot4
[19:20:39.382] Bot4 rotated left to face NORTH
[19:20:39.382] Bot4 executed ROTATE_LEFT
[19:20:39.382] Bot4 rotated left to face WEST
[19:20:39.382] Bot4 executed ROTATE_LEFT
[19:20:39.382] Bot4 moved forward to (8,7)
[19:20:39.382] Bot4 executed MOVE_FORWARD
[19:20:39.382] Starting turn for Bot1
[19:20:39.382] Starting turn for Bot4
[19:20:39.383] Bot4 rotated right to face NORTH
[19:20:39.383] Bot4 executed ROTATE_RIGHT
[19:20:39.383] Starting turn for Bot1
[19:20:39.383] Bot1 rotated left to face NORTH
[19:20:39.383] Bot1 executed ROTATE_LEFT
[19:20:39.383] Bot1 moved forward to (0,1)
[19:20:39.383] Bot1 executed MOVE_FORWARD
[19:20:39.383] Starting turn for Bot4
[19:20:39.383] Starting turn for Bot1
[19:20:39.383] Bot1 rotated left to face WEST
[19:20:39.383] Bot1 executed ROTATE_LEFT
[19:20:39.383] Bot1 rotated left to face SOUTH
[19:20:39.383] Bot1 executed ROTATE_LEFT
[19:20:39.383] Bot1 moved forward to (1,1)
[19:20:39.383] Bot1 executed MOVE_FORWARD
[19:20:39.383] Starting turn for Bot4
[19:20:39.383] Bot4 rotated right to face EAST
[19:20:39.383] Bot4 executed ROTATE_RIGHT
[19:20:39.383] Bot4 moved forward to (8,8)
[19:20:39.383] Bot4 executed MOVE_FORWARD
[19:20:39.383] Starting turn for Bot1
[19:20:39.383] Bot1 rotated left to face EAST
[19:20:39.383] Bot1 executed ROTATE_LEFT
[19:20:39.383] Starting turn for Bot4
[19:20:39.383] Bot4 rotated left to face NORTH
[19:20:39.383] Bot4 executed ROTATE_LEFT
[19:20:39.383] Bot4 rotated left to face WEST
[19:20:39.383] Bot4 executed ROTATE_LEFT
[19:20:39.383] Bot4 moved forward to (8,7)
[19:20:39.383] Bot4 executed MOVE_FORWARD
[19:20:39.383] Starting turn for Bot1
[19:20:39.383] Starting turn for Bot4
[19:20:39.383] Bot4 rotated right to face NORTH
[19:20:39.383] Bot4 executed ROTATE_RIGHT
[19:20:39.383] Starting turn for Bot1
[19:20:39.383] Bot1 rotated left to face NORTH
[19:20:39.383] Bot1 executed ROTATE_LEFT
[19:20:39.383] Bot1 moved forward to (0,1)
[19:20:39.383] Bot1 executed MOVE_FORWARD
[19:20:39.383] Starting turn for Bot4
[19:20:39.383] Starting turn for Bot1
[19:20:39.383] Bot1 rotated left to face WEST
[19:20:39.383] Bot1 executed ROTATE_LEFT
[19:20:39.383] Bot1 rotated left to face SOUTH
[19:20:39.383] Bot1 executed ROTATE_LEFT
[19:20:39.383] Bot1 moved forward to (1,1)
[19:20:39.383] Bot1 executed MOVE_FORWARD
[19:20:39.383] Starting turn for Bot4
[19:20:39.383] Bot4 rotated right to face EAST
[19:20:39.383] Bot4 executed ROTATE_RIGHT
[19:20:39.384] Bot4 moved forward to (8,8)
[19:20:39.384] Bot4 executed MOVE_FORWARD
[19:20:39.384] Starting turn for Bot1
[19:20:39.384] Bot1 rotated left to face EAST
[19:20:39.384] Bot1 executed ROTATE_LEFT
[19:20:39.384] Starting turn for Bot4
[19:20:39.384] Bot4 rotated left to face NORTH
[19:20:39.384] Bot4 executed ROTATE_LEFT
[19:20:39.384] Bot4 rotated left to face WEST
[19:20:39.384] Bot4 executed ROTATE_LEFT
[19:20:39.384] Bot4 moved forward to (8,7)
[19:20:39.384] Bot4 executed MOVE_FORWARD
[19:20:39.384] Starting turn for Bot1
[19:20:39.384] Starting turn for Bot4
[19:20:39.384] Bot4 rotated right to face NORTH
[19:20:39.384] Bot4 executed ROTATE_RIGHT
[19:20:39.384] Starting turn for Bot1
[19:20:39.384] Bot1 rotated left to face NORTH
[19:20:39.384] Bot1 executed ROTATE_LEFT
[19:20:39.384] Bot1 moved forward to (0,1)
[19:20:39.384] Bot1 executed MOVE_FORWARD
[19:20:39.384] Starting turn for Bot4
[19:20:39.384] Starting turn for Bot1
[19:20:39.384] Bot1 rotated left to face WEST
[19:20:39.384] Bot1 executed ROTATE_LEFT
[19:20:39.384] Bot1 rotated left to face SOUTH
[19:20:39.384] Bot1 executed ROTATE_LEFT
[19:20:39.384] Bot1 moved forward to (1,1)
[19:20:39.384] Bot1 executed MOVE_FORWARD
[19:20:39.384] Starting turn for Bot4
[19:20:39.384] Bot4 rotated right to face EAST
[19:20:39.384] Bot4 executed ROTATE_RIGHT
[19:20:39.384] Bot4 moved forward to (8,8)
[19:20:39.384] Bot4 executed MOVE_FORWARD
[19:20:39.384] Starting turn for Bot1
[19:20:39.384] Bot1 rotated left to face EAST
[19:20:39.384] Bot1 executed ROTATE_LEFT
[19:20:39.384] Starting turn for Bot4
[19:20:39.384] Bot4 rotated left to face NORTH
[19:20:39.384] Bot4 executed ROTATE_LEFT
[19:20:39.384] Bot4 rotated left to face WEST
[19:20:39.384] Bot4 executed ROTATE_LEFT
[19:20:39.384] Bot4 moved forward to (8,7)
[19:20:39.384] Bot4 executed MOVE_FORWARD
[19:20:39.384] Starting turn for Bot1
[19:20:39.384] Starting turn for Bot4
[19:20:39.384] Stalemate detected: State repeated 10 times, unchanged for 2 turns
[19:20:39.384] Game Over! Stalemate detected!
[19:20:39.384] Stalemate detected: State repeated 10 times, unchanged for 2 turns
