[14:35:57.269] === Game Started at 2025-02-04_14-35-57 ===
[14:35:57.269] Game initialized with 2 players
[14:35:57.269] Board size: 10
[14:35:57.269] Obstacle density: 0.05
[14:35:57.269] Max turns: 1000
[14:35:57.269] Player Bot11 starting at position (0,0) facing SOUTH
[14:35:57.269] Player Bot21 starting at position (9,9) facing NORTH
[14:35:57.269] Obstacles at positions: (3,2) (3,8) (5,9) (6,4) (7,7)
[14:35:57.269] Starting turn for Bot11
[14:35:57.269] Bot11 rotated left to face EAST
[14:35:57.269] Bot11 executed ROTATE_LEFT
[14:35:57.269] Bot11 moved forward to (0,1)
[14:35:57.269] Bot11 executed MOVE_FORWARD
[14:35:57.269] Starting turn for Bot21
[14:35:57.269] Bot21 rotated left to face WEST
[14:35:57.269] Bot21 executed ROTATE_LEFT
[14:35:57.269] Bot21 moved forward to (9,8)
[14:35:57.269] Bot21 executed MOVE_FORWARD
[14:35:57.269] Starting turn for Bot11
[14:35:57.269] Bot11 rotated right to face SOUTH
[14:35:57.269] Bot11 executed ROTATE_RIGHT
[14:35:57.269] Bot11 moved forward to (1,1)
[14:35:57.269] Bot11 executed MOVE_FORWARD
[14:35:57.269] Starting turn for Bot21
[14:35:57.269] Bot21 rotated right to face NORTH
[14:35:57.269] Bot21 executed ROTATE_RIGHT
[14:35:57.269] Bot21 moved forward to (8,8)
[14:35:57.269] Bot21 executed MOVE_FORWARD
[14:35:57.269] Starting turn for Bot11
[14:35:57.269] Bot11 rotated left to face EAST
[14:35:57.269] Bot11 executed ROTATE_LEFT
[14:35:57.269] Bot11 moved forward to (1,2)
[14:35:57.269] Bot11 executed MOVE_FORWARD
[14:35:57.269] Starting turn for Bot21
[14:35:57.269] Bot21 rotated left to face WEST
[14:35:57.269] Bot21 executed ROTATE_LEFT
[14:35:57.269] Bot21 moved forward to (8,7)
[14:35:57.269] Bot21 executed MOVE_FORWARD
[14:35:57.269] Starting turn for Bot11
[14:35:57.269] Bot11 rotated right to face SOUTH
[14:35:57.269] Bot11 executed ROTATE_RIGHT
[14:35:57.269] Bot11 moved forward to (2,2)
[14:35:57.269] Bot11 executed MOVE_FORWARD
[14:35:57.269] Starting turn for Bot21
[14:35:57.269] Bot21 rotated right to face NORTH
[14:35:57.269] Bot21 executed ROTATE_RIGHT
[14:35:57.269] Starting turn for Bot11
[14:35:57.269] Bot11 rotated left to face EAST
[14:35:57.269] Bot11 executed ROTATE_LEFT
[14:35:57.269] Bot11 moved forward to (2,3)
[14:35:57.269] Bot11 executed MOVE_FORWARD
[14:35:57.269] Starting turn for Bot21
[14:35:57.269] Starting turn for Bot11
[14:35:57.269] Bot11 rotated right to face SOUTH
[14:35:57.269] Bot11 executed ROTATE_RIGHT
[14:35:57.269] Bot11 moved forward to (3,3)
[14:35:57.269] Bot11 executed MOVE_FORWARD
[14:35:57.269] Starting turn for Bot21
[14:35:57.269] Bot21 rotated right to face EAST
[14:35:57.269] Bot21 executed ROTATE_RIGHT
[14:35:57.269] Bot21 moved forward to (8,8)
[14:35:57.269] Bot21 executed MOVE_FORWARD
[14:35:57.269] Starting turn for Bot11
[14:35:57.269] Bot11 rotated left to face EAST
[14:35:57.269] Bot11 executed ROTATE_LEFT
[14:35:57.269] Bot11 moved forward to (3,4)
[14:35:57.269] Bot11 executed MOVE_FORWARD
[14:35:57.269] Starting turn for Bot21
[14:35:57.269] Bot21 rotated left to face NORTH
[14:35:57.269] Bot21 executed ROTATE_LEFT
[14:35:57.269] Bot21 rotated left to face WEST
[14:35:57.269] Bot21 executed ROTATE_LEFT
[14:35:57.269] Bot21 moved forward to (8,7)
[14:35:57.269] Bot21 executed MOVE_FORWARD
[14:35:57.269] Starting turn for Bot11
[14:35:57.269] Bot11 rotated right to face SOUTH
[14:35:57.269] Bot11 executed ROTATE_RIGHT
[14:35:57.269] Bot11 moved forward to (4,4)
[14:35:57.269] Bot11 executed MOVE_FORWARD
[14:35:57.269] Starting turn for Bot21
[14:35:57.269] Bot21 rotated right to face NORTH
[14:35:57.269] Bot21 executed ROTATE_RIGHT
[14:35:57.269] Starting turn for Bot11
[14:35:57.269] Bot11 rotated left to face EAST
[14:35:57.269] Bot11 executed ROTATE_LEFT
[14:35:57.269] Bot11 moved forward to (4,5)
[14:35:57.269] Bot11 executed MOVE_FORWARD
[14:35:57.269] Starting turn for Bot21
[14:35:57.269] Starting turn for Bot11
[14:35:57.269] Bot11 rotated right to face SOUTH
[14:35:57.269] Bot11 executed ROTATE_RIGHT
[14:35:57.269] Bot11 moved forward to (5,5)
[14:35:57.269] Bot11 executed MOVE_FORWARD
[14:35:57.269] Starting turn for Bot21
[14:35:57.269] Bot21 rotated right to face EAST
[14:35:57.269] Bot21 executed ROTATE_RIGHT
[14:35:57.269] Bot21 moved forward to (8,8)
[14:35:57.269] Bot21 executed MOVE_FORWARD
[14:35:57.269] Starting turn for Bot11
[14:35:57.269] Starting turn for Bot21
[14:35:57.269] Bot21 rotated left to face NORTH
[14:35:57.269] Bot21 executed ROTATE_LEFT
[14:35:57.269] Bot21 rotated left to face WEST
[14:35:57.269] Bot21 executed ROTATE_LEFT
[14:35:57.269] Bot21 moved forward to (8,7)
[14:35:57.269] Bot21 executed MOVE_FORWARD
[14:35:57.269] Starting turn for Bot11
[14:35:57.269] Starting turn for Bot21
[14:35:57.269] Bot21 rotated right to face NORTH
[14:35:57.269] Bot21 executed ROTATE_RIGHT
[14:35:57.269] Starting turn for Bot11
[14:35:57.269] Starting turn for Bot21
[14:35:57.269] Starting turn for Bot11
[14:35:57.269] Starting turn for Bot21
[14:35:57.269] Bot21 rotated right to face EAST
[14:35:57.269] Bot21 executed ROTATE_RIGHT
[14:35:57.269] Bot21 moved forward to (8,8)
[14:35:57.269] Bot21 executed MOVE_FORWARD
[14:35:57.269] Starting turn for Bot11
[14:35:57.269] Starting turn for Bot21
[14:35:57.269] Bot21 rotated left to face NORTH
[14:35:57.269] Bot21 executed ROTATE_LEFT
[14:35:57.269] Bot21 rotated left to face WEST
[14:35:57.269] Bot21 executed ROTATE_LEFT
[14:35:57.269] Bot21 moved forward to (8,7)
[14:35:57.269] Bot21 executed MOVE_FORWARD
[14:35:57.269] Starting turn for Bot11
[14:35:57.269] Starting turn for Bot21
[14:35:57.269] Bot21 rotated right to face NORTH
[14:35:57.269] Bot21 executed ROTATE_RIGHT
[14:35:57.269] Starting turn for Bot11
[14:35:57.269] Starting turn for Bot21
[14:35:57.269] Starting turn for Bot11
[14:35:57.269] Starting turn for Bot21
[14:35:57.269] Bot21 rotated right to face EAST
[14:35:57.269] Bot21 executed ROTATE_RIGHT
[14:35:57.269] Bot21 moved forward to (8,8)
[14:35:57.269] Bot21 executed MOVE_FORWARD
[14:35:57.269] Starting turn for Bot11
[14:35:57.269] Starting turn for Bot21
[14:35:57.269] Bot21 rotated left to face NORTH
[14:35:57.269] Bot21 executed ROTATE_LEFT
[14:35:57.269] Bot21 rotated left to face WEST
[14:35:57.269] Bot21 executed ROTATE_LEFT
[14:35:57.269] Bot21 moved forward to (8,7)
[14:35:57.269] Bot21 executed MOVE_FORWARD
[14:35:57.269] Starting turn for Bot11
[14:35:57.269] Starting turn for Bot21
[14:35:57.269] Bot21 rotated right to face NORTH
[14:35:57.269] Bot21 executed ROTATE_RIGHT
[14:35:57.269] Starting turn for Bot11
[14:35:57.269] Stalemate detected: State repeated 10 times, unchanged for 1 turns
[14:35:57.269] Game Over! Stalemate detected!
[14:35:57.269] Stalemate detected: State repeated 10 times, unchanged for 1 turns
