[14:35:49.353] === Game Started at 2025-02-04_14-35-49 ===
[14:35:49.353] Game initialized with 2 players
[14:35:49.353] Board size: 10
[14:35:49.353] Obstacle density: 0.05
[14:35:49.353] Max turns: 1000
[14:35:49.353] Player Bot6 starting at position (0,0) facing WEST
[14:35:49.353] Player Bot12 starting at position (9,9) facing WEST
[14:35:49.353] Obstacles at positions: (0,7) (4,5) (4,7) (8,9) (9,8)
[14:35:49.353] Starting turn for Bot6
[14:35:49.353] Bot6 rotated left to face SOUTH
[14:35:49.353] Bot6 executed ROTATE_LEFT
[14:35:49.353] Bot6 rotated left to face EAST
[14:35:49.354] Bot6 executed ROTATE_LEFT
[14:35:49.354] Bot6 moved forward to (0,1)
[14:35:49.354] Bot6 executed MOVE_FORWARD
[14:35:49.354] Starting turn for Bot12
[14:35:49.354] Starting turn for Bot6
[14:35:49.354] Bot6 rotated right to face SOUTH
[14:35:49.354] Bot6 executed ROTATE_RIGHT
[14:35:49.354] Bot6 moved forward to (1,1)
[14:35:49.354] Bot6 executed MOVE_FORWARD
[14:35:49.354] Starting turn for Bot12
[14:35:49.354] Starting turn for Bot6
[14:35:49.354] Bot6 rotated left to face EAST
[14:35:49.354] Bot6 executed ROTATE_LEFT
[14:35:49.354] Bot6 moved forward to (1,2)
[14:35:49.354] Bot6 executed MOVE_FORWARD
[14:35:49.354] Starting turn for Bot12
[14:35:49.354] Bot12 rotated right to face NORTH
[14:35:49.354] Bot12 executed ROTATE_RIGHT
[14:35:49.354] Starting turn for Bot6
[14:35:49.354] Bot6 rotated right to face SOUTH
[14:35:49.354] Bot6 executed ROTATE_RIGHT
[14:35:49.354] Bot6 moved forward to (2,2)
[14:35:49.354] Bot6 executed MOVE_FORWARD
[14:35:49.354] Starting turn for Bot12
[14:35:49.354] Bot12 rotated left to face WEST
[14:35:49.354] Bot12 executed ROTATE_LEFT
[14:35:49.354] Starting turn for Bot6
[14:35:49.354] Bot6 rotated left to face EAST
[14:35:49.354] Bot6 executed ROTATE_LEFT
[14:35:49.354] Bot6 moved forward to (2,3)
[14:35:49.354] Bot6 executed MOVE_FORWARD
[14:35:49.354] Starting turn for Bot12
[14:35:49.354] Starting turn for Bot6
[14:35:49.354] Bot6 rotated right to face SOUTH
[14:35:49.354] Bot6 executed ROTATE_RIGHT
[14:35:49.354] Bot6 moved forward to (3,3)
[14:35:49.354] Bot6 executed MOVE_FORWARD
[14:35:49.354] Starting turn for Bot12
[14:35:49.354] Bot12 rotated right to face NORTH
[14:35:49.354] Bot12 executed ROTATE_RIGHT
[14:35:49.354] Starting turn for Bot6
[14:35:49.354] Bot6 rotated left to face EAST
[14:35:49.354] Bot6 executed ROTATE_LEFT
[14:35:49.354] Bot6 moved forward to (3,4)
[14:35:49.354] Bot6 executed MOVE_FORWARD
[14:35:49.354] Starting turn for Bot12
[14:35:49.354] Bot12 rotated left to face WEST
[14:35:49.354] Bot12 executed ROTATE_LEFT
[14:35:49.354] Starting turn for Bot6
[14:35:49.354] Bot6 rotated right to face SOUTH
[14:35:49.354] Bot6 executed ROTATE_RIGHT
[14:35:49.354] Bot6 moved forward to (4,4)
[14:35:49.354] Bot6 executed MOVE_FORWARD
[14:35:49.354] Starting turn for Bot12
[14:35:49.354] Starting turn for Bot6
[14:35:49.354] Bot6 rotated left to face EAST
[14:35:49.354] Bot6 executed ROTATE_LEFT
[14:35:49.354] Starting turn for Bot12
[14:35:49.354] Bot12 rotated right to face NORTH
[14:35:49.354] Bot12 executed ROTATE_RIGHT
[14:35:49.354] Starting turn for Bot6
[14:35:49.354] Starting turn for Bot12
[14:35:49.354] Bot12 rotated left to face WEST
[14:35:49.354] Bot12 executed ROTATE_LEFT
[14:35:49.354] Starting turn for Bot6
[14:35:49.354] Bot6 rotated left to face NORTH
[14:35:49.354] Bot6 executed ROTATE_LEFT
[14:35:49.354] Bot6 moved forward to (3,4)
[14:35:49.354] Bot6 executed MOVE_FORWARD
[14:35:49.354] Starting turn for Bot12
[14:35:49.354] Starting turn for Bot6
[14:35:49.354] Bot6 rotated left to face WEST
[14:35:49.354] Bot6 executed ROTATE_LEFT
[14:35:49.354] Bot6 rotated left to face SOUTH
[14:35:49.354] Bot6 executed ROTATE_LEFT
[14:35:49.354] Bot6 moved forward to (4,4)
[14:35:49.354] Bot6 executed MOVE_FORWARD
[14:35:49.354] Starting turn for Bot12
[14:35:49.354] Bot12 rotated right to face NORTH
[14:35:49.354] Bot12 executed ROTATE_RIGHT
[14:35:49.354] Starting turn for Bot6
[14:35:49.354] Bot6 rotated left to face EAST
[14:35:49.354] Bot6 executed ROTATE_LEFT
[14:35:49.354] Starting turn for Bot12
[14:35:49.354] Bot12 rotated left to face WEST
[14:35:49.354] Bot12 executed ROTATE_LEFT
[14:35:49.354] Starting turn for Bot6
[14:35:49.354] Starting turn for Bot12
[14:35:49.354] Starting turn for Bot6
[14:35:49.354] Bot6 rotated left to face NORTH
[14:35:49.354] Bot6 executed ROTATE_LEFT
[14:35:49.354] Bot6 moved forward to (3,4)
[14:35:49.354] Bot6 executed MOVE_FORWARD
[14:35:49.354] Starting turn for Bot12
[14:35:49.354] Bot12 rotated right to face NORTH
[14:35:49.354] Bot12 executed ROTATE_RIGHT
[14:35:49.354] Starting turn for Bot6
[14:35:49.354] Bot6 rotated left to face WEST
[14:35:49.354] Bot6 executed ROTATE_LEFT
[14:35:49.354] Bot6 rotated left to face SOUTH
[14:35:49.354] Bot6 executed ROTATE_LEFT
[14:35:49.354] Bot6 moved forward to (4,4)
[14:35:49.354] Bot6 executed MOVE_FORWARD
[14:35:49.354] Starting turn for Bot12
[14:35:49.354] Bot12 rotated left to face WEST
[14:35:49.354] Bot12 executed ROTATE_LEFT
[14:35:49.354] Starting turn for Bot6
[14:35:49.354] Bot6 rotated left to face EAST
[14:35:49.354] Bot6 executed ROTATE_LEFT
[14:35:49.354] Starting turn for Bot12
[14:35:49.354] Starting turn for Bot6
[14:35:49.354] Starting turn for Bot12
[14:35:49.354] Bot12 rotated right to face NORTH
[14:35:49.354] Bot12 executed ROTATE_RIGHT
[14:35:49.354] Starting turn for Bot6
[14:35:49.354] Bot6 rotated left to face NORTH
[14:35:49.354] Bot6 executed ROTATE_LEFT
[14:35:49.354] Bot6 moved forward to (3,4)
[14:35:49.354] Bot6 executed MOVE_FORWARD
[14:35:49.354] Starting turn for Bot12
[14:35:49.354] Bot12 rotated left to face WEST
[14:35:49.354] Bot12 executed ROTATE_LEFT
[14:35:49.354] Starting turn for Bot6
[14:35:49.354] Bot6 rotated left to face WEST
[14:35:49.354] Bot6 executed ROTATE_LEFT
[14:35:49.354] Bot6 rotated left to face SOUTH
[14:35:49.354] Bot6 executed ROTATE_LEFT
[14:35:49.354] Bot6 moved forward to (4,4)
[14:35:49.354] Bot6 executed MOVE_FORWARD
[14:35:49.354] Starting turn for Bot12
[14:35:49.354] Starting turn for Bot6
[14:35:49.354] Bot6 rotated left to face EAST
[14:35:49.354] Bot6 executed ROTATE_LEFT
[14:35:49.354] Starting turn for Bot12
[14:35:49.354] Bot12 rotated right to face NORTH
[14:35:49.354] Bot12 executed ROTATE_RIGHT
[14:35:49.354] Starting turn for Bot6
[14:35:49.354] Starting turn for Bot12
[14:35:49.354] Bot12 rotated left to face WEST
[14:35:49.354] Bot12 executed ROTATE_LEFT
[14:35:49.354] Starting turn for Bot6
[14:35:49.354] Stalemate detected: State repeated 10 times, unchanged for 1 turns
[14:35:49.354] Game Over! Stalemate detected!
[14:35:49.354] Stalemate detected: State repeated 10 times, unchanged for 1 turns
