[14:36:07.547] === Game Started at 2025-02-04_14-36-07 ===
[14:36:07.547] Game initialized with 2 players
[14:36:07.547] Board size: 10
[14:36:07.547] Obstacle density: 0.05
[14:36:07.547] Max turns: 1000
[14:36:07.547] Player Bot30 starting at position (0,0) facing SOUTH
[14:36:07.547] Player Bot20 starting at position (9,9) facing EAST
[14:36:07.547] Obstacles at positions: (4,5) (4,7) (7,4) (7,5) (8,8)
[14:36:07.547] Starting turn for Bot30
[14:36:07.547] Bot30 rotated left to face EAST
[14:36:07.547] Bot30 executed ROTATE_LEFT
[14:36:07.547] Bot30 moved forward to (0,1)
[14:36:07.548] Bot30 executed MOVE_FORWARD
[14:36:07.548] Starting turn for Bot20
[14:36:07.548] Bot20 rotated left to face NORTH
[14:36:07.548] Bot20 executed ROTATE_LEFT
[14:36:07.548] Bot20 rotated left to face WEST
[14:36:07.548] Bot20 executed ROTATE_LEFT
[14:36:07.548] Bot20 moved forward to (9,8)
[14:36:07.548] Bot20 executed MOVE_FORWARD
[14:36:07.548] Starting turn for Bot30
[14:36:07.548] Bot30 rotated right to face SOUTH
[14:36:07.548] Bot30 executed ROTATE_RIGHT
[14:36:07.548] Bot30 moved forward to (1,1)
[14:36:07.548] Bot30 executed MOVE_FORWARD
[14:36:07.548] Starting turn for Bot20
[14:36:07.548] Bot20 rotated right to face NORTH
[14:36:07.548] Bot20 executed ROTATE_RIGHT
[14:36:07.548] Starting turn for Bot30
[14:36:07.548] Bot30 rotated left to face EAST
[14:36:07.548] Bot30 executed ROTATE_LEFT
[14:36:07.548] Bot30 moved forward to (1,2)
[14:36:07.548] Bot30 executed MOVE_FORWARD
[14:36:07.548] Starting turn for Bot20
[14:36:07.548] Starting turn for Bot30
[14:36:07.548] Bot30 rotated right to face SOUTH
[14:36:07.548] Bot30 executed ROTATE_RIGHT
[14:36:07.548] Bot30 moved forward to (2,2)
[14:36:07.548] Bot30 executed MOVE_FORWARD
[14:36:07.548] Starting turn for Bot20
[14:36:07.548] Bot20 rotated right to face EAST
[14:36:07.548] Bot20 executed ROTATE_RIGHT
[14:36:07.548] Bot20 moved forward to (9,9)
[14:36:07.548] Bot20 executed MOVE_FORWARD
[14:36:07.548] Starting turn for Bot30
[14:36:07.548] Bot30 rotated left to face EAST
[14:36:07.548] Bot30 executed ROTATE_LEFT
[14:36:07.548] Bot30 moved forward to (2,3)
[14:36:07.548] Bot30 executed MOVE_FORWARD
[14:36:07.548] Starting turn for Bot20
[14:36:07.548] Bot20 rotated left to face NORTH
[14:36:07.548] Bot20 executed ROTATE_LEFT
[14:36:07.548] Bot20 rotated left to face WEST
[14:36:07.548] Bot20 executed ROTATE_LEFT
[14:36:07.548] Bot20 moved forward to (9,8)
[14:36:07.548] Bot20 executed MOVE_FORWARD
[14:36:07.548] Starting turn for Bot30
[14:36:07.548] Bot30 rotated right to face SOUTH
[14:36:07.548] Bot30 executed ROTATE_RIGHT
[14:36:07.548] Bot30 moved forward to (3,3)
[14:36:07.548] Bot30 executed MOVE_FORWARD
[14:36:07.548] Starting turn for Bot20
[14:36:07.548] Bot20 rotated right to face NORTH
[14:36:07.548] Bot20 executed ROTATE_RIGHT
[14:36:07.548] Starting turn for Bot30
[14:36:07.548] Bot30 rotated left to face EAST
[14:36:07.548] Bot30 executed ROTATE_LEFT
[14:36:07.548] Bot30 moved forward to (3,4)
[14:36:07.548] Bot30 executed MOVE_FORWARD
[14:36:07.548] Starting turn for Bot20
[14:36:07.548] Starting turn for Bot30
[14:36:07.548] Bot30 rotated right to face SOUTH
[14:36:07.548] Bot30 executed ROTATE_RIGHT
[14:36:07.548] Bot30 moved forward to (4,4)
[14:36:07.548] Bot30 executed MOVE_FORWARD
[14:36:07.548] Starting turn for Bot20
[14:36:07.548] Bot20 rotated right to face EAST
[14:36:07.548] Bot20 executed ROTATE_RIGHT
[14:36:07.548] Bot20 moved forward to (9,9)
[14:36:07.548] Bot20 executed MOVE_FORWARD
[14:36:07.548] Starting turn for Bot30
[14:36:07.548] Bot30 rotated left to face EAST
[14:36:07.548] Bot30 executed ROTATE_LEFT
[14:36:07.548] Starting turn for Bot20
[14:36:07.548] Bot20 rotated left to face NORTH
[14:36:07.548] Bot20 executed ROTATE_LEFT
[14:36:07.548] Bot20 rotated left to face WEST
[14:36:07.548] Bot20 executed ROTATE_LEFT
[14:36:07.548] Bot20 moved forward to (9,8)
[14:36:07.548] Bot20 executed MOVE_FORWARD
[14:36:07.548] Starting turn for Bot30
[14:36:07.548] Starting turn for Bot20
[14:36:07.548] Bot20 rotated right to face NORTH
[14:36:07.548] Bot20 executed ROTATE_RIGHT
[14:36:07.548] Starting turn for Bot30
[14:36:07.548] Bot30 rotated left to face NORTH
[14:36:07.548] Bot30 executed ROTATE_LEFT
[14:36:07.548] Bot30 moved forward to (3,4)
[14:36:07.548] Bot30 executed MOVE_FORWARD
[14:36:07.548] Starting turn for Bot20
[14:36:07.548] Starting turn for Bot30
[14:36:07.548] Bot30 rotated left to face WEST
[14:36:07.548] Bot30 executed ROTATE_LEFT
[14:36:07.548] Bot30 rotated left to face SOUTH
[14:36:07.548] Bot30 executed ROTATE_LEFT
[14:36:07.548] Bot30 moved forward to (4,4)
[14:36:07.548] Bot30 executed MOVE_FORWARD
[14:36:07.548] Starting turn for Bot20
[14:36:07.548] Bot20 rotated right to face EAST
[14:36:07.548] Bot20 executed ROTATE_RIGHT
[14:36:07.548] Bot20 moved forward to (9,9)
[14:36:07.548] Bot20 executed MOVE_FORWARD
[14:36:07.548] Starting turn for Bot30
[14:36:07.548] Bot30 rotated left to face EAST
[14:36:07.548] Bot30 executed ROTATE_LEFT
[14:36:07.548] Starting turn for Bot20
[14:36:07.548] Bot20 rotated left to face NORTH
[14:36:07.548] Bot20 executed ROTATE_LEFT
[14:36:07.548] Bot20 rotated left to face WEST
[14:36:07.548] Bot20 executed ROTATE_LEFT
[14:36:07.548] Bot20 moved forward to (9,8)
[14:36:07.548] Bot20 executed MOVE_FORWARD
[14:36:07.548] Starting turn for Bot30
[14:36:07.548] Starting turn for Bot20
[14:36:07.548] Bot20 rotated right to face NORTH
[14:36:07.548] Bot20 executed ROTATE_RIGHT
[14:36:07.548] Starting turn for Bot30
[14:36:07.548] Bot30 rotated left to face NORTH
[14:36:07.548] Bot30 executed ROTATE_LEFT
[14:36:07.548] Bot30 moved forward to (3,4)
[14:36:07.548] Bot30 executed MOVE_FORWARD
[14:36:07.548] Starting turn for Bot20
[14:36:07.548] Starting turn for Bot30
[14:36:07.548] Bot30 rotated left to face WEST
[14:36:07.548] Bot30 executed ROTATE_LEFT
[14:36:07.548] Bot30 rotated left to face SOUTH
[14:36:07.548] Bot30 executed ROTATE_LEFT
[14:36:07.548] Bot30 moved forward to (4,4)
[14:36:07.548] Bot30 executed MOVE_FORWARD
[14:36:07.548] Starting turn for Bot20
[14:36:07.548] Bot20 rotated right to face EAST
[14:36:07.548] Bot20 executed ROTATE_RIGHT
[14:36:07.548] Bot20 moved forward to (9,9)
[14:36:07.548] Bot20 executed MOVE_FORWARD
[14:36:07.548] Starting turn for Bot30
[14:36:07.548] Bot30 rotated left to face EAST
[14:36:07.548] Bot30 executed ROTATE_LEFT
[14:36:07.548] Starting turn for Bot20
[14:36:07.548] Bot20 rotated left to face NORTH
[14:36:07.548] Bot20 executed ROTATE_LEFT
[14:36:07.548] Bot20 rotated left to face WEST
[14:36:07.548] Bot20 executed ROTATE_LEFT
[14:36:07.548] Bot20 moved forward to (9,8)
[14:36:07.548] Bot20 executed MOVE_FORWARD
[14:36:07.548] Starting turn for Bot30
[14:36:07.548] Starting turn for Bot20
[14:36:07.548] Bot20 rotated right to face NORTH
[14:36:07.548] Bot20 executed ROTATE_RIGHT
[14:36:07.548] Starting turn for Bot30
[14:36:07.548] Bot30 rotated left to face NORTH
[14:36:07.548] Bot30 executed ROTATE_LEFT
[14:36:07.548] Bot30 moved forward to (3,4)
[14:36:07.548] Bot30 executed MOVE_FORWARD
[14:36:07.548] Starting turn for Bot20
[14:36:07.548] Starting turn for Bot30
[14:36:07.548] Bot30 rotated left to face WEST
[14:36:07.548] Bot30 executed ROTATE_LEFT
[14:36:07.548] Bot30 rotated left to face SOUTH
[14:36:07.548] Bot30 executed ROTATE_LEFT
[14:36:07.548] Bot30 moved forward to (4,4)
[14:36:07.548] Bot30 executed MOVE_FORWARD
[14:36:07.548] Starting turn for Bot20
[14:36:07.548] Bot20 rotated right to face EAST
[14:36:07.548] Bot20 executed ROTATE_RIGHT
[14:36:07.548] Bot20 moved forward to (9,9)
[14:36:07.548] Bot20 executed MOVE_FORWARD
[14:36:07.548] Starting turn for Bot30
[14:36:07.548] Bot30 rotated left to face EAST
[14:36:07.548] Bot30 executed ROTATE_LEFT
[14:36:07.548] Starting turn for Bot20
[14:36:07.548] Bot20 rotated left to face NORTH
[14:36:07.548] Bot20 executed ROTATE_LEFT
[14:36:07.548] Bot20 rotated left to face WEST
[14:36:07.548] Bot20 executed ROTATE_LEFT
[14:36:07.548] Bot20 moved forward to (9,8)
[14:36:07.548] Bot20 executed MOVE_FORWARD
[14:36:07.548] Starting turn for Bot30
[14:36:07.548] Starting turn for Bot20
[14:36:07.548] Bot20 rotated right to face NORTH
[14:36:07.548] Bot20 executed ROTATE_RIGHT
[14:36:07.548] Starting turn for Bot30
[14:36:07.548] Bot30 rotated left to face NORTH
[14:36:07.548] Bot30 executed ROTATE_LEFT
[14:36:07.548] Bot30 moved forward to (3,4)
[14:36:07.548] Bot30 executed MOVE_FORWARD
[14:36:07.548] Starting turn for Bot20
[14:36:07.548] Starting turn for Bot30
[14:36:07.548] Bot30 rotated left to face WEST
[14:36:07.548] Bot30 executed ROTATE_LEFT
[14:36:07.548] Bot30 rotated left to face SOUTH
[14:36:07.548] Bot30 executed ROTATE_LEFT
[14:36:07.548] Bot30 moved forward to (4,4)
[14:36:07.548] Bot30 executed MOVE_FORWARD
[14:36:07.548] Starting turn for Bot20
[14:36:07.548] Bot20 rotated right to face EAST
[14:36:07.548] Bot20 executed ROTATE_RIGHT
[14:36:07.548] Bot20 moved forward to (9,9)
[14:36:07.548] Bot20 executed MOVE_FORWARD
[14:36:07.548] Starting turn for Bot30
[14:36:07.548] Bot30 rotated left to face EAST
[14:36:07.548] Bot30 executed ROTATE_LEFT
[14:36:07.548] Starting turn for Bot20
[14:36:07.548] Bot20 rotated left to face NORTH
[14:36:07.548] Bot20 executed ROTATE_LEFT
[14:36:07.548] Bot20 rotated left to face WEST
[14:36:07.548] Bot20 executed ROTATE_LEFT
[14:36:07.548] Bot20 moved forward to (9,8)
[14:36:07.548] Bot20 executed MOVE_FORWARD
[14:36:07.548] Starting turn for Bot30
[14:36:07.548] Starting turn for Bot20
[14:36:07.548] Stalemate detected: State repeated 10 times, unchanged for 2 turns
[14:36:07.548] Game Over! Stalemate detected!
[14:36:07.548] Stalemate detected: State repeated 10 times, unchanged for 2 turns
