[14:35:54.519] === Game Started at 2025-02-04_14-35-54 ===
[14:35:54.519] Game initialized with 2 players
[14:35:54.519] Board size: 10
[14:35:54.519] Obstacle density: 0.05
[14:35:54.519] Max turns: 1000
[14:35:54.519] Player Bot15 starting at position (0,0) facing EAST
[14:35:54.519] Player Bot9 starting at position (9,9) facing EAST
[14:35:54.519] Obstacles at positions: (3,9) (5,2) (7,0) (7,5) (7,7)
[14:35:54.519] Starting turn for Bot15
[14:35:54.519] Bot15 moved forward to (0,1)
[14:35:54.519] Bot15 executed MOVE_FORWARD
[14:35:54.519] Starting turn for Bot9
[14:35:54.519] Bot9 rotated left to face NORTH
[14:35:54.519] Bot9 executed ROTATE_LEFT
[14:35:54.519] Bot9 rotated left to face WEST
[14:35:54.519] Bot9 executed ROTATE_LEFT
[14:35:54.519] Bot9 moved forward to (9,8)
[14:35:54.519] Bot9 executed MOVE_FORWARD
[14:35:54.519] Starting turn for Bot15
[14:35:54.519] Bot15 rotated right to face SOUTH
[14:35:54.519] Bot15 executed ROTATE_RIGHT
[14:35:54.519] Bot15 moved forward to (1,1)
[14:35:54.519] Bot15 executed MOVE_FORWARD
[14:35:54.519] Starting turn for Bot9
[14:35:54.519] Bot9 rotated right to face NORTH
[14:35:54.519] Bot9 executed ROTATE_RIGHT
[14:35:54.519] Bot9 moved forward to (8,8)
[14:35:54.519] Bot9 executed MOVE_FORWARD
[14:35:54.519] Starting turn for Bot15
[14:35:54.519] Bot15 rotated left to face EAST
[14:35:54.519] Bot15 executed ROTATE_LEFT
[14:35:54.519] Bot15 moved forward to (1,2)
[14:35:54.519] Bot15 executed MOVE_FORWARD
[14:35:54.519] Starting turn for Bot9
[14:35:54.519] Bot9 rotated left to face WEST
[14:35:54.519] Bot9 executed ROTATE_LEFT
[14:35:54.519] Bot9 moved forward to (8,7)
[14:35:54.519] Bot9 executed MOVE_FORWARD
[14:35:54.519] Starting turn for Bot15
[14:35:54.519] Bot15 rotated right to face SOUTH
[14:35:54.519] Bot15 executed ROTATE_RIGHT
[14:35:54.519] Bot15 moved forward to (2,2)
[14:35:54.519] Bot15 executed MOVE_FORWARD
[14:35:54.519] Starting turn for Bot9
[14:35:54.519] Bot9 rotated right to face NORTH
[14:35:54.519] Bot9 executed ROTATE_RIGHT
[14:35:54.519] Starting turn for Bot15
[14:35:54.519] Bot15 rotated left to face EAST
[14:35:54.519] Bot15 executed ROTATE_LEFT
[14:35:54.519] Bot15 moved forward to (2,3)
[14:35:54.519] Bot15 executed MOVE_FORWARD
[14:35:54.519] Starting turn for Bot9
[14:35:54.519] Starting turn for Bot15
[14:35:54.519] Bot15 rotated right to face SOUTH
[14:35:54.519] Bot15 executed ROTATE_RIGHT
[14:35:54.519] Bot15 moved forward to (3,3)
[14:35:54.519] Bot15 executed MOVE_FORWARD
[14:35:54.519] Starting turn for Bot9
[14:35:54.520] Bot9 rotated right to face EAST
[14:35:54.520] Bot9 executed ROTATE_RIGHT
[14:35:54.520] Bot9 moved forward to (8,8)
[14:35:54.520] Bot9 executed MOVE_FORWARD
[14:35:54.520] Starting turn for Bot15
[14:35:54.520] Bot15 rotated left to face EAST
[14:35:54.520] Bot15 executed ROTATE_LEFT
[14:35:54.520] Bot15 moved forward to (3,4)
[14:35:54.520] Bot15 executed MOVE_FORWARD
[14:35:54.520] Starting turn for Bot9
[14:35:54.520] Bot9 rotated left to face NORTH
[14:35:54.520] Bot9 executed ROTATE_LEFT
[14:35:54.520] Bot9 rotated left to face WEST
[14:35:54.520] Bot9 executed ROTATE_LEFT
[14:35:54.520] Bot9 moved forward to (8,7)
[14:35:54.520] Bot9 executed MOVE_FORWARD
[14:35:54.520] Starting turn for Bot15
[14:35:54.520] Bot15 rotated right to face SOUTH
[14:35:54.520] Bot15 executed ROTATE_RIGHT
[14:35:54.520] Bot15 moved forward to (4,4)
[14:35:54.520] Bot15 executed MOVE_FORWARD
[14:35:54.520] Starting turn for Bot9
[14:35:54.520] Bot9 rotated right to face NORTH
[14:35:54.520] Bot9 executed ROTATE_RIGHT
[14:35:54.520] Starting turn for Bot15
[14:35:54.520] Bot15 rotated left to face EAST
[14:35:54.520] Bot15 executed ROTATE_LEFT
[14:35:54.520] Bot15 moved forward to (4,5)
[14:35:54.520] Bot15 executed MOVE_FORWARD
[14:35:54.520] Starting turn for Bot9
[14:35:54.520] Starting turn for Bot15
[14:35:54.520] Bot15 rotated right to face SOUTH
[14:35:54.520] Bot15 executed ROTATE_RIGHT
[14:35:54.520] Bot15 moved forward to (5,5)
[14:35:54.520] Bot15 executed MOVE_FORWARD
[14:35:54.520] Starting turn for Bot9
[14:35:54.520] Bot9 rotated right to face EAST
[14:35:54.520] Bot9 executed ROTATE_RIGHT
[14:35:54.520] Bot9 moved forward to (8,8)
[14:35:54.520] Bot9 executed MOVE_FORWARD
[14:35:54.520] Starting turn for Bot15
[14:35:54.520] Starting turn for Bot9
[14:35:54.520] Bot9 rotated left to face NORTH
[14:35:54.520] Bot9 executed ROTATE_LEFT
[14:35:54.520] Bot9 rotated left to face WEST
[14:35:54.520] Bot9 executed ROTATE_LEFT
[14:35:54.520] Bot9 moved forward to (8,7)
[14:35:54.520] Bot9 executed MOVE_FORWARD
[14:35:54.520] Starting turn for Bot15
[14:35:54.520] Starting turn for Bot9
[14:35:54.520] Bot9 rotated right to face NORTH
[14:35:54.520] Bot9 executed ROTATE_RIGHT
[14:35:54.520] Starting turn for Bot15
[14:35:54.520] Starting turn for Bot9
[14:35:54.520] Starting turn for Bot15
[14:35:54.520] Starting turn for Bot9
[14:35:54.520] Bot9 rotated right to face EAST
[14:35:54.520] Bot9 executed ROTATE_RIGHT
[14:35:54.520] Bot9 moved forward to (8,8)
[14:35:54.520] Bot9 executed MOVE_FORWARD
[14:35:54.520] Starting turn for Bot15
[14:35:54.520] Starting turn for Bot9
[14:35:54.520] Bot9 rotated left to face NORTH
[14:35:54.520] Bot9 executed ROTATE_LEFT
[14:35:54.520] Bot9 rotated left to face WEST
[14:35:54.520] Bot9 executed ROTATE_LEFT
[14:35:54.520] Bot9 moved forward to (8,7)
[14:35:54.520] Bot9 executed MOVE_FORWARD
[14:35:54.520] Starting turn for Bot15
[14:35:54.520] Starting turn for Bot9
[14:35:54.520] Bot9 rotated right to face NORTH
[14:35:54.520] Bot9 executed ROTATE_RIGHT
[14:35:54.520] Starting turn for Bot15
[14:35:54.520] Starting turn for Bot9
[14:35:54.520] Starting turn for Bot15
[14:35:54.520] Starting turn for Bot9
[14:35:54.520] Bot9 rotated right to face EAST
[14:35:54.520] Bot9 executed ROTATE_RIGHT
[14:35:54.520] Bot9 moved forward to (8,8)
[14:35:54.520] Bot9 executed MOVE_FORWARD
[14:35:54.520] Starting turn for Bot15
[14:35:54.520] Starting turn for Bot9
[14:35:54.520] Bot9 rotated left to face NORTH
[14:35:54.520] Bot9 executed ROTATE_LEFT
[14:35:54.520] Bot9 rotated left to face WEST
[14:35:54.520] Bot9 executed ROTATE_LEFT
[14:35:54.520] Bot9 moved forward to (8,7)
[14:35:54.520] Bot9 executed MOVE_FORWARD
[14:35:54.520] Starting turn for Bot15
[14:35:54.520] Starting turn for Bot9
[14:35:54.520] Bot9 rotated right to face NORTH
[14:35:54.520] Bot9 executed ROTATE_RIGHT
[14:35:54.520] Starting turn for Bot15
[14:35:54.520] Stalemate detected: State repeated 10 times, unchanged for 1 turns
[14:35:54.520] Game Over! Stalemate detected!
[14:35:54.520] Stalemate detected: State repeated 10 times, unchanged for 1 turns
