[14:35:59.686] === Game Started at 2025-02-04_14-35-59 ===
[14:35:59.686] Game initialized with 2 players
[14:35:59.686] Board size: 10
[14:35:59.686] Obstacle density: 0.05
[14:35:59.686] Max turns: 1000
[14:35:59.686] Player Bot23 starting at position (0,0) facing WEST
[14:35:59.686] Player Bot13 starting at position (9,9) facing WEST
[14:35:59.686] Obstacles at positions: (0,2) (1,2) (6,8) (6,9) (8,9)
[14:35:59.687] Starting turn for Bot23
[14:35:59.687] Bot23 rotated left to face SOUTH
[14:35:59.687] Bot23 executed ROTATE_LEFT
[14:35:59.687] Bot23 rotated left to face EAST
[14:35:59.687] Bot23 executed ROTATE_LEFT
[14:35:59.687] Bot23 moved forward to (0,1)
[14:35:59.687] Bot23 executed MOVE_FORWARD
[14:35:59.687] Starting turn for Bot13
[14:35:59.687] Bot13 moved forward to (9,8)
[14:35:59.687] Bot13 executed MOVE_FORWARD
[14:35:59.687] Starting turn for Bot23
[14:35:59.687] Bot23 rotated right to face SOUTH
[14:35:59.687] Bot23 executed ROTATE_RIGHT
[14:35:59.687] Bot23 moved forward to (1,1)
[14:35:59.687] Bot23 executed MOVE_FORWARD
[14:35:59.687] Starting turn for Bot13
[14:35:59.687] Bot13 rotated right to face NORTH
[14:35:59.687] Bot13 executed ROTATE_RIGHT
[14:35:59.687] Bot13 moved forward to (8,8)
[14:35:59.687] Bot13 executed MOVE_FORWARD
[14:35:59.687] Starting turn for Bot23
[14:35:59.687] Bot23 rotated left to face EAST
[14:35:59.687] Bot23 executed ROTATE_LEFT
[14:35:59.687] Starting turn for Bot13
[14:35:59.687] Bot13 rotated left to face WEST
[14:35:59.687] Bot13 executed ROTATE_LEFT
[14:35:59.687] Bot13 moved forward to (8,7)
[14:35:59.687] Bot13 executed MOVE_FORWARD
[14:35:59.687] Starting turn for Bot23
[14:35:59.687] Starting turn for Bot13
[14:35:59.687] Bot13 rotated right to face NORTH
[14:35:59.687] Bot13 executed ROTATE_RIGHT
[14:35:59.687] Bot13 moved forward to (7,7)
[14:35:59.687] Bot13 executed MOVE_FORWARD
[14:35:59.687] Starting turn for Bot23
[14:35:59.687] Bot23 rotated left to face NORTH
[14:35:59.687] Bot23 executed ROTATE_LEFT
[14:35:59.687] Bot23 moved forward to (0,1)
[14:35:59.687] Bot23 executed MOVE_FORWARD
[14:35:59.687] Starting turn for Bot13
[14:35:59.687] Bot13 rotated left to face WEST
[14:35:59.687] Bot13 executed ROTATE_LEFT
[14:35:59.687] Bot13 moved forward to (7,6)
[14:35:59.687] Bot13 executed MOVE_FORWARD
[14:35:59.687] Starting turn for Bot23
[14:35:59.687] Bot23 rotated left to face WEST
[14:35:59.687] Bot23 executed ROTATE_LEFT
[14:35:59.687] Bot23 rotated left to face SOUTH
[14:35:59.687] Bot23 executed ROTATE_LEFT
[14:35:59.687] Bot23 moved forward to (1,1)
[14:35:59.687] Bot23 executed MOVE_FORWARD
[14:35:59.687] Starting turn for Bot13
[14:35:59.687] Bot13 rotated right to face NORTH
[14:35:59.687] Bot13 executed ROTATE_RIGHT
[14:35:59.687] Bot13 moved forward to (6,6)
[14:35:59.687] Bot13 executed MOVE_FORWARD
[14:35:59.687] Starting turn for Bot23
[14:35:59.687] Bot23 rotated left to face EAST
[14:35:59.687] Bot23 executed ROTATE_LEFT
[14:35:59.687] Starting turn for Bot13
[14:35:59.687] Bot13 rotated left to face WEST
[14:35:59.687] Bot13 executed ROTATE_LEFT
[14:35:59.687] Bot13 moved forward to (6,5)
[14:35:59.687] Bot13 executed MOVE_FORWARD
[14:35:59.687] Starting turn for Bot23
[14:35:59.687] Starting turn for Bot13
[14:35:59.687] Bot13 rotated right to face NORTH
[14:35:59.687] Bot13 executed ROTATE_RIGHT
[14:35:59.687] Bot13 moved forward to (5,5)
[14:35:59.687] Bot13 executed MOVE_FORWARD
[14:35:59.687] Starting turn for Bot23
[14:35:59.687] Bot23 rotated left to face NORTH
[14:35:59.687] Bot23 executed ROTATE_LEFT
[14:35:59.687] Bot23 moved forward to (0,1)
[14:35:59.687] Bot23 executed MOVE_FORWARD
[14:35:59.687] Starting turn for Bot13
[14:35:59.687] Starting turn for Bot23
[14:35:59.687] Bot23 rotated left to face WEST
[14:35:59.687] Bot23 executed ROTATE_LEFT
[14:35:59.687] Bot23 rotated left to face SOUTH
[14:35:59.687] Bot23 executed ROTATE_LEFT
[14:35:59.687] Bot23 moved forward to (1,1)
[14:35:59.687] Bot23 executed MOVE_FORWARD
[14:35:59.687] Starting turn for Bot13
[14:35:59.687] Starting turn for Bot23
[14:35:59.687] Bot23 rotated left to face EAST
[14:35:59.687] Bot23 executed ROTATE_LEFT
[14:35:59.687] Starting turn for Bot13
[14:35:59.687] Starting turn for Bot23
[14:35:59.687] Starting turn for Bot13
[14:35:59.687] Starting turn for Bot23
[14:35:59.687] Bot23 rotated left to face NORTH
[14:35:59.687] Bot23 executed ROTATE_LEFT
[14:35:59.687] Bot23 moved forward to (0,1)
[14:35:59.687] Bot23 executed MOVE_FORWARD
[14:35:59.687] Starting turn for Bot13
[14:35:59.687] Starting turn for Bot23
[14:35:59.687] Bot23 rotated left to face WEST
[14:35:59.687] Bot23 executed ROTATE_LEFT
[14:35:59.687] Bot23 rotated left to face SOUTH
[14:35:59.687] Bot23 executed ROTATE_LEFT
[14:35:59.687] Bot23 moved forward to (1,1)
[14:35:59.687] Bot23 executed MOVE_FORWARD
[14:35:59.687] Starting turn for Bot13
[14:35:59.687] Starting turn for Bot23
[14:35:59.687] Bot23 rotated left to face EAST
[14:35:59.687] Bot23 executed ROTATE_LEFT
[14:35:59.687] Starting turn for Bot13
[14:35:59.687] Starting turn for Bot23
[14:35:59.687] Starting turn for Bot13
[14:35:59.687] Starting turn for Bot23
[14:35:59.687] Bot23 rotated left to face NORTH
[14:35:59.687] Bot23 executed ROTATE_LEFT
[14:35:59.687] Bot23 moved forward to (0,1)
[14:35:59.687] Bot23 executed MOVE_FORWARD
[14:35:59.687] Starting turn for Bot13
[14:35:59.687] Starting turn for Bot23
[14:35:59.687] Bot23 rotated left to face WEST
[14:35:59.687] Bot23 executed ROTATE_LEFT
[14:35:59.687] Bot23 rotated left to face SOUTH
[14:35:59.687] Bot23 executed ROTATE_LEFT
[14:35:59.687] Bot23 moved forward to (1,1)
[14:35:59.687] Bot23 executed MOVE_FORWARD
[14:35:59.687] Starting turn for Bot13
[14:35:59.687] Starting turn for Bot23
[14:35:59.687] Bot23 rotated left to face EAST
[14:35:59.687] Bot23 executed ROTATE_LEFT
[14:35:59.687] Starting turn for Bot13
[14:35:59.687] Starting turn for Bot23
[14:35:59.687] Starting turn for Bot13
[14:35:59.687] Stalemate detected: State repeated 10 times, unchanged for 3 turns
[14:35:59.687] Game Over! Stalemate detected!
[14:35:59.687] Stalemate detected: State repeated 10 times, unchanged for 3 turns
