[14:36:02.522] === Game Started at 2025-02-04_14-36-02 ===
[14:36:02.522] Game initialized with 2 players
[14:36:02.522] Board size: 10
[14:36:02.522] Obstacle density: 0.05
[14:36:02.522] Max turns: 1000
[14:36:02.522] Player Bot30 starting at position (0,0) facing EAST
[14:36:02.522] Player Bot15 starting at position (9,9) facing WEST
[14:36:02.522] Obstacles at positions: (0,1) (2,8) (3,8) (5,7) (8,5)
[14:36:02.522] Starting turn for Bot30
[14:36:02.522] Starting turn for Bot15
[14:36:02.522] Bot15 moved forward to (9,8)
[14:36:02.522] Bot15 executed MOVE_FORWARD
[14:36:02.522] Starting turn for Bot30
[14:36:02.522] Starting turn for Bot15
[14:36:02.522] Bot15 rotated right to face NORTH
[14:36:02.522] Bot15 executed ROTATE_RIGHT
[14:36:02.522] Bot15 moved forward to (8,8)
[14:36:02.522] Bot15 executed MOVE_FORWARD
[14:36:02.522] Starting turn for Bot30
[14:36:02.522] Bot30 rotated right to face SOUTH
[14:36:02.522] Bot30 executed ROTATE_RIGHT
[14:36:02.522] Bot30 moved forward to (1,0)
[14:36:02.522] Bot30 executed MOVE_FORWARD
[14:36:02.522] Starting turn for Bot15
[14:36:02.522] Bot15 rotated left to face WEST
[14:36:02.522] Bot15 executed ROTATE_LEFT
[14:36:02.522] Bot15 moved forward to (8,7)
[14:36:02.522] Bot15 executed MOVE_FORWARD
[14:36:02.522] Starting turn for Bot30
[14:36:02.522] Bot30 rotated left to face EAST
[14:36:02.522] Bot30 executed ROTATE_LEFT
[14:36:02.522] Bot30 moved forward to (1,1)
[14:36:02.522] Bot30 executed MOVE_FORWARD
[14:36:02.522] Starting turn for Bot15
[14:36:02.522] Bot15 rotated right to face NORTH
[14:36:02.522] Bot15 executed ROTATE_RIGHT
[14:36:02.522] Bot15 moved forward to (7,7)
[14:36:02.522] Bot15 executed MOVE_FORWARD
[14:36:02.522] Starting turn for Bot30
[14:36:02.522] Bot30 moved forward to (1,2)
[14:36:02.522] Bot30 executed MOVE_FORWARD
[14:36:02.522] Starting turn for Bot15
[14:36:02.522] Bot15 rotated left to face WEST
[14:36:02.522] Bot15 executed ROTATE_LEFT
[14:36:02.522] Bot15 moved forward to (7,6)
[14:36:02.522] Bot15 executed MOVE_FORWARD
[14:36:02.522] Starting turn for Bot30
[14:36:02.522] Bot30 rotated right to face SOUTH
[14:36:02.522] Bot30 executed ROTATE_RIGHT
[14:36:02.522] Bot30 moved forward to (2,2)
[14:36:02.522] Bot30 executed MOVE_FORWARD
[14:36:02.522] Starting turn for Bot15
[14:36:02.522] Bot15 rotated right to face NORTH
[14:36:02.522] Bot15 executed ROTATE_RIGHT
[14:36:02.522] Bot15 moved forward to (6,6)
[14:36:02.522] Bot15 executed MOVE_FORWARD
[14:36:02.522] Starting turn for Bot30
[14:36:02.522] Bot30 rotated left to face EAST
[14:36:02.522] Bot30 executed ROTATE_LEFT
[14:36:02.522] Bot30 moved forward to (2,3)
[14:36:02.522] Bot30 executed MOVE_FORWARD
[14:36:02.522] Starting turn for Bot15
[14:36:02.522] Bot15 rotated left to face WEST
[14:36:02.522] Bot15 executed ROTATE_LEFT
[14:36:02.522] Bot15 moved forward to (6,5)
[14:36:02.522] Bot15 executed MOVE_FORWARD
[14:36:02.522] Starting turn for Bot30
[14:36:02.522] Bot30 rotated right to face SOUTH
[14:36:02.522] Bot30 executed ROTATE_RIGHT
[14:36:02.522] Bot30 moved forward to (3,3)
[14:36:02.522] Bot30 executed MOVE_FORWARD
[14:36:02.522] Starting turn for Bot15
[14:36:02.522] Bot15 rotated right to face NORTH
[14:36:02.522] Bot15 executed ROTATE_RIGHT
[14:36:02.522] Bot15 moved forward to (5,5)
[14:36:02.522] Bot15 executed MOVE_FORWARD
[14:36:02.522] Starting turn for Bot30
[14:36:02.522] Bot30 rotated left to face EAST
[14:36:02.522] Bot30 executed ROTATE_LEFT
[14:36:02.522] Bot30 moved forward to (3,4)
[14:36:02.522] Bot30 executed MOVE_FORWARD
[14:36:02.522] Starting turn for Bot15
[14:36:02.522] Starting turn for Bot30
[14:36:02.522] Bot30 rotated right to face SOUTH
[14:36:02.522] Bot30 executed ROTATE_RIGHT
[14:36:02.522] Bot30 moved forward to (4,4)
[14:36:02.522] Bot30 executed MOVE_FORWARD
[14:36:02.522] Starting turn for Bot15
[14:36:02.522] Starting turn for Bot30
[14:36:02.522] Bot30 rotated left to face EAST
[14:36:02.522] Bot30 executed ROTATE_LEFT
[14:36:02.522] Bot30 moved forward to (4,5)
[14:36:02.522] Bot30 executed MOVE_FORWARD
[14:36:02.522] Starting turn for Bot15
[14:36:02.522] Bot15 shooting in direction NORTH
[14:36:02.522] Bot15 hit Bot30 for 25 damage (health: 100 -> 75)
[14:36:02.522] Bot15 executed SHOOT
[14:36:02.522] Starting turn for Bot30
[14:36:02.522] Bot30 rotated right to face SOUTH
[14:36:02.522] Bot30 executed ROTATE_RIGHT
[14:36:02.522] Starting turn for Bot15
[14:36:02.522] Bot15 shooting in direction NORTH
[14:36:02.522] Bot15 hit Bot30 for 25 damage (health: 75 -> 50)
[14:36:02.522] Bot15 executed SHOOT
[14:36:02.522] Starting turn for Bot30
[14:36:02.522] Bot30 shooting in direction SOUTH
[14:36:02.522] Bot30 hit Bot15 for 25 damage (health: 100 -> 75)
[14:36:02.522] Bot30 executed SHOOT
[14:36:02.522] Starting turn for Bot15
[14:36:02.522] Bot15 shooting in direction NORTH
[14:36:02.522] Bot15 hit Bot30 for 25 damage (health: 50 -> 25)
[14:36:02.522] Bot15 executed SHOOT
[14:36:02.522] Starting turn for Bot30
[14:36:02.522] Bot30 shooting in direction SOUTH
[14:36:02.522] Bot30 hit Bot15 for 25 damage (health: 75 -> 50)
[14:36:02.522] Bot30 executed SHOOT
[14:36:02.522] Starting turn for Bot15
[14:36:02.522] Bot15 shooting in direction NORTH
[14:36:02.522] Bot15 hit Bot30 for 25 damage (health: 25 -> 0)
[14:36:02.522] Bot30 was destroyed!
[14:36:02.522] Bot15 is the last tank standing!
[14:36:02.522] Bot15 executed SHOOT
[14:36:02.522] Game Over! Bot15 wins!
[14:36:02.522] === Game Ended ===
