[14:36:08.834] === Game Started at 2025-02-04_14-36-08 ===
[14:36:08.834] Game initialized with 2 players
[14:36:08.834] Board size: 10
[14:36:08.834] Obstacle density: 0.05
[14:36:08.834] Max turns: 1000
[14:36:08.834] Player Bot26 starting at position (0,0) facing NORTH
[14:36:08.834] Player Bot22 starting at position (9,9) facing WEST
[14:36:08.834] Obstacles at positions: (2,2) (3,4) (4,1) (5,5) (6,1)
[14:36:08.834] Starting turn for Bot26
[14:36:08.834] Bot26 rotated right to face EAST
[14:36:08.834] Bot26 executed ROTATE_RIGHT
[14:36:08.834] Bot26 moved forward to (0,1)
[14:36:08.834] Bot26 executed MOVE_FORWARD
[14:36:08.834] Starting turn for Bot22
[14:36:08.834] Bot22 moved forward to (9,8)
[14:36:08.834] Bot22 executed MOVE_FORWARD
[14:36:08.834] Starting turn for Bot26
[14:36:08.834] Bot26 rotated right to face SOUTH
[14:36:08.834] Bot26 executed ROTATE_RIGHT
[14:36:08.834] Bot26 moved forward to (1,1)
[14:36:08.834] Bot26 executed MOVE_FORWARD
[14:36:08.834] Starting turn for Bot22
[14:36:08.834] Bot22 rotated right to face NORTH
[14:36:08.834] Bot22 executed ROTATE_RIGHT
[14:36:08.834] Bot22 moved forward to (8,8)
[14:36:08.834] Bot22 executed MOVE_FORWARD
[14:36:08.834] Starting turn for Bot26
[14:36:08.834] Bot26 rotated left to face EAST
[14:36:08.834] Bot26 executed ROTATE_LEFT
[14:36:08.834] Bot26 moved forward to (1,2)
[14:36:08.834] Bot26 executed MOVE_FORWARD
[14:36:08.834] Starting turn for Bot22
[14:36:08.834] Bot22 rotated left to face WEST
[14:36:08.834] Bot22 executed ROTATE_LEFT
[14:36:08.834] Bot22 moved forward to (8,7)
[14:36:08.834] Bot22 executed MOVE_FORWARD
[14:36:08.834] Starting turn for Bot26
[14:36:08.834] Bot26 rotated right to face SOUTH
[14:36:08.834] Bot26 executed ROTATE_RIGHT
[14:36:08.834] Starting turn for Bot22
[14:36:08.834] Bot22 rotated right to face NORTH
[14:36:08.834] Bot22 executed ROTATE_RIGHT
[14:36:08.834] Bot22 moved forward to (7,7)
[14:36:08.834] Bot22 executed MOVE_FORWARD
[14:36:08.834] Starting turn for Bot26
[14:36:08.834] Starting turn for Bot22
[14:36:08.834] Bot22 rotated left to face WEST
[14:36:08.834] Bot22 executed ROTATE_LEFT
[14:36:08.834] Bot22 moved forward to (7,6)
[14:36:08.834] Bot22 executed MOVE_FORWARD
[14:36:08.834] Starting turn for Bot26
[14:36:08.834] Bot26 rotated left to face EAST
[14:36:08.834] Bot26 executed ROTATE_LEFT
[14:36:08.834] Bot26 rotated left to face NORTH
[14:36:08.834] Bot26 executed ROTATE_LEFT
[14:36:08.834] Bot26 moved forward to (0,2)
[14:36:08.834] Bot26 executed MOVE_FORWARD
[14:36:08.834] Starting turn for Bot22
[14:36:08.834] Bot22 rotated right to face NORTH
[14:36:08.834] Bot22 executed ROTATE_RIGHT
[14:36:08.834] Bot22 moved forward to (6,6)
[14:36:08.834] Bot22 executed MOVE_FORWARD
[14:36:08.834] Starting turn for Bot26
[14:36:08.834] Bot26 rotated left to face WEST
[14:36:08.834] Bot26 executed ROTATE_LEFT
[14:36:08.834] Bot26 rotated left to face SOUTH
[14:36:08.834] Bot26 executed ROTATE_LEFT
[14:36:08.834] Bot26 moved forward to (1,2)
[14:36:08.834] Bot26 executed MOVE_FORWARD
[14:36:08.834] Starting turn for Bot22
[14:36:08.834] Bot22 rotated left to face WEST
[14:36:08.834] Bot22 executed ROTATE_LEFT
[14:36:08.834] Bot22 moved forward to (6,5)
[14:36:08.834] Bot22 executed MOVE_FORWARD
[14:36:08.834] Starting turn for Bot26
[14:36:08.834] Starting turn for Bot22
[14:36:08.834] Bot22 rotated right to face NORTH
[14:36:08.834] Bot22 executed ROTATE_RIGHT
[14:36:08.834] Starting turn for Bot26
[14:36:08.834] Starting turn for Bot22
[14:36:08.834] Starting turn for Bot26
[14:36:08.834] Bot26 rotated left to face EAST
[14:36:08.834] Bot26 executed ROTATE_LEFT
[14:36:08.834] Bot26 rotated left to face NORTH
[14:36:08.834] Bot26 executed ROTATE_LEFT
[14:36:08.834] Bot26 moved forward to (0,2)
[14:36:08.834] Bot26 executed MOVE_FORWARD
[14:36:08.834] Starting turn for Bot22
[14:36:08.834] Bot22 rotated right to face EAST
[14:36:08.834] Bot22 executed ROTATE_RIGHT
[14:36:08.834] Bot22 moved forward to (6,6)
[14:36:08.834] Bot22 executed MOVE_FORWARD
[14:36:08.834] Starting turn for Bot26
[14:36:08.834] Bot26 rotated left to face WEST
[14:36:08.834] Bot26 executed ROTATE_LEFT
[14:36:08.834] Bot26 rotated left to face SOUTH
[14:36:08.834] Bot26 executed ROTATE_LEFT
[14:36:08.834] Bot26 moved forward to (1,2)
[14:36:08.834] Bot26 executed MOVE_FORWARD
[14:36:08.834] Starting turn for Bot22
[14:36:08.834] Bot22 rotated left to face NORTH
[14:36:08.834] Bot22 executed ROTATE_LEFT
[14:36:08.834] Bot22 rotated left to face WEST
[14:36:08.834] Bot22 executed ROTATE_LEFT
[14:36:08.834] Bot22 moved forward to (6,5)
[14:36:08.834] Bot22 executed MOVE_FORWARD
[14:36:08.834] Starting turn for Bot26
[14:36:08.834] Starting turn for Bot22
[14:36:08.834] Bot22 rotated right to face NORTH
[14:36:08.834] Bot22 executed ROTATE_RIGHT
[14:36:08.834] Starting turn for Bot26
[14:36:08.834] Starting turn for Bot22
[14:36:08.834] Starting turn for Bot26
[14:36:08.834] Bot26 rotated left to face EAST
[14:36:08.834] Bot26 executed ROTATE_LEFT
[14:36:08.834] Bot26 rotated left to face NORTH
[14:36:08.834] Bot26 executed ROTATE_LEFT
[14:36:08.834] Bot26 moved forward to (0,2)
[14:36:08.834] Bot26 executed MOVE_FORWARD
[14:36:08.834] Starting turn for Bot22
[14:36:08.834] Bot22 rotated right to face EAST
[14:36:08.834] Bot22 executed ROTATE_RIGHT
[14:36:08.834] Bot22 moved forward to (6,6)
[14:36:08.834] Bot22 executed MOVE_FORWARD
[14:36:08.834] Starting turn for Bot26
[14:36:08.834] Bot26 rotated left to face WEST
[14:36:08.834] Bot26 executed ROTATE_LEFT
[14:36:08.834] Bot26 rotated left to face SOUTH
[14:36:08.834] Bot26 executed ROTATE_LEFT
[14:36:08.834] Bot26 moved forward to (1,2)
[14:36:08.834] Bot26 executed MOVE_FORWARD
[14:36:08.834] Starting turn for Bot22
[14:36:08.834] Bot22 rotated left to face NORTH
[14:36:08.834] Bot22 executed ROTATE_LEFT
[14:36:08.834] Bot22 rotated left to face WEST
[14:36:08.834] Bot22 executed ROTATE_LEFT
[14:36:08.834] Bot22 moved forward to (6,5)
[14:36:08.834] Bot22 executed MOVE_FORWARD
[14:36:08.834] Starting turn for Bot26
[14:36:08.834] Starting turn for Bot22
[14:36:08.834] Bot22 rotated right to face NORTH
[14:36:08.834] Bot22 executed ROTATE_RIGHT
[14:36:08.834] Starting turn for Bot26
[14:36:08.834] Starting turn for Bot22
[14:36:08.834] Starting turn for Bot26
[14:36:08.834] Bot26 rotated left to face EAST
[14:36:08.834] Bot26 executed ROTATE_LEFT
[14:36:08.834] Bot26 rotated left to face NORTH
[14:36:08.834] Bot26 executed ROTATE_LEFT
[14:36:08.834] Bot26 moved forward to (0,2)
[14:36:08.834] Bot26 executed MOVE_FORWARD
[14:36:08.834] Starting turn for Bot22
[14:36:08.834] Bot22 rotated right to face EAST
[14:36:08.834] Bot22 executed ROTATE_RIGHT
[14:36:08.834] Bot22 moved forward to (6,6)
[14:36:08.834] Bot22 executed MOVE_FORWARD
[14:36:08.834] Starting turn for Bot26
[14:36:08.834] Bot26 rotated left to face WEST
[14:36:08.834] Bot26 executed ROTATE_LEFT
[14:36:08.834] Bot26 rotated left to face SOUTH
[14:36:08.834] Bot26 executed ROTATE_LEFT
[14:36:08.834] Bot26 moved forward to (1,2)
[14:36:08.834] Bot26 executed MOVE_FORWARD
[14:36:08.834] Starting turn for Bot22
[14:36:08.834] Bot22 rotated left to face NORTH
[14:36:08.834] Bot22 executed ROTATE_LEFT
[14:36:08.834] Bot22 rotated left to face WEST
[14:36:08.834] Bot22 executed ROTATE_LEFT
[14:36:08.834] Bot22 moved forward to (6,5)
[14:36:08.834] Bot22 executed MOVE_FORWARD
[14:36:08.834] Starting turn for Bot26
[14:36:08.834] Starting turn for Bot22
[14:36:08.834] Bot22 rotated right to face NORTH
[14:36:08.834] Bot22 executed ROTATE_RIGHT
[14:36:08.834] Starting turn for Bot26
[14:36:08.834] Stalemate detected: State repeated 10 times, unchanged for 3 turns
[14:36:08.834] Game Over! Stalemate detected!
[14:36:08.834] Stalemate detected: State repeated 10 times, unchanged for 3 turns
