[14:35:57.833] === Game Started at 2025-02-04_14-35-57 ===
[14:35:57.833] Game initialized with 2 players
[14:35:57.833] Board size: 10
[14:35:57.833] Obstacle density: 0.05
[14:35:57.833] Max turns: 1000
[14:35:57.833] Player Bot11 starting at position (0,0) facing SOUTH
[14:35:57.833] Player Bot35 starting at position (9,9) facing EAST
[14:35:57.833] Obstacles at positions: (0,3) (1,2) (3,7) (5,1) (7,3)
[14:35:57.833] Starting turn for Bot11
[14:35:57.833] Bot11 rotated left to face EAST
[14:35:57.833] Bot11 executed ROTATE_LEFT
[14:35:57.833] Bot11 moved forward to (0,1)
[14:35:57.833] Bot11 executed MOVE_FORWARD
[14:35:57.833] Starting turn for Bot35
[14:35:57.833] Bot35 rotated left to face NORTH
[14:35:57.833] Bot35 executed ROTATE_LEFT
[14:35:57.833] Bot35 rotated left to face WEST
[14:35:57.833] Bot35 executed ROTATE_LEFT
[14:35:57.833] Bot35 moved forward to (9,8)
[14:35:57.833] Bot35 executed MOVE_FORWARD
[14:35:57.833] Starting turn for Bot11
[14:35:57.833] Bot11 rotated right to face SOUTH
[14:35:57.833] Bot11 executed ROTATE_RIGHT
[14:35:57.833] Bot11 moved forward to (1,1)
[14:35:57.833] Bot11 executed MOVE_FORWARD
[14:35:57.833] Starting turn for Bot35
[14:35:57.833] Bot35 rotated right to face NORTH
[14:35:57.833] Bot35 executed ROTATE_RIGHT
[14:35:57.833] Bot35 moved forward to (8,8)
[14:35:57.833] Bot35 executed MOVE_FORWARD
[14:35:57.833] Starting turn for Bot11
[14:35:57.833] Bot11 rotated left to face EAST
[14:35:57.833] Bot11 executed ROTATE_LEFT
[14:35:57.833] Starting turn for Bot35
[14:35:57.833] Bot35 rotated left to face WEST
[14:35:57.833] Bot35 executed ROTATE_LEFT
[14:35:57.833] Bot35 moved forward to (8,7)
[14:35:57.833] Bot35 executed MOVE_FORWARD
[14:35:57.833] Starting turn for Bot11
[14:35:57.833] Starting turn for Bot35
[14:35:57.833] Bot35 rotated right to face NORTH
[14:35:57.833] Bot35 executed ROTATE_RIGHT
[14:35:57.833] Bot35 moved forward to (7,7)
[14:35:57.833] Bot35 executed MOVE_FORWARD
[14:35:57.833] Starting turn for Bot11
[14:35:57.833] Bot11 rotated left to face NORTH
[14:35:57.833] Bot11 executed ROTATE_LEFT
[14:35:57.833] Bot11 moved forward to (0,1)
[14:35:57.833] Bot11 executed MOVE_FORWARD
[14:35:57.833] Starting turn for Bot35
[14:35:57.833] Bot35 rotated left to face WEST
[14:35:57.833] Bot35 executed ROTATE_LEFT
[14:35:57.833] Bot35 moved forward to (7,6)
[14:35:57.833] Bot35 executed MOVE_FORWARD
[14:35:57.833] Starting turn for Bot11
[14:35:57.833] Bot11 rotated left to face WEST
[14:35:57.833] Bot11 executed ROTATE_LEFT
[14:35:57.833] Bot11 rotated left to face SOUTH
[14:35:57.833] Bot11 executed ROTATE_LEFT
[14:35:57.833] Bot11 moved forward to (1,1)
[14:35:57.833] Bot11 executed MOVE_FORWARD
[14:35:57.833] Starting turn for Bot35
[14:35:57.833] Bot35 rotated right to face NORTH
[14:35:57.833] Bot35 executed ROTATE_RIGHT
[14:35:57.833] Bot35 moved forward to (6,6)
[14:35:57.833] Bot35 executed MOVE_FORWARD
[14:35:57.833] Starting turn for Bot11
[14:35:57.833] Bot11 rotated left to face EAST
[14:35:57.833] Bot11 executed ROTATE_LEFT
[14:35:57.833] Starting turn for Bot35
[14:35:57.833] Bot35 rotated left to face WEST
[14:35:57.833] Bot35 executed ROTATE_LEFT
[14:35:57.833] Bot35 moved forward to (6,5)
[14:35:57.833] Bot35 executed MOVE_FORWARD
[14:35:57.833] Starting turn for Bot11
[14:35:57.833] Starting turn for Bot35
[14:35:57.833] Bot35 rotated right to face NORTH
[14:35:57.833] Bot35 executed ROTATE_RIGHT
[14:35:57.833] Bot35 moved forward to (5,5)
[14:35:57.833] Bot35 executed MOVE_FORWARD
[14:35:57.833] Starting turn for Bot11
[14:35:57.833] Bot11 rotated left to face NORTH
[14:35:57.833] Bot11 executed ROTATE_LEFT
[14:35:57.833] Bot11 moved forward to (0,1)
[14:35:57.833] Bot11 executed MOVE_FORWARD
[14:35:57.833] Starting turn for Bot35
[14:35:57.833] Starting turn for Bot11
[14:35:57.833] Bot11 rotated left to face WEST
[14:35:57.833] Bot11 executed ROTATE_LEFT
[14:35:57.833] Bot11 rotated left to face SOUTH
[14:35:57.833] Bot11 executed ROTATE_LEFT
[14:35:57.833] Bot11 moved forward to (1,1)
[14:35:57.833] Bot11 executed MOVE_FORWARD
[14:35:57.833] Starting turn for Bot35
[14:35:57.833] Starting turn for Bot11
[14:35:57.833] Bot11 rotated left to face EAST
[14:35:57.833] Bot11 executed ROTATE_LEFT
[14:35:57.833] Starting turn for Bot35
[14:35:57.833] Starting turn for Bot11
[14:35:57.833] Starting turn for Bot35
[14:35:57.833] Starting turn for Bot11
[14:35:57.833] Bot11 rotated left to face NORTH
[14:35:57.833] Bot11 executed ROTATE_LEFT
[14:35:57.833] Bot11 moved forward to (0,1)
[14:35:57.833] Bot11 executed MOVE_FORWARD
[14:35:57.833] Starting turn for Bot35
[14:35:57.833] Starting turn for Bot11
[14:35:57.833] Bot11 rotated left to face WEST
[14:35:57.833] Bot11 executed ROTATE_LEFT
[14:35:57.833] Bot11 rotated left to face SOUTH
[14:35:57.833] Bot11 executed ROTATE_LEFT
[14:35:57.833] Bot11 moved forward to (1,1)
[14:35:57.833] Bot11 executed MOVE_FORWARD
[14:35:57.833] Starting turn for Bot35
[14:35:57.833] Starting turn for Bot11
[14:35:57.833] Bot11 rotated left to face EAST
[14:35:57.833] Bot11 executed ROTATE_LEFT
[14:35:57.833] Starting turn for Bot35
[14:35:57.833] Starting turn for Bot11
[14:35:57.833] Starting turn for Bot35
[14:35:57.833] Starting turn for Bot11
[14:35:57.833] Bot11 rotated left to face NORTH
[14:35:57.833] Bot11 executed ROTATE_LEFT
[14:35:57.833] Bot11 moved forward to (0,1)
[14:35:57.833] Bot11 executed MOVE_FORWARD
[14:35:57.833] Starting turn for Bot35
[14:35:57.833] Starting turn for Bot11
[14:35:57.833] Bot11 rotated left to face WEST
[14:35:57.833] Bot11 executed ROTATE_LEFT
[14:35:57.833] Bot11 rotated left to face SOUTH
[14:35:57.833] Bot11 executed ROTATE_LEFT
[14:35:57.833] Bot11 moved forward to (1,1)
[14:35:57.833] Bot11 executed MOVE_FORWARD
[14:35:57.833] Starting turn for Bot35
[14:35:57.833] Starting turn for Bot11
[14:35:57.833] Bot11 rotated left to face EAST
[14:35:57.833] Bot11 executed ROTATE_LEFT
[14:35:57.833] Starting turn for Bot35
[14:35:57.833] Starting turn for Bot11
[14:35:57.833] Starting turn for Bot35
[14:35:57.833] Stalemate detected: State repeated 10 times, unchanged for 3 turns
[14:35:57.833] Game Over! Stalemate detected!
[14:35:57.833] Stalemate detected: State repeated 10 times, unchanged for 3 turns
