[14:36:13.577] === Game Started at 2025-02-04_14-36-13 ===
[14:36:13.577] Game initialized with 2 players
[14:36:13.577] Board size: 10
[14:36:13.577] Obstacle density: 0.05
[14:36:13.577] Max turns: 1000
[14:36:13.577] Player Bot34 starting at position (0,0) facing EAST
[14:36:13.577] Player Bot29 starting at position (9,9) facing WEST
[14:36:13.577] Obstacles at positions: (0,1) (3,3) (3,4) (3,6) (8,7)
[14:36:13.577] Starting turn for Bot34
[14:36:13.577] Starting turn for Bot29
[14:36:13.577] Bot29 moved forward to (9,8)
[14:36:13.577] Bot29 executed MOVE_FORWARD
[14:36:13.577] Starting turn for Bot34
[14:36:13.577] Starting turn for Bot29
[14:36:13.577] Bot29 rotated right to face NORTH
[14:36:13.577] Bot29 executed ROTATE_RIGHT
[14:36:13.577] Bot29 moved forward to (8,8)
[14:36:13.577] Bot29 executed MOVE_FORWARD
[14:36:13.577] Starting turn for Bot34
[14:36:13.577] Bot34 rotated right to face SOUTH
[14:36:13.577] Bot34 executed ROTATE_RIGHT
[14:36:13.577] Bot34 moved forward to (1,0)
[14:36:13.577] Bot34 executed MOVE_FORWARD
[14:36:13.577] Starting turn for Bot29
[14:36:13.577] Bot29 rotated left to face WEST
[14:36:13.577] Bot29 executed ROTATE_LEFT
[14:36:13.577] Starting turn for Bot34
[14:36:13.577] Bot34 rotated left to face EAST
[14:36:13.577] Bot34 executed ROTATE_LEFT
[14:36:13.577] Bot34 moved forward to (1,1)
[14:36:13.577] Bot34 executed MOVE_FORWARD
[14:36:13.577] Starting turn for Bot29
[14:36:13.577] Starting turn for Bot34
[14:36:13.577] Bot34 moved forward to (1,2)
[14:36:13.577] Bot34 executed MOVE_FORWARD
[14:36:13.577] Starting turn for Bot29
[14:36:13.577] Bot29 rotated right to face NORTH
[14:36:13.577] Bot29 executed ROTATE_RIGHT
[14:36:13.577] Bot29 moved forward to (7,8)
[14:36:13.577] Bot29 executed MOVE_FORWARD
[14:36:13.577] Starting turn for Bot34
[14:36:13.577] Bot34 rotated right to face SOUTH
[14:36:13.577] Bot34 executed ROTATE_RIGHT
[14:36:13.577] Bot34 moved forward to (2,2)
[14:36:13.577] Bot34 executed MOVE_FORWARD
[14:36:13.577] Starting turn for Bot29
[14:36:13.577] Bot29 rotated left to face WEST
[14:36:13.577] Bot29 executed ROTATE_LEFT
[14:36:13.577] Bot29 moved forward to (7,7)
[14:36:13.577] Bot29 executed MOVE_FORWARD
[14:36:13.577] Starting turn for Bot34
[14:36:13.577] Bot34 rotated left to face EAST
[14:36:13.577] Bot34 executed ROTATE_LEFT
[14:36:13.577] Bot34 moved forward to (2,3)
[14:36:13.577] Bot34 executed MOVE_FORWARD
[14:36:13.577] Starting turn for Bot29
[14:36:13.577] Bot29 moved forward to (7,6)
[14:36:13.577] Bot29 executed MOVE_FORWARD
[14:36:13.577] Starting turn for Bot34
[14:36:13.577] Bot34 rotated right to face SOUTH
[14:36:13.577] Bot34 executed ROTATE_RIGHT
[14:36:13.577] Starting turn for Bot29
[14:36:13.577] Bot29 rotated right to face NORTH
[14:36:13.577] Bot29 executed ROTATE_RIGHT
[14:36:13.577] Bot29 moved forward to (6,6)
[14:36:13.577] Bot29 executed MOVE_FORWARD
[14:36:13.577] Starting turn for Bot34
[14:36:13.577] Starting turn for Bot29
[14:36:13.577] Bot29 rotated left to face WEST
[14:36:13.577] Bot29 executed ROTATE_LEFT
[14:36:13.577] Bot29 moved forward to (6,5)
[14:36:13.577] Bot29 executed MOVE_FORWARD
[14:36:13.577] Starting turn for Bot34
[14:36:13.577] Bot34 rotated left to face EAST
[14:36:13.577] Bot34 executed ROTATE_LEFT
[14:36:13.577] Bot34 rotated left to face NORTH
[14:36:13.577] Bot34 executed ROTATE_LEFT
[14:36:13.577] Bot34 moved forward to (1,3)
[14:36:13.577] Bot34 executed MOVE_FORWARD
[14:36:13.577] Starting turn for Bot29
[14:36:13.577] Bot29 rotated right to face NORTH
[14:36:13.577] Bot29 executed ROTATE_RIGHT
[14:36:13.577] Bot29 moved forward to (5,5)
[14:36:13.577] Bot29 executed MOVE_FORWARD
[14:36:13.577] Starting turn for Bot34
[14:36:13.577] Bot34 rotated left to face WEST
[14:36:13.577] Bot34 executed ROTATE_LEFT
[14:36:13.577] Bot34 rotated left to face SOUTH
[14:36:13.577] Bot34 executed ROTATE_LEFT
[14:36:13.577] Bot34 moved forward to (2,3)
[14:36:13.577] Bot34 executed MOVE_FORWARD
[14:36:13.577] Starting turn for Bot29
[14:36:13.578] Starting turn for Bot34
[14:36:13.578] Starting turn for Bot29
[14:36:13.578] Starting turn for Bot34
[14:36:13.578] Starting turn for Bot29
[14:36:13.578] Starting turn for Bot34
[14:36:13.578] Bot34 rotated left to face EAST
[14:36:13.578] Bot34 executed ROTATE_LEFT
[14:36:13.578] Bot34 rotated left to face NORTH
[14:36:13.578] Bot34 executed ROTATE_LEFT
[14:36:13.578] Bot34 moved forward to (1,3)
[14:36:13.578] Bot34 executed MOVE_FORWARD
[14:36:13.578] Starting turn for Bot29
[14:36:13.578] Starting turn for Bot34
[14:36:13.578] Bot34 rotated left to face WEST
[14:36:13.578] Bot34 executed ROTATE_LEFT
[14:36:13.578] Bot34 rotated left to face SOUTH
[14:36:13.578] Bot34 executed ROTATE_LEFT
[14:36:13.578] Bot34 moved forward to (2,3)
[14:36:13.578] Bot34 executed MOVE_FORWARD
[14:36:13.578] Starting turn for Bot29
[14:36:13.578] Starting turn for Bot34
[14:36:13.578] Starting turn for Bot29
[14:36:13.578] Starting turn for Bot34
[14:36:13.578] Starting turn for Bot29
[14:36:13.578] Starting turn for Bot34
[14:36:13.578] Bot34 rotated left to face EAST
[14:36:13.578] Bot34 executed ROTATE_LEFT
[14:36:13.578] Bot34 rotated left to face NORTH
[14:36:13.578] Bot34 executed ROTATE_LEFT
[14:36:13.578] Bot34 moved forward to (1,3)
[14:36:13.578] Bot34 executed MOVE_FORWARD
[14:36:13.578] Starting turn for Bot29
[14:36:13.578] Starting turn for Bot34
[14:36:13.578] Bot34 rotated left to face WEST
[14:36:13.578] Bot34 executed ROTATE_LEFT
[14:36:13.578] Bot34 rotated left to face SOUTH
[14:36:13.578] Bot34 executed ROTATE_LEFT
[14:36:13.578] Bot34 moved forward to (2,3)
[14:36:13.578] Bot34 executed MOVE_FORWARD
[14:36:13.578] Starting turn for Bot29
[14:36:13.578] Starting turn for Bot34
[14:36:13.578] Starting turn for Bot29
[14:36:13.578] Stalemate detected: State repeated 10 times, unchanged for 1 turns
[14:36:13.578] Game Over! Stalemate detected!
[14:36:13.578] Stalemate detected: State repeated 10 times, unchanged for 1 turns
