[14:35:55.470] === Game Started at 2025-02-04_14-35-55 ===
[14:35:55.470] Game initialized with 2 players
[14:35:55.470] Board size: 10
[14:35:55.470] Obstacle density: 0.05
[14:35:55.470] Max turns: 1000
[14:35:55.470] Player Bot9 starting at position (0,0) facing EAST
[14:35:55.470] Player Bot35 starting at position (9,9) facing WEST
[14:35:55.470] Obstacles at positions: (0,3) (4,7) (5,1) (6,6) (7,1)
[14:35:55.470] Starting turn for Bot9
[14:35:55.470] Bot9 moved forward to (0,1)
[14:35:55.470] Bot9 executed MOVE_FORWARD
[14:35:55.470] Starting turn for Bot35
[14:35:55.470] Bot35 moved forward to (9,8)
[14:35:55.470] Bot35 executed MOVE_FORWARD
[14:35:55.470] Starting turn for Bot9
[14:35:55.470] Bot9 rotated right to face SOUTH
[14:35:55.470] Bot9 executed ROTATE_RIGHT
[14:35:55.470] Bot9 moved forward to (1,1)
[14:35:55.470] Bot9 executed MOVE_FORWARD
[14:35:55.470] Starting turn for Bot35
[14:35:55.470] Bot35 rotated right to face NORTH
[14:35:55.470] Bot35 executed ROTATE_RIGHT
[14:35:55.470] Bot35 moved forward to (8,8)
[14:35:55.470] Bot35 executed MOVE_FORWARD
[14:35:55.470] Starting turn for Bot9
[14:35:55.470] Bot9 rotated left to face EAST
[14:35:55.470] Bot9 executed ROTATE_LEFT
[14:35:55.470] Bot9 moved forward to (1,2)
[14:35:55.470] Bot9 executed MOVE_FORWARD
[14:35:55.470] Starting turn for Bot35
[14:35:55.470] Bot35 rotated left to face WEST
[14:35:55.470] Bot35 executed ROTATE_LEFT
[14:35:55.470] Bot35 moved forward to (8,7)
[14:35:55.470] Bot35 executed MOVE_FORWARD
[14:35:55.470] Starting turn for Bot9
[14:35:55.470] Bot9 rotated right to face SOUTH
[14:35:55.470] Bot9 executed ROTATE_RIGHT
[14:35:55.470] Bot9 moved forward to (2,2)
[14:35:55.471] Bot9 executed MOVE_FORWARD
[14:35:55.471] Starting turn for Bot35
[14:35:55.471] Bot35 rotated right to face NORTH
[14:35:55.471] Bot35 executed ROTATE_RIGHT
[14:35:55.471] Bot35 moved forward to (7,7)
[14:35:55.471] Bot35 executed MOVE_FORWARD
[14:35:55.471] Starting turn for Bot9
[14:35:55.471] Bot9 rotated left to face EAST
[14:35:55.471] Bot9 executed ROTATE_LEFT
[14:35:55.471] Bot9 moved forward to (2,3)
[14:35:55.471] Bot9 executed MOVE_FORWARD
[14:35:55.471] Starting turn for Bot35
[14:35:55.471] Bot35 rotated left to face WEST
[14:35:55.471] Bot35 executed ROTATE_LEFT
[14:35:55.471] Bot35 moved forward to (7,6)
[14:35:55.471] Bot35 executed MOVE_FORWARD
[14:35:55.471] Starting turn for Bot9
[14:35:55.471] Bot9 rotated right to face SOUTH
[14:35:55.471] Bot9 executed ROTATE_RIGHT
[14:35:55.471] Bot9 moved forward to (3,3)
[14:35:55.471] Bot9 executed MOVE_FORWARD
[14:35:55.471] Starting turn for Bot35
[14:35:55.471] Bot35 rotated right to face NORTH
[14:35:55.471] Bot35 executed ROTATE_RIGHT
[14:35:55.471] Starting turn for Bot9
[14:35:55.471] Bot9 rotated left to face EAST
[14:35:55.471] Bot9 executed ROTATE_LEFT
[14:35:55.471] Bot9 moved forward to (3,4)
[14:35:55.471] Bot9 executed MOVE_FORWARD
[14:35:55.471] Starting turn for Bot35
[14:35:55.471] Starting turn for Bot9
[14:35:55.471] Bot9 rotated right to face SOUTH
[14:35:55.471] Bot9 executed ROTATE_RIGHT
[14:35:55.471] Bot9 moved forward to (4,4)
[14:35:55.471] Bot9 executed MOVE_FORWARD
[14:35:55.471] Starting turn for Bot35
[14:35:55.471] Bot35 rotated right to face EAST
[14:35:55.471] Bot35 executed ROTATE_RIGHT
[14:35:55.471] Bot35 moved forward to (7,7)
[14:35:55.471] Bot35 executed MOVE_FORWARD
[14:35:55.471] Starting turn for Bot9
[14:35:55.471] Bot9 rotated left to face EAST
[14:35:55.471] Bot9 executed ROTATE_LEFT
[14:35:55.471] Bot9 moved forward to (4,5)
[14:35:55.471] Bot9 executed MOVE_FORWARD
[14:35:55.471] Starting turn for Bot35
[14:35:55.471] Bot35 rotated left to face NORTH
[14:35:55.471] Bot35 executed ROTATE_LEFT
[14:35:55.471] Bot35 rotated left to face WEST
[14:35:55.471] Bot35 executed ROTATE_LEFT
[14:35:55.471] Bot35 moved forward to (7,6)
[14:35:55.471] Bot35 executed MOVE_FORWARD
[14:35:55.471] Starting turn for Bot9
[14:35:55.471] Bot9 rotated right to face SOUTH
[14:35:55.471] Bot9 executed ROTATE_RIGHT
[14:35:55.471] Bot9 moved forward to (5,5)
[14:35:55.471] Bot9 executed MOVE_FORWARD
[14:35:55.471] Starting turn for Bot35
[14:35:55.471] Bot35 rotated right to face NORTH
[14:35:55.471] Bot35 executed ROTATE_RIGHT
[14:35:55.471] Starting turn for Bot9
[14:35:55.471] Starting turn for Bot35
[14:35:55.471] Starting turn for Bot9
[14:35:55.471] Starting turn for Bot35
[14:35:55.471] Bot35 rotated right to face EAST
[14:35:55.471] Bot35 executed ROTATE_RIGHT
[14:35:55.471] Bot35 moved forward to (7,7)
[14:35:55.471] Bot35 executed MOVE_FORWARD
[14:35:55.471] Starting turn for Bot9
[14:35:55.471] Starting turn for Bot35
[14:35:55.471] Bot35 rotated left to face NORTH
[14:35:55.471] Bot35 executed ROTATE_LEFT
[14:35:55.471] Bot35 rotated left to face WEST
[14:35:55.471] Bot35 executed ROTATE_LEFT
[14:35:55.471] Bot35 moved forward to (7,6)
[14:35:55.471] Bot35 executed MOVE_FORWARD
[14:35:55.471] Starting turn for Bot9
[14:35:55.471] Starting turn for Bot35
[14:35:55.471] Bot35 rotated right to face NORTH
[14:35:55.471] Bot35 executed ROTATE_RIGHT
[14:35:55.471] Starting turn for Bot9
[14:35:55.471] Starting turn for Bot35
[14:35:55.471] Starting turn for Bot9
[14:35:55.471] Starting turn for Bot35
[14:35:55.471] Bot35 rotated right to face EAST
[14:35:55.471] Bot35 executed ROTATE_RIGHT
[14:35:55.471] Bot35 moved forward to (7,7)
[14:35:55.471] Bot35 executed MOVE_FORWARD
[14:35:55.471] Starting turn for Bot9
[14:35:55.471] Starting turn for Bot35
[14:35:55.471] Bot35 rotated left to face NORTH
[14:35:55.471] Bot35 executed ROTATE_LEFT
[14:35:55.471] Bot35 rotated left to face WEST
[14:35:55.471] Bot35 executed ROTATE_LEFT
[14:35:55.471] Bot35 moved forward to (7,6)
[14:35:55.471] Bot35 executed MOVE_FORWARD
[14:35:55.471] Starting turn for Bot9
[14:35:55.471] Starting turn for Bot35
[14:35:55.471] Bot35 rotated right to face NORTH
[14:35:55.471] Bot35 executed ROTATE_RIGHT
[14:35:55.471] Starting turn for Bot9
[14:35:55.471] Starting turn for Bot35
[14:35:55.471] Starting turn for Bot9
[14:35:55.471] Starting turn for Bot35
[14:35:55.471] Stalemate detected: State repeated 10 times, unchanged for 2 turns
[14:35:55.471] Game Over! Stalemate detected!
[14:35:55.471] Stalemate detected: State repeated 10 times, unchanged for 2 turns
