[14:35:52.238] === Game Started at 2025-02-04_14-35-52 ===
[14:35:52.239] Game initialized with 2 players
[14:35:52.239] Board size: 10
[14:35:52.239] Obstacle density: 0.05
[14:35:52.239] Max turns: 1000
[14:35:52.239] Player Bot34 starting at position (0,0) facing SOUTH
[14:35:52.239] Player Bot7 starting at position (9,9) facing NORTH
[14:35:52.239] Obstacles at positions: (0,1) (1,4) (3,0) (3,8) (9,6)
[14:35:52.239] Starting turn for Bot34
[14:35:52.239] Bot34 rotated left to face EAST
[14:35:52.239] Bot34 executed ROTATE_LEFT
[14:35:52.239] Starting turn for Bot7
[14:35:52.239] Bot7 rotated left to face WEST
[14:35:52.239] Bot7 executed ROTATE_LEFT
[14:35:52.239] Bot7 moved forward to (9,8)
[14:35:52.239] Bot7 executed MOVE_FORWARD
[14:35:52.239] Starting turn for Bot34
[14:35:52.239] Starting turn for Bot7
[14:35:52.239] Bot7 rotated right to face NORTH
[14:35:52.239] Bot7 executed ROTATE_RIGHT
[14:35:52.239] Bot7 moved forward to (8,8)
[14:35:52.239] Bot7 executed MOVE_FORWARD
[14:35:52.239] Starting turn for Bot34
[14:35:52.239] Bot34 rotated right to face SOUTH
[14:35:52.239] Bot34 executed ROTATE_RIGHT
[14:35:52.239] Bot34 moved forward to (1,0)
[14:35:52.239] Bot34 executed MOVE_FORWARD
[14:35:52.239] Starting turn for Bot7
[14:35:52.239] Bot7 rotated left to face WEST
[14:35:52.239] Bot7 executed ROTATE_LEFT
[14:35:52.239] Bot7 moved forward to (8,7)
[14:35:52.239] Bot7 executed MOVE_FORWARD
[14:35:52.239] Starting turn for Bot34
[14:35:52.239] Bot34 rotated left to face EAST
[14:35:52.239] Bot34 executed ROTATE_LEFT
[14:35:52.239] Bot34 moved forward to (1,1)
[14:35:52.239] Bot34 executed MOVE_FORWARD
[14:35:52.239] Starting turn for Bot7
[14:35:52.239] Bot7 rotated right to face NORTH
[14:35:52.239] Bot7 executed ROTATE_RIGHT
[14:35:52.239] Bot7 moved forward to (7,7)
[14:35:52.239] Bot7 executed MOVE_FORWARD
[14:35:52.239] Starting turn for Bot34
[14:35:52.239] Bot34 moved forward to (1,2)
[14:35:52.239] Bot34 executed MOVE_FORWARD
[14:35:52.239] Starting turn for Bot7
[14:35:52.239] Bot7 rotated left to face WEST
[14:35:52.239] Bot7 executed ROTATE_LEFT
[14:35:52.239] Bot7 moved forward to (7,6)
[14:35:52.239] Bot7 executed MOVE_FORWARD
[14:35:52.239] Starting turn for Bot34
[14:35:52.239] Bot34 rotated right to face SOUTH
[14:35:52.239] Bot34 executed ROTATE_RIGHT
[14:35:52.239] Bot34 moved forward to (2,2)
[14:35:52.239] Bot34 executed MOVE_FORWARD
[14:35:52.239] Starting turn for Bot7
[14:35:52.239] Bot7 rotated right to face NORTH
[14:35:52.239] Bot7 executed ROTATE_RIGHT
[14:35:52.239] Bot7 moved forward to (6,6)
[14:35:52.239] Bot7 executed MOVE_FORWARD
[14:35:52.239] Starting turn for Bot34
[14:35:52.239] Bot34 rotated left to face EAST
[14:35:52.239] Bot34 executed ROTATE_LEFT
[14:35:52.239] Bot34 moved forward to (2,3)
[14:35:52.239] Bot34 executed MOVE_FORWARD
[14:35:52.239] Starting turn for Bot7
[14:35:52.239] Bot7 rotated left to face WEST
[14:35:52.239] Bot7 executed ROTATE_LEFT
[14:35:52.239] Bot7 moved forward to (6,5)
[14:35:52.239] Bot7 executed MOVE_FORWARD
[14:35:52.239] Starting turn for Bot34
[14:35:52.239] Bot34 rotated right to face SOUTH
[14:35:52.239] Bot34 executed ROTATE_RIGHT
[14:35:52.239] Bot34 moved forward to (3,3)
[14:35:52.239] Bot34 executed MOVE_FORWARD
[14:35:52.239] Starting turn for Bot7
[14:35:52.239] Bot7 rotated right to face NORTH
[14:35:52.239] Bot7 executed ROTATE_RIGHT
[14:35:52.239] Bot7 moved forward to (5,5)
[14:35:52.239] Bot7 executed MOVE_FORWARD
[14:35:52.239] Starting turn for Bot34
[14:35:52.239] Bot34 rotated left to face EAST
[14:35:52.239] Bot34 executed ROTATE_LEFT
[14:35:52.239] Bot34 moved forward to (3,4)
[14:35:52.239] Bot34 executed MOVE_FORWARD
[14:35:52.239] Starting turn for Bot7
[14:35:52.239] Starting turn for Bot34
[14:35:52.239] Bot34 rotated right to face SOUTH
[14:35:52.239] Bot34 executed ROTATE_RIGHT
[14:35:52.239] Bot34 moved forward to (4,4)
[14:35:52.239] Bot34 executed MOVE_FORWARD
[14:35:52.239] Starting turn for Bot7
[14:35:52.239] Starting turn for Bot34
[14:35:52.239] Bot34 rotated left to face EAST
[14:35:52.239] Bot34 executed ROTATE_LEFT
[14:35:52.239] Bot34 moved forward to (4,5)
[14:35:52.239] Bot34 executed MOVE_FORWARD
[14:35:52.239] Starting turn for Bot7
[14:35:52.239] Bot7 shooting in direction NORTH
[14:35:52.239] Bot7 hit Bot34 for 25 damage (health: 100 -> 75)
[14:35:52.239] Bot7 executed SHOOT
[14:35:52.239] Starting turn for Bot34
[14:35:52.239] Bot34 rotated right to face SOUTH
[14:35:52.239] Bot34 executed ROTATE_RIGHT
[14:35:52.239] Starting turn for Bot7
[14:35:52.239] Bot7 shooting in direction NORTH
[14:35:52.239] Bot7 hit Bot34 for 25 damage (health: 75 -> 50)
[14:35:52.239] Bot7 executed SHOOT
[14:35:52.239] Starting turn for Bot34
[14:35:52.239] Bot34 shooting in direction SOUTH
[14:35:52.239] Bot34 hit Bot7 for 25 damage (health: 100 -> 75)
[14:35:52.239] Bot34 executed SHOOT
[14:35:52.239] Starting turn for Bot7
[14:35:52.239] Bot7 shooting in direction NORTH
[14:35:52.239] Bot7 hit Bot34 for 25 damage (health: 50 -> 25)
[14:35:52.239] Bot7 executed SHOOT
[14:35:52.239] Starting turn for Bot34
[14:35:52.239] Bot34 shooting in direction SOUTH
[14:35:52.239] Bot34 hit Bot7 for 25 damage (health: 75 -> 50)
[14:35:52.239] Bot34 executed SHOOT
[14:35:52.239] Starting turn for Bot7
[14:35:52.239] Bot7 shooting in direction NORTH
[14:35:52.239] Bot7 hit Bot34 for 25 damage (health: 25 -> 0)
[14:35:52.239] Bot34 was destroyed!
[14:35:52.239] Bot7 is the last tank standing!
[14:35:52.239] Bot7 executed SHOOT
[14:35:52.239] Game Over! Bot7 wins!
[14:35:52.239] === Game Ended ===
