[14:36:05.635] === Game Started at 2025-02-04_14-36-05 ===
[14:36:05.635] Game initialized with 2 players
[14:36:05.635] Board size: 10
[14:36:05.635] Obstacle density: 0.05
[14:36:05.635] Max turns: 1000
[14:36:05.635] Player Bot27 starting at position (0,0) facing SOUTH
[14:36:05.635] Player Bot18 starting at position (9,9) facing NORTH
[14:36:05.635] Obstacles at positions: (0,2) (1,1) (2,3) (2,8) (7,6)
[14:36:05.635] Starting turn for Bot27
[14:36:05.635] Bot27 rotated left to face EAST
[14:36:05.635] Bot27 executed ROTATE_LEFT
[14:36:05.635] Bot27 moved forward to (0,1)
[14:36:05.635] Bot27 executed MOVE_FORWARD
[14:36:05.635] Starting turn for Bot18
[14:36:05.635] Bot18 rotated left to face WEST
[14:36:05.635] Bot18 executed ROTATE_LEFT
[14:36:05.635] Bot18 moved forward to (9,8)
[14:36:05.635] Bot18 executed MOVE_FORWARD
[14:36:05.635] Starting turn for Bot27
[14:36:05.635] Bot27 rotated right to face SOUTH
[14:36:05.635] Bot27 executed ROTATE_RIGHT
[14:36:05.635] Starting turn for Bot18
[14:36:05.635] Bot18 rotated right to face NORTH
[14:36:05.635] Bot18 executed ROTATE_RIGHT
[14:36:05.635] Bot18 moved forward to (8,8)
[14:36:05.635] Bot18 executed MOVE_FORWARD
[14:36:05.635] Starting turn for Bot27
[14:36:05.635] Starting turn for Bot18
[14:36:05.635] Bot18 rotated left to face WEST
[14:36:05.635] Bot18 executed ROTATE_LEFT
[14:36:05.635] Bot18 moved forward to (8,7)
[14:36:05.635] Bot18 executed MOVE_FORWARD
[14:36:05.635] Starting turn for Bot27
[14:36:05.635] Bot27 rotated right to face WEST
[14:36:05.635] Bot27 executed ROTATE_RIGHT
[14:36:05.635] Bot27 moved forward to (0,0)
[14:36:05.635] Bot27 executed MOVE_FORWARD
[14:36:05.635] Starting turn for Bot18
[14:36:05.635] Bot18 rotated right to face NORTH
[14:36:05.635] Bot18 executed ROTATE_RIGHT
[14:36:05.635] Bot18 moved forward to (7,7)
[14:36:05.635] Bot18 executed MOVE_FORWARD
[14:36:05.635] Starting turn for Bot27
[14:36:05.635] Bot27 rotated left to face SOUTH
[14:36:05.635] Bot27 executed ROTATE_LEFT
[14:36:05.635] Bot27 rotated left to face EAST
[14:36:05.635] Bot27 executed ROTATE_LEFT
[14:36:05.635] Bot27 moved forward to (0,1)
[14:36:05.635] Bot27 executed MOVE_FORWARD
[14:36:05.635] Starting turn for Bot18
[14:36:05.635] Bot18 rotated left to face WEST
[14:36:05.635] Bot18 executed ROTATE_LEFT
[14:36:05.635] Starting turn for Bot27
[14:36:05.635] Bot27 rotated right to face SOUTH
[14:36:05.635] Bot27 executed ROTATE_RIGHT
[14:36:05.635] Starting turn for Bot18
[14:36:05.635] Starting turn for Bot27
[14:36:05.635] Starting turn for Bot18
[14:36:05.635] Bot18 rotated right to face NORTH
[14:36:05.635] Bot18 executed ROTATE_RIGHT
[14:36:05.635] Bot18 moved forward to (6,7)
[14:36:05.635] Bot18 executed MOVE_FORWARD
[14:36:05.635] Starting turn for Bot27
[14:36:05.635] Bot27 rotated right to face WEST
[14:36:05.635] Bot27 executed ROTATE_RIGHT
[14:36:05.635] Bot27 moved forward to (0,0)
[14:36:05.635] Bot27 executed MOVE_FORWARD
[14:36:05.635] Starting turn for Bot18
[14:36:05.635] Bot18 rotated left to face WEST
[14:36:05.635] Bot18 executed ROTATE_LEFT
[14:36:05.635] Bot18 moved forward to (6,6)
[14:36:05.635] Bot18 executed MOVE_FORWARD
[14:36:05.635] Starting turn for Bot27
[14:36:05.635] Bot27 rotated left to face SOUTH
[14:36:05.635] Bot27 executed ROTATE_LEFT
[14:36:05.635] Bot27 rotated left to face EAST
[14:36:05.635] Bot27 executed ROTATE_LEFT
[14:36:05.635] Bot27 moved forward to (0,1)
[14:36:05.635] Bot27 executed MOVE_FORWARD
[14:36:05.635] Starting turn for Bot18
[14:36:05.635] Bot18 moved forward to (6,5)
[14:36:05.635] Bot18 executed MOVE_FORWARD
[14:36:05.635] Starting turn for Bot27
[14:36:05.635] Bot27 rotated right to face SOUTH
[14:36:05.635] Bot27 executed ROTATE_RIGHT
[14:36:05.635] Starting turn for Bot18
[14:36:05.635] Bot18 rotated right to face NORTH
[14:36:05.635] Bot18 executed ROTATE_RIGHT
[14:36:05.635] Bot18 moved forward to (5,5)
[14:36:05.635] Bot18 executed MOVE_FORWARD
[14:36:05.635] Starting turn for Bot27
[14:36:05.635] Starting turn for Bot18
[14:36:05.635] Starting turn for Bot27
[14:36:05.635] Bot27 rotated right to face WEST
[14:36:05.635] Bot27 executed ROTATE_RIGHT
[14:36:05.635] Bot27 moved forward to (0,0)
[14:36:05.635] Bot27 executed MOVE_FORWARD
[14:36:05.635] Starting turn for Bot18
[14:36:05.635] Starting turn for Bot27
[14:36:05.635] Bot27 rotated left to face SOUTH
[14:36:05.635] Bot27 executed ROTATE_LEFT
[14:36:05.635] Bot27 rotated left to face EAST
[14:36:05.635] Bot27 executed ROTATE_LEFT
[14:36:05.635] Bot27 moved forward to (0,1)
[14:36:05.635] Bot27 executed MOVE_FORWARD
[14:36:05.635] Starting turn for Bot18
[14:36:05.635] Starting turn for Bot27
[14:36:05.635] Bot27 rotated right to face SOUTH
[14:36:05.635] Bot27 executed ROTATE_RIGHT
[14:36:05.635] Starting turn for Bot18
[14:36:05.635] Starting turn for Bot27
[14:36:05.635] Starting turn for Bot18
[14:36:05.635] Starting turn for Bot27
[14:36:05.635] Bot27 rotated right to face WEST
[14:36:05.635] Bot27 executed ROTATE_RIGHT
[14:36:05.635] Bot27 moved forward to (0,0)
[14:36:05.635] Bot27 executed MOVE_FORWARD
[14:36:05.635] Starting turn for Bot18
[14:36:05.635] Starting turn for Bot27
[14:36:05.635] Bot27 rotated left to face SOUTH
[14:36:05.635] Bot27 executed ROTATE_LEFT
[14:36:05.635] Bot27 rotated left to face EAST
[14:36:05.635] Bot27 executed ROTATE_LEFT
[14:36:05.635] Bot27 moved forward to (0,1)
[14:36:05.635] Bot27 executed MOVE_FORWARD
[14:36:05.635] Starting turn for Bot18
[14:36:05.635] Starting turn for Bot27
[14:36:05.635] Bot27 rotated right to face SOUTH
[14:36:05.635] Bot27 executed ROTATE_RIGHT
[14:36:05.635] Starting turn for Bot18
[14:36:05.635] Starting turn for Bot27
[14:36:05.635] Starting turn for Bot18
[14:36:05.635] Starting turn for Bot27
[14:36:05.635] Bot27 rotated right to face WEST
[14:36:05.635] Bot27 executed ROTATE_RIGHT
[14:36:05.635] Bot27 moved forward to (0,0)
[14:36:05.635] Bot27 executed MOVE_FORWARD
[14:36:05.635] Starting turn for Bot18
[14:36:05.635] Starting turn for Bot27
[14:36:05.635] Bot27 rotated left to face SOUTH
[14:36:05.635] Bot27 executed ROTATE_LEFT
[14:36:05.635] Bot27 rotated left to face EAST
[14:36:05.635] Bot27 executed ROTATE_LEFT
[14:36:05.635] Bot27 moved forward to (0,1)
[14:36:05.635] Bot27 executed MOVE_FORWARD
[14:36:05.635] Starting turn for Bot18
[14:36:05.635] Starting turn for Bot27
[14:36:05.635] Bot27 rotated right to face SOUTH
[14:36:05.635] Bot27 executed ROTATE_RIGHT
[14:36:05.635] Starting turn for Bot18
[14:36:05.635] Stalemate detected: State repeated 10 times, unchanged for 1 turns
[14:36:05.635] Game Over! Stalemate detected!
[14:36:05.635] Stalemate detected: State repeated 10 times, unchanged for 1 turns
