[14:35:58.028] === Game Started at 2025-02-04_14-35-58 ===
[14:35:58.028] Game initialized with 2 players
[14:35:58.028] Board size: 10
[14:35:58.028] Obstacle density: 0.05
[14:35:58.028] Max turns: 1000
[14:35:58.028] Player Bot39 starting at position (0,0) facing WEST
[14:35:58.028] Player Bot11 starting at position (9,9) facing EAST
[14:35:58.028] Obstacles at positions: (1,6) (3,3) (4,0) (6,2) (6,6)
[14:35:58.028] Starting turn for Bot39
[14:35:58.028] Bot39 rotated left to face SOUTH
[14:35:58.028] Bot39 executed ROTATE_LEFT
[14:35:58.028] Bot39 rotated left to face EAST
[14:35:58.028] Bot39 executed ROTATE_LEFT
[14:35:58.028] Bot39 moved forward to (0,1)
[14:35:58.028] Bot39 executed MOVE_FORWARD
[14:35:58.028] Starting turn for Bot11
[14:35:58.028] Bot11 rotated left to face NORTH
[14:35:58.028] Bot11 executed ROTATE_LEFT
[14:35:58.028] Bot11 rotated left to face WEST
[14:35:58.028] Bot11 executed ROTATE_LEFT
[14:35:58.028] Bot11 moved forward to (9,8)
[14:35:58.028] Bot11 executed MOVE_FORWARD
[14:35:58.028] Starting turn for Bot39
[14:35:58.028] Bot39 rotated right to face SOUTH
[14:35:58.028] Bot39 executed ROTATE_RIGHT
[14:35:58.028] Bot39 moved forward to (1,1)
[14:35:58.028] Bot39 executed MOVE_FORWARD
[14:35:58.028] Starting turn for Bot11
[14:35:58.028] Bot11 rotated right to face NORTH
[14:35:58.028] Bot11 executed ROTATE_RIGHT
[14:35:58.028] Bot11 moved forward to (8,8)
[14:35:58.028] Bot11 executed MOVE_FORWARD
[14:35:58.028] Starting turn for Bot39
[14:35:58.028] Bot39 rotated left to face EAST
[14:35:58.028] Bot39 executed ROTATE_LEFT
[14:35:58.028] Bot39 moved forward to (1,2)
[14:35:58.028] Bot39 executed MOVE_FORWARD
[14:35:58.028] Starting turn for Bot11
[14:35:58.028] Bot11 rotated left to face WEST
[14:35:58.028] Bot11 executed ROTATE_LEFT
[14:35:58.028] Bot11 moved forward to (8,7)
[14:35:58.028] Bot11 executed MOVE_FORWARD
[14:35:58.028] Starting turn for Bot39
[14:35:58.028] Bot39 rotated right to face SOUTH
[14:35:58.028] Bot39 executed ROTATE_RIGHT
[14:35:58.028] Bot39 moved forward to (2,2)
[14:35:58.028] Bot39 executed MOVE_FORWARD
[14:35:58.028] Starting turn for Bot11
[14:35:58.028] Bot11 rotated right to face NORTH
[14:35:58.028] Bot11 executed ROTATE_RIGHT
[14:35:58.028] Bot11 moved forward to (7,7)
[14:35:58.028] Bot11 executed MOVE_FORWARD
[14:35:58.028] Starting turn for Bot39
[14:35:58.028] Bot39 rotated left to face EAST
[14:35:58.028] Bot39 executed ROTATE_LEFT
[14:35:58.028] Bot39 moved forward to (2,3)
[14:35:58.028] Bot39 executed MOVE_FORWARD
[14:35:58.028] Starting turn for Bot11
[14:35:58.028] Bot11 rotated left to face WEST
[14:35:58.028] Bot11 executed ROTATE_LEFT
[14:35:58.028] Bot11 moved forward to (7,6)
[14:35:58.028] Bot11 executed MOVE_FORWARD
[14:35:58.028] Starting turn for Bot39
[14:35:58.028] Bot39 rotated right to face SOUTH
[14:35:58.028] Bot39 executed ROTATE_RIGHT
[14:35:58.028] Starting turn for Bot11
[14:35:58.028] Bot11 rotated right to face NORTH
[14:35:58.028] Bot11 executed ROTATE_RIGHT
[14:35:58.028] Starting turn for Bot39
[14:35:58.028] Starting turn for Bot11
[14:35:58.028] Starting turn for Bot39
[14:35:58.028] Bot39 rotated left to face EAST
[14:35:58.028] Bot39 executed ROTATE_LEFT
[14:35:58.028] Bot39 rotated left to face NORTH
[14:35:58.028] Bot39 executed ROTATE_LEFT
[14:35:58.028] Bot39 moved forward to (1,3)
[14:35:58.028] Bot39 executed MOVE_FORWARD
[14:35:58.028] Starting turn for Bot11
[14:35:58.028] Bot11 rotated right to face EAST
[14:35:58.028] Bot11 executed ROTATE_RIGHT
[14:35:58.028] Bot11 moved forward to (7,7)
[14:35:58.028] Bot11 executed MOVE_FORWARD
[14:35:58.028] Starting turn for Bot39
[14:35:58.028] Bot39 rotated left to face WEST
[14:35:58.028] Bot39 executed ROTATE_LEFT
[14:35:58.028] Bot39 rotated left to face SOUTH
[14:35:58.028] Bot39 executed ROTATE_LEFT
[14:35:58.028] Bot39 moved forward to (2,3)
[14:35:58.028] Bot39 executed MOVE_FORWARD
[14:35:58.028] Starting turn for Bot11
[14:35:58.028] Bot11 rotated left to face NORTH
[14:35:58.028] Bot11 executed ROTATE_LEFT
[14:35:58.028] Bot11 rotated left to face WEST
[14:35:58.028] Bot11 executed ROTATE_LEFT
[14:35:58.028] Bot11 moved forward to (7,6)
[14:35:58.028] Bot11 executed MOVE_FORWARD
[14:35:58.029] Starting turn for Bot39
[14:35:58.029] Starting turn for Bot11
[14:35:58.029] Bot11 rotated right to face NORTH
[14:35:58.029] Bot11 executed ROTATE_RIGHT
[14:35:58.029] Starting turn for Bot39
[14:35:58.029] Starting turn for Bot11
[14:35:58.029] Starting turn for Bot39
[14:35:58.029] Bot39 rotated left to face EAST
[14:35:58.029] Bot39 executed ROTATE_LEFT
[14:35:58.029] Bot39 rotated left to face NORTH
[14:35:58.029] Bot39 executed ROTATE_LEFT
[14:35:58.029] Bot39 moved forward to (1,3)
[14:35:58.029] Bot39 executed MOVE_FORWARD
[14:35:58.029] Starting turn for Bot11
[14:35:58.029] Bot11 rotated right to face EAST
[14:35:58.029] Bot11 executed ROTATE_RIGHT
[14:35:58.029] Bot11 moved forward to (7,7)
[14:35:58.029] Bot11 executed MOVE_FORWARD
[14:35:58.029] Starting turn for Bot39
[14:35:58.029] Bot39 rotated left to face WEST
[14:35:58.029] Bot39 executed ROTATE_LEFT
[14:35:58.029] Bot39 rotated left to face SOUTH
[14:35:58.029] Bot39 executed ROTATE_LEFT
[14:35:58.029] Bot39 moved forward to (2,3)
[14:35:58.029] Bot39 executed MOVE_FORWARD
[14:35:58.029] Starting turn for Bot11
[14:35:58.029] Bot11 rotated left to face NORTH
[14:35:58.029] Bot11 executed ROTATE_LEFT
[14:35:58.029] Bot11 rotated left to face WEST
[14:35:58.029] Bot11 executed ROTATE_LEFT
[14:35:58.029] Bot11 moved forward to (7,6)
[14:35:58.029] Bot11 executed MOVE_FORWARD
[14:35:58.029] Starting turn for Bot39
[14:35:58.029] Starting turn for Bot11
[14:35:58.029] Bot11 rotated right to face NORTH
[14:35:58.029] Bot11 executed ROTATE_RIGHT
[14:35:58.029] Starting turn for Bot39
[14:35:58.029] Starting turn for Bot11
[14:35:58.029] Starting turn for Bot39
[14:35:58.029] Bot39 rotated left to face EAST
[14:35:58.029] Bot39 executed ROTATE_LEFT
[14:35:58.029] Bot39 rotated left to face NORTH
[14:35:58.029] Bot39 executed ROTATE_LEFT
[14:35:58.029] Bot39 moved forward to (1,3)
[14:35:58.029] Bot39 executed MOVE_FORWARD
[14:35:58.029] Starting turn for Bot11
[14:35:58.029] Bot11 rotated right to face EAST
[14:35:58.029] Bot11 executed ROTATE_RIGHT
[14:35:58.029] Bot11 moved forward to (7,7)
[14:35:58.029] Bot11 executed MOVE_FORWARD
[14:35:58.029] Starting turn for Bot39
[14:35:58.029] Bot39 rotated left to face WEST
[14:35:58.029] Bot39 executed ROTATE_LEFT
[14:35:58.029] Bot39 rotated left to face SOUTH
[14:35:58.029] Bot39 executed ROTATE_LEFT
[14:35:58.029] Bot39 moved forward to (2,3)
[14:35:58.029] Bot39 executed MOVE_FORWARD
[14:35:58.029] Starting turn for Bot11
[14:35:58.029] Bot11 rotated left to face NORTH
[14:35:58.029] Bot11 executed ROTATE_LEFT
[14:35:58.029] Bot11 rotated left to face WEST
[14:35:58.029] Bot11 executed ROTATE_LEFT
[14:35:58.029] Bot11 moved forward to (7,6)
[14:35:58.029] Bot11 executed MOVE_FORWARD
[14:35:58.029] Starting turn for Bot39
[14:35:58.029] Starting turn for Bot11
[14:35:58.029] Bot11 rotated right to face NORTH
[14:35:58.029] Bot11 executed ROTATE_RIGHT
[14:35:58.029] Starting turn for Bot39
[14:35:58.029] Starting turn for Bot11
[14:35:58.029] Starting turn for Bot39
[14:35:58.029] Bot39 rotated left to face EAST
[14:35:58.029] Bot39 executed ROTATE_LEFT
[14:35:58.029] Bot39 rotated left to face NORTH
[14:35:58.029] Bot39 executed ROTATE_LEFT
[14:35:58.029] Bot39 moved forward to (1,3)
[14:35:58.029] Bot39 executed MOVE_FORWARD
[14:35:58.029] Starting turn for Bot11
[14:35:58.029] Bot11 rotated right to face EAST
[14:35:58.029] Bot11 executed ROTATE_RIGHT
[14:35:58.029] Bot11 moved forward to (7,7)
[14:35:58.029] Bot11 executed MOVE_FORWARD
[14:35:58.029] Starting turn for Bot39
[14:35:58.029] Bot39 rotated left to face WEST
[14:35:58.029] Bot39 executed ROTATE_LEFT
[14:35:58.029] Bot39 rotated left to face SOUTH
[14:35:58.029] Bot39 executed ROTATE_LEFT
[14:35:58.029] Bot39 moved forward to (2,3)
[14:35:58.029] Bot39 executed MOVE_FORWARD
[14:35:58.029] Starting turn for Bot11
[14:35:58.029] Bot11 rotated left to face NORTH
[14:35:58.029] Bot11 executed ROTATE_LEFT
[14:35:58.029] Bot11 rotated left to face WEST
[14:35:58.029] Bot11 executed ROTATE_LEFT
[14:35:58.029] Bot11 moved forward to (7,6)
[14:35:58.029] Bot11 executed MOVE_FORWARD
[14:35:58.029] Starting turn for Bot39
[14:35:58.029] Starting turn for Bot11
[14:35:58.029] Bot11 rotated right to face NORTH
[14:35:58.029] Bot11 executed ROTATE_RIGHT
[14:35:58.029] Starting turn for Bot39
[14:35:58.029] Stalemate detected: State repeated 10 times, unchanged for 3 turns
[14:35:58.029] Game Over! Stalemate detected!
[14:35:58.029] Stalemate detected: State repeated 10 times, unchanged for 3 turns
