[14:36:06.902] === Game Started at 2025-02-04_14-36-06 ===
[14:36:06.902] Game initialized with 2 players
[14:36:06.902] Board size: 10
[14:36:06.902] Obstacle density: 0.05
[14:36:06.902] Max turns: 1000
[14:36:06.902] Player Bot19 starting at position (0,0) facing NORTH
[14:36:06.902] Player Bot36 starting at position (9,9) facing NORTH
[14:36:06.902] Obstacles at positions: (4,9) (5,6) (6,0) (7,0) (9,7)
[14:36:06.902] Starting turn for Bot19
[14:36:06.902] Bot19 rotated right to face EAST
[14:36:06.902] Bot19 executed ROTATE_RIGHT
[14:36:06.902] Bot19 moved forward to (0,1)
[14:36:06.902] Bot19 executed MOVE_FORWARD
[14:36:06.902] Starting turn for Bot36
[14:36:06.902] Bot36 rotated left to face WEST
[14:36:06.902] Bot36 executed ROTATE_LEFT
[14:36:06.902] Bot36 moved forward to (9,8)
[14:36:06.902] Bot36 executed MOVE_FORWARD
[14:36:06.902] Starting turn for Bot19
[14:36:06.902] Bot19 rotated right to face SOUTH
[14:36:06.902] Bot19 executed ROTATE_RIGHT
[14:36:06.902] Bot19 moved forward to (1,1)
[14:36:06.902] Bot19 executed MOVE_FORWARD
[14:36:06.902] Starting turn for Bot36
[14:36:06.902] Bot36 rotated right to face NORTH
[14:36:06.902] Bot36 executed ROTATE_RIGHT
[14:36:06.902] Bot36 moved forward to (8,8)
[14:36:06.902] Bot36 executed MOVE_FORWARD
[14:36:06.902] Starting turn for Bot19
[14:36:06.902] Bot19 rotated left to face EAST
[14:36:06.902] Bot19 executed ROTATE_LEFT
[14:36:06.902] Bot19 moved forward to (1,2)
[14:36:06.902] Bot19 executed MOVE_FORWARD
[14:36:06.902] Starting turn for Bot36
[14:36:06.902] Bot36 rotated left to face WEST
[14:36:06.902] Bot36 executed ROTATE_LEFT
[14:36:06.902] Bot36 moved forward to (8,7)
[14:36:06.902] Bot36 executed MOVE_FORWARD
[14:36:06.902] Starting turn for Bot19
[14:36:06.902] Bot19 rotated right to face SOUTH
[14:36:06.902] Bot19 executed ROTATE_RIGHT
[14:36:06.902] Bot19 moved forward to (2,2)
[14:36:06.902] Bot19 executed MOVE_FORWARD
[14:36:06.902] Starting turn for Bot36
[14:36:06.902] Bot36 rotated right to face NORTH
[14:36:06.902] Bot36 executed ROTATE_RIGHT
[14:36:06.902] Bot36 moved forward to (7,7)
[14:36:06.902] Bot36 executed MOVE_FORWARD
[14:36:06.902] Starting turn for Bot19
[14:36:06.902] Bot19 rotated left to face EAST
[14:36:06.902] Bot19 executed ROTATE_LEFT
[14:36:06.902] Bot19 moved forward to (2,3)
[14:36:06.902] Bot19 executed MOVE_FORWARD
[14:36:06.902] Starting turn for Bot36
[14:36:06.902] Bot36 rotated left to face WEST
[14:36:06.902] Bot36 executed ROTATE_LEFT
[14:36:06.902] Bot36 moved forward to (7,6)
[14:36:06.902] Bot36 executed MOVE_FORWARD
[14:36:06.902] Starting turn for Bot19
[14:36:06.902] Bot19 rotated right to face SOUTH
[14:36:06.902] Bot19 executed ROTATE_RIGHT
[14:36:06.902] Bot19 moved forward to (3,3)
[14:36:06.902] Bot19 executed MOVE_FORWARD
[14:36:06.902] Starting turn for Bot36
[14:36:06.902] Bot36 rotated right to face NORTH
[14:36:06.902] Bot36 executed ROTATE_RIGHT
[14:36:06.902] Bot36 moved forward to (6,6)
[14:36:06.902] Bot36 executed MOVE_FORWARD
[14:36:06.902] Starting turn for Bot19
[14:36:06.902] Bot19 rotated left to face EAST
[14:36:06.902] Bot19 executed ROTATE_LEFT
[14:36:06.902] Bot19 moved forward to (3,4)
[14:36:06.902] Bot19 executed MOVE_FORWARD
[14:36:06.902] Starting turn for Bot36
[14:36:06.902] Bot36 rotated left to face WEST
[14:36:06.902] Bot36 executed ROTATE_LEFT
[14:36:06.902] Bot36 moved forward to (6,5)
[14:36:06.902] Bot36 executed MOVE_FORWARD
[14:36:06.902] Starting turn for Bot19
[14:36:06.902] Bot19 rotated right to face SOUTH
[14:36:06.902] Bot19 executed ROTATE_RIGHT
[14:36:06.902] Bot19 moved forward to (4,4)
[14:36:06.902] Bot19 executed MOVE_FORWARD
[14:36:06.902] Starting turn for Bot36
[14:36:06.902] Bot36 rotated right to face NORTH
[14:36:06.902] Bot36 executed ROTATE_RIGHT
[14:36:06.902] Bot36 moved forward to (5,5)
[14:36:06.902] Bot36 executed MOVE_FORWARD
[14:36:06.902] Starting turn for Bot19
[14:36:06.902] Bot19 rotated left to face EAST
[14:36:06.902] Bot19 executed ROTATE_LEFT
[14:36:06.902] Bot19 moved forward to (4,5)
[14:36:06.902] Bot19 executed MOVE_FORWARD
[14:36:06.902] Starting turn for Bot36
[14:36:06.902] Bot36 shooting in direction NORTH
[14:36:06.902] Bot36 hit Bot19 for 25 damage (health: 100 -> 75)
[14:36:06.902] Bot36 executed SHOOT
[14:36:06.902] Starting turn for Bot19
[14:36:06.902] Bot19 rotated right to face SOUTH
[14:36:06.902] Bot19 executed ROTATE_RIGHT
[14:36:06.902] Starting turn for Bot36
[14:36:06.902] Bot36 shooting in direction NORTH
[14:36:06.902] Bot36 hit Bot19 for 25 damage (health: 75 -> 50)
[14:36:06.902] Bot36 executed SHOOT
[14:36:06.902] Starting turn for Bot19
[14:36:06.902] Bot19 shooting in direction SOUTH
[14:36:06.902] Bot19 hit Bot36 for 25 damage (health: 100 -> 75)
[14:36:06.902] Bot19 executed SHOOT
[14:36:06.902] Starting turn for Bot36
[14:36:06.902] Bot36 shooting in direction NORTH
[14:36:06.902] Bot36 hit Bot19 for 25 damage (health: 50 -> 25)
[14:36:06.902] Bot36 executed SHOOT
[14:36:06.902] Starting turn for Bot19
[14:36:06.902] Bot19 shooting in direction SOUTH
[14:36:06.902] Bot19 hit Bot36 for 25 damage (health: 75 -> 50)
[14:36:06.902] Bot19 executed SHOOT
[14:36:06.902] Starting turn for Bot36
[14:36:06.902] Bot36 shooting in direction NORTH
[14:36:06.902] Bot36 hit Bot19 for 25 damage (health: 25 -> 0)
[14:36:06.902] Bot19 was destroyed!
[14:36:06.902] Bot36 is the last tank standing!
[14:36:06.902] Bot36 executed SHOOT
[14:36:06.902] Game Over! Bot36 wins!
[14:36:06.902] === Game Ended ===
