[19:20:39.363] === Game Started at 2025-01-16_19-20-39 ===
[19:20:39.363] Game initialized with 2 players
[19:20:39.363] Board size: 10
[19:20:39.363] Obstacle density: 0.05
[19:20:39.363] Max turns: 1000
[19:20:39.363] Player Bot3 starting at position (0,0) facing SOUTH
[19:20:39.363] Player Bot1 starting at position (9,9) facing SOUTH
[19:20:39.363] Obstacles at positions: (3,3) (3,8) (5,2) (7,7) (8,0)
[19:20:39.363] Starting turn for Bot3
[19:20:39.363] Bot3 rotated left to face EAST
[19:20:39.363] Bot3 executed ROTATE_LEFT
[19:20:39.363] Bot3 moved forward to (0,1)
[19:20:39.363] Bot3 executed MOVE_FORWARD
[19:20:39.363] Starting turn for Bot1
[19:20:39.363] Bot1 rotated right to face WEST
[19:20:39.363] Bot1 executed ROTATE_RIGHT
[19:20:39.363] Bot1 moved forward to (9,8)
[19:20:39.363] Bot1 executed MOVE_FORWARD
[19:20:39.363] Starting turn for Bot3
[19:20:39.363] Bot3 rotated right to face SOUTH
[19:20:39.363] Bot3 executed ROTATE_RIGHT
[19:20:39.363] Bot3 moved forward to (1,1)
[19:20:39.363] Bot3 executed MOVE_FORWARD
[19:20:39.363] Starting turn for Bot1
[19:20:39.363] Bot1 rotated right to face NORTH
[19:20:39.363] Bot1 executed ROTATE_RIGHT
[19:20:39.363] Bot1 moved forward to (8,8)
[19:20:39.363] Bot1 executed MOVE_FORWARD
[19:20:39.363] Starting turn for Bot3
[19:20:39.364] Bot3 rotated left to face EAST
[19:20:39.364] Bot3 executed ROTATE_LEFT
[19:20:39.364] Bot3 moved forward to (1,2)
[19:20:39.364] Bot3 executed MOVE_FORWARD
[19:20:39.364] Starting turn for Bot1
[19:20:39.364] Bot1 rotated left to face WEST
[19:20:39.364] Bot1 executed ROTATE_LEFT
[19:20:39.364] Bot1 moved forward to (8,7)
[19:20:39.364] Bot1 executed MOVE_FORWARD
[19:20:39.364] Starting turn for Bot3
[19:20:39.364] Bot3 rotated right to face SOUTH
[19:20:39.364] Bot3 executed ROTATE_RIGHT
[19:20:39.364] Bot3 moved forward to (2,2)
[19:20:39.364] Bot3 executed MOVE_FORWARD
[19:20:39.364] Starting turn for Bot1
[19:20:39.364] Bot1 rotated right to face NORTH
[19:20:39.364] Bot1 executed ROTATE_RIGHT
[19:20:39.364] Starting turn for Bot3
[19:20:39.364] Bot3 rotated left to face EAST
[19:20:39.364] Bot3 executed ROTATE_LEFT
[19:20:39.364] Bot3 moved forward to (2,3)
[19:20:39.364] Bot3 executed MOVE_FORWARD
[19:20:39.364] Starting turn for Bot1
[19:20:39.364] Starting turn for Bot3
[19:20:39.364] Bot3 rotated right to face SOUTH
[19:20:39.364] Bot3 executed ROTATE_RIGHT
[19:20:39.364] Starting turn for Bot1
[19:20:39.364] Bot1 rotated right to face EAST
[19:20:39.364] Bot1 executed ROTATE_RIGHT
[19:20:39.364] Bot1 moved forward to (8,8)
[19:20:39.364] Bot1 executed MOVE_FORWARD
[19:20:39.364] Starting turn for Bot3
[19:20:39.364] Starting turn for Bot1
[19:20:39.364] Bot1 rotated left to face NORTH
[19:20:39.364] Bot1 executed ROTATE_LEFT
[19:20:39.364] Bot1 rotated left to face WEST
[19:20:39.364] Bot1 executed ROTATE_LEFT
[19:20:39.364] Bot1 moved forward to (8,7)
[19:20:39.364] Bot1 executed MOVE_FORWARD
[19:20:39.364] Starting turn for Bot3
[19:20:39.364] Bot3 rotated left to face EAST
[19:20:39.364] Bot3 executed ROTATE_LEFT
[19:20:39.364] Bot3 rotated left to face NORTH
[19:20:39.364] Bot3 executed ROTATE_LEFT
[19:20:39.364] Bot3 moved forward to (1,3)
[19:20:39.364] Bot3 executed MOVE_FORWARD
[19:20:39.364] Starting turn for Bot1
[19:20:39.364] Bot1 rotated right to face NORTH
[19:20:39.364] Bot1 executed ROTATE_RIGHT
[19:20:39.365] Starting turn for Bot3
[19:20:39.365] Bot3 rotated left to face WEST
[19:20:39.365] Bot3 executed ROTATE_LEFT
[19:20:39.365] Bot3 rotated left to face SOUTH
[19:20:39.365] Bot3 executed ROTATE_LEFT
[19:20:39.365] Bot3 moved forward to (2,3)
[19:20:39.365] Bot3 executed MOVE_FORWARD
[19:20:39.365] Starting turn for Bot1
[19:20:39.365] Starting turn for Bot3
[19:20:39.365] Starting turn for Bot1
[19:20:39.365] Bot1 rotated right to face EAST
[19:20:39.365] Bot1 executed ROTATE_RIGHT
[19:20:39.365] Bot1 moved forward to (8,8)
[19:20:39.365] Bot1 executed MOVE_FORWARD
[19:20:39.365] Starting turn for Bot3
[19:20:39.365] Starting turn for Bot1
[19:20:39.365] Bot1 rotated left to face NORTH
[19:20:39.365] Bot1 executed ROTATE_LEFT
[19:20:39.365] Bot1 rotated left to face WEST
[19:20:39.365] Bot1 executed ROTATE_LEFT
[19:20:39.365] Bot1 moved forward to (8,7)
[19:20:39.365] Bot1 executed MOVE_FORWARD
[19:20:39.365] Starting turn for Bot3
[19:20:39.365] Bot3 rotated left to face EAST
[19:20:39.365] Bot3 executed ROTATE_LEFT
[19:20:39.365] Bot3 rotated left to face NORTH
[19:20:39.365] Bot3 executed ROTATE_LEFT
[19:20:39.365] Bot3 moved forward to (1,3)
[19:20:39.365] Bot3 executed MOVE_FORWARD
[19:20:39.365] Starting turn for Bot1
[19:20:39.365] Bot1 rotated right to face NORTH
[19:20:39.365] Bot1 executed ROTATE_RIGHT
[19:20:39.365] Starting turn for Bot3
[19:20:39.365] Bot3 rotated left to face WEST
[19:20:39.365] Bot3 executed ROTATE_LEFT
[19:20:39.365] Bot3 rotated left to face SOUTH
[19:20:39.365] Bot3 executed ROTATE_LEFT
[19:20:39.366] Bot3 moved forward to (2,3)
[19:20:39.366] Bot3 executed MOVE_FORWARD
[19:20:39.366] Starting turn for Bot1
[19:20:39.366] Starting turn for Bot3
[19:20:39.366] Starting turn for Bot1
[19:20:39.366] Bot1 rotated right to face EAST
[19:20:39.366] Bot1 executed ROTATE_RIGHT
[19:20:39.366] Bot1 moved forward to (8,8)
[19:20:39.366] Bot1 executed MOVE_FORWARD
[19:20:39.366] Starting turn for Bot3
[19:20:39.366] Starting turn for Bot1
[19:20:39.366] Bot1 rotated left to face NORTH
[19:20:39.366] Bot1 executed ROTATE_LEFT
[19:20:39.366] Bot1 rotated left to face WEST
[19:20:39.366] Bot1 executed ROTATE_LEFT
[19:20:39.366] Bot1 moved forward to (8,7)
[19:20:39.366] Bot1 executed MOVE_FORWARD
[19:20:39.366] Starting turn for Bot3
[19:20:39.366] Bot3 rotated left to face EAST
[19:20:39.366] Bot3 executed ROTATE_LEFT
[19:20:39.366] Bot3 rotated left to face NORTH
[19:20:39.366] Bot3 executed ROTATE_LEFT
[19:20:39.366] Bot3 moved forward to (1,3)
[19:20:39.366] Bot3 executed MOVE_FORWARD
[19:20:39.366] Starting turn for Bot1
[19:20:39.366] Bot1 rotated right to face NORTH
[19:20:39.366] Bot1 executed ROTATE_RIGHT
[19:20:39.366] Starting turn for Bot3
[19:20:39.366] Bot3 rotated left to face WEST
[19:20:39.366] Bot3 executed ROTATE_LEFT
[19:20:39.366] Bot3 rotated left to face SOUTH
[19:20:39.366] Bot3 executed ROTATE_LEFT
[19:20:39.366] Bot3 moved forward to (2,3)
[19:20:39.366] Bot3 executed MOVE_FORWARD
[19:20:39.366] Starting turn for Bot1
[19:20:39.366] Starting turn for Bot3
[19:20:39.366] Starting turn for Bot1
[19:20:39.366] Bot1 rotated right to face EAST
[19:20:39.366] Bot1 executed ROTATE_RIGHT
[19:20:39.366] Bot1 moved forward to (8,8)
[19:20:39.366] Bot1 executed MOVE_FORWARD
[19:20:39.367] Starting turn for Bot3
[19:20:39.367] Starting turn for Bot1
[19:20:39.367] Bot1 rotated left to face NORTH
[19:20:39.367] Bot1 executed ROTATE_LEFT
[19:20:39.367] Bot1 rotated left to face WEST
[19:20:39.367] Bot1 executed ROTATE_LEFT
[19:20:39.367] Bot1 moved forward to (8,7)
[19:20:39.367] Bot1 executed MOVE_FORWARD
[19:20:39.367] Starting turn for Bot3
[19:20:39.367] Bot3 rotated left to face EAST
[19:20:39.367] Bot3 executed ROTATE_LEFT
[19:20:39.367] Bot3 rotated left to face NORTH
[19:20:39.367] Bot3 executed ROTATE_LEFT
[19:20:39.367] Bot3 moved forward to (1,3)
[19:20:39.367] Bot3 executed MOVE_FORWARD
[19:20:39.367] Starting turn for Bot1
[19:20:39.367] Bot1 rotated right to face NORTH
[19:20:39.367] Bot1 executed ROTATE_RIGHT
[19:20:39.367] Starting turn for Bot3
[19:20:39.367] Bot3 rotated left to face WEST
[19:20:39.367] Bot3 executed ROTATE_LEFT
[19:20:39.367] Bot3 rotated left to face SOUTH
[19:20:39.367] Bot3 executed ROTATE_LEFT
[19:20:39.367] Bot3 moved forward to (2,3)
[19:20:39.367] Bot3 executed MOVE_FORWARD
[19:20:39.367] Starting turn for Bot1
[19:20:39.367] Stalemate detected: State repeated 10 times, unchanged for 3 turns
[19:20:39.367] Game Over! Stalemate detected!
[19:20:39.367] Stalemate detected: State repeated 10 times, unchanged for 3 turns
