[14:36:04.588] === Game Started at 2025-02-04_14-36-04 ===
[14:36:04.588] Game initialized with 2 players
[14:36:04.588] Board size: 10
[14:36:04.588] Obstacle density: 0.05
[14:36:04.588] Max turns: 1000
[14:36:04.588] Player Bot17 starting at position (0,0) facing EAST
[14:36:04.588] Player Bot28 starting at position (9,9) facing EAST
[14:36:04.588] Obstacles at positions: (4,5) (6,6) (8,7) (9,4) (9,6)
[14:36:04.588] Starting turn for Bot17
[14:36:04.588] Bot17 moved forward to (0,1)
[14:36:04.588] Bot17 executed MOVE_FORWARD
[14:36:04.588] Starting turn for Bot28
[14:36:04.588] Bot28 rotated left to face NORTH
[14:36:04.588] Bot28 executed ROTATE_LEFT
[14:36:04.588] Bot28 rotated left to face WEST
[14:36:04.588] Bot28 executed ROTATE_LEFT
[14:36:04.588] Bot28 moved forward to (9,8)
[14:36:04.588] Bot28 executed MOVE_FORWARD
[14:36:04.588] Starting turn for Bot17
[14:36:04.588] Bot17 rotated right to face SOUTH
[14:36:04.588] Bot17 executed ROTATE_RIGHT
[14:36:04.588] Bot17 moved forward to (1,1)
[14:36:04.588] Bot17 executed MOVE_FORWARD
[14:36:04.588] Starting turn for Bot28
[14:36:04.588] Bot28 rotated right to face NORTH
[14:36:04.588] Bot28 executed ROTATE_RIGHT
[14:36:04.588] Bot28 moved forward to (8,8)
[14:36:04.588] Bot28 executed MOVE_FORWARD
[14:36:04.588] Starting turn for Bot17
[14:36:04.588] Bot17 rotated left to face EAST
[14:36:04.588] Bot17 executed ROTATE_LEFT
[14:36:04.588] Bot17 moved forward to (1,2)
[14:36:04.588] Bot17 executed MOVE_FORWARD
[14:36:04.588] Starting turn for Bot28
[14:36:04.588] Bot28 rotated left to face WEST
[14:36:04.588] Bot28 executed ROTATE_LEFT
[14:36:04.588] Starting turn for Bot17
[14:36:04.588] Bot17 rotated right to face SOUTH
[14:36:04.588] Bot17 executed ROTATE_RIGHT
[14:36:04.588] Bot17 moved forward to (2,2)
[14:36:04.588] Bot17 executed MOVE_FORWARD
[14:36:04.588] Starting turn for Bot28
[14:36:04.588] Starting turn for Bot17
[14:36:04.588] Bot17 rotated left to face EAST
[14:36:04.588] Bot17 executed ROTATE_LEFT
[14:36:04.588] Bot17 moved forward to (2,3)
[14:36:04.588] Bot17 executed MOVE_FORWARD
[14:36:04.588] Starting turn for Bot28
[14:36:04.588] Bot28 rotated right to face NORTH
[14:36:04.588] Bot28 executed ROTATE_RIGHT
[14:36:04.588] Bot28 moved forward to (7,8)
[14:36:04.588] Bot28 executed MOVE_FORWARD
[14:36:04.588] Starting turn for Bot17
[14:36:04.588] Bot17 rotated right to face SOUTH
[14:36:04.588] Bot17 executed ROTATE_RIGHT
[14:36:04.588] Bot17 moved forward to (3,3)
[14:36:04.588] Bot17 executed MOVE_FORWARD
[14:36:04.588] Starting turn for Bot28
[14:36:04.588] Bot28 rotated left to face WEST
[14:36:04.588] Bot28 executed ROTATE_LEFT
[14:36:04.588] Bot28 moved forward to (7,7)
[14:36:04.588] Bot28 executed MOVE_FORWARD
[14:36:04.588] Starting turn for Bot17
[14:36:04.588] Bot17 rotated left to face EAST
[14:36:04.588] Bot17 executed ROTATE_LEFT
[14:36:04.588] Bot17 moved forward to (3,4)
[14:36:04.589] Bot17 executed MOVE_FORWARD
[14:36:04.589] Starting turn for Bot28
[14:36:04.589] Bot28 moved forward to (7,6)
[14:36:04.589] Bot28 executed MOVE_FORWARD
[14:36:04.589] Starting turn for Bot17
[14:36:04.589] Bot17 rotated right to face SOUTH
[14:36:04.589] Bot17 executed ROTATE_RIGHT
[14:36:04.589] Bot17 moved forward to (4,4)
[14:36:04.589] Bot17 executed MOVE_FORWARD
[14:36:04.589] Starting turn for Bot28
[14:36:04.589] Bot28 rotated right to face NORTH
[14:36:04.589] Bot28 executed ROTATE_RIGHT
[14:36:04.589] Starting turn for Bot17
[14:36:04.589] Bot17 rotated left to face EAST
[14:36:04.589] Bot17 executed ROTATE_LEFT
[14:36:04.589] Starting turn for Bot28
[14:36:04.589] Starting turn for Bot17
[14:36:04.589] Starting turn for Bot28
[14:36:04.589] Bot28 rotated right to face EAST
[14:36:04.589] Bot28 executed ROTATE_RIGHT
[14:36:04.589] Bot28 moved forward to (7,7)
[14:36:04.589] Bot28 executed MOVE_FORWARD
[14:36:04.589] Starting turn for Bot17
[14:36:04.589] Bot17 rotated left to face NORTH
[14:36:04.589] Bot17 executed ROTATE_LEFT
[14:36:04.589] Bot17 moved forward to (3,4)
[14:36:04.589] Bot17 executed MOVE_FORWARD
[14:36:04.589] Starting turn for Bot28
[14:36:04.589] Bot28 rotated left to face NORTH
[14:36:04.589] Bot28 executed ROTATE_LEFT
[14:36:04.589] Bot28 rotated left to face WEST
[14:36:04.589] Bot28 executed ROTATE_LEFT
[14:36:04.589] Bot28 moved forward to (7,6)
[14:36:04.589] Bot28 executed MOVE_FORWARD
[14:36:04.589] Starting turn for Bot17
[14:36:04.589] Bot17 rotated left to face WEST
[14:36:04.589] Bot17 executed ROTATE_LEFT
[14:36:04.589] Bot17 rotated left to face SOUTH
[14:36:04.589] Bot17 executed ROTATE_LEFT
[14:36:04.589] Bot17 moved forward to (4,4)
[14:36:04.589] Bot17 executed MOVE_FORWARD
[14:36:04.589] Starting turn for Bot28
[14:36:04.589] Bot28 rotated right to face NORTH
[14:36:04.589] Bot28 executed ROTATE_RIGHT
[14:36:04.589] Starting turn for Bot17
[14:36:04.589] Bot17 rotated left to face EAST
[14:36:04.589] Bot17 executed ROTATE_LEFT
[14:36:04.589] Starting turn for Bot28
[14:36:04.589] Starting turn for Bot17
[14:36:04.589] Starting turn for Bot28
[14:36:04.589] Bot28 rotated right to face EAST
[14:36:04.589] Bot28 executed ROTATE_RIGHT
[14:36:04.589] Bot28 moved forward to (7,7)
[14:36:04.589] Bot28 executed MOVE_FORWARD
[14:36:04.589] Starting turn for Bot17
[14:36:04.589] Bot17 rotated left to face NORTH
[14:36:04.589] Bot17 executed ROTATE_LEFT
[14:36:04.589] Bot17 moved forward to (3,4)
[14:36:04.589] Bot17 executed MOVE_FORWARD
[14:36:04.589] Starting turn for Bot28
[14:36:04.589] Bot28 rotated left to face NORTH
[14:36:04.589] Bot28 executed ROTATE_LEFT
[14:36:04.589] Bot28 rotated left to face WEST
[14:36:04.589] Bot28 executed ROTATE_LEFT
[14:36:04.589] Bot28 moved forward to (7,6)
[14:36:04.589] Bot28 executed MOVE_FORWARD
[14:36:04.589] Starting turn for Bot17
[14:36:04.589] Bot17 rotated left to face WEST
[14:36:04.589] Bot17 executed ROTATE_LEFT
[14:36:04.589] Bot17 rotated left to face SOUTH
[14:36:04.589] Bot17 executed ROTATE_LEFT
[14:36:04.589] Bot17 moved forward to (4,4)
[14:36:04.589] Bot17 executed MOVE_FORWARD
[14:36:04.589] Starting turn for Bot28
[14:36:04.589] Bot28 rotated right to face NORTH
[14:36:04.589] Bot28 executed ROTATE_RIGHT
[14:36:04.589] Starting turn for Bot17
[14:36:04.589] Bot17 rotated left to face EAST
[14:36:04.589] Bot17 executed ROTATE_LEFT
[14:36:04.589] Starting turn for Bot28
[14:36:04.589] Starting turn for Bot17
[14:36:04.589] Starting turn for Bot28
[14:36:04.589] Bot28 rotated right to face EAST
[14:36:04.589] Bot28 executed ROTATE_RIGHT
[14:36:04.589] Bot28 moved forward to (7,7)
[14:36:04.589] Bot28 executed MOVE_FORWARD
[14:36:04.589] Starting turn for Bot17
[14:36:04.589] Bot17 rotated left to face NORTH
[14:36:04.589] Bot17 executed ROTATE_LEFT
[14:36:04.589] Bot17 moved forward to (3,4)
[14:36:04.589] Bot17 executed MOVE_FORWARD
[14:36:04.589] Starting turn for Bot28
[14:36:04.589] Bot28 rotated left to face NORTH
[14:36:04.589] Bot28 executed ROTATE_LEFT
[14:36:04.589] Bot28 rotated left to face WEST
[14:36:04.589] Bot28 executed ROTATE_LEFT
[14:36:04.589] Bot28 moved forward to (7,6)
[14:36:04.589] Bot28 executed MOVE_FORWARD
[14:36:04.589] Starting turn for Bot17
[14:36:04.589] Bot17 rotated left to face WEST
[14:36:04.589] Bot17 executed ROTATE_LEFT
[14:36:04.589] Bot17 rotated left to face SOUTH
[14:36:04.589] Bot17 executed ROTATE_LEFT
[14:36:04.589] Bot17 moved forward to (4,4)
[14:36:04.589] Bot17 executed MOVE_FORWARD
[14:36:04.589] Starting turn for Bot28
[14:36:04.589] Bot28 rotated right to face NORTH
[14:36:04.589] Bot28 executed ROTATE_RIGHT
[14:36:04.589] Starting turn for Bot17
[14:36:04.589] Bot17 rotated left to face EAST
[14:36:04.589] Bot17 executed ROTATE_LEFT
[14:36:04.589] Starting turn for Bot28
[14:36:04.589] Stalemate detected: State repeated 10 times, unchanged for 3 turns
[14:36:04.589] Game Over! Stalemate detected!
[14:36:04.589] Stalemate detected: State repeated 10 times, unchanged for 3 turns
