[14:36:05.828] === Game Started at 2025-02-04_14-36-05 ===
[14:36:05.828] Game initialized with 2 players
[14:36:05.828] Board size: 10
[14:36:05.828] Obstacle density: 0.05
[14:36:05.829] Max turns: 1000
[14:36:05.829] Player Bot32 starting at position (0,0) facing WEST
[14:36:05.829] Player Bot18 starting at position (9,9) facing WEST
[14:36:05.829] Obstacles at positions: (2,1) (2,8) (6,1) (7,7) (9,5)
[14:36:05.829] Starting turn for Bot32
[14:36:05.829] Bot32 rotated left to face SOUTH
[14:36:05.829] Bot32 executed ROTATE_LEFT
[14:36:05.829] Bot32 rotated left to face EAST
[14:36:05.829] Bot32 executed ROTATE_LEFT
[14:36:05.829] Bot32 moved forward to (0,1)
[14:36:05.829] Bot32 executed MOVE_FORWARD
[14:36:05.829] Starting turn for Bot18
[14:36:05.829] Bot18 moved forward to (9,8)
[14:36:05.829] Bot18 executed MOVE_FORWARD
[14:36:05.829] Starting turn for Bot32
[14:36:05.829] Bot32 rotated right to face SOUTH
[14:36:05.829] Bot32 executed ROTATE_RIGHT
[14:36:05.829] Bot32 moved forward to (1,1)
[14:36:05.829] Bot32 executed MOVE_FORWARD
[14:36:05.829] Starting turn for Bot18
[14:36:05.829] Bot18 rotated right to face NORTH
[14:36:05.829] Bot18 executed ROTATE_RIGHT
[14:36:05.829] Bot18 moved forward to (8,8)
[14:36:05.829] Bot18 executed MOVE_FORWARD
[14:36:05.829] Starting turn for Bot32
[14:36:05.829] Bot32 rotated left to face EAST
[14:36:05.829] Bot32 executed ROTATE_LEFT
[14:36:05.829] Bot32 moved forward to (1,2)
[14:36:05.829] Bot32 executed MOVE_FORWARD
[14:36:05.829] Starting turn for Bot18
[14:36:05.829] Bot18 rotated left to face WEST
[14:36:05.829] Bot18 executed ROTATE_LEFT
[14:36:05.829] Bot18 moved forward to (8,7)
[14:36:05.829] Bot18 executed MOVE_FORWARD
[14:36:05.829] Starting turn for Bot32
[14:36:05.829] Bot32 rotated right to face SOUTH
[14:36:05.829] Bot32 executed ROTATE_RIGHT
[14:36:05.829] Bot32 moved forward to (2,2)
[14:36:05.829] Bot32 executed MOVE_FORWARD
[14:36:05.829] Starting turn for Bot18
[14:36:05.829] Bot18 rotated right to face NORTH
[14:36:05.829] Bot18 executed ROTATE_RIGHT
[14:36:05.829] Starting turn for Bot32
[14:36:05.829] Bot32 rotated left to face EAST
[14:36:05.829] Bot32 executed ROTATE_LEFT
[14:36:05.829] Bot32 moved forward to (2,3)
[14:36:05.829] Bot32 executed MOVE_FORWARD
[14:36:05.829] Starting turn for Bot18
[14:36:05.829] Starting turn for Bot32
[14:36:05.829] Bot32 rotated right to face SOUTH
[14:36:05.829] Bot32 executed ROTATE_RIGHT
[14:36:05.829] Bot32 moved forward to (3,3)
[14:36:05.829] Bot32 executed MOVE_FORWARD
[14:36:05.829] Starting turn for Bot18
[14:36:05.829] Bot18 rotated right to face EAST
[14:36:05.829] Bot18 executed ROTATE_RIGHT
[14:36:05.829] Bot18 moved forward to (8,8)
[14:36:05.829] Bot18 executed MOVE_FORWARD
[14:36:05.829] Starting turn for Bot32
[14:36:05.829] Bot32 rotated left to face EAST
[14:36:05.829] Bot32 executed ROTATE_LEFT
[14:36:05.829] Bot32 moved forward to (3,4)
[14:36:05.829] Bot32 executed MOVE_FORWARD
[14:36:05.829] Starting turn for Bot18
[14:36:05.829] Bot18 rotated left to face NORTH
[14:36:05.829] Bot18 executed ROTATE_LEFT
[14:36:05.829] Bot18 rotated left to face WEST
[14:36:05.829] Bot18 executed ROTATE_LEFT
[14:36:05.829] Bot18 moved forward to (8,7)
[14:36:05.829] Bot18 executed MOVE_FORWARD
[14:36:05.829] Starting turn for Bot32
[14:36:05.829] Bot32 rotated right to face SOUTH
[14:36:05.829] Bot32 executed ROTATE_RIGHT
[14:36:05.829] Bot32 moved forward to (4,4)
[14:36:05.829] Bot32 executed MOVE_FORWARD
[14:36:05.829] Starting turn for Bot18
[14:36:05.829] Bot18 rotated right to face NORTH
[14:36:05.829] Bot18 executed ROTATE_RIGHT
[14:36:05.829] Starting turn for Bot32
[14:36:05.829] Bot32 rotated left to face EAST
[14:36:05.829] Bot32 executed ROTATE_LEFT
[14:36:05.829] Bot32 moved forward to (4,5)
[14:36:05.829] Bot32 executed MOVE_FORWARD
[14:36:05.829] Starting turn for Bot18
[14:36:05.829] Starting turn for Bot32
[14:36:05.829] Bot32 rotated right to face SOUTH
[14:36:05.829] Bot32 executed ROTATE_RIGHT
[14:36:05.829] Bot32 moved forward to (5,5)
[14:36:05.829] Bot32 executed MOVE_FORWARD
[14:36:05.829] Starting turn for Bot18
[14:36:05.829] Bot18 rotated right to face EAST
[14:36:05.829] Bot18 executed ROTATE_RIGHT
[14:36:05.829] Bot18 moved forward to (8,8)
[14:36:05.829] Bot18 executed MOVE_FORWARD
[14:36:05.829] Starting turn for Bot32
[14:36:05.829] Starting turn for Bot18
[14:36:05.829] Bot18 rotated left to face NORTH
[14:36:05.829] Bot18 executed ROTATE_LEFT
[14:36:05.829] Bot18 rotated left to face WEST
[14:36:05.829] Bot18 executed ROTATE_LEFT
[14:36:05.829] Bot18 moved forward to (8,7)
[14:36:05.829] Bot18 executed MOVE_FORWARD
[14:36:05.829] Starting turn for Bot32
[14:36:05.829] Starting turn for Bot18
[14:36:05.829] Bot18 rotated right to face NORTH
[14:36:05.829] Bot18 executed ROTATE_RIGHT
[14:36:05.829] Starting turn for Bot32
[14:36:05.829] Starting turn for Bot18
[14:36:05.829] Starting turn for Bot32
[14:36:05.829] Starting turn for Bot18
[14:36:05.829] Bot18 rotated right to face EAST
[14:36:05.829] Bot18 executed ROTATE_RIGHT
[14:36:05.829] Bot18 moved forward to (8,8)
[14:36:05.829] Bot18 executed MOVE_FORWARD
[14:36:05.829] Starting turn for Bot32
[14:36:05.829] Starting turn for Bot18
[14:36:05.829] Bot18 rotated left to face NORTH
[14:36:05.829] Bot18 executed ROTATE_LEFT
[14:36:05.829] Bot18 rotated left to face WEST
[14:36:05.829] Bot18 executed ROTATE_LEFT
[14:36:05.829] Bot18 moved forward to (8,7)
[14:36:05.829] Bot18 executed MOVE_FORWARD
[14:36:05.829] Starting turn for Bot32
[14:36:05.829] Starting turn for Bot18
[14:36:05.829] Bot18 rotated right to face NORTH
[14:36:05.829] Bot18 executed ROTATE_RIGHT
[14:36:05.829] Starting turn for Bot32
[14:36:05.829] Starting turn for Bot18
[14:36:05.829] Starting turn for Bot32
[14:36:05.829] Starting turn for Bot18
[14:36:05.829] Bot18 rotated right to face EAST
[14:36:05.829] Bot18 executed ROTATE_RIGHT
[14:36:05.829] Bot18 moved forward to (8,8)
[14:36:05.829] Bot18 executed MOVE_FORWARD
[14:36:05.829] Starting turn for Bot32
[14:36:05.829] Starting turn for Bot18
[14:36:05.829] Bot18 rotated left to face NORTH
[14:36:05.829] Bot18 executed ROTATE_LEFT
[14:36:05.829] Bot18 rotated left to face WEST
[14:36:05.829] Bot18 executed ROTATE_LEFT
[14:36:05.829] Bot18 moved forward to (8,7)
[14:36:05.829] Bot18 executed MOVE_FORWARD
[14:36:05.829] Starting turn for Bot32
[14:36:05.829] Starting turn for Bot18
[14:36:05.829] Bot18 rotated right to face NORTH
[14:36:05.829] Bot18 executed ROTATE_RIGHT
[14:36:05.829] Starting turn for Bot32
[14:36:05.829] Stalemate detected: State repeated 10 times, unchanged for 1 turns
[14:36:05.829] Game Over! Stalemate detected!
[14:36:05.829] Stalemate detected: State repeated 10 times, unchanged for 1 turns
