[14:35:53.950] === Game Started at 2025-02-04_14-35-53 ===
[14:35:53.950] Game initialized with 2 players
[14:35:53.950] Board size: 10
[14:35:53.950] Obstacle density: 0.05
[14:35:53.950] Max turns: 1000
[14:35:53.950] Player Bot35 starting at position (0,0) facing EAST
[14:35:53.950] Player Bot8 starting at position (9,9) facing WEST
[14:35:53.950] Obstacles at positions: (0,6) (1,9) (2,3) (6,0) (9,2)
[14:35:53.950] Starting turn for Bot35
[14:35:53.950] Bot35 moved forward to (0,1)
[14:35:53.950] Bot35 executed MOVE_FORWARD
[14:35:53.950] Starting turn for Bot8
[14:35:53.950] Bot8 moved forward to (9,8)
[14:35:53.950] Bot8 executed MOVE_FORWARD
[14:35:53.950] Starting turn for Bot35
[14:35:53.950] Bot35 rotated right to face SOUTH
[14:35:53.950] Bot35 executed ROTATE_RIGHT
[14:35:53.950] Bot35 moved forward to (1,1)
[14:35:53.950] Bot35 executed MOVE_FORWARD
[14:35:53.950] Starting turn for Bot8
[14:35:53.950] Bot8 rotated right to face NORTH
[14:35:53.950] Bot8 executed ROTATE_RIGHT
[14:35:53.950] Bot8 moved forward to (8,8)
[14:35:53.950] Bot8 executed MOVE_FORWARD
[14:35:53.950] Starting turn for Bot35
[14:35:53.950] Bot35 rotated left to face EAST
[14:35:53.950] Bot35 executed ROTATE_LEFT
[14:35:53.950] Bot35 moved forward to (1,2)
[14:35:53.950] Bot35 executed MOVE_FORWARD
[14:35:53.950] Starting turn for Bot8
[14:35:53.950] Bot8 rotated left to face WEST
[14:35:53.950] Bot8 executed ROTATE_LEFT
[14:35:53.950] Bot8 moved forward to (8,7)
[14:35:53.950] Bot8 executed MOVE_FORWARD
[14:35:53.950] Starting turn for Bot35
[14:35:53.951] Bot35 rotated right to face SOUTH
[14:35:53.951] Bot35 executed ROTATE_RIGHT
[14:35:53.951] Bot35 moved forward to (2,2)
[14:35:53.951] Bot35 executed MOVE_FORWARD
[14:35:53.951] Starting turn for Bot8
[14:35:53.951] Bot8 rotated right to face NORTH
[14:35:53.951] Bot8 executed ROTATE_RIGHT
[14:35:53.951] Bot8 moved forward to (7,7)
[14:35:53.951] Bot8 executed MOVE_FORWARD
[14:35:53.951] Starting turn for Bot35
[14:35:53.951] Bot35 rotated left to face EAST
[14:35:53.951] Bot35 executed ROTATE_LEFT
[14:35:53.951] Starting turn for Bot8
[14:35:53.951] Bot8 rotated left to face WEST
[14:35:53.951] Bot8 executed ROTATE_LEFT
[14:35:53.951] Bot8 moved forward to (7,6)
[14:35:53.951] Bot8 executed MOVE_FORWARD
[14:35:53.951] Starting turn for Bot35
[14:35:53.951] Starting turn for Bot8
[14:35:53.951] Bot8 rotated right to face NORTH
[14:35:53.951] Bot8 executed ROTATE_RIGHT
[14:35:53.951] Bot8 moved forward to (6,6)
[14:35:53.951] Bot8 executed MOVE_FORWARD
[14:35:53.951] Starting turn for Bot35
[14:35:53.951] Bot35 rotated left to face NORTH
[14:35:53.951] Bot35 executed ROTATE_LEFT
[14:35:53.951] Bot35 moved forward to (1,2)
[14:35:53.951] Bot35 executed MOVE_FORWARD
[14:35:53.951] Starting turn for Bot8
[14:35:53.951] Bot8 rotated left to face WEST
[14:35:53.951] Bot8 executed ROTATE_LEFT
[14:35:53.951] Bot8 moved forward to (6,5)
[14:35:53.951] Bot8 executed MOVE_FORWARD
[14:35:53.951] Starting turn for Bot35
[14:35:53.951] Bot35 rotated left to face WEST
[14:35:53.951] Bot35 executed ROTATE_LEFT
[14:35:53.951] Bot35 rotated left to face SOUTH
[14:35:53.951] Bot35 executed ROTATE_LEFT
[14:35:53.951] Bot35 moved forward to (2,2)
[14:35:53.951] Bot35 executed MOVE_FORWARD
[14:35:53.951] Starting turn for Bot8
[14:35:53.951] Bot8 rotated right to face NORTH
[14:35:53.951] Bot8 executed ROTATE_RIGHT
[14:35:53.951] Bot8 moved forward to (5,5)
[14:35:53.951] Bot8 executed MOVE_FORWARD
[14:35:53.951] Starting turn for Bot35
[14:35:53.951] Bot35 rotated left to face EAST
[14:35:53.951] Bot35 executed ROTATE_LEFT
[14:35:53.951] Starting turn for Bot8
[14:35:53.951] Starting turn for Bot35
[14:35:53.951] Starting turn for Bot8
[14:35:53.951] Starting turn for Bot35
[14:35:53.951] Bot35 rotated left to face NORTH
[14:35:53.951] Bot35 executed ROTATE_LEFT
[14:35:53.951] Bot35 moved forward to (1,2)
[14:35:53.951] Bot35 executed MOVE_FORWARD
[14:35:53.951] Starting turn for Bot8
[14:35:53.951] Starting turn for Bot35
[14:35:53.951] Bot35 rotated left to face WEST
[14:35:53.951] Bot35 executed ROTATE_LEFT
[14:35:53.951] Bot35 rotated left to face SOUTH
[14:35:53.951] Bot35 executed ROTATE_LEFT
[14:35:53.951] Bot35 moved forward to (2,2)
[14:35:53.951] Bot35 executed MOVE_FORWARD
[14:35:53.951] Starting turn for Bot8
[14:35:53.951] Starting turn for Bot35
[14:35:53.951] Bot35 rotated left to face EAST
[14:35:53.951] Bot35 executed ROTATE_LEFT
[14:35:53.951] Starting turn for Bot8
[14:35:53.951] Starting turn for Bot35
[14:35:53.951] Starting turn for Bot8
[14:35:53.951] Starting turn for Bot35
[14:35:53.951] Bot35 rotated left to face NORTH
[14:35:53.951] Bot35 executed ROTATE_LEFT
[14:35:53.951] Bot35 moved forward to (1,2)
[14:35:53.951] Bot35 executed MOVE_FORWARD
[14:35:53.951] Starting turn for Bot8
[14:35:53.951] Starting turn for Bot35
[14:35:53.951] Bot35 rotated left to face WEST
[14:35:53.951] Bot35 executed ROTATE_LEFT
[14:35:53.951] Bot35 rotated left to face SOUTH
[14:35:53.951] Bot35 executed ROTATE_LEFT
[14:35:53.951] Bot35 moved forward to (2,2)
[14:35:53.951] Bot35 executed MOVE_FORWARD
[14:35:53.951] Starting turn for Bot8
[14:35:53.951] Starting turn for Bot35
[14:35:53.951] Bot35 rotated left to face EAST
[14:35:53.951] Bot35 executed ROTATE_LEFT
[14:35:53.951] Starting turn for Bot8
[14:35:53.951] Starting turn for Bot35
[14:35:53.951] Starting turn for Bot8
[14:35:53.951] Starting turn for Bot35
[14:35:53.951] Bot35 rotated left to face NORTH
[14:35:53.951] Bot35 executed ROTATE_LEFT
[14:35:53.951] Bot35 moved forward to (1,2)
[14:35:53.951] Bot35 executed MOVE_FORWARD
[14:35:53.951] Starting turn for Bot8
[14:35:53.951] Starting turn for Bot35
[14:35:53.951] Bot35 rotated left to face WEST
[14:35:53.951] Bot35 executed ROTATE_LEFT
[14:35:53.951] Bot35 rotated left to face SOUTH
[14:35:53.951] Bot35 executed ROTATE_LEFT
[14:35:53.951] Bot35 moved forward to (2,2)
[14:35:53.951] Bot35 executed MOVE_FORWARD
[14:35:53.951] Starting turn for Bot8
[14:35:53.951] Starting turn for Bot35
[14:35:53.951] Bot35 rotated left to face EAST
[14:35:53.951] Bot35 executed ROTATE_LEFT
[14:35:53.951] Starting turn for Bot8
[14:35:53.951] Stalemate detected: State repeated 10 times, unchanged for 1 turns
[14:35:53.951] Game Over! Stalemate detected!
[14:35:53.951] Stalemate detected: State repeated 10 times, unchanged for 1 turns
