[19:20:39.506] === Game Started at 2025-01-16_19-20-39 ===
[19:20:39.506] Game initialized with 2 players
[19:20:39.506] Board size: 10
[19:20:39.506] Obstacle density: 0.05
[19:20:39.506] Max turns: 1000
[19:20:39.506] Player Bot3 starting at position (0,0) facing NORTH
[19:20:39.506] Player Bot5 starting at position (9,9) facing EAST
[19:20:39.506] Obstacles at positions: (2,7) (4,9) (7,0) (9,2) (9,4)
[19:20:39.506] Starting turn for Bot3
[19:20:39.506] Bot3 rotated right to face EAST
[19:20:39.506] Bot3 executed ROTATE_RIGHT
[19:20:39.506] Bot3 moved forward to (0,1)
[19:20:39.506] Bot3 executed MOVE_FORWARD
[19:20:39.506] Starting turn for Bot5
[19:20:39.506] Bot5 rotated left to face NORTH
[19:20:39.506] Bot5 executed ROTATE_LEFT
[19:20:39.506] Bot5 rotated left to face WEST
[19:20:39.506] Bot5 executed ROTATE_LEFT
[19:20:39.506] Bot5 moved forward to (9,8)
[19:20:39.506] Bot5 executed MOVE_FORWARD
[19:20:39.506] Starting turn for Bot3
[19:20:39.507] Bot3 rotated right to face SOUTH
[19:20:39.507] Bot3 executed ROTATE_RIGHT
[19:20:39.507] Bot3 moved forward to (1,1)
[19:20:39.507] Bot3 executed MOVE_FORWARD
[19:20:39.507] Starting turn for Bot5
[19:20:39.507] Bot5 rotated right to face NORTH
[19:20:39.507] Bot5 executed ROTATE_RIGHT
[19:20:39.507] Bot5 moved forward to (8,8)
[19:20:39.507] Bot5 executed MOVE_FORWARD
[19:20:39.507] Starting turn for Bot3
[19:20:39.507] Bot3 rotated left to face EAST
[19:20:39.507] Bot3 executed ROTATE_LEFT
[19:20:39.507] Bot3 moved forward to (1,2)
[19:20:39.507] Bot3 executed MOVE_FORWARD
[19:20:39.507] Starting turn for Bot5
[19:20:39.507] Bot5 rotated left to face WEST
[19:20:39.507] Bot5 executed ROTATE_LEFT
[19:20:39.507] Bot5 moved forward to (8,7)
[19:20:39.507] Bot5 executed MOVE_FORWARD
[19:20:39.507] Starting turn for Bot3
[19:20:39.507] Bot3 rotated right to face SOUTH
[19:20:39.507] Bot3 executed ROTATE_RIGHT
[19:20:39.507] Bot3 moved forward to (2,2)
[19:20:39.507] Bot3 executed MOVE_FORWARD
[19:20:39.507] Starting turn for Bot5
[19:20:39.507] Bot5 rotated right to face NORTH
[19:20:39.507] Bot5 executed ROTATE_RIGHT
[19:20:39.507] Bot5 moved forward to (7,7)
[19:20:39.507] Bot5 executed MOVE_FORWARD
[19:20:39.507] Starting turn for Bot3
[19:20:39.507] Bot3 rotated left to face EAST
[19:20:39.507] Bot3 executed ROTATE_LEFT
[19:20:39.507] Bot3 moved forward to (2,3)
[19:20:39.507] Bot3 executed MOVE_FORWARD
[19:20:39.507] Starting turn for Bot5
[19:20:39.507] Bot5 rotated left to face WEST
[19:20:39.507] Bot5 executed ROTATE_LEFT
[19:20:39.507] Bot5 moved forward to (7,6)
[19:20:39.507] Bot5 executed MOVE_FORWARD
[19:20:39.507] Starting turn for Bot3
[19:20:39.507] Bot3 rotated right to face SOUTH
[19:20:39.507] Bot3 executed ROTATE_RIGHT
[19:20:39.507] Bot3 moved forward to (3,3)
[19:20:39.507] Bot3 executed MOVE_FORWARD
[19:20:39.507] Starting turn for Bot5
[19:20:39.507] Bot5 rotated right to face NORTH
[19:20:39.507] Bot5 executed ROTATE_RIGHT
[19:20:39.507] Bot5 moved forward to (6,6)
[19:20:39.507] Bot5 executed MOVE_FORWARD
[19:20:39.507] Starting turn for Bot3
[19:20:39.507] Bot3 rotated left to face EAST
[19:20:39.507] Bot3 executed ROTATE_LEFT
[19:20:39.507] Bot3 moved forward to (3,4)
[19:20:39.507] Bot3 executed MOVE_FORWARD
[19:20:39.507] Starting turn for Bot5
[19:20:39.507] Bot5 rotated left to face WEST
[19:20:39.507] Bot5 executed ROTATE_LEFT
[19:20:39.507] Bot5 moved forward to (6,5)
[19:20:39.507] Bot5 executed MOVE_FORWARD
[19:20:39.507] Starting turn for Bot3
[19:20:39.507] Bot3 rotated right to face SOUTH
[19:20:39.507] Bot3 executed ROTATE_RIGHT
[19:20:39.507] Bot3 moved forward to (4,4)
[19:20:39.507] Bot3 executed MOVE_FORWARD
[19:20:39.507] Starting turn for Bot5
[19:20:39.507] Bot5 rotated right to face NORTH
[19:20:39.507] Bot5 executed ROTATE_RIGHT
[19:20:39.507] Bot5 moved forward to (5,5)
[19:20:39.507] Bot5 executed MOVE_FORWARD
[19:20:39.507] Starting turn for Bot3
[19:20:39.507] Bot3 rotated left to face EAST
[19:20:39.507] Bot3 executed ROTATE_LEFT
[19:20:39.507] Bot3 moved forward to (4,5)
[19:20:39.507] Bot3 executed MOVE_FORWARD
[19:20:39.507] Starting turn for Bot5
[19:20:39.507] Bot5 shooting in direction NORTH
[19:20:39.507] Bot5 hit Bot3 for 25 damage (health: 100 -> 75)
[19:20:39.507] Bot5 executed SHOOT
[19:20:39.507] Starting turn for Bot3
[19:20:39.507] Bot3 rotated right to face SOUTH
[19:20:39.507] Bot3 executed ROTATE_RIGHT
[19:20:39.507] Starting turn for Bot5
[19:20:39.507] Bot5 shooting in direction NORTH
[19:20:39.507] Bot5 hit Bot3 for 25 damage (health: 75 -> 50)
[19:20:39.507] Bot5 executed SHOOT
[19:20:39.507] Starting turn for Bot3
[19:20:39.507] Bot3 shooting in direction SOUTH
[19:20:39.507] Bot3 hit Bot5 for 25 damage (health: 100 -> 75)
[19:20:39.507] Bot3 executed SHOOT
[19:20:39.507] Starting turn for Bot5
[19:20:39.507] Bot5 shooting in direction NORTH
[19:20:39.507] Bot5 hit Bot3 for 25 damage (health: 50 -> 25)
[19:20:39.507] Bot5 executed SHOOT
[19:20:39.507] Starting turn for Bot3
[19:20:39.507] Bot3 shooting in direction SOUTH
[19:20:39.507] Bot3 hit Bot5 for 25 damage (health: 75 -> 50)
[19:20:39.507] Bot3 executed SHOOT
[19:20:39.507] Starting turn for Bot5
[19:20:39.507] Bot5 shooting in direction NORTH
[19:20:39.507] Bot5 hit Bot3 for 25 damage (health: 25 -> 0)
[19:20:39.507] Bot3 was destroyed!
[19:20:39.507] Bot5 is the last tank standing!
[19:20:39.507] Bot5 executed SHOOT
[19:20:39.507] Game Over! Bot5 wins!
[19:20:39.507] === Game Ended ===
