[14:36:04.343] === Game Started at 2025-02-04_14-36-04 ===
[14:36:04.343] Game initialized with 2 players
[14:36:04.343] Board size: 10
[14:36:04.343] Obstacle density: 0.05
[14:36:04.343] Max turns: 1000
[14:36:04.343] Player Bot23 starting at position (0,0) facing SOUTH
[14:36:04.343] Player Bot17 starting at position (9,9) facing EAST
[14:36:04.343] Obstacles at positions: (3,3) (3,8) (7,6) (7,7) (9,5)
[14:36:04.343] Starting turn for Bot23
[14:36:04.343] Bot23 rotated left to face EAST
[14:36:04.343] Bot23 executed ROTATE_LEFT
[14:36:04.343] Bot23 moved forward to (0,1)
[14:36:04.343] Bot23 executed MOVE_FORWARD
[14:36:04.343] Starting turn for Bot17
[14:36:04.343] Bot17 rotated left to face NORTH
[14:36:04.343] Bot17 executed ROTATE_LEFT
[14:36:04.343] Bot17 rotated left to face WEST
[14:36:04.343] Bot17 executed ROTATE_LEFT
[14:36:04.343] Bot17 moved forward to (9,8)
[14:36:04.343] Bot17 executed MOVE_FORWARD
[14:36:04.343] Starting turn for Bot23
[14:36:04.343] Bot23 rotated right to face SOUTH
[14:36:04.343] Bot23 executed ROTATE_RIGHT
[14:36:04.343] Bot23 moved forward to (1,1)
[14:36:04.343] Bot23 executed MOVE_FORWARD
[14:36:04.343] Starting turn for Bot17
[14:36:04.343] Bot17 rotated right to face NORTH
[14:36:04.343] Bot17 executed ROTATE_RIGHT
[14:36:04.343] Bot17 moved forward to (8,8)
[14:36:04.343] Bot17 executed MOVE_FORWARD
[14:36:04.343] Starting turn for Bot23
[14:36:04.343] Bot23 rotated left to face EAST
[14:36:04.343] Bot23 executed ROTATE_LEFT
[14:36:04.343] Bot23 moved forward to (1,2)
[14:36:04.343] Bot23 executed MOVE_FORWARD
[14:36:04.343] Starting turn for Bot17
[14:36:04.343] Bot17 rotated left to face WEST
[14:36:04.343] Bot17 executed ROTATE_LEFT
[14:36:04.343] Bot17 moved forward to (8,7)
[14:36:04.343] Bot17 executed MOVE_FORWARD
[14:36:04.343] Starting turn for Bot23
[14:36:04.343] Bot23 rotated right to face SOUTH
[14:36:04.343] Bot23 executed ROTATE_RIGHT
[14:36:04.343] Bot23 moved forward to (2,2)
[14:36:04.343] Bot23 executed MOVE_FORWARD
[14:36:04.343] Starting turn for Bot17
[14:36:04.343] Bot17 rotated right to face NORTH
[14:36:04.343] Bot17 executed ROTATE_RIGHT
[14:36:04.343] Starting turn for Bot23
[14:36:04.343] Bot23 rotated left to face EAST
[14:36:04.343] Bot23 executed ROTATE_LEFT
[14:36:04.343] Bot23 moved forward to (2,3)
[14:36:04.343] Bot23 executed MOVE_FORWARD
[14:36:04.343] Starting turn for Bot17
[14:36:04.343] Starting turn for Bot23
[14:36:04.343] Bot23 rotated right to face SOUTH
[14:36:04.343] Bot23 executed ROTATE_RIGHT
[14:36:04.343] Starting turn for Bot17
[14:36:04.343] Bot17 rotated right to face EAST
[14:36:04.343] Bot17 executed ROTATE_RIGHT
[14:36:04.343] Bot17 moved forward to (8,8)
[14:36:04.343] Bot17 executed MOVE_FORWARD
[14:36:04.343] Starting turn for Bot23
[14:36:04.343] Starting turn for Bot17
[14:36:04.343] Bot17 rotated left to face NORTH
[14:36:04.343] Bot17 executed ROTATE_LEFT
[14:36:04.343] Bot17 rotated left to face WEST
[14:36:04.343] Bot17 executed ROTATE_LEFT
[14:36:04.343] Bot17 moved forward to (8,7)
[14:36:04.343] Bot17 executed MOVE_FORWARD
[14:36:04.343] Starting turn for Bot23
[14:36:04.343] Bot23 rotated left to face EAST
[14:36:04.343] Bot23 executed ROTATE_LEFT
[14:36:04.343] Bot23 rotated left to face NORTH
[14:36:04.343] Bot23 executed ROTATE_LEFT
[14:36:04.343] Bot23 moved forward to (1,3)
[14:36:04.343] Bot23 executed MOVE_FORWARD
[14:36:04.343] Starting turn for Bot17
[14:36:04.343] Bot17 rotated right to face NORTH
[14:36:04.343] Bot17 executed ROTATE_RIGHT
[14:36:04.343] Starting turn for Bot23
[14:36:04.343] Bot23 rotated left to face WEST
[14:36:04.343] Bot23 executed ROTATE_LEFT
[14:36:04.343] Bot23 rotated left to face SOUTH
[14:36:04.343] Bot23 executed ROTATE_LEFT
[14:36:04.343] Bot23 moved forward to (2,3)
[14:36:04.343] Bot23 executed MOVE_FORWARD
[14:36:04.343] Starting turn for Bot17
[14:36:04.343] Starting turn for Bot23
[14:36:04.343] Starting turn for Bot17
[14:36:04.343] Bot17 rotated right to face EAST
[14:36:04.343] Bot17 executed ROTATE_RIGHT
[14:36:04.343] Bot17 moved forward to (8,8)
[14:36:04.343] Bot17 executed MOVE_FORWARD
[14:36:04.343] Starting turn for Bot23
[14:36:04.343] Starting turn for Bot17
[14:36:04.343] Bot17 rotated left to face NORTH
[14:36:04.343] Bot17 executed ROTATE_LEFT
[14:36:04.343] Bot17 rotated left to face WEST
[14:36:04.343] Bot17 executed ROTATE_LEFT
[14:36:04.343] Bot17 moved forward to (8,7)
[14:36:04.343] Bot17 executed MOVE_FORWARD
[14:36:04.343] Starting turn for Bot23
[14:36:04.343] Bot23 rotated left to face EAST
[14:36:04.343] Bot23 executed ROTATE_LEFT
[14:36:04.343] Bot23 rotated left to face NORTH
[14:36:04.343] Bot23 executed ROTATE_LEFT
[14:36:04.343] Bot23 moved forward to (1,3)
[14:36:04.343] Bot23 executed MOVE_FORWARD
[14:36:04.343] Starting turn for Bot17
[14:36:04.343] Bot17 rotated right to face NORTH
[14:36:04.343] Bot17 executed ROTATE_RIGHT
[14:36:04.343] Starting turn for Bot23
[14:36:04.343] Bot23 rotated left to face WEST
[14:36:04.343] Bot23 executed ROTATE_LEFT
[14:36:04.343] Bot23 rotated left to face SOUTH
[14:36:04.343] Bot23 executed ROTATE_LEFT
[14:36:04.343] Bot23 moved forward to (2,3)
[14:36:04.343] Bot23 executed MOVE_FORWARD
[14:36:04.343] Starting turn for Bot17
[14:36:04.343] Starting turn for Bot23
[14:36:04.343] Starting turn for Bot17
[14:36:04.343] Bot17 rotated right to face EAST
[14:36:04.343] Bot17 executed ROTATE_RIGHT
[14:36:04.343] Bot17 moved forward to (8,8)
[14:36:04.343] Bot17 executed MOVE_FORWARD
[14:36:04.343] Starting turn for Bot23
[14:36:04.343] Starting turn for Bot17
[14:36:04.343] Bot17 rotated left to face NORTH
[14:36:04.343] Bot17 executed ROTATE_LEFT
[14:36:04.343] Bot17 rotated left to face WEST
[14:36:04.343] Bot17 executed ROTATE_LEFT
[14:36:04.343] Bot17 moved forward to (8,7)
[14:36:04.343] Bot17 executed MOVE_FORWARD
[14:36:04.343] Starting turn for Bot23
[14:36:04.343] Bot23 rotated left to face EAST
[14:36:04.343] Bot23 executed ROTATE_LEFT
[14:36:04.343] Bot23 rotated left to face NORTH
[14:36:04.343] Bot23 executed ROTATE_LEFT
[14:36:04.343] Bot23 moved forward to (1,3)
[14:36:04.343] Bot23 executed MOVE_FORWARD
[14:36:04.343] Starting turn for Bot17
[14:36:04.343] Bot17 rotated right to face NORTH
[14:36:04.343] Bot17 executed ROTATE_RIGHT
[14:36:04.343] Starting turn for Bot23
[14:36:04.343] Bot23 rotated left to face WEST
[14:36:04.343] Bot23 executed ROTATE_LEFT
[14:36:04.343] Bot23 rotated left to face SOUTH
[14:36:04.343] Bot23 executed ROTATE_LEFT
[14:36:04.343] Bot23 moved forward to (2,3)
[14:36:04.343] Bot23 executed MOVE_FORWARD
[14:36:04.343] Starting turn for Bot17
[14:36:04.343] Starting turn for Bot23
[14:36:04.343] Starting turn for Bot17
[14:36:04.343] Bot17 rotated right to face EAST
[14:36:04.343] Bot17 executed ROTATE_RIGHT
[14:36:04.343] Bot17 moved forward to (8,8)
[14:36:04.343] Bot17 executed MOVE_FORWARD
[14:36:04.343] Starting turn for Bot23
[14:36:04.343] Starting turn for Bot17
[14:36:04.343] Bot17 rotated left to face NORTH
[14:36:04.343] Bot17 executed ROTATE_LEFT
[14:36:04.343] Bot17 rotated left to face WEST
[14:36:04.343] Bot17 executed ROTATE_LEFT
[14:36:04.343] Bot17 moved forward to (8,7)
[14:36:04.343] Bot17 executed MOVE_FORWARD
[14:36:04.343] Starting turn for Bot23
[14:36:04.343] Bot23 rotated left to face EAST
[14:36:04.343] Bot23 executed ROTATE_LEFT
[14:36:04.343] Bot23 rotated left to face NORTH
[14:36:04.343] Bot23 executed ROTATE_LEFT
[14:36:04.343] Bot23 moved forward to (1,3)
[14:36:04.343] Bot23 executed MOVE_FORWARD
[14:36:04.343] Starting turn for Bot17
[14:36:04.343] Bot17 rotated right to face NORTH
[14:36:04.343] Bot17 executed ROTATE_RIGHT
[14:36:04.343] Starting turn for Bot23
[14:36:04.343] Bot23 rotated left to face WEST
[14:36:04.344] Bot23 executed ROTATE_LEFT
[14:36:04.344] Bot23 rotated left to face SOUTH
[14:36:04.344] Bot23 executed ROTATE_LEFT
[14:36:04.344] Bot23 moved forward to (2,3)
[14:36:04.344] Bot23 executed MOVE_FORWARD
[14:36:04.344] Starting turn for Bot17
[14:36:04.344] Stalemate detected: State repeated 10 times, unchanged for 3 turns
[14:36:04.344] Game Over! Stalemate detected!
[14:36:04.344] Stalemate detected: State repeated 10 times, unchanged for 3 turns
