[14:36:08.743] === Game Started at 2025-02-04_14-36-08 ===
[14:36:08.743] Game initialized with 2 players
[14:36:08.743] Board size: 10
[14:36:08.743] Obstacle density: 0.05
[14:36:08.743] Max turns: 1000
[14:36:08.743] Player Bot40 starting at position (0,0) facing SOUTH
[14:36:08.743] Player Bot21 starting at position (9,9) facing WEST
[14:36:08.743] Obstacles at positions: (1,9) (2,5) (4,8) (8,8) (9,6)
[14:36:08.743] Starting turn for Bot40
[14:36:08.743] Bot40 rotated left to face EAST
[14:36:08.744] Bot40 executed ROTATE_LEFT
[14:36:08.744] Bot40 moved forward to (0,1)
[14:36:08.744] Bot40 executed MOVE_FORWARD
[14:36:08.744] Starting turn for Bot21
[14:36:08.744] Bot21 moved forward to (9,8)
[14:36:08.744] Bot21 executed MOVE_FORWARD
[14:36:08.744] Starting turn for Bot40
[14:36:08.744] Bot40 rotated right to face SOUTH
[14:36:08.744] Bot40 executed ROTATE_RIGHT
[14:36:08.744] Bot40 moved forward to (1,1)
[14:36:08.744] Bot40 executed MOVE_FORWARD
[14:36:08.744] Starting turn for Bot21
[14:36:08.744] Bot21 rotated right to face NORTH
[14:36:08.744] Bot21 executed ROTATE_RIGHT
[14:36:08.744] Starting turn for Bot40
[14:36:08.744] Bot40 rotated left to face EAST
[14:36:08.744] Bot40 executed ROTATE_LEFT
[14:36:08.744] Bot40 moved forward to (1,2)
[14:36:08.744] Bot40 executed MOVE_FORWARD
[14:36:08.744] Starting turn for Bot21
[14:36:08.744] Starting turn for Bot40
[14:36:08.744] Bot40 rotated right to face SOUTH
[14:36:08.744] Bot40 executed ROTATE_RIGHT
[14:36:08.744] Bot40 moved forward to (2,2)
[14:36:08.744] Bot40 executed MOVE_FORWARD
[14:36:08.744] Starting turn for Bot21
[14:36:08.744] Bot21 rotated right to face EAST
[14:36:08.744] Bot21 executed ROTATE_RIGHT
[14:36:08.744] Bot21 moved forward to (9,9)
[14:36:08.744] Bot21 executed MOVE_FORWARD
[14:36:08.744] Starting turn for Bot40
[14:36:08.744] Bot40 rotated left to face EAST
[14:36:08.744] Bot40 executed ROTATE_LEFT
[14:36:08.744] Bot40 moved forward to (2,3)
[14:36:08.744] Bot40 executed MOVE_FORWARD
[14:36:08.744] Starting turn for Bot21
[14:36:08.744] Bot21 rotated left to face NORTH
[14:36:08.744] Bot21 executed ROTATE_LEFT
[14:36:08.744] Bot21 rotated left to face WEST
[14:36:08.744] Bot21 executed ROTATE_LEFT
[14:36:08.744] Bot21 moved forward to (9,8)
[14:36:08.744] Bot21 executed MOVE_FORWARD
[14:36:08.744] Starting turn for Bot40
[14:36:08.744] Bot40 rotated right to face SOUTH
[14:36:08.744] Bot40 executed ROTATE_RIGHT
[14:36:08.744] Bot40 moved forward to (3,3)
[14:36:08.744] Bot40 executed MOVE_FORWARD
[14:36:08.744] Starting turn for Bot21
[14:36:08.744] Bot21 rotated right to face NORTH
[14:36:08.744] Bot21 executed ROTATE_RIGHT
[14:36:08.744] Starting turn for Bot40
[14:36:08.744] Bot40 rotated left to face EAST
[14:36:08.744] Bot40 executed ROTATE_LEFT
[14:36:08.744] Bot40 moved forward to (3,4)
[14:36:08.744] Bot40 executed MOVE_FORWARD
[14:36:08.744] Starting turn for Bot21
[14:36:08.744] Starting turn for Bot40
[14:36:08.744] Bot40 rotated right to face SOUTH
[14:36:08.744] Bot40 executed ROTATE_RIGHT
[14:36:08.744] Bot40 moved forward to (4,4)
[14:36:08.744] Bot40 executed MOVE_FORWARD
[14:36:08.744] Starting turn for Bot21
[14:36:08.744] Bot21 rotated right to face EAST
[14:36:08.744] Bot21 executed ROTATE_RIGHT
[14:36:08.744] Bot21 moved forward to (9,9)
[14:36:08.744] Bot21 executed MOVE_FORWARD
[14:36:08.744] Starting turn for Bot40
[14:36:08.744] Bot40 rotated left to face EAST
[14:36:08.744] Bot40 executed ROTATE_LEFT
[14:36:08.744] Bot40 moved forward to (4,5)
[14:36:08.744] Bot40 executed MOVE_FORWARD
[14:36:08.744] Starting turn for Bot21
[14:36:08.744] Bot21 rotated left to face NORTH
[14:36:08.744] Bot21 executed ROTATE_LEFT
[14:36:08.744] Bot21 rotated left to face WEST
[14:36:08.744] Bot21 executed ROTATE_LEFT
[14:36:08.744] Bot21 moved forward to (9,8)
[14:36:08.744] Bot21 executed MOVE_FORWARD
[14:36:08.744] Starting turn for Bot40
[14:36:08.744] Bot40 rotated right to face SOUTH
[14:36:08.744] Bot40 executed ROTATE_RIGHT
[14:36:08.744] Bot40 moved forward to (5,5)
[14:36:08.744] Bot40 executed MOVE_FORWARD
[14:36:08.744] Starting turn for Bot21
[14:36:08.744] Bot21 rotated right to face NORTH
[14:36:08.744] Bot21 executed ROTATE_RIGHT
[14:36:08.744] Starting turn for Bot40
[14:36:08.744] Starting turn for Bot21
[14:36:08.744] Starting turn for Bot40
[14:36:08.744] Starting turn for Bot21
[14:36:08.744] Bot21 rotated right to face EAST
[14:36:08.744] Bot21 executed ROTATE_RIGHT
[14:36:08.744] Bot21 moved forward to (9,9)
[14:36:08.744] Bot21 executed MOVE_FORWARD
[14:36:08.744] Starting turn for Bot40
[14:36:08.744] Starting turn for Bot21
[14:36:08.744] Bot21 rotated left to face NORTH
[14:36:08.744] Bot21 executed ROTATE_LEFT
[14:36:08.744] Bot21 rotated left to face WEST
[14:36:08.744] Bot21 executed ROTATE_LEFT
[14:36:08.744] Bot21 moved forward to (9,8)
[14:36:08.744] Bot21 executed MOVE_FORWARD
[14:36:08.744] Starting turn for Bot40
[14:36:08.744] Starting turn for Bot21
[14:36:08.744] Bot21 rotated right to face NORTH
[14:36:08.744] Bot21 executed ROTATE_RIGHT
[14:36:08.744] Starting turn for Bot40
[14:36:08.744] Starting turn for Bot21
[14:36:08.744] Starting turn for Bot40
[14:36:08.744] Starting turn for Bot21
[14:36:08.744] Bot21 rotated right to face EAST
[14:36:08.744] Bot21 executed ROTATE_RIGHT
[14:36:08.744] Bot21 moved forward to (9,9)
[14:36:08.744] Bot21 executed MOVE_FORWARD
[14:36:08.744] Starting turn for Bot40
[14:36:08.744] Starting turn for Bot21
[14:36:08.744] Bot21 rotated left to face NORTH
[14:36:08.744] Bot21 executed ROTATE_LEFT
[14:36:08.744] Bot21 rotated left to face WEST
[14:36:08.744] Bot21 executed ROTATE_LEFT
[14:36:08.744] Bot21 moved forward to (9,8)
[14:36:08.744] Bot21 executed MOVE_FORWARD
[14:36:08.744] Starting turn for Bot40
[14:36:08.744] Starting turn for Bot21
[14:36:08.744] Bot21 rotated right to face NORTH
[14:36:08.744] Bot21 executed ROTATE_RIGHT
[14:36:08.744] Starting turn for Bot40
[14:36:08.744] Starting turn for Bot21
[14:36:08.744] Starting turn for Bot40
[14:36:08.744] Starting turn for Bot21
[14:36:08.744] Stalemate detected: State repeated 10 times, unchanged for 2 turns
[14:36:08.744] Game Over! Stalemate detected!
[14:36:08.744] Stalemate detected: State repeated 10 times, unchanged for 2 turns
