[14:35:59.985] === Game Started at 2025-02-04_14-35-59 ===
[14:35:59.985] Game initialized with 2 players
[14:35:59.985] Board size: 10
[14:35:59.985] Obstacle density: 0.05
[14:35:59.985] Max turns: 1000
[14:35:59.985] Player Bot29 starting at position (0,0) facing SOUTH
[14:35:59.985] Player Bot13 starting at position (9,9) facing NORTH
[14:35:59.985] Obstacles at positions: (4,1) (4,5) (4,9) (5,1) (9,8)
[14:35:59.985] Starting turn for Bot29
[14:35:59.985] Bot29 rotated left to face EAST
[14:35:59.985] Bot29 executed ROTATE_LEFT
[14:35:59.985] Bot29 moved forward to (0,1)
[14:35:59.985] Bot29 executed MOVE_FORWARD
[14:35:59.985] Starting turn for Bot13
[14:35:59.985] Bot13 rotated left to face WEST
[14:35:59.985] Bot13 executed ROTATE_LEFT
[14:35:59.985] Starting turn for Bot29
[14:35:59.985] Bot29 rotated right to face SOUTH
[14:35:59.985] Bot29 executed ROTATE_RIGHT
[14:35:59.985] Bot29 moved forward to (1,1)
[14:35:59.985] Bot29 executed MOVE_FORWARD
[14:35:59.985] Starting turn for Bot13
[14:35:59.985] Starting turn for Bot29
[14:35:59.985] Bot29 rotated left to face EAST
[14:35:59.985] Bot29 executed ROTATE_LEFT
[14:35:59.985] Bot29 moved forward to (1,2)
[14:35:59.985] Bot29 executed MOVE_FORWARD
[14:35:59.985] Starting turn for Bot13
[14:35:59.985] Bot13 rotated right to face NORTH
[14:35:59.985] Bot13 executed ROTATE_RIGHT
[14:35:59.985] Bot13 moved forward to (8,9)
[14:35:59.985] Bot13 executed MOVE_FORWARD
[14:35:59.985] Starting turn for Bot29
[14:35:59.985] Bot29 rotated right to face SOUTH
[14:35:59.985] Bot29 executed ROTATE_RIGHT
[14:35:59.985] Bot29 moved forward to (2,2)
[14:35:59.985] Bot29 executed MOVE_FORWARD
[14:35:59.985] Starting turn for Bot13
[14:35:59.985] Bot13 rotated left to face WEST
[14:35:59.985] Bot13 executed ROTATE_LEFT
[14:35:59.985] Bot13 moved forward to (8,8)
[14:35:59.985] Bot13 executed MOVE_FORWARD
[14:35:59.985] Starting turn for Bot29
[14:35:59.985] Bot29 rotated left to face EAST
[14:35:59.985] Bot29 executed ROTATE_LEFT
[14:35:59.985] Bot29 moved forward to (2,3)
[14:35:59.985] Bot29 executed MOVE_FORWARD
[14:35:59.985] Starting turn for Bot13
[14:35:59.985] Bot13 moved forward to (8,7)
[14:35:59.985] Bot13 executed MOVE_FORWARD
[14:35:59.985] Starting turn for Bot29
[14:35:59.985] Bot29 rotated right to face SOUTH
[14:35:59.985] Bot29 executed ROTATE_RIGHT
[14:35:59.985] Bot29 moved forward to (3,3)
[14:35:59.985] Bot29 executed MOVE_FORWARD
[14:35:59.985] Starting turn for Bot13
[14:35:59.985] Bot13 rotated right to face NORTH
[14:35:59.985] Bot13 executed ROTATE_RIGHT
[14:35:59.985] Bot13 moved forward to (7,7)
[14:35:59.985] Bot13 executed MOVE_FORWARD
[14:35:59.985] Starting turn for Bot29
[14:35:59.985] Bot29 rotated left to face EAST
[14:35:59.985] Bot29 executed ROTATE_LEFT
[14:35:59.985] Bot29 moved forward to (3,4)
[14:35:59.985] Bot29 executed MOVE_FORWARD
[14:35:59.985] Starting turn for Bot13
[14:35:59.985] Bot13 rotated left to face WEST
[14:35:59.985] Bot13 executed ROTATE_LEFT
[14:35:59.985] Bot13 moved forward to (7,6)
[14:35:59.985] Bot13 executed MOVE_FORWARD
[14:35:59.985] Starting turn for Bot29
[14:35:59.985] Bot29 rotated right to face SOUTH
[14:35:59.985] Bot29 executed ROTATE_RIGHT
[14:35:59.985] Bot29 moved forward to (4,4)
[14:35:59.985] Bot29 executed MOVE_FORWARD
[14:35:59.985] Starting turn for Bot13
[14:35:59.985] Bot13 rotated right to face NORTH
[14:35:59.985] Bot13 executed ROTATE_RIGHT
[14:35:59.985] Bot13 moved forward to (6,6)
[14:35:59.985] Bot13 executed MOVE_FORWARD
[14:35:59.985] Starting turn for Bot29
[14:35:59.985] Bot29 rotated left to face EAST
[14:35:59.985] Bot29 executed ROTATE_LEFT
[14:35:59.985] Starting turn for Bot13
[14:35:59.985] Bot13 rotated left to face WEST
[14:35:59.985] Bot13 executed ROTATE_LEFT
[14:35:59.985] Bot13 moved forward to (6,5)
[14:35:59.985] Bot13 executed MOVE_FORWARD
[14:35:59.985] Starting turn for Bot29
[14:35:59.985] Starting turn for Bot13
[14:35:59.985] Bot13 rotated right to face NORTH
[14:35:59.985] Bot13 executed ROTATE_RIGHT
[14:35:59.985] Bot13 moved forward to (5,5)
[14:35:59.985] Bot13 executed MOVE_FORWARD
[14:35:59.985] Starting turn for Bot29
[14:35:59.985] Bot29 rotated left to face NORTH
[14:35:59.985] Bot29 executed ROTATE_LEFT
[14:35:59.985] Bot29 moved forward to (3,4)
[14:35:59.985] Bot29 executed MOVE_FORWARD
[14:35:59.985] Starting turn for Bot13
[14:35:59.985] Starting turn for Bot29
[14:35:59.985] Bot29 rotated left to face WEST
[14:35:59.985] Bot29 executed ROTATE_LEFT
[14:35:59.985] Bot29 rotated left to face SOUTH
[14:35:59.985] Bot29 executed ROTATE_LEFT
[14:35:59.985] Bot29 moved forward to (4,4)
[14:35:59.985] Bot29 executed MOVE_FORWARD
[14:35:59.985] Starting turn for Bot13
[14:35:59.985] Starting turn for Bot29
[14:35:59.985] Bot29 rotated left to face EAST
[14:35:59.985] Bot29 executed ROTATE_LEFT
[14:35:59.985] Starting turn for Bot13
[14:35:59.985] Starting turn for Bot29
[14:35:59.985] Starting turn for Bot13
[14:35:59.985] Starting turn for Bot29
[14:35:59.985] Bot29 rotated left to face NORTH
[14:35:59.985] Bot29 executed ROTATE_LEFT
[14:35:59.985] Bot29 moved forward to (3,4)
[14:35:59.985] Bot29 executed MOVE_FORWARD
[14:35:59.985] Starting turn for Bot13
[14:35:59.985] Starting turn for Bot29
[14:35:59.985] Bot29 rotated left to face WEST
[14:35:59.985] Bot29 executed ROTATE_LEFT
[14:35:59.985] Bot29 rotated left to face SOUTH
[14:35:59.985] Bot29 executed ROTATE_LEFT
[14:35:59.985] Bot29 moved forward to (4,4)
[14:35:59.985] Bot29 executed MOVE_FORWARD
[14:35:59.985] Starting turn for Bot13
[14:35:59.985] Starting turn for Bot29
[14:35:59.985] Bot29 rotated left to face EAST
[14:35:59.985] Bot29 executed ROTATE_LEFT
[14:35:59.985] Starting turn for Bot13
[14:35:59.985] Starting turn for Bot29
[14:35:59.985] Starting turn for Bot13
[14:35:59.985] Starting turn for Bot29
[14:35:59.985] Bot29 rotated left to face NORTH
[14:35:59.985] Bot29 executed ROTATE_LEFT
[14:35:59.985] Bot29 moved forward to (3,4)
[14:35:59.985] Bot29 executed MOVE_FORWARD
[14:35:59.985] Starting turn for Bot13
[14:35:59.985] Starting turn for Bot29
[14:35:59.985] Bot29 rotated left to face WEST
[14:35:59.985] Bot29 executed ROTATE_LEFT
[14:35:59.985] Bot29 rotated left to face SOUTH
[14:35:59.985] Bot29 executed ROTATE_LEFT
[14:35:59.985] Bot29 moved forward to (4,4)
[14:35:59.985] Bot29 executed MOVE_FORWARD
[14:35:59.985] Starting turn for Bot13
[14:35:59.985] Starting turn for Bot29
[14:35:59.985] Bot29 rotated left to face EAST
[14:35:59.985] Bot29 executed ROTATE_LEFT
[14:35:59.985] Starting turn for Bot13
[14:35:59.985] Stalemate detected: State repeated 10 times, unchanged for 1 turns
[14:35:59.985] Game Over! Stalemate detected!
[14:35:59.985] Stalemate detected: State repeated 10 times, unchanged for 1 turns
