[14:35:46.756] === Game Started at 2025-02-04_14-35-46 ===
[14:35:46.756] Game initialized with 2 players
[14:35:46.756] Board size: 10
[14:35:46.756] Obstacle density: 0.05
[14:35:46.756] Max turns: 1000
[14:35:46.756] Player Bot33 starting at position (0,0) facing EAST
[14:35:46.756] Player Bot4 starting at position (9,9) facing WEST
[14:35:46.756] Obstacles at positions: (3,3) (5,7) (5,8) (6,9) (9,4)
[14:35:46.756] Starting turn for Bot33
[14:35:46.756] Bot33 moved forward to (0,1)
[14:35:46.756] Bot33 executed MOVE_FORWARD
[14:35:46.756] Starting turn for Bot4
[14:35:46.756] Bot4 moved forward to (9,8)
[14:35:46.756] Bot4 executed MOVE_FORWARD
[14:35:46.756] Starting turn for Bot33
[14:35:46.756] Bot33 rotated right to face SOUTH
[14:35:46.756] Bot33 executed ROTATE_RIGHT
[14:35:46.756] Bot33 moved forward to (1,1)
[14:35:46.756] Bot33 executed MOVE_FORWARD
[14:35:46.756] Starting turn for Bot4
[14:35:46.756] Bot4 rotated right to face NORTH
[14:35:46.756] Bot4 executed ROTATE_RIGHT
[14:35:46.756] Bot4 moved forward to (8,8)
[14:35:46.756] Bot4 executed MOVE_FORWARD
[14:35:46.756] Starting turn for Bot33
[14:35:46.757] Bot33 rotated left to face EAST
[14:35:46.757] Bot33 executed ROTATE_LEFT
[14:35:46.757] Bot33 moved forward to (1,2)
[14:35:46.757] Bot33 executed MOVE_FORWARD
[14:35:46.757] Starting turn for Bot4
[14:35:46.757] Bot4 rotated left to face WEST
[14:35:46.757] Bot4 executed ROTATE_LEFT
[14:35:46.757] Bot4 moved forward to (8,7)
[14:35:46.757] Bot4 executed MOVE_FORWARD
[14:35:46.757] Starting turn for Bot33
[14:35:46.757] Bot33 rotated right to face SOUTH
[14:35:46.757] Bot33 executed ROTATE_RIGHT
[14:35:46.757] Bot33 moved forward to (2,2)
[14:35:46.757] Bot33 executed MOVE_FORWARD
[14:35:46.757] Starting turn for Bot4
[14:35:46.757] Bot4 rotated right to face NORTH
[14:35:46.757] Bot4 executed ROTATE_RIGHT
[14:35:46.757] Bot4 moved forward to (7,7)
[14:35:46.757] Bot4 executed MOVE_FORWARD
[14:35:46.757] Starting turn for Bot33
[14:35:46.757] Bot33 rotated left to face EAST
[14:35:46.757] Bot33 executed ROTATE_LEFT
[14:35:46.757] Bot33 moved forward to (2,3)
[14:35:46.757] Bot33 executed MOVE_FORWARD
[14:35:46.757] Starting turn for Bot4
[14:35:46.757] Bot4 rotated left to face WEST
[14:35:46.757] Bot4 executed ROTATE_LEFT
[14:35:46.757] Bot4 moved forward to (7,6)
[14:35:46.757] Bot4 executed MOVE_FORWARD
[14:35:46.757] Starting turn for Bot33
[14:35:46.757] Bot33 rotated right to face SOUTH
[14:35:46.757] Bot33 executed ROTATE_RIGHT
[14:35:46.757] Starting turn for Bot4
[14:35:46.757] Bot4 rotated right to face NORTH
[14:35:46.757] Bot4 executed ROTATE_RIGHT
[14:35:46.757] Bot4 moved forward to (6,6)
[14:35:46.757] Bot4 executed MOVE_FORWARD
[14:35:46.757] Starting turn for Bot33
[14:35:46.757] Starting turn for Bot4
[14:35:46.757] Bot4 rotated left to face WEST
[14:35:46.757] Bot4 executed ROTATE_LEFT
[14:35:46.757] Bot4 moved forward to (6,5)
[14:35:46.757] Bot4 executed MOVE_FORWARD
[14:35:46.757] Starting turn for Bot33
[14:35:46.757] Bot33 rotated left to face EAST
[14:35:46.757] Bot33 executed ROTATE_LEFT
[14:35:46.757] Bot33 rotated left to face NORTH
[14:35:46.757] Bot33 executed ROTATE_LEFT
[14:35:46.757] Bot33 moved forward to (1,3)
[14:35:46.757] Bot33 executed MOVE_FORWARD
[14:35:46.757] Starting turn for Bot4
[14:35:46.757] Bot4 rotated right to face NORTH
[14:35:46.757] Bot4 executed ROTATE_RIGHT
[14:35:46.757] Bot4 moved forward to (5,5)
[14:35:46.757] Bot4 executed MOVE_FORWARD
[14:35:46.757] Starting turn for Bot33
[14:35:46.757] Bot33 rotated left to face WEST
[14:35:46.757] Bot33 executed ROTATE_LEFT
[14:35:46.757] Bot33 rotated left to face SOUTH
[14:35:46.757] Bot33 executed ROTATE_LEFT
[14:35:46.757] Bot33 moved forward to (2,3)
[14:35:46.757] Bot33 executed MOVE_FORWARD
[14:35:46.757] Starting turn for Bot4
[14:35:46.757] Starting turn for Bot33
[14:35:46.757] Starting turn for Bot4
[14:35:46.757] Starting turn for Bot33
[14:35:46.757] Starting turn for Bot4
[14:35:46.757] Starting turn for Bot33
[14:35:46.757] Bot33 rotated left to face EAST
[14:35:46.757] Bot33 executed ROTATE_LEFT
[14:35:46.757] Bot33 rotated left to face NORTH
[14:35:46.757] Bot33 executed ROTATE_LEFT
[14:35:46.757] Bot33 moved forward to (1,3)
[14:35:46.757] Bot33 executed MOVE_FORWARD
[14:35:46.757] Starting turn for Bot4
[14:35:46.757] Starting turn for Bot33
[14:35:46.757] Bot33 rotated left to face WEST
[14:35:46.757] Bot33 executed ROTATE_LEFT
[14:35:46.757] Bot33 rotated left to face SOUTH
[14:35:46.757] Bot33 executed ROTATE_LEFT
[14:35:46.757] Bot33 moved forward to (2,3)
[14:35:46.757] Bot33 executed MOVE_FORWARD
[14:35:46.757] Starting turn for Bot4
[14:35:46.757] Starting turn for Bot33
[14:35:46.757] Starting turn for Bot4
[14:35:46.757] Starting turn for Bot33
[14:35:46.757] Starting turn for Bot4
[14:35:46.757] Starting turn for Bot33
[14:35:46.757] Bot33 rotated left to face EAST
[14:35:46.757] Bot33 executed ROTATE_LEFT
[14:35:46.757] Bot33 rotated left to face NORTH
[14:35:46.757] Bot33 executed ROTATE_LEFT
[14:35:46.757] Bot33 moved forward to (1,3)
[14:35:46.757] Bot33 executed MOVE_FORWARD
[14:35:46.757] Starting turn for Bot4
[14:35:46.757] Starting turn for Bot33
[14:35:46.757] Bot33 rotated left to face WEST
[14:35:46.757] Bot33 executed ROTATE_LEFT
[14:35:46.757] Bot33 rotated left to face SOUTH
[14:35:46.757] Bot33 executed ROTATE_LEFT
[14:35:46.757] Bot33 moved forward to (2,3)
[14:35:46.757] Bot33 executed MOVE_FORWARD
[14:35:46.757] Starting turn for Bot4
[14:35:46.757] Starting turn for Bot33
[14:35:46.757] Starting turn for Bot4
[14:35:46.757] Starting turn for Bot33
[14:35:46.757] Starting turn for Bot4
[14:35:46.757] Starting turn for Bot33
[14:35:46.757] Bot33 rotated left to face EAST
[14:35:46.757] Bot33 executed ROTATE_LEFT
[14:35:46.757] Bot33 rotated left to face NORTH
[14:35:46.757] Bot33 executed ROTATE_LEFT
[14:35:46.757] Bot33 moved forward to (1,3)
[14:35:46.757] Bot33 executed MOVE_FORWARD
[14:35:46.757] Starting turn for Bot4
[14:35:46.757] Starting turn for Bot33
[14:35:46.757] Bot33 rotated left to face WEST
[14:35:46.757] Bot33 executed ROTATE_LEFT
[14:35:46.757] Bot33 rotated left to face SOUTH
[14:35:46.757] Bot33 executed ROTATE_LEFT
[14:35:46.757] Bot33 moved forward to (2,3)
[14:35:46.757] Bot33 executed MOVE_FORWARD
[14:35:46.757] Starting turn for Bot4
[14:35:46.757] Stalemate detected: State repeated 10 times, unchanged for 3 turns
[14:35:46.757] Game Over! Stalemate detected!
[14:35:46.757] Stalemate detected: State repeated 10 times, unchanged for 3 turns
