[14:36:10.637] === Game Started at 2025-02-04_14-36-10 ===
[14:36:10.637] Game initialized with 2 players
[14:36:10.637] Board size: 10
[14:36:10.637] Obstacle density: 0.05
[14:36:10.637] Max turns: 1000
[14:36:10.637] Player Bot32 starting at position (0,0) facing SOUTH
[14:36:10.637] Player Bot24 starting at position (9,9) facing EAST
[14:36:10.637] Obstacles at positions: (4,9) (6,6) (6,7) (8,0) (8,4)
[14:36:10.637] Starting turn for Bot32
[14:36:10.637] Bot32 rotated left to face EAST
[14:36:10.637] Bot32 executed ROTATE_LEFT
[14:36:10.637] Bot32 moved forward to (0,1)
[14:36:10.637] Bot32 executed MOVE_FORWARD
[14:36:10.637] Starting turn for Bot24
[14:36:10.637] Bot24 rotated left to face NORTH
[14:36:10.637] Bot24 executed ROTATE_LEFT
[14:36:10.637] Bot24 rotated left to face WEST
[14:36:10.637] Bot24 executed ROTATE_LEFT
[14:36:10.637] Bot24 moved forward to (9,8)
[14:36:10.637] Bot24 executed MOVE_FORWARD
[14:36:10.637] Starting turn for Bot32
[14:36:10.637] Bot32 rotated right to face SOUTH
[14:36:10.637] Bot32 executed ROTATE_RIGHT
[14:36:10.637] Bot32 moved forward to (1,1)
[14:36:10.637] Bot32 executed MOVE_FORWARD
[14:36:10.637] Starting turn for Bot24
[14:36:10.637] Bot24 rotated right to face NORTH
[14:36:10.637] Bot24 executed ROTATE_RIGHT
[14:36:10.637] Bot24 moved forward to (8,8)
[14:36:10.637] Bot24 executed MOVE_FORWARD
[14:36:10.637] Starting turn for Bot32
[14:36:10.637] Bot32 rotated left to face EAST
[14:36:10.637] Bot32 executed ROTATE_LEFT
[14:36:10.637] Bot32 moved forward to (1,2)
[14:36:10.637] Bot32 executed MOVE_FORWARD
[14:36:10.637] Starting turn for Bot24
[14:36:10.637] Bot24 rotated left to face WEST
[14:36:10.637] Bot24 executed ROTATE_LEFT
[14:36:10.637] Bot24 moved forward to (8,7)
[14:36:10.637] Bot24 executed MOVE_FORWARD
[14:36:10.637] Starting turn for Bot32
[14:36:10.637] Bot32 rotated right to face SOUTH
[14:36:10.637] Bot32 executed ROTATE_RIGHT
[14:36:10.637] Bot32 moved forward to (2,2)
[14:36:10.637] Bot32 executed MOVE_FORWARD
[14:36:10.637] Starting turn for Bot24
[14:36:10.637] Bot24 rotated right to face NORTH
[14:36:10.637] Bot24 executed ROTATE_RIGHT
[14:36:10.637] Bot24 moved forward to (7,7)
[14:36:10.637] Bot24 executed MOVE_FORWARD
[14:36:10.637] Starting turn for Bot32
[14:36:10.637] Bot32 rotated left to face EAST
[14:36:10.637] Bot32 executed ROTATE_LEFT
[14:36:10.637] Bot32 moved forward to (2,3)
[14:36:10.637] Bot32 executed MOVE_FORWARD
[14:36:10.637] Starting turn for Bot24
[14:36:10.637] Bot24 rotated left to face WEST
[14:36:10.637] Bot24 executed ROTATE_LEFT
[14:36:10.637] Bot24 moved forward to (7,6)
[14:36:10.637] Bot24 executed MOVE_FORWARD
[14:36:10.637] Starting turn for Bot32
[14:36:10.637] Bot32 rotated right to face SOUTH
[14:36:10.637] Bot32 executed ROTATE_RIGHT
[14:36:10.637] Bot32 moved forward to (3,3)
[14:36:10.637] Bot32 executed MOVE_FORWARD
[14:36:10.637] Starting turn for Bot24
[14:36:10.637] Bot24 rotated right to face NORTH
[14:36:10.637] Bot24 executed ROTATE_RIGHT
[14:36:10.637] Starting turn for Bot32
[14:36:10.637] Bot32 rotated left to face EAST
[14:36:10.637] Bot32 executed ROTATE_LEFT
[14:36:10.637] Bot32 moved forward to (3,4)
[14:36:10.637] Bot32 executed MOVE_FORWARD
[14:36:10.637] Starting turn for Bot24
[14:36:10.637] Starting turn for Bot32
[14:36:10.637] Bot32 rotated right to face SOUTH
[14:36:10.637] Bot32 executed ROTATE_RIGHT
[14:36:10.637] Bot32 moved forward to (4,4)
[14:36:10.637] Bot32 executed MOVE_FORWARD
[14:36:10.637] Starting turn for Bot24
[14:36:10.637] Bot24 rotated right to face EAST
[14:36:10.637] Bot24 executed ROTATE_RIGHT
[14:36:10.637] Bot24 moved forward to (7,7)
[14:36:10.637] Bot24 executed MOVE_FORWARD
[14:36:10.637] Starting turn for Bot32
[14:36:10.637] Bot32 rotated left to face EAST
[14:36:10.637] Bot32 executed ROTATE_LEFT
[14:36:10.637] Bot32 moved forward to (4,5)
[14:36:10.637] Bot32 executed MOVE_FORWARD
[14:36:10.637] Starting turn for Bot24
[14:36:10.637] Bot24 rotated left to face NORTH
[14:36:10.637] Bot24 executed ROTATE_LEFT
[14:36:10.638] Bot24 rotated left to face WEST
[14:36:10.638] Bot24 executed ROTATE_LEFT
[14:36:10.638] Bot24 moved forward to (7,6)
[14:36:10.638] Bot24 executed MOVE_FORWARD
[14:36:10.638] Starting turn for Bot32
[14:36:10.638] Bot32 rotated right to face SOUTH
[14:36:10.638] Bot32 executed ROTATE_RIGHT
[14:36:10.638] Bot32 moved forward to (5,5)
[14:36:10.638] Bot32 executed MOVE_FORWARD
[14:36:10.638] Starting turn for Bot24
[14:36:10.638] Bot24 rotated right to face NORTH
[14:36:10.638] Bot24 executed ROTATE_RIGHT
[14:36:10.638] Starting turn for Bot32
[14:36:10.638] Starting turn for Bot24
[14:36:10.638] Starting turn for Bot32
[14:36:10.638] Starting turn for Bot24
[14:36:10.638] Bot24 rotated right to face EAST
[14:36:10.638] Bot24 executed ROTATE_RIGHT
[14:36:10.638] Bot24 moved forward to (7,7)
[14:36:10.638] Bot24 executed MOVE_FORWARD
[14:36:10.638] Starting turn for Bot32
[14:36:10.638] Starting turn for Bot24
[14:36:10.638] Bot24 rotated left to face NORTH
[14:36:10.638] Bot24 executed ROTATE_LEFT
[14:36:10.638] Bot24 rotated left to face WEST
[14:36:10.638] Bot24 executed ROTATE_LEFT
[14:36:10.638] Bot24 moved forward to (7,6)
[14:36:10.638] Bot24 executed MOVE_FORWARD
[14:36:10.638] Starting turn for Bot32
[14:36:10.638] Starting turn for Bot24
[14:36:10.638] Bot24 rotated right to face NORTH
[14:36:10.638] Bot24 executed ROTATE_RIGHT
[14:36:10.638] Starting turn for Bot32
[14:36:10.638] Starting turn for Bot24
[14:36:10.638] Starting turn for Bot32
[14:36:10.638] Starting turn for Bot24
[14:36:10.638] Bot24 rotated right to face EAST
[14:36:10.638] Bot24 executed ROTATE_RIGHT
[14:36:10.638] Bot24 moved forward to (7,7)
[14:36:10.638] Bot24 executed MOVE_FORWARD
[14:36:10.638] Starting turn for Bot32
[14:36:10.638] Starting turn for Bot24
[14:36:10.638] Bot24 rotated left to face NORTH
[14:36:10.638] Bot24 executed ROTATE_LEFT
[14:36:10.638] Bot24 rotated left to face WEST
[14:36:10.638] Bot24 executed ROTATE_LEFT
[14:36:10.638] Bot24 moved forward to (7,6)
[14:36:10.638] Bot24 executed MOVE_FORWARD
[14:36:10.638] Starting turn for Bot32
[14:36:10.638] Starting turn for Bot24
[14:36:10.638] Bot24 rotated right to face NORTH
[14:36:10.638] Bot24 executed ROTATE_RIGHT
[14:36:10.638] Starting turn for Bot32
[14:36:10.638] Starting turn for Bot24
[14:36:10.638] Starting turn for Bot32
[14:36:10.638] Starting turn for Bot24
[14:36:10.638] Stalemate detected: State repeated 10 times, unchanged for 2 turns
[14:36:10.638] Game Over! Stalemate detected!
[14:36:10.638] Stalemate detected: State repeated 10 times, unchanged for 2 turns
