[14:36:08.281] === Game Started at 2025-02-04_14-36-08 ===
[14:36:08.281] Game initialized with 2 players
[14:36:08.281] Board size: 10
[14:36:08.281] Obstacle density: 0.05
[14:36:08.281] Max turns: 1000
[14:36:08.281] Player Bot31 starting at position (0,0) facing SOUTH
[14:36:08.281] Player Bot21 starting at position (9,9) facing SOUTH
[14:36:08.281] Obstacles at positions: (1,2) (3,5) (6,7) (6,8) (9,5)
[14:36:08.281] Starting turn for Bot31
[14:36:08.281] Bot31 rotated left to face EAST
[14:36:08.281] Bot31 executed ROTATE_LEFT
[14:36:08.281] Bot31 moved forward to (0,1)
[14:36:08.282] Bot31 executed MOVE_FORWARD
[14:36:08.282] Starting turn for Bot21
[14:36:08.282] Bot21 rotated right to face WEST
[14:36:08.282] Bot21 executed ROTATE_RIGHT
[14:36:08.282] Bot21 moved forward to (9,8)
[14:36:08.282] Bot21 executed MOVE_FORWARD
[14:36:08.282] Starting turn for Bot31
[14:36:08.282] Bot31 rotated right to face SOUTH
[14:36:08.282] Bot31 executed ROTATE_RIGHT
[14:36:08.282] Bot31 moved forward to (1,1)
[14:36:08.282] Bot31 executed MOVE_FORWARD
[14:36:08.282] Starting turn for Bot21
[14:36:08.282] Bot21 rotated right to face NORTH
[14:36:08.282] Bot21 executed ROTATE_RIGHT
[14:36:08.282] Bot21 moved forward to (8,8)
[14:36:08.282] Bot21 executed MOVE_FORWARD
[14:36:08.282] Starting turn for Bot31
[14:36:08.282] Bot31 rotated left to face EAST
[14:36:08.282] Bot31 executed ROTATE_LEFT
[14:36:08.282] Starting turn for Bot21
[14:36:08.282] Bot21 rotated left to face WEST
[14:36:08.282] Bot21 executed ROTATE_LEFT
[14:36:08.282] Bot21 moved forward to (8,7)
[14:36:08.282] Bot21 executed MOVE_FORWARD
[14:36:08.282] Starting turn for Bot31
[14:36:08.282] Starting turn for Bot21
[14:36:08.282] Bot21 rotated right to face NORTH
[14:36:08.282] Bot21 executed ROTATE_RIGHT
[14:36:08.282] Bot21 moved forward to (7,7)
[14:36:08.282] Bot21 executed MOVE_FORWARD
[14:36:08.282] Starting turn for Bot31
[14:36:08.282] Bot31 rotated left to face NORTH
[14:36:08.282] Bot31 executed ROTATE_LEFT
[14:36:08.282] Bot31 moved forward to (0,1)
[14:36:08.282] Bot31 executed MOVE_FORWARD
[14:36:08.282] Starting turn for Bot21
[14:36:08.282] Bot21 rotated left to face WEST
[14:36:08.282] Bot21 executed ROTATE_LEFT
[14:36:08.282] Bot21 moved forward to (7,6)
[14:36:08.282] Bot21 executed MOVE_FORWARD
[14:36:08.282] Starting turn for Bot31
[14:36:08.282] Bot31 rotated left to face WEST
[14:36:08.282] Bot31 executed ROTATE_LEFT
[14:36:08.282] Bot31 rotated left to face SOUTH
[14:36:08.282] Bot31 executed ROTATE_LEFT
[14:36:08.282] Bot31 moved forward to (1,1)
[14:36:08.282] Bot31 executed MOVE_FORWARD
[14:36:08.282] Starting turn for Bot21
[14:36:08.282] Bot21 rotated right to face NORTH
[14:36:08.282] Bot21 executed ROTATE_RIGHT
[14:36:08.282] Bot21 moved forward to (6,6)
[14:36:08.282] Bot21 executed MOVE_FORWARD
[14:36:08.282] Starting turn for Bot31
[14:36:08.282] Bot31 rotated left to face EAST
[14:36:08.282] Bot31 executed ROTATE_LEFT
[14:36:08.282] Starting turn for Bot21
[14:36:08.282] Bot21 rotated left to face WEST
[14:36:08.282] Bot21 executed ROTATE_LEFT
[14:36:08.282] Bot21 moved forward to (6,5)
[14:36:08.282] Bot21 executed MOVE_FORWARD
[14:36:08.282] Starting turn for Bot31
[14:36:08.282] Starting turn for Bot21
[14:36:08.282] Bot21 rotated right to face NORTH
[14:36:08.282] Bot21 executed ROTATE_RIGHT
[14:36:08.282] Bot21 moved forward to (5,5)
[14:36:08.282] Bot21 executed MOVE_FORWARD
[14:36:08.282] Starting turn for Bot31
[14:36:08.282] Bot31 rotated left to face NORTH
[14:36:08.282] Bot31 executed ROTATE_LEFT
[14:36:08.282] Bot31 moved forward to (0,1)
[14:36:08.282] Bot31 executed MOVE_FORWARD
[14:36:08.282] Starting turn for Bot21
[14:36:08.282] Starting turn for Bot31
[14:36:08.282] Bot31 rotated left to face WEST
[14:36:08.282] Bot31 executed ROTATE_LEFT
[14:36:08.282] Bot31 rotated left to face SOUTH
[14:36:08.282] Bot31 executed ROTATE_LEFT
[14:36:08.282] Bot31 moved forward to (1,1)
[14:36:08.282] Bot31 executed MOVE_FORWARD
[14:36:08.282] Starting turn for Bot21
[14:36:08.282] Starting turn for Bot31
[14:36:08.282] Bot31 rotated left to face EAST
[14:36:08.282] Bot31 executed ROTATE_LEFT
[14:36:08.282] Starting turn for Bot21
[14:36:08.282] Starting turn for Bot31
[14:36:08.282] Starting turn for Bot21
[14:36:08.282] Starting turn for Bot31
[14:36:08.282] Bot31 rotated left to face NORTH
[14:36:08.282] Bot31 executed ROTATE_LEFT
[14:36:08.282] Bot31 moved forward to (0,1)
[14:36:08.282] Bot31 executed MOVE_FORWARD
[14:36:08.282] Starting turn for Bot21
[14:36:08.282] Starting turn for Bot31
[14:36:08.282] Bot31 rotated left to face WEST
[14:36:08.282] Bot31 executed ROTATE_LEFT
[14:36:08.282] Bot31 rotated left to face SOUTH
[14:36:08.282] Bot31 executed ROTATE_LEFT
[14:36:08.282] Bot31 moved forward to (1,1)
[14:36:08.282] Bot31 executed MOVE_FORWARD
[14:36:08.282] Starting turn for Bot21
[14:36:08.282] Starting turn for Bot31
[14:36:08.282] Bot31 rotated left to face EAST
[14:36:08.282] Bot31 executed ROTATE_LEFT
[14:36:08.282] Starting turn for Bot21
[14:36:08.282] Starting turn for Bot31
[14:36:08.282] Starting turn for Bot21
[14:36:08.282] Starting turn for Bot31
[14:36:08.282] Bot31 rotated left to face NORTH
[14:36:08.282] Bot31 executed ROTATE_LEFT
[14:36:08.282] Bot31 moved forward to (0,1)
[14:36:08.282] Bot31 executed MOVE_FORWARD
[14:36:08.282] Starting turn for Bot21
[14:36:08.282] Starting turn for Bot31
[14:36:08.282] Bot31 rotated left to face WEST
[14:36:08.282] Bot31 executed ROTATE_LEFT
[14:36:08.282] Bot31 rotated left to face SOUTH
[14:36:08.282] Bot31 executed ROTATE_LEFT
[14:36:08.282] Bot31 moved forward to (1,1)
[14:36:08.282] Bot31 executed MOVE_FORWARD
[14:36:08.282] Starting turn for Bot21
[14:36:08.282] Starting turn for Bot31
[14:36:08.282] Bot31 rotated left to face EAST
[14:36:08.282] Bot31 executed ROTATE_LEFT
[14:36:08.282] Starting turn for Bot21
[14:36:08.282] Starting turn for Bot31
[14:36:08.282] Starting turn for Bot21
[14:36:08.282] Stalemate detected: State repeated 10 times, unchanged for 3 turns
[14:36:08.282] Game Over! Stalemate detected!
[14:36:08.282] Stalemate detected: State repeated 10 times, unchanged for 3 turns
