[14:36:14.689] === Game Started at 2025-02-04_14-36-14 ===
[14:36:14.689] Game initialized with 2 players
[14:36:14.689] Board size: 10
[14:36:14.689] Obstacle density: 0.05
[14:36:14.689] Max turns: 1000
[14:36:14.689] Player Bot38 starting at position (0,0) facing EAST
[14:36:14.689] Player Bot31 starting at position (9,9) facing EAST
[14:36:14.689] Obstacles at positions: (1,5) (2,2) (3,2) (6,3) (6,6)
[14:36:14.689] Starting turn for Bot38
[14:36:14.689] Bot38 moved forward to (0,1)
[14:36:14.689] Bot38 executed MOVE_FORWARD
[14:36:14.689] Starting turn for Bot31
[14:36:14.689] Bot31 rotated left to face NORTH
[14:36:14.689] Bot31 executed ROTATE_LEFT
[14:36:14.689] Bot31 rotated left to face WEST
[14:36:14.689] Bot31 executed ROTATE_LEFT
[14:36:14.689] Bot31 moved forward to (9,8)
[14:36:14.689] Bot31 executed MOVE_FORWARD
[14:36:14.689] Starting turn for Bot38
[14:36:14.689] Bot38 rotated right to face SOUTH
[14:36:14.689] Bot38 executed ROTATE_RIGHT
[14:36:14.689] Bot38 moved forward to (1,1)
[14:36:14.689] Bot38 executed MOVE_FORWARD
[14:36:14.689] Starting turn for Bot31
[14:36:14.689] Bot31 rotated right to face NORTH
[14:36:14.689] Bot31 executed ROTATE_RIGHT
[14:36:14.689] Bot31 moved forward to (8,8)
[14:36:14.689] Bot31 executed MOVE_FORWARD
[14:36:14.689] Starting turn for Bot38
[14:36:14.689] Bot38 rotated left to face EAST
[14:36:14.689] Bot38 executed ROTATE_LEFT
[14:36:14.689] Bot38 moved forward to (1,2)
[14:36:14.689] Bot38 executed MOVE_FORWARD
[14:36:14.689] Starting turn for Bot31
[14:36:14.689] Bot31 rotated left to face WEST
[14:36:14.689] Bot31 executed ROTATE_LEFT
[14:36:14.689] Bot31 moved forward to (8,7)
[14:36:14.689] Bot31 executed MOVE_FORWARD
[14:36:14.689] Starting turn for Bot38
[14:36:14.689] Bot38 rotated right to face SOUTH
[14:36:14.689] Bot38 executed ROTATE_RIGHT
[14:36:14.689] Starting turn for Bot31
[14:36:14.689] Bot31 rotated right to face NORTH
[14:36:14.689] Bot31 executed ROTATE_RIGHT
[14:36:14.689] Bot31 moved forward to (7,7)
[14:36:14.689] Bot31 executed MOVE_FORWARD
[14:36:14.689] Starting turn for Bot38
[14:36:14.689] Starting turn for Bot31
[14:36:14.689] Bot31 rotated left to face WEST
[14:36:14.689] Bot31 executed ROTATE_LEFT
[14:36:14.689] Bot31 moved forward to (7,6)
[14:36:14.689] Bot31 executed MOVE_FORWARD
[14:36:14.689] Starting turn for Bot38
[14:36:14.689] Bot38 rotated left to face EAST
[14:36:14.689] Bot38 executed ROTATE_LEFT
[14:36:14.689] Bot38 rotated left to face NORTH
[14:36:14.689] Bot38 executed ROTATE_LEFT
[14:36:14.690] Bot38 moved forward to (0,2)
[14:36:14.690] Bot38 executed MOVE_FORWARD
[14:36:14.690] Starting turn for Bot31
[14:36:14.690] Bot31 rotated right to face NORTH
[14:36:14.690] Bot31 executed ROTATE_RIGHT
[14:36:14.690] Starting turn for Bot38
[14:36:14.690] Bot38 rotated left to face WEST
[14:36:14.690] Bot38 executed ROTATE_LEFT
[14:36:14.690] Bot38 rotated left to face SOUTH
[14:36:14.690] Bot38 executed ROTATE_LEFT
[14:36:14.690] Bot38 moved forward to (1,2)
[14:36:14.690] Bot38 executed MOVE_FORWARD
[14:36:14.690] Starting turn for Bot31
[14:36:14.690] Starting turn for Bot38
[14:36:14.690] Starting turn for Bot31
[14:36:14.690] Bot31 rotated right to face EAST
[14:36:14.690] Bot31 executed ROTATE_RIGHT
[14:36:14.690] Bot31 moved forward to (7,7)
[14:36:14.690] Bot31 executed MOVE_FORWARD
[14:36:14.690] Starting turn for Bot38
[14:36:14.690] Starting turn for Bot31
[14:36:14.690] Bot31 rotated left to face NORTH
[14:36:14.690] Bot31 executed ROTATE_LEFT
[14:36:14.690] Bot31 rotated left to face WEST
[14:36:14.690] Bot31 executed ROTATE_LEFT
[14:36:14.690] Bot31 moved forward to (7,6)
[14:36:14.690] Bot31 executed MOVE_FORWARD
[14:36:14.690] Starting turn for Bot38
[14:36:14.690] Bot38 rotated left to face EAST
[14:36:14.690] Bot38 executed ROTATE_LEFT
[14:36:14.690] Bot38 rotated left to face NORTH
[14:36:14.690] Bot38 executed ROTATE_LEFT
[14:36:14.690] Bot38 moved forward to (0,2)
[14:36:14.690] Bot38 executed MOVE_FORWARD
[14:36:14.690] Starting turn for Bot31
[14:36:14.690] Bot31 rotated right to face NORTH
[14:36:14.690] Bot31 executed ROTATE_RIGHT
[14:36:14.690] Starting turn for Bot38
[14:36:14.690] Bot38 rotated left to face WEST
[14:36:14.690] Bot38 executed ROTATE_LEFT
[14:36:14.690] Bot38 rotated left to face SOUTH
[14:36:14.690] Bot38 executed ROTATE_LEFT
[14:36:14.690] Bot38 moved forward to (1,2)
[14:36:14.690] Bot38 executed MOVE_FORWARD
[14:36:14.690] Starting turn for Bot31
[14:36:14.690] Starting turn for Bot38
[14:36:14.690] Starting turn for Bot31
[14:36:14.690] Bot31 rotated right to face EAST
[14:36:14.690] Bot31 executed ROTATE_RIGHT
[14:36:14.690] Bot31 moved forward to (7,7)
[14:36:14.690] Bot31 executed MOVE_FORWARD
[14:36:14.690] Starting turn for Bot38
[14:36:14.690] Starting turn for Bot31
[14:36:14.690] Bot31 rotated left to face NORTH
[14:36:14.690] Bot31 executed ROTATE_LEFT
[14:36:14.690] Bot31 rotated left to face WEST
[14:36:14.690] Bot31 executed ROTATE_LEFT
[14:36:14.690] Bot31 moved forward to (7,6)
[14:36:14.690] Bot31 executed MOVE_FORWARD
[14:36:14.690] Starting turn for Bot38
[14:36:14.690] Bot38 rotated left to face EAST
[14:36:14.690] Bot38 executed ROTATE_LEFT
[14:36:14.690] Bot38 rotated left to face NORTH
[14:36:14.690] Bot38 executed ROTATE_LEFT
[14:36:14.690] Bot38 moved forward to (0,2)
[14:36:14.690] Bot38 executed MOVE_FORWARD
[14:36:14.690] Starting turn for Bot31
[14:36:14.690] Bot31 rotated right to face NORTH
[14:36:14.690] Bot31 executed ROTATE_RIGHT
[14:36:14.690] Starting turn for Bot38
[14:36:14.690] Bot38 rotated left to face WEST
[14:36:14.690] Bot38 executed ROTATE_LEFT
[14:36:14.690] Bot38 rotated left to face SOUTH
[14:36:14.690] Bot38 executed ROTATE_LEFT
[14:36:14.690] Bot38 moved forward to (1,2)
[14:36:14.690] Bot38 executed MOVE_FORWARD
[14:36:14.690] Starting turn for Bot31
[14:36:14.690] Starting turn for Bot38
[14:36:14.690] Starting turn for Bot31
[14:36:14.690] Bot31 rotated right to face EAST
[14:36:14.690] Bot31 executed ROTATE_RIGHT
[14:36:14.690] Bot31 moved forward to (7,7)
[14:36:14.690] Bot31 executed MOVE_FORWARD
[14:36:14.690] Starting turn for Bot38
[14:36:14.690] Starting turn for Bot31
[14:36:14.690] Bot31 rotated left to face NORTH
[14:36:14.690] Bot31 executed ROTATE_LEFT
[14:36:14.690] Bot31 rotated left to face WEST
[14:36:14.690] Bot31 executed ROTATE_LEFT
[14:36:14.690] Bot31 moved forward to (7,6)
[14:36:14.690] Bot31 executed MOVE_FORWARD
[14:36:14.690] Starting turn for Bot38
[14:36:14.690] Bot38 rotated left to face EAST
[14:36:14.690] Bot38 executed ROTATE_LEFT
[14:36:14.690] Bot38 rotated left to face NORTH
[14:36:14.690] Bot38 executed ROTATE_LEFT
[14:36:14.690] Bot38 moved forward to (0,2)
[14:36:14.690] Bot38 executed MOVE_FORWARD
[14:36:14.690] Starting turn for Bot31
[14:36:14.690] Bot31 rotated right to face NORTH
[14:36:14.690] Bot31 executed ROTATE_RIGHT
[14:36:14.690] Starting turn for Bot38
[14:36:14.690] Bot38 rotated left to face WEST
[14:36:14.690] Bot38 executed ROTATE_LEFT
[14:36:14.690] Bot38 rotated left to face SOUTH
[14:36:14.690] Bot38 executed ROTATE_LEFT
[14:36:14.690] Bot38 moved forward to (1,2)
[14:36:14.690] Bot38 executed MOVE_FORWARD
[14:36:14.690] Starting turn for Bot31
[14:36:14.690] Starting turn for Bot38
[14:36:14.690] Starting turn for Bot31
[14:36:14.690] Stalemate detected: State repeated 10 times, unchanged for 1 turns
[14:36:14.690] Game Over! Stalemate detected!
[14:36:14.690] Stalemate detected: State repeated 10 times, unchanged for 1 turns
