[14:35:56.758] === Game Started at 2025-02-04_14-35-56 ===
[14:35:56.758] Game initialized with 2 players
[14:35:56.758] Board size: 10
[14:35:56.758] Obstacle density: 0.05
[14:35:56.758] Max turns: 1000
[14:35:56.758] Player Bot10 starting at position (0,0) facing WEST
[14:35:56.758] Player Bot36 starting at position (9,9) facing WEST
[14:35:56.758] Obstacles at positions: (0,6) (1,3) (4,8) (5,9) (6,0)
[14:35:56.758] Starting turn for Bot10
[14:35:56.758] Bot10 rotated left to face SOUTH
[14:35:56.758] Bot10 executed ROTATE_LEFT
[14:35:56.758] Bot10 rotated left to face EAST
[14:35:56.758] Bot10 executed ROTATE_LEFT
[14:35:56.758] Bot10 moved forward to (0,1)
[14:35:56.758] Bot10 executed MOVE_FORWARD
[14:35:56.758] Starting turn for Bot36
[14:35:56.758] Bot36 moved forward to (9,8)
[14:35:56.758] Bot36 executed MOVE_FORWARD
[14:35:56.758] Starting turn for Bot10
[14:35:56.758] Bot10 rotated right to face SOUTH
[14:35:56.758] Bot10 executed ROTATE_RIGHT
[14:35:56.758] Bot10 moved forward to (1,1)
[14:35:56.758] Bot10 executed MOVE_FORWARD
[14:35:56.758] Starting turn for Bot36
[14:35:56.758] Bot36 rotated right to face NORTH
[14:35:56.758] Bot36 executed ROTATE_RIGHT
[14:35:56.758] Bot36 moved forward to (8,8)
[14:35:56.758] Bot36 executed MOVE_FORWARD
[14:35:56.758] Starting turn for Bot10
[14:35:56.758] Bot10 rotated left to face EAST
[14:35:56.758] Bot10 executed ROTATE_LEFT
[14:35:56.758] Bot10 moved forward to (1,2)
[14:35:56.758] Bot10 executed MOVE_FORWARD
[14:35:56.758] Starting turn for Bot36
[14:35:56.758] Bot36 rotated left to face WEST
[14:35:56.758] Bot36 executed ROTATE_LEFT
[14:35:56.758] Bot36 moved forward to (8,7)
[14:35:56.758] Bot36 executed MOVE_FORWARD
[14:35:56.758] Starting turn for Bot10
[14:35:56.758] Bot10 rotated right to face SOUTH
[14:35:56.758] Bot10 executed ROTATE_RIGHT
[14:35:56.758] Bot10 moved forward to (2,2)
[14:35:56.758] Bot10 executed MOVE_FORWARD
[14:35:56.758] Starting turn for Bot36
[14:35:56.758] Bot36 rotated right to face NORTH
[14:35:56.758] Bot36 executed ROTATE_RIGHT
[14:35:56.758] Bot36 moved forward to (7,7)
[14:35:56.758] Bot36 executed MOVE_FORWARD
[14:35:56.758] Starting turn for Bot10
[14:35:56.758] Bot10 rotated left to face EAST
[14:35:56.758] Bot10 executed ROTATE_LEFT
[14:35:56.758] Bot10 moved forward to (2,3)
[14:35:56.758] Bot10 executed MOVE_FORWARD
[14:35:56.758] Starting turn for Bot36
[14:35:56.758] Bot36 rotated left to face WEST
[14:35:56.758] Bot36 executed ROTATE_LEFT
[14:35:56.758] Bot36 moved forward to (7,6)
[14:35:56.758] Bot36 executed MOVE_FORWARD
[14:35:56.758] Starting turn for Bot10
[14:35:56.758] Bot10 rotated right to face SOUTH
[14:35:56.758] Bot10 executed ROTATE_RIGHT
[14:35:56.758] Bot10 moved forward to (3,3)
[14:35:56.758] Bot10 executed MOVE_FORWARD
[14:35:56.758] Starting turn for Bot36
[14:35:56.758] Bot36 rotated right to face NORTH
[14:35:56.758] Bot36 executed ROTATE_RIGHT
[14:35:56.758] Bot36 moved forward to (6,6)
[14:35:56.758] Bot36 executed MOVE_FORWARD
[14:35:56.758] Starting turn for Bot10
[14:35:56.758] Bot10 rotated left to face EAST
[14:35:56.758] Bot10 executed ROTATE_LEFT
[14:35:56.758] Bot10 moved forward to (3,4)
[14:35:56.758] Bot10 executed MOVE_FORWARD
[14:35:56.758] Starting turn for Bot36
[14:35:56.758] Bot36 rotated left to face WEST
[14:35:56.758] Bot36 executed ROTATE_LEFT
[14:35:56.758] Bot36 moved forward to (6,5)
[14:35:56.758] Bot36 executed MOVE_FORWARD
[14:35:56.758] Starting turn for Bot10
[14:35:56.758] Bot10 rotated right to face SOUTH
[14:35:56.758] Bot10 executed ROTATE_RIGHT
[14:35:56.758] Bot10 moved forward to (4,4)
[14:35:56.758] Bot10 executed MOVE_FORWARD
[14:35:56.758] Starting turn for Bot36
[14:35:56.758] Bot36 rotated right to face NORTH
[14:35:56.758] Bot36 executed ROTATE_RIGHT
[14:35:56.758] Bot36 moved forward to (5,5)
[14:35:56.758] Bot36 executed MOVE_FORWARD
[14:35:56.758] Starting turn for Bot10
[14:35:56.758] Bot10 rotated left to face EAST
[14:35:56.758] Bot10 executed ROTATE_LEFT
[14:35:56.758] Bot10 moved forward to (4,5)
[14:35:56.759] Bot10 executed MOVE_FORWARD
[14:35:56.759] Starting turn for Bot36
[14:35:56.759] Bot36 shooting in direction NORTH
[14:35:56.759] Bot36 hit Bot10 for 25 damage (health: 100 -> 75)
[14:35:56.759] Bot36 executed SHOOT
[14:35:56.759] Starting turn for Bot10
[14:35:56.759] Bot10 rotated right to face SOUTH
[14:35:56.759] Bot10 executed ROTATE_RIGHT
[14:35:56.759] Starting turn for Bot36
[14:35:56.759] Bot36 shooting in direction NORTH
[14:35:56.759] Bot36 hit Bot10 for 25 damage (health: 75 -> 50)
[14:35:56.759] Bot36 executed SHOOT
[14:35:56.759] Starting turn for Bot10
[14:35:56.759] Bot10 shooting in direction SOUTH
[14:35:56.759] Bot10 hit Bot36 for 25 damage (health: 100 -> 75)
[14:35:56.759] Bot10 executed SHOOT
[14:35:56.759] Starting turn for Bot36
[14:35:56.759] Bot36 shooting in direction NORTH
[14:35:56.759] Bot36 hit Bot10 for 25 damage (health: 50 -> 25)
[14:35:56.759] Bot36 executed SHOOT
[14:35:56.759] Starting turn for Bot10
[14:35:56.759] Bot10 shooting in direction SOUTH
[14:35:56.759] Bot10 hit Bot36 for 25 damage (health: 75 -> 50)
[14:35:56.759] Bot10 executed SHOOT
[14:35:56.759] Starting turn for Bot36
[14:35:56.759] Bot36 shooting in direction NORTH
[14:35:56.759] Bot36 hit Bot10 for 25 damage (health: 25 -> 0)
[14:35:56.759] Bot10 was destroyed!
[14:35:56.759] Bot36 is the last tank standing!
[14:35:56.759] Bot36 executed SHOOT
[14:35:56.759] Game Over! Bot36 wins!
[14:35:56.759] === Game Ended ===
