[14:35:44.250] === Game Started at 2025-02-04_14-35-44 ===
[14:35:44.250] Game initialized with 2 players
[14:35:44.250] Board size: 10
[14:35:44.250] Obstacle density: 0.05
[14:35:44.250] Max turns: 1000
[14:35:44.250] Player Bot25 starting at position (0,0) facing EAST
[14:35:44.250] Player Bot3 starting at position (9,9) facing EAST
[14:35:44.250] Obstacles at positions: (1,2) (3,8) (5,3) (6,6) (8,8)
[14:35:44.250] Starting turn for Bot25
[14:35:44.250] Bot25 moved forward to (0,1)
[14:35:44.250] Bot25 executed MOVE_FORWARD
[14:35:44.250] Starting turn for Bot3
[14:35:44.250] Bot3 rotated left to face NORTH
[14:35:44.250] Bot3 executed ROTATE_LEFT
[14:35:44.250] Bot3 rotated left to face WEST
[14:35:44.250] Bot3 executed ROTATE_LEFT
[14:35:44.250] Bot3 moved forward to (9,8)
[14:35:44.250] Bot3 executed MOVE_FORWARD
[14:35:44.250] Starting turn for Bot25
[14:35:44.250] Bot25 rotated right to face SOUTH
[14:35:44.250] Bot25 executed ROTATE_RIGHT
[14:35:44.250] Bot25 moved forward to (1,1)
[14:35:44.250] Bot25 executed MOVE_FORWARD
[14:35:44.250] Starting turn for Bot3
[14:35:44.250] Bot3 rotated right to face NORTH
[14:35:44.250] Bot3 executed ROTATE_RIGHT
[14:35:44.250] Starting turn for Bot25
[14:35:44.250] Bot25 rotated left to face EAST
[14:35:44.250] Bot25 executed ROTATE_LEFT
[14:35:44.250] Starting turn for Bot3
[14:35:44.250] Starting turn for Bot25
[14:35:44.250] Starting turn for Bot3
[14:35:44.250] Bot3 rotated right to face EAST
[14:35:44.250] Bot3 executed ROTATE_RIGHT
[14:35:44.250] Bot3 moved forward to (9,9)
[14:35:44.250] Bot3 executed MOVE_FORWARD
[14:35:44.250] Starting turn for Bot25
[14:35:44.250] Bot25 rotated left to face NORTH
[14:35:44.250] Bot25 executed ROTATE_LEFT
[14:35:44.250] Bot25 moved forward to (0,1)
[14:35:44.250] Bot25 executed MOVE_FORWARD
[14:35:44.250] Starting turn for Bot3
[14:35:44.250] Bot3 rotated left to face NORTH
[14:35:44.250] Bot3 executed ROTATE_LEFT
[14:35:44.250] Bot3 rotated left to face WEST
[14:35:44.250] Bot3 executed ROTATE_LEFT
[14:35:44.250] Bot3 moved forward to (9,8)
[14:35:44.250] Bot3 executed MOVE_FORWARD
[14:35:44.250] Starting turn for Bot25
[14:35:44.250] Bot25 rotated left to face WEST
[14:35:44.250] Bot25 executed ROTATE_LEFT
[14:35:44.250] Bot25 rotated left to face SOUTH
[14:35:44.250] Bot25 executed ROTATE_LEFT
[14:35:44.250] Bot25 moved forward to (1,1)
[14:35:44.250] Bot25 executed MOVE_FORWARD
[14:35:44.250] Starting turn for Bot3
[14:35:44.250] Bot3 rotated right to face NORTH
[14:35:44.250] Bot3 executed ROTATE_RIGHT
[14:35:44.250] Starting turn for Bot25
[14:35:44.250] Bot25 rotated left to face EAST
[14:35:44.250] Bot25 executed ROTATE_LEFT
[14:35:44.250] Starting turn for Bot3
[14:35:44.250] Starting turn for Bot25
[14:35:44.250] Starting turn for Bot3
[14:35:44.251] Bot3 rotated right to face EAST
[14:35:44.251] Bot3 executed ROTATE_RIGHT
[14:35:44.251] Bot3 moved forward to (9,9)
[14:35:44.251] Bot3 executed MOVE_FORWARD
[14:35:44.251] Starting turn for Bot25
[14:35:44.251] Bot25 rotated left to face NORTH
[14:35:44.251] Bot25 executed ROTATE_LEFT
[14:35:44.251] Bot25 moved forward to (0,1)
[14:35:44.251] Bot25 executed MOVE_FORWARD
[14:35:44.251] Starting turn for Bot3
[14:35:44.251] Bot3 rotated left to face NORTH
[14:35:44.251] Bot3 executed ROTATE_LEFT
[14:35:44.251] Bot3 rotated left to face WEST
[14:35:44.251] Bot3 executed ROTATE_LEFT
[14:35:44.251] Bot3 moved forward to (9,8)
[14:35:44.251] Bot3 executed MOVE_FORWARD
[14:35:44.251] Starting turn for Bot25
[14:35:44.251] Bot25 rotated left to face WEST
[14:35:44.251] Bot25 executed ROTATE_LEFT
[14:35:44.251] Bot25 rotated left to face SOUTH
[14:35:44.251] Bot25 executed ROTATE_LEFT
[14:35:44.251] Bot25 moved forward to (1,1)
[14:35:44.251] Bot25 executed MOVE_FORWARD
[14:35:44.251] Starting turn for Bot3
[14:35:44.251] Bot3 rotated right to face NORTH
[14:35:44.251] Bot3 executed ROTATE_RIGHT
[14:35:44.251] Starting turn for Bot25
[14:35:44.251] Bot25 rotated left to face EAST
[14:35:44.251] Bot25 executed ROTATE_LEFT
[14:35:44.251] Starting turn for Bot3
[14:35:44.251] Starting turn for Bot25
[14:35:44.251] Starting turn for Bot3
[14:35:44.251] Bot3 rotated right to face EAST
[14:35:44.251] Bot3 executed ROTATE_RIGHT
[14:35:44.251] Bot3 moved forward to (9,9)
[14:35:44.251] Bot3 executed MOVE_FORWARD
[14:35:44.251] Starting turn for Bot25
[14:35:44.251] Bot25 rotated left to face NORTH
[14:35:44.251] Bot25 executed ROTATE_LEFT
[14:35:44.251] Bot25 moved forward to (0,1)
[14:35:44.251] Bot25 executed MOVE_FORWARD
[14:35:44.251] Starting turn for Bot3
[14:35:44.251] Bot3 rotated left to face NORTH
[14:35:44.251] Bot3 executed ROTATE_LEFT
[14:35:44.251] Bot3 rotated left to face WEST
[14:35:44.251] Bot3 executed ROTATE_LEFT
[14:35:44.251] Bot3 moved forward to (9,8)
[14:35:44.251] Bot3 executed MOVE_FORWARD
[14:35:44.251] Starting turn for Bot25
[14:35:44.251] Bot25 rotated left to face WEST
[14:35:44.251] Bot25 executed ROTATE_LEFT
[14:35:44.251] Bot25 rotated left to face SOUTH
[14:35:44.251] Bot25 executed ROTATE_LEFT
[14:35:44.251] Bot25 moved forward to (1,1)
[14:35:44.251] Bot25 executed MOVE_FORWARD
[14:35:44.251] Starting turn for Bot3
[14:35:44.251] Bot3 rotated right to face NORTH
[14:35:44.251] Bot3 executed ROTATE_RIGHT
[14:35:44.251] Starting turn for Bot25
[14:35:44.251] Bot25 rotated left to face EAST
[14:35:44.251] Bot25 executed ROTATE_LEFT
[14:35:44.251] Starting turn for Bot3
[14:35:44.251] Starting turn for Bot25
[14:35:44.251] Starting turn for Bot3
[14:35:44.251] Bot3 rotated right to face EAST
[14:35:44.251] Bot3 executed ROTATE_RIGHT
[14:35:44.251] Bot3 moved forward to (9,9)
[14:35:44.251] Bot3 executed MOVE_FORWARD
[14:35:44.251] Starting turn for Bot25
[14:35:44.251] Bot25 rotated left to face NORTH
[14:35:44.251] Bot25 executed ROTATE_LEFT
[14:35:44.251] Bot25 moved forward to (0,1)
[14:35:44.251] Bot25 executed MOVE_FORWARD
[14:35:44.251] Starting turn for Bot3
[14:35:44.251] Bot3 rotated left to face NORTH
[14:35:44.251] Bot3 executed ROTATE_LEFT
[14:35:44.251] Bot3 rotated left to face WEST
[14:35:44.251] Bot3 executed ROTATE_LEFT
[14:35:44.251] Bot3 moved forward to (9,8)
[14:35:44.251] Bot3 executed MOVE_FORWARD
[14:35:44.251] Starting turn for Bot25
[14:35:44.251] Bot25 rotated left to face WEST
[14:35:44.251] Bot25 executed ROTATE_LEFT
[14:35:44.251] Bot25 rotated left to face SOUTH
[14:35:44.251] Bot25 executed ROTATE_LEFT
[14:35:44.251] Bot25 moved forward to (1,1)
[14:35:44.251] Bot25 executed MOVE_FORWARD
[14:35:44.251] Starting turn for Bot3
[14:35:44.251] Bot3 rotated right to face NORTH
[14:35:44.251] Bot3 executed ROTATE_RIGHT
[14:35:44.251] Starting turn for Bot25
[14:35:44.251] Bot25 rotated left to face EAST
[14:35:44.251] Bot25 executed ROTATE_LEFT
[14:35:44.251] Starting turn for Bot3
[14:35:44.251] Starting turn for Bot25
[14:35:44.251] Starting turn for Bot3
[14:35:44.251] Stalemate detected: State repeated 10 times, unchanged for 1 turns
[14:35:44.251] Game Over! Stalemate detected!
[14:35:44.251] Stalemate detected: State repeated 10 times, unchanged for 1 turns
