[14:36:01.617] === Game Started at 2025-02-04_14-36-01 ===
[14:36:01.617] Game initialized with 2 players
[14:36:01.617] Board size: 10
[14:36:01.617] Obstacle density: 0.05
[14:36:01.617] Max turns: 1000
[14:36:01.617] Player Bot36 starting at position (0,0) facing SOUTH
[14:36:01.617] Player Bot14 starting at position (9,9) facing WEST
[14:36:01.617] Obstacles at positions: (0,8) (1,2) (1,4) (5,6) (5,8)
[14:36:01.617] Starting turn for Bot36
[14:36:01.617] Bot36 rotated left to face EAST
[14:36:01.617] Bot36 executed ROTATE_LEFT
[14:36:01.617] Bot36 moved forward to (0,1)
[14:36:01.617] Bot36 executed MOVE_FORWARD
[14:36:01.617] Starting turn for Bot14
[14:36:01.617] Bot14 moved forward to (9,8)
[14:36:01.617] Bot14 executed MOVE_FORWARD
[14:36:01.617] Starting turn for Bot36
[14:36:01.617] Bot36 rotated right to face SOUTH
[14:36:01.617] Bot36 executed ROTATE_RIGHT
[14:36:01.617] Bot36 moved forward to (1,1)
[14:36:01.617] Bot36 executed MOVE_FORWARD
[14:36:01.617] Starting turn for Bot14
[14:36:01.617] Bot14 rotated right to face NORTH
[14:36:01.618] Bot14 executed ROTATE_RIGHT
[14:36:01.618] Bot14 moved forward to (8,8)
[14:36:01.618] Bot14 executed MOVE_FORWARD
[14:36:01.618] Starting turn for Bot36
[14:36:01.618] Bot36 rotated left to face EAST
[14:36:01.618] Bot36 executed ROTATE_LEFT
[14:36:01.618] Starting turn for Bot14
[14:36:01.618] Bot14 rotated left to face WEST
[14:36:01.618] Bot14 executed ROTATE_LEFT
[14:36:01.618] Bot14 moved forward to (8,7)
[14:36:01.618] Bot14 executed MOVE_FORWARD
[14:36:01.618] Starting turn for Bot36
[14:36:01.618] Starting turn for Bot14
[14:36:01.618] Bot14 rotated right to face NORTH
[14:36:01.618] Bot14 executed ROTATE_RIGHT
[14:36:01.618] Bot14 moved forward to (7,7)
[14:36:01.618] Bot14 executed MOVE_FORWARD
[14:36:01.618] Starting turn for Bot36
[14:36:01.618] Bot36 rotated left to face NORTH
[14:36:01.618] Bot36 executed ROTATE_LEFT
[14:36:01.618] Bot36 moved forward to (0,1)
[14:36:01.618] Bot36 executed MOVE_FORWARD
[14:36:01.618] Starting turn for Bot14
[14:36:01.618] Bot14 rotated left to face WEST
[14:36:01.618] Bot14 executed ROTATE_LEFT
[14:36:01.618] Bot14 moved forward to (7,6)
[14:36:01.618] Bot14 executed MOVE_FORWARD
[14:36:01.618] Starting turn for Bot36
[14:36:01.618] Bot36 rotated left to face WEST
[14:36:01.618] Bot36 executed ROTATE_LEFT
[14:36:01.618] Bot36 rotated left to face SOUTH
[14:36:01.618] Bot36 executed ROTATE_LEFT
[14:36:01.618] Bot36 moved forward to (1,1)
[14:36:01.618] Bot36 executed MOVE_FORWARD
[14:36:01.618] Starting turn for Bot14
[14:36:01.618] Bot14 rotated right to face NORTH
[14:36:01.618] Bot14 executed ROTATE_RIGHT
[14:36:01.618] Bot14 moved forward to (6,6)
[14:36:01.618] Bot14 executed MOVE_FORWARD
[14:36:01.618] Starting turn for Bot36
[14:36:01.618] Bot36 rotated left to face EAST
[14:36:01.618] Bot36 executed ROTATE_LEFT
[14:36:01.618] Starting turn for Bot14
[14:36:01.618] Bot14 rotated left to face WEST
[14:36:01.618] Bot14 executed ROTATE_LEFT
[14:36:01.618] Bot14 moved forward to (6,5)
[14:36:01.618] Bot14 executed MOVE_FORWARD
[14:36:01.618] Starting turn for Bot36
[14:36:01.618] Starting turn for Bot14
[14:36:01.618] Bot14 rotated right to face NORTH
[14:36:01.618] Bot14 executed ROTATE_RIGHT
[14:36:01.618] Bot14 moved forward to (5,5)
[14:36:01.618] Bot14 executed MOVE_FORWARD
[14:36:01.618] Starting turn for Bot36
[14:36:01.618] Bot36 rotated left to face NORTH
[14:36:01.618] Bot36 executed ROTATE_LEFT
[14:36:01.618] Bot36 moved forward to (0,1)
[14:36:01.618] Bot36 executed MOVE_FORWARD
[14:36:01.618] Starting turn for Bot14
[14:36:01.618] Starting turn for Bot36
[14:36:01.618] Bot36 rotated left to face WEST
[14:36:01.618] Bot36 executed ROTATE_LEFT
[14:36:01.618] Bot36 rotated left to face SOUTH
[14:36:01.618] Bot36 executed ROTATE_LEFT
[14:36:01.618] Bot36 moved forward to (1,1)
[14:36:01.618] Bot36 executed MOVE_FORWARD
[14:36:01.618] Starting turn for Bot14
[14:36:01.618] Starting turn for Bot36
[14:36:01.618] Bot36 rotated left to face EAST
[14:36:01.618] Bot36 executed ROTATE_LEFT
[14:36:01.618] Starting turn for Bot14
[14:36:01.618] Starting turn for Bot36
[14:36:01.618] Starting turn for Bot14
[14:36:01.618] Starting turn for Bot36
[14:36:01.618] Bot36 rotated left to face NORTH
[14:36:01.618] Bot36 executed ROTATE_LEFT
[14:36:01.618] Bot36 moved forward to (0,1)
[14:36:01.618] Bot36 executed MOVE_FORWARD
[14:36:01.618] Starting turn for Bot14
[14:36:01.618] Starting turn for Bot36
[14:36:01.618] Bot36 rotated left to face WEST
[14:36:01.618] Bot36 executed ROTATE_LEFT
[14:36:01.618] Bot36 rotated left to face SOUTH
[14:36:01.618] Bot36 executed ROTATE_LEFT
[14:36:01.618] Bot36 moved forward to (1,1)
[14:36:01.618] Bot36 executed MOVE_FORWARD
[14:36:01.618] Starting turn for Bot14
[14:36:01.618] Starting turn for Bot36
[14:36:01.618] Bot36 rotated left to face EAST
[14:36:01.618] Bot36 executed ROTATE_LEFT
[14:36:01.618] Starting turn for Bot14
[14:36:01.618] Starting turn for Bot36
[14:36:01.618] Starting turn for Bot14
[14:36:01.618] Starting turn for Bot36
[14:36:01.618] Bot36 rotated left to face NORTH
[14:36:01.618] Bot36 executed ROTATE_LEFT
[14:36:01.618] Bot36 moved forward to (0,1)
[14:36:01.618] Bot36 executed MOVE_FORWARD
[14:36:01.618] Starting turn for Bot14
[14:36:01.618] Starting turn for Bot36
[14:36:01.618] Bot36 rotated left to face WEST
[14:36:01.618] Bot36 executed ROTATE_LEFT
[14:36:01.618] Bot36 rotated left to face SOUTH
[14:36:01.618] Bot36 executed ROTATE_LEFT
[14:36:01.618] Bot36 moved forward to (1,1)
[14:36:01.618] Bot36 executed MOVE_FORWARD
[14:36:01.618] Starting turn for Bot14
[14:36:01.618] Starting turn for Bot36
[14:36:01.618] Bot36 rotated left to face EAST
[14:36:01.618] Bot36 executed ROTATE_LEFT
[14:36:01.618] Starting turn for Bot14
[14:36:01.618] Starting turn for Bot36
[14:36:01.618] Starting turn for Bot14
[14:36:01.618] Stalemate detected: State repeated 10 times, unchanged for 3 turns
[14:36:01.618] Game Over! Stalemate detected!
[14:36:01.618] Stalemate detected: State repeated 10 times, unchanged for 3 turns
