[14:36:16.011] === Game Started at 2025-02-04_14-36-16 ===
[14:36:16.011] Game initialized with 2 players
[14:36:16.011] Board size: 10
[14:36:16.011] Obstacle density: 0.05
[14:36:16.011] Max turns: 1000
[14:36:16.011] Player Bot38 starting at position (0,0) facing WEST
[14:36:16.011] Player Bot36 starting at position (9,9) facing EAST
[14:36:16.011] Obstacles at positions: (2,3) (2,7) (2,8) (7,6) (8,7)
[14:36:16.011] Starting turn for Bot38
[14:36:16.011] Bot38 rotated left to face SOUTH
[14:36:16.011] Bot38 executed ROTATE_LEFT
[14:36:16.011] Bot38 rotated left to face EAST
[14:36:16.012] Bot38 executed ROTATE_LEFT
[14:36:16.012] Bot38 moved forward to (0,1)
[14:36:16.012] Bot38 executed MOVE_FORWARD
[14:36:16.012] Starting turn for Bot36
[14:36:16.012] Bot36 rotated left to face NORTH
[14:36:16.012] Bot36 executed ROTATE_LEFT
[14:36:16.012] Bot36 rotated left to face WEST
[14:36:16.012] Bot36 executed ROTATE_LEFT
[14:36:16.012] Bot36 moved forward to (9,8)
[14:36:16.012] Bot36 executed MOVE_FORWARD
[14:36:16.012] Starting turn for Bot38
[14:36:16.012] Bot38 rotated right to face SOUTH
[14:36:16.012] Bot38 executed ROTATE_RIGHT
[14:36:16.012] Bot38 moved forward to (1,1)
[14:36:16.012] Bot38 executed MOVE_FORWARD
[14:36:16.012] Starting turn for Bot36
[14:36:16.012] Bot36 rotated right to face NORTH
[14:36:16.012] Bot36 executed ROTATE_RIGHT
[14:36:16.012] Bot36 moved forward to (8,8)
[14:36:16.012] Bot36 executed MOVE_FORWARD
[14:36:16.012] Starting turn for Bot38
[14:36:16.012] Bot38 rotated left to face EAST
[14:36:16.012] Bot38 executed ROTATE_LEFT
[14:36:16.012] Bot38 moved forward to (1,2)
[14:36:16.012] Bot38 executed MOVE_FORWARD
[14:36:16.012] Starting turn for Bot36
[14:36:16.012] Bot36 rotated left to face WEST
[14:36:16.012] Bot36 executed ROTATE_LEFT
[14:36:16.012] Starting turn for Bot38
[14:36:16.012] Bot38 rotated right to face SOUTH
[14:36:16.012] Bot38 executed ROTATE_RIGHT
[14:36:16.012] Bot38 moved forward to (2,2)
[14:36:16.012] Bot38 executed MOVE_FORWARD
[14:36:16.012] Starting turn for Bot36
[14:36:16.012] Starting turn for Bot38
[14:36:16.012] Bot38 rotated left to face EAST
[14:36:16.012] Bot38 executed ROTATE_LEFT
[14:36:16.012] Starting turn for Bot36
[14:36:16.012] Bot36 rotated right to face NORTH
[14:36:16.012] Bot36 executed ROTATE_RIGHT
[14:36:16.012] Bot36 moved forward to (7,8)
[14:36:16.012] Bot36 executed MOVE_FORWARD
[14:36:16.012] Starting turn for Bot38
[14:36:16.012] Starting turn for Bot36
[14:36:16.012] Bot36 rotated left to face WEST
[14:36:16.012] Bot36 executed ROTATE_LEFT
[14:36:16.012] Bot36 moved forward to (7,7)
[14:36:16.012] Bot36 executed MOVE_FORWARD
[14:36:16.012] Starting turn for Bot38
[14:36:16.012] Bot38 rotated left to face NORTH
[14:36:16.012] Bot38 executed ROTATE_LEFT
[14:36:16.012] Bot38 moved forward to (1,2)
[14:36:16.012] Bot38 executed MOVE_FORWARD
[14:36:16.012] Starting turn for Bot36
[14:36:16.012] Starting turn for Bot38
[14:36:16.012] Bot38 rotated left to face WEST
[14:36:16.012] Bot38 executed ROTATE_LEFT
[14:36:16.012] Bot38 rotated left to face SOUTH
[14:36:16.012] Bot38 executed ROTATE_LEFT
[14:36:16.012] Bot38 moved forward to (2,2)
[14:36:16.012] Bot38 executed MOVE_FORWARD
[14:36:16.012] Starting turn for Bot36
[14:36:16.012] Starting turn for Bot38
[14:36:16.012] Bot38 rotated left to face EAST
[14:36:16.012] Bot38 executed ROTATE_LEFT
[14:36:16.012] Starting turn for Bot36
[14:36:16.012] Bot36 rotated right to face NORTH
[14:36:16.012] Bot36 executed ROTATE_RIGHT
[14:36:16.012] Bot36 moved forward to (6,7)
[14:36:16.012] Bot36 executed MOVE_FORWARD
[14:36:16.012] Starting turn for Bot38
[14:36:16.012] Starting turn for Bot36
[14:36:16.012] Bot36 rotated left to face WEST
[14:36:16.012] Bot36 executed ROTATE_LEFT
[14:36:16.012] Bot36 moved forward to (6,6)
[14:36:16.012] Bot36 executed MOVE_FORWARD
[14:36:16.012] Starting turn for Bot38
[14:36:16.012] Bot38 rotated left to face NORTH
[14:36:16.012] Bot38 executed ROTATE_LEFT
[14:36:16.012] Bot38 moved forward to (1,2)
[14:36:16.012] Bot38 executed MOVE_FORWARD
[14:36:16.012] Starting turn for Bot36
[14:36:16.012] Bot36 moved forward to (6,5)
[14:36:16.012] Bot36 executed MOVE_FORWARD
[14:36:16.012] Starting turn for Bot38
[14:36:16.012] Bot38 rotated left to face WEST
[14:36:16.012] Bot38 executed ROTATE_LEFT
[14:36:16.012] Bot38 rotated left to face SOUTH
[14:36:16.012] Bot38 executed ROTATE_LEFT
[14:36:16.012] Bot38 moved forward to (2,2)
[14:36:16.012] Bot38 executed MOVE_FORWARD
[14:36:16.012] Starting turn for Bot36
[14:36:16.012] Bot36 rotated right to face NORTH
[14:36:16.012] Bot36 executed ROTATE_RIGHT
[14:36:16.012] Bot36 moved forward to (5,5)
[14:36:16.012] Bot36 executed MOVE_FORWARD
[14:36:16.012] Starting turn for Bot38
[14:36:16.012] Bot38 rotated left to face EAST
[14:36:16.012] Bot38 executed ROTATE_LEFT
[14:36:16.012] Starting turn for Bot36
[14:36:16.012] Starting turn for Bot38
[14:36:16.012] Starting turn for Bot36
[14:36:16.012] Starting turn for Bot38
[14:36:16.012] Bot38 rotated left to face NORTH
[14:36:16.012] Bot38 executed ROTATE_LEFT
[14:36:16.012] Bot38 moved forward to (1,2)
[14:36:16.012] Bot38 executed MOVE_FORWARD
[14:36:16.012] Starting turn for Bot36
[14:36:16.012] Starting turn for Bot38
[14:36:16.012] Bot38 rotated left to face WEST
[14:36:16.012] Bot38 executed ROTATE_LEFT
[14:36:16.012] Bot38 rotated left to face SOUTH
[14:36:16.012] Bot38 executed ROTATE_LEFT
[14:36:16.012] Bot38 moved forward to (2,2)
[14:36:16.012] Bot38 executed MOVE_FORWARD
[14:36:16.012] Starting turn for Bot36
[14:36:16.012] Starting turn for Bot38
[14:36:16.012] Bot38 rotated left to face EAST
[14:36:16.012] Bot38 executed ROTATE_LEFT
[14:36:16.012] Starting turn for Bot36
[14:36:16.012] Starting turn for Bot38
[14:36:16.012] Starting turn for Bot36
[14:36:16.012] Starting turn for Bot38
[14:36:16.012] Bot38 rotated left to face NORTH
[14:36:16.012] Bot38 executed ROTATE_LEFT
[14:36:16.012] Bot38 moved forward to (1,2)
[14:36:16.012] Bot38 executed MOVE_FORWARD
[14:36:16.012] Starting turn for Bot36
[14:36:16.012] Starting turn for Bot38
[14:36:16.012] Bot38 rotated left to face WEST
[14:36:16.012] Bot38 executed ROTATE_LEFT
[14:36:16.012] Bot38 rotated left to face SOUTH
[14:36:16.012] Bot38 executed ROTATE_LEFT
[14:36:16.012] Bot38 moved forward to (2,2)
[14:36:16.012] Bot38 executed MOVE_FORWARD
[14:36:16.012] Starting turn for Bot36
[14:36:16.012] Starting turn for Bot38
[14:36:16.012] Bot38 rotated left to face EAST
[14:36:16.012] Bot38 executed ROTATE_LEFT
[14:36:16.012] Starting turn for Bot36
[14:36:16.012] Starting turn for Bot38
[14:36:16.012] Stalemate detected: State repeated 10 times, unchanged for 4 turns
[14:36:16.012] Game Over! Stalemate detected!
[14:36:16.012] Stalemate detected: State repeated 10 times, unchanged for 4 turns
