[14:36:15.935] === Game Started at 2025-02-04_14-36-15 ===
[14:36:15.935] Game initialized with 2 players
[14:36:15.935] Board size: 10
[14:36:15.935] Obstacle density: 0.05
[14:36:15.935] Max turns: 1000
[14:36:15.935] Player Bot39 starting at position (0,0) facing WEST
[14:36:15.935] Player Bot35 starting at position (9,9) facing WEST
[14:36:15.935] Obstacles at positions: (1,0) (1,2) (3,6) (3,7) (4,7)
[14:36:15.935] Starting turn for Bot39
[14:36:15.935] Bot39 rotated left to face SOUTH
[14:36:15.935] Bot39 executed ROTATE_LEFT
[14:36:15.935] Bot39 rotated left to face EAST
[14:36:15.935] Bot39 executed ROTATE_LEFT
[14:36:15.935] Bot39 moved forward to (0,1)
[14:36:15.935] Bot39 executed MOVE_FORWARD
[14:36:15.935] Starting turn for Bot35
[14:36:15.935] Bot35 moved forward to (9,8)
[14:36:15.935] Bot35 executed MOVE_FORWARD
[14:36:15.935] Starting turn for Bot39
[14:36:15.935] Bot39 rotated right to face SOUTH
[14:36:15.935] Bot39 executed ROTATE_RIGHT
[14:36:15.935] Bot39 moved forward to (1,1)
[14:36:15.935] Bot39 executed MOVE_FORWARD
[14:36:15.935] Starting turn for Bot35
[14:36:15.935] Bot35 rotated right to face NORTH
[14:36:15.935] Bot35 executed ROTATE_RIGHT
[14:36:15.935] Bot35 moved forward to (8,8)
[14:36:15.935] Bot35 executed MOVE_FORWARD
[14:36:15.935] Starting turn for Bot39
[14:36:15.935] Bot39 rotated left to face EAST
[14:36:15.935] Bot39 executed ROTATE_LEFT
[14:36:15.935] Starting turn for Bot35
[14:36:15.935] Bot35 rotated left to face WEST
[14:36:15.935] Bot35 executed ROTATE_LEFT
[14:36:15.935] Bot35 moved forward to (8,7)
[14:36:15.935] Bot35 executed MOVE_FORWARD
[14:36:15.935] Starting turn for Bot39
[14:36:15.935] Starting turn for Bot35
[14:36:15.935] Bot35 rotated right to face NORTH
[14:36:15.935] Bot35 executed ROTATE_RIGHT
[14:36:15.935] Bot35 moved forward to (7,7)
[14:36:15.935] Bot35 executed MOVE_FORWARD
[14:36:15.935] Starting turn for Bot39
[14:36:15.935] Bot39 rotated left to face NORTH
[14:36:15.935] Bot39 executed ROTATE_LEFT
[14:36:15.935] Bot39 moved forward to (0,1)
[14:36:15.935] Bot39 executed MOVE_FORWARD
[14:36:15.935] Starting turn for Bot35
[14:36:15.935] Bot35 rotated left to face WEST
[14:36:15.935] Bot35 executed ROTATE_LEFT
[14:36:15.935] Bot35 moved forward to (7,6)
[14:36:15.935] Bot35 executed MOVE_FORWARD
[14:36:15.935] Starting turn for Bot39
[14:36:15.935] Bot39 rotated left to face WEST
[14:36:15.935] Bot39 executed ROTATE_LEFT
[14:36:15.935] Bot39 rotated left to face SOUTH
[14:36:15.935] Bot39 executed ROTATE_LEFT
[14:36:15.935] Bot39 moved forward to (1,1)
[14:36:15.935] Bot39 executed MOVE_FORWARD
[14:36:15.935] Starting turn for Bot35
[14:36:15.935] Bot35 rotated right to face NORTH
[14:36:15.935] Bot35 executed ROTATE_RIGHT
[14:36:15.935] Bot35 moved forward to (6,6)
[14:36:15.935] Bot35 executed MOVE_FORWARD
[14:36:15.935] Starting turn for Bot39
[14:36:15.935] Bot39 rotated left to face EAST
[14:36:15.935] Bot39 executed ROTATE_LEFT
[14:36:15.935] Starting turn for Bot35
[14:36:15.935] Bot35 rotated left to face WEST
[14:36:15.935] Bot35 executed ROTATE_LEFT
[14:36:15.935] Bot35 moved forward to (6,5)
[14:36:15.935] Bot35 executed MOVE_FORWARD
[14:36:15.935] Starting turn for Bot39
[14:36:15.935] Starting turn for Bot35
[14:36:15.935] Bot35 rotated right to face NORTH
[14:36:15.935] Bot35 executed ROTATE_RIGHT
[14:36:15.935] Bot35 moved forward to (5,5)
[14:36:15.935] Bot35 executed MOVE_FORWARD
[14:36:15.935] Starting turn for Bot39
[14:36:15.935] Bot39 rotated left to face NORTH
[14:36:15.935] Bot39 executed ROTATE_LEFT
[14:36:15.935] Bot39 moved forward to (0,1)
[14:36:15.935] Bot39 executed MOVE_FORWARD
[14:36:15.935] Starting turn for Bot35
[14:36:15.935] Starting turn for Bot39
[14:36:15.935] Bot39 rotated left to face WEST
[14:36:15.935] Bot39 executed ROTATE_LEFT
[14:36:15.935] Bot39 rotated left to face SOUTH
[14:36:15.935] Bot39 executed ROTATE_LEFT
[14:36:15.935] Bot39 moved forward to (1,1)
[14:36:15.935] Bot39 executed MOVE_FORWARD
[14:36:15.935] Starting turn for Bot35
[14:36:15.936] Starting turn for Bot39
[14:36:15.936] Bot39 rotated left to face EAST
[14:36:15.936] Bot39 executed ROTATE_LEFT
[14:36:15.936] Starting turn for Bot35
[14:36:15.936] Starting turn for Bot39
[14:36:15.936] Starting turn for Bot35
[14:36:15.936] Starting turn for Bot39
[14:36:15.936] Bot39 rotated left to face NORTH
[14:36:15.936] Bot39 executed ROTATE_LEFT
[14:36:15.936] Bot39 moved forward to (0,1)
[14:36:15.936] Bot39 executed MOVE_FORWARD
[14:36:15.936] Starting turn for Bot35
[14:36:15.936] Starting turn for Bot39
[14:36:15.936] Bot39 rotated left to face WEST
[14:36:15.936] Bot39 executed ROTATE_LEFT
[14:36:15.936] Bot39 rotated left to face SOUTH
[14:36:15.936] Bot39 executed ROTATE_LEFT
[14:36:15.936] Bot39 moved forward to (1,1)
[14:36:15.936] Bot39 executed MOVE_FORWARD
[14:36:15.936] Starting turn for Bot35
[14:36:15.936] Starting turn for Bot39
[14:36:15.936] Bot39 rotated left to face EAST
[14:36:15.936] Bot39 executed ROTATE_LEFT
[14:36:15.936] Starting turn for Bot35
[14:36:15.936] Starting turn for Bot39
[14:36:15.936] Starting turn for Bot35
[14:36:15.936] Starting turn for Bot39
[14:36:15.936] Bot39 rotated left to face NORTH
[14:36:15.936] Bot39 executed ROTATE_LEFT
[14:36:15.936] Bot39 moved forward to (0,1)
[14:36:15.936] Bot39 executed MOVE_FORWARD
[14:36:15.936] Starting turn for Bot35
[14:36:15.936] Starting turn for Bot39
[14:36:15.936] Bot39 rotated left to face WEST
[14:36:15.936] Bot39 executed ROTATE_LEFT
[14:36:15.936] Bot39 rotated left to face SOUTH
[14:36:15.936] Bot39 executed ROTATE_LEFT
[14:36:15.936] Bot39 moved forward to (1,1)
[14:36:15.936] Bot39 executed MOVE_FORWARD
[14:36:15.936] Starting turn for Bot35
[14:36:15.936] Starting turn for Bot39
[14:36:15.936] Bot39 rotated left to face EAST
[14:36:15.936] Bot39 executed ROTATE_LEFT
[14:36:15.936] Starting turn for Bot35
[14:36:15.936] Starting turn for Bot39
[14:36:15.936] Starting turn for Bot35
[14:36:15.936] Stalemate detected: State repeated 10 times, unchanged for 3 turns
[14:36:15.936] Game Over! Stalemate detected!
[14:36:15.936] Stalemate detected: State repeated 10 times, unchanged for 3 turns
