[14:36:11.365] === Game Started at 2025-02-04_14-36-11 ===
[14:36:11.365] Game initialized with 2 players
[14:36:11.365] Board size: 10
[14:36:11.365] Obstacle density: 0.05
[14:36:11.365] Max turns: 1000
[14:36:11.366] Player Bot34 starting at position (0,0) facing SOUTH
[14:36:11.366] Player Bot25 starting at position (9,9) facing SOUTH
[14:36:11.366] Obstacles at positions: (2,2) (4,7) (6,6) (8,7) (8,9)
[14:36:11.366] Starting turn for Bot34
[14:36:11.366] Bot34 rotated left to face EAST
[14:36:11.366] Bot34 executed ROTATE_LEFT
[14:36:11.366] Bot34 moved forward to (0,1)
[14:36:11.366] Bot34 executed MOVE_FORWARD
[14:36:11.366] Starting turn for Bot25
[14:36:11.366] Bot25 rotated right to face WEST
[14:36:11.366] Bot25 executed ROTATE_RIGHT
[14:36:11.366] Bot25 moved forward to (9,8)
[14:36:11.366] Bot25 executed MOVE_FORWARD
[14:36:11.366] Starting turn for Bot34
[14:36:11.366] Bot34 rotated right to face SOUTH
[14:36:11.366] Bot34 executed ROTATE_RIGHT
[14:36:11.366] Bot34 moved forward to (1,1)
[14:36:11.366] Bot34 executed MOVE_FORWARD
[14:36:11.366] Starting turn for Bot25
[14:36:11.366] Bot25 rotated right to face NORTH
[14:36:11.366] Bot25 executed ROTATE_RIGHT
[14:36:11.366] Bot25 moved forward to (8,8)
[14:36:11.366] Bot25 executed MOVE_FORWARD
[14:36:11.366] Starting turn for Bot34
[14:36:11.366] Bot34 rotated left to face EAST
[14:36:11.366] Bot34 executed ROTATE_LEFT
[14:36:11.366] Bot34 moved forward to (1,2)
[14:36:11.366] Bot34 executed MOVE_FORWARD
[14:36:11.366] Starting turn for Bot25
[14:36:11.366] Bot25 rotated left to face WEST
[14:36:11.366] Bot25 executed ROTATE_LEFT
[14:36:11.366] Starting turn for Bot34
[14:36:11.366] Bot34 rotated right to face SOUTH
[14:36:11.366] Bot34 executed ROTATE_RIGHT
[14:36:11.366] Starting turn for Bot25
[14:36:11.366] Starting turn for Bot34
[14:36:11.366] Starting turn for Bot25
[14:36:11.366] Bot25 rotated right to face NORTH
[14:36:11.366] Bot25 executed ROTATE_RIGHT
[14:36:11.366] Bot25 moved forward to (7,8)
[14:36:11.366] Bot25 executed MOVE_FORWARD
[14:36:11.366] Starting turn for Bot34
[14:36:11.366] Bot34 rotated left to face EAST
[14:36:11.366] Bot34 executed ROTATE_LEFT
[14:36:11.366] Bot34 rotated left to face NORTH
[14:36:11.366] Bot34 executed ROTATE_LEFT
[14:36:11.366] Bot34 moved forward to (0,2)
[14:36:11.366] Bot34 executed MOVE_FORWARD
[14:36:11.366] Starting turn for Bot25
[14:36:11.366] Bot25 rotated left to face WEST
[14:36:11.366] Bot25 executed ROTATE_LEFT
[14:36:11.366] Bot25 moved forward to (7,7)
[14:36:11.366] Bot25 executed MOVE_FORWARD
[14:36:11.366] Starting turn for Bot34
[14:36:11.366] Bot34 rotated left to face WEST
[14:36:11.366] Bot34 executed ROTATE_LEFT
[14:36:11.366] Bot34 rotated left to face SOUTH
[14:36:11.366] Bot34 executed ROTATE_LEFT
[14:36:11.366] Bot34 moved forward to (1,2)
[14:36:11.366] Bot34 executed MOVE_FORWARD
[14:36:11.366] Starting turn for Bot25
[14:36:11.366] Bot25 moved forward to (7,6)
[14:36:11.366] Bot25 executed MOVE_FORWARD
[14:36:11.366] Starting turn for Bot34
[14:36:11.366] Starting turn for Bot25
[14:36:11.366] Bot25 rotated right to face NORTH
[14:36:11.366] Bot25 executed ROTATE_RIGHT
[14:36:11.366] Starting turn for Bot34
[14:36:11.366] Starting turn for Bot25
[14:36:11.366] Starting turn for Bot34
[14:36:11.366] Bot34 rotated left to face EAST
[14:36:11.366] Bot34 executed ROTATE_LEFT
[14:36:11.366] Bot34 rotated left to face NORTH
[14:36:11.366] Bot34 executed ROTATE_LEFT
[14:36:11.366] Bot34 moved forward to (0,2)
[14:36:11.366] Bot34 executed MOVE_FORWARD
[14:36:11.366] Starting turn for Bot25
[14:36:11.366] Bot25 rotated right to face EAST
[14:36:11.366] Bot25 executed ROTATE_RIGHT
[14:36:11.366] Bot25 moved forward to (7,7)
[14:36:11.366] Bot25 executed MOVE_FORWARD
[14:36:11.366] Starting turn for Bot34
[14:36:11.366] Bot34 rotated left to face WEST
[14:36:11.366] Bot34 executed ROTATE_LEFT
[14:36:11.366] Bot34 rotated left to face SOUTH
[14:36:11.366] Bot34 executed ROTATE_LEFT
[14:36:11.366] Bot34 moved forward to (1,2)
[14:36:11.366] Bot34 executed MOVE_FORWARD
[14:36:11.366] Starting turn for Bot25
[14:36:11.366] Bot25 rotated left to face NORTH
[14:36:11.366] Bot25 executed ROTATE_LEFT
[14:36:11.366] Bot25 rotated left to face WEST
[14:36:11.366] Bot25 executed ROTATE_LEFT
[14:36:11.366] Bot25 moved forward to (7,6)
[14:36:11.366] Bot25 executed MOVE_FORWARD
[14:36:11.366] Starting turn for Bot34
[14:36:11.366] Starting turn for Bot25
[14:36:11.366] Bot25 rotated right to face NORTH
[14:36:11.366] Bot25 executed ROTATE_RIGHT
[14:36:11.366] Starting turn for Bot34
[14:36:11.366] Starting turn for Bot25
[14:36:11.366] Starting turn for Bot34
[14:36:11.366] Bot34 rotated left to face EAST
[14:36:11.366] Bot34 executed ROTATE_LEFT
[14:36:11.366] Bot34 rotated left to face NORTH
[14:36:11.366] Bot34 executed ROTATE_LEFT
[14:36:11.366] Bot34 moved forward to (0,2)
[14:36:11.366] Bot34 executed MOVE_FORWARD
[14:36:11.366] Starting turn for Bot25
[14:36:11.366] Bot25 rotated right to face EAST
[14:36:11.366] Bot25 executed ROTATE_RIGHT
[14:36:11.366] Bot25 moved forward to (7,7)
[14:36:11.366] Bot25 executed MOVE_FORWARD
[14:36:11.366] Starting turn for Bot34
[14:36:11.366] Bot34 rotated left to face WEST
[14:36:11.366] Bot34 executed ROTATE_LEFT
[14:36:11.366] Bot34 rotated left to face SOUTH
[14:36:11.366] Bot34 executed ROTATE_LEFT
[14:36:11.366] Bot34 moved forward to (1,2)
[14:36:11.366] Bot34 executed MOVE_FORWARD
[14:36:11.366] Starting turn for Bot25
[14:36:11.366] Bot25 rotated left to face NORTH
[14:36:11.366] Bot25 executed ROTATE_LEFT
[14:36:11.366] Bot25 rotated left to face WEST
[14:36:11.366] Bot25 executed ROTATE_LEFT
[14:36:11.366] Bot25 moved forward to (7,6)
[14:36:11.366] Bot25 executed MOVE_FORWARD
[14:36:11.366] Starting turn for Bot34
[14:36:11.366] Starting turn for Bot25
[14:36:11.366] Bot25 rotated right to face NORTH
[14:36:11.366] Bot25 executed ROTATE_RIGHT
[14:36:11.366] Starting turn for Bot34
[14:36:11.366] Starting turn for Bot25
[14:36:11.366] Starting turn for Bot34
[14:36:11.366] Bot34 rotated left to face EAST
[14:36:11.366] Bot34 executed ROTATE_LEFT
[14:36:11.366] Bot34 rotated left to face NORTH
[14:36:11.366] Bot34 executed ROTATE_LEFT
[14:36:11.366] Bot34 moved forward to (0,2)
[14:36:11.366] Bot34 executed MOVE_FORWARD
[14:36:11.366] Starting turn for Bot25
[14:36:11.366] Bot25 rotated right to face EAST
[14:36:11.366] Bot25 executed ROTATE_RIGHT
[14:36:11.366] Bot25 moved forward to (7,7)
[14:36:11.366] Bot25 executed MOVE_FORWARD
[14:36:11.366] Starting turn for Bot34
[14:36:11.366] Bot34 rotated left to face WEST
[14:36:11.366] Bot34 executed ROTATE_LEFT
[14:36:11.366] Bot34 rotated left to face SOUTH
[14:36:11.366] Bot34 executed ROTATE_LEFT
[14:36:11.366] Bot34 moved forward to (1,2)
[14:36:11.366] Bot34 executed MOVE_FORWARD
[14:36:11.366] Starting turn for Bot25
[14:36:11.366] Bot25 rotated left to face NORTH
[14:36:11.366] Bot25 executed ROTATE_LEFT
[14:36:11.366] Bot25 rotated left to face WEST
[14:36:11.366] Bot25 executed ROTATE_LEFT
[14:36:11.366] Bot25 moved forward to (7,6)
[14:36:11.366] Bot25 executed MOVE_FORWARD
[14:36:11.366] Starting turn for Bot34
[14:36:11.366] Starting turn for Bot25
[14:36:11.366] Bot25 rotated right to face NORTH
[14:36:11.366] Bot25 executed ROTATE_RIGHT
[14:36:11.366] Starting turn for Bot34
[14:36:11.366] Stalemate detected: State repeated 10 times, unchanged for 3 turns
[14:36:11.366] Game Over! Stalemate detected!
[14:36:11.366] Stalemate detected: State repeated 10 times, unchanged for 3 turns
