[14:35:42.677] === Game Started at 2025-02-04_14-35-42 ===
[14:35:42.677] Game initialized with 2 players
[14:35:42.677] Board size: 10
[14:35:42.677] Obstacle density: 0.05
[14:35:42.677] Max turns: 1000
[14:35:42.677] Player Bot35 starting at position (0,0) facing WEST
[14:35:42.677] Player Bot2 starting at position (9,9) facing NORTH
[14:35:42.677] Obstacles at positions: (1,4) (2,8) (6,6) (8,3) (9,7)
[14:35:42.677] Starting turn for Bot35
[14:35:42.677] Bot35 rotated left to face SOUTH
[14:35:42.677] Bot35 executed ROTATE_LEFT
[14:35:42.677] Bot35 rotated left to face EAST
[14:35:42.678] Bot35 executed ROTATE_LEFT
[14:35:42.678] Bot35 moved forward to (0,1)
[14:35:42.678] Bot35 executed MOVE_FORWARD
[14:35:42.678] Starting turn for Bot2
[14:35:42.678] Bot2 rotated left to face WEST
[14:35:42.678] Bot2 executed ROTATE_LEFT
[14:35:42.678] Bot2 moved forward to (9,8)
[14:35:42.678] Bot2 executed MOVE_FORWARD
[14:35:42.678] Starting turn for Bot35
[14:35:42.678] Bot35 rotated right to face SOUTH
[14:35:42.678] Bot35 executed ROTATE_RIGHT
[14:35:42.678] Bot35 moved forward to (1,1)
[14:35:42.678] Bot35 executed MOVE_FORWARD
[14:35:42.678] Starting turn for Bot2
[14:35:42.678] Bot2 rotated right to face NORTH
[14:35:42.678] Bot2 executed ROTATE_RIGHT
[14:35:42.678] Bot2 moved forward to (8,8)
[14:35:42.678] Bot2 executed MOVE_FORWARD
[14:35:42.678] Starting turn for Bot35
[14:35:42.678] Bot35 rotated left to face EAST
[14:35:42.678] Bot35 executed ROTATE_LEFT
[14:35:42.678] Bot35 moved forward to (1,2)
[14:35:42.678] Bot35 executed MOVE_FORWARD
[14:35:42.678] Starting turn for Bot2
[14:35:42.678] Bot2 rotated left to face WEST
[14:35:42.678] Bot2 executed ROTATE_LEFT
[14:35:42.678] Bot2 moved forward to (8,7)
[14:35:42.678] Bot2 executed MOVE_FORWARD
[14:35:42.678] Starting turn for Bot35
[14:35:42.678] Bot35 rotated right to face SOUTH
[14:35:42.678] Bot35 executed ROTATE_RIGHT
[14:35:42.678] Bot35 moved forward to (2,2)
[14:35:42.678] Bot35 executed MOVE_FORWARD
[14:35:42.678] Starting turn for Bot2
[14:35:42.678] Bot2 rotated right to face NORTH
[14:35:42.678] Bot2 executed ROTATE_RIGHT
[14:35:42.678] Bot2 moved forward to (7,7)
[14:35:42.678] Bot2 executed MOVE_FORWARD
[14:35:42.678] Starting turn for Bot35
[14:35:42.678] Bot35 rotated left to face EAST
[14:35:42.678] Bot35 executed ROTATE_LEFT
[14:35:42.678] Bot35 moved forward to (2,3)
[14:35:42.678] Bot35 executed MOVE_FORWARD
[14:35:42.678] Starting turn for Bot2
[14:35:42.678] Bot2 rotated left to face WEST
[14:35:42.678] Bot2 executed ROTATE_LEFT
[14:35:42.678] Bot2 moved forward to (7,6)
[14:35:42.678] Bot2 executed MOVE_FORWARD
[14:35:42.678] Starting turn for Bot35
[14:35:42.678] Bot35 rotated right to face SOUTH
[14:35:42.678] Bot35 executed ROTATE_RIGHT
[14:35:42.678] Bot35 moved forward to (3,3)
[14:35:42.678] Bot35 executed MOVE_FORWARD
[14:35:42.678] Starting turn for Bot2
[14:35:42.678] Bot2 rotated right to face NORTH
[14:35:42.678] Bot2 executed ROTATE_RIGHT
[14:35:42.678] Starting turn for Bot35
[14:35:42.678] Bot35 rotated left to face EAST
[14:35:42.678] Bot35 executed ROTATE_LEFT
[14:35:42.678] Bot35 moved forward to (3,4)
[14:35:42.678] Bot35 executed MOVE_FORWARD
[14:35:42.678] Starting turn for Bot2
[14:35:42.678] Starting turn for Bot35
[14:35:42.678] Bot35 rotated right to face SOUTH
[14:35:42.678] Bot35 executed ROTATE_RIGHT
[14:35:42.678] Bot35 moved forward to (4,4)
[14:35:42.678] Bot35 executed MOVE_FORWARD
[14:35:42.678] Starting turn for Bot2
[14:35:42.678] Bot2 rotated right to face EAST
[14:35:42.678] Bot2 executed ROTATE_RIGHT
[14:35:42.678] Bot2 moved forward to (7,7)
[14:35:42.678] Bot2 executed MOVE_FORWARD
[14:35:42.678] Starting turn for Bot35
[14:35:42.678] Bot35 rotated left to face EAST
[14:35:42.678] Bot35 executed ROTATE_LEFT
[14:35:42.678] Bot35 moved forward to (4,5)
[14:35:42.678] Bot35 executed MOVE_FORWARD
[14:35:42.678] Starting turn for Bot2
[14:35:42.678] Bot2 rotated left to face NORTH
[14:35:42.678] Bot2 executed ROTATE_LEFT
[14:35:42.678] Bot2 rotated left to face WEST
[14:35:42.678] Bot2 executed ROTATE_LEFT
[14:35:42.678] Bot2 moved forward to (7,6)
[14:35:42.678] Bot2 executed MOVE_FORWARD
[14:35:42.678] Starting turn for Bot35
[14:35:42.678] Bot35 rotated right to face SOUTH
[14:35:42.678] Bot35 executed ROTATE_RIGHT
[14:35:42.678] Bot35 moved forward to (5,5)
[14:35:42.678] Bot35 executed MOVE_FORWARD
[14:35:42.678] Starting turn for Bot2
[14:35:42.678] Bot2 rotated right to face NORTH
[14:35:42.678] Bot2 executed ROTATE_RIGHT
[14:35:42.678] Starting turn for Bot35
[14:35:42.678] Starting turn for Bot2
[14:35:42.678] Starting turn for Bot35
[14:35:42.678] Starting turn for Bot2
[14:35:42.678] Bot2 rotated right to face EAST
[14:35:42.678] Bot2 executed ROTATE_RIGHT
[14:35:42.678] Bot2 moved forward to (7,7)
[14:35:42.678] Bot2 executed MOVE_FORWARD
[14:35:42.678] Starting turn for Bot35
[14:35:42.678] Starting turn for Bot2
[14:35:42.678] Bot2 rotated left to face NORTH
[14:35:42.678] Bot2 executed ROTATE_LEFT
[14:35:42.678] Bot2 rotated left to face WEST
[14:35:42.678] Bot2 executed ROTATE_LEFT
[14:35:42.678] Bot2 moved forward to (7,6)
[14:35:42.678] Bot2 executed MOVE_FORWARD
[14:35:42.678] Starting turn for Bot35
[14:35:42.678] Starting turn for Bot2
[14:35:42.678] Bot2 rotated right to face NORTH
[14:35:42.678] Bot2 executed ROTATE_RIGHT
[14:35:42.678] Starting turn for Bot35
[14:35:42.678] Starting turn for Bot2
[14:35:42.678] Starting turn for Bot35
[14:35:42.678] Starting turn for Bot2
[14:35:42.678] Bot2 rotated right to face EAST
[14:35:42.678] Bot2 executed ROTATE_RIGHT
[14:35:42.678] Bot2 moved forward to (7,7)
[14:35:42.678] Bot2 executed MOVE_FORWARD
[14:35:42.678] Starting turn for Bot35
[14:35:42.678] Starting turn for Bot2
[14:35:42.678] Bot2 rotated left to face NORTH
[14:35:42.678] Bot2 executed ROTATE_LEFT
[14:35:42.678] Bot2 rotated left to face WEST
[14:35:42.678] Bot2 executed ROTATE_LEFT
[14:35:42.678] Bot2 moved forward to (7,6)
[14:35:42.678] Bot2 executed MOVE_FORWARD
[14:35:42.678] Starting turn for Bot35
[14:35:42.678] Starting turn for Bot2
[14:35:42.678] Bot2 rotated right to face NORTH
[14:35:42.678] Bot2 executed ROTATE_RIGHT
[14:35:42.678] Starting turn for Bot35
[14:35:42.678] Starting turn for Bot2
[14:35:42.678] Starting turn for Bot35
[14:35:42.678] Starting turn for Bot2
[14:35:42.678] Stalemate detected: State repeated 10 times, unchanged for 2 turns
[14:35:42.678] Game Over! Stalemate detected!
[14:35:42.678] Stalemate detected: State repeated 10 times, unchanged for 2 turns
