[14:35:43.986] === Game Started at 2025-02-04_14-35-43 ===
[14:35:43.986] Game initialized with 2 players
[14:35:43.986] Board size: 10
[14:35:43.986] Obstacle density: 0.05
[14:35:43.986] Max turns: 1000
[14:35:43.986] Player Bot3 starting at position (0,0) facing NORTH
[14:35:43.986] Player Bot21 starting at position (9,9) facing WEST
[14:35:43.986] Obstacles at positions: (0,3) (1,2) (6,3) (6,7) (8,3)
[14:35:43.986] Starting turn for Bot3
[14:35:43.986] Bot3 rotated right to face EAST
[14:35:43.986] Bot3 executed ROTATE_RIGHT
[14:35:43.986] Bot3 moved forward to (0,1)
[14:35:43.986] Bot3 executed MOVE_FORWARD
[14:35:43.986] Starting turn for Bot21
[14:35:43.986] Bot21 moved forward to (9,8)
[14:35:43.986] Bot21 executed MOVE_FORWARD
[14:35:43.986] Starting turn for Bot3
[14:35:43.986] Bot3 rotated right to face SOUTH
[14:35:43.986] Bot3 executed ROTATE_RIGHT
[14:35:43.986] Bot3 moved forward to (1,1)
[14:35:43.986] Bot3 executed MOVE_FORWARD
[14:35:43.986] Starting turn for Bot21
[14:35:43.986] Bot21 rotated right to face NORTH
[14:35:43.986] Bot21 executed ROTATE_RIGHT
[14:35:43.986] Bot21 moved forward to (8,8)
[14:35:43.986] Bot21 executed MOVE_FORWARD
[14:35:43.986] Starting turn for Bot3
[14:35:43.986] Bot3 rotated left to face EAST
[14:35:43.986] Bot3 executed ROTATE_LEFT
[14:35:43.986] Starting turn for Bot21
[14:35:43.986] Bot21 rotated left to face WEST
[14:35:43.986] Bot21 executed ROTATE_LEFT
[14:35:43.986] Bot21 moved forward to (8,7)
[14:35:43.986] Bot21 executed MOVE_FORWARD
[14:35:43.986] Starting turn for Bot3
[14:35:43.986] Starting turn for Bot21
[14:35:43.986] Bot21 rotated right to face NORTH
[14:35:43.986] Bot21 executed ROTATE_RIGHT
[14:35:43.986] Bot21 moved forward to (7,7)
[14:35:43.986] Bot21 executed MOVE_FORWARD
[14:35:43.986] Starting turn for Bot3
[14:35:43.986] Bot3 rotated left to face NORTH
[14:35:43.986] Bot3 executed ROTATE_LEFT
[14:35:43.986] Bot3 moved forward to (0,1)
[14:35:43.986] Bot3 executed MOVE_FORWARD
[14:35:43.986] Starting turn for Bot21
[14:35:43.986] Bot21 rotated left to face WEST
[14:35:43.986] Bot21 executed ROTATE_LEFT
[14:35:43.986] Bot21 moved forward to (7,6)
[14:35:43.986] Bot21 executed MOVE_FORWARD
[14:35:43.986] Starting turn for Bot3
[14:35:43.986] Bot3 rotated left to face WEST
[14:35:43.986] Bot3 executed ROTATE_LEFT
[14:35:43.986] Bot3 rotated left to face SOUTH
[14:35:43.986] Bot3 executed ROTATE_LEFT
[14:35:43.986] Bot3 moved forward to (1,1)
[14:35:43.986] Bot3 executed MOVE_FORWARD
[14:35:43.986] Starting turn for Bot21
[14:35:43.986] Bot21 rotated right to face NORTH
[14:35:43.986] Bot21 executed ROTATE_RIGHT
[14:35:43.986] Bot21 moved forward to (6,6)
[14:35:43.986] Bot21 executed MOVE_FORWARD
[14:35:43.986] Starting turn for Bot3
[14:35:43.986] Bot3 rotated left to face EAST
[14:35:43.986] Bot3 executed ROTATE_LEFT
[14:35:43.986] Starting turn for Bot21
[14:35:43.986] Bot21 rotated left to face WEST
[14:35:43.986] Bot21 executed ROTATE_LEFT
[14:35:43.986] Bot21 moved forward to (6,5)
[14:35:43.986] Bot21 executed MOVE_FORWARD
[14:35:43.986] Starting turn for Bot3
[14:35:43.986] Starting turn for Bot21
[14:35:43.986] Bot21 rotated right to face NORTH
[14:35:43.986] Bot21 executed ROTATE_RIGHT
[14:35:43.986] Bot21 moved forward to (5,5)
[14:35:43.986] Bot21 executed MOVE_FORWARD
[14:35:43.986] Starting turn for Bot3
[14:35:43.986] Bot3 rotated left to face NORTH
[14:35:43.986] Bot3 executed ROTATE_LEFT
[14:35:43.986] Bot3 moved forward to (0,1)
[14:35:43.986] Bot3 executed MOVE_FORWARD
[14:35:43.986] Starting turn for Bot21
[14:35:43.986] Starting turn for Bot3
[14:35:43.986] Bot3 rotated left to face WEST
[14:35:43.986] Bot3 executed ROTATE_LEFT
[14:35:43.986] Bot3 rotated left to face SOUTH
[14:35:43.986] Bot3 executed ROTATE_LEFT
[14:35:43.986] Bot3 moved forward to (1,1)
[14:35:43.986] Bot3 executed MOVE_FORWARD
[14:35:43.986] Starting turn for Bot21
[14:35:43.986] Starting turn for Bot3
[14:35:43.986] Bot3 rotated left to face EAST
[14:35:43.986] Bot3 executed ROTATE_LEFT
[14:35:43.986] Starting turn for Bot21
[14:35:43.986] Starting turn for Bot3
[14:35:43.986] Starting turn for Bot21
[14:35:43.986] Starting turn for Bot3
[14:35:43.986] Bot3 rotated left to face NORTH
[14:35:43.986] Bot3 executed ROTATE_LEFT
[14:35:43.986] Bot3 moved forward to (0,1)
[14:35:43.986] Bot3 executed MOVE_FORWARD
[14:35:43.986] Starting turn for Bot21
[14:35:43.986] Starting turn for Bot3
[14:35:43.986] Bot3 rotated left to face WEST
[14:35:43.986] Bot3 executed ROTATE_LEFT
[14:35:43.986] Bot3 rotated left to face SOUTH
[14:35:43.986] Bot3 executed ROTATE_LEFT
[14:35:43.986] Bot3 moved forward to (1,1)
[14:35:43.986] Bot3 executed MOVE_FORWARD
[14:35:43.986] Starting turn for Bot21
[14:35:43.986] Starting turn for Bot3
[14:35:43.986] Bot3 rotated left to face EAST
[14:35:43.986] Bot3 executed ROTATE_LEFT
[14:35:43.986] Starting turn for Bot21
[14:35:43.986] Starting turn for Bot3
[14:35:43.986] Starting turn for Bot21
[14:35:43.986] Starting turn for Bot3
[14:35:43.986] Bot3 rotated left to face NORTH
[14:35:43.986] Bot3 executed ROTATE_LEFT
[14:35:43.986] Bot3 moved forward to (0,1)
[14:35:43.986] Bot3 executed MOVE_FORWARD
[14:35:43.986] Starting turn for Bot21
[14:35:43.986] Starting turn for Bot3
[14:35:43.986] Bot3 rotated left to face WEST
[14:35:43.986] Bot3 executed ROTATE_LEFT
[14:35:43.986] Bot3 rotated left to face SOUTH
[14:35:43.986] Bot3 executed ROTATE_LEFT
[14:35:43.986] Bot3 moved forward to (1,1)
[14:35:43.986] Bot3 executed MOVE_FORWARD
[14:35:43.986] Starting turn for Bot21
[14:35:43.986] Starting turn for Bot3
[14:35:43.986] Bot3 rotated left to face EAST
[14:35:43.986] Bot3 executed ROTATE_LEFT
[14:35:43.986] Starting turn for Bot21
[14:35:43.986] Starting turn for Bot3
[14:35:43.986] Starting turn for Bot21
[14:35:43.986] Stalemate detected: State repeated 10 times, unchanged for 3 turns
[14:35:43.986] Game Over! Stalemate detected!
[14:35:43.986] Stalemate detected: State repeated 10 times, unchanged for 3 turns
