[19:20:39.404] === Game Started at 2025-01-16_19-20-39 ===
[19:20:39.405] Game initialized with 2 players
[19:20:39.405] Board size: 10
[19:20:39.405] Obstacle density: 0.05
[19:20:39.405] Max turns: 1000
[19:20:39.405] Player Bot1 starting at position (0,0) facing WEST
[19:20:39.405] Player Bot5 starting at position (9,9) facing WEST
[19:20:39.405] Obstacles at positions: (0,6) (2,7) (3,0) (4,4) (6,2)
[19:20:39.405] Starting turn for Bot1
[19:20:39.405] Bot1 rotated left to face SOUTH
[19:20:39.405] Bot1 executed ROTATE_LEFT
[19:20:39.405] Bot1 rotated left to face EAST
[19:20:39.405] Bot1 executed ROTATE_LEFT
[19:20:39.405] Bot1 moved forward to (0,1)
[19:20:39.405] Bot1 executed MOVE_FORWARD
[19:20:39.405] Starting turn for Bot5
[19:20:39.405] Bot5 moved forward to (9,8)
[19:20:39.405] Bot5 executed MOVE_FORWARD
[19:20:39.405] Starting turn for Bot1
[19:20:39.405] Bot1 rotated right to face SOUTH
[19:20:39.405] Bot1 executed ROTATE_RIGHT
[19:20:39.405] Bot1 moved forward to (1,1)
[19:20:39.405] Bot1 executed MOVE_FORWARD
[19:20:39.405] Starting turn for Bot5
[19:20:39.405] Bot5 rotated right to face NORTH
[19:20:39.405] Bot5 executed ROTATE_RIGHT
[19:20:39.405] Bot5 moved forward to (8,8)
[19:20:39.405] Bot5 executed MOVE_FORWARD
[19:20:39.406] Starting turn for Bot1
[19:20:39.406] Bot1 rotated left to face EAST
[19:20:39.406] Bot1 executed ROTATE_LEFT
[19:20:39.406] Bot1 moved forward to (1,2)
[19:20:39.406] Bot1 executed MOVE_FORWARD
[19:20:39.406] Starting turn for Bot5
[19:20:39.406] Bot5 rotated left to face WEST
[19:20:39.406] Bot5 executed ROTATE_LEFT
[19:20:39.406] Bot5 moved forward to (8,7)
[19:20:39.406] Bot5 executed MOVE_FORWARD
[19:20:39.406] Starting turn for Bot1
[19:20:39.406] Bot1 rotated right to face SOUTH
[19:20:39.406] Bot1 executed ROTATE_RIGHT
[19:20:39.406] Bot1 moved forward to (2,2)
[19:20:39.406] Bot1 executed MOVE_FORWARD
[19:20:39.406] Starting turn for Bot5
[19:20:39.406] Bot5 rotated right to face NORTH
[19:20:39.406] Bot5 executed ROTATE_RIGHT
[19:20:39.406] Bot5 moved forward to (7,7)
[19:20:39.406] Bot5 executed MOVE_FORWARD
[19:20:39.406] Starting turn for Bot1
[19:20:39.406] Bot1 rotated left to face EAST
[19:20:39.406] Bot1 executed ROTATE_LEFT
[19:20:39.406] Bot1 moved forward to (2,3)
[19:20:39.406] Bot1 executed MOVE_FORWARD
[19:20:39.406] Starting turn for Bot5
[19:20:39.406] Bot5 rotated left to face WEST
[19:20:39.407] Bot5 executed ROTATE_LEFT
[19:20:39.407] Bot5 moved forward to (7,6)
[19:20:39.407] Bot5 executed MOVE_FORWARD
[19:20:39.407] Starting turn for Bot1
[19:20:39.407] Bot1 rotated right to face SOUTH
[19:20:39.407] Bot1 executed ROTATE_RIGHT
[19:20:39.407] Bot1 moved forward to (3,3)
[19:20:39.407] Bot1 executed MOVE_FORWARD
[19:20:39.407] Starting turn for Bot5
[19:20:39.407] Bot5 rotated right to face NORTH
[19:20:39.407] Bot5 executed ROTATE_RIGHT
[19:20:39.407] Bot5 moved forward to (6,6)
[19:20:39.407] Bot5 executed MOVE_FORWARD
[19:20:39.407] Starting turn for Bot1
[19:20:39.407] Bot1 rotated left to face EAST
[19:20:39.407] Bot1 executed ROTATE_LEFT
[19:20:39.407] Bot1 moved forward to (3,4)
[19:20:39.407] Bot1 executed MOVE_FORWARD
[19:20:39.407] Starting turn for Bot5
[19:20:39.407] Bot5 rotated left to face WEST
[19:20:39.407] Bot5 executed ROTATE_LEFT
[19:20:39.407] Bot5 moved forward to (6,5)
[19:20:39.407] Bot5 executed MOVE_FORWARD
[19:20:39.407] Starting turn for Bot1
[19:20:39.407] Bot1 rotated right to face SOUTH
[19:20:39.407] Bot1 executed ROTATE_RIGHT
[19:20:39.407] Starting turn for Bot5
[19:20:39.407] Bot5 rotated right to face NORTH
[19:20:39.407] Bot5 executed ROTATE_RIGHT
[19:20:39.407] Bot5 moved forward to (5,5)
[19:20:39.407] Bot5 executed MOVE_FORWARD
[19:20:39.407] Starting turn for Bot1
[19:20:39.407] Starting turn for Bot5
[19:20:39.407] Starting turn for Bot1
[19:20:39.407] Bot1 rotated left to face EAST
[19:20:39.407] Bot1 executed ROTATE_LEFT
[19:20:39.407] Bot1 rotated left to face NORTH
[19:20:39.407] Bot1 executed ROTATE_LEFT
[19:20:39.407] Bot1 moved forward to (2,4)
[19:20:39.407] Bot1 executed MOVE_FORWARD
[19:20:39.407] Starting turn for Bot5
[19:20:39.407] Starting turn for Bot1
[19:20:39.407] Bot1 rotated left to face WEST
[19:20:39.407] Bot1 executed ROTATE_LEFT
[19:20:39.407] Bot1 rotated left to face SOUTH
[19:20:39.407] Bot1 executed ROTATE_LEFT
[19:20:39.407] Bot1 moved forward to (3,4)
[19:20:39.407] Bot1 executed MOVE_FORWARD
[19:20:39.407] Starting turn for Bot5
[19:20:39.407] Starting turn for Bot1
[19:20:39.407] Starting turn for Bot5
[19:20:39.407] Starting turn for Bot1
[19:20:39.407] Starting turn for Bot5
[19:20:39.407] Starting turn for Bot1
[19:20:39.407] Bot1 rotated left to face EAST
[19:20:39.407] Bot1 executed ROTATE_LEFT
[19:20:39.407] Bot1 rotated left to face NORTH
[19:20:39.407] Bot1 executed ROTATE_LEFT
[19:20:39.407] Bot1 moved forward to (2,4)
[19:20:39.407] Bot1 executed MOVE_FORWARD
[19:20:39.407] Starting turn for Bot5
[19:20:39.407] Starting turn for Bot1
[19:20:39.407] Bot1 rotated left to face WEST
[19:20:39.407] Bot1 executed ROTATE_LEFT
[19:20:39.407] Bot1 rotated left to face SOUTH
[19:20:39.407] Bot1 executed ROTATE_LEFT
[19:20:39.407] Bot1 moved forward to (3,4)
[19:20:39.407] Bot1 executed MOVE_FORWARD
[19:20:39.407] Starting turn for Bot5
[19:20:39.407] Starting turn for Bot1
[19:20:39.407] Starting turn for Bot5
[19:20:39.407] Starting turn for Bot1
[19:20:39.407] Starting turn for Bot5
[19:20:39.407] Starting turn for Bot1
[19:20:39.407] Bot1 rotated left to face EAST
[19:20:39.407] Bot1 executed ROTATE_LEFT
[19:20:39.407] Bot1 rotated left to face NORTH
[19:20:39.407] Bot1 executed ROTATE_LEFT
[19:20:39.407] Bot1 moved forward to (2,4)
[19:20:39.407] Bot1 executed MOVE_FORWARD
[19:20:39.407] Starting turn for Bot5
[19:20:39.407] Starting turn for Bot1
[19:20:39.407] Bot1 rotated left to face WEST
[19:20:39.408] Bot1 executed ROTATE_LEFT
[19:20:39.408] Bot1 rotated left to face SOUTH
[19:20:39.408] Bot1 executed ROTATE_LEFT
[19:20:39.408] Bot1 moved forward to (3,4)
[19:20:39.408] Bot1 executed MOVE_FORWARD
[19:20:39.408] Starting turn for Bot5
[19:20:39.408] Starting turn for Bot1
[19:20:39.408] Starting turn for Bot5
[19:20:39.408] Stalemate detected: State repeated 10 times, unchanged for 1 turns
[19:20:39.408] Game Over! Stalemate detected!
[19:20:39.408] Stalemate detected: State repeated 10 times, unchanged for 1 turns
