[14:35:56.809] === Game Started at 2025-02-04_14-35-56 ===
[14:35:56.809] Game initialized with 2 players
[14:35:56.809] Board size: 10
[14:35:56.809] Obstacle density: 0.05
[14:35:56.809] Max turns: 1000
[14:35:56.809] Player Bot37 starting at position (0,0) facing EAST
[14:35:56.809] Player Bot10 starting at position (9,9) facing EAST
[14:35:56.809] Obstacles at positions: (2,2) (4,2) (7,7) (8,5) (9,1)
[14:35:56.809] Starting turn for Bot37
[14:35:56.809] Bot37 moved forward to (0,1)
[14:35:56.809] Bot37 executed MOVE_FORWARD
[14:35:56.809] Starting turn for Bot10
[14:35:56.809] Bot10 rotated left to face NORTH
[14:35:56.809] Bot10 executed ROTATE_LEFT
[14:35:56.809] Bot10 rotated left to face WEST
[14:35:56.809] Bot10 executed ROTATE_LEFT
[14:35:56.809] Bot10 moved forward to (9,8)
[14:35:56.809] Bot10 executed MOVE_FORWARD
[14:35:56.809] Starting turn for Bot37
[14:35:56.809] Bot37 rotated right to face SOUTH
[14:35:56.809] Bot37 executed ROTATE_RIGHT
[14:35:56.809] Bot37 moved forward to (1,1)
[14:35:56.809] Bot37 executed MOVE_FORWARD
[14:35:56.809] Starting turn for Bot10
[14:35:56.809] Bot10 rotated right to face NORTH
[14:35:56.809] Bot10 executed ROTATE_RIGHT
[14:35:56.809] Bot10 moved forward to (8,8)
[14:35:56.809] Bot10 executed MOVE_FORWARD
[14:35:56.809] Starting turn for Bot37
[14:35:56.809] Bot37 rotated left to face EAST
[14:35:56.809] Bot37 executed ROTATE_LEFT
[14:35:56.809] Bot37 moved forward to (1,2)
[14:35:56.809] Bot37 executed MOVE_FORWARD
[14:35:56.809] Starting turn for Bot10
[14:35:56.809] Bot10 rotated left to face WEST
[14:35:56.809] Bot10 executed ROTATE_LEFT
[14:35:56.809] Bot10 moved forward to (8,7)
[14:35:56.809] Bot10 executed MOVE_FORWARD
[14:35:56.809] Starting turn for Bot37
[14:35:56.809] Bot37 rotated right to face SOUTH
[14:35:56.809] Bot37 executed ROTATE_RIGHT
[14:35:56.809] Starting turn for Bot10
[14:35:56.809] Bot10 rotated right to face NORTH
[14:35:56.809] Bot10 executed ROTATE_RIGHT
[14:35:56.809] Starting turn for Bot37
[14:35:56.809] Starting turn for Bot10
[14:35:56.809] Starting turn for Bot37
[14:35:56.809] Bot37 rotated left to face EAST
[14:35:56.809] Bot37 executed ROTATE_LEFT
[14:35:56.809] Bot37 rotated left to face NORTH
[14:35:56.809] Bot37 executed ROTATE_LEFT
[14:35:56.809] Bot37 moved forward to (0,2)
[14:35:56.809] Bot37 executed MOVE_FORWARD
[14:35:56.809] Starting turn for Bot10
[14:35:56.809] Bot10 rotated right to face EAST
[14:35:56.809] Bot10 executed ROTATE_RIGHT
[14:35:56.810] Bot10 moved forward to (8,8)
[14:35:56.810] Bot10 executed MOVE_FORWARD
[14:35:56.810] Starting turn for Bot37
[14:35:56.810] Bot37 rotated left to face WEST
[14:35:56.810] Bot37 executed ROTATE_LEFT
[14:35:56.810] Bot37 rotated left to face SOUTH
[14:35:56.810] Bot37 executed ROTATE_LEFT
[14:35:56.810] Bot37 moved forward to (1,2)
[14:35:56.810] Bot37 executed MOVE_FORWARD
[14:35:56.810] Starting turn for Bot10
[14:35:56.810] Bot10 rotated left to face NORTH
[14:35:56.810] Bot10 executed ROTATE_LEFT
[14:35:56.810] Bot10 rotated left to face WEST
[14:35:56.810] Bot10 executed ROTATE_LEFT
[14:35:56.810] Bot10 moved forward to (8,7)
[14:35:56.810] Bot10 executed MOVE_FORWARD
[14:35:56.810] Starting turn for Bot37
[14:35:56.810] Starting turn for Bot10
[14:35:56.810] Bot10 rotated right to face NORTH
[14:35:56.810] Bot10 executed ROTATE_RIGHT
[14:35:56.810] Starting turn for Bot37
[14:35:56.810] Starting turn for Bot10
[14:35:56.810] Starting turn for Bot37
[14:35:56.810] Bot37 rotated left to face EAST
[14:35:56.810] Bot37 executed ROTATE_LEFT
[14:35:56.810] Bot37 rotated left to face NORTH
[14:35:56.810] Bot37 executed ROTATE_LEFT
[14:35:56.810] Bot37 moved forward to (0,2)
[14:35:56.810] Bot37 executed MOVE_FORWARD
[14:35:56.810] Starting turn for Bot10
[14:35:56.810] Bot10 rotated right to face EAST
[14:35:56.810] Bot10 executed ROTATE_RIGHT
[14:35:56.810] Bot10 moved forward to (8,8)
[14:35:56.810] Bot10 executed MOVE_FORWARD
[14:35:56.810] Starting turn for Bot37
[14:35:56.810] Bot37 rotated left to face WEST
[14:35:56.810] Bot37 executed ROTATE_LEFT
[14:35:56.810] Bot37 rotated left to face SOUTH
[14:35:56.810] Bot37 executed ROTATE_LEFT
[14:35:56.810] Bot37 moved forward to (1,2)
[14:35:56.810] Bot37 executed MOVE_FORWARD
[14:35:56.810] Starting turn for Bot10
[14:35:56.810] Bot10 rotated left to face NORTH
[14:35:56.810] Bot10 executed ROTATE_LEFT
[14:35:56.810] Bot10 rotated left to face WEST
[14:35:56.810] Bot10 executed ROTATE_LEFT
[14:35:56.810] Bot10 moved forward to (8,7)
[14:35:56.810] Bot10 executed MOVE_FORWARD
[14:35:56.810] Starting turn for Bot37
[14:35:56.810] Starting turn for Bot10
[14:35:56.810] Bot10 rotated right to face NORTH
[14:35:56.810] Bot10 executed ROTATE_RIGHT
[14:35:56.810] Starting turn for Bot37
[14:35:56.810] Starting turn for Bot10
[14:35:56.810] Starting turn for Bot37
[14:35:56.810] Bot37 rotated left to face EAST
[14:35:56.810] Bot37 executed ROTATE_LEFT
[14:35:56.810] Bot37 rotated left to face NORTH
[14:35:56.810] Bot37 executed ROTATE_LEFT
[14:35:56.810] Bot37 moved forward to (0,2)
[14:35:56.810] Bot37 executed MOVE_FORWARD
[14:35:56.810] Starting turn for Bot10
[14:35:56.810] Bot10 rotated right to face EAST
[14:35:56.810] Bot10 executed ROTATE_RIGHT
[14:35:56.810] Bot10 moved forward to (8,8)
[14:35:56.810] Bot10 executed MOVE_FORWARD
[14:35:56.810] Starting turn for Bot37
[14:35:56.810] Bot37 rotated left to face WEST
[14:35:56.810] Bot37 executed ROTATE_LEFT
[14:35:56.810] Bot37 rotated left to face SOUTH
[14:35:56.810] Bot37 executed ROTATE_LEFT
[14:35:56.810] Bot37 moved forward to (1,2)
[14:35:56.810] Bot37 executed MOVE_FORWARD
[14:35:56.810] Starting turn for Bot10
[14:35:56.810] Bot10 rotated left to face NORTH
[14:35:56.810] Bot10 executed ROTATE_LEFT
[14:35:56.810] Bot10 rotated left to face WEST
[14:35:56.810] Bot10 executed ROTATE_LEFT
[14:35:56.810] Bot10 moved forward to (8,7)
[14:35:56.810] Bot10 executed MOVE_FORWARD
[14:35:56.810] Starting turn for Bot37
[14:35:56.810] Starting turn for Bot10
[14:35:56.810] Bot10 rotated right to face NORTH
[14:35:56.810] Bot10 executed ROTATE_RIGHT
[14:35:56.810] Starting turn for Bot37
[14:35:56.810] Starting turn for Bot10
[14:35:56.810] Starting turn for Bot37
[14:35:56.810] Bot37 rotated left to face EAST
[14:35:56.810] Bot37 executed ROTATE_LEFT
[14:35:56.810] Bot37 rotated left to face NORTH
[14:35:56.810] Bot37 executed ROTATE_LEFT
[14:35:56.810] Bot37 moved forward to (0,2)
[14:35:56.810] Bot37 executed MOVE_FORWARD
[14:35:56.810] Starting turn for Bot10
[14:35:56.810] Bot10 rotated right to face EAST
[14:35:56.810] Bot10 executed ROTATE_RIGHT
[14:35:56.810] Bot10 moved forward to (8,8)
[14:35:56.810] Bot10 executed MOVE_FORWARD
[14:35:56.810] Starting turn for Bot37
[14:35:56.810] Bot37 rotated left to face WEST
[14:35:56.810] Bot37 executed ROTATE_LEFT
[14:35:56.810] Bot37 rotated left to face SOUTH
[14:35:56.810] Bot37 executed ROTATE_LEFT
[14:35:56.810] Bot37 moved forward to (1,2)
[14:35:56.810] Bot37 executed MOVE_FORWARD
[14:35:56.810] Starting turn for Bot10
[14:35:56.810] Bot10 rotated left to face NORTH
[14:35:56.810] Bot10 executed ROTATE_LEFT
[14:35:56.810] Bot10 rotated left to face WEST
[14:35:56.810] Bot10 executed ROTATE_LEFT
[14:35:56.810] Bot10 moved forward to (8,7)
[14:35:56.810] Bot10 executed MOVE_FORWARD
[14:35:56.810] Starting turn for Bot37
[14:35:56.810] Starting turn for Bot10
[14:35:56.810] Bot10 rotated right to face NORTH
[14:35:56.810] Bot10 executed ROTATE_RIGHT
[14:35:56.810] Starting turn for Bot37
[14:35:56.810] Stalemate detected: State repeated 10 times, unchanged for 3 turns
[14:35:56.810] Game Over! Stalemate detected!
[14:35:56.810] Stalemate detected: State repeated 10 times, unchanged for 3 turns
