[14:36:06.193] === Game Started at 2025-02-04_14-36-06 ===
[14:36:06.193] Game initialized with 2 players
[14:36:06.193] Board size: 10
[14:36:06.193] Obstacle density: 0.05
[14:36:06.193] Max turns: 1000
[14:36:06.193] Player Bot40 starting at position (0,0) facing SOUTH
[14:36:06.193] Player Bot18 starting at position (9,9) facing SOUTH
[14:36:06.193] Obstacles at positions: (1,2) (3,3) (4,0) (5,2) (8,2)
[14:36:06.193] Starting turn for Bot40
[14:36:06.193] Bot40 rotated left to face EAST
[14:36:06.193] Bot40 executed ROTATE_LEFT
[14:36:06.193] Bot40 moved forward to (0,1)
[14:36:06.193] Bot40 executed MOVE_FORWARD
[14:36:06.193] Starting turn for Bot18
[14:36:06.193] Bot18 rotated right to face WEST
[14:36:06.193] Bot18 executed ROTATE_RIGHT
[14:36:06.193] Bot18 moved forward to (9,8)
[14:36:06.193] Bot18 executed MOVE_FORWARD
[14:36:06.193] Starting turn for Bot40
[14:36:06.193] Bot40 rotated right to face SOUTH
[14:36:06.193] Bot40 executed ROTATE_RIGHT
[14:36:06.193] Bot40 moved forward to (1,1)
[14:36:06.193] Bot40 executed MOVE_FORWARD
[14:36:06.194] Starting turn for Bot18
[14:36:06.194] Bot18 rotated right to face NORTH
[14:36:06.194] Bot18 executed ROTATE_RIGHT
[14:36:06.194] Bot18 moved forward to (8,8)
[14:36:06.194] Bot18 executed MOVE_FORWARD
[14:36:06.194] Starting turn for Bot40
[14:36:06.194] Bot40 rotated left to face EAST
[14:36:06.194] Bot40 executed ROTATE_LEFT
[14:36:06.194] Starting turn for Bot18
[14:36:06.194] Bot18 rotated left to face WEST
[14:36:06.194] Bot18 executed ROTATE_LEFT
[14:36:06.194] Bot18 moved forward to (8,7)
[14:36:06.194] Bot18 executed MOVE_FORWARD
[14:36:06.194] Starting turn for Bot40
[14:36:06.194] Starting turn for Bot18
[14:36:06.194] Bot18 rotated right to face NORTH
[14:36:06.194] Bot18 executed ROTATE_RIGHT
[14:36:06.194] Bot18 moved forward to (7,7)
[14:36:06.194] Bot18 executed MOVE_FORWARD
[14:36:06.194] Starting turn for Bot40
[14:36:06.194] Bot40 rotated left to face NORTH
[14:36:06.194] Bot40 executed ROTATE_LEFT
[14:36:06.194] Bot40 moved forward to (0,1)
[14:36:06.194] Bot40 executed MOVE_FORWARD
[14:36:06.194] Starting turn for Bot18
[14:36:06.194] Bot18 rotated left to face WEST
[14:36:06.194] Bot18 executed ROTATE_LEFT
[14:36:06.194] Bot18 moved forward to (7,6)
[14:36:06.194] Bot18 executed MOVE_FORWARD
[14:36:06.194] Starting turn for Bot40
[14:36:06.194] Bot40 rotated left to face WEST
[14:36:06.194] Bot40 executed ROTATE_LEFT
[14:36:06.194] Bot40 rotated left to face SOUTH
[14:36:06.194] Bot40 executed ROTATE_LEFT
[14:36:06.194] Bot40 moved forward to (1,1)
[14:36:06.194] Bot40 executed MOVE_FORWARD
[14:36:06.194] Starting turn for Bot18
[14:36:06.194] Bot18 rotated right to face NORTH
[14:36:06.194] Bot18 executed ROTATE_RIGHT
[14:36:06.194] Bot18 moved forward to (6,6)
[14:36:06.194] Bot18 executed MOVE_FORWARD
[14:36:06.194] Starting turn for Bot40
[14:36:06.194] Bot40 rotated left to face EAST
[14:36:06.194] Bot40 executed ROTATE_LEFT
[14:36:06.194] Starting turn for Bot18
[14:36:06.194] Bot18 rotated left to face WEST
[14:36:06.194] Bot18 executed ROTATE_LEFT
[14:36:06.194] Bot18 moved forward to (6,5)
[14:36:06.194] Bot18 executed MOVE_FORWARD
[14:36:06.194] Starting turn for Bot40
[14:36:06.194] Starting turn for Bot18
[14:36:06.194] Bot18 rotated right to face NORTH
[14:36:06.194] Bot18 executed ROTATE_RIGHT
[14:36:06.194] Bot18 moved forward to (5,5)
[14:36:06.194] Bot18 executed MOVE_FORWARD
[14:36:06.194] Starting turn for Bot40
[14:36:06.194] Bot40 rotated left to face NORTH
[14:36:06.194] Bot40 executed ROTATE_LEFT
[14:36:06.194] Bot40 moved forward to (0,1)
[14:36:06.194] Bot40 executed MOVE_FORWARD
[14:36:06.194] Starting turn for Bot18
[14:36:06.194] Starting turn for Bot40
[14:36:06.194] Bot40 rotated left to face WEST
[14:36:06.194] Bot40 executed ROTATE_LEFT
[14:36:06.194] Bot40 rotated left to face SOUTH
[14:36:06.194] Bot40 executed ROTATE_LEFT
[14:36:06.194] Bot40 moved forward to (1,1)
[14:36:06.194] Bot40 executed MOVE_FORWARD
[14:36:06.194] Starting turn for Bot18
[14:36:06.194] Starting turn for Bot40
[14:36:06.194] Bot40 rotated left to face EAST
[14:36:06.194] Bot40 executed ROTATE_LEFT
[14:36:06.194] Starting turn for Bot18
[14:36:06.194] Starting turn for Bot40
[14:36:06.194] Starting turn for Bot18
[14:36:06.194] Starting turn for Bot40
[14:36:06.194] Bot40 rotated left to face NORTH
[14:36:06.194] Bot40 executed ROTATE_LEFT
[14:36:06.194] Bot40 moved forward to (0,1)
[14:36:06.194] Bot40 executed MOVE_FORWARD
[14:36:06.194] Starting turn for Bot18
[14:36:06.194] Starting turn for Bot40
[14:36:06.194] Bot40 rotated left to face WEST
[14:36:06.194] Bot40 executed ROTATE_LEFT
[14:36:06.194] Bot40 rotated left to face SOUTH
[14:36:06.194] Bot40 executed ROTATE_LEFT
[14:36:06.194] Bot40 moved forward to (1,1)
[14:36:06.194] Bot40 executed MOVE_FORWARD
[14:36:06.194] Starting turn for Bot18
[14:36:06.194] Starting turn for Bot40
[14:36:06.194] Bot40 rotated left to face EAST
[14:36:06.194] Bot40 executed ROTATE_LEFT
[14:36:06.194] Starting turn for Bot18
[14:36:06.194] Starting turn for Bot40
[14:36:06.194] Starting turn for Bot18
[14:36:06.194] Starting turn for Bot40
[14:36:06.194] Bot40 rotated left to face NORTH
[14:36:06.194] Bot40 executed ROTATE_LEFT
[14:36:06.194] Bot40 moved forward to (0,1)
[14:36:06.194] Bot40 executed MOVE_FORWARD
[14:36:06.194] Starting turn for Bot18
[14:36:06.194] Starting turn for Bot40
[14:36:06.194] Bot40 rotated left to face WEST
[14:36:06.194] Bot40 executed ROTATE_LEFT
[14:36:06.194] Bot40 rotated left to face SOUTH
[14:36:06.194] Bot40 executed ROTATE_LEFT
[14:36:06.194] Bot40 moved forward to (1,1)
[14:36:06.194] Bot40 executed MOVE_FORWARD
[14:36:06.194] Starting turn for Bot18
[14:36:06.194] Starting turn for Bot40
[14:36:06.194] Bot40 rotated left to face EAST
[14:36:06.194] Bot40 executed ROTATE_LEFT
[14:36:06.194] Starting turn for Bot18
[14:36:06.194] Starting turn for Bot40
[14:36:06.194] Starting turn for Bot18
[14:36:06.194] Stalemate detected: State repeated 10 times, unchanged for 3 turns
[14:36:06.194] Game Over! Stalemate detected!
[14:36:06.194] Stalemate detected: State repeated 10 times, unchanged for 3 turns
