[14:35:46.513] === Game Started at 2025-02-04_14-35-46 ===
[14:35:46.513] Game initialized with 2 players
[14:35:46.513] Board size: 10
[14:35:46.513] Obstacle density: 0.05
[14:35:46.513] Max turns: 1000
[14:35:46.513] Player Bot29 starting at position (0,0) facing WEST
[14:35:46.513] Player Bot4 starting at position (9,9) facing SOUTH
[14:35:46.513] Obstacles at positions: (0,1) (2,0) (3,3) (5,9) (8,8)
[14:35:46.513] Starting turn for Bot29
[14:35:46.513] Bot29 rotated left to face SOUTH
[14:35:46.513] Bot29 executed ROTATE_LEFT
[14:35:46.513] Bot29 rotated left to face EAST
[14:35:46.513] Bot29 executed ROTATE_LEFT
[14:35:46.513] Starting turn for Bot4
[14:35:46.513] Bot4 rotated right to face WEST
[14:35:46.513] Bot4 executed ROTATE_RIGHT
[14:35:46.513] Bot4 moved forward to (9,8)
[14:35:46.513] Bot4 executed MOVE_FORWARD
[14:35:46.513] Starting turn for Bot29
[14:35:46.513] Bot29 rotated right to face SOUTH
[14:35:46.513] Bot29 executed ROTATE_RIGHT
[14:35:46.513] Bot29 moved forward to (1,0)
[14:35:46.513] Bot29 executed MOVE_FORWARD
[14:35:46.513] Starting turn for Bot4
[14:35:46.513] Bot4 rotated right to face NORTH
[14:35:46.513] Bot4 executed ROTATE_RIGHT
[14:35:46.513] Starting turn for Bot29
[14:35:46.513] Bot29 rotated left to face EAST
[14:35:46.513] Bot29 executed ROTATE_LEFT
[14:35:46.513] Bot29 moved forward to (1,1)
[14:35:46.513] Bot29 executed MOVE_FORWARD
[14:35:46.513] Starting turn for Bot4
[14:35:46.513] Starting turn for Bot29
[14:35:46.513] Bot29 moved forward to (1,2)
[14:35:46.513] Bot29 executed MOVE_FORWARD
[14:35:46.513] Starting turn for Bot4
[14:35:46.513] Bot4 rotated right to face EAST
[14:35:46.513] Bot4 executed ROTATE_RIGHT
[14:35:46.513] Bot4 moved forward to (9,9)
[14:35:46.513] Bot4 executed MOVE_FORWARD
[14:35:46.513] Starting turn for Bot29
[14:35:46.513] Bot29 rotated right to face SOUTH
[14:35:46.513] Bot29 executed ROTATE_RIGHT
[14:35:46.513] Bot29 moved forward to (2,2)
[14:35:46.513] Bot29 executed MOVE_FORWARD
[14:35:46.513] Starting turn for Bot4
[14:35:46.513] Bot4 rotated left to face NORTH
[14:35:46.513] Bot4 executed ROTATE_LEFT
[14:35:46.513] Bot4 rotated left to face WEST
[14:35:46.513] Bot4 executed ROTATE_LEFT
[14:35:46.513] Bot4 moved forward to (9,8)
[14:35:46.513] Bot4 executed MOVE_FORWARD
[14:35:46.513] Starting turn for Bot29
[14:35:46.513] Bot29 rotated left to face EAST
[14:35:46.513] Bot29 executed ROTATE_LEFT
[14:35:46.513] Bot29 moved forward to (2,3)
[14:35:46.513] Bot29 executed MOVE_FORWARD
[14:35:46.513] Starting turn for Bot4
[14:35:46.513] Bot4 rotated right to face NORTH
[14:35:46.513] Bot4 executed ROTATE_RIGHT
[14:35:46.513] Starting turn for Bot29
[14:35:46.513] Bot29 rotated right to face SOUTH
[14:35:46.513] Bot29 executed ROTATE_RIGHT
[14:35:46.513] Starting turn for Bot4
[14:35:46.513] Starting turn for Bot29
[14:35:46.513] Starting turn for Bot4
[14:35:46.513] Bot4 rotated right to face EAST
[14:35:46.513] Bot4 executed ROTATE_RIGHT
[14:35:46.513] Bot4 moved forward to (9,9)
[14:35:46.513] Bot4 executed MOVE_FORWARD
[14:35:46.513] Starting turn for Bot29
[14:35:46.513] Bot29 rotated left to face EAST
[14:35:46.513] Bot29 executed ROTATE_LEFT
[14:35:46.513] Bot29 rotated left to face NORTH
[14:35:46.513] Bot29 executed ROTATE_LEFT
[14:35:46.513] Bot29 moved forward to (1,3)
[14:35:46.513] Bot29 executed MOVE_FORWARD
[14:35:46.513] Starting turn for Bot4
[14:35:46.513] Bot4 rotated left to face NORTH
[14:35:46.513] Bot4 executed ROTATE_LEFT
[14:35:46.513] Bot4 rotated left to face WEST
[14:35:46.513] Bot4 executed ROTATE_LEFT
[14:35:46.513] Bot4 moved forward to (9,8)
[14:35:46.513] Bot4 executed MOVE_FORWARD
[14:35:46.513] Starting turn for Bot29
[14:35:46.513] Bot29 rotated left to face WEST
[14:35:46.513] Bot29 executed ROTATE_LEFT
[14:35:46.513] Bot29 rotated left to face SOUTH
[14:35:46.513] Bot29 executed ROTATE_LEFT
[14:35:46.513] Bot29 moved forward to (2,3)
[14:35:46.513] Bot29 executed MOVE_FORWARD
[14:35:46.513] Starting turn for Bot4
[14:35:46.513] Bot4 rotated right to face NORTH
[14:35:46.513] Bot4 executed ROTATE_RIGHT
[14:35:46.513] Starting turn for Bot29
[14:35:46.513] Starting turn for Bot4
[14:35:46.513] Starting turn for Bot29
[14:35:46.513] Starting turn for Bot4
[14:35:46.513] Bot4 rotated right to face EAST
[14:35:46.513] Bot4 executed ROTATE_RIGHT
[14:35:46.513] Bot4 moved forward to (9,9)
[14:35:46.513] Bot4 executed MOVE_FORWARD
[14:35:46.513] Starting turn for Bot29
[14:35:46.513] Bot29 rotated left to face EAST
[14:35:46.513] Bot29 executed ROTATE_LEFT
[14:35:46.513] Bot29 rotated left to face NORTH
[14:35:46.513] Bot29 executed ROTATE_LEFT
[14:35:46.513] Bot29 moved forward to (1,3)
[14:35:46.513] Bot29 executed MOVE_FORWARD
[14:35:46.513] Starting turn for Bot4
[14:35:46.513] Bot4 rotated left to face NORTH
[14:35:46.513] Bot4 executed ROTATE_LEFT
[14:35:46.513] Bot4 rotated left to face WEST
[14:35:46.513] Bot4 executed ROTATE_LEFT
[14:35:46.513] Bot4 moved forward to (9,8)
[14:35:46.513] Bot4 executed MOVE_FORWARD
[14:35:46.513] Starting turn for Bot29
[14:35:46.513] Bot29 rotated left to face WEST
[14:35:46.513] Bot29 executed ROTATE_LEFT
[14:35:46.513] Bot29 rotated left to face SOUTH
[14:35:46.513] Bot29 executed ROTATE_LEFT
[14:35:46.513] Bot29 moved forward to (2,3)
[14:35:46.513] Bot29 executed MOVE_FORWARD
[14:35:46.513] Starting turn for Bot4
[14:35:46.513] Bot4 rotated right to face NORTH
[14:35:46.513] Bot4 executed ROTATE_RIGHT
[14:35:46.513] Starting turn for Bot29
[14:35:46.513] Starting turn for Bot4
[14:35:46.513] Starting turn for Bot29
[14:35:46.513] Starting turn for Bot4
[14:35:46.513] Bot4 rotated right to face EAST
[14:35:46.513] Bot4 executed ROTATE_RIGHT
[14:35:46.513] Bot4 moved forward to (9,9)
[14:35:46.513] Bot4 executed MOVE_FORWARD
[14:35:46.513] Starting turn for Bot29
[14:35:46.513] Bot29 rotated left to face EAST
[14:35:46.513] Bot29 executed ROTATE_LEFT
[14:35:46.513] Bot29 rotated left to face NORTH
[14:35:46.513] Bot29 executed ROTATE_LEFT
[14:35:46.513] Bot29 moved forward to (1,3)
[14:35:46.513] Bot29 executed MOVE_FORWARD
[14:35:46.513] Starting turn for Bot4
[14:35:46.513] Bot4 rotated left to face NORTH
[14:35:46.513] Bot4 executed ROTATE_LEFT
[14:35:46.513] Bot4 rotated left to face WEST
[14:35:46.513] Bot4 executed ROTATE_LEFT
[14:35:46.513] Bot4 moved forward to (9,8)
[14:35:46.514] Bot4 executed MOVE_FORWARD
[14:35:46.514] Starting turn for Bot29
[14:35:46.514] Bot29 rotated left to face WEST
[14:35:46.514] Bot29 executed ROTATE_LEFT
[14:35:46.514] Bot29 rotated left to face SOUTH
[14:35:46.514] Bot29 executed ROTATE_LEFT
[14:35:46.514] Bot29 moved forward to (2,3)
[14:35:46.514] Bot29 executed MOVE_FORWARD
[14:35:46.514] Starting turn for Bot4
[14:35:46.514] Bot4 rotated right to face NORTH
[14:35:46.514] Bot4 executed ROTATE_RIGHT
[14:35:46.514] Starting turn for Bot29
[14:35:46.514] Starting turn for Bot4
[14:35:46.514] Starting turn for Bot29
[14:35:46.514] Starting turn for Bot4
[14:35:46.514] Stalemate detected: State repeated 10 times, unchanged for 2 turns
[14:35:46.514] Game Over! Stalemate detected!
[14:35:46.514] Stalemate detected: State repeated 10 times, unchanged for 2 turns
