[14:35:51.583] === Game Started at 2025-02-04_14-35-51 ===
[14:35:51.583] Game initialized with 2 players
[14:35:51.583] Board size: 10
[14:35:51.583] Obstacle density: 0.05
[14:35:51.584] Max turns: 1000
[14:35:51.584] Player Bot7 starting at position (0,0) facing SOUTH
[14:35:51.584] Player Bot20 starting at position (9,9) facing NORTH
[14:35:51.584] Obstacles at positions: (0,7) (6,8) (7,3) (8,1) (8,8)
[14:35:51.584] Starting turn for Bot7
[14:35:51.584] Bot7 rotated left to face EAST
[14:35:51.584] Bot7 executed ROTATE_LEFT
[14:35:51.584] Bot7 moved forward to (0,1)
[14:35:51.584] Bot7 executed MOVE_FORWARD
[14:35:51.584] Starting turn for Bot20
[14:35:51.584] Bot20 rotated left to face WEST
[14:35:51.584] Bot20 executed ROTATE_LEFT
[14:35:51.584] Bot20 moved forward to (9,8)
[14:35:51.584] Bot20 executed MOVE_FORWARD
[14:35:51.584] Starting turn for Bot7
[14:35:51.584] Bot7 rotated right to face SOUTH
[14:35:51.584] Bot7 executed ROTATE_RIGHT
[14:35:51.584] Bot7 moved forward to (1,1)
[14:35:51.584] Bot7 executed MOVE_FORWARD
[14:35:51.584] Starting turn for Bot20
[14:35:51.584] Bot20 rotated right to face NORTH
[14:35:51.584] Bot20 executed ROTATE_RIGHT
[14:35:51.584] Starting turn for Bot7
[14:35:51.584] Bot7 rotated left to face EAST
[14:35:51.584] Bot7 executed ROTATE_LEFT
[14:35:51.584] Bot7 moved forward to (1,2)
[14:35:51.584] Bot7 executed MOVE_FORWARD
[14:35:51.584] Starting turn for Bot20
[14:35:51.584] Starting turn for Bot7
[14:35:51.584] Bot7 rotated right to face SOUTH
[14:35:51.584] Bot7 executed ROTATE_RIGHT
[14:35:51.584] Bot7 moved forward to (2,2)
[14:35:51.584] Bot7 executed MOVE_FORWARD
[14:35:51.584] Starting turn for Bot20
[14:35:51.584] Bot20 rotated right to face EAST
[14:35:51.584] Bot20 executed ROTATE_RIGHT
[14:35:51.584] Bot20 moved forward to (9,9)
[14:35:51.584] Bot20 executed MOVE_FORWARD
[14:35:51.584] Starting turn for Bot7
[14:35:51.584] Bot7 rotated left to face EAST
[14:35:51.584] Bot7 executed ROTATE_LEFT
[14:35:51.584] Bot7 moved forward to (2,3)
[14:35:51.584] Bot7 executed MOVE_FORWARD
[14:35:51.584] Starting turn for Bot20
[14:35:51.584] Bot20 rotated left to face NORTH
[14:35:51.584] Bot20 executed ROTATE_LEFT
[14:35:51.584] Bot20 rotated left to face WEST
[14:35:51.584] Bot20 executed ROTATE_LEFT
[14:35:51.584] Bot20 moved forward to (9,8)
[14:35:51.584] Bot20 executed MOVE_FORWARD
[14:35:51.584] Starting turn for Bot7
[14:35:51.584] Bot7 rotated right to face SOUTH
[14:35:51.584] Bot7 executed ROTATE_RIGHT
[14:35:51.584] Bot7 moved forward to (3,3)
[14:35:51.584] Bot7 executed MOVE_FORWARD
[14:35:51.584] Starting turn for Bot20
[14:35:51.584] Bot20 rotated right to face NORTH
[14:35:51.584] Bot20 executed ROTATE_RIGHT
[14:35:51.584] Starting turn for Bot7
[14:35:51.584] Bot7 rotated left to face EAST
[14:35:51.584] Bot7 executed ROTATE_LEFT
[14:35:51.584] Bot7 moved forward to (3,4)
[14:35:51.584] Bot7 executed MOVE_FORWARD
[14:35:51.584] Starting turn for Bot20
[14:35:51.584] Starting turn for Bot7
[14:35:51.584] Bot7 rotated right to face SOUTH
[14:35:51.584] Bot7 executed ROTATE_RIGHT
[14:35:51.584] Bot7 moved forward to (4,4)
[14:35:51.584] Bot7 executed MOVE_FORWARD
[14:35:51.584] Starting turn for Bot20
[14:35:51.584] Bot20 rotated right to face EAST
[14:35:51.584] Bot20 executed ROTATE_RIGHT
[14:35:51.584] Bot20 moved forward to (9,9)
[14:35:51.584] Bot20 executed MOVE_FORWARD
[14:35:51.584] Starting turn for Bot7
[14:35:51.584] Bot7 rotated left to face EAST
[14:35:51.584] Bot7 executed ROTATE_LEFT
[14:35:51.584] Bot7 moved forward to (4,5)
[14:35:51.584] Bot7 executed MOVE_FORWARD
[14:35:51.584] Starting turn for Bot20
[14:35:51.584] Bot20 rotated left to face NORTH
[14:35:51.584] Bot20 executed ROTATE_LEFT
[14:35:51.584] Bot20 rotated left to face WEST
[14:35:51.584] Bot20 executed ROTATE_LEFT
[14:35:51.584] Bot20 moved forward to (9,8)
[14:35:51.584] Bot20 executed MOVE_FORWARD
[14:35:51.584] Starting turn for Bot7
[14:35:51.584] Bot7 rotated right to face SOUTH
[14:35:51.584] Bot7 executed ROTATE_RIGHT
[14:35:51.584] Bot7 moved forward to (5,5)
[14:35:51.584] Bot7 executed MOVE_FORWARD
[14:35:51.584] Starting turn for Bot20
[14:35:51.584] Bot20 rotated right to face NORTH
[14:35:51.584] Bot20 executed ROTATE_RIGHT
[14:35:51.584] Starting turn for Bot7
[14:35:51.584] Starting turn for Bot20
[14:35:51.584] Starting turn for Bot7
[14:35:51.584] Starting turn for Bot20
[14:35:51.584] Bot20 rotated right to face EAST
[14:35:51.584] Bot20 executed ROTATE_RIGHT
[14:35:51.584] Bot20 moved forward to (9,9)
[14:35:51.584] Bot20 executed MOVE_FORWARD
[14:35:51.584] Starting turn for Bot7
[14:35:51.584] Starting turn for Bot20
[14:35:51.584] Bot20 rotated left to face NORTH
[14:35:51.584] Bot20 executed ROTATE_LEFT
[14:35:51.584] Bot20 rotated left to face WEST
[14:35:51.584] Bot20 executed ROTATE_LEFT
[14:35:51.584] Bot20 moved forward to (9,8)
[14:35:51.584] Bot20 executed MOVE_FORWARD
[14:35:51.584] Starting turn for Bot7
[14:35:51.584] Starting turn for Bot20
[14:35:51.584] Bot20 rotated right to face NORTH
[14:35:51.584] Bot20 executed ROTATE_RIGHT
[14:35:51.584] Starting turn for Bot7
[14:35:51.584] Starting turn for Bot20
[14:35:51.584] Starting turn for Bot7
[14:35:51.584] Starting turn for Bot20
[14:35:51.584] Bot20 rotated right to face EAST
[14:35:51.584] Bot20 executed ROTATE_RIGHT
[14:35:51.584] Bot20 moved forward to (9,9)
[14:35:51.584] Bot20 executed MOVE_FORWARD
[14:35:51.584] Starting turn for Bot7
[14:35:51.584] Starting turn for Bot20
[14:35:51.584] Bot20 rotated left to face NORTH
[14:35:51.584] Bot20 executed ROTATE_LEFT
[14:35:51.584] Bot20 rotated left to face WEST
[14:35:51.584] Bot20 executed ROTATE_LEFT
[14:35:51.584] Bot20 moved forward to (9,8)
[14:35:51.584] Bot20 executed MOVE_FORWARD
[14:35:51.584] Starting turn for Bot7
[14:35:51.584] Starting turn for Bot20
[14:35:51.584] Bot20 rotated right to face NORTH
[14:35:51.584] Bot20 executed ROTATE_RIGHT
[14:35:51.584] Starting turn for Bot7
[14:35:51.584] Starting turn for Bot20
[14:35:51.584] Starting turn for Bot7
[14:35:51.584] Starting turn for Bot20
[14:35:51.584] Stalemate detected: State repeated 10 times, unchanged for 2 turns
[14:35:51.584] Game Over! Stalemate detected!
[14:35:51.584] Stalemate detected: State repeated 10 times, unchanged for 2 turns
