[14:35:40.467] === Game Started at 2025-02-04_14-35-40 ===
[14:35:40.467] Game initialized with 2 players
[14:35:40.468] Board size: 10
[14:35:40.468] Obstacle density: 0.05
[14:35:40.468] Max turns: 1000
[14:35:40.468] Player Bot1 starting at position (0,0) facing EAST
[14:35:40.468] Player Bot35 starting at position (9,9) facing SOUTH
[14:35:40.468] Obstacles at positions: (0,8) (1,8) (1,9) (4,4) (9,3)
[14:35:40.468] Starting turn for Bot1
[14:35:40.468] Bot1 moved forward to (0,1)
[14:35:40.468] Bot1 executed MOVE_FORWARD
[14:35:40.468] Starting turn for Bot35
[14:35:40.468] Bot35 rotated right to face WEST
[14:35:40.468] Bot35 executed ROTATE_RIGHT
[14:35:40.468] Bot35 moved forward to (9,8)
[14:35:40.468] Bot35 executed MOVE_FORWARD
[14:35:40.468] Starting turn for Bot1
[14:35:40.468] Bot1 rotated right to face SOUTH
[14:35:40.468] Bot1 executed ROTATE_RIGHT
[14:35:40.468] Bot1 moved forward to (1,1)
[14:35:40.468] Bot1 executed MOVE_FORWARD
[14:35:40.468] Starting turn for Bot35
[14:35:40.468] Bot35 rotated right to face NORTH
[14:35:40.468] Bot35 executed ROTATE_RIGHT
[14:35:40.468] Bot35 moved forward to (8,8)
[14:35:40.468] Bot35 executed MOVE_FORWARD
[14:35:40.468] Starting turn for Bot1
[14:35:40.468] Bot1 rotated left to face EAST
[14:35:40.468] Bot1 executed ROTATE_LEFT
[14:35:40.468] Bot1 moved forward to (1,2)
[14:35:40.468] Bot1 executed MOVE_FORWARD
[14:35:40.468] Starting turn for Bot35
[14:35:40.468] Bot35 rotated left to face WEST
[14:35:40.468] Bot35 executed ROTATE_LEFT
[14:35:40.468] Bot35 moved forward to (8,7)
[14:35:40.468] Bot35 executed MOVE_FORWARD
[14:35:40.468] Starting turn for Bot1
[14:35:40.468] Bot1 rotated right to face SOUTH
[14:35:40.468] Bot1 executed ROTATE_RIGHT
[14:35:40.468] Bot1 moved forward to (2,2)
[14:35:40.468] Bot1 executed MOVE_FORWARD
[14:35:40.468] Starting turn for Bot35
[14:35:40.468] Bot35 rotated right to face NORTH
[14:35:40.468] Bot35 executed ROTATE_RIGHT
[14:35:40.468] Bot35 moved forward to (7,7)
[14:35:40.468] Bot35 executed MOVE_FORWARD
[14:35:40.468] Starting turn for Bot1
[14:35:40.468] Bot1 rotated left to face EAST
[14:35:40.468] Bot1 executed ROTATE_LEFT
[14:35:40.468] Bot1 moved forward to (2,3)
[14:35:40.468] Bot1 executed MOVE_FORWARD
[14:35:40.468] Starting turn for Bot35
[14:35:40.468] Bot35 rotated left to face WEST
[14:35:40.468] Bot35 executed ROTATE_LEFT
[14:35:40.468] Bot35 moved forward to (7,6)
[14:35:40.468] Bot35 executed MOVE_FORWARD
[14:35:40.468] Starting turn for Bot1
[14:35:40.468] Bot1 rotated right to face SOUTH
[14:35:40.468] Bot1 executed ROTATE_RIGHT
[14:35:40.468] Bot1 moved forward to (3,3)
[14:35:40.468] Bot1 executed MOVE_FORWARD
[14:35:40.468] Starting turn for Bot35
[14:35:40.468] Bot35 rotated right to face NORTH
[14:35:40.468] Bot35 executed ROTATE_RIGHT
[14:35:40.468] Bot35 moved forward to (6,6)
[14:35:40.468] Bot35 executed MOVE_FORWARD
[14:35:40.468] Starting turn for Bot1
[14:35:40.468] Bot1 rotated left to face EAST
[14:35:40.468] Bot1 executed ROTATE_LEFT
[14:35:40.468] Bot1 moved forward to (3,4)
[14:35:40.468] Bot1 executed MOVE_FORWARD
[14:35:40.468] Starting turn for Bot35
[14:35:40.468] Bot35 rotated left to face WEST
[14:35:40.468] Bot35 executed ROTATE_LEFT
[14:35:40.468] Bot35 moved forward to (6,5)
[14:35:40.468] Bot35 executed MOVE_FORWARD
[14:35:40.468] Starting turn for Bot1
[14:35:40.468] Bot1 rotated right to face SOUTH
[14:35:40.468] Bot1 executed ROTATE_RIGHT
[14:35:40.468] Starting turn for Bot35
[14:35:40.468] Bot35 rotated right to face NORTH
[14:35:40.468] Bot35 executed ROTATE_RIGHT
[14:35:40.468] Bot35 moved forward to (5,5)
[14:35:40.468] Bot35 executed MOVE_FORWARD
[14:35:40.468] Starting turn for Bot1
[14:35:40.468] Starting turn for Bot35
[14:35:40.468] Starting turn for Bot1
[14:35:40.468] Bot1 rotated left to face EAST
[14:35:40.468] Bot1 executed ROTATE_LEFT
[14:35:40.468] Bot1 rotated left to face NORTH
[14:35:40.468] Bot1 executed ROTATE_LEFT
[14:35:40.468] Bot1 moved forward to (2,4)
[14:35:40.468] Bot1 executed MOVE_FORWARD
[14:35:40.468] Starting turn for Bot35
[14:35:40.468] Starting turn for Bot1
[14:35:40.468] Bot1 rotated left to face WEST
[14:35:40.468] Bot1 executed ROTATE_LEFT
[14:35:40.468] Bot1 rotated left to face SOUTH
[14:35:40.468] Bot1 executed ROTATE_LEFT
[14:35:40.468] Bot1 moved forward to (3,4)
[14:35:40.468] Bot1 executed MOVE_FORWARD
[14:35:40.468] Starting turn for Bot35
[14:35:40.468] Starting turn for Bot1
[14:35:40.468] Starting turn for Bot35
[14:35:40.468] Starting turn for Bot1
[14:35:40.468] Starting turn for Bot35
[14:35:40.468] Starting turn for Bot1
[14:35:40.468] Bot1 rotated left to face EAST
[14:35:40.468] Bot1 executed ROTATE_LEFT
[14:35:40.468] Bot1 rotated left to face NORTH
[14:35:40.468] Bot1 executed ROTATE_LEFT
[14:35:40.468] Bot1 moved forward to (2,4)
[14:35:40.468] Bot1 executed MOVE_FORWARD
[14:35:40.468] Starting turn for Bot35
[14:35:40.468] Starting turn for Bot1
[14:35:40.468] Bot1 rotated left to face WEST
[14:35:40.468] Bot1 executed ROTATE_LEFT
[14:35:40.468] Bot1 rotated left to face SOUTH
[14:35:40.468] Bot1 executed ROTATE_LEFT
[14:35:40.468] Bot1 moved forward to (3,4)
[14:35:40.468] Bot1 executed MOVE_FORWARD
[14:35:40.468] Starting turn for Bot35
[14:35:40.468] Starting turn for Bot1
[14:35:40.468] Starting turn for Bot35
[14:35:40.468] Starting turn for Bot1
[14:35:40.468] Starting turn for Bot35
[14:35:40.468] Starting turn for Bot1
[14:35:40.468] Bot1 rotated left to face EAST
[14:35:40.468] Bot1 executed ROTATE_LEFT
[14:35:40.468] Bot1 rotated left to face NORTH
[14:35:40.468] Bot1 executed ROTATE_LEFT
[14:35:40.468] Bot1 moved forward to (2,4)
[14:35:40.468] Bot1 executed MOVE_FORWARD
[14:35:40.468] Starting turn for Bot35
[14:35:40.468] Starting turn for Bot1
[14:35:40.468] Bot1 rotated left to face WEST
[14:35:40.468] Bot1 executed ROTATE_LEFT
[14:35:40.468] Bot1 rotated left to face SOUTH
[14:35:40.468] Bot1 executed ROTATE_LEFT
[14:35:40.468] Bot1 moved forward to (3,4)
[14:35:40.468] Bot1 executed MOVE_FORWARD
[14:35:40.468] Starting turn for Bot35
[14:35:40.468] Starting turn for Bot1
[14:35:40.468] Starting turn for Bot35
[14:35:40.468] Stalemate detected: State repeated 10 times, unchanged for 1 turns
[14:35:40.468] Game Over! Stalemate detected!
[14:35:40.468] Stalemate detected: State repeated 10 times, unchanged for 1 turns
