[14:36:10.663] === Game Started at 2025-02-04_14-36-10 ===
[14:36:10.663] Game initialized with 2 players
[14:36:10.663] Board size: 10
[14:36:10.663] Obstacle density: 0.05
[14:36:10.663] Max turns: 1000
[14:36:10.663] Player Bot33 starting at position (0,0) facing SOUTH
[14:36:10.663] Player Bot24 starting at position (9,9) facing WEST
[14:36:10.663] Obstacles at positions: (4,2) (4,4) (7,3) (8,8) (9,7)
[14:36:10.663] Starting turn for Bot33
[14:36:10.663] Bot33 rotated left to face EAST
[14:36:10.663] Bot33 executed ROTATE_LEFT
[14:36:10.663] Bot33 moved forward to (0,1)
[14:36:10.663] Bot33 executed MOVE_FORWARD
[14:36:10.663] Starting turn for Bot24
[14:36:10.663] Bot24 moved forward to (9,8)
[14:36:10.663] Bot24 executed MOVE_FORWARD
[14:36:10.663] Starting turn for Bot33
[14:36:10.663] Bot33 rotated right to face SOUTH
[14:36:10.663] Bot33 executed ROTATE_RIGHT
[14:36:10.663] Bot33 moved forward to (1,1)
[14:36:10.663] Bot33 executed MOVE_FORWARD
[14:36:10.663] Starting turn for Bot24
[14:36:10.663] Bot24 rotated right to face NORTH
[14:36:10.663] Bot24 executed ROTATE_RIGHT
[14:36:10.663] Starting turn for Bot33
[14:36:10.663] Bot33 rotated left to face EAST
[14:36:10.663] Bot33 executed ROTATE_LEFT
[14:36:10.663] Bot33 moved forward to (1,2)
[14:36:10.663] Bot33 executed MOVE_FORWARD
[14:36:10.663] Starting turn for Bot24
[14:36:10.663] Starting turn for Bot33
[14:36:10.663] Bot33 rotated right to face SOUTH
[14:36:10.663] Bot33 executed ROTATE_RIGHT
[14:36:10.663] Bot33 moved forward to (2,2)
[14:36:10.663] Bot33 executed MOVE_FORWARD
[14:36:10.663] Starting turn for Bot24
[14:36:10.663] Bot24 rotated right to face EAST
[14:36:10.663] Bot24 executed ROTATE_RIGHT
[14:36:10.663] Bot24 moved forward to (9,9)
[14:36:10.663] Bot24 executed MOVE_FORWARD
[14:36:10.663] Starting turn for Bot33
[14:36:10.663] Bot33 rotated left to face EAST
[14:36:10.663] Bot33 executed ROTATE_LEFT
[14:36:10.663] Bot33 moved forward to (2,3)
[14:36:10.663] Bot33 executed MOVE_FORWARD
[14:36:10.663] Starting turn for Bot24
[14:36:10.663] Bot24 rotated left to face NORTH
[14:36:10.663] Bot24 executed ROTATE_LEFT
[14:36:10.663] Bot24 rotated left to face WEST
[14:36:10.663] Bot24 executed ROTATE_LEFT
[14:36:10.663] Bot24 moved forward to (9,8)
[14:36:10.663] Bot24 executed MOVE_FORWARD
[14:36:10.663] Starting turn for Bot33
[14:36:10.663] Bot33 rotated right to face SOUTH
[14:36:10.663] Bot33 executed ROTATE_RIGHT
[14:36:10.663] Bot33 moved forward to (3,3)
[14:36:10.663] Bot33 executed MOVE_FORWARD
[14:36:10.663] Starting turn for Bot24
[14:36:10.663] Bot24 rotated right to face NORTH
[14:36:10.663] Bot24 executed ROTATE_RIGHT
[14:36:10.663] Starting turn for Bot33
[14:36:10.663] Bot33 rotated left to face EAST
[14:36:10.663] Bot33 executed ROTATE_LEFT
[14:36:10.663] Bot33 moved forward to (3,4)
[14:36:10.663] Bot33 executed MOVE_FORWARD
[14:36:10.663] Starting turn for Bot24
[14:36:10.663] Starting turn for Bot33
[14:36:10.663] Bot33 rotated right to face SOUTH
[14:36:10.663] Bot33 executed ROTATE_RIGHT
[14:36:10.663] Starting turn for Bot24
[14:36:10.663] Bot24 rotated right to face EAST
[14:36:10.663] Bot24 executed ROTATE_RIGHT
[14:36:10.663] Bot24 moved forward to (9,9)
[14:36:10.663] Bot24 executed MOVE_FORWARD
[14:36:10.663] Starting turn for Bot33
[14:36:10.663] Starting turn for Bot24
[14:36:10.663] Bot24 rotated left to face NORTH
[14:36:10.663] Bot24 executed ROTATE_LEFT
[14:36:10.663] Bot24 rotated left to face WEST
[14:36:10.663] Bot24 executed ROTATE_LEFT
[14:36:10.663] Bot24 moved forward to (9,8)
[14:36:10.663] Bot24 executed MOVE_FORWARD
[14:36:10.663] Starting turn for Bot33
[14:36:10.663] Bot33 rotated left to face EAST
[14:36:10.663] Bot33 executed ROTATE_LEFT
[14:36:10.663] Bot33 rotated left to face NORTH
[14:36:10.663] Bot33 executed ROTATE_LEFT
[14:36:10.663] Bot33 moved forward to (2,4)
[14:36:10.663] Bot33 executed MOVE_FORWARD
[14:36:10.663] Starting turn for Bot24
[14:36:10.663] Bot24 rotated right to face NORTH
[14:36:10.663] Bot24 executed ROTATE_RIGHT
[14:36:10.663] Starting turn for Bot33
[14:36:10.663] Bot33 rotated left to face WEST
[14:36:10.663] Bot33 executed ROTATE_LEFT
[14:36:10.663] Bot33 rotated left to face SOUTH
[14:36:10.663] Bot33 executed ROTATE_LEFT
[14:36:10.663] Bot33 moved forward to (3,4)
[14:36:10.663] Bot33 executed MOVE_FORWARD
[14:36:10.663] Starting turn for Bot24
[14:36:10.663] Starting turn for Bot33
[14:36:10.663] Starting turn for Bot24
[14:36:10.663] Bot24 rotated right to face EAST
[14:36:10.663] Bot24 executed ROTATE_RIGHT
[14:36:10.663] Bot24 moved forward to (9,9)
[14:36:10.663] Bot24 executed MOVE_FORWARD
[14:36:10.663] Starting turn for Bot33
[14:36:10.663] Starting turn for Bot24
[14:36:10.663] Bot24 rotated left to face NORTH
[14:36:10.663] Bot24 executed ROTATE_LEFT
[14:36:10.663] Bot24 rotated left to face WEST
[14:36:10.663] Bot24 executed ROTATE_LEFT
[14:36:10.663] Bot24 moved forward to (9,8)
[14:36:10.663] Bot24 executed MOVE_FORWARD
[14:36:10.663] Starting turn for Bot33
[14:36:10.663] Bot33 rotated left to face EAST
[14:36:10.663] Bot33 executed ROTATE_LEFT
[14:36:10.663] Bot33 rotated left to face NORTH
[14:36:10.663] Bot33 executed ROTATE_LEFT
[14:36:10.663] Bot33 moved forward to (2,4)
[14:36:10.663] Bot33 executed MOVE_FORWARD
[14:36:10.663] Starting turn for Bot24
[14:36:10.663] Bot24 rotated right to face NORTH
[14:36:10.663] Bot24 executed ROTATE_RIGHT
[14:36:10.663] Starting turn for Bot33
[14:36:10.663] Bot33 rotated left to face WEST
[14:36:10.663] Bot33 executed ROTATE_LEFT
[14:36:10.663] Bot33 rotated left to face SOUTH
[14:36:10.663] Bot33 executed ROTATE_LEFT
[14:36:10.663] Bot33 moved forward to (3,4)
[14:36:10.663] Bot33 executed MOVE_FORWARD
[14:36:10.663] Starting turn for Bot24
[14:36:10.663] Starting turn for Bot33
[14:36:10.663] Starting turn for Bot24
[14:36:10.663] Bot24 rotated right to face EAST
[14:36:10.663] Bot24 executed ROTATE_RIGHT
[14:36:10.663] Bot24 moved forward to (9,9)
[14:36:10.663] Bot24 executed MOVE_FORWARD
[14:36:10.663] Starting turn for Bot33
[14:36:10.663] Starting turn for Bot24
[14:36:10.663] Bot24 rotated left to face NORTH
[14:36:10.663] Bot24 executed ROTATE_LEFT
[14:36:10.663] Bot24 rotated left to face WEST
[14:36:10.663] Bot24 executed ROTATE_LEFT
[14:36:10.663] Bot24 moved forward to (9,8)
[14:36:10.663] Bot24 executed MOVE_FORWARD
[14:36:10.663] Starting turn for Bot33
[14:36:10.663] Bot33 rotated left to face EAST
[14:36:10.663] Bot33 executed ROTATE_LEFT
[14:36:10.663] Bot33 rotated left to face NORTH
[14:36:10.663] Bot33 executed ROTATE_LEFT
[14:36:10.663] Bot33 moved forward to (2,4)
[14:36:10.663] Bot33 executed MOVE_FORWARD
[14:36:10.663] Starting turn for Bot24
[14:36:10.663] Bot24 rotated right to face NORTH
[14:36:10.663] Bot24 executed ROTATE_RIGHT
[14:36:10.663] Starting turn for Bot33
[14:36:10.663] Bot33 rotated left to face WEST
[14:36:10.663] Bot33 executed ROTATE_LEFT
[14:36:10.664] Bot33 rotated left to face SOUTH
[14:36:10.664] Bot33 executed ROTATE_LEFT
[14:36:10.664] Bot33 moved forward to (3,4)
[14:36:10.664] Bot33 executed MOVE_FORWARD
[14:36:10.664] Starting turn for Bot24
[14:36:10.664] Starting turn for Bot33
[14:36:10.664] Starting turn for Bot24
[14:36:10.664] Stalemate detected: State repeated 10 times, unchanged for 1 turns
[14:36:10.664] Game Over! Stalemate detected!
[14:36:10.664] Stalemate detected: State repeated 10 times, unchanged for 1 turns
