[14:35:40.727] === Game Started at 2025-02-04_14-35-40 ===
[14:35:40.727] Game initialized with 2 players
[14:35:40.727] Board size: 10
[14:35:40.727] Obstacle density: 0.05
[14:35:40.727] Max turns: 1000
[14:35:40.727] Player Bot3 starting at position (0,0) facing NORTH
[14:35:40.727] Player Bot2 starting at position (9,9) facing SOUTH
[14:35:40.727] Obstacles at positions: (0,2) (4,4) (7,2) (7,9) (8,7)
[14:35:40.727] Starting turn for Bot3
[14:35:40.727] Bot3 rotated right to face EAST
[14:35:40.727] Bot3 executed ROTATE_RIGHT
[14:35:40.727] Bot3 moved forward to (0,1)
[14:35:40.727] Bot3 executed MOVE_FORWARD
[14:35:40.727] Starting turn for Bot2
[14:35:40.727] Bot2 rotated right to face WEST
[14:35:40.727] Bot2 executed ROTATE_RIGHT
[14:35:40.727] Bot2 moved forward to (9,8)
[14:35:40.727] Bot2 executed MOVE_FORWARD
[14:35:40.727] Starting turn for Bot3
[14:35:40.727] Bot3 rotated right to face SOUTH
[14:35:40.727] Bot3 executed ROTATE_RIGHT
[14:35:40.727] Bot3 moved forward to (1,1)
[14:35:40.727] Bot3 executed MOVE_FORWARD
[14:35:40.727] Starting turn for Bot2
[14:35:40.727] Bot2 rotated right to face NORTH
[14:35:40.727] Bot2 executed ROTATE_RIGHT
[14:35:40.727] Bot2 moved forward to (8,8)
[14:35:40.727] Bot2 executed MOVE_FORWARD
[14:35:40.727] Starting turn for Bot3
[14:35:40.727] Bot3 rotated left to face EAST
[14:35:40.727] Bot3 executed ROTATE_LEFT
[14:35:40.727] Bot3 moved forward to (1,2)
[14:35:40.727] Bot3 executed MOVE_FORWARD
[14:35:40.727] Starting turn for Bot2
[14:35:40.727] Bot2 rotated left to face WEST
[14:35:40.727] Bot2 executed ROTATE_LEFT
[14:35:40.727] Starting turn for Bot3
[14:35:40.727] Bot3 rotated right to face SOUTH
[14:35:40.727] Bot3 executed ROTATE_RIGHT
[14:35:40.728] Bot3 moved forward to (2,2)
[14:35:40.728] Bot3 executed MOVE_FORWARD
[14:35:40.728] Starting turn for Bot2
[14:35:40.728] Starting turn for Bot3
[14:35:40.728] Bot3 rotated left to face EAST
[14:35:40.728] Bot3 executed ROTATE_LEFT
[14:35:40.728] Bot3 moved forward to (2,3)
[14:35:40.728] Bot3 executed MOVE_FORWARD
[14:35:40.728] Starting turn for Bot2
[14:35:40.728] Bot2 rotated right to face NORTH
[14:35:40.728] Bot2 executed ROTATE_RIGHT
[14:35:40.728] Bot2 moved forward to (7,8)
[14:35:40.728] Bot2 executed MOVE_FORWARD
[14:35:40.728] Starting turn for Bot3
[14:35:40.728] Bot3 rotated right to face SOUTH
[14:35:40.728] Bot3 executed ROTATE_RIGHT
[14:35:40.728] Bot3 moved forward to (3,3)
[14:35:40.728] Bot3 executed MOVE_FORWARD
[14:35:40.728] Starting turn for Bot2
[14:35:40.728] Bot2 rotated left to face WEST
[14:35:40.728] Bot2 executed ROTATE_LEFT
[14:35:40.728] Bot2 moved forward to (7,7)
[14:35:40.728] Bot2 executed MOVE_FORWARD
[14:35:40.728] Starting turn for Bot3
[14:35:40.728] Bot3 rotated left to face EAST
[14:35:40.728] Bot3 executed ROTATE_LEFT
[14:35:40.728] Bot3 moved forward to (3,4)
[14:35:40.728] Bot3 executed MOVE_FORWARD
[14:35:40.728] Starting turn for Bot2
[14:35:40.728] Bot2 moved forward to (7,6)
[14:35:40.728] Bot2 executed MOVE_FORWARD
[14:35:40.728] Starting turn for Bot3
[14:35:40.728] Bot3 rotated right to face SOUTH
[14:35:40.728] Bot3 executed ROTATE_RIGHT
[14:35:40.728] Starting turn for Bot2
[14:35:40.728] Bot2 rotated right to face NORTH
[14:35:40.728] Bot2 executed ROTATE_RIGHT
[14:35:40.728] Bot2 moved forward to (6,6)
[14:35:40.728] Bot2 executed MOVE_FORWARD
[14:35:40.728] Starting turn for Bot3
[14:35:40.728] Starting turn for Bot2
[14:35:40.728] Bot2 rotated left to face WEST
[14:35:40.728] Bot2 executed ROTATE_LEFT
[14:35:40.728] Bot2 moved forward to (6,5)
[14:35:40.728] Bot2 executed MOVE_FORWARD
[14:35:40.728] Starting turn for Bot3
[14:35:40.728] Bot3 rotated left to face EAST
[14:35:40.728] Bot3 executed ROTATE_LEFT
[14:35:40.728] Bot3 rotated left to face NORTH
[14:35:40.728] Bot3 executed ROTATE_LEFT
[14:35:40.728] Bot3 moved forward to (2,4)
[14:35:40.728] Bot3 executed MOVE_FORWARD
[14:35:40.728] Starting turn for Bot2
[14:35:40.728] Bot2 rotated right to face NORTH
[14:35:40.728] Bot2 executed ROTATE_RIGHT
[14:35:40.728] Bot2 moved forward to (5,5)
[14:35:40.728] Bot2 executed MOVE_FORWARD
[14:35:40.728] Starting turn for Bot3
[14:35:40.728] Bot3 rotated left to face WEST
[14:35:40.728] Bot3 executed ROTATE_LEFT
[14:35:40.728] Bot3 rotated left to face SOUTH
[14:35:40.728] Bot3 executed ROTATE_LEFT
[14:35:40.728] Bot3 moved forward to (3,4)
[14:35:40.728] Bot3 executed MOVE_FORWARD
[14:35:40.728] Starting turn for Bot2
[14:35:40.728] Starting turn for Bot3
[14:35:40.728] Starting turn for Bot2
[14:35:40.728] Starting turn for Bot3
[14:35:40.728] Starting turn for Bot2
[14:35:40.728] Starting turn for Bot3
[14:35:40.728] Bot3 rotated left to face EAST
[14:35:40.728] Bot3 executed ROTATE_LEFT
[14:35:40.728] Bot3 rotated left to face NORTH
[14:35:40.728] Bot3 executed ROTATE_LEFT
[14:35:40.728] Bot3 moved forward to (2,4)
[14:35:40.728] Bot3 executed MOVE_FORWARD
[14:35:40.728] Starting turn for Bot2
[14:35:40.728] Starting turn for Bot3
[14:35:40.728] Bot3 rotated left to face WEST
[14:35:40.728] Bot3 executed ROTATE_LEFT
[14:35:40.728] Bot3 rotated left to face SOUTH
[14:35:40.728] Bot3 executed ROTATE_LEFT
[14:35:40.728] Bot3 moved forward to (3,4)
[14:35:40.728] Bot3 executed MOVE_FORWARD
[14:35:40.728] Starting turn for Bot2
[14:35:40.728] Starting turn for Bot3
[14:35:40.728] Starting turn for Bot2
[14:35:40.728] Starting turn for Bot3
[14:35:40.728] Starting turn for Bot2
[14:35:40.728] Starting turn for Bot3
[14:35:40.728] Bot3 rotated left to face EAST
[14:35:40.728] Bot3 executed ROTATE_LEFT
[14:35:40.728] Bot3 rotated left to face NORTH
[14:35:40.728] Bot3 executed ROTATE_LEFT
[14:35:40.728] Bot3 moved forward to (2,4)
[14:35:40.728] Bot3 executed MOVE_FORWARD
[14:35:40.728] Starting turn for Bot2
[14:35:40.728] Starting turn for Bot3
[14:35:40.728] Bot3 rotated left to face WEST
[14:35:40.728] Bot3 executed ROTATE_LEFT
[14:35:40.728] Bot3 rotated left to face SOUTH
[14:35:40.728] Bot3 executed ROTATE_LEFT
[14:35:40.728] Bot3 moved forward to (3,4)
[14:35:40.728] Bot3 executed MOVE_FORWARD
[14:35:40.728] Starting turn for Bot2
[14:35:40.728] Starting turn for Bot3
[14:35:40.728] Starting turn for Bot2
[14:35:40.728] Stalemate detected: State repeated 10 times, unchanged for 1 turns
[14:35:40.728] Game Over! Stalemate detected!
[14:35:40.728] Stalemate detected: State repeated 10 times, unchanged for 1 turns
