[14:35:40.224] === Game Started at 2025-02-04_14-35-40 ===
[14:35:40.224] Game initialized with 2 players
[14:35:40.224] Board size: 10
[14:35:40.224] Obstacle density: 0.05
[14:35:40.224] Max turns: 1000
[14:35:40.224] Player Bot1 starting at position (0,0) facing EAST
[14:35:40.224] Player Bot29 starting at position (9,9) facing EAST
[14:35:40.224] Obstacles at positions: (1,2) (4,5) (5,2) (7,2) (7,7)
[14:35:40.224] Starting turn for Bot1
[14:35:40.224] Bot1 moved forward to (0,1)
[14:35:40.224] Bot1 executed MOVE_FORWARD
[14:35:40.224] Starting turn for Bot29
[14:35:40.224] Bot29 rotated left to face NORTH
[14:35:40.224] Bot29 executed ROTATE_LEFT
[14:35:40.224] Bot29 rotated left to face WEST
[14:35:40.224] Bot29 executed ROTATE_LEFT
[14:35:40.224] Bot29 moved forward to (9,8)
[14:35:40.224] Bot29 executed MOVE_FORWARD
[14:35:40.224] Starting turn for Bot1
[14:35:40.224] Bot1 rotated right to face SOUTH
[14:35:40.224] Bot1 executed ROTATE_RIGHT
[14:35:40.224] Bot1 moved forward to (1,1)
[14:35:40.224] Bot1 executed MOVE_FORWARD
[14:35:40.224] Starting turn for Bot29
[14:35:40.224] Bot29 rotated right to face NORTH
[14:35:40.224] Bot29 executed ROTATE_RIGHT
[14:35:40.224] Bot29 moved forward to (8,8)
[14:35:40.224] Bot29 executed MOVE_FORWARD
[14:35:40.224] Starting turn for Bot1
[14:35:40.224] Bot1 rotated left to face EAST
[14:35:40.224] Bot1 executed ROTATE_LEFT
[14:35:40.224] Starting turn for Bot29
[14:35:40.224] Bot29 rotated left to face WEST
[14:35:40.224] Bot29 executed ROTATE_LEFT
[14:35:40.224] Bot29 moved forward to (8,7)
[14:35:40.224] Bot29 executed MOVE_FORWARD
[14:35:40.224] Starting turn for Bot1
[14:35:40.224] Starting turn for Bot29
[14:35:40.224] Bot29 rotated right to face NORTH
[14:35:40.224] Bot29 executed ROTATE_RIGHT
[14:35:40.224] Starting turn for Bot1
[14:35:40.224] Bot1 rotated left to face NORTH
[14:35:40.224] Bot1 executed ROTATE_LEFT
[14:35:40.224] Bot1 moved forward to (0,1)
[14:35:40.224] Bot1 executed MOVE_FORWARD
[14:35:40.224] Starting turn for Bot29
[14:35:40.224] Starting turn for Bot1
[14:35:40.224] Bot1 rotated left to face WEST
[14:35:40.224] Bot1 executed ROTATE_LEFT
[14:35:40.224] Bot1 rotated left to face SOUTH
[14:35:40.224] Bot1 executed ROTATE_LEFT
[14:35:40.224] Bot1 moved forward to (1,1)
[14:35:40.224] Bot1 executed MOVE_FORWARD
[14:35:40.224] Starting turn for Bot29
[14:35:40.224] Bot29 rotated right to face EAST
[14:35:40.224] Bot29 executed ROTATE_RIGHT
[14:35:40.224] Bot29 moved forward to (8,8)
[14:35:40.224] Bot29 executed MOVE_FORWARD
[14:35:40.224] Starting turn for Bot1
[14:35:40.224] Bot1 rotated left to face EAST
[14:35:40.224] Bot1 executed ROTATE_LEFT
[14:35:40.224] Starting turn for Bot29
[14:35:40.225] Bot29 rotated left to face NORTH
[14:35:40.225] Bot29 executed ROTATE_LEFT
[14:35:40.225] Bot29 rotated left to face WEST
[14:35:40.225] Bot29 executed ROTATE_LEFT
[14:35:40.225] Bot29 moved forward to (8,7)
[14:35:40.225] Bot29 executed MOVE_FORWARD
[14:35:40.225] Starting turn for Bot1
[14:35:40.225] Starting turn for Bot29
[14:35:40.225] Bot29 rotated right to face NORTH
[14:35:40.225] Bot29 executed ROTATE_RIGHT
[14:35:40.225] Starting turn for Bot1
[14:35:40.225] Bot1 rotated left to face NORTH
[14:35:40.225] Bot1 executed ROTATE_LEFT
[14:35:40.225] Bot1 moved forward to (0,1)
[14:35:40.225] Bot1 executed MOVE_FORWARD
[14:35:40.225] Starting turn for Bot29
[14:35:40.225] Starting turn for Bot1
[14:35:40.225] Bot1 rotated left to face WEST
[14:35:40.225] Bot1 executed ROTATE_LEFT
[14:35:40.225] Bot1 rotated left to face SOUTH
[14:35:40.225] Bot1 executed ROTATE_LEFT
[14:35:40.225] Bot1 moved forward to (1,1)
[14:35:40.225] Bot1 executed MOVE_FORWARD
[14:35:40.225] Starting turn for Bot29
[14:35:40.225] Bot29 rotated right to face EAST
[14:35:40.225] Bot29 executed ROTATE_RIGHT
[14:35:40.225] Bot29 moved forward to (8,8)
[14:35:40.225] Bot29 executed MOVE_FORWARD
[14:35:40.225] Starting turn for Bot1
[14:35:40.225] Bot1 rotated left to face EAST
[14:35:40.225] Bot1 executed ROTATE_LEFT
[14:35:40.225] Starting turn for Bot29
[14:35:40.225] Bot29 rotated left to face NORTH
[14:35:40.225] Bot29 executed ROTATE_LEFT
[14:35:40.225] Bot29 rotated left to face WEST
[14:35:40.225] Bot29 executed ROTATE_LEFT
[14:35:40.225] Bot29 moved forward to (8,7)
[14:35:40.225] Bot29 executed MOVE_FORWARD
[14:35:40.225] Starting turn for Bot1
[14:35:40.225] Starting turn for Bot29
[14:35:40.225] Bot29 rotated right to face NORTH
[14:35:40.225] Bot29 executed ROTATE_RIGHT
[14:35:40.225] Starting turn for Bot1
[14:35:40.225] Bot1 rotated left to face NORTH
[14:35:40.225] Bot1 executed ROTATE_LEFT
[14:35:40.225] Bot1 moved forward to (0,1)
[14:35:40.225] Bot1 executed MOVE_FORWARD
[14:35:40.225] Starting turn for Bot29
[14:35:40.225] Starting turn for Bot1
[14:35:40.225] Bot1 rotated left to face WEST
[14:35:40.225] Bot1 executed ROTATE_LEFT
[14:35:40.225] Bot1 rotated left to face SOUTH
[14:35:40.225] Bot1 executed ROTATE_LEFT
[14:35:40.225] Bot1 moved forward to (1,1)
[14:35:40.225] Bot1 executed MOVE_FORWARD
[14:35:40.225] Starting turn for Bot29
[14:35:40.225] Bot29 rotated right to face EAST
[14:35:40.225] Bot29 executed ROTATE_RIGHT
[14:35:40.225] Bot29 moved forward to (8,8)
[14:35:40.225] Bot29 executed MOVE_FORWARD
[14:35:40.225] Starting turn for Bot1
[14:35:40.225] Bot1 rotated left to face EAST
[14:35:40.225] Bot1 executed ROTATE_LEFT
[14:35:40.225] Starting turn for Bot29
[14:35:40.225] Bot29 rotated left to face NORTH
[14:35:40.225] Bot29 executed ROTATE_LEFT
[14:35:40.225] Bot29 rotated left to face WEST
[14:35:40.225] Bot29 executed ROTATE_LEFT
[14:35:40.225] Bot29 moved forward to (8,7)
[14:35:40.225] Bot29 executed MOVE_FORWARD
[14:35:40.225] Starting turn for Bot1
[14:35:40.225] Starting turn for Bot29
[14:35:40.225] Bot29 rotated right to face NORTH
[14:35:40.225] Bot29 executed ROTATE_RIGHT
[14:35:40.225] Starting turn for Bot1
[14:35:40.225] Bot1 rotated left to face NORTH
[14:35:40.225] Bot1 executed ROTATE_LEFT
[14:35:40.225] Bot1 moved forward to (0,1)
[14:35:40.225] Bot1 executed MOVE_FORWARD
[14:35:40.225] Starting turn for Bot29
[14:35:40.225] Starting turn for Bot1
[14:35:40.225] Bot1 rotated left to face WEST
[14:35:40.225] Bot1 executed ROTATE_LEFT
[14:35:40.225] Bot1 rotated left to face SOUTH
[14:35:40.225] Bot1 executed ROTATE_LEFT
[14:35:40.225] Bot1 moved forward to (1,1)
[14:35:40.225] Bot1 executed MOVE_FORWARD
[14:35:40.225] Starting turn for Bot29
[14:35:40.225] Bot29 rotated right to face EAST
[14:35:40.225] Bot29 executed ROTATE_RIGHT
[14:35:40.225] Bot29 moved forward to (8,8)
[14:35:40.225] Bot29 executed MOVE_FORWARD
[14:35:40.225] Starting turn for Bot1
[14:35:40.225] Bot1 rotated left to face EAST
[14:35:40.225] Bot1 executed ROTATE_LEFT
[14:35:40.225] Starting turn for Bot29
[14:35:40.225] Bot29 rotated left to face NORTH
[14:35:40.225] Bot29 executed ROTATE_LEFT
[14:35:40.225] Bot29 rotated left to face WEST
[14:35:40.225] Bot29 executed ROTATE_LEFT
[14:35:40.225] Bot29 moved forward to (8,7)
[14:35:40.225] Bot29 executed MOVE_FORWARD
[14:35:40.225] Starting turn for Bot1
[14:35:40.225] Starting turn for Bot29
[14:35:40.225] Stalemate detected: State repeated 10 times, unchanged for 2 turns
[14:35:40.225] Game Over! Stalemate detected!
[14:35:40.225] Stalemate detected: State repeated 10 times, unchanged for 2 turns
