[14:36:06.006] === Game Started at 2025-02-04_14-36-06 ===
[14:36:06.006] Game initialized with 2 players
[14:36:06.006] Board size: 10
[14:36:06.006] Obstacle density: 0.05
[14:36:06.006] Max turns: 1000
[14:36:06.006] Player Bot36 starting at position (0,0) facing SOUTH
[14:36:06.006] Player Bot18 starting at position (9,9) facing EAST
[14:36:06.006] Obstacles at positions: (1,2) (3,4) (4,1) (4,7) (7,3)
[14:36:06.006] Starting turn for Bot36
[14:36:06.006] Bot36 rotated left to face EAST
[14:36:06.006] Bot36 executed ROTATE_LEFT
[14:36:06.006] Bot36 moved forward to (0,1)
[14:36:06.006] Bot36 executed MOVE_FORWARD
[14:36:06.006] Starting turn for Bot18
[14:36:06.006] Bot18 rotated left to face NORTH
[14:36:06.006] Bot18 executed ROTATE_LEFT
[14:36:06.006] Bot18 rotated left to face WEST
[14:36:06.006] Bot18 executed ROTATE_LEFT
[14:36:06.006] Bot18 moved forward to (9,8)
[14:36:06.006] Bot18 executed MOVE_FORWARD
[14:36:06.006] Starting turn for Bot36
[14:36:06.006] Bot36 rotated right to face SOUTH
[14:36:06.006] Bot36 executed ROTATE_RIGHT
[14:36:06.006] Bot36 moved forward to (1,1)
[14:36:06.006] Bot36 executed MOVE_FORWARD
[14:36:06.006] Starting turn for Bot18
[14:36:06.006] Bot18 rotated right to face NORTH
[14:36:06.006] Bot18 executed ROTATE_RIGHT
[14:36:06.006] Bot18 moved forward to (8,8)
[14:36:06.006] Bot18 executed MOVE_FORWARD
[14:36:06.006] Starting turn for Bot36
[14:36:06.006] Bot36 rotated left to face EAST
[14:36:06.006] Bot36 executed ROTATE_LEFT
[14:36:06.006] Starting turn for Bot18
[14:36:06.006] Bot18 rotated left to face WEST
[14:36:06.006] Bot18 executed ROTATE_LEFT
[14:36:06.006] Bot18 moved forward to (8,7)
[14:36:06.006] Bot18 executed MOVE_FORWARD
[14:36:06.006] Starting turn for Bot36
[14:36:06.006] Starting turn for Bot18
[14:36:06.006] Bot18 rotated right to face NORTH
[14:36:06.006] Bot18 executed ROTATE_RIGHT
[14:36:06.006] Bot18 moved forward to (7,7)
[14:36:06.006] Bot18 executed MOVE_FORWARD
[14:36:06.006] Starting turn for Bot36
[14:36:06.006] Bot36 rotated left to face NORTH
[14:36:06.006] Bot36 executed ROTATE_LEFT
[14:36:06.006] Bot36 moved forward to (0,1)
[14:36:06.006] Bot36 executed MOVE_FORWARD
[14:36:06.006] Starting turn for Bot18
[14:36:06.006] Bot18 rotated left to face WEST
[14:36:06.006] Bot18 executed ROTATE_LEFT
[14:36:06.006] Bot18 moved forward to (7,6)
[14:36:06.006] Bot18 executed MOVE_FORWARD
[14:36:06.006] Starting turn for Bot36
[14:36:06.006] Bot36 rotated left to face WEST
[14:36:06.006] Bot36 executed ROTATE_LEFT
[14:36:06.006] Bot36 rotated left to face SOUTH
[14:36:06.006] Bot36 executed ROTATE_LEFT
[14:36:06.007] Bot36 moved forward to (1,1)
[14:36:06.007] Bot36 executed MOVE_FORWARD
[14:36:06.007] Starting turn for Bot18
[14:36:06.007] Bot18 rotated right to face NORTH
[14:36:06.007] Bot18 executed ROTATE_RIGHT
[14:36:06.007] Bot18 moved forward to (6,6)
[14:36:06.007] Bot18 executed MOVE_FORWARD
[14:36:06.007] Starting turn for Bot36
[14:36:06.007] Bot36 rotated left to face EAST
[14:36:06.007] Bot36 executed ROTATE_LEFT
[14:36:06.007] Starting turn for Bot18
[14:36:06.007] Bot18 rotated left to face WEST
[14:36:06.007] Bot18 executed ROTATE_LEFT
[14:36:06.007] Bot18 moved forward to (6,5)
[14:36:06.007] Bot18 executed MOVE_FORWARD
[14:36:06.007] Starting turn for Bot36
[14:36:06.007] Starting turn for Bot18
[14:36:06.007] Bot18 rotated right to face NORTH
[14:36:06.007] Bot18 executed ROTATE_RIGHT
[14:36:06.007] Bot18 moved forward to (5,5)
[14:36:06.007] Bot18 executed MOVE_FORWARD
[14:36:06.007] Starting turn for Bot36
[14:36:06.007] Bot36 rotated left to face NORTH
[14:36:06.007] Bot36 executed ROTATE_LEFT
[14:36:06.007] Bot36 moved forward to (0,1)
[14:36:06.007] Bot36 executed MOVE_FORWARD
[14:36:06.007] Starting turn for Bot18
[14:36:06.007] Starting turn for Bot36
[14:36:06.007] Bot36 rotated left to face WEST
[14:36:06.007] Bot36 executed ROTATE_LEFT
[14:36:06.007] Bot36 rotated left to face SOUTH
[14:36:06.007] Bot36 executed ROTATE_LEFT
[14:36:06.007] Bot36 moved forward to (1,1)
[14:36:06.007] Bot36 executed MOVE_FORWARD
[14:36:06.007] Starting turn for Bot18
[14:36:06.007] Starting turn for Bot36
[14:36:06.007] Bot36 rotated left to face EAST
[14:36:06.007] Bot36 executed ROTATE_LEFT
[14:36:06.007] Starting turn for Bot18
[14:36:06.007] Starting turn for Bot36
[14:36:06.007] Starting turn for Bot18
[14:36:06.007] Starting turn for Bot36
[14:36:06.007] Bot36 rotated left to face NORTH
[14:36:06.007] Bot36 executed ROTATE_LEFT
[14:36:06.007] Bot36 moved forward to (0,1)
[14:36:06.007] Bot36 executed MOVE_FORWARD
[14:36:06.007] Starting turn for Bot18
[14:36:06.007] Starting turn for Bot36
[14:36:06.007] Bot36 rotated left to face WEST
[14:36:06.007] Bot36 executed ROTATE_LEFT
[14:36:06.007] Bot36 rotated left to face SOUTH
[14:36:06.007] Bot36 executed ROTATE_LEFT
[14:36:06.007] Bot36 moved forward to (1,1)
[14:36:06.007] Bot36 executed MOVE_FORWARD
[14:36:06.007] Starting turn for Bot18
[14:36:06.007] Starting turn for Bot36
[14:36:06.007] Bot36 rotated left to face EAST
[14:36:06.007] Bot36 executed ROTATE_LEFT
[14:36:06.007] Starting turn for Bot18
[14:36:06.007] Starting turn for Bot36
[14:36:06.007] Starting turn for Bot18
[14:36:06.007] Starting turn for Bot36
[14:36:06.007] Bot36 rotated left to face NORTH
[14:36:06.007] Bot36 executed ROTATE_LEFT
[14:36:06.007] Bot36 moved forward to (0,1)
[14:36:06.007] Bot36 executed MOVE_FORWARD
[14:36:06.007] Starting turn for Bot18
[14:36:06.007] Starting turn for Bot36
[14:36:06.007] Bot36 rotated left to face WEST
[14:36:06.007] Bot36 executed ROTATE_LEFT
[14:36:06.007] Bot36 rotated left to face SOUTH
[14:36:06.007] Bot36 executed ROTATE_LEFT
[14:36:06.007] Bot36 moved forward to (1,1)
[14:36:06.007] Bot36 executed MOVE_FORWARD
[14:36:06.007] Starting turn for Bot18
[14:36:06.007] Starting turn for Bot36
[14:36:06.007] Bot36 rotated left to face EAST
[14:36:06.007] Bot36 executed ROTATE_LEFT
[14:36:06.007] Starting turn for Bot18
[14:36:06.007] Starting turn for Bot36
[14:36:06.007] Starting turn for Bot18
[14:36:06.007] Stalemate detected: State repeated 10 times, unchanged for 3 turns
[14:36:06.007] Game Over! Stalemate detected!
[14:36:06.007] Stalemate detected: State repeated 10 times, unchanged for 3 turns
