[14:35:52.955] === Game Started at 2025-02-04_14-35-52 ===
[14:35:52.955] Game initialized with 2 players
[14:35:52.955] Board size: 10
[14:35:52.955] Obstacle density: 0.05
[14:35:52.955] Max turns: 1000
[14:35:52.955] Player Bot8 starting at position (0,0) facing EAST
[14:35:52.955] Player Bot16 starting at position (9,9) facing EAST
[14:35:52.955] Obstacles at positions: (5,8) (6,6) (7,6) (7,9) (8,8)
[14:35:52.955] Starting turn for Bot8
[14:35:52.955] Bot8 moved forward to (0,1)
[14:35:52.955] Bot8 executed MOVE_FORWARD
[14:35:52.955] Starting turn for Bot16
[14:35:52.955] Bot16 rotated left to face NORTH
[14:35:52.955] Bot16 executed ROTATE_LEFT
[14:35:52.955] Bot16 rotated left to face WEST
[14:35:52.955] Bot16 executed ROTATE_LEFT
[14:35:52.955] Bot16 moved forward to (9,8)
[14:35:52.955] Bot16 executed MOVE_FORWARD
[14:35:52.955] Starting turn for Bot8
[14:35:52.955] Bot8 rotated right to face SOUTH
[14:35:52.955] Bot8 executed ROTATE_RIGHT
[14:35:52.955] Bot8 moved forward to (1,1)
[14:35:52.955] Bot8 executed MOVE_FORWARD
[14:35:52.955] Starting turn for Bot16
[14:35:52.955] Bot16 rotated right to face NORTH
[14:35:52.955] Bot16 executed ROTATE_RIGHT
[14:35:52.955] Starting turn for Bot8
[14:35:52.955] Bot8 rotated left to face EAST
[14:35:52.955] Bot8 executed ROTATE_LEFT
[14:35:52.955] Bot8 moved forward to (1,2)
[14:35:52.955] Bot8 executed MOVE_FORWARD
[14:35:52.955] Starting turn for Bot16
[14:35:52.955] Starting turn for Bot8
[14:35:52.955] Bot8 rotated right to face SOUTH
[14:35:52.955] Bot8 executed ROTATE_RIGHT
[14:35:52.955] Bot8 moved forward to (2,2)
[14:35:52.955] Bot8 executed MOVE_FORWARD
[14:35:52.955] Starting turn for Bot16
[14:35:52.955] Bot16 rotated right to face EAST
[14:35:52.955] Bot16 executed ROTATE_RIGHT
[14:35:52.955] Bot16 moved forward to (9,9)
[14:35:52.955] Bot16 executed MOVE_FORWARD
[14:35:52.955] Starting turn for Bot8
[14:35:52.955] Bot8 rotated left to face EAST
[14:35:52.955] Bot8 executed ROTATE_LEFT
[14:35:52.955] Bot8 moved forward to (2,3)
[14:35:52.955] Bot8 executed MOVE_FORWARD
[14:35:52.955] Starting turn for Bot16
[14:35:52.955] Bot16 rotated left to face NORTH
[14:35:52.955] Bot16 executed ROTATE_LEFT
[14:35:52.955] Bot16 rotated left to face WEST
[14:35:52.955] Bot16 executed ROTATE_LEFT
[14:35:52.955] Bot16 moved forward to (9,8)
[14:35:52.955] Bot16 executed MOVE_FORWARD
[14:35:52.955] Starting turn for Bot8
[14:35:52.955] Bot8 rotated right to face SOUTH
[14:35:52.955] Bot8 executed ROTATE_RIGHT
[14:35:52.955] Bot8 moved forward to (3,3)
[14:35:52.955] Bot8 executed MOVE_FORWARD
[14:35:52.955] Starting turn for Bot16
[14:35:52.955] Bot16 rotated right to face NORTH
[14:35:52.955] Bot16 executed ROTATE_RIGHT
[14:35:52.955] Starting turn for Bot8
[14:35:52.955] Bot8 rotated left to face EAST
[14:35:52.955] Bot8 executed ROTATE_LEFT
[14:35:52.955] Bot8 moved forward to (3,4)
[14:35:52.955] Bot8 executed MOVE_FORWARD
[14:35:52.955] Starting turn for Bot16
[14:35:52.955] Starting turn for Bot8
[14:35:52.955] Bot8 rotated right to face SOUTH
[14:35:52.955] Bot8 executed ROTATE_RIGHT
[14:35:52.955] Bot8 moved forward to (4,4)
[14:35:52.955] Bot8 executed MOVE_FORWARD
[14:35:52.955] Starting turn for Bot16
[14:35:52.955] Bot16 rotated right to face EAST
[14:35:52.955] Bot16 executed ROTATE_RIGHT
[14:35:52.955] Bot16 moved forward to (9,9)
[14:35:52.955] Bot16 executed MOVE_FORWARD
[14:35:52.955] Starting turn for Bot8
[14:35:52.955] Bot8 rotated left to face EAST
[14:35:52.955] Bot8 executed ROTATE_LEFT
[14:35:52.955] Bot8 moved forward to (4,5)
[14:35:52.955] Bot8 executed MOVE_FORWARD
[14:35:52.955] Starting turn for Bot16
[14:35:52.955] Bot16 rotated left to face NORTH
[14:35:52.955] Bot16 executed ROTATE_LEFT
[14:35:52.955] Bot16 rotated left to face WEST
[14:35:52.955] Bot16 executed ROTATE_LEFT
[14:35:52.955] Bot16 moved forward to (9,8)
[14:35:52.955] Bot16 executed MOVE_FORWARD
[14:35:52.955] Starting turn for Bot8
[14:35:52.955] Bot8 rotated right to face SOUTH
[14:35:52.955] Bot8 executed ROTATE_RIGHT
[14:35:52.955] Bot8 moved forward to (5,5)
[14:35:52.955] Bot8 executed MOVE_FORWARD
[14:35:52.955] Starting turn for Bot16
[14:35:52.955] Bot16 rotated right to face NORTH
[14:35:52.955] Bot16 executed ROTATE_RIGHT
[14:35:52.955] Starting turn for Bot8
[14:35:52.955] Starting turn for Bot16
[14:35:52.955] Starting turn for Bot8
[14:35:52.955] Starting turn for Bot16
[14:35:52.955] Bot16 rotated right to face EAST
[14:35:52.955] Bot16 executed ROTATE_RIGHT
[14:35:52.955] Bot16 moved forward to (9,9)
[14:35:52.956] Bot16 executed MOVE_FORWARD
[14:35:52.956] Starting turn for Bot8
[14:35:52.956] Starting turn for Bot16
[14:35:52.956] Bot16 rotated left to face NORTH
[14:35:52.956] Bot16 executed ROTATE_LEFT
[14:35:52.956] Bot16 rotated left to face WEST
[14:35:52.956] Bot16 executed ROTATE_LEFT
[14:35:52.956] Bot16 moved forward to (9,8)
[14:35:52.956] Bot16 executed MOVE_FORWARD
[14:35:52.956] Starting turn for Bot8
[14:35:52.956] Starting turn for Bot16
[14:35:52.956] Bot16 rotated right to face NORTH
[14:35:52.956] Bot16 executed ROTATE_RIGHT
[14:35:52.956] Starting turn for Bot8
[14:35:52.956] Starting turn for Bot16
[14:35:52.956] Starting turn for Bot8
[14:35:52.956] Starting turn for Bot16
[14:35:52.956] Bot16 rotated right to face EAST
[14:35:52.956] Bot16 executed ROTATE_RIGHT
[14:35:52.956] Bot16 moved forward to (9,9)
[14:35:52.956] Bot16 executed MOVE_FORWARD
[14:35:52.956] Starting turn for Bot8
[14:35:52.956] Starting turn for Bot16
[14:35:52.956] Bot16 rotated left to face NORTH
[14:35:52.956] Bot16 executed ROTATE_LEFT
[14:35:52.956] Bot16 rotated left to face WEST
[14:35:52.956] Bot16 executed ROTATE_LEFT
[14:35:52.956] Bot16 moved forward to (9,8)
[14:35:52.956] Bot16 executed MOVE_FORWARD
[14:35:52.956] Starting turn for Bot8
[14:35:52.956] Starting turn for Bot16
[14:35:52.956] Bot16 rotated right to face NORTH
[14:35:52.956] Bot16 executed ROTATE_RIGHT
[14:35:52.956] Starting turn for Bot8
[14:35:52.956] Starting turn for Bot16
[14:35:52.956] Starting turn for Bot8
[14:35:52.956] Starting turn for Bot16
[14:35:52.956] Stalemate detected: State repeated 10 times, unchanged for 2 turns
[14:35:52.956] Game Over! Stalemate detected!
[14:35:52.956] Stalemate detected: State repeated 10 times, unchanged for 2 turns
