[14:36:12.203] === Game Started at 2025-02-04_14-36-12 ===
[14:36:12.203] Game initialized with 2 players
[14:36:12.203] Board size: 10
[14:36:12.203] Obstacle density: 0.05
[14:36:12.203] Max turns: 1000
[14:36:12.203] Player Bot39 starting at position (0,0) facing NORTH
[14:36:12.203] Player Bot26 starting at position (9,9) facing NORTH
[14:36:12.203] Obstacles at positions: (2,3) (2,8) (3,3) (4,5) (5,7)
[14:36:12.203] Starting turn for Bot39
[14:36:12.203] Bot39 rotated right to face EAST
[14:36:12.203] Bot39 executed ROTATE_RIGHT
[14:36:12.203] Bot39 moved forward to (0,1)
[14:36:12.203] Bot39 executed MOVE_FORWARD
[14:36:12.203] Starting turn for Bot26
[14:36:12.203] Bot26 rotated left to face WEST
[14:36:12.203] Bot26 executed ROTATE_LEFT
[14:36:12.203] Bot26 moved forward to (9,8)
[14:36:12.203] Bot26 executed MOVE_FORWARD
[14:36:12.203] Starting turn for Bot39
[14:36:12.203] Bot39 rotated right to face SOUTH
[14:36:12.203] Bot39 executed ROTATE_RIGHT
[14:36:12.203] Bot39 moved forward to (1,1)
[14:36:12.203] Bot39 executed MOVE_FORWARD
[14:36:12.203] Starting turn for Bot26
[14:36:12.203] Bot26 rotated right to face NORTH
[14:36:12.203] Bot26 executed ROTATE_RIGHT
[14:36:12.203] Bot26 moved forward to (8,8)
[14:36:12.203] Bot26 executed MOVE_FORWARD
[14:36:12.203] Starting turn for Bot39
[14:36:12.203] Bot39 rotated left to face EAST
[14:36:12.203] Bot39 executed ROTATE_LEFT
[14:36:12.203] Bot39 moved forward to (1,2)
[14:36:12.203] Bot39 executed MOVE_FORWARD
[14:36:12.203] Starting turn for Bot26
[14:36:12.203] Bot26 rotated left to face WEST
[14:36:12.203] Bot26 executed ROTATE_LEFT
[14:36:12.203] Bot26 moved forward to (8,7)
[14:36:12.203] Bot26 executed MOVE_FORWARD
[14:36:12.203] Starting turn for Bot39
[14:36:12.203] Bot39 rotated right to face SOUTH
[14:36:12.203] Bot39 executed ROTATE_RIGHT
[14:36:12.203] Bot39 moved forward to (2,2)
[14:36:12.203] Bot39 executed MOVE_FORWARD
[14:36:12.203] Starting turn for Bot26
[14:36:12.203] Bot26 rotated right to face NORTH
[14:36:12.203] Bot26 executed ROTATE_RIGHT
[14:36:12.203] Bot26 moved forward to (7,7)
[14:36:12.203] Bot26 executed MOVE_FORWARD
[14:36:12.203] Starting turn for Bot39
[14:36:12.203] Bot39 rotated left to face EAST
[14:36:12.203] Bot39 executed ROTATE_LEFT
[14:36:12.203] Starting turn for Bot26
[14:36:12.203] Bot26 rotated left to face WEST
[14:36:12.203] Bot26 executed ROTATE_LEFT
[14:36:12.203] Bot26 moved forward to (7,6)
[14:36:12.203] Bot26 executed MOVE_FORWARD
[14:36:12.203] Starting turn for Bot39
[14:36:12.203] Starting turn for Bot26
[14:36:12.203] Bot26 rotated right to face NORTH
[14:36:12.203] Bot26 executed ROTATE_RIGHT
[14:36:12.203] Bot26 moved forward to (6,6)
[14:36:12.203] Bot26 executed MOVE_FORWARD
[14:36:12.203] Starting turn for Bot39
[14:36:12.203] Bot39 rotated left to face NORTH
[14:36:12.203] Bot39 executed ROTATE_LEFT
[14:36:12.203] Bot39 moved forward to (1,2)
[14:36:12.203] Bot39 executed MOVE_FORWARD
[14:36:12.203] Starting turn for Bot26
[14:36:12.203] Bot26 rotated left to face WEST
[14:36:12.203] Bot26 executed ROTATE_LEFT
[14:36:12.203] Bot26 moved forward to (6,5)
[14:36:12.203] Bot26 executed MOVE_FORWARD
[14:36:12.203] Starting turn for Bot39
[14:36:12.203] Bot39 rotated left to face WEST
[14:36:12.203] Bot39 executed ROTATE_LEFT
[14:36:12.203] Bot39 rotated left to face SOUTH
[14:36:12.203] Bot39 executed ROTATE_LEFT
[14:36:12.203] Bot39 moved forward to (2,2)
[14:36:12.203] Bot39 executed MOVE_FORWARD
[14:36:12.203] Starting turn for Bot26
[14:36:12.203] Bot26 rotated right to face NORTH
[14:36:12.203] Bot26 executed ROTATE_RIGHT
[14:36:12.203] Bot26 moved forward to (5,5)
[14:36:12.203] Bot26 executed MOVE_FORWARD
[14:36:12.203] Starting turn for Bot39
[14:36:12.203] Bot39 rotated left to face EAST
[14:36:12.203] Bot39 executed ROTATE_LEFT
[14:36:12.203] Starting turn for Bot26
[14:36:12.203] Starting turn for Bot39
[14:36:12.203] Starting turn for Bot26
[14:36:12.203] Starting turn for Bot39
[14:36:12.203] Bot39 rotated left to face NORTH
[14:36:12.203] Bot39 executed ROTATE_LEFT
[14:36:12.203] Bot39 moved forward to (1,2)
[14:36:12.203] Bot39 executed MOVE_FORWARD
[14:36:12.203] Starting turn for Bot26
[14:36:12.203] Starting turn for Bot39
[14:36:12.203] Bot39 rotated left to face WEST
[14:36:12.203] Bot39 executed ROTATE_LEFT
[14:36:12.203] Bot39 rotated left to face SOUTH
[14:36:12.203] Bot39 executed ROTATE_LEFT
[14:36:12.203] Bot39 moved forward to (2,2)
[14:36:12.204] Bot39 executed MOVE_FORWARD
[14:36:12.204] Starting turn for Bot26
[14:36:12.204] Starting turn for Bot39
[14:36:12.204] Bot39 rotated left to face EAST
[14:36:12.204] Bot39 executed ROTATE_LEFT
[14:36:12.204] Starting turn for Bot26
[14:36:12.204] Starting turn for Bot39
[14:36:12.204] Starting turn for Bot26
[14:36:12.204] Starting turn for Bot39
[14:36:12.204] Bot39 rotated left to face NORTH
[14:36:12.204] Bot39 executed ROTATE_LEFT
[14:36:12.204] Bot39 moved forward to (1,2)
[14:36:12.204] Bot39 executed MOVE_FORWARD
[14:36:12.204] Starting turn for Bot26
[14:36:12.204] Starting turn for Bot39
[14:36:12.204] Bot39 rotated left to face WEST
[14:36:12.204] Bot39 executed ROTATE_LEFT
[14:36:12.204] Bot39 rotated left to face SOUTH
[14:36:12.204] Bot39 executed ROTATE_LEFT
[14:36:12.204] Bot39 moved forward to (2,2)
[14:36:12.204] Bot39 executed MOVE_FORWARD
[14:36:12.204] Starting turn for Bot26
[14:36:12.204] Starting turn for Bot39
[14:36:12.204] Bot39 rotated left to face EAST
[14:36:12.204] Bot39 executed ROTATE_LEFT
[14:36:12.204] Starting turn for Bot26
[14:36:12.204] Starting turn for Bot39
[14:36:12.204] Starting turn for Bot26
[14:36:12.204] Starting turn for Bot39
[14:36:12.204] Bot39 rotated left to face NORTH
[14:36:12.204] Bot39 executed ROTATE_LEFT
[14:36:12.204] Bot39 moved forward to (1,2)
[14:36:12.204] Bot39 executed MOVE_FORWARD
[14:36:12.204] Starting turn for Bot26
[14:36:12.204] Starting turn for Bot39
[14:36:12.204] Bot39 rotated left to face WEST
[14:36:12.204] Bot39 executed ROTATE_LEFT
[14:36:12.204] Bot39 rotated left to face SOUTH
[14:36:12.204] Bot39 executed ROTATE_LEFT
[14:36:12.204] Bot39 moved forward to (2,2)
[14:36:12.204] Bot39 executed MOVE_FORWARD
[14:36:12.204] Starting turn for Bot26
[14:36:12.204] Starting turn for Bot39
[14:36:12.204] Bot39 rotated left to face EAST
[14:36:12.204] Bot39 executed ROTATE_LEFT
[14:36:12.204] Starting turn for Bot26
[14:36:12.204] Stalemate detected: State repeated 10 times, unchanged for 1 turns
[14:36:12.204] Game Over! Stalemate detected!
[14:36:12.204] Stalemate detected: State repeated 10 times, unchanged for 1 turns
