[14:36:15.194] === Game Started at 2025-02-04_14-36-15 ===
[14:36:15.194] Game initialized with 2 players
[14:36:15.194] Board size: 10
[14:36:15.194] Obstacle density: 0.05
[14:36:15.194] Max turns: 1000
[14:36:15.194] Player Bot33 starting at position (0,0) facing NORTH
[14:36:15.194] Player Bot35 starting at position (9,9) facing EAST
[14:36:15.194] Obstacles at positions: (1,7) (2,0) (3,8) (4,5) (9,8)
[14:36:15.194] Starting turn for Bot33
[14:36:15.194] Bot33 rotated right to face EAST
[14:36:15.194] Bot33 executed ROTATE_RIGHT
[14:36:15.194] Bot33 moved forward to (0,1)
[14:36:15.194] Bot33 executed MOVE_FORWARD
[14:36:15.194] Starting turn for Bot35
[14:36:15.194] Bot35 rotated left to face NORTH
[14:36:15.194] Bot35 executed ROTATE_LEFT
[14:36:15.194] Bot35 moved forward to (8,9)
[14:36:15.194] Bot35 executed MOVE_FORWARD
[14:36:15.194] Starting turn for Bot33
[14:36:15.194] Bot33 rotated right to face SOUTH
[14:36:15.194] Bot33 executed ROTATE_RIGHT
[14:36:15.194] Bot33 moved forward to (1,1)
[14:36:15.194] Bot33 executed MOVE_FORWARD
[14:36:15.194] Starting turn for Bot35
[14:36:15.194] Bot35 rotated left to face WEST
[14:36:15.194] Bot35 executed ROTATE_LEFT
[14:36:15.194] Bot35 moved forward to (8,8)
[14:36:15.194] Bot35 executed MOVE_FORWARD
[14:36:15.194] Starting turn for Bot33
[14:36:15.194] Bot33 rotated left to face EAST
[14:36:15.194] Bot33 executed ROTATE_LEFT
[14:36:15.194] Bot33 moved forward to (1,2)
[14:36:15.194] Bot33 executed MOVE_FORWARD
[14:36:15.194] Starting turn for Bot35
[14:36:15.194] Bot35 moved forward to (8,7)
[14:36:15.194] Bot35 executed MOVE_FORWARD
[14:36:15.194] Starting turn for Bot33
[14:36:15.194] Bot33 rotated right to face SOUTH
[14:36:15.194] Bot33 executed ROTATE_RIGHT
[14:36:15.194] Bot33 moved forward to (2,2)
[14:36:15.194] Bot33 executed MOVE_FORWARD
[14:36:15.194] Starting turn for Bot35
[14:36:15.194] Bot35 rotated right to face NORTH
[14:36:15.194] Bot35 executed ROTATE_RIGHT
[14:36:15.194] Bot35 moved forward to (7,7)
[14:36:15.194] Bot35 executed MOVE_FORWARD
[14:36:15.194] Starting turn for Bot33
[14:36:15.194] Bot33 rotated left to face EAST
[14:36:15.194] Bot33 executed ROTATE_LEFT
[14:36:15.194] Bot33 moved forward to (2,3)
[14:36:15.195] Bot33 executed MOVE_FORWARD
[14:36:15.195] Starting turn for Bot35
[14:36:15.195] Bot35 rotated left to face WEST
[14:36:15.195] Bot35 executed ROTATE_LEFT
[14:36:15.195] Bot35 moved forward to (7,6)
[14:36:15.195] Bot35 executed MOVE_FORWARD
[14:36:15.195] Starting turn for Bot33
[14:36:15.195] Bot33 rotated right to face SOUTH
[14:36:15.195] Bot33 executed ROTATE_RIGHT
[14:36:15.195] Bot33 moved forward to (3,3)
[14:36:15.195] Bot33 executed MOVE_FORWARD
[14:36:15.195] Starting turn for Bot35
[14:36:15.195] Bot35 rotated right to face NORTH
[14:36:15.195] Bot35 executed ROTATE_RIGHT
[14:36:15.195] Bot35 moved forward to (6,6)
[14:36:15.195] Bot35 executed MOVE_FORWARD
[14:36:15.195] Starting turn for Bot33
[14:36:15.195] Bot33 rotated left to face EAST
[14:36:15.195] Bot33 executed ROTATE_LEFT
[14:36:15.195] Bot33 moved forward to (3,4)
[14:36:15.195] Bot33 executed MOVE_FORWARD
[14:36:15.195] Starting turn for Bot35
[14:36:15.195] Bot35 rotated left to face WEST
[14:36:15.195] Bot35 executed ROTATE_LEFT
[14:36:15.195] Bot35 moved forward to (6,5)
[14:36:15.195] Bot35 executed MOVE_FORWARD
[14:36:15.195] Starting turn for Bot33
[14:36:15.195] Bot33 rotated right to face SOUTH
[14:36:15.195] Bot33 executed ROTATE_RIGHT
[14:36:15.195] Bot33 moved forward to (4,4)
[14:36:15.195] Bot33 executed MOVE_FORWARD
[14:36:15.195] Starting turn for Bot35
[14:36:15.195] Bot35 rotated right to face NORTH
[14:36:15.195] Bot35 executed ROTATE_RIGHT
[14:36:15.195] Bot35 moved forward to (5,5)
[14:36:15.195] Bot35 executed MOVE_FORWARD
[14:36:15.195] Starting turn for Bot33
[14:36:15.195] Bot33 rotated left to face EAST
[14:36:15.195] Bot33 executed ROTATE_LEFT
[14:36:15.195] Starting turn for Bot35
[14:36:15.195] Starting turn for Bot33
[14:36:15.195] Starting turn for Bot35
[14:36:15.195] Starting turn for Bot33
[14:36:15.195] Bot33 rotated left to face NORTH
[14:36:15.195] Bot33 executed ROTATE_LEFT
[14:36:15.195] Bot33 moved forward to (3,4)
[14:36:15.195] Bot33 executed MOVE_FORWARD
[14:36:15.195] Starting turn for Bot35
[14:36:15.195] Starting turn for Bot33
[14:36:15.195] Bot33 rotated left to face WEST
[14:36:15.195] Bot33 executed ROTATE_LEFT
[14:36:15.195] Bot33 rotated left to face SOUTH
[14:36:15.195] Bot33 executed ROTATE_LEFT
[14:36:15.195] Bot33 moved forward to (4,4)
[14:36:15.195] Bot33 executed MOVE_FORWARD
[14:36:15.195] Starting turn for Bot35
[14:36:15.195] Starting turn for Bot33
[14:36:15.195] Bot33 rotated left to face EAST
[14:36:15.195] Bot33 executed ROTATE_LEFT
[14:36:15.195] Starting turn for Bot35
[14:36:15.195] Starting turn for Bot33
[14:36:15.195] Starting turn for Bot35
[14:36:15.195] Starting turn for Bot33
[14:36:15.195] Bot33 rotated left to face NORTH
[14:36:15.195] Bot33 executed ROTATE_LEFT
[14:36:15.195] Bot33 moved forward to (3,4)
[14:36:15.195] Bot33 executed MOVE_FORWARD
[14:36:15.195] Starting turn for Bot35
[14:36:15.195] Starting turn for Bot33
[14:36:15.195] Bot33 rotated left to face WEST
[14:36:15.195] Bot33 executed ROTATE_LEFT
[14:36:15.195] Bot33 rotated left to face SOUTH
[14:36:15.195] Bot33 executed ROTATE_LEFT
[14:36:15.195] Bot33 moved forward to (4,4)
[14:36:15.195] Bot33 executed MOVE_FORWARD
[14:36:15.195] Starting turn for Bot35
[14:36:15.195] Starting turn for Bot33
[14:36:15.195] Bot33 rotated left to face EAST
[14:36:15.195] Bot33 executed ROTATE_LEFT
[14:36:15.195] Starting turn for Bot35
[14:36:15.195] Starting turn for Bot33
[14:36:15.195] Starting turn for Bot35
[14:36:15.195] Starting turn for Bot33
[14:36:15.195] Bot33 rotated left to face NORTH
[14:36:15.195] Bot33 executed ROTATE_LEFT
[14:36:15.195] Bot33 moved forward to (3,4)
[14:36:15.195] Bot33 executed MOVE_FORWARD
[14:36:15.195] Starting turn for Bot35
[14:36:15.195] Starting turn for Bot33
[14:36:15.195] Bot33 rotated left to face WEST
[14:36:15.195] Bot33 executed ROTATE_LEFT
[14:36:15.195] Bot33 rotated left to face SOUTH
[14:36:15.195] Bot33 executed ROTATE_LEFT
[14:36:15.195] Bot33 moved forward to (4,4)
[14:36:15.195] Bot33 executed MOVE_FORWARD
[14:36:15.195] Starting turn for Bot35
[14:36:15.195] Starting turn for Bot33
[14:36:15.195] Bot33 rotated left to face EAST
[14:36:15.195] Bot33 executed ROTATE_LEFT
[14:36:15.195] Starting turn for Bot35
[14:36:15.195] Stalemate detected: State repeated 10 times, unchanged for 1 turns
[14:36:15.195] Game Over! Stalemate detected!
[14:36:15.195] Stalemate detected: State repeated 10 times, unchanged for 1 turns
