[14:35:59.212] === Game Started at 2025-02-04_14-35-59 ===
[14:35:59.212] Game initialized with 2 players
[14:35:59.212] Board size: 10
[14:35:59.212] Obstacle density: 0.05
[14:35:59.212] Max turns: 1000
[14:35:59.212] Player Bot40 starting at position (0,0) facing NORTH
[14:35:59.212] Player Bot12 starting at position (9,9) facing EAST
[14:35:59.212] Obstacles at positions: (3,7) (4,0) (4,5) (6,9) (9,8)
[14:35:59.212] Starting turn for Bot40
[14:35:59.212] Bot40 rotated right to face EAST
[14:35:59.212] Bot40 executed ROTATE_RIGHT
[14:35:59.212] Bot40 moved forward to (0,1)
[14:35:59.212] Bot40 executed MOVE_FORWARD
[14:35:59.212] Starting turn for Bot12
[14:35:59.212] Bot12 rotated left to face NORTH
[14:35:59.212] Bot12 executed ROTATE_LEFT
[14:35:59.212] Bot12 rotated left to face WEST
[14:35:59.212] Bot12 executed ROTATE_LEFT
[14:35:59.212] Starting turn for Bot40
[14:35:59.212] Bot40 rotated right to face SOUTH
[14:35:59.212] Bot40 executed ROTATE_RIGHT
[14:35:59.213] Bot40 moved forward to (1,1)
[14:35:59.213] Bot40 executed MOVE_FORWARD
[14:35:59.213] Starting turn for Bot12
[14:35:59.213] Starting turn for Bot40
[14:35:59.213] Bot40 rotated left to face EAST
[14:35:59.213] Bot40 executed ROTATE_LEFT
[14:35:59.213] Bot40 moved forward to (1,2)
[14:35:59.213] Bot40 executed MOVE_FORWARD
[14:35:59.213] Starting turn for Bot12
[14:35:59.213] Bot12 rotated right to face NORTH
[14:35:59.213] Bot12 executed ROTATE_RIGHT
[14:35:59.213] Bot12 moved forward to (8,9)
[14:35:59.213] Bot12 executed MOVE_FORWARD
[14:35:59.213] Starting turn for Bot40
[14:35:59.213] Bot40 rotated right to face SOUTH
[14:35:59.213] Bot40 executed ROTATE_RIGHT
[14:35:59.213] Bot40 moved forward to (2,2)
[14:35:59.213] Bot40 executed MOVE_FORWARD
[14:35:59.213] Starting turn for Bot12
[14:35:59.213] Bot12 rotated left to face WEST
[14:35:59.213] Bot12 executed ROTATE_LEFT
[14:35:59.213] Bot12 moved forward to (8,8)
[14:35:59.213] Bot12 executed MOVE_FORWARD
[14:35:59.213] Starting turn for Bot40
[14:35:59.213] Bot40 rotated left to face EAST
[14:35:59.213] Bot40 executed ROTATE_LEFT
[14:35:59.213] Bot40 moved forward to (2,3)
[14:35:59.213] Bot40 executed MOVE_FORWARD
[14:35:59.213] Starting turn for Bot12
[14:35:59.213] Bot12 moved forward to (8,7)
[14:35:59.213] Bot12 executed MOVE_FORWARD
[14:35:59.213] Starting turn for Bot40
[14:35:59.213] Bot40 rotated right to face SOUTH
[14:35:59.213] Bot40 executed ROTATE_RIGHT
[14:35:59.213] Bot40 moved forward to (3,3)
[14:35:59.213] Bot40 executed MOVE_FORWARD
[14:35:59.213] Starting turn for Bot12
[14:35:59.213] Bot12 rotated right to face NORTH
[14:35:59.213] Bot12 executed ROTATE_RIGHT
[14:35:59.213] Bot12 moved forward to (7,7)
[14:35:59.213] Bot12 executed MOVE_FORWARD
[14:35:59.213] Starting turn for Bot40
[14:35:59.213] Bot40 rotated left to face EAST
[14:35:59.213] Bot40 executed ROTATE_LEFT
[14:35:59.213] Bot40 moved forward to (3,4)
[14:35:59.213] Bot40 executed MOVE_FORWARD
[14:35:59.213] Starting turn for Bot12
[14:35:59.213] Bot12 rotated left to face WEST
[14:35:59.213] Bot12 executed ROTATE_LEFT
[14:35:59.213] Bot12 moved forward to (7,6)
[14:35:59.213] Bot12 executed MOVE_FORWARD
[14:35:59.213] Starting turn for Bot40
[14:35:59.213] Bot40 rotated right to face SOUTH
[14:35:59.213] Bot40 executed ROTATE_RIGHT
[14:35:59.213] Bot40 moved forward to (4,4)
[14:35:59.213] Bot40 executed MOVE_FORWARD
[14:35:59.213] Starting turn for Bot12
[14:35:59.213] Bot12 rotated right to face NORTH
[14:35:59.213] Bot12 executed ROTATE_RIGHT
[14:35:59.213] Bot12 moved forward to (6,6)
[14:35:59.213] Bot12 executed MOVE_FORWARD
[14:35:59.213] Starting turn for Bot40
[14:35:59.213] Bot40 rotated left to face EAST
[14:35:59.213] Bot40 executed ROTATE_LEFT
[14:35:59.213] Starting turn for Bot12
[14:35:59.213] Bot12 rotated left to face WEST
[14:35:59.213] Bot12 executed ROTATE_LEFT
[14:35:59.213] Bot12 moved forward to (6,5)
[14:35:59.213] Bot12 executed MOVE_FORWARD
[14:35:59.213] Starting turn for Bot40
[14:35:59.213] Starting turn for Bot12
[14:35:59.213] Bot12 rotated right to face NORTH
[14:35:59.213] Bot12 executed ROTATE_RIGHT
[14:35:59.213] Bot12 moved forward to (5,5)
[14:35:59.213] Bot12 executed MOVE_FORWARD
[14:35:59.213] Starting turn for Bot40
[14:35:59.213] Bot40 rotated left to face NORTH
[14:35:59.213] Bot40 executed ROTATE_LEFT
[14:35:59.213] Bot40 moved forward to (3,4)
[14:35:59.213] Bot40 executed MOVE_FORWARD
[14:35:59.213] Starting turn for Bot12
[14:35:59.213] Starting turn for Bot40
[14:35:59.213] Bot40 rotated left to face WEST
[14:35:59.213] Bot40 executed ROTATE_LEFT
[14:35:59.213] Bot40 rotated left to face SOUTH
[14:35:59.213] Bot40 executed ROTATE_LEFT
[14:35:59.213] Bot40 moved forward to (4,4)
[14:35:59.213] Bot40 executed MOVE_FORWARD
[14:35:59.213] Starting turn for Bot12
[14:35:59.213] Starting turn for Bot40
[14:35:59.213] Bot40 rotated left to face EAST
[14:35:59.213] Bot40 executed ROTATE_LEFT
[14:35:59.213] Starting turn for Bot12
[14:35:59.213] Starting turn for Bot40
[14:35:59.213] Starting turn for Bot12
[14:35:59.213] Starting turn for Bot40
[14:35:59.213] Bot40 rotated left to face NORTH
[14:35:59.213] Bot40 executed ROTATE_LEFT
[14:35:59.213] Bot40 moved forward to (3,4)
[14:35:59.213] Bot40 executed MOVE_FORWARD
[14:35:59.213] Starting turn for Bot12
[14:35:59.213] Starting turn for Bot40
[14:35:59.213] Bot40 rotated left to face WEST
[14:35:59.213] Bot40 executed ROTATE_LEFT
[14:35:59.213] Bot40 rotated left to face SOUTH
[14:35:59.213] Bot40 executed ROTATE_LEFT
[14:35:59.213] Bot40 moved forward to (4,4)
[14:35:59.213] Bot40 executed MOVE_FORWARD
[14:35:59.213] Starting turn for Bot12
[14:35:59.213] Starting turn for Bot40
[14:35:59.213] Bot40 rotated left to face EAST
[14:35:59.213] Bot40 executed ROTATE_LEFT
[14:35:59.213] Starting turn for Bot12
[14:35:59.213] Starting turn for Bot40
[14:35:59.213] Starting turn for Bot12
[14:35:59.213] Starting turn for Bot40
[14:35:59.213] Bot40 rotated left to face NORTH
[14:35:59.213] Bot40 executed ROTATE_LEFT
[14:35:59.213] Bot40 moved forward to (3,4)
[14:35:59.213] Bot40 executed MOVE_FORWARD
[14:35:59.213] Starting turn for Bot12
[14:35:59.213] Starting turn for Bot40
[14:35:59.213] Bot40 rotated left to face WEST
[14:35:59.213] Bot40 executed ROTATE_LEFT
[14:35:59.213] Bot40 rotated left to face SOUTH
[14:35:59.213] Bot40 executed ROTATE_LEFT
[14:35:59.213] Bot40 moved forward to (4,4)
[14:35:59.213] Bot40 executed MOVE_FORWARD
[14:35:59.213] Starting turn for Bot12
[14:35:59.213] Starting turn for Bot40
[14:35:59.213] Bot40 rotated left to face EAST
[14:35:59.213] Bot40 executed ROTATE_LEFT
[14:35:59.213] Starting turn for Bot12
[14:35:59.213] Stalemate detected: State repeated 10 times, unchanged for 1 turns
[14:35:59.213] Game Over! Stalemate detected!
[14:35:59.213] Stalemate detected: State repeated 10 times, unchanged for 1 turns
