[14:35:59.384] === Game Started at 2025-02-04_14-35-59 ===
[14:35:59.384] Game initialized with 2 players
[14:35:59.384] Board size: 10
[14:35:59.384] Obstacle density: 0.05
[14:35:59.384] Max turns: 1000
[14:35:59.384] Player Bot17 starting at position (0,0) facing SOUTH
[14:35:59.384] Player Bot13 starting at position (9,9) facing EAST
[14:35:59.384] Obstacles at positions: (0,7) (3,9) (5,4) (5,6) (5,9)
[14:35:59.384] Starting turn for Bot17
[14:35:59.384] Bot17 rotated left to face EAST
[14:35:59.384] Bot17 executed ROTATE_LEFT
[14:35:59.384] Bot17 moved forward to (0,1)
[14:35:59.384] Bot17 executed MOVE_FORWARD
[14:35:59.384] Starting turn for Bot13
[14:35:59.384] Bot13 rotated left to face NORTH
[14:35:59.384] Bot13 executed ROTATE_LEFT
[14:35:59.384] Bot13 rotated left to face WEST
[14:35:59.384] Bot13 executed ROTATE_LEFT
[14:35:59.384] Bot13 moved forward to (9,8)
[14:35:59.384] Bot13 executed MOVE_FORWARD
[14:35:59.384] Starting turn for Bot17
[14:35:59.384] Bot17 rotated right to face SOUTH
[14:35:59.384] Bot17 executed ROTATE_RIGHT
[14:35:59.384] Bot17 moved forward to (1,1)
[14:35:59.384] Bot17 executed MOVE_FORWARD
[14:35:59.384] Starting turn for Bot13
[14:35:59.384] Bot13 rotated right to face NORTH
[14:35:59.384] Bot13 executed ROTATE_RIGHT
[14:35:59.384] Bot13 moved forward to (8,8)
[14:35:59.384] Bot13 executed MOVE_FORWARD
[14:35:59.384] Starting turn for Bot17
[14:35:59.384] Bot17 rotated left to face EAST
[14:35:59.384] Bot17 executed ROTATE_LEFT
[14:35:59.384] Bot17 moved forward to (1,2)
[14:35:59.384] Bot17 executed MOVE_FORWARD
[14:35:59.384] Starting turn for Bot13
[14:35:59.384] Bot13 rotated left to face WEST
[14:35:59.384] Bot13 executed ROTATE_LEFT
[14:35:59.384] Bot13 moved forward to (8,7)
[14:35:59.384] Bot13 executed MOVE_FORWARD
[14:35:59.384] Starting turn for Bot17
[14:35:59.384] Bot17 rotated right to face SOUTH
[14:35:59.384] Bot17 executed ROTATE_RIGHT
[14:35:59.384] Bot17 moved forward to (2,2)
[14:35:59.384] Bot17 executed MOVE_FORWARD
[14:35:59.384] Starting turn for Bot13
[14:35:59.384] Bot13 rotated right to face NORTH
[14:35:59.384] Bot13 executed ROTATE_RIGHT
[14:35:59.384] Bot13 moved forward to (7,7)
[14:35:59.384] Bot13 executed MOVE_FORWARD
[14:35:59.384] Starting turn for Bot17
[14:35:59.384] Bot17 rotated left to face EAST
[14:35:59.384] Bot17 executed ROTATE_LEFT
[14:35:59.384] Bot17 moved forward to (2,3)
[14:35:59.384] Bot17 executed MOVE_FORWARD
[14:35:59.384] Starting turn for Bot13
[14:35:59.384] Bot13 rotated left to face WEST
[14:35:59.384] Bot13 executed ROTATE_LEFT
[14:35:59.384] Bot13 moved forward to (7,6)
[14:35:59.384] Bot13 executed MOVE_FORWARD
[14:35:59.384] Starting turn for Bot17
[14:35:59.384] Bot17 rotated right to face SOUTH
[14:35:59.384] Bot17 executed ROTATE_RIGHT
[14:35:59.384] Bot17 moved forward to (3,3)
[14:35:59.384] Bot17 executed MOVE_FORWARD
[14:35:59.384] Starting turn for Bot13
[14:35:59.384] Bot13 rotated right to face NORTH
[14:35:59.384] Bot13 executed ROTATE_RIGHT
[14:35:59.384] Bot13 moved forward to (6,6)
[14:35:59.384] Bot13 executed MOVE_FORWARD
[14:35:59.384] Starting turn for Bot17
[14:35:59.384] Bot17 rotated left to face EAST
[14:35:59.384] Bot17 executed ROTATE_LEFT
[14:35:59.384] Bot17 moved forward to (3,4)
[14:35:59.384] Bot17 executed MOVE_FORWARD
[14:35:59.384] Starting turn for Bot13
[14:35:59.384] Bot13 rotated left to face WEST
[14:35:59.384] Bot13 executed ROTATE_LEFT
[14:35:59.384] Bot13 moved forward to (6,5)
[14:35:59.384] Bot13 executed MOVE_FORWARD
[14:35:59.384] Starting turn for Bot17
[14:35:59.384] Bot17 rotated right to face SOUTH
[14:35:59.384] Bot17 executed ROTATE_RIGHT
[14:35:59.384] Bot17 moved forward to (4,4)
[14:35:59.384] Bot17 executed MOVE_FORWARD
[14:35:59.384] Starting turn for Bot13
[14:35:59.384] Bot13 rotated right to face NORTH
[14:35:59.384] Bot13 executed ROTATE_RIGHT
[14:35:59.384] Bot13 moved forward to (5,5)
[14:35:59.384] Bot13 executed MOVE_FORWARD
[14:35:59.384] Starting turn for Bot17
[14:35:59.384] Bot17 rotated left to face EAST
[14:35:59.384] Bot17 executed ROTATE_LEFT
[14:35:59.384] Bot17 moved forward to (4,5)
[14:35:59.384] Bot17 executed MOVE_FORWARD
[14:35:59.384] Starting turn for Bot13
[14:35:59.384] Bot13 shooting in direction NORTH
[14:35:59.384] Bot13 hit Bot17 for 25 damage (health: 100 -> 75)
[14:35:59.384] Bot13 executed SHOOT
[14:35:59.384] Starting turn for Bot17
[14:35:59.384] Bot17 rotated right to face SOUTH
[14:35:59.384] Bot17 executed ROTATE_RIGHT
[14:35:59.384] Starting turn for Bot13
[14:35:59.384] Bot13 shooting in direction NORTH
[14:35:59.384] Bot13 hit Bot17 for 25 damage (health: 75 -> 50)
[14:35:59.384] Bot13 executed SHOOT
[14:35:59.384] Starting turn for Bot17
[14:35:59.384] Bot17 shooting in direction SOUTH
[14:35:59.384] Bot17 hit Bot13 for 25 damage (health: 100 -> 75)
[14:35:59.384] Bot17 executed SHOOT
[14:35:59.384] Starting turn for Bot13
[14:35:59.384] Bot13 shooting in direction NORTH
[14:35:59.384] Bot13 hit Bot17 for 25 damage (health: 50 -> 25)
[14:35:59.384] Bot13 executed SHOOT
[14:35:59.384] Starting turn for Bot17
[14:35:59.384] Bot17 shooting in direction SOUTH
[14:35:59.384] Bot17 hit Bot13 for 25 damage (health: 75 -> 50)
[14:35:59.384] Bot17 executed SHOOT
[14:35:59.384] Starting turn for Bot13
[14:35:59.384] Bot13 shooting in direction NORTH
[14:35:59.384] Bot13 hit Bot17 for 25 damage (health: 25 -> 0)
[14:35:59.384] Bot17 was destroyed!
[14:35:59.384] Bot13 is the last tank standing!
[14:35:59.384] Bot13 executed SHOOT
[14:35:59.384] Game Over! Bot13 wins!
[14:35:59.384] === Game Ended ===
