[14:35:44.437] === Game Started at 2025-02-04_14-35-44 ===
[14:35:44.437] Game initialized with 2 players
[14:35:44.437] Board size: 10
[14:35:44.437] Obstacle density: 0.05
[14:35:44.437] Max turns: 1000
[14:35:44.437] Player Bot3 starting at position (0,0) facing WEST
[14:35:44.437] Player Bot30 starting at position (9,9) facing SOUTH
[14:35:44.437] Obstacles at positions: (3,9) (5,3) (6,1) (7,3) (7,7)
[14:35:44.437] Starting turn for Bot3
[14:35:44.437] Bot3 rotated left to face SOUTH
[14:35:44.437] Bot3 executed ROTATE_LEFT
[14:35:44.437] Bot3 rotated left to face EAST
[14:35:44.437] Bot3 executed ROTATE_LEFT
[14:35:44.437] Bot3 moved forward to (0,1)
[14:35:44.437] Bot3 executed MOVE_FORWARD
[14:35:44.437] Starting turn for Bot30
[14:35:44.437] Bot30 rotated right to face WEST
[14:35:44.437] Bot30 executed ROTATE_RIGHT
[14:35:44.437] Bot30 moved forward to (9,8)
[14:35:44.437] Bot30 executed MOVE_FORWARD
[14:35:44.437] Starting turn for Bot3
[14:35:44.437] Bot3 rotated right to face SOUTH
[14:35:44.437] Bot3 executed ROTATE_RIGHT
[14:35:44.437] Bot3 moved forward to (1,1)
[14:35:44.437] Bot3 executed MOVE_FORWARD
[14:35:44.437] Starting turn for Bot30
[14:35:44.437] Bot30 rotated right to face NORTH
[14:35:44.437] Bot30 executed ROTATE_RIGHT
[14:35:44.437] Bot30 moved forward to (8,8)
[14:35:44.437] Bot30 executed MOVE_FORWARD
[14:35:44.437] Starting turn for Bot3
[14:35:44.437] Bot3 rotated left to face EAST
[14:35:44.437] Bot3 executed ROTATE_LEFT
[14:35:44.437] Bot3 moved forward to (1,2)
[14:35:44.437] Bot3 executed MOVE_FORWARD
[14:35:44.437] Starting turn for Bot30
[14:35:44.437] Bot30 rotated left to face WEST
[14:35:44.437] Bot30 executed ROTATE_LEFT
[14:35:44.437] Bot30 moved forward to (8,7)
[14:35:44.437] Bot30 executed MOVE_FORWARD
[14:35:44.437] Starting turn for Bot3
[14:35:44.437] Bot3 rotated right to face SOUTH
[14:35:44.437] Bot3 executed ROTATE_RIGHT
[14:35:44.437] Bot3 moved forward to (2,2)
[14:35:44.437] Bot3 executed MOVE_FORWARD
[14:35:44.437] Starting turn for Bot30
[14:35:44.437] Bot30 rotated right to face NORTH
[14:35:44.437] Bot30 executed ROTATE_RIGHT
[14:35:44.437] Starting turn for Bot3
[14:35:44.437] Bot3 rotated left to face EAST
[14:35:44.437] Bot3 executed ROTATE_LEFT
[14:35:44.437] Bot3 moved forward to (2,3)
[14:35:44.437] Bot3 executed MOVE_FORWARD
[14:35:44.437] Starting turn for Bot30
[14:35:44.437] Starting turn for Bot3
[14:35:44.437] Bot3 rotated right to face SOUTH
[14:35:44.437] Bot3 executed ROTATE_RIGHT
[14:35:44.437] Bot3 moved forward to (3,3)
[14:35:44.437] Bot3 executed MOVE_FORWARD
[14:35:44.437] Starting turn for Bot30
[14:35:44.437] Bot30 rotated right to face EAST
[14:35:44.437] Bot30 executed ROTATE_RIGHT
[14:35:44.437] Bot30 moved forward to (8,8)
[14:35:44.437] Bot30 executed MOVE_FORWARD
[14:35:44.437] Starting turn for Bot3
[14:35:44.437] Bot3 rotated left to face EAST
[14:35:44.437] Bot3 executed ROTATE_LEFT
[14:35:44.437] Bot3 moved forward to (3,4)
[14:35:44.437] Bot3 executed MOVE_FORWARD
[14:35:44.437] Starting turn for Bot30
[14:35:44.437] Bot30 rotated left to face NORTH
[14:35:44.437] Bot30 executed ROTATE_LEFT
[14:35:44.437] Bot30 rotated left to face WEST
[14:35:44.437] Bot30 executed ROTATE_LEFT
[14:35:44.437] Bot30 moved forward to (8,7)
[14:35:44.437] Bot30 executed MOVE_FORWARD
[14:35:44.437] Starting turn for Bot3
[14:35:44.437] Bot3 rotated right to face SOUTH
[14:35:44.437] Bot3 executed ROTATE_RIGHT
[14:35:44.437] Bot3 moved forward to (4,4)
[14:35:44.437] Bot3 executed MOVE_FORWARD
[14:35:44.437] Starting turn for Bot30
[14:35:44.437] Bot30 rotated right to face NORTH
[14:35:44.437] Bot30 executed ROTATE_RIGHT
[14:35:44.437] Starting turn for Bot3
[14:35:44.437] Bot3 rotated left to face EAST
[14:35:44.437] Bot3 executed ROTATE_LEFT
[14:35:44.437] Bot3 moved forward to (4,5)
[14:35:44.437] Bot3 executed MOVE_FORWARD
[14:35:44.437] Starting turn for Bot30
[14:35:44.437] Starting turn for Bot3
[14:35:44.437] Bot3 rotated right to face SOUTH
[14:35:44.437] Bot3 executed ROTATE_RIGHT
[14:35:44.437] Bot3 moved forward to (5,5)
[14:35:44.437] Bot3 executed MOVE_FORWARD
[14:35:44.437] Starting turn for Bot30
[14:35:44.437] Bot30 rotated right to face EAST
[14:35:44.437] Bot30 executed ROTATE_RIGHT
[14:35:44.437] Bot30 moved forward to (8,8)
[14:35:44.437] Bot30 executed MOVE_FORWARD
[14:35:44.437] Starting turn for Bot3
[14:35:44.437] Starting turn for Bot30
[14:35:44.437] Bot30 rotated left to face NORTH
[14:35:44.437] Bot30 executed ROTATE_LEFT
[14:35:44.438] Bot30 rotated left to face WEST
[14:35:44.438] Bot30 executed ROTATE_LEFT
[14:35:44.438] Bot30 moved forward to (8,7)
[14:35:44.438] Bot30 executed MOVE_FORWARD
[14:35:44.438] Starting turn for Bot3
[14:35:44.438] Starting turn for Bot30
[14:35:44.438] Bot30 rotated right to face NORTH
[14:35:44.438] Bot30 executed ROTATE_RIGHT
[14:35:44.438] Starting turn for Bot3
[14:35:44.438] Starting turn for Bot30
[14:35:44.438] Starting turn for Bot3
[14:35:44.438] Starting turn for Bot30
[14:35:44.438] Bot30 rotated right to face EAST
[14:35:44.438] Bot30 executed ROTATE_RIGHT
[14:35:44.438] Bot30 moved forward to (8,8)
[14:35:44.438] Bot30 executed MOVE_FORWARD
[14:35:44.438] Starting turn for Bot3
[14:35:44.438] Starting turn for Bot30
[14:35:44.438] Bot30 rotated left to face NORTH
[14:35:44.438] Bot30 executed ROTATE_LEFT
[14:35:44.438] Bot30 rotated left to face WEST
[14:35:44.438] Bot30 executed ROTATE_LEFT
[14:35:44.438] Bot30 moved forward to (8,7)
[14:35:44.438] Bot30 executed MOVE_FORWARD
[14:35:44.438] Starting turn for Bot3
[14:35:44.438] Starting turn for Bot30
[14:35:44.438] Bot30 rotated right to face NORTH
[14:35:44.438] Bot30 executed ROTATE_RIGHT
[14:35:44.438] Starting turn for Bot3
[14:35:44.438] Starting turn for Bot30
[14:35:44.438] Starting turn for Bot3
[14:35:44.438] Starting turn for Bot30
[14:35:44.438] Bot30 rotated right to face EAST
[14:35:44.438] Bot30 executed ROTATE_RIGHT
[14:35:44.438] Bot30 moved forward to (8,8)
[14:35:44.438] Bot30 executed MOVE_FORWARD
[14:35:44.438] Starting turn for Bot3
[14:35:44.438] Starting turn for Bot30
[14:35:44.438] Bot30 rotated left to face NORTH
[14:35:44.438] Bot30 executed ROTATE_LEFT
[14:35:44.438] Bot30 rotated left to face WEST
[14:35:44.438] Bot30 executed ROTATE_LEFT
[14:35:44.438] Bot30 moved forward to (8,7)
[14:35:44.438] Bot30 executed MOVE_FORWARD
[14:35:44.438] Starting turn for Bot3
[14:35:44.438] Starting turn for Bot30
[14:35:44.438] Bot30 rotated right to face NORTH
[14:35:44.438] Bot30 executed ROTATE_RIGHT
[14:35:44.438] Starting turn for Bot3
[14:35:44.438] Stalemate detected: State repeated 10 times, unchanged for 1 turns
[14:35:44.438] Game Over! Stalemate detected!
[14:35:44.438] Stalemate detected: State repeated 10 times, unchanged for 1 turns
