[14:36:12.311] === Game Started at 2025-02-04_14-36-12 ===
[14:36:12.312] Game initialized with 2 players
[14:36:12.312] Board size: 10
[14:36:12.312] Obstacle density: 0.05
[14:36:12.312] Max turns: 1000
[14:36:12.312] Player Bot27 starting at position (0,0) facing WEST
[14:36:12.312] Player Bot28 starting at position (9,9) facing NORTH
[14:36:12.312] Obstacles at positions: (2,5) (3,3) (3,4) (6,6) (7,1)
[14:36:12.312] Starting turn for Bot27
[14:36:12.312] Bot27 rotated left to face SOUTH
[14:36:12.312] Bot27 executed ROTATE_LEFT
[14:36:12.312] Bot27 rotated left to face EAST
[14:36:12.312] Bot27 executed ROTATE_LEFT
[14:36:12.312] Bot27 moved forward to (0,1)
[14:36:12.312] Bot27 executed MOVE_FORWARD
[14:36:12.312] Starting turn for Bot28
[14:36:12.312] Bot28 rotated left to face WEST
[14:36:12.312] Bot28 executed ROTATE_LEFT
[14:36:12.312] Bot28 moved forward to (9,8)
[14:36:12.312] Bot28 executed MOVE_FORWARD
[14:36:12.312] Starting turn for Bot27
[14:36:12.312] Bot27 rotated right to face SOUTH
[14:36:12.312] Bot27 executed ROTATE_RIGHT
[14:36:12.312] Bot27 moved forward to (1,1)
[14:36:12.312] Bot27 executed MOVE_FORWARD
[14:36:12.312] Starting turn for Bot28
[14:36:12.312] Bot28 rotated right to face NORTH
[14:36:12.312] Bot28 executed ROTATE_RIGHT
[14:36:12.312] Bot28 moved forward to (8,8)
[14:36:12.312] Bot28 executed MOVE_FORWARD
[14:36:12.312] Starting turn for Bot27
[14:36:12.312] Bot27 rotated left to face EAST
[14:36:12.312] Bot27 executed ROTATE_LEFT
[14:36:12.312] Bot27 moved forward to (1,2)
[14:36:12.312] Bot27 executed MOVE_FORWARD
[14:36:12.312] Starting turn for Bot28
[14:36:12.312] Bot28 rotated left to face WEST
[14:36:12.312] Bot28 executed ROTATE_LEFT
[14:36:12.312] Bot28 moved forward to (8,7)
[14:36:12.312] Bot28 executed MOVE_FORWARD
[14:36:12.312] Starting turn for Bot27
[14:36:12.312] Bot27 rotated right to face SOUTH
[14:36:12.312] Bot27 executed ROTATE_RIGHT
[14:36:12.312] Bot27 moved forward to (2,2)
[14:36:12.312] Bot27 executed MOVE_FORWARD
[14:36:12.312] Starting turn for Bot28
[14:36:12.312] Bot28 rotated right to face NORTH
[14:36:12.312] Bot28 executed ROTATE_RIGHT
[14:36:12.312] Bot28 moved forward to (7,7)
[14:36:12.312] Bot28 executed MOVE_FORWARD
[14:36:12.312] Starting turn for Bot27
[14:36:12.312] Bot27 rotated left to face EAST
[14:36:12.312] Bot27 executed ROTATE_LEFT
[14:36:12.312] Bot27 moved forward to (2,3)
[14:36:12.312] Bot27 executed MOVE_FORWARD
[14:36:12.312] Starting turn for Bot28
[14:36:12.312] Bot28 rotated left to face WEST
[14:36:12.312] Bot28 executed ROTATE_LEFT
[14:36:12.312] Bot28 moved forward to (7,6)
[14:36:12.312] Bot28 executed MOVE_FORWARD
[14:36:12.312] Starting turn for Bot27
[14:36:12.312] Bot27 rotated right to face SOUTH
[14:36:12.312] Bot27 executed ROTATE_RIGHT
[14:36:12.312] Starting turn for Bot28
[14:36:12.312] Bot28 rotated right to face NORTH
[14:36:12.312] Bot28 executed ROTATE_RIGHT
[14:36:12.312] Starting turn for Bot27
[14:36:12.312] Starting turn for Bot28
[14:36:12.312] Starting turn for Bot27
[14:36:12.312] Bot27 rotated left to face EAST
[14:36:12.312] Bot27 executed ROTATE_LEFT
[14:36:12.312] Bot27 rotated left to face NORTH
[14:36:12.312] Bot27 executed ROTATE_LEFT
[14:36:12.312] Bot27 moved forward to (1,3)
[14:36:12.312] Bot27 executed MOVE_FORWARD
[14:36:12.312] Starting turn for Bot28
[14:36:12.312] Bot28 rotated right to face EAST
[14:36:12.312] Bot28 executed ROTATE_RIGHT
[14:36:12.312] Bot28 moved forward to (7,7)
[14:36:12.312] Bot28 executed MOVE_FORWARD
[14:36:12.312] Starting turn for Bot27
[14:36:12.312] Bot27 rotated left to face WEST
[14:36:12.312] Bot27 executed ROTATE_LEFT
[14:36:12.312] Bot27 rotated left to face SOUTH
[14:36:12.312] Bot27 executed ROTATE_LEFT
[14:36:12.312] Bot27 moved forward to (2,3)
[14:36:12.312] Bot27 executed MOVE_FORWARD
[14:36:12.312] Starting turn for Bot28
[14:36:12.312] Bot28 rotated left to face NORTH
[14:36:12.312] Bot28 executed ROTATE_LEFT
[14:36:12.312] Bot28 rotated left to face WEST
[14:36:12.312] Bot28 executed ROTATE_LEFT
[14:36:12.312] Bot28 moved forward to (7,6)
[14:36:12.312] Bot28 executed MOVE_FORWARD
[14:36:12.312] Starting turn for Bot27
[14:36:12.312] Starting turn for Bot28
[14:36:12.312] Bot28 rotated right to face NORTH
[14:36:12.312] Bot28 executed ROTATE_RIGHT
[14:36:12.312] Starting turn for Bot27
[14:36:12.312] Starting turn for Bot28
[14:36:12.312] Starting turn for Bot27
[14:36:12.312] Bot27 rotated left to face EAST
[14:36:12.312] Bot27 executed ROTATE_LEFT
[14:36:12.312] Bot27 rotated left to face NORTH
[14:36:12.312] Bot27 executed ROTATE_LEFT
[14:36:12.312] Bot27 moved forward to (1,3)
[14:36:12.312] Bot27 executed MOVE_FORWARD
[14:36:12.312] Starting turn for Bot28
[14:36:12.312] Bot28 rotated right to face EAST
[14:36:12.312] Bot28 executed ROTATE_RIGHT
[14:36:12.312] Bot28 moved forward to (7,7)
[14:36:12.312] Bot28 executed MOVE_FORWARD
[14:36:12.312] Starting turn for Bot27
[14:36:12.312] Bot27 rotated left to face WEST
[14:36:12.312] Bot27 executed ROTATE_LEFT
[14:36:12.312] Bot27 rotated left to face SOUTH
[14:36:12.312] Bot27 executed ROTATE_LEFT
[14:36:12.312] Bot27 moved forward to (2,3)
[14:36:12.312] Bot27 executed MOVE_FORWARD
[14:36:12.312] Starting turn for Bot28
[14:36:12.312] Bot28 rotated left to face NORTH
[14:36:12.312] Bot28 executed ROTATE_LEFT
[14:36:12.312] Bot28 rotated left to face WEST
[14:36:12.312] Bot28 executed ROTATE_LEFT
[14:36:12.312] Bot28 moved forward to (7,6)
[14:36:12.312] Bot28 executed MOVE_FORWARD
[14:36:12.312] Starting turn for Bot27
[14:36:12.312] Starting turn for Bot28
[14:36:12.312] Bot28 rotated right to face NORTH
[14:36:12.312] Bot28 executed ROTATE_RIGHT
[14:36:12.312] Starting turn for Bot27
[14:36:12.312] Starting turn for Bot28
[14:36:12.312] Starting turn for Bot27
[14:36:12.312] Bot27 rotated left to face EAST
[14:36:12.312] Bot27 executed ROTATE_LEFT
[14:36:12.312] Bot27 rotated left to face NORTH
[14:36:12.312] Bot27 executed ROTATE_LEFT
[14:36:12.312] Bot27 moved forward to (1,3)
[14:36:12.312] Bot27 executed MOVE_FORWARD
[14:36:12.312] Starting turn for Bot28
[14:36:12.312] Bot28 rotated right to face EAST
[14:36:12.312] Bot28 executed ROTATE_RIGHT
[14:36:12.312] Bot28 moved forward to (7,7)
[14:36:12.312] Bot28 executed MOVE_FORWARD
[14:36:12.312] Starting turn for Bot27
[14:36:12.312] Bot27 rotated left to face WEST
[14:36:12.312] Bot27 executed ROTATE_LEFT
[14:36:12.312] Bot27 rotated left to face SOUTH
[14:36:12.312] Bot27 executed ROTATE_LEFT
[14:36:12.312] Bot27 moved forward to (2,3)
[14:36:12.312] Bot27 executed MOVE_FORWARD
[14:36:12.312] Starting turn for Bot28
[14:36:12.312] Bot28 rotated left to face NORTH
[14:36:12.312] Bot28 executed ROTATE_LEFT
[14:36:12.312] Bot28 rotated left to face WEST
[14:36:12.312] Bot28 executed ROTATE_LEFT
[14:36:12.312] Bot28 moved forward to (7,6)
[14:36:12.312] Bot28 executed MOVE_FORWARD
[14:36:12.312] Starting turn for Bot27
[14:36:12.312] Starting turn for Bot28
[14:36:12.312] Bot28 rotated right to face NORTH
[14:36:12.312] Bot28 executed ROTATE_RIGHT
[14:36:12.312] Starting turn for Bot27
[14:36:12.312] Starting turn for Bot28
[14:36:12.312] Starting turn for Bot27
[14:36:12.312] Bot27 rotated left to face EAST
[14:36:12.312] Bot27 executed ROTATE_LEFT
[14:36:12.312] Bot27 rotated left to face NORTH
[14:36:12.312] Bot27 executed ROTATE_LEFT
[14:36:12.312] Bot27 moved forward to (1,3)
[14:36:12.312] Bot27 executed MOVE_FORWARD
[14:36:12.312] Starting turn for Bot28
[14:36:12.312] Bot28 rotated right to face EAST
[14:36:12.312] Bot28 executed ROTATE_RIGHT
[14:36:12.312] Bot28 moved forward to (7,7)
[14:36:12.312] Bot28 executed MOVE_FORWARD
[14:36:12.312] Starting turn for Bot27
[14:36:12.312] Bot27 rotated left to face WEST
[14:36:12.312] Bot27 executed ROTATE_LEFT
[14:36:12.312] Bot27 rotated left to face SOUTH
[14:36:12.312] Bot27 executed ROTATE_LEFT
[14:36:12.312] Bot27 moved forward to (2,3)
[14:36:12.312] Bot27 executed MOVE_FORWARD
[14:36:12.312] Starting turn for Bot28
[14:36:12.312] Bot28 rotated left to face NORTH
[14:36:12.312] Bot28 executed ROTATE_LEFT
[14:36:12.312] Bot28 rotated left to face WEST
[14:36:12.312] Bot28 executed ROTATE_LEFT
[14:36:12.312] Bot28 moved forward to (7,6)
[14:36:12.312] Bot28 executed MOVE_FORWARD
[14:36:12.312] Starting turn for Bot27
[14:36:12.312] Starting turn for Bot28
[14:36:12.312] Bot28 rotated right to face NORTH
[14:36:12.312] Bot28 executed ROTATE_RIGHT
[14:36:12.312] Starting turn for Bot27
[14:36:12.312] Stalemate detected: State repeated 10 times, unchanged for 3 turns
[14:36:12.312] Game Over! Stalemate detected!
[14:36:12.312] Stalemate detected: State repeated 10 times, unchanged for 3 turns
