[14:35:43.300] === Game Started at 2025-02-04_14-35-43 ===
[14:35:43.301] Game initialized with 2 players
[14:35:43.301] Board size: 10
[14:35:43.301] Obstacle density: 0.05
[14:35:43.301] Max turns: 1000
[14:35:43.301] Player Bot8 starting at position (0,0) facing EAST
[14:35:43.301] Player Bot3 starting at position (9,9) facing WEST
[14:35:43.301] Obstacles at positions: (2,2) (4,8) (5,2) (7,7) (8,4)
[14:35:43.301] Starting turn for Bot8
[14:35:43.301] Bot8 moved forward to (0,1)
[14:35:43.301] Bot8 executed MOVE_FORWARD
[14:35:43.301] Starting turn for Bot3
[14:35:43.301] Bot3 moved forward to (9,8)
[14:35:43.301] Bot3 executed MOVE_FORWARD
[14:35:43.301] Starting turn for Bot8
[14:35:43.301] Bot8 rotated right to face SOUTH
[14:35:43.301] Bot8 executed ROTATE_RIGHT
[14:35:43.301] Bot8 moved forward to (1,1)
[14:35:43.301] Bot8 executed MOVE_FORWARD
[14:35:43.301] Starting turn for Bot3
[14:35:43.301] Bot3 rotated right to face NORTH
[14:35:43.301] Bot3 executed ROTATE_RIGHT
[14:35:43.301] Bot3 moved forward to (8,8)
[14:35:43.301] Bot3 executed MOVE_FORWARD
[14:35:43.301] Starting turn for Bot8
[14:35:43.301] Bot8 rotated left to face EAST
[14:35:43.301] Bot8 executed ROTATE_LEFT
[14:35:43.301] Bot8 moved forward to (1,2)
[14:35:43.301] Bot8 executed MOVE_FORWARD
[14:35:43.301] Starting turn for Bot3
[14:35:43.301] Bot3 rotated left to face WEST
[14:35:43.301] Bot3 executed ROTATE_LEFT
[14:35:43.301] Bot3 moved forward to (8,7)
[14:35:43.301] Bot3 executed MOVE_FORWARD
[14:35:43.301] Starting turn for Bot8
[14:35:43.301] Bot8 rotated right to face SOUTH
[14:35:43.301] Bot8 executed ROTATE_RIGHT
[14:35:43.301] Starting turn for Bot3
[14:35:43.301] Bot3 rotated right to face NORTH
[14:35:43.301] Bot3 executed ROTATE_RIGHT
[14:35:43.301] Starting turn for Bot8
[14:35:43.301] Starting turn for Bot3
[14:35:43.301] Starting turn for Bot8
[14:35:43.301] Bot8 rotated left to face EAST
[14:35:43.301] Bot8 executed ROTATE_LEFT
[14:35:43.301] Bot8 rotated left to face NORTH
[14:35:43.301] Bot8 executed ROTATE_LEFT
[14:35:43.301] Bot8 moved forward to (0,2)
[14:35:43.301] Bot8 executed MOVE_FORWARD
[14:35:43.301] Starting turn for Bot3
[14:35:43.301] Bot3 rotated right to face EAST
[14:35:43.301] Bot3 executed ROTATE_RIGHT
[14:35:43.301] Bot3 moved forward to (8,8)
[14:35:43.301] Bot3 executed MOVE_FORWARD
[14:35:43.301] Starting turn for Bot8
[14:35:43.301] Bot8 rotated left to face WEST
[14:35:43.301] Bot8 executed ROTATE_LEFT
[14:35:43.301] Bot8 rotated left to face SOUTH
[14:35:43.301] Bot8 executed ROTATE_LEFT
[14:35:43.301] Bot8 moved forward to (1,2)
[14:35:43.301] Bot8 executed MOVE_FORWARD
[14:35:43.301] Starting turn for Bot3
[14:35:43.301] Bot3 rotated left to face NORTH
[14:35:43.301] Bot3 executed ROTATE_LEFT
[14:35:43.301] Bot3 rotated left to face WEST
[14:35:43.301] Bot3 executed ROTATE_LEFT
[14:35:43.301] Bot3 moved forward to (8,7)
[14:35:43.301] Bot3 executed MOVE_FORWARD
[14:35:43.301] Starting turn for Bot8
[14:35:43.301] Starting turn for Bot3
[14:35:43.301] Bot3 rotated right to face NORTH
[14:35:43.301] Bot3 executed ROTATE_RIGHT
[14:35:43.301] Starting turn for Bot8
[14:35:43.301] Starting turn for Bot3
[14:35:43.301] Starting turn for Bot8
[14:35:43.301] Bot8 rotated left to face EAST
[14:35:43.301] Bot8 executed ROTATE_LEFT
[14:35:43.301] Bot8 rotated left to face NORTH
[14:35:43.301] Bot8 executed ROTATE_LEFT
[14:35:43.301] Bot8 moved forward to (0,2)
[14:35:43.301] Bot8 executed MOVE_FORWARD
[14:35:43.301] Starting turn for Bot3
[14:35:43.301] Bot3 rotated right to face EAST
[14:35:43.301] Bot3 executed ROTATE_RIGHT
[14:35:43.301] Bot3 moved forward to (8,8)
[14:35:43.301] Bot3 executed MOVE_FORWARD
[14:35:43.301] Starting turn for Bot8
[14:35:43.301] Bot8 rotated left to face WEST
[14:35:43.301] Bot8 executed ROTATE_LEFT
[14:35:43.301] Bot8 rotated left to face SOUTH
[14:35:43.301] Bot8 executed ROTATE_LEFT
[14:35:43.301] Bot8 moved forward to (1,2)
[14:35:43.301] Bot8 executed MOVE_FORWARD
[14:35:43.301] Starting turn for Bot3
[14:35:43.301] Bot3 rotated left to face NORTH
[14:35:43.301] Bot3 executed ROTATE_LEFT
[14:35:43.301] Bot3 rotated left to face WEST
[14:35:43.301] Bot3 executed ROTATE_LEFT
[14:35:43.301] Bot3 moved forward to (8,7)
[14:35:43.301] Bot3 executed MOVE_FORWARD
[14:35:43.301] Starting turn for Bot8
[14:35:43.301] Starting turn for Bot3
[14:35:43.301] Bot3 rotated right to face NORTH
[14:35:43.301] Bot3 executed ROTATE_RIGHT
[14:35:43.301] Starting turn for Bot8
[14:35:43.301] Starting turn for Bot3
[14:35:43.301] Starting turn for Bot8
[14:35:43.301] Bot8 rotated left to face EAST
[14:35:43.301] Bot8 executed ROTATE_LEFT
[14:35:43.301] Bot8 rotated left to face NORTH
[14:35:43.301] Bot8 executed ROTATE_LEFT
[14:35:43.301] Bot8 moved forward to (0,2)
[14:35:43.301] Bot8 executed MOVE_FORWARD
[14:35:43.301] Starting turn for Bot3
[14:35:43.301] Bot3 rotated right to face EAST
[14:35:43.301] Bot3 executed ROTATE_RIGHT
[14:35:43.301] Bot3 moved forward to (8,8)
[14:35:43.301] Bot3 executed MOVE_FORWARD
[14:35:43.301] Starting turn for Bot8
[14:35:43.301] Bot8 rotated left to face WEST
[14:35:43.301] Bot8 executed ROTATE_LEFT
[14:35:43.301] Bot8 rotated left to face SOUTH
[14:35:43.301] Bot8 executed ROTATE_LEFT
[14:35:43.301] Bot8 moved forward to (1,2)
[14:35:43.301] Bot8 executed MOVE_FORWARD
[14:35:43.301] Starting turn for Bot3
[14:35:43.301] Bot3 rotated left to face NORTH
[14:35:43.301] Bot3 executed ROTATE_LEFT
[14:35:43.301] Bot3 rotated left to face WEST
[14:35:43.301] Bot3 executed ROTATE_LEFT
[14:35:43.301] Bot3 moved forward to (8,7)
[14:35:43.301] Bot3 executed MOVE_FORWARD
[14:35:43.301] Starting turn for Bot8
[14:35:43.301] Starting turn for Bot3
[14:35:43.301] Bot3 rotated right to face NORTH
[14:35:43.301] Bot3 executed ROTATE_RIGHT
[14:35:43.301] Starting turn for Bot8
[14:35:43.301] Starting turn for Bot3
[14:35:43.301] Starting turn for Bot8
[14:35:43.301] Bot8 rotated left to face EAST
[14:35:43.301] Bot8 executed ROTATE_LEFT
[14:35:43.301] Bot8 rotated left to face NORTH
[14:35:43.301] Bot8 executed ROTATE_LEFT
[14:35:43.301] Bot8 moved forward to (0,2)
[14:35:43.301] Bot8 executed MOVE_FORWARD
[14:35:43.301] Starting turn for Bot3
[14:35:43.301] Bot3 rotated right to face EAST
[14:35:43.301] Bot3 executed ROTATE_RIGHT
[14:35:43.301] Bot3 moved forward to (8,8)
[14:35:43.301] Bot3 executed MOVE_FORWARD
[14:35:43.301] Starting turn for Bot8
[14:35:43.301] Bot8 rotated left to face WEST
[14:35:43.301] Bot8 executed ROTATE_LEFT
[14:35:43.301] Bot8 rotated left to face SOUTH
[14:35:43.301] Bot8 executed ROTATE_LEFT
[14:35:43.301] Bot8 moved forward to (1,2)
[14:35:43.301] Bot8 executed MOVE_FORWARD
[14:35:43.301] Starting turn for Bot3
[14:35:43.301] Bot3 rotated left to face NORTH
[14:35:43.301] Bot3 executed ROTATE_LEFT
[14:35:43.301] Bot3 rotated left to face WEST
[14:35:43.301] Bot3 executed ROTATE_LEFT
[14:35:43.301] Bot3 moved forward to (8,7)
[14:35:43.301] Bot3 executed MOVE_FORWARD
[14:35:43.301] Starting turn for Bot8
[14:35:43.301] Starting turn for Bot3
[14:35:43.301] Bot3 rotated right to face NORTH
[14:35:43.301] Bot3 executed ROTATE_RIGHT
[14:35:43.301] Starting turn for Bot8
[14:35:43.301] Stalemate detected: State repeated 10 times, unchanged for 3 turns
[14:35:43.301] Game Over! Stalemate detected!
[14:35:43.301] Stalemate detected: State repeated 10 times, unchanged for 3 turns
