[14:35:57.453] === Game Started at 2025-02-04_14-35-57 ===
[14:35:57.453] Game initialized with 2 players
[14:35:57.453] Board size: 10
[14:35:57.453] Obstacle density: 0.05
[14:35:57.453] Max turns: 1000
[14:35:57.453] Player Bot25 starting at position (0,0) facing SOUTH
[14:35:57.453] Player Bot11 starting at position (9,9) facing EAST
[14:35:57.453] Obstacles at positions: (1,2) (2,2) (2,9) (5,7) (7,0)
[14:35:57.453] Starting turn for Bot25
[14:35:57.453] Bot25 rotated left to face EAST
[14:35:57.453] Bot25 executed ROTATE_LEFT
[14:35:57.453] Bot25 moved forward to (0,1)
[14:35:57.453] Bot25 executed MOVE_FORWARD
[14:35:57.453] Starting turn for Bot11
[14:35:57.453] Bot11 rotated left to face NORTH
[14:35:57.453] Bot11 executed ROTATE_LEFT
[14:35:57.453] Bot11 rotated left to face WEST
[14:35:57.453] Bot11 executed ROTATE_LEFT
[14:35:57.453] Bot11 moved forward to (9,8)
[14:35:57.453] Bot11 executed MOVE_FORWARD
[14:35:57.453] Starting turn for Bot25
[14:35:57.453] Bot25 rotated right to face SOUTH
[14:35:57.453] Bot25 executed ROTATE_RIGHT
[14:35:57.453] Bot25 moved forward to (1,1)
[14:35:57.453] Bot25 executed MOVE_FORWARD
[14:35:57.453] Starting turn for Bot11
[14:35:57.453] Bot11 rotated right to face NORTH
[14:35:57.453] Bot11 executed ROTATE_RIGHT
[14:35:57.453] Bot11 moved forward to (8,8)
[14:35:57.453] Bot11 executed MOVE_FORWARD
[14:35:57.453] Starting turn for Bot25
[14:35:57.453] Bot25 rotated left to face EAST
[14:35:57.453] Bot25 executed ROTATE_LEFT
[14:35:57.453] Starting turn for Bot11
[14:35:57.453] Bot11 rotated left to face WEST
[14:35:57.453] Bot11 executed ROTATE_LEFT
[14:35:57.453] Bot11 moved forward to (8,7)
[14:35:57.453] Bot11 executed MOVE_FORWARD
[14:35:57.453] Starting turn for Bot25
[14:35:57.453] Starting turn for Bot11
[14:35:57.453] Bot11 rotated right to face NORTH
[14:35:57.453] Bot11 executed ROTATE_RIGHT
[14:35:57.453] Bot11 moved forward to (7,7)
[14:35:57.453] Bot11 executed MOVE_FORWARD
[14:35:57.453] Starting turn for Bot25
[14:35:57.453] Bot25 rotated left to face NORTH
[14:35:57.453] Bot25 executed ROTATE_LEFT
[14:35:57.453] Bot25 moved forward to (0,1)
[14:35:57.453] Bot25 executed MOVE_FORWARD
[14:35:57.453] Starting turn for Bot11
[14:35:57.453] Bot11 rotated left to face WEST
[14:35:57.453] Bot11 executed ROTATE_LEFT
[14:35:57.453] Bot11 moved forward to (7,6)
[14:35:57.453] Bot11 executed MOVE_FORWARD
[14:35:57.453] Starting turn for Bot25
[14:35:57.453] Bot25 rotated left to face WEST
[14:35:57.453] Bot25 executed ROTATE_LEFT
[14:35:57.453] Bot25 rotated left to face SOUTH
[14:35:57.453] Bot25 executed ROTATE_LEFT
[14:35:57.453] Bot25 moved forward to (1,1)
[14:35:57.453] Bot25 executed MOVE_FORWARD
[14:35:57.453] Starting turn for Bot11
[14:35:57.453] Bot11 rotated right to face NORTH
[14:35:57.453] Bot11 executed ROTATE_RIGHT
[14:35:57.453] Bot11 moved forward to (6,6)
[14:35:57.453] Bot11 executed MOVE_FORWARD
[14:35:57.453] Starting turn for Bot25
[14:35:57.453] Bot25 rotated left to face EAST
[14:35:57.453] Bot25 executed ROTATE_LEFT
[14:35:57.453] Starting turn for Bot11
[14:35:57.453] Bot11 rotated left to face WEST
[14:35:57.453] Bot11 executed ROTATE_LEFT
[14:35:57.453] Bot11 moved forward to (6,5)
[14:35:57.453] Bot11 executed MOVE_FORWARD
[14:35:57.453] Starting turn for Bot25
[14:35:57.453] Starting turn for Bot11
[14:35:57.453] Bot11 rotated right to face NORTH
[14:35:57.453] Bot11 executed ROTATE_RIGHT
[14:35:57.453] Bot11 moved forward to (5,5)
[14:35:57.453] Bot11 executed MOVE_FORWARD
[14:35:57.453] Starting turn for Bot25
[14:35:57.453] Bot25 rotated left to face NORTH
[14:35:57.453] Bot25 executed ROTATE_LEFT
[14:35:57.453] Bot25 moved forward to (0,1)
[14:35:57.453] Bot25 executed MOVE_FORWARD
[14:35:57.453] Starting turn for Bot11
[14:35:57.453] Starting turn for Bot25
[14:35:57.453] Bot25 rotated left to face WEST
[14:35:57.453] Bot25 executed ROTATE_LEFT
[14:35:57.453] Bot25 rotated left to face SOUTH
[14:35:57.453] Bot25 executed ROTATE_LEFT
[14:35:57.453] Bot25 moved forward to (1,1)
[14:35:57.453] Bot25 executed MOVE_FORWARD
[14:35:57.453] Starting turn for Bot11
[14:35:57.453] Starting turn for Bot25
[14:35:57.453] Bot25 rotated left to face EAST
[14:35:57.453] Bot25 executed ROTATE_LEFT
[14:35:57.453] Starting turn for Bot11
[14:35:57.453] Starting turn for Bot25
[14:35:57.453] Starting turn for Bot11
[14:35:57.453] Starting turn for Bot25
[14:35:57.453] Bot25 rotated left to face NORTH
[14:35:57.453] Bot25 executed ROTATE_LEFT
[14:35:57.453] Bot25 moved forward to (0,1)
[14:35:57.453] Bot25 executed MOVE_FORWARD
[14:35:57.453] Starting turn for Bot11
[14:35:57.453] Starting turn for Bot25
[14:35:57.453] Bot25 rotated left to face WEST
[14:35:57.453] Bot25 executed ROTATE_LEFT
[14:35:57.453] Bot25 rotated left to face SOUTH
[14:35:57.453] Bot25 executed ROTATE_LEFT
[14:35:57.453] Bot25 moved forward to (1,1)
[14:35:57.453] Bot25 executed MOVE_FORWARD
[14:35:57.453] Starting turn for Bot11
[14:35:57.453] Starting turn for Bot25
[14:35:57.453] Bot25 rotated left to face EAST
[14:35:57.453] Bot25 executed ROTATE_LEFT
[14:35:57.453] Starting turn for Bot11
[14:35:57.453] Starting turn for Bot25
[14:35:57.454] Starting turn for Bot11
[14:35:57.454] Starting turn for Bot25
[14:35:57.454] Bot25 rotated left to face NORTH
[14:35:57.454] Bot25 executed ROTATE_LEFT
[14:35:57.454] Bot25 moved forward to (0,1)
[14:35:57.454] Bot25 executed MOVE_FORWARD
[14:35:57.454] Starting turn for Bot11
[14:35:57.454] Starting turn for Bot25
[14:35:57.454] Bot25 rotated left to face WEST
[14:35:57.454] Bot25 executed ROTATE_LEFT
[14:35:57.454] Bot25 rotated left to face SOUTH
[14:35:57.454] Bot25 executed ROTATE_LEFT
[14:35:57.454] Bot25 moved forward to (1,1)
[14:35:57.454] Bot25 executed MOVE_FORWARD
[14:35:57.454] Starting turn for Bot11
[14:35:57.454] Starting turn for Bot25
[14:35:57.454] Bot25 rotated left to face EAST
[14:35:57.454] Bot25 executed ROTATE_LEFT
[14:35:57.454] Starting turn for Bot11
[14:35:57.454] Starting turn for Bot25
[14:35:57.454] Starting turn for Bot11
[14:35:57.454] Stalemate detected: State repeated 10 times, unchanged for 3 turns
[14:35:57.454] Game Over! Stalemate detected!
[14:35:57.454] Stalemate detected: State repeated 10 times, unchanged for 3 turns
