[14:36:09.877] === Game Started at 2025-02-04_14-36-09 ===
[14:36:09.877] Game initialized with 2 players
[14:36:09.877] Board size: 10
[14:36:09.877] Obstacle density: 0.05
[14:36:09.877] Max turns: 1000
[14:36:09.877] Player Bot33 starting at position (0,0) facing SOUTH
[14:36:09.877] Player Bot23 starting at position (9,9) facing WEST
[14:36:09.877] Obstacles at positions: (1,0) (3,5) (4,6) (6,5) (6,6)
[14:36:09.877] Starting turn for Bot33
[14:36:09.877] Bot33 rotated left to face EAST
[14:36:09.877] Bot33 executed ROTATE_LEFT
[14:36:09.877] Bot33 moved forward to (0,1)
[14:36:09.877] Bot33 executed MOVE_FORWARD
[14:36:09.877] Starting turn for Bot23
[14:36:09.877] Bot23 moved forward to (9,8)
[14:36:09.877] Bot23 executed MOVE_FORWARD
[14:36:09.877] Starting turn for Bot33
[14:36:09.877] Bot33 rotated right to face SOUTH
[14:36:09.877] Bot33 executed ROTATE_RIGHT
[14:36:09.877] Bot33 moved forward to (1,1)
[14:36:09.877] Bot33 executed MOVE_FORWARD
[14:36:09.877] Starting turn for Bot23
[14:36:09.877] Bot23 rotated right to face NORTH
[14:36:09.877] Bot23 executed ROTATE_RIGHT
[14:36:09.877] Bot23 moved forward to (8,8)
[14:36:09.877] Bot23 executed MOVE_FORWARD
[14:36:09.877] Starting turn for Bot33
[14:36:09.877] Bot33 rotated left to face EAST
[14:36:09.877] Bot33 executed ROTATE_LEFT
[14:36:09.877] Bot33 moved forward to (1,2)
[14:36:09.877] Bot33 executed MOVE_FORWARD
[14:36:09.877] Starting turn for Bot23
[14:36:09.877] Bot23 rotated left to face WEST
[14:36:09.877] Bot23 executed ROTATE_LEFT
[14:36:09.877] Bot23 moved forward to (8,7)
[14:36:09.877] Bot23 executed MOVE_FORWARD
[14:36:09.877] Starting turn for Bot33
[14:36:09.877] Bot33 rotated right to face SOUTH
[14:36:09.877] Bot33 executed ROTATE_RIGHT
[14:36:09.877] Bot33 moved forward to (2,2)
[14:36:09.877] Bot33 executed MOVE_FORWARD
[14:36:09.877] Starting turn for Bot23
[14:36:09.877] Bot23 rotated right to face NORTH
[14:36:09.877] Bot23 executed ROTATE_RIGHT
[14:36:09.877] Bot23 moved forward to (7,7)
[14:36:09.877] Bot23 executed MOVE_FORWARD
[14:36:09.877] Starting turn for Bot33
[14:36:09.877] Bot33 rotated left to face EAST
[14:36:09.877] Bot33 executed ROTATE_LEFT
[14:36:09.877] Bot33 moved forward to (2,3)
[14:36:09.877] Bot33 executed MOVE_FORWARD
[14:36:09.877] Starting turn for Bot23
[14:36:09.877] Bot23 rotated left to face WEST
[14:36:09.877] Bot23 executed ROTATE_LEFT
[14:36:09.877] Bot23 moved forward to (7,6)
[14:36:09.877] Bot23 executed MOVE_FORWARD
[14:36:09.877] Starting turn for Bot33
[14:36:09.877] Bot33 rotated right to face SOUTH
[14:36:09.877] Bot33 executed ROTATE_RIGHT
[14:36:09.877] Bot33 moved forward to (3,3)
[14:36:09.877] Bot33 executed MOVE_FORWARD
[14:36:09.877] Starting turn for Bot23
[14:36:09.877] Bot23 rotated right to face NORTH
[14:36:09.877] Bot23 executed ROTATE_RIGHT
[14:36:09.877] Starting turn for Bot33
[14:36:09.877] Bot33 rotated left to face EAST
[14:36:09.877] Bot33 executed ROTATE_LEFT
[14:36:09.877] Bot33 moved forward to (3,4)
[14:36:09.877] Bot33 executed MOVE_FORWARD
[14:36:09.877] Starting turn for Bot23
[14:36:09.877] Starting turn for Bot33
[14:36:09.877] Bot33 rotated right to face SOUTH
[14:36:09.877] Bot33 executed ROTATE_RIGHT
[14:36:09.877] Bot33 moved forward to (4,4)
[14:36:09.877] Bot33 executed MOVE_FORWARD
[14:36:09.877] Starting turn for Bot23
[14:36:09.877] Bot23 rotated right to face EAST
[14:36:09.877] Bot23 executed ROTATE_RIGHT
[14:36:09.877] Bot23 moved forward to (7,7)
[14:36:09.877] Bot23 executed MOVE_FORWARD
[14:36:09.877] Starting turn for Bot33
[14:36:09.877] Bot33 rotated left to face EAST
[14:36:09.877] Bot33 executed ROTATE_LEFT
[14:36:09.877] Bot33 moved forward to (4,5)
[14:36:09.877] Bot33 executed MOVE_FORWARD
[14:36:09.877] Starting turn for Bot23
[14:36:09.877] Bot23 rotated left to face NORTH
[14:36:09.877] Bot23 executed ROTATE_LEFT
[14:36:09.877] Bot23 rotated left to face WEST
[14:36:09.877] Bot23 executed ROTATE_LEFT
[14:36:09.877] Bot23 moved forward to (7,6)
[14:36:09.877] Bot23 executed MOVE_FORWARD
[14:36:09.877] Starting turn for Bot33
[14:36:09.877] Bot33 rotated right to face SOUTH
[14:36:09.877] Bot33 executed ROTATE_RIGHT
[14:36:09.877] Bot33 moved forward to (5,5)
[14:36:09.877] Bot33 executed MOVE_FORWARD
[14:36:09.877] Starting turn for Bot23
[14:36:09.877] Bot23 rotated right to face NORTH
[14:36:09.877] Bot23 executed ROTATE_RIGHT
[14:36:09.877] Starting turn for Bot33
[14:36:09.877] Starting turn for Bot23
[14:36:09.877] Starting turn for Bot33
[14:36:09.877] Starting turn for Bot23
[14:36:09.877] Bot23 rotated right to face EAST
[14:36:09.877] Bot23 executed ROTATE_RIGHT
[14:36:09.877] Bot23 moved forward to (7,7)
[14:36:09.877] Bot23 executed MOVE_FORWARD
[14:36:09.877] Starting turn for Bot33
[14:36:09.877] Starting turn for Bot23
[14:36:09.877] Bot23 rotated left to face NORTH
[14:36:09.877] Bot23 executed ROTATE_LEFT
[14:36:09.877] Bot23 rotated left to face WEST
[14:36:09.877] Bot23 executed ROTATE_LEFT
[14:36:09.877] Bot23 moved forward to (7,6)
[14:36:09.877] Bot23 executed MOVE_FORWARD
[14:36:09.877] Starting turn for Bot33
[14:36:09.877] Starting turn for Bot23
[14:36:09.877] Bot23 rotated right to face NORTH
[14:36:09.877] Bot23 executed ROTATE_RIGHT
[14:36:09.877] Starting turn for Bot33
[14:36:09.877] Starting turn for Bot23
[14:36:09.877] Starting turn for Bot33
[14:36:09.877] Starting turn for Bot23
[14:36:09.877] Bot23 rotated right to face EAST
[14:36:09.877] Bot23 executed ROTATE_RIGHT
[14:36:09.877] Bot23 moved forward to (7,7)
[14:36:09.877] Bot23 executed MOVE_FORWARD
[14:36:09.877] Starting turn for Bot33
[14:36:09.877] Starting turn for Bot23
[14:36:09.877] Bot23 rotated left to face NORTH
[14:36:09.877] Bot23 executed ROTATE_LEFT
[14:36:09.877] Bot23 rotated left to face WEST
[14:36:09.877] Bot23 executed ROTATE_LEFT
[14:36:09.877] Bot23 moved forward to (7,6)
[14:36:09.877] Bot23 executed MOVE_FORWARD
[14:36:09.877] Starting turn for Bot33
[14:36:09.877] Starting turn for Bot23
[14:36:09.877] Bot23 rotated right to face NORTH
[14:36:09.877] Bot23 executed ROTATE_RIGHT
[14:36:09.877] Starting turn for Bot33
[14:36:09.877] Starting turn for Bot23
[14:36:09.877] Starting turn for Bot33
[14:36:09.877] Starting turn for Bot23
[14:36:09.877] Stalemate detected: State repeated 10 times, unchanged for 2 turns
[14:36:09.877] Game Over! Stalemate detected!
[14:36:09.877] Stalemate detected: State repeated 10 times, unchanged for 2 turns
