[14:35:39.618] === Game Started at 2025-02-04_14-35-39 ===
[14:35:39.618] Game initialized with 2 players
[14:35:39.618] Board size: 10
[14:35:39.618] Obstacle density: 0.05
[14:35:39.618] Max turns: 1000
[14:35:39.618] Player Bot15 starting at position (0,0) facing WEST
[14:35:39.618] Player Bot1 starting at position (9,9) facing NORTH
[14:35:39.618] Obstacles at positions: (4,8) (5,7) (5,8) (8,8) (9,5)
[14:35:39.618] Starting turn for Bot15
[14:35:39.618] Bot15 rotated left to face SOUTH
[14:35:39.618] Bot15 executed ROTATE_LEFT
[14:35:39.618] Bot15 rotated left to face EAST
[14:35:39.618] Bot15 executed ROTATE_LEFT
[14:35:39.618] Bot15 moved forward to (0,1)
[14:35:39.618] Bot15 executed MOVE_FORWARD
[14:35:39.618] Starting turn for Bot1
[14:35:39.618] Bot1 rotated left to face WEST
[14:35:39.618] Bot1 executed ROTATE_LEFT
[14:35:39.618] Bot1 moved forward to (9,8)
[14:35:39.618] Bot1 executed MOVE_FORWARD
[14:35:39.618] Starting turn for Bot15
[14:35:39.618] Bot15 rotated right to face SOUTH
[14:35:39.618] Bot15 executed ROTATE_RIGHT
[14:35:39.618] Bot15 moved forward to (1,1)
[14:35:39.618] Bot15 executed MOVE_FORWARD
[14:35:39.618] Starting turn for Bot1
[14:35:39.618] Bot1 rotated right to face NORTH
[14:35:39.618] Bot1 executed ROTATE_RIGHT
[14:35:39.618] Starting turn for Bot15
[14:35:39.618] Bot15 rotated left to face EAST
[14:35:39.618] Bot15 executed ROTATE_LEFT
[14:35:39.618] Bot15 moved forward to (1,2)
[14:35:39.618] Bot15 executed MOVE_FORWARD
[14:35:39.618] Starting turn for Bot1
[14:35:39.618] Starting turn for Bot15
[14:35:39.618] Bot15 rotated right to face SOUTH
[14:35:39.618] Bot15 executed ROTATE_RIGHT
[14:35:39.618] Bot15 moved forward to (2,2)
[14:35:39.618] Bot15 executed MOVE_FORWARD
[14:35:39.618] Starting turn for Bot1
[14:35:39.618] Bot1 rotated right to face EAST
[14:35:39.618] Bot1 executed ROTATE_RIGHT
[14:35:39.618] Bot1 moved forward to (9,9)
[14:35:39.618] Bot1 executed MOVE_FORWARD
[14:35:39.618] Starting turn for Bot15
[14:35:39.618] Bot15 rotated left to face EAST
[14:35:39.618] Bot15 executed ROTATE_LEFT
[14:35:39.618] Bot15 moved forward to (2,3)
[14:35:39.618] Bot15 executed MOVE_FORWARD
[14:35:39.618] Starting turn for Bot1
[14:35:39.618] Bot1 rotated left to face NORTH
[14:35:39.618] Bot1 executed ROTATE_LEFT
[14:35:39.618] Bot1 rotated left to face WEST
[14:35:39.618] Bot1 executed ROTATE_LEFT
[14:35:39.618] Bot1 moved forward to (9,8)
[14:35:39.618] Bot1 executed MOVE_FORWARD
[14:35:39.618] Starting turn for Bot15
[14:35:39.618] Bot15 rotated right to face SOUTH
[14:35:39.618] Bot15 executed ROTATE_RIGHT
[14:35:39.618] Bot15 moved forward to (3,3)
[14:35:39.618] Bot15 executed MOVE_FORWARD
[14:35:39.618] Starting turn for Bot1
[14:35:39.618] Bot1 rotated right to face NORTH
[14:35:39.618] Bot1 executed ROTATE_RIGHT
[14:35:39.618] Starting turn for Bot15
[14:35:39.618] Bot15 rotated left to face EAST
[14:35:39.618] Bot15 executed ROTATE_LEFT
[14:35:39.618] Bot15 moved forward to (3,4)
[14:35:39.618] Bot15 executed MOVE_FORWARD
[14:35:39.618] Starting turn for Bot1
[14:35:39.618] Starting turn for Bot15
[14:35:39.618] Bot15 rotated right to face SOUTH
[14:35:39.618] Bot15 executed ROTATE_RIGHT
[14:35:39.618] Bot15 moved forward to (4,4)
[14:35:39.618] Bot15 executed MOVE_FORWARD
[14:35:39.618] Starting turn for Bot1
[14:35:39.618] Bot1 rotated right to face EAST
[14:35:39.618] Bot1 executed ROTATE_RIGHT
[14:35:39.618] Bot1 moved forward to (9,9)
[14:35:39.618] Bot1 executed MOVE_FORWARD
[14:35:39.618] Starting turn for Bot15
[14:35:39.618] Bot15 rotated left to face EAST
[14:35:39.618] Bot15 executed ROTATE_LEFT
[14:35:39.618] Bot15 moved forward to (4,5)
[14:35:39.618] Bot15 executed MOVE_FORWARD
[14:35:39.618] Starting turn for Bot1
[14:35:39.618] Bot1 rotated left to face NORTH
[14:35:39.618] Bot1 executed ROTATE_LEFT
[14:35:39.618] Bot1 rotated left to face WEST
[14:35:39.618] Bot1 executed ROTATE_LEFT
[14:35:39.618] Bot1 moved forward to (9,8)
[14:35:39.618] Bot1 executed MOVE_FORWARD
[14:35:39.619] Starting turn for Bot15
[14:35:39.619] Bot15 rotated right to face SOUTH
[14:35:39.619] Bot15 executed ROTATE_RIGHT
[14:35:39.619] Bot15 moved forward to (5,5)
[14:35:39.619] Bot15 executed MOVE_FORWARD
[14:35:39.619] Starting turn for Bot1
[14:35:39.619] Bot1 rotated right to face NORTH
[14:35:39.619] Bot1 executed ROTATE_RIGHT
[14:35:39.619] Starting turn for Bot15
[14:35:39.619] Starting turn for Bot1
[14:35:39.619] Starting turn for Bot15
[14:35:39.619] Starting turn for Bot1
[14:35:39.619] Bot1 rotated right to face EAST
[14:35:39.619] Bot1 executed ROTATE_RIGHT
[14:35:39.619] Bot1 moved forward to (9,9)
[14:35:39.619] Bot1 executed MOVE_FORWARD
[14:35:39.619] Starting turn for Bot15
[14:35:39.619] Starting turn for Bot1
[14:35:39.619] Bot1 rotated left to face NORTH
[14:35:39.619] Bot1 executed ROTATE_LEFT
[14:35:39.619] Bot1 rotated left to face WEST
[14:35:39.619] Bot1 executed ROTATE_LEFT
[14:35:39.619] Bot1 moved forward to (9,8)
[14:35:39.619] Bot1 executed MOVE_FORWARD
[14:35:39.619] Starting turn for Bot15
[14:35:39.619] Starting turn for Bot1
[14:35:39.619] Bot1 rotated right to face NORTH
[14:35:39.619] Bot1 executed ROTATE_RIGHT
[14:35:39.619] Starting turn for Bot15
[14:35:39.619] Starting turn for Bot1
[14:35:39.619] Starting turn for Bot15
[14:35:39.619] Starting turn for Bot1
[14:35:39.619] Bot1 rotated right to face EAST
[14:35:39.619] Bot1 executed ROTATE_RIGHT
[14:35:39.619] Bot1 moved forward to (9,9)
[14:35:39.619] Bot1 executed MOVE_FORWARD
[14:35:39.619] Starting turn for Bot15
[14:35:39.619] Starting turn for Bot1
[14:35:39.619] Bot1 rotated left to face NORTH
[14:35:39.619] Bot1 executed ROTATE_LEFT
[14:35:39.619] Bot1 rotated left to face WEST
[14:35:39.619] Bot1 executed ROTATE_LEFT
[14:35:39.619] Bot1 moved forward to (9,8)
[14:35:39.619] Bot1 executed MOVE_FORWARD
[14:35:39.619] Starting turn for Bot15
[14:35:39.619] Starting turn for Bot1
[14:35:39.619] Bot1 rotated right to face NORTH
[14:35:39.619] Bot1 executed ROTATE_RIGHT
[14:35:39.619] Starting turn for Bot15
[14:35:39.619] Starting turn for Bot1
[14:35:39.619] Starting turn for Bot15
[14:35:39.619] Starting turn for Bot1
[14:35:39.619] Stalemate detected: State repeated 10 times, unchanged for 2 turns
[14:35:39.619] Game Over! Stalemate detected!
[14:35:39.619] Stalemate detected: State repeated 10 times, unchanged for 2 turns
