[14:35:39.003] === Game Started at 2025-02-04_14-35-39 ===
[14:35:39.003] Game initialized with 2 players
[14:35:39.003] Board size: 10
[14:35:39.003] Obstacle density: 0.05
[14:35:39.003] Max turns: 1000
[14:35:39.003] Player Bot4 starting at position (0,0) facing EAST
[14:35:39.003] Player Bot1 starting at position (9,9) facing EAST
[14:35:39.003] Obstacles at positions: (4,7) (5,5) (6,5) (7,0) (8,3)
[14:35:39.003] Starting turn for Bot4
[14:35:39.003] Bot4 moved forward to (0,1)
[14:35:39.003] Bot4 executed MOVE_FORWARD
[14:35:39.003] Starting turn for Bot1
[14:35:39.003] Bot1 rotated left to face NORTH
[14:35:39.003] Bot1 executed ROTATE_LEFT
[14:35:39.003] Bot1 rotated left to face WEST
[14:35:39.003] Bot1 executed ROTATE_LEFT
[14:35:39.003] Bot1 moved forward to (9,8)
[14:35:39.003] Bot1 executed MOVE_FORWARD
[14:35:39.003] Starting turn for Bot4
[14:35:39.003] Bot4 rotated right to face SOUTH
[14:35:39.003] Bot4 executed ROTATE_RIGHT
[14:35:39.003] Bot4 moved forward to (1,1)
[14:35:39.003] Bot4 executed MOVE_FORWARD
[14:35:39.003] Starting turn for Bot1
[14:35:39.003] Bot1 rotated right to face NORTH
[14:35:39.003] Bot1 executed ROTATE_RIGHT
[14:35:39.003] Bot1 moved forward to (8,8)
[14:35:39.003] Bot1 executed MOVE_FORWARD
[14:35:39.003] Starting turn for Bot4
[14:35:39.003] Bot4 rotated left to face EAST
[14:35:39.003] Bot4 executed ROTATE_LEFT
[14:35:39.003] Bot4 moved forward to (1,2)
[14:35:39.004] Bot4 executed MOVE_FORWARD
[14:35:39.004] Starting turn for Bot1
[14:35:39.004] Bot1 rotated left to face WEST
[14:35:39.004] Bot1 executed ROTATE_LEFT
[14:35:39.004] Bot1 moved forward to (8,7)
[14:35:39.004] Bot1 executed MOVE_FORWARD
[14:35:39.004] Starting turn for Bot4
[14:35:39.004] Bot4 rotated right to face SOUTH
[14:35:39.004] Bot4 executed ROTATE_RIGHT
[14:35:39.004] Bot4 moved forward to (2,2)
[14:35:39.004] Bot4 executed MOVE_FORWARD
[14:35:39.004] Starting turn for Bot1
[14:35:39.004] Bot1 rotated right to face NORTH
[14:35:39.004] Bot1 executed ROTATE_RIGHT
[14:35:39.004] Bot1 moved forward to (7,7)
[14:35:39.004] Bot1 executed MOVE_FORWARD
[14:35:39.004] Starting turn for Bot4
[14:35:39.004] Bot4 rotated left to face EAST
[14:35:39.004] Bot4 executed ROTATE_LEFT
[14:35:39.004] Bot4 moved forward to (2,3)
[14:35:39.004] Bot4 executed MOVE_FORWARD
[14:35:39.004] Starting turn for Bot1
[14:35:39.004] Bot1 rotated left to face WEST
[14:35:39.004] Bot1 executed ROTATE_LEFT
[14:35:39.004] Bot1 moved forward to (7,6)
[14:35:39.004] Bot1 executed MOVE_FORWARD
[14:35:39.004] Starting turn for Bot4
[14:35:39.004] Bot4 rotated right to face SOUTH
[14:35:39.004] Bot4 executed ROTATE_RIGHT
[14:35:39.004] Bot4 moved forward to (3,3)
[14:35:39.004] Bot4 executed MOVE_FORWARD
[14:35:39.004] Starting turn for Bot1
[14:35:39.004] Bot1 rotated right to face NORTH
[14:35:39.004] Bot1 executed ROTATE_RIGHT
[14:35:39.004] Bot1 moved forward to (6,6)
[14:35:39.004] Bot1 executed MOVE_FORWARD
[14:35:39.004] Starting turn for Bot4
[14:35:39.004] Bot4 rotated left to face EAST
[14:35:39.004] Bot4 executed ROTATE_LEFT
[14:35:39.004] Bot4 moved forward to (3,4)
[14:35:39.004] Bot4 executed MOVE_FORWARD
[14:35:39.004] Starting turn for Bot1
[14:35:39.004] Bot1 rotated left to face WEST
[14:35:39.004] Bot1 executed ROTATE_LEFT
[14:35:39.004] Starting turn for Bot4
[14:35:39.004] Bot4 rotated right to face SOUTH
[14:35:39.004] Bot4 executed ROTATE_RIGHT
[14:35:39.004] Bot4 moved forward to (4,4)
[14:35:39.004] Bot4 executed MOVE_FORWARD
[14:35:39.004] Starting turn for Bot1
[14:35:39.004] Starting turn for Bot4
[14:35:39.004] Bot4 rotated left to face EAST
[14:35:39.004] Bot4 executed ROTATE_LEFT
[14:35:39.004] Bot4 moved forward to (4,5)
[14:35:39.004] Bot4 executed MOVE_FORWARD
[14:35:39.004] Starting turn for Bot1
[14:35:39.004] Bot1 rotated right to face NORTH
[14:35:39.004] Bot1 executed ROTATE_RIGHT
[14:35:39.004] Bot1 moved forward to (5,6)
[14:35:39.004] Bot1 executed MOVE_FORWARD
[14:35:39.004] Starting turn for Bot4
[14:35:39.004] Bot4 rotated right to face SOUTH
[14:35:39.004] Bot4 executed ROTATE_RIGHT
[14:35:39.004] Starting turn for Bot1
[14:35:39.004] Bot1 moved forward to (4,6)
[14:35:39.004] Bot1 executed MOVE_FORWARD
[14:35:39.004] Starting turn for Bot4
[14:35:39.004] Starting turn for Bot1
[14:35:39.004] Bot1 moved forward to (3,6)
[14:35:39.004] Bot1 executed MOVE_FORWARD
[14:35:39.004] Starting turn for Bot4
[14:35:39.004] Bot4 rotated left to face EAST
[14:35:39.004] Bot4 executed ROTATE_LEFT
[14:35:39.004] Bot4 rotated left to face NORTH
[14:35:39.004] Bot4 executed ROTATE_LEFT
[14:35:39.004] Bot4 moved forward to (3,5)
[14:35:39.004] Bot4 executed MOVE_FORWARD
[14:35:39.005] Starting turn for Bot1
[14:35:39.005] Bot1 rotated left to face WEST
[14:35:39.005] Bot1 executed ROTATE_LEFT
[14:35:39.005] Bot1 rotated left to face SOUTH
[14:35:39.005] Bot1 executed ROTATE_LEFT
[14:35:39.005] Bot1 moved forward to (4,6)
[14:35:39.005] Bot1 executed MOVE_FORWARD
[14:35:39.005] Starting turn for Bot4
[14:35:39.005] Bot4 rotated left to face WEST
[14:35:39.005] Bot4 executed ROTATE_LEFT
[14:35:39.005] Bot4 rotated left to face SOUTH
[14:35:39.005] Bot4 executed ROTATE_LEFT
[14:35:39.005] Bot4 moved forward to (4,5)
[14:35:39.005] Bot4 executed MOVE_FORWARD
[14:35:39.005] Starting turn for Bot1
[14:35:39.005] Bot1 rotated right to face WEST
[14:35:39.005] Bot1 executed ROTATE_RIGHT
[14:35:39.005] Starting turn for Bot4
[14:35:39.005] Starting turn for Bot1
[14:35:39.005] Bot1 shooting in direction WEST
[14:35:39.005] Bot1 hit Bot4 for 25 damage (health: 100 -> 75)
[14:35:39.005] Bot1 executed SHOOT
[14:35:39.005] Starting turn for Bot4
[14:35:39.005] Starting turn for Bot1
[14:35:39.005] Bot1 shooting in direction WEST
[14:35:39.005] Bot1 hit Bot4 for 25 damage (health: 75 -> 50)
[14:35:39.005] Bot1 executed SHOOT
[14:35:39.005] Starting turn for Bot4
[14:35:39.005] Bot4 rotated left to face EAST
[14:35:39.005] Bot4 executed ROTATE_LEFT
[14:35:39.005] Bot4 rotated left to face NORTH
[14:35:39.005] Bot4 executed ROTATE_LEFT
[14:35:39.005] Bot4 moved forward to (3,5)
[14:35:39.005] Bot4 executed MOVE_FORWARD
[14:35:39.005] Starting turn for Bot1
[14:35:39.005] Bot1 moved forward to (4,5)
[14:35:39.005] Bot1 executed MOVE_FORWARD
[14:35:39.005] Starting turn for Bot4
[14:35:39.005] Bot4 moved forward to (2,5)
[14:35:39.005] Bot4 executed MOVE_FORWARD
[14:35:39.005] Starting turn for Bot1
[14:35:39.005] Bot1 rotated left to face SOUTH
[14:35:39.005] Bot1 executed ROTATE_LEFT
[14:35:39.005] Starting turn for Bot4
[14:35:39.005] Bot4 rotated left to face WEST
[14:35:39.005] Bot4 executed ROTATE_LEFT
[14:35:39.005] Bot4 rotated left to face SOUTH
[14:35:39.005] Bot4 executed ROTATE_LEFT
[14:35:39.005] Bot4 moved forward to (3,5)
[14:35:39.005] Bot4 executed MOVE_FORWARD
[14:35:39.005] Starting turn for Bot1
[14:35:39.005] Starting turn for Bot4
[14:35:39.005] Bot4 shooting in direction SOUTH
[14:35:39.005] Bot4 hit Bot1 for 25 damage (health: 100 -> 75)
[14:35:39.005] Bot4 executed SHOOT
[14:35:39.005] Starting turn for Bot1
[14:35:39.005] Bot1 rotated left to face EAST
[14:35:39.005] Bot1 executed ROTATE_LEFT
[14:35:39.005] Bot1 moved forward to (4,6)
[14:35:39.005] Bot1 executed MOVE_FORWARD
[14:35:39.005] Starting turn for Bot4
[14:35:39.005] Bot4 moved forward to (4,5)
[14:35:39.005] Bot4 executed MOVE_FORWARD
[14:35:39.005] Starting turn for Bot1
[14:35:39.005] Bot1 rotated left to face NORTH
[14:35:39.005] Bot1 executed ROTATE_LEFT
[14:35:39.005] Bot1 moved forward to (3,6)
[14:35:39.005] Bot1 executed MOVE_FORWARD
[14:35:39.005] Starting turn for Bot4
[14:35:39.005] Starting turn for Bot1
[14:35:39.005] Bot1 rotated left to face WEST
[14:35:39.005] Bot1 executed ROTATE_LEFT
[14:35:39.005] Bot1 rotated left to face SOUTH
[14:35:39.005] Bot1 executed ROTATE_LEFT
[14:35:39.005] Bot1 moved forward to (4,6)
[14:35:39.005] Bot1 executed MOVE_FORWARD
[14:35:39.005] Starting turn for Bot4
[14:35:39.005] Starting turn for Bot1
[14:35:39.005] Bot1 rotated right to face WEST
[14:35:39.005] Bot1 executed ROTATE_RIGHT
[14:35:39.005] Starting turn for Bot4
[14:35:39.005] Bot4 rotated left to face EAST
[14:35:39.005] Bot4 executed ROTATE_LEFT
[14:35:39.005] Bot4 rotated left to face NORTH
[14:35:39.005] Bot4 executed ROTATE_LEFT
[14:35:39.005] Bot4 moved forward to (3,5)
[14:35:39.005] Bot4 executed MOVE_FORWARD
[14:35:39.005] Starting turn for Bot1
[14:35:39.005] Bot1 moved forward to (4,5)
[14:35:39.005] Bot1 executed MOVE_FORWARD
[14:35:39.005] Starting turn for Bot4
[14:35:39.005] Bot4 moved forward to (2,5)
[14:35:39.005] Bot4 executed MOVE_FORWARD
[14:35:39.005] Starting turn for Bot1
[14:35:39.006] Bot1 rotated left to face SOUTH
[14:35:39.006] Bot1 executed ROTATE_LEFT
[14:35:39.006] Starting turn for Bot4
[14:35:39.006] Bot4 rotated left to face WEST
[14:35:39.006] Bot4 executed ROTATE_LEFT
[14:35:39.006] Bot4 rotated left to face SOUTH
[14:35:39.006] Bot4 executed ROTATE_LEFT
[14:35:39.006] Bot4 moved forward to (3,5)
[14:35:39.006] Bot4 executed MOVE_FORWARD
[14:35:39.006] Starting turn for Bot1
[14:35:39.006] Starting turn for Bot4
[14:35:39.006] Bot4 shooting in direction SOUTH
[14:35:39.006] Bot4 hit Bot1 for 25 damage (health: 75 -> 50)
[14:35:39.006] Bot4 executed SHOOT
[14:35:39.006] Starting turn for Bot1
[14:35:39.006] Bot1 rotated left to face EAST
[14:35:39.006] Bot1 executed ROTATE_LEFT
[14:35:39.006] Bot1 moved forward to (4,6)
[14:35:39.006] Bot1 executed MOVE_FORWARD
[14:35:39.006] Starting turn for Bot4
[14:35:39.006] Bot4 moved forward to (4,5)
[14:35:39.006] Bot4 executed MOVE_FORWARD
[14:35:39.006] Starting turn for Bot1
[14:35:39.006] Bot1 rotated left to face NORTH
[14:35:39.006] Bot1 executed ROTATE_LEFT
[14:35:39.006] Bot1 moved forward to (3,6)
[14:35:39.006] Bot1 executed MOVE_FORWARD
[14:35:39.006] Starting turn for Bot4
[14:35:39.006] Starting turn for Bot1
[14:35:39.006] Bot1 rotated left to face WEST
[14:35:39.006] Bot1 executed ROTATE_LEFT
[14:35:39.006] Bot1 rotated left to face SOUTH
[14:35:39.006] Bot1 executed ROTATE_LEFT
[14:35:39.006] Bot1 moved forward to (4,6)
[14:35:39.006] Bot1 executed MOVE_FORWARD
[14:35:39.006] Starting turn for Bot4
[14:35:39.006] Starting turn for Bot1
[14:35:39.006] Bot1 rotated right to face WEST
[14:35:39.006] Bot1 executed ROTATE_RIGHT
[14:35:39.006] Starting turn for Bot4
[14:35:39.006] Bot4 rotated left to face EAST
[14:35:39.006] Bot4 executed ROTATE_LEFT
[14:35:39.006] Bot4 rotated left to face NORTH
[14:35:39.006] Bot4 executed ROTATE_LEFT
[14:35:39.006] Bot4 moved forward to (3,5)
[14:35:39.006] Bot4 executed MOVE_FORWARD
[14:35:39.006] Starting turn for Bot1
[14:35:39.006] Bot1 moved forward to (4,5)
[14:35:39.006] Bot1 executed MOVE_FORWARD
[14:35:39.006] Starting turn for Bot4
[14:35:39.006] Bot4 moved forward to (2,5)
[14:35:39.006] Bot4 executed MOVE_FORWARD
[14:35:39.006] Starting turn for Bot1
[14:35:39.007] Bot1 rotated left to face SOUTH
[14:35:39.007] Bot1 executed ROTATE_LEFT
[14:35:39.007] Starting turn for Bot4
[14:35:39.007] Bot4 rotated left to face WEST
[14:35:39.007] Bot4 executed ROTATE_LEFT
[14:35:39.007] Bot4 rotated left to face SOUTH
[14:35:39.007] Bot4 executed ROTATE_LEFT
[14:35:39.007] Bot4 moved forward to (3,5)
[14:35:39.007] Bot4 executed MOVE_FORWARD
[14:35:39.007] Starting turn for Bot1
[14:35:39.007] Starting turn for Bot4
[14:35:39.007] Bot4 shooting in direction SOUTH
[14:35:39.007] Bot4 hit Bot1 for 25 damage (health: 50 -> 25)
[14:35:39.007] Bot4 executed SHOOT
[14:35:39.007] Starting turn for Bot1
[14:35:39.007] Bot1 rotated left to face EAST
[14:35:39.007] Bot1 executed ROTATE_LEFT
[14:35:39.007] Bot1 moved forward to (4,6)
[14:35:39.007] Bot1 executed MOVE_FORWARD
[14:35:39.007] Starting turn for Bot4
[14:35:39.007] Bot4 moved forward to (4,5)
[14:35:39.007] Bot4 executed MOVE_FORWARD
[14:35:39.007] Starting turn for Bot1
[14:35:39.007] Bot1 rotated left to face NORTH
[14:35:39.007] Bot1 executed ROTATE_LEFT
[14:35:39.007] Bot1 moved forward to (3,6)
[14:35:39.007] Bot1 executed MOVE_FORWARD
[14:35:39.007] Starting turn for Bot4
[14:35:39.007] Starting turn for Bot1
[14:35:39.007] Bot1 rotated left to face WEST
[14:35:39.007] Bot1 executed ROTATE_LEFT
[14:35:39.007] Bot1 rotated left to face SOUTH
[14:35:39.007] Bot1 executed ROTATE_LEFT
[14:35:39.007] Bot1 moved forward to (4,6)
[14:35:39.007] Bot1 executed MOVE_FORWARD
[14:35:39.007] Starting turn for Bot4
[14:35:39.007] Starting turn for Bot1
[14:35:39.007] Bot1 rotated right to face WEST
[14:35:39.007] Bot1 executed ROTATE_RIGHT
[14:35:39.007] Starting turn for Bot4
[14:35:39.007] Bot4 rotated left to face EAST
[14:35:39.007] Bot4 executed ROTATE_LEFT
[14:35:39.007] Bot4 rotated left to face NORTH
[14:35:39.007] Bot4 executed ROTATE_LEFT
[14:35:39.007] Bot4 moved forward to (3,5)
[14:35:39.007] Bot4 executed MOVE_FORWARD
[14:35:39.007] Starting turn for Bot1
[14:35:39.007] Bot1 moved forward to (4,5)
[14:35:39.007] Bot1 executed MOVE_FORWARD
[14:35:39.007] Starting turn for Bot4
[14:35:39.007] Bot4 moved forward to (2,5)
[14:35:39.007] Bot4 executed MOVE_FORWARD
[14:35:39.007] Starting turn for Bot1
[14:35:39.007] Bot1 rotated left to face SOUTH
[14:35:39.007] Bot1 executed ROTATE_LEFT
[14:35:39.007] Starting turn for Bot4
[14:35:39.007] Bot4 rotated left to face WEST
[14:35:39.007] Bot4 executed ROTATE_LEFT
[14:35:39.007] Bot4 rotated left to face SOUTH
[14:35:39.007] Bot4 executed ROTATE_LEFT
[14:35:39.007] Bot4 moved forward to (3,5)
[14:35:39.007] Bot4 executed MOVE_FORWARD
[14:35:39.007] Starting turn for Bot1
[14:35:39.007] Starting turn for Bot4
[14:35:39.007] Bot4 shooting in direction SOUTH
[14:35:39.007] Bot4 hit Bot1 for 25 damage (health: 25 -> 0)
[14:35:39.007] Bot1 was destroyed!
[14:35:39.007] Bot4 is the last tank standing!
[14:35:39.007] Bot4 executed SHOOT
[14:35:39.008] Game Over! Bot4 wins!
[14:35:39.008] === Game Ended ===
