[14:35:56.470] === Game Started at 2025-02-04_14-35-56 ===
[14:35:56.470] Game initialized with 2 players
[14:35:56.470] Board size: 10
[14:35:56.470] Obstacle density: 0.05
[14:35:56.470] Max turns: 1000
[14:35:56.470] Player Bot27 starting at position (0,0) facing SOUTH
[14:35:56.470] Player Bot10 starting at position (9,9) facing NORTH
[14:35:56.470] Obstacles at positions: (0,1) (0,3) (1,0) (1,8) (9,3)
[14:35:56.470] Starting turn for Bot27
[14:35:56.470] Bot27 rotated left to face EAST
[14:35:56.470] Bot27 executed ROTATE_LEFT
[14:35:56.470] Starting turn for Bot10
[14:35:56.470] Bot10 rotated left to face WEST
[14:35:56.470] Bot10 executed ROTATE_LEFT
[14:35:56.470] Bot10 moved forward to (9,8)
[14:35:56.470] Bot10 executed MOVE_FORWARD
[14:35:56.470] Starting turn for Bot27
[14:35:56.470] Bot27 rotated right to face SOUTH
[14:35:56.470] Bot27 executed ROTATE_RIGHT
[14:35:56.470] Starting turn for Bot10
[14:35:56.470] Bot10 rotated right to face NORTH
[14:35:56.470] Bot10 executed ROTATE_RIGHT
[14:35:56.470] Bot10 moved forward to (8,8)
[14:35:56.470] Bot10 executed MOVE_FORWARD
[14:35:56.470] Starting turn for Bot27
[14:35:56.470] Bot27 rotated left to face EAST
[14:35:56.470] Bot27 executed ROTATE_LEFT
[14:35:56.470] Starting turn for Bot10
[14:35:56.470] Bot10 rotated left to face WEST
[14:35:56.470] Bot10 executed ROTATE_LEFT
[14:35:56.470] Bot10 moved forward to (8,7)
[14:35:56.470] Bot10 executed MOVE_FORWARD
[14:35:56.470] Starting turn for Bot27
[14:35:56.470] Starting turn for Bot10
[14:35:56.470] Bot10 rotated right to face NORTH
[14:35:56.470] Bot10 executed ROTATE_RIGHT
[14:35:56.470] Bot10 moved forward to (7,7)
[14:35:56.470] Bot10 executed MOVE_FORWARD
[14:35:56.470] Starting turn for Bot27
[14:35:56.470] Bot27 rotated right to face SOUTH
[14:35:56.470] Bot27 executed ROTATE_RIGHT
[14:35:56.470] Starting turn for Bot10
[14:35:56.470] Bot10 rotated left to face WEST
[14:35:56.470] Bot10 executed ROTATE_LEFT
[14:35:56.470] Bot10 moved forward to (7,6)
[14:35:56.470] Bot10 executed MOVE_FORWARD
[14:35:56.470] Starting turn for Bot27
[14:35:56.470] Bot27 rotated left to face EAST
[14:35:56.470] Bot27 executed ROTATE_LEFT
[14:35:56.470] Starting turn for Bot10
[14:35:56.470] Bot10 rotated right to face NORTH
[14:35:56.470] Bot10 executed ROTATE_RIGHT
[14:35:56.470] Bot10 moved forward to (6,6)
[14:35:56.470] Bot10 executed MOVE_FORWARD
[14:35:56.470] Starting turn for Bot27
[14:35:56.470] Starting turn for Bot10
[14:35:56.470] Bot10 rotated left to face WEST
[14:35:56.470] Bot10 executed ROTATE_LEFT
[14:35:56.470] Bot10 moved forward to (6,5)
[14:35:56.470] Bot10 executed MOVE_FORWARD
[14:35:56.470] Starting turn for Bot27
[14:35:56.470] Bot27 rotated right to face SOUTH
[14:35:56.470] Bot27 executed ROTATE_RIGHT
[14:35:56.470] Starting turn for Bot10
[14:35:56.470] Bot10 rotated right to face NORTH
[14:35:56.470] Bot10 executed ROTATE_RIGHT
[14:35:56.470] Bot10 moved forward to (5,5)
[14:35:56.470] Bot10 executed MOVE_FORWARD
[14:35:56.470] Starting turn for Bot27
[14:35:56.470] Bot27 rotated left to face EAST
[14:35:56.470] Bot27 executed ROTATE_LEFT
[14:35:56.470] Starting turn for Bot10
[14:35:56.470] Starting turn for Bot27
[14:35:56.470] Starting turn for Bot10
[14:35:56.470] Starting turn for Bot27
[14:35:56.470] Bot27 rotated right to face SOUTH
[14:35:56.470] Bot27 executed ROTATE_RIGHT
[14:35:56.470] Starting turn for Bot10
[14:35:56.470] Starting turn for Bot27
[14:35:56.470] Bot27 rotated left to face EAST
[14:35:56.470] Bot27 executed ROTATE_LEFT
[14:35:56.470] Starting turn for Bot10
[14:35:56.470] Starting turn for Bot27
[14:35:56.470] Starting turn for Bot10
[14:35:56.470] Starting turn for Bot27
[14:35:56.470] Bot27 rotated right to face SOUTH
[14:35:56.470] Bot27 executed ROTATE_RIGHT
[14:35:56.470] Starting turn for Bot10
[14:35:56.470] Starting turn for Bot27
[14:35:56.470] Bot27 rotated left to face EAST
[14:35:56.470] Bot27 executed ROTATE_LEFT
[14:35:56.470] Starting turn for Bot10
[14:35:56.470] Starting turn for Bot27
[14:35:56.470] Starting turn for Bot10
[14:35:56.470] Starting turn for Bot27
[14:35:56.470] Bot27 rotated right to face SOUTH
[14:35:56.470] Bot27 executed ROTATE_RIGHT
[14:35:56.470] Starting turn for Bot10
[14:35:56.470] Starting turn for Bot27
[14:35:56.470] Bot27 rotated left to face EAST
[14:35:56.470] Bot27 executed ROTATE_LEFT
[14:35:56.470] Starting turn for Bot10
[14:35:56.470] Starting turn for Bot27
[14:35:56.470] Starting turn for Bot10
[14:35:56.470] Starting turn for Bot27
[14:35:56.470] Bot27 rotated right to face SOUTH
[14:35:56.470] Bot27 executed ROTATE_RIGHT
[14:35:56.470] Starting turn for Bot10
[14:35:56.470] Starting turn for Bot27
[14:35:56.470] Bot27 rotated left to face EAST
[14:35:56.470] Bot27 executed ROTATE_LEFT
[14:35:56.470] Starting turn for Bot10
[14:35:56.470] Stalemate detected: State repeated 10 times, unchanged for 1 turns
[14:35:56.470] Game Over! Stalemate detected!
[14:35:56.470] Stalemate detected: State repeated 10 times, unchanged for 1 turns
