[19:20:39.434] === Game Started at 2025-01-16_19-20-39 ===
[19:20:39.434] Game initialized with 2 players
[19:20:39.434] Board size: 10
[19:20:39.434] Obstacle density: 0.05
[19:20:39.434] Max turns: 1000
[19:20:39.434] Player Bot3 starting at position (0,0) facing EAST
[19:20:39.434] Player Bot2 starting at position (9,9) facing EAST
[19:20:39.434] Obstacles at positions: (3,1) (3,9) (4,0) (5,5) (6,7)
[19:20:39.434] Starting turn for Bot3
[19:20:39.434] Bot3 moved forward to (0,1)
[19:20:39.434] Bot3 executed MOVE_FORWARD
[19:20:39.434] Starting turn for Bot2
[19:20:39.434] Bot2 rotated left to face NORTH
[19:20:39.434] Bot2 executed ROTATE_LEFT
[19:20:39.434] Bot2 rotated left to face WEST
[19:20:39.434] Bot2 executed ROTATE_LEFT
[19:20:39.434] Bot2 moved forward to (9,8)
[19:20:39.434] Bot2 executed MOVE_FORWARD
[19:20:39.434] Starting turn for Bot3
[19:20:39.434] Bot3 rotated right to face SOUTH
[19:20:39.434] Bot3 executed ROTATE_RIGHT
[19:20:39.434] Bot3 moved forward to (1,1)
[19:20:39.434] Bot3 executed MOVE_FORWARD
[19:20:39.434] Starting turn for Bot2
[19:20:39.434] Bot2 rotated right to face NORTH
[19:20:39.434] Bot2 executed ROTATE_RIGHT
[19:20:39.434] Bot2 moved forward to (8,8)
[19:20:39.434] Bot2 executed MOVE_FORWARD
[19:20:39.434] Starting turn for Bot3
[19:20:39.434] Bot3 rotated left to face EAST
[19:20:39.434] Bot3 executed ROTATE_LEFT
[19:20:39.434] Bot3 moved forward to (1,2)
[19:20:39.434] Bot3 executed MOVE_FORWARD
[19:20:39.434] Starting turn for Bot2
[19:20:39.434] Bot2 rotated left to face WEST
[19:20:39.434] Bot2 executed ROTATE_LEFT
[19:20:39.434] Bot2 moved forward to (8,7)
[19:20:39.434] Bot2 executed MOVE_FORWARD
[19:20:39.434] Starting turn for Bot3
[19:20:39.434] Bot3 rotated right to face SOUTH
[19:20:39.434] Bot3 executed ROTATE_RIGHT
[19:20:39.434] Bot3 moved forward to (2,2)
[19:20:39.434] Bot3 executed MOVE_FORWARD
[19:20:39.434] Starting turn for Bot2
[19:20:39.434] Bot2 rotated right to face NORTH
[19:20:39.434] Bot2 executed ROTATE_RIGHT
[19:20:39.434] Bot2 moved forward to (7,7)
[19:20:39.434] Bot2 executed MOVE_FORWARD
[19:20:39.434] Starting turn for Bot3
[19:20:39.434] Bot3 rotated left to face EAST
[19:20:39.434] Bot3 executed ROTATE_LEFT
[19:20:39.434] Bot3 moved forward to (2,3)
[19:20:39.434] Bot3 executed MOVE_FORWARD
[19:20:39.434] Starting turn for Bot2
[19:20:39.435] Bot2 rotated left to face WEST
[19:20:39.435] Bot2 executed ROTATE_LEFT
[19:20:39.435] Bot2 moved forward to (7,6)
[19:20:39.435] Bot2 executed MOVE_FORWARD
[19:20:39.435] Starting turn for Bot3
[19:20:39.435] Bot3 rotated right to face SOUTH
[19:20:39.435] Bot3 executed ROTATE_RIGHT
[19:20:39.435] Bot3 moved forward to (3,3)
[19:20:39.435] Bot3 executed MOVE_FORWARD
[19:20:39.435] Starting turn for Bot2
[19:20:39.435] Bot2 rotated right to face NORTH
[19:20:39.435] Bot2 executed ROTATE_RIGHT
[19:20:39.435] Bot2 moved forward to (6,6)
[19:20:39.435] Bot2 executed MOVE_FORWARD
[19:20:39.435] Starting turn for Bot3
[19:20:39.435] Bot3 rotated left to face EAST
[19:20:39.435] Bot3 executed ROTATE_LEFT
[19:20:39.435] Bot3 moved forward to (3,4)
[19:20:39.435] Bot3 executed MOVE_FORWARD
[19:20:39.435] Starting turn for Bot2
[19:20:39.435] Bot2 rotated left to face WEST
[19:20:39.435] Bot2 executed ROTATE_LEFT
[19:20:39.435] Bot2 moved forward to (6,5)
[19:20:39.435] Bot2 executed MOVE_FORWARD
[19:20:39.435] Starting turn for Bot3
[19:20:39.435] Bot3 rotated right to face SOUTH
[19:20:39.435] Bot3 executed ROTATE_RIGHT
[19:20:39.435] Bot3 moved forward to (4,4)
[19:20:39.435] Bot3 executed MOVE_FORWARD
[19:20:39.435] Starting turn for Bot2
[19:20:39.435] Bot2 rotated right to face NORTH
[19:20:39.435] Bot2 executed ROTATE_RIGHT
[19:20:39.435] Starting turn for Bot3
[19:20:39.435] Bot3 rotated left to face EAST
[19:20:39.435] Bot3 executed ROTATE_LEFT
[19:20:39.435] Bot3 moved forward to (4,5)
[19:20:39.435] Bot3 executed MOVE_FORWARD
[19:20:39.435] Starting turn for Bot2
[19:20:39.435] Starting turn for Bot3
[19:20:39.435] Bot3 rotated right to face SOUTH
[19:20:39.435] Bot3 executed ROTATE_RIGHT
[19:20:39.435] Starting turn for Bot2
[19:20:39.435] Bot2 rotated right to face EAST
[19:20:39.435] Bot2 executed ROTATE_RIGHT
[19:20:39.435] Bot2 moved forward to (6,6)
[19:20:39.435] Bot2 executed MOVE_FORWARD
[19:20:39.435] Starting turn for Bot3
[19:20:39.435] Starting turn for Bot2
[19:20:39.435] Bot2 rotated left to face NORTH
[19:20:39.435] Bot2 executed ROTATE_LEFT
[19:20:39.435] Bot2 rotated left to face WEST
[19:20:39.435] Bot2 executed ROTATE_LEFT
[19:20:39.435] Bot2 moved forward to (6,5)
[19:20:39.435] Bot2 executed MOVE_FORWARD
[19:20:39.435] Starting turn for Bot3
[19:20:39.435] Bot3 rotated left to face EAST
[19:20:39.435] Bot3 executed ROTATE_LEFT
[19:20:39.435] Bot3 rotated left to face NORTH
[19:20:39.435] Bot3 executed ROTATE_LEFT
[19:20:39.435] Bot3 moved forward to (3,5)
[19:20:39.435] Bot3 executed MOVE_FORWARD
[19:20:39.435] Starting turn for Bot2
[19:20:39.435] Bot2 rotated right to face NORTH
[19:20:39.435] Bot2 executed ROTATE_RIGHT
[19:20:39.435] Starting turn for Bot3
[19:20:39.435] Bot3 rotated left to face WEST
[19:20:39.435] Bot3 executed ROTATE_LEFT
[19:20:39.435] Bot3 rotated left to face SOUTH
[19:20:39.435] Bot3 executed ROTATE_LEFT
[19:20:39.435] Bot3 moved forward to (4,5)
[19:20:39.435] Bot3 executed MOVE_FORWARD
[19:20:39.435] Starting turn for Bot2
[19:20:39.435] Starting turn for Bot3
[19:20:39.435] Starting turn for Bot2
[19:20:39.435] Bot2 rotated right to face EAST
[19:20:39.435] Bot2 executed ROTATE_RIGHT
[19:20:39.435] Bot2 moved forward to (6,6)
[19:20:39.435] Bot2 executed MOVE_FORWARD
[19:20:39.435] Starting turn for Bot3
[19:20:39.435] Starting turn for Bot2
[19:20:39.435] Bot2 rotated left to face NORTH
[19:20:39.435] Bot2 executed ROTATE_LEFT
[19:20:39.435] Bot2 rotated left to face WEST
[19:20:39.435] Bot2 executed ROTATE_LEFT
[19:20:39.435] Bot2 moved forward to (6,5)
[19:20:39.435] Bot2 executed MOVE_FORWARD
[19:20:39.435] Starting turn for Bot3
[19:20:39.435] Bot3 rotated left to face EAST
[19:20:39.435] Bot3 executed ROTATE_LEFT
[19:20:39.435] Bot3 rotated left to face NORTH
[19:20:39.435] Bot3 executed ROTATE_LEFT
[19:20:39.436] Bot3 moved forward to (3,5)
[19:20:39.436] Bot3 executed MOVE_FORWARD
[19:20:39.436] Starting turn for Bot2
[19:20:39.436] Bot2 rotated right to face NORTH
[19:20:39.436] Bot2 executed ROTATE_RIGHT
[19:20:39.436] Starting turn for Bot3
[19:20:39.436] Bot3 rotated left to face WEST
[19:20:39.436] Bot3 executed ROTATE_LEFT
[19:20:39.436] Bot3 rotated left to face SOUTH
[19:20:39.436] Bot3 executed ROTATE_LEFT
[19:20:39.436] Bot3 moved forward to (4,5)
[19:20:39.436] Bot3 executed MOVE_FORWARD
[19:20:39.436] Starting turn for Bot2
[19:20:39.436] Starting turn for Bot3
[19:20:39.436] Starting turn for Bot2
[19:20:39.436] Bot2 rotated right to face EAST
[19:20:39.436] Bot2 executed ROTATE_RIGHT
[19:20:39.436] Bot2 moved forward to (6,6)
[19:20:39.436] Bot2 executed MOVE_FORWARD
[19:20:39.436] Starting turn for Bot3
[19:20:39.436] Starting turn for Bot2
[19:20:39.436] Bot2 rotated left to face NORTH
[19:20:39.436] Bot2 executed ROTATE_LEFT
[19:20:39.436] Bot2 rotated left to face WEST
[19:20:39.436] Bot2 executed ROTATE_LEFT
[19:20:39.436] Bot2 moved forward to (6,5)
[19:20:39.436] Bot2 executed MOVE_FORWARD
[19:20:39.436] Starting turn for Bot3
[19:20:39.436] Bot3 rotated left to face EAST
[19:20:39.436] Bot3 executed ROTATE_LEFT
[19:20:39.436] Bot3 rotated left to face NORTH
[19:20:39.436] Bot3 executed ROTATE_LEFT
[19:20:39.436] Bot3 moved forward to (3,5)
[19:20:39.436] Bot3 executed MOVE_FORWARD
[19:20:39.436] Starting turn for Bot2
[19:20:39.436] Bot2 rotated right to face NORTH
[19:20:39.436] Bot2 executed ROTATE_RIGHT
[19:20:39.436] Starting turn for Bot3
[19:20:39.436] Bot3 rotated left to face WEST
[19:20:39.436] Bot3 executed ROTATE_LEFT
[19:20:39.436] Bot3 rotated left to face SOUTH
[19:20:39.436] Bot3 executed ROTATE_LEFT
[19:20:39.436] Bot3 moved forward to (4,5)
[19:20:39.436] Bot3 executed MOVE_FORWARD
[19:20:39.436] Starting turn for Bot2
[19:20:39.436] Starting turn for Bot3
[19:20:39.436] Starting turn for Bot2
[19:20:39.436] Stalemate detected: State repeated 10 times, unchanged for 1 turns
[19:20:39.436] Game Over! Stalemate detected!
[19:20:39.436] Stalemate detected: State repeated 10 times, unchanged for 1 turns
