[14:35:57.513] === Game Started at 2025-02-04_14-35-57 ===
[14:35:57.513] Game initialized with 2 players
[14:35:57.513] Board size: 10
[14:35:57.513] Obstacle density: 0.05
[14:35:57.513] Max turns: 1000
[14:35:57.513] Player Bot27 starting at position (0,0) facing NORTH
[14:35:57.513] Player Bot11 starting at position (9,9) facing EAST
[14:35:57.513] Obstacles at positions: (1,2) (3,5) (5,6) (8,7) (8,8)
[14:35:57.513] Starting turn for Bot27
[14:35:57.513] Bot27 rotated right to face EAST
[14:35:57.513] Bot27 executed ROTATE_RIGHT
[14:35:57.513] Bot27 moved forward to (0,1)
[14:35:57.513] Bot27 executed MOVE_FORWARD
[14:35:57.513] Starting turn for Bot11
[14:35:57.513] Bot11 rotated left to face NORTH
[14:35:57.513] Bot11 executed ROTATE_LEFT
[14:35:57.513] Bot11 rotated left to face WEST
[14:35:57.513] Bot11 executed ROTATE_LEFT
[14:35:57.513] Bot11 moved forward to (9,8)
[14:35:57.513] Bot11 executed MOVE_FORWARD
[14:35:57.513] Starting turn for Bot27
[14:35:57.513] Bot27 rotated right to face SOUTH
[14:35:57.513] Bot27 executed ROTATE_RIGHT
[14:35:57.513] Bot27 moved forward to (1,1)
[14:35:57.513] Bot27 executed MOVE_FORWARD
[14:35:57.513] Starting turn for Bot11
[14:35:57.513] Bot11 rotated right to face NORTH
[14:35:57.513] Bot11 executed ROTATE_RIGHT
[14:35:57.513] Starting turn for Bot27
[14:35:57.513] Bot27 rotated left to face EAST
[14:35:57.513] Bot27 executed ROTATE_LEFT
[14:35:57.513] Starting turn for Bot11
[14:35:57.513] Starting turn for Bot27
[14:35:57.513] Starting turn for Bot11
[14:35:57.513] Bot11 rotated right to face EAST
[14:35:57.513] Bot11 executed ROTATE_RIGHT
[14:35:57.513] Bot11 moved forward to (9,9)
[14:35:57.513] Bot11 executed MOVE_FORWARD
[14:35:57.513] Starting turn for Bot27
[14:35:57.513] Bot27 rotated left to face NORTH
[14:35:57.513] Bot27 executed ROTATE_LEFT
[14:35:57.513] Bot27 moved forward to (0,1)
[14:35:57.513] Bot27 executed MOVE_FORWARD
[14:35:57.513] Starting turn for Bot11
[14:35:57.513] Bot11 rotated left to face NORTH
[14:35:57.513] Bot11 executed ROTATE_LEFT
[14:35:57.513] Bot11 rotated left to face WEST
[14:35:57.513] Bot11 executed ROTATE_LEFT
[14:35:57.513] Bot11 moved forward to (9,8)
[14:35:57.513] Bot11 executed MOVE_FORWARD
[14:35:57.513] Starting turn for Bot27
[14:35:57.513] Bot27 rotated left to face WEST
[14:35:57.513] Bot27 executed ROTATE_LEFT
[14:35:57.513] Bot27 rotated left to face SOUTH
[14:35:57.513] Bot27 executed ROTATE_LEFT
[14:35:57.513] Bot27 moved forward to (1,1)
[14:35:57.513] Bot27 executed MOVE_FORWARD
[14:35:57.513] Starting turn for Bot11
[14:35:57.513] Bot11 rotated right to face NORTH
[14:35:57.513] Bot11 executed ROTATE_RIGHT
[14:35:57.513] Starting turn for Bot27
[14:35:57.513] Bot27 rotated left to face EAST
[14:35:57.513] Bot27 executed ROTATE_LEFT
[14:35:57.513] Starting turn for Bot11
[14:35:57.513] Starting turn for Bot27
[14:35:57.513] Starting turn for Bot11
[14:35:57.513] Bot11 rotated right to face EAST
[14:35:57.513] Bot11 executed ROTATE_RIGHT
[14:35:57.513] Bot11 moved forward to (9,9)
[14:35:57.513] Bot11 executed MOVE_FORWARD
[14:35:57.513] Starting turn for Bot27
[14:35:57.513] Bot27 rotated left to face NORTH
[14:35:57.513] Bot27 executed ROTATE_LEFT
[14:35:57.513] Bot27 moved forward to (0,1)
[14:35:57.513] Bot27 executed MOVE_FORWARD
[14:35:57.513] Starting turn for Bot11
[14:35:57.513] Bot11 rotated left to face NORTH
[14:35:57.513] Bot11 executed ROTATE_LEFT
[14:35:57.513] Bot11 rotated left to face WEST
[14:35:57.513] Bot11 executed ROTATE_LEFT
[14:35:57.513] Bot11 moved forward to (9,8)
[14:35:57.513] Bot11 executed MOVE_FORWARD
[14:35:57.513] Starting turn for Bot27
[14:35:57.513] Bot27 rotated left to face WEST
[14:35:57.513] Bot27 executed ROTATE_LEFT
[14:35:57.513] Bot27 rotated left to face SOUTH
[14:35:57.513] Bot27 executed ROTATE_LEFT
[14:35:57.513] Bot27 moved forward to (1,1)
[14:35:57.513] Bot27 executed MOVE_FORWARD
[14:35:57.513] Starting turn for Bot11
[14:35:57.513] Bot11 rotated right to face NORTH
[14:35:57.513] Bot11 executed ROTATE_RIGHT
[14:35:57.513] Starting turn for Bot27
[14:35:57.513] Bot27 rotated left to face EAST
[14:35:57.513] Bot27 executed ROTATE_LEFT
[14:35:57.513] Starting turn for Bot11
[14:35:57.513] Starting turn for Bot27
[14:35:57.513] Starting turn for Bot11
[14:35:57.513] Bot11 rotated right to face EAST
[14:35:57.513] Bot11 executed ROTATE_RIGHT
[14:35:57.513] Bot11 moved forward to (9,9)
[14:35:57.513] Bot11 executed MOVE_FORWARD
[14:35:57.513] Starting turn for Bot27
[14:35:57.513] Bot27 rotated left to face NORTH
[14:35:57.513] Bot27 executed ROTATE_LEFT
[14:35:57.513] Bot27 moved forward to (0,1)
[14:35:57.513] Bot27 executed MOVE_FORWARD
[14:35:57.513] Starting turn for Bot11
[14:35:57.513] Bot11 rotated left to face NORTH
[14:35:57.513] Bot11 executed ROTATE_LEFT
[14:35:57.513] Bot11 rotated left to face WEST
[14:35:57.513] Bot11 executed ROTATE_LEFT
[14:35:57.513] Bot11 moved forward to (9,8)
[14:35:57.513] Bot11 executed MOVE_FORWARD
[14:35:57.513] Starting turn for Bot27
[14:35:57.513] Bot27 rotated left to face WEST
[14:35:57.513] Bot27 executed ROTATE_LEFT
[14:35:57.513] Bot27 rotated left to face SOUTH
[14:35:57.513] Bot27 executed ROTATE_LEFT
[14:35:57.513] Bot27 moved forward to (1,1)
[14:35:57.513] Bot27 executed MOVE_FORWARD
[14:35:57.513] Starting turn for Bot11
[14:35:57.513] Bot11 rotated right to face NORTH
[14:35:57.513] Bot11 executed ROTATE_RIGHT
[14:35:57.513] Starting turn for Bot27
[14:35:57.513] Bot27 rotated left to face EAST
[14:35:57.513] Bot27 executed ROTATE_LEFT
[14:35:57.513] Starting turn for Bot11
[14:35:57.513] Starting turn for Bot27
[14:35:57.513] Starting turn for Bot11
[14:35:57.513] Bot11 rotated right to face EAST
[14:35:57.513] Bot11 executed ROTATE_RIGHT
[14:35:57.513] Bot11 moved forward to (9,9)
[14:35:57.513] Bot11 executed MOVE_FORWARD
[14:35:57.513] Starting turn for Bot27
[14:35:57.513] Bot27 rotated left to face NORTH
[14:35:57.513] Bot27 executed ROTATE_LEFT
[14:35:57.513] Bot27 moved forward to (0,1)
[14:35:57.513] Bot27 executed MOVE_FORWARD
[14:35:57.513] Starting turn for Bot11
[14:35:57.513] Bot11 rotated left to face NORTH
[14:35:57.513] Bot11 executed ROTATE_LEFT
[14:35:57.513] Bot11 rotated left to face WEST
[14:35:57.513] Bot11 executed ROTATE_LEFT
[14:35:57.513] Bot11 moved forward to (9,8)
[14:35:57.513] Bot11 executed MOVE_FORWARD
[14:35:57.513] Starting turn for Bot27
[14:35:57.513] Bot27 rotated left to face WEST
[14:35:57.513] Bot27 executed ROTATE_LEFT
[14:35:57.513] Bot27 rotated left to face SOUTH
[14:35:57.513] Bot27 executed ROTATE_LEFT
[14:35:57.513] Bot27 moved forward to (1,1)
[14:35:57.513] Bot27 executed MOVE_FORWARD
[14:35:57.513] Starting turn for Bot11
[14:35:57.513] Bot11 rotated right to face NORTH
[14:35:57.514] Bot11 executed ROTATE_RIGHT
[14:35:57.514] Starting turn for Bot27
[14:35:57.514] Bot27 rotated left to face EAST
[14:35:57.514] Bot27 executed ROTATE_LEFT
[14:35:57.514] Starting turn for Bot11
[14:35:57.514] Starting turn for Bot27
[14:35:57.514] Starting turn for Bot11
[14:35:57.514] Stalemate detected: State repeated 10 times, unchanged for 1 turns
[14:35:57.514] Game Over! Stalemate detected!
[14:35:57.514] Stalemate detected: State repeated 10 times, unchanged for 1 turns
