[14:36:15.840] === Game Started at 2025-02-04_14-36-15 ===
[14:36:15.840] Game initialized with 2 players
[14:36:15.840] Board size: 10
[14:36:15.840] Obstacle density: 0.05
[14:36:15.840] Max turns: 1000
[14:36:15.840] Player Bot38 starting at position (0,0) facing SOUTH
[14:36:15.840] Player Bot35 starting at position (9,9) facing EAST
[14:36:15.840] Obstacles at positions: (0,1) (3,4) (5,2) (8,0) (8,3)
[14:36:15.840] Starting turn for Bot38
[14:36:15.840] Bot38 rotated left to face EAST
[14:36:15.840] Bot38 executed ROTATE_LEFT
[14:36:15.840] Starting turn for Bot35
[14:36:15.840] Bot35 rotated left to face NORTH
[14:36:15.840] Bot35 executed ROTATE_LEFT
[14:36:15.840] Bot35 rotated left to face WEST
[14:36:15.840] Bot35 executed ROTATE_LEFT
[14:36:15.840] Bot35 moved forward to (9,8)
[14:36:15.840] Bot35 executed MOVE_FORWARD
[14:36:15.840] Starting turn for Bot38
[14:36:15.840] Starting turn for Bot35
[14:36:15.840] Bot35 rotated right to face NORTH
[14:36:15.840] Bot35 executed ROTATE_RIGHT
[14:36:15.840] Bot35 moved forward to (8,8)
[14:36:15.840] Bot35 executed MOVE_FORWARD
[14:36:15.840] Starting turn for Bot38
[14:36:15.840] Bot38 rotated right to face SOUTH
[14:36:15.840] Bot38 executed ROTATE_RIGHT
[14:36:15.840] Bot38 moved forward to (1,0)
[14:36:15.840] Bot38 executed MOVE_FORWARD
[14:36:15.840] Starting turn for Bot35
[14:36:15.840] Bot35 rotated left to face WEST
[14:36:15.840] Bot35 executed ROTATE_LEFT
[14:36:15.840] Bot35 moved forward to (8,7)
[14:36:15.840] Bot35 executed MOVE_FORWARD
[14:36:15.840] Starting turn for Bot38
[14:36:15.840] Bot38 rotated left to face EAST
[14:36:15.840] Bot38 executed ROTATE_LEFT
[14:36:15.840] Bot38 moved forward to (1,1)
[14:36:15.840] Bot38 executed MOVE_FORWARD
[14:36:15.840] Starting turn for Bot35
[14:36:15.840] Bot35 rotated right to face NORTH
[14:36:15.840] Bot35 executed ROTATE_RIGHT
[14:36:15.840] Bot35 moved forward to (7,7)
[14:36:15.840] Bot35 executed MOVE_FORWARD
[14:36:15.840] Starting turn for Bot38
[14:36:15.840] Bot38 moved forward to (1,2)
[14:36:15.840] Bot38 executed MOVE_FORWARD
[14:36:15.840] Starting turn for Bot35
[14:36:15.840] Bot35 rotated left to face WEST
[14:36:15.840] Bot35 executed ROTATE_LEFT
[14:36:15.840] Bot35 moved forward to (7,6)
[14:36:15.840] Bot35 executed MOVE_FORWARD
[14:36:15.840] Starting turn for Bot38
[14:36:15.840] Bot38 rotated right to face SOUTH
[14:36:15.840] Bot38 executed ROTATE_RIGHT
[14:36:15.840] Bot38 moved forward to (2,2)
[14:36:15.840] Bot38 executed MOVE_FORWARD
[14:36:15.840] Starting turn for Bot35
[14:36:15.840] Bot35 rotated right to face NORTH
[14:36:15.840] Bot35 executed ROTATE_RIGHT
[14:36:15.840] Bot35 moved forward to (6,6)
[14:36:15.840] Bot35 executed MOVE_FORWARD
[14:36:15.840] Starting turn for Bot38
[14:36:15.840] Bot38 rotated left to face EAST
[14:36:15.840] Bot38 executed ROTATE_LEFT
[14:36:15.840] Bot38 moved forward to (2,3)
[14:36:15.840] Bot38 executed MOVE_FORWARD
[14:36:15.840] Starting turn for Bot35
[14:36:15.840] Bot35 rotated left to face WEST
[14:36:15.840] Bot35 executed ROTATE_LEFT
[14:36:15.840] Bot35 moved forward to (6,5)
[14:36:15.840] Bot35 executed MOVE_FORWARD
[14:36:15.840] Starting turn for Bot38
[14:36:15.840] Bot38 rotated right to face SOUTH
[14:36:15.840] Bot38 executed ROTATE_RIGHT
[14:36:15.840] Bot38 moved forward to (3,3)
[14:36:15.840] Bot38 executed MOVE_FORWARD
[14:36:15.840] Starting turn for Bot35
[14:36:15.840] Bot35 rotated right to face NORTH
[14:36:15.840] Bot35 executed ROTATE_RIGHT
[14:36:15.840] Bot35 moved forward to (5,5)
[14:36:15.840] Bot35 executed MOVE_FORWARD
[14:36:15.840] Starting turn for Bot38
[14:36:15.840] Bot38 rotated left to face EAST
[14:36:15.840] Bot38 executed ROTATE_LEFT
[14:36:15.840] Starting turn for Bot35
[14:36:15.840] Starting turn for Bot38
[14:36:15.840] Starting turn for Bot35
[14:36:15.840] Starting turn for Bot38
[14:36:15.840] Bot38 rotated left to face NORTH
[14:36:15.840] Bot38 executed ROTATE_LEFT
[14:36:15.840] Bot38 moved forward to (2,3)
[14:36:15.840] Bot38 executed MOVE_FORWARD
[14:36:15.840] Starting turn for Bot35
[14:36:15.840] Starting turn for Bot38
[14:36:15.840] Bot38 rotated left to face WEST
[14:36:15.840] Bot38 executed ROTATE_LEFT
[14:36:15.840] Bot38 rotated left to face SOUTH
[14:36:15.840] Bot38 executed ROTATE_LEFT
[14:36:15.840] Bot38 moved forward to (3,3)
[14:36:15.840] Bot38 executed MOVE_FORWARD
[14:36:15.840] Starting turn for Bot35
[14:36:15.840] Starting turn for Bot38
[14:36:15.840] Bot38 rotated left to face EAST
[14:36:15.840] Bot38 executed ROTATE_LEFT
[14:36:15.840] Starting turn for Bot35
[14:36:15.840] Starting turn for Bot38
[14:36:15.840] Starting turn for Bot35
[14:36:15.840] Starting turn for Bot38
[14:36:15.840] Bot38 rotated left to face NORTH
[14:36:15.840] Bot38 executed ROTATE_LEFT
[14:36:15.840] Bot38 moved forward to (2,3)
[14:36:15.840] Bot38 executed MOVE_FORWARD
[14:36:15.840] Starting turn for Bot35
[14:36:15.840] Starting turn for Bot38
[14:36:15.840] Bot38 rotated left to face WEST
[14:36:15.840] Bot38 executed ROTATE_LEFT
[14:36:15.840] Bot38 rotated left to face SOUTH
[14:36:15.840] Bot38 executed ROTATE_LEFT
[14:36:15.840] Bot38 moved forward to (3,3)
[14:36:15.840] Bot38 executed MOVE_FORWARD
[14:36:15.840] Starting turn for Bot35
[14:36:15.840] Starting turn for Bot38
[14:36:15.840] Bot38 rotated left to face EAST
[14:36:15.840] Bot38 executed ROTATE_LEFT
[14:36:15.840] Starting turn for Bot35
[14:36:15.840] Starting turn for Bot38
[14:36:15.840] Starting turn for Bot35
[14:36:15.840] Starting turn for Bot38
[14:36:15.840] Bot38 rotated left to face NORTH
[14:36:15.840] Bot38 executed ROTATE_LEFT
[14:36:15.840] Bot38 moved forward to (2,3)
[14:36:15.840] Bot38 executed MOVE_FORWARD
[14:36:15.840] Starting turn for Bot35
[14:36:15.840] Starting turn for Bot38
[14:36:15.840] Bot38 rotated left to face WEST
[14:36:15.840] Bot38 executed ROTATE_LEFT
[14:36:15.840] Bot38 rotated left to face SOUTH
[14:36:15.840] Bot38 executed ROTATE_LEFT
[14:36:15.840] Bot38 moved forward to (3,3)
[14:36:15.840] Bot38 executed MOVE_FORWARD
[14:36:15.840] Starting turn for Bot35
[14:36:15.840] Starting turn for Bot38
[14:36:15.840] Bot38 rotated left to face EAST
[14:36:15.840] Bot38 executed ROTATE_LEFT
[14:36:15.840] Starting turn for Bot35
[14:36:15.840] Stalemate detected: State repeated 10 times, unchanged for 1 turns
[14:36:15.840] Game Over! Stalemate detected!
[14:36:15.840] Stalemate detected: State repeated 10 times, unchanged for 1 turns
