[14:36:12.365] === Game Started at 2025-02-04_14-36-12 ===
[14:36:12.365] Game initialized with 2 players
[14:36:12.365] Board size: 10
[14:36:12.365] Obstacle density: 0.05
[14:36:12.365] Max turns: 1000
[14:36:12.365] Player Bot27 starting at position (0,0) facing NORTH
[14:36:12.365] Player Bot30 starting at position (9,9) facing SOUTH
[14:36:12.365] Obstacles at positions: (5,1) (6,0) (7,1) (8,5) (8,8)
[14:36:12.365] Starting turn for Bot27
[14:36:12.365] Bot27 rotated right to face EAST
[14:36:12.365] Bot27 executed ROTATE_RIGHT
[14:36:12.365] Bot27 moved forward to (0,1)
[14:36:12.365] Bot27 executed MOVE_FORWARD
[14:36:12.365] Starting turn for Bot30
[14:36:12.365] Bot30 rotated right to face WEST
[14:36:12.365] Bot30 executed ROTATE_RIGHT
[14:36:12.365] Bot30 moved forward to (9,8)
[14:36:12.365] Bot30 executed MOVE_FORWARD
[14:36:12.365] Starting turn for Bot27
[14:36:12.365] Bot27 rotated right to face SOUTH
[14:36:12.365] Bot27 executed ROTATE_RIGHT
[14:36:12.365] Bot27 moved forward to (1,1)
[14:36:12.365] Bot27 executed MOVE_FORWARD
[14:36:12.365] Starting turn for Bot30
[14:36:12.365] Bot30 rotated right to face NORTH
[14:36:12.365] Bot30 executed ROTATE_RIGHT
[14:36:12.365] Starting turn for Bot27
[14:36:12.365] Bot27 rotated left to face EAST
[14:36:12.365] Bot27 executed ROTATE_LEFT
[14:36:12.365] Bot27 moved forward to (1,2)
[14:36:12.365] Bot27 executed MOVE_FORWARD
[14:36:12.365] Starting turn for Bot30
[14:36:12.365] Starting turn for Bot27
[14:36:12.365] Bot27 rotated right to face SOUTH
[14:36:12.365] Bot27 executed ROTATE_RIGHT
[14:36:12.365] Bot27 moved forward to (2,2)
[14:36:12.365] Bot27 executed MOVE_FORWARD
[14:36:12.365] Starting turn for Bot30
[14:36:12.365] Bot30 rotated right to face EAST
[14:36:12.365] Bot30 executed ROTATE_RIGHT
[14:36:12.365] Bot30 moved forward to (9,9)
[14:36:12.365] Bot30 executed MOVE_FORWARD
[14:36:12.365] Starting turn for Bot27
[14:36:12.365] Bot27 rotated left to face EAST
[14:36:12.365] Bot27 executed ROTATE_LEFT
[14:36:12.365] Bot27 moved forward to (2,3)
[14:36:12.365] Bot27 executed MOVE_FORWARD
[14:36:12.365] Starting turn for Bot30
[14:36:12.365] Bot30 rotated left to face NORTH
[14:36:12.365] Bot30 executed ROTATE_LEFT
[14:36:12.365] Bot30 rotated left to face WEST
[14:36:12.365] Bot30 executed ROTATE_LEFT
[14:36:12.365] Bot30 moved forward to (9,8)
[14:36:12.365] Bot30 executed MOVE_FORWARD
[14:36:12.365] Starting turn for Bot27
[14:36:12.365] Bot27 rotated right to face SOUTH
[14:36:12.365] Bot27 executed ROTATE_RIGHT
[14:36:12.365] Bot27 moved forward to (3,3)
[14:36:12.365] Bot27 executed MOVE_FORWARD
[14:36:12.365] Starting turn for Bot30
[14:36:12.365] Bot30 rotated right to face NORTH
[14:36:12.365] Bot30 executed ROTATE_RIGHT
[14:36:12.365] Starting turn for Bot27
[14:36:12.365] Bot27 rotated left to face EAST
[14:36:12.365] Bot27 executed ROTATE_LEFT
[14:36:12.365] Bot27 moved forward to (3,4)
[14:36:12.365] Bot27 executed MOVE_FORWARD
[14:36:12.365] Starting turn for Bot30
[14:36:12.365] Starting turn for Bot27
[14:36:12.365] Bot27 rotated right to face SOUTH
[14:36:12.365] Bot27 executed ROTATE_RIGHT
[14:36:12.365] Bot27 moved forward to (4,4)
[14:36:12.365] Bot27 executed MOVE_FORWARD
[14:36:12.365] Starting turn for Bot30
[14:36:12.365] Bot30 rotated right to face EAST
[14:36:12.365] Bot30 executed ROTATE_RIGHT
[14:36:12.365] Bot30 moved forward to (9,9)
[14:36:12.365] Bot30 executed MOVE_FORWARD
[14:36:12.365] Starting turn for Bot27
[14:36:12.365] Bot27 rotated left to face EAST
[14:36:12.365] Bot27 executed ROTATE_LEFT
[14:36:12.365] Bot27 moved forward to (4,5)
[14:36:12.365] Bot27 executed MOVE_FORWARD
[14:36:12.365] Starting turn for Bot30
[14:36:12.365] Bot30 rotated left to face NORTH
[14:36:12.365] Bot30 executed ROTATE_LEFT
[14:36:12.365] Bot30 rotated left to face WEST
[14:36:12.365] Bot30 executed ROTATE_LEFT
[14:36:12.365] Bot30 moved forward to (9,8)
[14:36:12.365] Bot30 executed MOVE_FORWARD
[14:36:12.365] Starting turn for Bot27
[14:36:12.365] Bot27 rotated right to face SOUTH
[14:36:12.365] Bot27 executed ROTATE_RIGHT
[14:36:12.365] Bot27 moved forward to (5,5)
[14:36:12.365] Bot27 executed MOVE_FORWARD
[14:36:12.365] Starting turn for Bot30
[14:36:12.365] Bot30 rotated right to face NORTH
[14:36:12.365] Bot30 executed ROTATE_RIGHT
[14:36:12.365] Starting turn for Bot27
[14:36:12.365] Starting turn for Bot30
[14:36:12.365] Starting turn for Bot27
[14:36:12.365] Starting turn for Bot30
[14:36:12.365] Bot30 rotated right to face EAST
[14:36:12.365] Bot30 executed ROTATE_RIGHT
[14:36:12.365] Bot30 moved forward to (9,9)
[14:36:12.365] Bot30 executed MOVE_FORWARD
[14:36:12.365] Starting turn for Bot27
[14:36:12.365] Starting turn for Bot30
[14:36:12.365] Bot30 rotated left to face NORTH
[14:36:12.365] Bot30 executed ROTATE_LEFT
[14:36:12.365] Bot30 rotated left to face WEST
[14:36:12.365] Bot30 executed ROTATE_LEFT
[14:36:12.365] Bot30 moved forward to (9,8)
[14:36:12.365] Bot30 executed MOVE_FORWARD
[14:36:12.365] Starting turn for Bot27
[14:36:12.365] Starting turn for Bot30
[14:36:12.365] Bot30 rotated right to face NORTH
[14:36:12.365] Bot30 executed ROTATE_RIGHT
[14:36:12.365] Starting turn for Bot27
[14:36:12.365] Starting turn for Bot30
[14:36:12.365] Starting turn for Bot27
[14:36:12.365] Starting turn for Bot30
[14:36:12.365] Bot30 rotated right to face EAST
[14:36:12.365] Bot30 executed ROTATE_RIGHT
[14:36:12.365] Bot30 moved forward to (9,9)
[14:36:12.365] Bot30 executed MOVE_FORWARD
[14:36:12.365] Starting turn for Bot27
[14:36:12.365] Starting turn for Bot30
[14:36:12.365] Bot30 rotated left to face NORTH
[14:36:12.365] Bot30 executed ROTATE_LEFT
[14:36:12.365] Bot30 rotated left to face WEST
[14:36:12.365] Bot30 executed ROTATE_LEFT
[14:36:12.365] Bot30 moved forward to (9,8)
[14:36:12.365] Bot30 executed MOVE_FORWARD
[14:36:12.365] Starting turn for Bot27
[14:36:12.365] Starting turn for Bot30
[14:36:12.365] Bot30 rotated right to face NORTH
[14:36:12.365] Bot30 executed ROTATE_RIGHT
[14:36:12.365] Starting turn for Bot27
[14:36:12.365] Starting turn for Bot30
[14:36:12.365] Starting turn for Bot27
[14:36:12.365] Starting turn for Bot30
[14:36:12.365] Stalemate detected: State repeated 10 times, unchanged for 2 turns
[14:36:12.365] Game Over! Stalemate detected!
[14:36:12.365] Stalemate detected: State repeated 10 times, unchanged for 2 turns
