[14:35:58.860] === Game Started at 2025-02-04_14-35-58 ===
[14:35:58.860] Game initialized with 2 players
[14:35:58.860] Board size: 10
[14:35:58.860] Obstacle density: 0.05
[14:35:58.860] Max turns: 1000
[14:35:58.860] Player Bot30 starting at position (0,0) facing SOUTH
[14:35:58.860] Player Bot12 starting at position (9,9) facing EAST
[14:35:58.860] Obstacles at positions: (1,2) (2,1) (4,9) (5,1) (6,3)
[14:35:58.860] Starting turn for Bot30
[14:35:58.860] Bot30 rotated left to face EAST
[14:35:58.860] Bot30 executed ROTATE_LEFT
[14:35:58.860] Bot30 moved forward to (0,1)
[14:35:58.860] Bot30 executed MOVE_FORWARD
[14:35:58.860] Starting turn for Bot12
[14:35:58.860] Bot12 rotated left to face NORTH
[14:35:58.860] Bot12 executed ROTATE_LEFT
[14:35:58.860] Bot12 rotated left to face WEST
[14:35:58.860] Bot12 executed ROTATE_LEFT
[14:35:58.860] Bot12 moved forward to (9,8)
[14:35:58.860] Bot12 executed MOVE_FORWARD
[14:35:58.860] Starting turn for Bot30
[14:35:58.860] Bot30 rotated right to face SOUTH
[14:35:58.860] Bot30 executed ROTATE_RIGHT
[14:35:58.860] Bot30 moved forward to (1,1)
[14:35:58.860] Bot30 executed MOVE_FORWARD
[14:35:58.860] Starting turn for Bot12
[14:35:58.860] Bot12 rotated right to face NORTH
[14:35:58.860] Bot12 executed ROTATE_RIGHT
[14:35:58.860] Bot12 moved forward to (8,8)
[14:35:58.860] Bot12 executed MOVE_FORWARD
[14:35:58.860] Starting turn for Bot30
[14:35:58.860] Bot30 rotated left to face EAST
[14:35:58.860] Bot30 executed ROTATE_LEFT
[14:35:58.860] Starting turn for Bot12
[14:35:58.860] Bot12 rotated left to face WEST
[14:35:58.860] Bot12 executed ROTATE_LEFT
[14:35:58.860] Bot12 moved forward to (8,7)
[14:35:58.860] Bot12 executed MOVE_FORWARD
[14:35:58.861] Starting turn for Bot30
[14:35:58.861] Starting turn for Bot12
[14:35:58.861] Bot12 rotated right to face NORTH
[14:35:58.861] Bot12 executed ROTATE_RIGHT
[14:35:58.861] Bot12 moved forward to (7,7)
[14:35:58.861] Bot12 executed MOVE_FORWARD
[14:35:58.861] Starting turn for Bot30
[14:35:58.861] Bot30 rotated left to face NORTH
[14:35:58.861] Bot30 executed ROTATE_LEFT
[14:35:58.861] Bot30 moved forward to (0,1)
[14:35:58.861] Bot30 executed MOVE_FORWARD
[14:35:58.861] Starting turn for Bot12
[14:35:58.861] Bot12 rotated left to face WEST
[14:35:58.861] Bot12 executed ROTATE_LEFT
[14:35:58.861] Bot12 moved forward to (7,6)
[14:35:58.861] Bot12 executed MOVE_FORWARD
[14:35:58.861] Starting turn for Bot30
[14:35:58.861] Bot30 rotated left to face WEST
[14:35:58.861] Bot30 executed ROTATE_LEFT
[14:35:58.861] Bot30 rotated left to face SOUTH
[14:35:58.861] Bot30 executed ROTATE_LEFT
[14:35:58.861] Bot30 moved forward to (1,1)
[14:35:58.861] Bot30 executed MOVE_FORWARD
[14:35:58.861] Starting turn for Bot12
[14:35:58.861] Bot12 rotated right to face NORTH
[14:35:58.861] Bot12 executed ROTATE_RIGHT
[14:35:58.861] Bot12 moved forward to (6,6)
[14:35:58.861] Bot12 executed MOVE_FORWARD
[14:35:58.861] Starting turn for Bot30
[14:35:58.861] Bot30 rotated left to face EAST
[14:35:58.861] Bot30 executed ROTATE_LEFT
[14:35:58.861] Starting turn for Bot12
[14:35:58.861] Bot12 rotated left to face WEST
[14:35:58.861] Bot12 executed ROTATE_LEFT
[14:35:58.861] Bot12 moved forward to (6,5)
[14:35:58.861] Bot12 executed MOVE_FORWARD
[14:35:58.861] Starting turn for Bot30
[14:35:58.861] Starting turn for Bot12
[14:35:58.861] Bot12 rotated right to face NORTH
[14:35:58.861] Bot12 executed ROTATE_RIGHT
[14:35:58.861] Bot12 moved forward to (5,5)
[14:35:58.861] Bot12 executed MOVE_FORWARD
[14:35:58.861] Starting turn for Bot30
[14:35:58.861] Bot30 rotated left to face NORTH
[14:35:58.861] Bot30 executed ROTATE_LEFT
[14:35:58.861] Bot30 moved forward to (0,1)
[14:35:58.861] Bot30 executed MOVE_FORWARD
[14:35:58.861] Starting turn for Bot12
[14:35:58.861] Starting turn for Bot30
[14:35:58.861] Bot30 rotated left to face WEST
[14:35:58.861] Bot30 executed ROTATE_LEFT
[14:35:58.861] Bot30 rotated left to face SOUTH
[14:35:58.861] Bot30 executed ROTATE_LEFT
[14:35:58.861] Bot30 moved forward to (1,1)
[14:35:58.861] Bot30 executed MOVE_FORWARD
[14:35:58.861] Starting turn for Bot12
[14:35:58.861] Starting turn for Bot30
[14:35:58.861] Bot30 rotated left to face EAST
[14:35:58.861] Bot30 executed ROTATE_LEFT
[14:35:58.861] Starting turn for Bot12
[14:35:58.861] Starting turn for Bot30
[14:35:58.861] Starting turn for Bot12
[14:35:58.861] Starting turn for Bot30
[14:35:58.861] Bot30 rotated left to face NORTH
[14:35:58.861] Bot30 executed ROTATE_LEFT
[14:35:58.861] Bot30 moved forward to (0,1)
[14:35:58.861] Bot30 executed MOVE_FORWARD
[14:35:58.861] Starting turn for Bot12
[14:35:58.861] Starting turn for Bot30
[14:35:58.861] Bot30 rotated left to face WEST
[14:35:58.861] Bot30 executed ROTATE_LEFT
[14:35:58.861] Bot30 rotated left to face SOUTH
[14:35:58.861] Bot30 executed ROTATE_LEFT
[14:35:58.861] Bot30 moved forward to (1,1)
[14:35:58.861] Bot30 executed MOVE_FORWARD
[14:35:58.861] Starting turn for Bot12
[14:35:58.861] Starting turn for Bot30
[14:35:58.861] Bot30 rotated left to face EAST
[14:35:58.861] Bot30 executed ROTATE_LEFT
[14:35:58.861] Starting turn for Bot12
[14:35:58.861] Starting turn for Bot30
[14:35:58.861] Starting turn for Bot12
[14:35:58.861] Starting turn for Bot30
[14:35:58.861] Bot30 rotated left to face NORTH
[14:35:58.861] Bot30 executed ROTATE_LEFT
[14:35:58.861] Bot30 moved forward to (0,1)
[14:35:58.861] Bot30 executed MOVE_FORWARD
[14:35:58.861] Starting turn for Bot12
[14:35:58.861] Starting turn for Bot30
[14:35:58.861] Bot30 rotated left to face WEST
[14:35:58.861] Bot30 executed ROTATE_LEFT
[14:35:58.861] Bot30 rotated left to face SOUTH
[14:35:58.861] Bot30 executed ROTATE_LEFT
[14:35:58.861] Bot30 moved forward to (1,1)
[14:35:58.861] Bot30 executed MOVE_FORWARD
[14:35:58.861] Starting turn for Bot12
[14:35:58.861] Starting turn for Bot30
[14:35:58.861] Bot30 rotated left to face EAST
[14:35:58.861] Bot30 executed ROTATE_LEFT
[14:35:58.861] Starting turn for Bot12
[14:35:58.861] Starting turn for Bot30
[14:35:58.861] Starting turn for Bot12
[14:35:58.861] Stalemate detected: State repeated 10 times, unchanged for 3 turns
[14:35:58.861] Game Over! Stalemate detected!
[14:35:58.861] Stalemate detected: State repeated 10 times, unchanged for 3 turns
