[14:36:01.328] === Game Started at 2025-02-04_14-36-01 ===
[14:36:01.328] Game initialized with 2 players
[14:36:01.328] Board size: 10
[14:36:01.328] Obstacle density: 0.05
[14:36:01.328] Max turns: 1000
[14:36:01.328] Player Bot14 starting at position (0,0) facing NORTH
[14:36:01.328] Player Bot31 starting at position (9,9) facing SOUTH
[14:36:01.328] Obstacles at positions: (1,3) (5,5) (5,6) (6,7) (7,0)
[14:36:01.328] Starting turn for Bot14
[14:36:01.328] Bot14 rotated right to face EAST
[14:36:01.328] Bot14 executed ROTATE_RIGHT
[14:36:01.328] Bot14 moved forward to (0,1)
[14:36:01.328] Bot14 executed MOVE_FORWARD
[14:36:01.328] Starting turn for Bot31
[14:36:01.328] Bot31 rotated right to face WEST
[14:36:01.328] Bot31 executed ROTATE_RIGHT
[14:36:01.328] Bot31 moved forward to (9,8)
[14:36:01.328] Bot31 executed MOVE_FORWARD
[14:36:01.328] Starting turn for Bot14
[14:36:01.328] Bot14 rotated right to face SOUTH
[14:36:01.328] Bot14 executed ROTATE_RIGHT
[14:36:01.328] Bot14 moved forward to (1,1)
[14:36:01.328] Bot14 executed MOVE_FORWARD
[14:36:01.328] Starting turn for Bot31
[14:36:01.328] Bot31 rotated right to face NORTH
[14:36:01.328] Bot31 executed ROTATE_RIGHT
[14:36:01.328] Bot31 moved forward to (8,8)
[14:36:01.328] Bot31 executed MOVE_FORWARD
[14:36:01.328] Starting turn for Bot14
[14:36:01.328] Bot14 rotated left to face EAST
[14:36:01.328] Bot14 executed ROTATE_LEFT
[14:36:01.328] Bot14 moved forward to (1,2)
[14:36:01.328] Bot14 executed MOVE_FORWARD
[14:36:01.328] Starting turn for Bot31
[14:36:01.328] Bot31 rotated left to face WEST
[14:36:01.328] Bot31 executed ROTATE_LEFT
[14:36:01.328] Bot31 moved forward to (8,7)
[14:36:01.328] Bot31 executed MOVE_FORWARD
[14:36:01.328] Starting turn for Bot14
[14:36:01.328] Bot14 rotated right to face SOUTH
[14:36:01.328] Bot14 executed ROTATE_RIGHT
[14:36:01.328] Bot14 moved forward to (2,2)
[14:36:01.328] Bot14 executed MOVE_FORWARD
[14:36:01.328] Starting turn for Bot31
[14:36:01.328] Bot31 rotated right to face NORTH
[14:36:01.328] Bot31 executed ROTATE_RIGHT
[14:36:01.328] Bot31 moved forward to (7,7)
[14:36:01.328] Bot31 executed MOVE_FORWARD
[14:36:01.328] Starting turn for Bot14
[14:36:01.328] Bot14 rotated left to face EAST
[14:36:01.328] Bot14 executed ROTATE_LEFT
[14:36:01.328] Bot14 moved forward to (2,3)
[14:36:01.328] Bot14 executed MOVE_FORWARD
[14:36:01.328] Starting turn for Bot31
[14:36:01.328] Bot31 rotated left to face WEST
[14:36:01.328] Bot31 executed ROTATE_LEFT
[14:36:01.328] Bot31 moved forward to (7,6)
[14:36:01.328] Bot31 executed MOVE_FORWARD
[14:36:01.328] Starting turn for Bot14
[14:36:01.328] Bot14 rotated right to face SOUTH
[14:36:01.328] Bot14 executed ROTATE_RIGHT
[14:36:01.328] Bot14 moved forward to (3,3)
[14:36:01.328] Bot14 executed MOVE_FORWARD
[14:36:01.328] Starting turn for Bot31
[14:36:01.328] Bot31 rotated right to face NORTH
[14:36:01.328] Bot31 executed ROTATE_RIGHT
[14:36:01.328] Bot31 moved forward to (6,6)
[14:36:01.328] Bot31 executed MOVE_FORWARD
[14:36:01.328] Starting turn for Bot14
[14:36:01.328] Bot14 rotated left to face EAST
[14:36:01.328] Bot14 executed ROTATE_LEFT
[14:36:01.328] Bot14 moved forward to (3,4)
[14:36:01.328] Bot14 executed MOVE_FORWARD
[14:36:01.328] Starting turn for Bot31
[14:36:01.328] Bot31 rotated left to face WEST
[14:36:01.328] Bot31 executed ROTATE_LEFT
[14:36:01.328] Bot31 moved forward to (6,5)
[14:36:01.328] Bot31 executed MOVE_FORWARD
[14:36:01.328] Starting turn for Bot14
[14:36:01.328] Bot14 rotated right to face SOUTH
[14:36:01.328] Bot14 executed ROTATE_RIGHT
[14:36:01.328] Bot14 moved forward to (4,4)
[14:36:01.328] Bot14 executed MOVE_FORWARD
[14:36:01.328] Starting turn for Bot31
[14:36:01.328] Bot31 rotated right to face NORTH
[14:36:01.328] Bot31 executed ROTATE_RIGHT
[14:36:01.328] Starting turn for Bot14
[14:36:01.328] Bot14 rotated left to face EAST
[14:36:01.328] Bot14 executed ROTATE_LEFT
[14:36:01.328] Bot14 moved forward to (4,5)
[14:36:01.328] Bot14 executed MOVE_FORWARD
[14:36:01.328] Starting turn for Bot31
[14:36:01.328] Starting turn for Bot14
[14:36:01.328] Bot14 rotated right to face SOUTH
[14:36:01.328] Bot14 executed ROTATE_RIGHT
[14:36:01.328] Starting turn for Bot31
[14:36:01.328] Bot31 rotated right to face EAST
[14:36:01.328] Bot31 executed ROTATE_RIGHT
[14:36:01.328] Bot31 moved forward to (6,6)
[14:36:01.328] Bot31 executed MOVE_FORWARD
[14:36:01.328] Starting turn for Bot14
[14:36:01.328] Starting turn for Bot31
[14:36:01.328] Bot31 rotated left to face NORTH
[14:36:01.328] Bot31 executed ROTATE_LEFT
[14:36:01.328] Bot31 rotated left to face WEST
[14:36:01.328] Bot31 executed ROTATE_LEFT
[14:36:01.328] Bot31 moved forward to (6,5)
[14:36:01.328] Bot31 executed MOVE_FORWARD
[14:36:01.328] Starting turn for Bot14
[14:36:01.328] Bot14 rotated left to face EAST
[14:36:01.328] Bot14 executed ROTATE_LEFT
[14:36:01.328] Bot14 rotated left to face NORTH
[14:36:01.328] Bot14 executed ROTATE_LEFT
[14:36:01.328] Bot14 moved forward to (3,5)
[14:36:01.328] Bot14 executed MOVE_FORWARD
[14:36:01.328] Starting turn for Bot31
[14:36:01.328] Bot31 rotated right to face NORTH
[14:36:01.328] Bot31 executed ROTATE_RIGHT
[14:36:01.328] Starting turn for Bot14
[14:36:01.328] Bot14 rotated left to face WEST
[14:36:01.328] Bot14 executed ROTATE_LEFT
[14:36:01.328] Bot14 rotated left to face SOUTH
[14:36:01.328] Bot14 executed ROTATE_LEFT
[14:36:01.328] Bot14 moved forward to (4,5)
[14:36:01.328] Bot14 executed MOVE_FORWARD
[14:36:01.328] Starting turn for Bot31
[14:36:01.328] Starting turn for Bot14
[14:36:01.328] Starting turn for Bot31
[14:36:01.328] Bot31 rotated right to face EAST
[14:36:01.328] Bot31 executed ROTATE_RIGHT
[14:36:01.328] Bot31 moved forward to (6,6)
[14:36:01.328] Bot31 executed MOVE_FORWARD
[14:36:01.328] Starting turn for Bot14
[14:36:01.328] Starting turn for Bot31
[14:36:01.328] Bot31 rotated left to face NORTH
[14:36:01.328] Bot31 executed ROTATE_LEFT
[14:36:01.328] Bot31 rotated left to face WEST
[14:36:01.328] Bot31 executed ROTATE_LEFT
[14:36:01.328] Bot31 moved forward to (6,5)
[14:36:01.328] Bot31 executed MOVE_FORWARD
[14:36:01.328] Starting turn for Bot14
[14:36:01.328] Bot14 rotated left to face EAST
[14:36:01.328] Bot14 executed ROTATE_LEFT
[14:36:01.328] Bot14 rotated left to face NORTH
[14:36:01.328] Bot14 executed ROTATE_LEFT
[14:36:01.329] Bot14 moved forward to (3,5)
[14:36:01.329] Bot14 executed MOVE_FORWARD
[14:36:01.329] Starting turn for Bot31
[14:36:01.329] Bot31 rotated right to face NORTH
[14:36:01.329] Bot31 executed ROTATE_RIGHT
[14:36:01.329] Starting turn for Bot14
[14:36:01.329] Bot14 rotated left to face WEST
[14:36:01.329] Bot14 executed ROTATE_LEFT
[14:36:01.329] Bot14 rotated left to face SOUTH
[14:36:01.329] Bot14 executed ROTATE_LEFT
[14:36:01.329] Bot14 moved forward to (4,5)
[14:36:01.329] Bot14 executed MOVE_FORWARD
[14:36:01.329] Starting turn for Bot31
[14:36:01.329] Starting turn for Bot14
[14:36:01.329] Starting turn for Bot31
[14:36:01.329] Bot31 rotated right to face EAST
[14:36:01.329] Bot31 executed ROTATE_RIGHT
[14:36:01.329] Bot31 moved forward to (6,6)
[14:36:01.329] Bot31 executed MOVE_FORWARD
[14:36:01.329] Starting turn for Bot14
[14:36:01.329] Starting turn for Bot31
[14:36:01.329] Bot31 rotated left to face NORTH
[14:36:01.329] Bot31 executed ROTATE_LEFT
[14:36:01.329] Bot31 rotated left to face WEST
[14:36:01.329] Bot31 executed ROTATE_LEFT
[14:36:01.329] Bot31 moved forward to (6,5)
[14:36:01.329] Bot31 executed MOVE_FORWARD
[14:36:01.329] Starting turn for Bot14
[14:36:01.329] Bot14 rotated left to face EAST
[14:36:01.329] Bot14 executed ROTATE_LEFT
[14:36:01.329] Bot14 rotated left to face NORTH
[14:36:01.329] Bot14 executed ROTATE_LEFT
[14:36:01.329] Bot14 moved forward to (3,5)
[14:36:01.329] Bot14 executed MOVE_FORWARD
[14:36:01.329] Starting turn for Bot31
[14:36:01.329] Bot31 rotated right to face NORTH
[14:36:01.329] Bot31 executed ROTATE_RIGHT
[14:36:01.329] Starting turn for Bot14
[14:36:01.329] Bot14 rotated left to face WEST
[14:36:01.329] Bot14 executed ROTATE_LEFT
[14:36:01.329] Bot14 rotated left to face SOUTH
[14:36:01.329] Bot14 executed ROTATE_LEFT
[14:36:01.329] Bot14 moved forward to (4,5)
[14:36:01.329] Bot14 executed MOVE_FORWARD
[14:36:01.329] Starting turn for Bot31
[14:36:01.329] Starting turn for Bot14
[14:36:01.329] Starting turn for Bot31
[14:36:01.329] Stalemate detected: State repeated 10 times, unchanged for 1 turns
[14:36:01.329] Game Over! Stalemate detected!
[14:36:01.329] Stalemate detected: State repeated 10 times, unchanged for 1 turns
