[14:35:58.645] === Game Started at 2025-02-04_14-35-58 ===
[14:35:58.645] Game initialized with 2 players
[14:35:58.645] Board size: 10
[14:35:58.645] Obstacle density: 0.05
[14:35:58.645] Max turns: 1000
[14:35:58.645] Player Bot24 starting at position (0,0) facing WEST
[14:35:58.645] Player Bot12 starting at position (9,9) facing SOUTH
[14:35:58.645] Obstacles at positions: (1,9) (2,8) (3,0) (3,5) (8,2)
[14:35:58.645] Starting turn for Bot24
[14:35:58.645] Bot24 rotated left to face SOUTH
[14:35:58.645] Bot24 executed ROTATE_LEFT
[14:35:58.645] Bot24 rotated left to face EAST
[14:35:58.645] Bot24 executed ROTATE_LEFT
[14:35:58.645] Bot24 moved forward to (0,1)
[14:35:58.645] Bot24 executed MOVE_FORWARD
[14:35:58.645] Starting turn for Bot12
[14:35:58.645] Bot12 rotated right to face WEST
[14:35:58.645] Bot12 executed ROTATE_RIGHT
[14:35:58.645] Bot12 moved forward to (9,8)
[14:35:58.645] Bot12 executed MOVE_FORWARD
[14:35:58.645] Starting turn for Bot24
[14:35:58.645] Bot24 rotated right to face SOUTH
[14:35:58.645] Bot24 executed ROTATE_RIGHT
[14:35:58.645] Bot24 moved forward to (1,1)
[14:35:58.645] Bot24 executed MOVE_FORWARD
[14:35:58.645] Starting turn for Bot12
[14:35:58.645] Bot12 rotated right to face NORTH
[14:35:58.645] Bot12 executed ROTATE_RIGHT
[14:35:58.645] Bot12 moved forward to (8,8)
[14:35:58.645] Bot12 executed MOVE_FORWARD
[14:35:58.645] Starting turn for Bot24
[14:35:58.645] Bot24 rotated left to face EAST
[14:35:58.645] Bot24 executed ROTATE_LEFT
[14:35:58.645] Bot24 moved forward to (1,2)
[14:35:58.645] Bot24 executed MOVE_FORWARD
[14:35:58.645] Starting turn for Bot12
[14:35:58.645] Bot12 rotated left to face WEST
[14:35:58.645] Bot12 executed ROTATE_LEFT
[14:35:58.645] Bot12 moved forward to (8,7)
[14:35:58.645] Bot12 executed MOVE_FORWARD
[14:35:58.645] Starting turn for Bot24
[14:35:58.645] Bot24 rotated right to face SOUTH
[14:35:58.645] Bot24 executed ROTATE_RIGHT
[14:35:58.645] Bot24 moved forward to (2,2)
[14:35:58.645] Bot24 executed MOVE_FORWARD
[14:35:58.645] Starting turn for Bot12
[14:35:58.645] Bot12 rotated right to face NORTH
[14:35:58.645] Bot12 executed ROTATE_RIGHT
[14:35:58.645] Bot12 moved forward to (7,7)
[14:35:58.645] Bot12 executed MOVE_FORWARD
[14:35:58.645] Starting turn for Bot24
[14:35:58.645] Bot24 rotated left to face EAST
[14:35:58.645] Bot24 executed ROTATE_LEFT
[14:35:58.645] Bot24 moved forward to (2,3)
[14:35:58.645] Bot24 executed MOVE_FORWARD
[14:35:58.645] Starting turn for Bot12
[14:35:58.645] Bot12 rotated left to face WEST
[14:35:58.645] Bot12 executed ROTATE_LEFT
[14:35:58.645] Bot12 moved forward to (7,6)
[14:35:58.645] Bot12 executed MOVE_FORWARD
[14:35:58.645] Starting turn for Bot24
[14:35:58.645] Bot24 rotated right to face SOUTH
[14:35:58.645] Bot24 executed ROTATE_RIGHT
[14:35:58.645] Bot24 moved forward to (3,3)
[14:35:58.645] Bot24 executed MOVE_FORWARD
[14:35:58.645] Starting turn for Bot12
[14:35:58.645] Bot12 rotated right to face NORTH
[14:35:58.645] Bot12 executed ROTATE_RIGHT
[14:35:58.645] Bot12 moved forward to (6,6)
[14:35:58.645] Bot12 executed MOVE_FORWARD
[14:35:58.645] Starting turn for Bot24
[14:35:58.645] Bot24 rotated left to face EAST
[14:35:58.645] Bot24 executed ROTATE_LEFT
[14:35:58.645] Bot24 moved forward to (3,4)
[14:35:58.645] Bot24 executed MOVE_FORWARD
[14:35:58.645] Starting turn for Bot12
[14:35:58.645] Bot12 rotated left to face WEST
[14:35:58.645] Bot12 executed ROTATE_LEFT
[14:35:58.645] Bot12 moved forward to (6,5)
[14:35:58.645] Bot12 executed MOVE_FORWARD
[14:35:58.645] Starting turn for Bot24
[14:35:58.645] Bot24 rotated right to face SOUTH
[14:35:58.645] Bot24 executed ROTATE_RIGHT
[14:35:58.645] Bot24 moved forward to (4,4)
[14:35:58.645] Bot24 executed MOVE_FORWARD
[14:35:58.645] Starting turn for Bot12
[14:35:58.645] Bot12 rotated right to face NORTH
[14:35:58.645] Bot12 executed ROTATE_RIGHT
[14:35:58.645] Bot12 moved forward to (5,5)
[14:35:58.645] Bot12 executed MOVE_FORWARD
[14:35:58.645] Starting turn for Bot24
[14:35:58.645] Bot24 rotated left to face EAST
[14:35:58.645] Bot24 executed ROTATE_LEFT
[14:35:58.645] Bot24 moved forward to (4,5)
[14:35:58.646] Bot24 executed MOVE_FORWARD
[14:35:58.646] Starting turn for Bot12
[14:35:58.646] Bot12 shooting in direction NORTH
[14:35:58.646] Bot12 hit Bot24 for 25 damage (health: 100 -> 75)
[14:35:58.646] Bot12 executed SHOOT
[14:35:58.646] Starting turn for Bot24
[14:35:58.646] Bot24 rotated right to face SOUTH
[14:35:58.646] Bot24 executed ROTATE_RIGHT
[14:35:58.646] Starting turn for Bot12
[14:35:58.646] Bot12 shooting in direction NORTH
[14:35:58.646] Bot12 hit Bot24 for 25 damage (health: 75 -> 50)
[14:35:58.646] Bot12 executed SHOOT
[14:35:58.646] Starting turn for Bot24
[14:35:58.646] Bot24 shooting in direction SOUTH
[14:35:58.646] Bot24 hit Bot12 for 25 damage (health: 100 -> 75)
[14:35:58.646] Bot24 executed SHOOT
[14:35:58.646] Starting turn for Bot12
[14:35:58.646] Bot12 shooting in direction NORTH
[14:35:58.646] Bot12 hit Bot24 for 25 damage (health: 50 -> 25)
[14:35:58.646] Bot12 executed SHOOT
[14:35:58.646] Starting turn for Bot24
[14:35:58.646] Bot24 shooting in direction SOUTH
[14:35:58.646] Bot24 hit Bot12 for 25 damage (health: 75 -> 50)
[14:35:58.646] Bot24 executed SHOOT
[14:35:58.646] Starting turn for Bot12
[14:35:58.646] Bot12 shooting in direction NORTH
[14:35:58.646] Bot12 hit Bot24 for 25 damage (health: 25 -> 0)
[14:35:58.646] Bot24 was destroyed!
[14:35:58.646] Bot12 is the last tank standing!
[14:35:58.646] Bot12 executed SHOOT
[14:35:58.646] Game Over! Bot12 wins!
[14:35:58.646] === Game Ended ===
