[14:36:15.313] === Game Started at 2025-02-04_14-36-15 ===
[14:36:15.313] Game initialized with 2 players
[14:36:15.313] Board size: 10
[14:36:15.313] Obstacle density: 0.05
[14:36:15.313] Max turns: 1000
[14:36:15.313] Player Bot33 starting at position (0,0) facing NORTH
[14:36:15.313] Player Bot37 starting at position (9,9) facing EAST
[14:36:15.313] Obstacles at positions: (1,2) (2,4) (3,8) (5,3) (6,2)
[14:36:15.313] Starting turn for Bot33
[14:36:15.313] Bot33 rotated right to face EAST
[14:36:15.314] Bot33 executed ROTATE_RIGHT
[14:36:15.314] Bot33 moved forward to (0,1)
[14:36:15.314] Bot33 executed MOVE_FORWARD
[14:36:15.314] Starting turn for Bot37
[14:36:15.314] Bot37 rotated left to face NORTH
[14:36:15.314] Bot37 executed ROTATE_LEFT
[14:36:15.314] Bot37 rotated left to face WEST
[14:36:15.314] Bot37 executed ROTATE_LEFT
[14:36:15.314] Bot37 moved forward to (9,8)
[14:36:15.314] Bot37 executed MOVE_FORWARD
[14:36:15.314] Starting turn for Bot33
[14:36:15.314] Bot33 rotated right to face SOUTH
[14:36:15.314] Bot33 executed ROTATE_RIGHT
[14:36:15.314] Bot33 moved forward to (1,1)
[14:36:15.314] Bot33 executed MOVE_FORWARD
[14:36:15.314] Starting turn for Bot37
[14:36:15.314] Bot37 rotated right to face NORTH
[14:36:15.314] Bot37 executed ROTATE_RIGHT
[14:36:15.314] Bot37 moved forward to (8,8)
[14:36:15.314] Bot37 executed MOVE_FORWARD
[14:36:15.314] Starting turn for Bot33
[14:36:15.314] Bot33 rotated left to face EAST
[14:36:15.314] Bot33 executed ROTATE_LEFT
[14:36:15.314] Starting turn for Bot37
[14:36:15.314] Bot37 rotated left to face WEST
[14:36:15.314] Bot37 executed ROTATE_LEFT
[14:36:15.314] Bot37 moved forward to (8,7)
[14:36:15.314] Bot37 executed MOVE_FORWARD
[14:36:15.314] Starting turn for Bot33
[14:36:15.314] Starting turn for Bot37
[14:36:15.314] Bot37 rotated right to face NORTH
[14:36:15.314] Bot37 executed ROTATE_RIGHT
[14:36:15.314] Bot37 moved forward to (7,7)
[14:36:15.314] Bot37 executed MOVE_FORWARD
[14:36:15.314] Starting turn for Bot33
[14:36:15.314] Bot33 rotated left to face NORTH
[14:36:15.314] Bot33 executed ROTATE_LEFT
[14:36:15.314] Bot33 moved forward to (0,1)
[14:36:15.314] Bot33 executed MOVE_FORWARD
[14:36:15.314] Starting turn for Bot37
[14:36:15.314] Bot37 rotated left to face WEST
[14:36:15.314] Bot37 executed ROTATE_LEFT
[14:36:15.314] Bot37 moved forward to (7,6)
[14:36:15.314] Bot37 executed MOVE_FORWARD
[14:36:15.314] Starting turn for Bot33
[14:36:15.314] Bot33 rotated left to face WEST
[14:36:15.314] Bot33 executed ROTATE_LEFT
[14:36:15.314] Bot33 rotated left to face SOUTH
[14:36:15.314] Bot33 executed ROTATE_LEFT
[14:36:15.314] Bot33 moved forward to (1,1)
[14:36:15.314] Bot33 executed MOVE_FORWARD
[14:36:15.314] Starting turn for Bot37
[14:36:15.314] Bot37 rotated right to face NORTH
[14:36:15.314] Bot37 executed ROTATE_RIGHT
[14:36:15.314] Bot37 moved forward to (6,6)
[14:36:15.314] Bot37 executed MOVE_FORWARD
[14:36:15.314] Starting turn for Bot33
[14:36:15.314] Bot33 rotated left to face EAST
[14:36:15.314] Bot33 executed ROTATE_LEFT
[14:36:15.314] Starting turn for Bot37
[14:36:15.314] Bot37 rotated left to face WEST
[14:36:15.314] Bot37 executed ROTATE_LEFT
[14:36:15.314] Bot37 moved forward to (6,5)
[14:36:15.314] Bot37 executed MOVE_FORWARD
[14:36:15.314] Starting turn for Bot33
[14:36:15.314] Starting turn for Bot37
[14:36:15.314] Bot37 rotated right to face NORTH
[14:36:15.314] Bot37 executed ROTATE_RIGHT
[14:36:15.314] Bot37 moved forward to (5,5)
[14:36:15.314] Bot37 executed MOVE_FORWARD
[14:36:15.314] Starting turn for Bot33
[14:36:15.314] Bot33 rotated left to face NORTH
[14:36:15.314] Bot33 executed ROTATE_LEFT
[14:36:15.314] Bot33 moved forward to (0,1)
[14:36:15.314] Bot33 executed MOVE_FORWARD
[14:36:15.314] Starting turn for Bot37
[14:36:15.314] Starting turn for Bot33
[14:36:15.314] Bot33 rotated left to face WEST
[14:36:15.314] Bot33 executed ROTATE_LEFT
[14:36:15.314] Bot33 rotated left to face SOUTH
[14:36:15.314] Bot33 executed ROTATE_LEFT
[14:36:15.314] Bot33 moved forward to (1,1)
[14:36:15.314] Bot33 executed MOVE_FORWARD
[14:36:15.314] Starting turn for Bot37
[14:36:15.314] Starting turn for Bot33
[14:36:15.314] Bot33 rotated left to face EAST
[14:36:15.314] Bot33 executed ROTATE_LEFT
[14:36:15.314] Starting turn for Bot37
[14:36:15.314] Starting turn for Bot33
[14:36:15.314] Starting turn for Bot37
[14:36:15.314] Starting turn for Bot33
[14:36:15.314] Bot33 rotated left to face NORTH
[14:36:15.314] Bot33 executed ROTATE_LEFT
[14:36:15.314] Bot33 moved forward to (0,1)
[14:36:15.314] Bot33 executed MOVE_FORWARD
[14:36:15.314] Starting turn for Bot37
[14:36:15.314] Starting turn for Bot33
[14:36:15.314] Bot33 rotated left to face WEST
[14:36:15.314] Bot33 executed ROTATE_LEFT
[14:36:15.314] Bot33 rotated left to face SOUTH
[14:36:15.314] Bot33 executed ROTATE_LEFT
[14:36:15.314] Bot33 moved forward to (1,1)
[14:36:15.314] Bot33 executed MOVE_FORWARD
[14:36:15.314] Starting turn for Bot37
[14:36:15.314] Starting turn for Bot33
[14:36:15.314] Bot33 rotated left to face EAST
[14:36:15.314] Bot33 executed ROTATE_LEFT
[14:36:15.314] Starting turn for Bot37
[14:36:15.314] Starting turn for Bot33
[14:36:15.314] Starting turn for Bot37
[14:36:15.314] Starting turn for Bot33
[14:36:15.314] Bot33 rotated left to face NORTH
[14:36:15.314] Bot33 executed ROTATE_LEFT
[14:36:15.314] Bot33 moved forward to (0,1)
[14:36:15.314] Bot33 executed MOVE_FORWARD
[14:36:15.314] Starting turn for Bot37
[14:36:15.314] Starting turn for Bot33
[14:36:15.314] Bot33 rotated left to face WEST
[14:36:15.314] Bot33 executed ROTATE_LEFT
[14:36:15.314] Bot33 rotated left to face SOUTH
[14:36:15.314] Bot33 executed ROTATE_LEFT
[14:36:15.314] Bot33 moved forward to (1,1)
[14:36:15.314] Bot33 executed MOVE_FORWARD
[14:36:15.314] Starting turn for Bot37
[14:36:15.314] Starting turn for Bot33
[14:36:15.314] Bot33 rotated left to face EAST
[14:36:15.314] Bot33 executed ROTATE_LEFT
[14:36:15.314] Starting turn for Bot37
[14:36:15.314] Starting turn for Bot33
[14:36:15.314] Starting turn for Bot37
[14:36:15.314] Stalemate detected: State repeated 10 times, unchanged for 3 turns
[14:36:15.314] Game Over! Stalemate detected!
[14:36:15.314] Stalemate detected: State repeated 10 times, unchanged for 3 turns
