[14:35:56.004] === Game Started at 2025-02-04_14-35-56 ===
[14:35:56.004] Game initialized with 2 players
[14:35:56.004] Board size: 10
[14:35:56.004] Obstacle density: 0.05
[14:35:56.004] Max turns: 1000
[14:35:56.004] Player Bot10 starting at position (0,0) facing WEST
[14:35:56.004] Player Bot15 starting at position (9,9) facing SOUTH
[14:35:56.004] Obstacles at positions: (2,2) (4,8) (5,2) (6,5) (7,0)
[14:35:56.004] Starting turn for Bot10
[14:35:56.004] Bot10 rotated left to face SOUTH
[14:35:56.004] Bot10 executed ROTATE_LEFT
[14:35:56.004] Bot10 rotated left to face EAST
[14:35:56.005] Bot10 executed ROTATE_LEFT
[14:35:56.005] Bot10 moved forward to (0,1)
[14:35:56.005] Bot10 executed MOVE_FORWARD
[14:35:56.005] Starting turn for Bot15
[14:35:56.005] Bot15 rotated right to face WEST
[14:35:56.005] Bot15 executed ROTATE_RIGHT
[14:35:56.005] Bot15 moved forward to (9,8)
[14:35:56.005] Bot15 executed MOVE_FORWARD
[14:35:56.005] Starting turn for Bot10
[14:35:56.005] Bot10 rotated right to face SOUTH
[14:35:56.005] Bot10 executed ROTATE_RIGHT
[14:35:56.005] Bot10 moved forward to (1,1)
[14:35:56.005] Bot10 executed MOVE_FORWARD
[14:35:56.005] Starting turn for Bot15
[14:35:56.005] Bot15 rotated right to face NORTH
[14:35:56.005] Bot15 executed ROTATE_RIGHT
[14:35:56.005] Bot15 moved forward to (8,8)
[14:35:56.005] Bot15 executed MOVE_FORWARD
[14:35:56.005] Starting turn for Bot10
[14:35:56.005] Bot10 rotated left to face EAST
[14:35:56.005] Bot10 executed ROTATE_LEFT
[14:35:56.005] Bot10 moved forward to (1,2)
[14:35:56.005] Bot10 executed MOVE_FORWARD
[14:35:56.005] Starting turn for Bot15
[14:35:56.005] Bot15 rotated left to face WEST
[14:35:56.005] Bot15 executed ROTATE_LEFT
[14:35:56.005] Bot15 moved forward to (8,7)
[14:35:56.005] Bot15 executed MOVE_FORWARD
[14:35:56.005] Starting turn for Bot10
[14:35:56.005] Bot10 rotated right to face SOUTH
[14:35:56.005] Bot10 executed ROTATE_RIGHT
[14:35:56.005] Starting turn for Bot15
[14:35:56.005] Bot15 rotated right to face NORTH
[14:35:56.005] Bot15 executed ROTATE_RIGHT
[14:35:56.005] Bot15 moved forward to (7,7)
[14:35:56.005] Bot15 executed MOVE_FORWARD
[14:35:56.005] Starting turn for Bot10
[14:35:56.005] Starting turn for Bot15
[14:35:56.005] Bot15 rotated left to face WEST
[14:35:56.005] Bot15 executed ROTATE_LEFT
[14:35:56.005] Bot15 moved forward to (7,6)
[14:35:56.005] Bot15 executed MOVE_FORWARD
[14:35:56.005] Starting turn for Bot10
[14:35:56.005] Bot10 rotated left to face EAST
[14:35:56.005] Bot10 executed ROTATE_LEFT
[14:35:56.005] Bot10 rotated left to face NORTH
[14:35:56.005] Bot10 executed ROTATE_LEFT
[14:35:56.005] Bot10 moved forward to (0,2)
[14:35:56.005] Bot10 executed MOVE_FORWARD
[14:35:56.005] Starting turn for Bot15
[14:35:56.005] Bot15 rotated right to face NORTH
[14:35:56.005] Bot15 executed ROTATE_RIGHT
[14:35:56.005] Bot15 moved forward to (6,6)
[14:35:56.005] Bot15 executed MOVE_FORWARD
[14:35:56.005] Starting turn for Bot10
[14:35:56.005] Bot10 rotated left to face WEST
[14:35:56.005] Bot10 executed ROTATE_LEFT
[14:35:56.005] Bot10 rotated left to face SOUTH
[14:35:56.005] Bot10 executed ROTATE_LEFT
[14:35:56.005] Bot10 moved forward to (1,2)
[14:35:56.005] Bot10 executed MOVE_FORWARD
[14:35:56.005] Starting turn for Bot15
[14:35:56.005] Bot15 rotated left to face WEST
[14:35:56.005] Bot15 executed ROTATE_LEFT
[14:35:56.005] Starting turn for Bot10
[14:35:56.005] Starting turn for Bot15
[14:35:56.005] Starting turn for Bot10
[14:35:56.005] Starting turn for Bot15
[14:35:56.005] Bot15 rotated right to face NORTH
[14:35:56.005] Bot15 executed ROTATE_RIGHT
[14:35:56.005] Bot15 moved forward to (5,6)
[14:35:56.005] Bot15 executed MOVE_FORWARD
[14:35:56.005] Starting turn for Bot10
[14:35:56.005] Bot10 rotated left to face EAST
[14:35:56.005] Bot10 executed ROTATE_LEFT
[14:35:56.005] Bot10 rotated left to face NORTH
[14:35:56.005] Bot10 executed ROTATE_LEFT
[14:35:56.005] Bot10 moved forward to (0,2)
[14:35:56.005] Bot10 executed MOVE_FORWARD
[14:35:56.005] Starting turn for Bot15
[14:35:56.005] Bot15 rotated left to face WEST
[14:35:56.005] Bot15 executed ROTATE_LEFT
[14:35:56.005] Bot15 moved forward to (5,5)
[14:35:56.005] Bot15 executed MOVE_FORWARD
[14:35:56.005] Starting turn for Bot10
[14:35:56.005] Bot10 rotated left to face WEST
[14:35:56.005] Bot10 executed ROTATE_LEFT
[14:35:56.005] Bot10 rotated left to face SOUTH
[14:35:56.005] Bot10 executed ROTATE_LEFT
[14:35:56.005] Bot10 moved forward to (1,2)
[14:35:56.005] Bot10 executed MOVE_FORWARD
[14:35:56.005] Starting turn for Bot15
[14:35:56.005] Starting turn for Bot10
[14:35:56.005] Starting turn for Bot15
[14:35:56.005] Starting turn for Bot10
[14:35:56.005] Starting turn for Bot15
[14:35:56.005] Starting turn for Bot10
[14:35:56.005] Bot10 rotated left to face EAST
[14:35:56.005] Bot10 executed ROTATE_LEFT
[14:35:56.005] Bot10 rotated left to face NORTH
[14:35:56.005] Bot10 executed ROTATE_LEFT
[14:35:56.005] Bot10 moved forward to (0,2)
[14:35:56.005] Bot10 executed MOVE_FORWARD
[14:35:56.005] Starting turn for Bot15
[14:35:56.005] Starting turn for Bot10
[14:35:56.005] Bot10 rotated left to face WEST
[14:35:56.005] Bot10 executed ROTATE_LEFT
[14:35:56.005] Bot10 rotated left to face SOUTH
[14:35:56.005] Bot10 executed ROTATE_LEFT
[14:35:56.005] Bot10 moved forward to (1,2)
[14:35:56.005] Bot10 executed MOVE_FORWARD
[14:35:56.005] Starting turn for Bot15
[14:35:56.005] Starting turn for Bot10
[14:35:56.005] Starting turn for Bot15
[14:35:56.005] Starting turn for Bot10
[14:35:56.005] Starting turn for Bot15
[14:35:56.005] Starting turn for Bot10
[14:35:56.005] Bot10 rotated left to face EAST
[14:35:56.005] Bot10 executed ROTATE_LEFT
[14:35:56.005] Bot10 rotated left to face NORTH
[14:35:56.005] Bot10 executed ROTATE_LEFT
[14:35:56.005] Bot10 moved forward to (0,2)
[14:35:56.005] Bot10 executed MOVE_FORWARD
[14:35:56.005] Starting turn for Bot15
[14:35:56.005] Starting turn for Bot10
[14:35:56.005] Bot10 rotated left to face WEST
[14:35:56.005] Bot10 executed ROTATE_LEFT
[14:35:56.005] Bot10 rotated left to face SOUTH
[14:35:56.005] Bot10 executed ROTATE_LEFT
[14:35:56.005] Bot10 moved forward to (1,2)
[14:35:56.005] Bot10 executed MOVE_FORWARD
[14:35:56.005] Starting turn for Bot15
[14:35:56.005] Starting turn for Bot10
[14:35:56.005] Starting turn for Bot15
[14:35:56.005] Stalemate detected: State repeated 10 times, unchanged for 1 turns
[14:35:56.005] Game Over! Stalemate detected!
[14:35:56.005] Stalemate detected: State repeated 10 times, unchanged for 1 turns
