[14:36:14.794] === Game Started at 2025-02-04_14-36-14 ===
[14:36:14.794] Game initialized with 2 players
[14:36:14.794] Board size: 10
[14:36:14.794] Obstacle density: 0.05
[14:36:14.794] Max turns: 1000
[14:36:14.794] Player Bot31 starting at position (0,0) facing NORTH
[14:36:14.794] Player Bot40 starting at position (9,9) facing SOUTH
[14:36:14.794] Obstacles at positions: (0,1) (5,1) (5,8) (7,7) (8,3)
[14:36:14.794] Starting turn for Bot31
[14:36:14.794] Bot31 rotated right to face EAST
[14:36:14.794] Bot31 executed ROTATE_RIGHT
[14:36:14.794] Starting turn for Bot40
[14:36:14.794] Bot40 rotated right to face WEST
[14:36:14.794] Bot40 executed ROTATE_RIGHT
[14:36:14.794] Bot40 moved forward to (9,8)
[14:36:14.794] Bot40 executed MOVE_FORWARD
[14:36:14.794] Starting turn for Bot31
[14:36:14.794] Starting turn for Bot40
[14:36:14.794] Bot40 rotated right to face NORTH
[14:36:14.794] Bot40 executed ROTATE_RIGHT
[14:36:14.794] Bot40 moved forward to (8,8)
[14:36:14.794] Bot40 executed MOVE_FORWARD
[14:36:14.794] Starting turn for Bot31
[14:36:14.794] Bot31 rotated right to face SOUTH
[14:36:14.794] Bot31 executed ROTATE_RIGHT
[14:36:14.794] Bot31 moved forward to (1,0)
[14:36:14.794] Bot31 executed MOVE_FORWARD
[14:36:14.794] Starting turn for Bot40
[14:36:14.794] Bot40 rotated left to face WEST
[14:36:14.794] Bot40 executed ROTATE_LEFT
[14:36:14.794] Bot40 moved forward to (8,7)
[14:36:14.794] Bot40 executed MOVE_FORWARD
[14:36:14.794] Starting turn for Bot31
[14:36:14.794] Bot31 rotated left to face EAST
[14:36:14.794] Bot31 executed ROTATE_LEFT
[14:36:14.794] Bot31 moved forward to (1,1)
[14:36:14.794] Bot31 executed MOVE_FORWARD
[14:36:14.794] Starting turn for Bot40
[14:36:14.794] Bot40 rotated right to face NORTH
[14:36:14.794] Bot40 executed ROTATE_RIGHT
[14:36:14.794] Starting turn for Bot31
[14:36:14.794] Bot31 moved forward to (1,2)
[14:36:14.794] Bot31 executed MOVE_FORWARD
[14:36:14.794] Starting turn for Bot40
[14:36:14.794] Starting turn for Bot31
[14:36:14.794] Bot31 rotated right to face SOUTH
[14:36:14.794] Bot31 executed ROTATE_RIGHT
[14:36:14.794] Bot31 moved forward to (2,2)
[14:36:14.794] Bot31 executed MOVE_FORWARD
[14:36:14.794] Starting turn for Bot40
[14:36:14.794] Bot40 rotated right to face EAST
[14:36:14.794] Bot40 executed ROTATE_RIGHT
[14:36:14.794] Bot40 moved forward to (8,8)
[14:36:14.794] Bot40 executed MOVE_FORWARD
[14:36:14.794] Starting turn for Bot31
[14:36:14.794] Bot31 rotated left to face EAST
[14:36:14.794] Bot31 executed ROTATE_LEFT
[14:36:14.794] Bot31 moved forward to (2,3)
[14:36:14.794] Bot31 executed MOVE_FORWARD
[14:36:14.794] Starting turn for Bot40
[14:36:14.794] Bot40 rotated left to face NORTH
[14:36:14.794] Bot40 executed ROTATE_LEFT
[14:36:14.794] Bot40 rotated left to face WEST
[14:36:14.794] Bot40 executed ROTATE_LEFT
[14:36:14.794] Bot40 moved forward to (8,7)
[14:36:14.794] Bot40 executed MOVE_FORWARD
[14:36:14.794] Starting turn for Bot31
[14:36:14.794] Bot31 rotated right to face SOUTH
[14:36:14.794] Bot31 executed ROTATE_RIGHT
[14:36:14.794] Bot31 moved forward to (3,3)
[14:36:14.794] Bot31 executed MOVE_FORWARD
[14:36:14.794] Starting turn for Bot40
[14:36:14.794] Bot40 rotated right to face NORTH
[14:36:14.794] Bot40 executed ROTATE_RIGHT
[14:36:14.794] Starting turn for Bot31
[14:36:14.794] Bot31 rotated left to face EAST
[14:36:14.794] Bot31 executed ROTATE_LEFT
[14:36:14.794] Bot31 moved forward to (3,4)
[14:36:14.794] Bot31 executed MOVE_FORWARD
[14:36:14.794] Starting turn for Bot40
[14:36:14.794] Starting turn for Bot31
[14:36:14.794] Bot31 rotated right to face SOUTH
[14:36:14.794] Bot31 executed ROTATE_RIGHT
[14:36:14.794] Bot31 moved forward to (4,4)
[14:36:14.794] Bot31 executed MOVE_FORWARD
[14:36:14.794] Starting turn for Bot40
[14:36:14.794] Bot40 rotated right to face EAST
[14:36:14.794] Bot40 executed ROTATE_RIGHT
[14:36:14.794] Bot40 moved forward to (8,8)
[14:36:14.794] Bot40 executed MOVE_FORWARD
[14:36:14.794] Starting turn for Bot31
[14:36:14.794] Bot31 rotated left to face EAST
[14:36:14.794] Bot31 executed ROTATE_LEFT
[14:36:14.794] Bot31 moved forward to (4,5)
[14:36:14.794] Bot31 executed MOVE_FORWARD
[14:36:14.794] Starting turn for Bot40
[14:36:14.794] Bot40 rotated left to face NORTH
[14:36:14.794] Bot40 executed ROTATE_LEFT
[14:36:14.794] Bot40 rotated left to face WEST
[14:36:14.794] Bot40 executed ROTATE_LEFT
[14:36:14.794] Bot40 moved forward to (8,7)
[14:36:14.794] Bot40 executed MOVE_FORWARD
[14:36:14.794] Starting turn for Bot31
[14:36:14.794] Bot31 rotated right to face SOUTH
[14:36:14.794] Bot31 executed ROTATE_RIGHT
[14:36:14.794] Bot31 moved forward to (5,5)
[14:36:14.794] Bot31 executed MOVE_FORWARD
[14:36:14.794] Starting turn for Bot40
[14:36:14.794] Bot40 rotated right to face NORTH
[14:36:14.794] Bot40 executed ROTATE_RIGHT
[14:36:14.794] Starting turn for Bot31
[14:36:14.794] Starting turn for Bot40
[14:36:14.794] Starting turn for Bot31
[14:36:14.794] Starting turn for Bot40
[14:36:14.794] Bot40 rotated right to face EAST
[14:36:14.794] Bot40 executed ROTATE_RIGHT
[14:36:14.794] Bot40 moved forward to (8,8)
[14:36:14.794] Bot40 executed MOVE_FORWARD
[14:36:14.794] Starting turn for Bot31
[14:36:14.794] Starting turn for Bot40
[14:36:14.794] Bot40 rotated left to face NORTH
[14:36:14.794] Bot40 executed ROTATE_LEFT
[14:36:14.794] Bot40 rotated left to face WEST
[14:36:14.794] Bot40 executed ROTATE_LEFT
[14:36:14.794] Bot40 moved forward to (8,7)
[14:36:14.794] Bot40 executed MOVE_FORWARD
[14:36:14.794] Starting turn for Bot31
[14:36:14.794] Starting turn for Bot40
[14:36:14.794] Bot40 rotated right to face NORTH
[14:36:14.794] Bot40 executed ROTATE_RIGHT
[14:36:14.794] Starting turn for Bot31
[14:36:14.794] Starting turn for Bot40
[14:36:14.794] Starting turn for Bot31
[14:36:14.794] Starting turn for Bot40
[14:36:14.794] Bot40 rotated right to face EAST
[14:36:14.794] Bot40 executed ROTATE_RIGHT
[14:36:14.794] Bot40 moved forward to (8,8)
[14:36:14.794] Bot40 executed MOVE_FORWARD
[14:36:14.794] Starting turn for Bot31
[14:36:14.794] Starting turn for Bot40
[14:36:14.794] Bot40 rotated left to face NORTH
[14:36:14.794] Bot40 executed ROTATE_LEFT
[14:36:14.794] Bot40 rotated left to face WEST
[14:36:14.794] Bot40 executed ROTATE_LEFT
[14:36:14.794] Bot40 moved forward to (8,7)
[14:36:14.794] Bot40 executed MOVE_FORWARD
[14:36:14.794] Starting turn for Bot31
[14:36:14.794] Starting turn for Bot40
[14:36:14.794] Bot40 rotated right to face NORTH
[14:36:14.794] Bot40 executed ROTATE_RIGHT
[14:36:14.794] Starting turn for Bot31
[14:36:14.794] Starting turn for Bot40
[14:36:14.794] Stalemate detected: State repeated 10 times, unchanged for 4 turns
[14:36:14.794] Game Over! Stalemate detected!
[14:36:14.794] Stalemate detected: State repeated 10 times, unchanged for 4 turns
