[14:36:07.776] === Game Started at 2025-02-04_14-36-07 ===
[14:36:07.776] Game initialized with 2 players
[14:36:07.776] Board size: 10
[14:36:07.776] Obstacle density: 0.05
[14:36:07.776] Max turns: 1000
[14:36:07.776] Player Bot20 starting at position (0,0) facing NORTH
[14:36:07.776] Player Bot36 starting at position (9,9) facing SOUTH
[14:36:07.776] Obstacles at positions: (2,8) (3,4) (5,7) (6,5) (8,6)
[14:36:07.776] Starting turn for Bot20
[14:36:07.776] Bot20 rotated right to face EAST
[14:36:07.776] Bot20 executed ROTATE_RIGHT
[14:36:07.776] Bot20 moved forward to (0,1)
[14:36:07.776] Bot20 executed MOVE_FORWARD
[14:36:07.776] Starting turn for Bot36
[14:36:07.776] Bot36 rotated right to face WEST
[14:36:07.776] Bot36 executed ROTATE_RIGHT
[14:36:07.776] Bot36 moved forward to (9,8)
[14:36:07.776] Bot36 executed MOVE_FORWARD
[14:36:07.776] Starting turn for Bot20
[14:36:07.776] Bot20 rotated right to face SOUTH
[14:36:07.776] Bot20 executed ROTATE_RIGHT
[14:36:07.776] Bot20 moved forward to (1,1)
[14:36:07.776] Bot20 executed MOVE_FORWARD
[14:36:07.776] Starting turn for Bot36
[14:36:07.776] Bot36 rotated right to face NORTH
[14:36:07.776] Bot36 executed ROTATE_RIGHT
[14:36:07.776] Bot36 moved forward to (8,8)
[14:36:07.776] Bot36 executed MOVE_FORWARD
[14:36:07.776] Starting turn for Bot20
[14:36:07.776] Bot20 rotated left to face EAST
[14:36:07.776] Bot20 executed ROTATE_LEFT
[14:36:07.776] Bot20 moved forward to (1,2)
[14:36:07.776] Bot20 executed MOVE_FORWARD
[14:36:07.776] Starting turn for Bot36
[14:36:07.776] Bot36 rotated left to face WEST
[14:36:07.776] Bot36 executed ROTATE_LEFT
[14:36:07.776] Bot36 moved forward to (8,7)
[14:36:07.776] Bot36 executed MOVE_FORWARD
[14:36:07.776] Starting turn for Bot20
[14:36:07.776] Bot20 rotated right to face SOUTH
[14:36:07.776] Bot20 executed ROTATE_RIGHT
[14:36:07.776] Bot20 moved forward to (2,2)
[14:36:07.776] Bot20 executed MOVE_FORWARD
[14:36:07.776] Starting turn for Bot36
[14:36:07.776] Bot36 rotated right to face NORTH
[14:36:07.776] Bot36 executed ROTATE_RIGHT
[14:36:07.776] Bot36 moved forward to (7,7)
[14:36:07.776] Bot36 executed MOVE_FORWARD
[14:36:07.776] Starting turn for Bot20
[14:36:07.776] Bot20 rotated left to face EAST
[14:36:07.776] Bot20 executed ROTATE_LEFT
[14:36:07.776] Bot20 moved forward to (2,3)
[14:36:07.776] Bot20 executed MOVE_FORWARD
[14:36:07.776] Starting turn for Bot36
[14:36:07.776] Bot36 rotated left to face WEST
[14:36:07.776] Bot36 executed ROTATE_LEFT
[14:36:07.776] Bot36 moved forward to (7,6)
[14:36:07.776] Bot36 executed MOVE_FORWARD
[14:36:07.776] Starting turn for Bot20
[14:36:07.776] Bot20 rotated right to face SOUTH
[14:36:07.776] Bot20 executed ROTATE_RIGHT
[14:36:07.776] Bot20 moved forward to (3,3)
[14:36:07.776] Bot20 executed MOVE_FORWARD
[14:36:07.776] Starting turn for Bot36
[14:36:07.776] Bot36 rotated right to face NORTH
[14:36:07.776] Bot36 executed ROTATE_RIGHT
[14:36:07.776] Bot36 moved forward to (6,6)
[14:36:07.776] Bot36 executed MOVE_FORWARD
[14:36:07.776] Starting turn for Bot20
[14:36:07.777] Bot20 rotated left to face EAST
[14:36:07.777] Bot20 executed ROTATE_LEFT
[14:36:07.777] Starting turn for Bot36
[14:36:07.777] Bot36 rotated left to face WEST
[14:36:07.777] Bot36 executed ROTATE_LEFT
[14:36:07.777] Starting turn for Bot20
[14:36:07.777] Starting turn for Bot36
[14:36:07.777] Starting turn for Bot20
[14:36:07.777] Bot20 rotated left to face NORTH
[14:36:07.777] Bot20 executed ROTATE_LEFT
[14:36:07.777] Bot20 moved forward to (2,3)
[14:36:07.777] Bot20 executed MOVE_FORWARD
[14:36:07.777] Starting turn for Bot36
[14:36:07.777] Bot36 rotated right to face NORTH
[14:36:07.777] Bot36 executed ROTATE_RIGHT
[14:36:07.777] Bot36 moved forward to (5,6)
[14:36:07.777] Bot36 executed MOVE_FORWARD
[14:36:07.777] Starting turn for Bot20
[14:36:07.777] Bot20 rotated left to face WEST
[14:36:07.777] Bot20 executed ROTATE_LEFT
[14:36:07.777] Bot20 rotated left to face SOUTH
[14:36:07.777] Bot20 executed ROTATE_LEFT
[14:36:07.777] Bot20 moved forward to (3,3)
[14:36:07.777] Bot20 executed MOVE_FORWARD
[14:36:07.777] Starting turn for Bot36
[14:36:07.777] Bot36 rotated left to face WEST
[14:36:07.777] Bot36 executed ROTATE_LEFT
[14:36:07.777] Bot36 moved forward to (5,5)
[14:36:07.777] Bot36 executed MOVE_FORWARD
[14:36:07.777] Starting turn for Bot20
[14:36:07.777] Bot20 rotated left to face EAST
[14:36:07.777] Bot20 executed ROTATE_LEFT
[14:36:07.777] Starting turn for Bot36
[14:36:07.777] Starting turn for Bot20
[14:36:07.777] Starting turn for Bot36
[14:36:07.777] Starting turn for Bot20
[14:36:07.777] Bot20 rotated left to face NORTH
[14:36:07.777] Bot20 executed ROTATE_LEFT
[14:36:07.777] Bot20 moved forward to (2,3)
[14:36:07.777] Bot20 executed MOVE_FORWARD
[14:36:07.777] Starting turn for Bot36
[14:36:07.777] Starting turn for Bot20
[14:36:07.777] Bot20 rotated left to face WEST
[14:36:07.777] Bot20 executed ROTATE_LEFT
[14:36:07.777] Bot20 rotated left to face SOUTH
[14:36:07.777] Bot20 executed ROTATE_LEFT
[14:36:07.777] Bot20 moved forward to (3,3)
[14:36:07.777] Bot20 executed MOVE_FORWARD
[14:36:07.777] Starting turn for Bot36
[14:36:07.777] Starting turn for Bot20
[14:36:07.777] Bot20 rotated left to face EAST
[14:36:07.777] Bot20 executed ROTATE_LEFT
[14:36:07.777] Starting turn for Bot36
[14:36:07.777] Starting turn for Bot20
[14:36:07.777] Starting turn for Bot36
[14:36:07.777] Starting turn for Bot20
[14:36:07.777] Bot20 rotated left to face NORTH
[14:36:07.777] Bot20 executed ROTATE_LEFT
[14:36:07.777] Bot20 moved forward to (2,3)
[14:36:07.777] Bot20 executed MOVE_FORWARD
[14:36:07.777] Starting turn for Bot36
[14:36:07.777] Starting turn for Bot20
[14:36:07.777] Bot20 rotated left to face WEST
[14:36:07.777] Bot20 executed ROTATE_LEFT
[14:36:07.777] Bot20 rotated left to face SOUTH
[14:36:07.777] Bot20 executed ROTATE_LEFT
[14:36:07.777] Bot20 moved forward to (3,3)
[14:36:07.777] Bot20 executed MOVE_FORWARD
[14:36:07.777] Starting turn for Bot36
[14:36:07.777] Starting turn for Bot20
[14:36:07.777] Bot20 rotated left to face EAST
[14:36:07.777] Bot20 executed ROTATE_LEFT
[14:36:07.777] Starting turn for Bot36
[14:36:07.777] Starting turn for Bot20
[14:36:07.777] Starting turn for Bot36
[14:36:07.777] Stalemate detected: State repeated 10 times, unchanged for 3 turns
[14:36:07.777] Game Over! Stalemate detected!
[14:36:07.777] Stalemate detected: State repeated 10 times, unchanged for 3 turns
