[14:35:52.418] === Game Started at 2025-02-04_14-35-52 ===
[14:35:52.418] Game initialized with 2 players
[14:35:52.418] Board size: 10
[14:35:52.418] Obstacle density: 0.05
[14:35:52.418] Max turns: 1000
[14:35:52.418] Player Bot38 starting at position (0,0) facing SOUTH
[14:35:52.418] Player Bot7 starting at position (9,9) facing WEST
[14:35:52.418] Obstacles at positions: (1,2) (1,4) (3,8) (8,5) (8,8)
[14:35:52.418] Starting turn for Bot38
[14:35:52.418] Bot38 rotated left to face EAST
[14:35:52.418] Bot38 executed ROTATE_LEFT
[14:35:52.418] Bot38 moved forward to (0,1)
[14:35:52.418] Bot38 executed MOVE_FORWARD
[14:35:52.418] Starting turn for Bot7
[14:35:52.418] Bot7 moved forward to (9,8)
[14:35:52.418] Bot7 executed MOVE_FORWARD
[14:35:52.418] Starting turn for Bot38
[14:35:52.418] Bot38 rotated right to face SOUTH
[14:35:52.418] Bot38 executed ROTATE_RIGHT
[14:35:52.418] Bot38 moved forward to (1,1)
[14:35:52.418] Bot38 executed MOVE_FORWARD
[14:35:52.418] Starting turn for Bot7
[14:35:52.418] Bot7 rotated right to face NORTH
[14:35:52.418] Bot7 executed ROTATE_RIGHT
[14:35:52.418] Starting turn for Bot38
[14:35:52.418] Bot38 rotated left to face EAST
[14:35:52.418] Bot38 executed ROTATE_LEFT
[14:35:52.418] Starting turn for Bot7
[14:35:52.418] Starting turn for Bot38
[14:35:52.418] Starting turn for Bot7
[14:35:52.418] Bot7 rotated right to face EAST
[14:35:52.418] Bot7 executed ROTATE_RIGHT
[14:35:52.418] Bot7 moved forward to (9,9)
[14:35:52.418] Bot7 executed MOVE_FORWARD
[14:35:52.418] Starting turn for Bot38
[14:35:52.418] Bot38 rotated left to face NORTH
[14:35:52.418] Bot38 executed ROTATE_LEFT
[14:35:52.418] Bot38 moved forward to (0,1)
[14:35:52.418] Bot38 executed MOVE_FORWARD
[14:35:52.418] Starting turn for Bot7
[14:35:52.418] Bot7 rotated left to face NORTH
[14:35:52.418] Bot7 executed ROTATE_LEFT
[14:35:52.418] Bot7 rotated left to face WEST
[14:35:52.418] Bot7 executed ROTATE_LEFT
[14:35:52.418] Bot7 moved forward to (9,8)
[14:35:52.418] Bot7 executed MOVE_FORWARD
[14:35:52.418] Starting turn for Bot38
[14:35:52.418] Bot38 rotated left to face WEST
[14:35:52.418] Bot38 executed ROTATE_LEFT
[14:35:52.418] Bot38 rotated left to face SOUTH
[14:35:52.418] Bot38 executed ROTATE_LEFT
[14:35:52.418] Bot38 moved forward to (1,1)
[14:35:52.418] Bot38 executed MOVE_FORWARD
[14:35:52.418] Starting turn for Bot7
[14:35:52.418] Bot7 rotated right to face NORTH
[14:35:52.418] Bot7 executed ROTATE_RIGHT
[14:35:52.418] Starting turn for Bot38
[14:35:52.418] Bot38 rotated left to face EAST
[14:35:52.418] Bot38 executed ROTATE_LEFT
[14:35:52.418] Starting turn for Bot7
[14:35:52.418] Starting turn for Bot38
[14:35:52.418] Starting turn for Bot7
[14:35:52.419] Bot7 rotated right to face EAST
[14:35:52.419] Bot7 executed ROTATE_RIGHT
[14:35:52.419] Bot7 moved forward to (9,9)
[14:35:52.419] Bot7 executed MOVE_FORWARD
[14:35:52.419] Starting turn for Bot38
[14:35:52.419] Bot38 rotated left to face NORTH
[14:35:52.419] Bot38 executed ROTATE_LEFT
[14:35:52.419] Bot38 moved forward to (0,1)
[14:35:52.419] Bot38 executed MOVE_FORWARD
[14:35:52.419] Starting turn for Bot7
[14:35:52.419] Bot7 rotated left to face NORTH
[14:35:52.419] Bot7 executed ROTATE_LEFT
[14:35:52.419] Bot7 rotated left to face WEST
[14:35:52.419] Bot7 executed ROTATE_LEFT
[14:35:52.419] Bot7 moved forward to (9,8)
[14:35:52.419] Bot7 executed MOVE_FORWARD
[14:35:52.419] Starting turn for Bot38
[14:35:52.419] Bot38 rotated left to face WEST
[14:35:52.419] Bot38 executed ROTATE_LEFT
[14:35:52.419] Bot38 rotated left to face SOUTH
[14:35:52.419] Bot38 executed ROTATE_LEFT
[14:35:52.419] Bot38 moved forward to (1,1)
[14:35:52.419] Bot38 executed MOVE_FORWARD
[14:35:52.419] Starting turn for Bot7
[14:35:52.419] Bot7 rotated right to face NORTH
[14:35:52.419] Bot7 executed ROTATE_RIGHT
[14:35:52.419] Starting turn for Bot38
[14:35:52.419] Bot38 rotated left to face EAST
[14:35:52.419] Bot38 executed ROTATE_LEFT
[14:35:52.419] Starting turn for Bot7
[14:35:52.419] Starting turn for Bot38
[14:35:52.419] Starting turn for Bot7
[14:35:52.419] Bot7 rotated right to face EAST
[14:35:52.419] Bot7 executed ROTATE_RIGHT
[14:35:52.419] Bot7 moved forward to (9,9)
[14:35:52.419] Bot7 executed MOVE_FORWARD
[14:35:52.419] Starting turn for Bot38
[14:35:52.419] Bot38 rotated left to face NORTH
[14:35:52.419] Bot38 executed ROTATE_LEFT
[14:35:52.419] Bot38 moved forward to (0,1)
[14:35:52.419] Bot38 executed MOVE_FORWARD
[14:35:52.419] Starting turn for Bot7
[14:35:52.419] Bot7 rotated left to face NORTH
[14:35:52.419] Bot7 executed ROTATE_LEFT
[14:35:52.419] Bot7 rotated left to face WEST
[14:35:52.419] Bot7 executed ROTATE_LEFT
[14:35:52.419] Bot7 moved forward to (9,8)
[14:35:52.419] Bot7 executed MOVE_FORWARD
[14:35:52.419] Starting turn for Bot38
[14:35:52.419] Bot38 rotated left to face WEST
[14:35:52.419] Bot38 executed ROTATE_LEFT
[14:35:52.419] Bot38 rotated left to face SOUTH
[14:35:52.419] Bot38 executed ROTATE_LEFT
[14:35:52.419] Bot38 moved forward to (1,1)
[14:35:52.419] Bot38 executed MOVE_FORWARD
[14:35:52.419] Starting turn for Bot7
[14:35:52.419] Bot7 rotated right to face NORTH
[14:35:52.419] Bot7 executed ROTATE_RIGHT
[14:35:52.419] Starting turn for Bot38
[14:35:52.419] Bot38 rotated left to face EAST
[14:35:52.419] Bot38 executed ROTATE_LEFT
[14:35:52.419] Starting turn for Bot7
[14:35:52.419] Starting turn for Bot38
[14:35:52.419] Starting turn for Bot7
[14:35:52.419] Bot7 rotated right to face EAST
[14:35:52.419] Bot7 executed ROTATE_RIGHT
[14:35:52.419] Bot7 moved forward to (9,9)
[14:35:52.419] Bot7 executed MOVE_FORWARD
[14:35:52.419] Starting turn for Bot38
[14:35:52.419] Bot38 rotated left to face NORTH
[14:35:52.419] Bot38 executed ROTATE_LEFT
[14:35:52.419] Bot38 moved forward to (0,1)
[14:35:52.419] Bot38 executed MOVE_FORWARD
[14:35:52.419] Starting turn for Bot7
[14:35:52.419] Bot7 rotated left to face NORTH
[14:35:52.419] Bot7 executed ROTATE_LEFT
[14:35:52.419] Bot7 rotated left to face WEST
[14:35:52.419] Bot7 executed ROTATE_LEFT
[14:35:52.419] Bot7 moved forward to (9,8)
[14:35:52.419] Bot7 executed MOVE_FORWARD
[14:35:52.419] Starting turn for Bot38
[14:35:52.419] Bot38 rotated left to face WEST
[14:35:52.419] Bot38 executed ROTATE_LEFT
[14:35:52.419] Bot38 rotated left to face SOUTH
[14:35:52.419] Bot38 executed ROTATE_LEFT
[14:35:52.419] Bot38 moved forward to (1,1)
[14:35:52.419] Bot38 executed MOVE_FORWARD
[14:35:52.419] Starting turn for Bot7
[14:35:52.419] Bot7 rotated right to face NORTH
[14:35:52.419] Bot7 executed ROTATE_RIGHT
[14:35:52.419] Starting turn for Bot38
[14:35:52.419] Bot38 rotated left to face EAST
[14:35:52.419] Bot38 executed ROTATE_LEFT
[14:35:52.419] Starting turn for Bot7
[14:35:52.419] Starting turn for Bot38
[14:35:52.419] Starting turn for Bot7
[14:35:52.419] Stalemate detected: State repeated 10 times, unchanged for 1 turns
[14:35:52.419] Game Over! Stalemate detected!
[14:35:52.419] Stalemate detected: State repeated 10 times, unchanged for 1 turns
