[14:36:01.338] === Game Started at 2025-02-04_14-36-01 ===
[14:36:01.338] Game initialized with 2 players
[14:36:01.338] Board size: 10
[14:36:01.338] Obstacle density: 0.05
[14:36:01.338] Max turns: 1000
[14:36:01.338] Player Bot31 starting at position (0,0) facing WEST
[14:36:01.338] Player Bot14 starting at position (9,9) facing NORTH
[14:36:01.338] Obstacles at positions: (0,1) (2,2) (4,2) (6,8) (6,9)
[14:36:01.338] Starting turn for Bot31
[14:36:01.338] Bot31 rotated left to face SOUTH
[14:36:01.338] Bot31 executed ROTATE_LEFT
[14:36:01.338] Bot31 rotated left to face EAST
[14:36:01.338] Bot31 executed ROTATE_LEFT
[14:36:01.338] Starting turn for Bot14
[14:36:01.338] Bot14 rotated left to face WEST
[14:36:01.338] Bot14 executed ROTATE_LEFT
[14:36:01.338] Bot14 moved forward to (9,8)
[14:36:01.338] Bot14 executed MOVE_FORWARD
[14:36:01.338] Starting turn for Bot31
[14:36:01.338] Starting turn for Bot14
[14:36:01.338] Bot14 rotated right to face NORTH
[14:36:01.338] Bot14 executed ROTATE_RIGHT
[14:36:01.338] Bot14 moved forward to (8,8)
[14:36:01.338] Bot14 executed MOVE_FORWARD
[14:36:01.338] Starting turn for Bot31
[14:36:01.338] Bot31 rotated right to face SOUTH
[14:36:01.338] Bot31 executed ROTATE_RIGHT
[14:36:01.338] Bot31 moved forward to (1,0)
[14:36:01.338] Bot31 executed MOVE_FORWARD
[14:36:01.338] Starting turn for Bot14
[14:36:01.338] Bot14 rotated left to face WEST
[14:36:01.338] Bot14 executed ROTATE_LEFT
[14:36:01.338] Bot14 moved forward to (8,7)
[14:36:01.338] Bot14 executed MOVE_FORWARD
[14:36:01.338] Starting turn for Bot31
[14:36:01.338] Bot31 rotated left to face EAST
[14:36:01.338] Bot31 executed ROTATE_LEFT
[14:36:01.338] Bot31 moved forward to (1,1)
[14:36:01.338] Bot31 executed MOVE_FORWARD
[14:36:01.338] Starting turn for Bot14
[14:36:01.338] Bot14 rotated right to face NORTH
[14:36:01.338] Bot14 executed ROTATE_RIGHT
[14:36:01.338] Bot14 moved forward to (7,7)
[14:36:01.338] Bot14 executed MOVE_FORWARD
[14:36:01.338] Starting turn for Bot31
[14:36:01.338] Bot31 moved forward to (1,2)
[14:36:01.338] Bot31 executed MOVE_FORWARD
[14:36:01.338] Starting turn for Bot14
[14:36:01.338] Bot14 rotated left to face WEST
[14:36:01.338] Bot14 executed ROTATE_LEFT
[14:36:01.338] Bot14 moved forward to (7,6)
[14:36:01.338] Bot14 executed MOVE_FORWARD
[14:36:01.338] Starting turn for Bot31
[14:36:01.338] Bot31 rotated right to face SOUTH
[14:36:01.338] Bot31 executed ROTATE_RIGHT
[14:36:01.338] Starting turn for Bot14
[14:36:01.339] Bot14 rotated right to face NORTH
[14:36:01.339] Bot14 executed ROTATE_RIGHT
[14:36:01.339] Bot14 moved forward to (6,6)
[14:36:01.339] Bot14 executed MOVE_FORWARD
[14:36:01.339] Starting turn for Bot31
[14:36:01.339] Starting turn for Bot14
[14:36:01.339] Bot14 rotated left to face WEST
[14:36:01.339] Bot14 executed ROTATE_LEFT
[14:36:01.339] Bot14 moved forward to (6,5)
[14:36:01.339] Bot14 executed MOVE_FORWARD
[14:36:01.339] Starting turn for Bot31
[14:36:01.339] Bot31 rotated left to face EAST
[14:36:01.339] Bot31 executed ROTATE_LEFT
[14:36:01.339] Bot31 rotated left to face NORTH
[14:36:01.339] Bot31 executed ROTATE_LEFT
[14:36:01.339] Bot31 moved forward to (0,2)
[14:36:01.339] Bot31 executed MOVE_FORWARD
[14:36:01.339] Starting turn for Bot14
[14:36:01.339] Bot14 rotated right to face NORTH
[14:36:01.339] Bot14 executed ROTATE_RIGHT
[14:36:01.339] Bot14 moved forward to (5,5)
[14:36:01.339] Bot14 executed MOVE_FORWARD
[14:36:01.339] Starting turn for Bot31
[14:36:01.339] Bot31 rotated left to face WEST
[14:36:01.339] Bot31 executed ROTATE_LEFT
[14:36:01.339] Bot31 rotated left to face SOUTH
[14:36:01.339] Bot31 executed ROTATE_LEFT
[14:36:01.339] Bot31 moved forward to (1,2)
[14:36:01.339] Bot31 executed MOVE_FORWARD
[14:36:01.339] Starting turn for Bot14
[14:36:01.339] Starting turn for Bot31
[14:36:01.339] Starting turn for Bot14
[14:36:01.339] Starting turn for Bot31
[14:36:01.339] Starting turn for Bot14
[14:36:01.339] Starting turn for Bot31
[14:36:01.339] Bot31 rotated left to face EAST
[14:36:01.339] Bot31 executed ROTATE_LEFT
[14:36:01.339] Bot31 rotated left to face NORTH
[14:36:01.339] Bot31 executed ROTATE_LEFT
[14:36:01.339] Bot31 moved forward to (0,2)
[14:36:01.339] Bot31 executed MOVE_FORWARD
[14:36:01.339] Starting turn for Bot14
[14:36:01.339] Starting turn for Bot31
[14:36:01.339] Bot31 rotated left to face WEST
[14:36:01.339] Bot31 executed ROTATE_LEFT
[14:36:01.339] Bot31 rotated left to face SOUTH
[14:36:01.339] Bot31 executed ROTATE_LEFT
[14:36:01.339] Bot31 moved forward to (1,2)
[14:36:01.339] Bot31 executed MOVE_FORWARD
[14:36:01.339] Starting turn for Bot14
[14:36:01.339] Starting turn for Bot31
[14:36:01.339] Starting turn for Bot14
[14:36:01.339] Starting turn for Bot31
[14:36:01.339] Starting turn for Bot14
[14:36:01.339] Starting turn for Bot31
[14:36:01.339] Bot31 rotated left to face EAST
[14:36:01.339] Bot31 executed ROTATE_LEFT
[14:36:01.339] Bot31 rotated left to face NORTH
[14:36:01.339] Bot31 executed ROTATE_LEFT
[14:36:01.339] Bot31 moved forward to (0,2)
[14:36:01.339] Bot31 executed MOVE_FORWARD
[14:36:01.339] Starting turn for Bot14
[14:36:01.339] Starting turn for Bot31
[14:36:01.339] Bot31 rotated left to face WEST
[14:36:01.339] Bot31 executed ROTATE_LEFT
[14:36:01.339] Bot31 rotated left to face SOUTH
[14:36:01.339] Bot31 executed ROTATE_LEFT
[14:36:01.339] Bot31 moved forward to (1,2)
[14:36:01.339] Bot31 executed MOVE_FORWARD
[14:36:01.339] Starting turn for Bot14
[14:36:01.339] Starting turn for Bot31
[14:36:01.339] Starting turn for Bot14
[14:36:01.339] Starting turn for Bot31
[14:36:01.339] Starting turn for Bot14
[14:36:01.339] Starting turn for Bot31
[14:36:01.339] Bot31 rotated left to face EAST
[14:36:01.339] Bot31 executed ROTATE_LEFT
[14:36:01.339] Bot31 rotated left to face NORTH
[14:36:01.339] Bot31 executed ROTATE_LEFT
[14:36:01.339] Bot31 moved forward to (0,2)
[14:36:01.339] Bot31 executed MOVE_FORWARD
[14:36:01.339] Starting turn for Bot14
[14:36:01.339] Starting turn for Bot31
[14:36:01.339] Bot31 rotated left to face WEST
[14:36:01.339] Bot31 executed ROTATE_LEFT
[14:36:01.339] Bot31 rotated left to face SOUTH
[14:36:01.339] Bot31 executed ROTATE_LEFT
[14:36:01.339] Bot31 moved forward to (1,2)
[14:36:01.339] Bot31 executed MOVE_FORWARD
[14:36:01.339] Starting turn for Bot14
[14:36:01.339] Stalemate detected: State repeated 10 times, unchanged for 3 turns
[14:36:01.339] Game Over! Stalemate detected!
[14:36:01.339] Stalemate detected: State repeated 10 times, unchanged for 3 turns
