[14:35:59.333] === Game Started at 2025-02-04_14-35-59 ===
[14:35:59.333] Game initialized with 2 players
[14:35:59.333] Board size: 10
[14:35:59.333] Obstacle density: 0.05
[14:35:59.333] Max turns: 1000
[14:35:59.333] Player Bot15 starting at position (0,0) facing NORTH
[14:35:59.333] Player Bot13 starting at position (9,9) facing WEST
[14:35:59.333] Obstacles at positions: (1,4) (3,2) (3,5) (5,4) (8,6)
[14:35:59.333] Starting turn for Bot15
[14:35:59.333] Bot15 rotated right to face EAST
[14:35:59.333] Bot15 executed ROTATE_RIGHT
[14:35:59.333] Bot15 moved forward to (0,1)
[14:35:59.333] Bot15 executed MOVE_FORWARD
[14:35:59.333] Starting turn for Bot13
[14:35:59.333] Bot13 moved forward to (9,8)
[14:35:59.333] Bot13 executed MOVE_FORWARD
[14:35:59.333] Starting turn for Bot15
[14:35:59.333] Bot15 rotated right to face SOUTH
[14:35:59.333] Bot15 executed ROTATE_RIGHT
[14:35:59.333] Bot15 moved forward to (1,1)
[14:35:59.333] Bot15 executed MOVE_FORWARD
[14:35:59.333] Starting turn for Bot13
[14:35:59.333] Bot13 rotated right to face NORTH
[14:35:59.333] Bot13 executed ROTATE_RIGHT
[14:35:59.333] Bot13 moved forward to (8,8)
[14:35:59.333] Bot13 executed MOVE_FORWARD
[14:35:59.333] Starting turn for Bot15
[14:35:59.333] Bot15 rotated left to face EAST
[14:35:59.333] Bot15 executed ROTATE_LEFT
[14:35:59.333] Bot15 moved forward to (1,2)
[14:35:59.333] Bot15 executed MOVE_FORWARD
[14:35:59.333] Starting turn for Bot13
[14:35:59.333] Bot13 rotated left to face WEST
[14:35:59.333] Bot13 executed ROTATE_LEFT
[14:35:59.333] Bot13 moved forward to (8,7)
[14:35:59.333] Bot13 executed MOVE_FORWARD
[14:35:59.333] Starting turn for Bot15
[14:35:59.333] Bot15 rotated right to face SOUTH
[14:35:59.333] Bot15 executed ROTATE_RIGHT
[14:35:59.333] Bot15 moved forward to (2,2)
[14:35:59.333] Bot15 executed MOVE_FORWARD
[14:35:59.333] Starting turn for Bot13
[14:35:59.333] Bot13 rotated right to face NORTH
[14:35:59.333] Bot13 executed ROTATE_RIGHT
[14:35:59.333] Bot13 moved forward to (7,7)
[14:35:59.333] Bot13 executed MOVE_FORWARD
[14:35:59.333] Starting turn for Bot15
[14:35:59.333] Bot15 rotated left to face EAST
[14:35:59.333] Bot15 executed ROTATE_LEFT
[14:35:59.333] Bot15 moved forward to (2,3)
[14:35:59.333] Bot15 executed MOVE_FORWARD
[14:35:59.333] Starting turn for Bot13
[14:35:59.333] Bot13 rotated left to face WEST
[14:35:59.333] Bot13 executed ROTATE_LEFT
[14:35:59.333] Bot13 moved forward to (7,6)
[14:35:59.333] Bot13 executed MOVE_FORWARD
[14:35:59.333] Starting turn for Bot15
[14:35:59.333] Bot15 rotated right to face SOUTH
[14:35:59.333] Bot15 executed ROTATE_RIGHT
[14:35:59.333] Bot15 moved forward to (3,3)
[14:35:59.333] Bot15 executed MOVE_FORWARD
[14:35:59.333] Starting turn for Bot13
[14:35:59.333] Bot13 rotated right to face NORTH
[14:35:59.333] Bot13 executed ROTATE_RIGHT
[14:35:59.333] Bot13 moved forward to (6,6)
[14:35:59.333] Bot13 executed MOVE_FORWARD
[14:35:59.333] Starting turn for Bot15
[14:35:59.333] Bot15 rotated left to face EAST
[14:35:59.333] Bot15 executed ROTATE_LEFT
[14:35:59.333] Bot15 moved forward to (3,4)
[14:35:59.333] Bot15 executed MOVE_FORWARD
[14:35:59.333] Starting turn for Bot13
[14:35:59.333] Bot13 rotated left to face WEST
[14:35:59.333] Bot13 executed ROTATE_LEFT
[14:35:59.333] Bot13 moved forward to (6,5)
[14:35:59.333] Bot13 executed MOVE_FORWARD
[14:35:59.333] Starting turn for Bot15
[14:35:59.333] Bot15 rotated right to face SOUTH
[14:35:59.333] Bot15 executed ROTATE_RIGHT
[14:35:59.333] Bot15 moved forward to (4,4)
[14:35:59.333] Bot15 executed MOVE_FORWARD
[14:35:59.333] Starting turn for Bot13
[14:35:59.333] Bot13 rotated right to face NORTH
[14:35:59.333] Bot13 executed ROTATE_RIGHT
[14:35:59.333] Bot13 moved forward to (5,5)
[14:35:59.333] Bot13 executed MOVE_FORWARD
[14:35:59.333] Starting turn for Bot15
[14:35:59.333] Bot15 rotated left to face EAST
[14:35:59.333] Bot15 executed ROTATE_LEFT
[14:35:59.333] Bot15 moved forward to (4,5)
[14:35:59.333] Bot15 executed MOVE_FORWARD
[14:35:59.333] Starting turn for Bot13
[14:35:59.333] Bot13 shooting in direction NORTH
[14:35:59.333] Bot13 hit Bot15 for 25 damage (health: 100 -> 75)
[14:35:59.333] Bot13 executed SHOOT
[14:35:59.333] Starting turn for Bot15
[14:35:59.333] Bot15 rotated right to face SOUTH
[14:35:59.333] Bot15 executed ROTATE_RIGHT
[14:35:59.333] Starting turn for Bot13
[14:35:59.333] Bot13 shooting in direction NORTH
[14:35:59.333] Bot13 hit Bot15 for 25 damage (health: 75 -> 50)
[14:35:59.333] Bot13 executed SHOOT
[14:35:59.333] Starting turn for Bot15
[14:35:59.333] Bot15 shooting in direction SOUTH
[14:35:59.333] Bot15 hit Bot13 for 25 damage (health: 100 -> 75)
[14:35:59.333] Bot15 executed SHOOT
[14:35:59.333] Starting turn for Bot13
[14:35:59.333] Bot13 shooting in direction NORTH
[14:35:59.333] Bot13 hit Bot15 for 25 damage (health: 50 -> 25)
[14:35:59.333] Bot13 executed SHOOT
[14:35:59.333] Starting turn for Bot15
[14:35:59.333] Bot15 shooting in direction SOUTH
[14:35:59.333] Bot15 hit Bot13 for 25 damage (health: 75 -> 50)
[14:35:59.333] Bot15 executed SHOOT
[14:35:59.333] Starting turn for Bot13
[14:35:59.333] Bot13 shooting in direction NORTH
[14:35:59.333] Bot13 hit Bot15 for 25 damage (health: 25 -> 0)
[14:35:59.333] Bot15 was destroyed!
[14:35:59.333] Bot13 is the last tank standing!
[14:35:59.333] Bot13 executed SHOOT
[14:35:59.333] Game Over! Bot13 wins!
[14:35:59.333] === Game Ended ===
