[14:36:04.015] === Game Started at 2025-02-04_14-36-04 ===
[14:36:04.015] Game initialized with 2 players
[14:36:04.015] Board size: 10
[14:36:04.015] Obstacle density: 0.05
[14:36:04.015] Max turns: 1000
[14:36:04.015] Player Bot39 starting at position (0,0) facing EAST
[14:36:04.015] Player Bot16 starting at position (9,9) facing WEST
[14:36:04.015] Obstacles at positions: (0,7) (2,2) (3,3) (6,6) (9,2)
[14:36:04.015] Starting turn for Bot39
[14:36:04.015] Bot39 moved forward to (0,1)
[14:36:04.015] Bot39 executed MOVE_FORWARD
[14:36:04.015] Starting turn for Bot16
[14:36:04.015] Bot16 moved forward to (9,8)
[14:36:04.015] Bot16 executed MOVE_FORWARD
[14:36:04.015] Starting turn for Bot39
[14:36:04.015] Bot39 rotated right to face SOUTH
[14:36:04.015] Bot39 executed ROTATE_RIGHT
[14:36:04.015] Bot39 moved forward to (1,1)
[14:36:04.015] Bot39 executed MOVE_FORWARD
[14:36:04.015] Starting turn for Bot16
[14:36:04.015] Bot16 rotated right to face NORTH
[14:36:04.015] Bot16 executed ROTATE_RIGHT
[14:36:04.015] Bot16 moved forward to (8,8)
[14:36:04.015] Bot16 executed MOVE_FORWARD
[14:36:04.015] Starting turn for Bot39
[14:36:04.015] Bot39 rotated left to face EAST
[14:36:04.015] Bot39 executed ROTATE_LEFT
[14:36:04.015] Bot39 moved forward to (1,2)
[14:36:04.015] Bot39 executed MOVE_FORWARD
[14:36:04.015] Starting turn for Bot16
[14:36:04.015] Bot16 rotated left to face WEST
[14:36:04.015] Bot16 executed ROTATE_LEFT
[14:36:04.015] Bot16 moved forward to (8,7)
[14:36:04.015] Bot16 executed MOVE_FORWARD
[14:36:04.015] Starting turn for Bot39
[14:36:04.015] Bot39 rotated right to face SOUTH
[14:36:04.015] Bot39 executed ROTATE_RIGHT
[14:36:04.015] Starting turn for Bot16
[14:36:04.015] Bot16 rotated right to face NORTH
[14:36:04.015] Bot16 executed ROTATE_RIGHT
[14:36:04.015] Bot16 moved forward to (7,7)
[14:36:04.015] Bot16 executed MOVE_FORWARD
[14:36:04.015] Starting turn for Bot39
[14:36:04.015] Starting turn for Bot16
[14:36:04.015] Bot16 rotated left to face WEST
[14:36:04.015] Bot16 executed ROTATE_LEFT
[14:36:04.015] Bot16 moved forward to (7,6)
[14:36:04.015] Bot16 executed MOVE_FORWARD
[14:36:04.015] Starting turn for Bot39
[14:36:04.015] Bot39 rotated left to face EAST
[14:36:04.015] Bot39 executed ROTATE_LEFT
[14:36:04.015] Bot39 rotated left to face NORTH
[14:36:04.015] Bot39 executed ROTATE_LEFT
[14:36:04.015] Bot39 moved forward to (0,2)
[14:36:04.015] Bot39 executed MOVE_FORWARD
[14:36:04.015] Starting turn for Bot16
[14:36:04.015] Bot16 rotated right to face NORTH
[14:36:04.015] Bot16 executed ROTATE_RIGHT
[14:36:04.015] Starting turn for Bot39
[14:36:04.015] Bot39 rotated left to face WEST
[14:36:04.015] Bot39 executed ROTATE_LEFT
[14:36:04.015] Bot39 rotated left to face SOUTH
[14:36:04.015] Bot39 executed ROTATE_LEFT
[14:36:04.015] Bot39 moved forward to (1,2)
[14:36:04.015] Bot39 executed MOVE_FORWARD
[14:36:04.015] Starting turn for Bot16
[14:36:04.015] Starting turn for Bot39
[14:36:04.015] Starting turn for Bot16
[14:36:04.015] Bot16 rotated right to face EAST
[14:36:04.015] Bot16 executed ROTATE_RIGHT
[14:36:04.015] Bot16 moved forward to (7,7)
[14:36:04.015] Bot16 executed MOVE_FORWARD
[14:36:04.015] Starting turn for Bot39
[14:36:04.015] Starting turn for Bot16
[14:36:04.015] Bot16 rotated left to face NORTH
[14:36:04.015] Bot16 executed ROTATE_LEFT
[14:36:04.015] Bot16 rotated left to face WEST
[14:36:04.015] Bot16 executed ROTATE_LEFT
[14:36:04.015] Bot16 moved forward to (7,6)
[14:36:04.015] Bot16 executed MOVE_FORWARD
[14:36:04.015] Starting turn for Bot39
[14:36:04.015] Bot39 rotated left to face EAST
[14:36:04.015] Bot39 executed ROTATE_LEFT
[14:36:04.015] Bot39 rotated left to face NORTH
[14:36:04.015] Bot39 executed ROTATE_LEFT
[14:36:04.015] Bot39 moved forward to (0,2)
[14:36:04.015] Bot39 executed MOVE_FORWARD
[14:36:04.015] Starting turn for Bot16
[14:36:04.015] Bot16 rotated right to face NORTH
[14:36:04.015] Bot16 executed ROTATE_RIGHT
[14:36:04.015] Starting turn for Bot39
[14:36:04.015] Bot39 rotated left to face WEST
[14:36:04.015] Bot39 executed ROTATE_LEFT
[14:36:04.015] Bot39 rotated left to face SOUTH
[14:36:04.015] Bot39 executed ROTATE_LEFT
[14:36:04.015] Bot39 moved forward to (1,2)
[14:36:04.015] Bot39 executed MOVE_FORWARD
[14:36:04.015] Starting turn for Bot16
[14:36:04.015] Starting turn for Bot39
[14:36:04.015] Starting turn for Bot16
[14:36:04.015] Bot16 rotated right to face EAST
[14:36:04.015] Bot16 executed ROTATE_RIGHT
[14:36:04.015] Bot16 moved forward to (7,7)
[14:36:04.015] Bot16 executed MOVE_FORWARD
[14:36:04.015] Starting turn for Bot39
[14:36:04.015] Starting turn for Bot16
[14:36:04.015] Bot16 rotated left to face NORTH
[14:36:04.015] Bot16 executed ROTATE_LEFT
[14:36:04.015] Bot16 rotated left to face WEST
[14:36:04.015] Bot16 executed ROTATE_LEFT
[14:36:04.016] Bot16 moved forward to (7,6)
[14:36:04.016] Bot16 executed MOVE_FORWARD
[14:36:04.016] Starting turn for Bot39
[14:36:04.016] Bot39 rotated left to face EAST
[14:36:04.016] Bot39 executed ROTATE_LEFT
[14:36:04.016] Bot39 rotated left to face NORTH
[14:36:04.016] Bot39 executed ROTATE_LEFT
[14:36:04.016] Bot39 moved forward to (0,2)
[14:36:04.016] Bot39 executed MOVE_FORWARD
[14:36:04.016] Starting turn for Bot16
[14:36:04.016] Bot16 rotated right to face NORTH
[14:36:04.016] Bot16 executed ROTATE_RIGHT
[14:36:04.016] Starting turn for Bot39
[14:36:04.016] Bot39 rotated left to face WEST
[14:36:04.016] Bot39 executed ROTATE_LEFT
[14:36:04.016] Bot39 rotated left to face SOUTH
[14:36:04.016] Bot39 executed ROTATE_LEFT
[14:36:04.016] Bot39 moved forward to (1,2)
[14:36:04.016] Bot39 executed MOVE_FORWARD
[14:36:04.016] Starting turn for Bot16
[14:36:04.016] Starting turn for Bot39
[14:36:04.016] Starting turn for Bot16
[14:36:04.016] Bot16 rotated right to face EAST
[14:36:04.016] Bot16 executed ROTATE_RIGHT
[14:36:04.016] Bot16 moved forward to (7,7)
[14:36:04.016] Bot16 executed MOVE_FORWARD
[14:36:04.016] Starting turn for Bot39
[14:36:04.016] Starting turn for Bot16
[14:36:04.016] Bot16 rotated left to face NORTH
[14:36:04.016] Bot16 executed ROTATE_LEFT
[14:36:04.016] Bot16 rotated left to face WEST
[14:36:04.016] Bot16 executed ROTATE_LEFT
[14:36:04.016] Bot16 moved forward to (7,6)
[14:36:04.016] Bot16 executed MOVE_FORWARD
[14:36:04.016] Starting turn for Bot39
[14:36:04.016] Bot39 rotated left to face EAST
[14:36:04.016] Bot39 executed ROTATE_LEFT
[14:36:04.016] Bot39 rotated left to face NORTH
[14:36:04.016] Bot39 executed ROTATE_LEFT
[14:36:04.016] Bot39 moved forward to (0,2)
[14:36:04.016] Bot39 executed MOVE_FORWARD
[14:36:04.016] Starting turn for Bot16
[14:36:04.016] Bot16 rotated right to face NORTH
[14:36:04.016] Bot16 executed ROTATE_RIGHT
[14:36:04.016] Starting turn for Bot39
[14:36:04.016] Bot39 rotated left to face WEST
[14:36:04.016] Bot39 executed ROTATE_LEFT
[14:36:04.016] Bot39 rotated left to face SOUTH
[14:36:04.016] Bot39 executed ROTATE_LEFT
[14:36:04.016] Bot39 moved forward to (1,2)
[14:36:04.016] Bot39 executed MOVE_FORWARD
[14:36:04.016] Starting turn for Bot16
[14:36:04.016] Starting turn for Bot39
[14:36:04.016] Starting turn for Bot16
[14:36:04.016] Stalemate detected: State repeated 10 times, unchanged for 1 turns
[14:36:04.016] Game Over! Stalemate detected!
[14:36:04.016] Stalemate detected: State repeated 10 times, unchanged for 1 turns
