[14:36:06.011] === Game Started at 2025-02-04_14-36-06 ===
[14:36:06.011] Game initialized with 2 players
[14:36:06.011] Board size: 10
[14:36:06.011] Obstacle density: 0.05
[14:36:06.011] Max turns: 1000
[14:36:06.011] Player Bot36 starting at position (0,0) facing EAST
[14:36:06.011] Player Bot18 starting at position (9,9) facing EAST
[14:36:06.011] Obstacles at positions: (0,1) (0,3) (3,9) (6,4) (9,3)
[14:36:06.011] Starting turn for Bot36
[14:36:06.011] Bot36 rotated right to face SOUTH
[14:36:06.011] Bot36 executed ROTATE_RIGHT
[14:36:06.011] Bot36 moved forward to (1,0)
[14:36:06.011] Bot36 executed MOVE_FORWARD
[14:36:06.011] Starting turn for Bot18
[14:36:06.011] Bot18 rotated left to face NORTH
[14:36:06.011] Bot18 executed ROTATE_LEFT
[14:36:06.011] Bot18 rotated left to face WEST
[14:36:06.011] Bot18 executed ROTATE_LEFT
[14:36:06.011] Bot18 moved forward to (9,8)
[14:36:06.011] Bot18 executed MOVE_FORWARD
[14:36:06.011] Starting turn for Bot36
[14:36:06.011] Bot36 rotated left to face EAST
[14:36:06.011] Bot36 executed ROTATE_LEFT
[14:36:06.011] Bot36 moved forward to (1,1)
[14:36:06.011] Bot36 executed MOVE_FORWARD
[14:36:06.011] Starting turn for Bot18
[14:36:06.011] Bot18 rotated right to face NORTH
[14:36:06.011] Bot18 executed ROTATE_RIGHT
[14:36:06.011] Bot18 moved forward to (8,8)
[14:36:06.011] Bot18 executed MOVE_FORWARD
[14:36:06.011] Starting turn for Bot36
[14:36:06.011] Bot36 moved forward to (1,2)
[14:36:06.011] Bot36 executed MOVE_FORWARD
[14:36:06.011] Starting turn for Bot18
[14:36:06.011] Bot18 rotated left to face WEST
[14:36:06.011] Bot18 executed ROTATE_LEFT
[14:36:06.011] Bot18 moved forward to (8,7)
[14:36:06.011] Bot18 executed MOVE_FORWARD
[14:36:06.011] Starting turn for Bot36
[14:36:06.011] Bot36 rotated right to face SOUTH
[14:36:06.011] Bot36 executed ROTATE_RIGHT
[14:36:06.011] Bot36 moved forward to (2,2)
[14:36:06.011] Bot36 executed MOVE_FORWARD
[14:36:06.011] Starting turn for Bot18
[14:36:06.011] Bot18 rotated right to face NORTH
[14:36:06.011] Bot18 executed ROTATE_RIGHT
[14:36:06.011] Bot18 moved forward to (7,7)
[14:36:06.011] Bot18 executed MOVE_FORWARD
[14:36:06.011] Starting turn for Bot36
[14:36:06.011] Bot36 rotated left to face EAST
[14:36:06.011] Bot36 executed ROTATE_LEFT
[14:36:06.011] Bot36 moved forward to (2,3)
[14:36:06.011] Bot36 executed MOVE_FORWARD
[14:36:06.011] Starting turn for Bot18
[14:36:06.011] Bot18 rotated left to face WEST
[14:36:06.011] Bot18 executed ROTATE_LEFT
[14:36:06.011] Bot18 moved forward to (7,6)
[14:36:06.011] Bot18 executed MOVE_FORWARD
[14:36:06.011] Starting turn for Bot36
[14:36:06.011] Bot36 rotated right to face SOUTH
[14:36:06.011] Bot36 executed ROTATE_RIGHT
[14:36:06.011] Bot36 moved forward to (3,3)
[14:36:06.011] Bot36 executed MOVE_FORWARD
[14:36:06.011] Starting turn for Bot18
[14:36:06.011] Bot18 rotated right to face NORTH
[14:36:06.011] Bot18 executed ROTATE_RIGHT
[14:36:06.011] Bot18 moved forward to (6,6)
[14:36:06.011] Bot18 executed MOVE_FORWARD
[14:36:06.011] Starting turn for Bot36
[14:36:06.011] Bot36 rotated left to face EAST
[14:36:06.011] Bot36 executed ROTATE_LEFT
[14:36:06.011] Bot36 moved forward to (3,4)
[14:36:06.011] Bot36 executed MOVE_FORWARD
[14:36:06.011] Starting turn for Bot18
[14:36:06.011] Bot18 rotated left to face WEST
[14:36:06.011] Bot18 executed ROTATE_LEFT
[14:36:06.011] Bot18 moved forward to (6,5)
[14:36:06.011] Bot18 executed MOVE_FORWARD
[14:36:06.011] Starting turn for Bot36
[14:36:06.011] Bot36 rotated right to face SOUTH
[14:36:06.011] Bot36 executed ROTATE_RIGHT
[14:36:06.011] Bot36 moved forward to (4,4)
[14:36:06.011] Bot36 executed MOVE_FORWARD
[14:36:06.011] Starting turn for Bot18
[14:36:06.011] Bot18 rotated right to face NORTH
[14:36:06.011] Bot18 executed ROTATE_RIGHT
[14:36:06.011] Bot18 moved forward to (5,5)
[14:36:06.011] Bot18 executed MOVE_FORWARD
[14:36:06.011] Starting turn for Bot36
[14:36:06.011] Bot36 rotated left to face EAST
[14:36:06.011] Bot36 executed ROTATE_LEFT
[14:36:06.011] Bot36 moved forward to (4,5)
[14:36:06.011] Bot36 executed MOVE_FORWARD
[14:36:06.011] Starting turn for Bot18
[14:36:06.011] Bot18 shooting in direction NORTH
[14:36:06.011] Bot18 hit Bot36 for 25 damage (health: 100 -> 75)
[14:36:06.011] Bot18 executed SHOOT
[14:36:06.011] Starting turn for Bot36
[14:36:06.011] Bot36 rotated right to face SOUTH
[14:36:06.011] Bot36 executed ROTATE_RIGHT
[14:36:06.011] Starting turn for Bot18
[14:36:06.011] Bot18 shooting in direction NORTH
[14:36:06.011] Bot18 hit Bot36 for 25 damage (health: 75 -> 50)
[14:36:06.011] Bot18 executed SHOOT
[14:36:06.011] Starting turn for Bot36
[14:36:06.011] Bot36 shooting in direction SOUTH
[14:36:06.011] Bot36 hit Bot18 for 25 damage (health: 100 -> 75)
[14:36:06.011] Bot36 executed SHOOT
[14:36:06.011] Starting turn for Bot18
[14:36:06.011] Bot18 shooting in direction NORTH
[14:36:06.011] Bot18 hit Bot36 for 25 damage (health: 50 -> 25)
[14:36:06.012] Bot18 executed SHOOT
[14:36:06.012] Starting turn for Bot36
[14:36:06.012] Bot36 shooting in direction SOUTH
[14:36:06.012] Bot36 hit Bot18 for 25 damage (health: 75 -> 50)
[14:36:06.012] Bot36 executed SHOOT
[14:36:06.012] Starting turn for Bot18
[14:36:06.012] Bot18 shooting in direction NORTH
[14:36:06.012] Bot18 hit Bot36 for 25 damage (health: 25 -> 0)
[14:36:06.012] Bot36 was destroyed!
[14:36:06.012] Bot18 is the last tank standing!
[14:36:06.012] Bot18 executed SHOOT
[14:36:06.012] Game Over! Bot18 wins!
[14:36:06.012] === Game Ended ===
