[14:36:05.057] === Game Started at 2025-02-04_14-36-05 ===
[14:36:05.057] Game initialized with 2 players
[14:36:05.057] Board size: 10
[14:36:05.057] Obstacle density: 0.05
[14:36:05.057] Max turns: 1000
[14:36:05.057] Player Bot17 starting at position (0,0) facing SOUTH
[14:36:05.057] Player Bot38 starting at position (9,9) facing WEST
[14:36:05.057] Obstacles at positions: (1,2) (1,4) (4,1) (6,2) (6,6)
[14:36:05.057] Starting turn for Bot17
[14:36:05.057] Bot17 rotated left to face EAST
[14:36:05.057] Bot17 executed ROTATE_LEFT
[14:36:05.057] Bot17 moved forward to (0,1)
[14:36:05.057] Bot17 executed MOVE_FORWARD
[14:36:05.057] Starting turn for Bot38
[14:36:05.057] Bot38 moved forward to (9,8)
[14:36:05.057] Bot38 executed MOVE_FORWARD
[14:36:05.057] Starting turn for Bot17
[14:36:05.057] Bot17 rotated right to face SOUTH
[14:36:05.057] Bot17 executed ROTATE_RIGHT
[14:36:05.057] Bot17 moved forward to (1,1)
[14:36:05.057] Bot17 executed MOVE_FORWARD
[14:36:05.057] Starting turn for Bot38
[14:36:05.057] Bot38 rotated right to face NORTH
[14:36:05.057] Bot38 executed ROTATE_RIGHT
[14:36:05.057] Bot38 moved forward to (8,8)
[14:36:05.057] Bot38 executed MOVE_FORWARD
[14:36:05.057] Starting turn for Bot17
[14:36:05.057] Bot17 rotated left to face EAST
[14:36:05.057] Bot17 executed ROTATE_LEFT
[14:36:05.057] Starting turn for Bot38
[14:36:05.057] Bot38 rotated left to face WEST
[14:36:05.057] Bot38 executed ROTATE_LEFT
[14:36:05.057] Bot38 moved forward to (8,7)
[14:36:05.057] Bot38 executed MOVE_FORWARD
[14:36:05.057] Starting turn for Bot17
[14:36:05.057] Starting turn for Bot38
[14:36:05.057] Bot38 rotated right to face NORTH
[14:36:05.057] Bot38 executed ROTATE_RIGHT
[14:36:05.057] Bot38 moved forward to (7,7)
[14:36:05.057] Bot38 executed MOVE_FORWARD
[14:36:05.057] Starting turn for Bot17
[14:36:05.057] Bot17 rotated left to face NORTH
[14:36:05.057] Bot17 executed ROTATE_LEFT
[14:36:05.058] Bot17 moved forward to (0,1)
[14:36:05.058] Bot17 executed MOVE_FORWARD
[14:36:05.058] Starting turn for Bot38
[14:36:05.058] Bot38 rotated left to face WEST
[14:36:05.058] Bot38 executed ROTATE_LEFT
[14:36:05.058] Bot38 moved forward to (7,6)
[14:36:05.058] Bot38 executed MOVE_FORWARD
[14:36:05.058] Starting turn for Bot17
[14:36:05.058] Bot17 rotated left to face WEST
[14:36:05.058] Bot17 executed ROTATE_LEFT
[14:36:05.058] Bot17 rotated left to face SOUTH
[14:36:05.058] Bot17 executed ROTATE_LEFT
[14:36:05.058] Bot17 moved forward to (1,1)
[14:36:05.058] Bot17 executed MOVE_FORWARD
[14:36:05.058] Starting turn for Bot38
[14:36:05.058] Bot38 rotated right to face NORTH
[14:36:05.058] Bot38 executed ROTATE_RIGHT
[14:36:05.058] Starting turn for Bot17
[14:36:05.058] Bot17 rotated left to face EAST
[14:36:05.058] Bot17 executed ROTATE_LEFT
[14:36:05.058] Starting turn for Bot38
[14:36:05.058] Starting turn for Bot17
[14:36:05.058] Starting turn for Bot38
[14:36:05.058] Bot38 rotated right to face EAST
[14:36:05.058] Bot38 executed ROTATE_RIGHT
[14:36:05.058] Bot38 moved forward to (7,7)
[14:36:05.058] Bot38 executed MOVE_FORWARD
[14:36:05.058] Starting turn for Bot17
[14:36:05.058] Bot17 rotated left to face NORTH
[14:36:05.058] Bot17 executed ROTATE_LEFT
[14:36:05.058] Bot17 moved forward to (0,1)
[14:36:05.058] Bot17 executed MOVE_FORWARD
[14:36:05.058] Starting turn for Bot38
[14:36:05.058] Bot38 rotated left to face NORTH
[14:36:05.058] Bot38 executed ROTATE_LEFT
[14:36:05.058] Bot38 rotated left to face WEST
[14:36:05.058] Bot38 executed ROTATE_LEFT
[14:36:05.058] Bot38 moved forward to (7,6)
[14:36:05.058] Bot38 executed MOVE_FORWARD
[14:36:05.058] Starting turn for Bot17
[14:36:05.058] Bot17 rotated left to face WEST
[14:36:05.058] Bot17 executed ROTATE_LEFT
[14:36:05.058] Bot17 rotated left to face SOUTH
[14:36:05.058] Bot17 executed ROTATE_LEFT
[14:36:05.058] Bot17 moved forward to (1,1)
[14:36:05.058] Bot17 executed MOVE_FORWARD
[14:36:05.058] Starting turn for Bot38
[14:36:05.058] Bot38 rotated right to face NORTH
[14:36:05.058] Bot38 executed ROTATE_RIGHT
[14:36:05.058] Starting turn for Bot17
[14:36:05.058] Bot17 rotated left to face EAST
[14:36:05.058] Bot17 executed ROTATE_LEFT
[14:36:05.058] Starting turn for Bot38
[14:36:05.058] Starting turn for Bot17
[14:36:05.058] Starting turn for Bot38
[14:36:05.058] Bot38 rotated right to face EAST
[14:36:05.058] Bot38 executed ROTATE_RIGHT
[14:36:05.058] Bot38 moved forward to (7,7)
[14:36:05.058] Bot38 executed MOVE_FORWARD
[14:36:05.058] Starting turn for Bot17
[14:36:05.058] Bot17 rotated left to face NORTH
[14:36:05.058] Bot17 executed ROTATE_LEFT
[14:36:05.058] Bot17 moved forward to (0,1)
[14:36:05.058] Bot17 executed MOVE_FORWARD
[14:36:05.058] Starting turn for Bot38
[14:36:05.058] Bot38 rotated left to face NORTH
[14:36:05.058] Bot38 executed ROTATE_LEFT
[14:36:05.058] Bot38 rotated left to face WEST
[14:36:05.058] Bot38 executed ROTATE_LEFT
[14:36:05.058] Bot38 moved forward to (7,6)
[14:36:05.058] Bot38 executed MOVE_FORWARD
[14:36:05.058] Starting turn for Bot17
[14:36:05.058] Bot17 rotated left to face WEST
[14:36:05.058] Bot17 executed ROTATE_LEFT
[14:36:05.058] Bot17 rotated left to face SOUTH
[14:36:05.058] Bot17 executed ROTATE_LEFT
[14:36:05.058] Bot17 moved forward to (1,1)
[14:36:05.058] Bot17 executed MOVE_FORWARD
[14:36:05.058] Starting turn for Bot38
[14:36:05.058] Bot38 rotated right to face NORTH
[14:36:05.058] Bot38 executed ROTATE_RIGHT
[14:36:05.058] Starting turn for Bot17
[14:36:05.058] Bot17 rotated left to face EAST
[14:36:05.058] Bot17 executed ROTATE_LEFT
[14:36:05.058] Starting turn for Bot38
[14:36:05.058] Starting turn for Bot17
[14:36:05.058] Starting turn for Bot38
[14:36:05.058] Bot38 rotated right to face EAST
[14:36:05.058] Bot38 executed ROTATE_RIGHT
[14:36:05.058] Bot38 moved forward to (7,7)
[14:36:05.058] Bot38 executed MOVE_FORWARD
[14:36:05.058] Starting turn for Bot17
[14:36:05.058] Bot17 rotated left to face NORTH
[14:36:05.058] Bot17 executed ROTATE_LEFT
[14:36:05.058] Bot17 moved forward to (0,1)
[14:36:05.058] Bot17 executed MOVE_FORWARD
[14:36:05.058] Starting turn for Bot38
[14:36:05.058] Bot38 rotated left to face NORTH
[14:36:05.058] Bot38 executed ROTATE_LEFT
[14:36:05.058] Bot38 rotated left to face WEST
[14:36:05.058] Bot38 executed ROTATE_LEFT
[14:36:05.058] Bot38 moved forward to (7,6)
[14:36:05.058] Bot38 executed MOVE_FORWARD
[14:36:05.058] Starting turn for Bot17
[14:36:05.058] Bot17 rotated left to face WEST
[14:36:05.058] Bot17 executed ROTATE_LEFT
[14:36:05.058] Bot17 rotated left to face SOUTH
[14:36:05.058] Bot17 executed ROTATE_LEFT
[14:36:05.058] Bot17 moved forward to (1,1)
[14:36:05.058] Bot17 executed MOVE_FORWARD
[14:36:05.058] Starting turn for Bot38
[14:36:05.058] Bot38 rotated right to face NORTH
[14:36:05.058] Bot38 executed ROTATE_RIGHT
[14:36:05.058] Starting turn for Bot17
[14:36:05.058] Bot17 rotated left to face EAST
[14:36:05.058] Bot17 executed ROTATE_LEFT
[14:36:05.058] Starting turn for Bot38
[14:36:05.058] Starting turn for Bot17
[14:36:05.058] Starting turn for Bot38
[14:36:05.058] Stalemate detected: State repeated 10 times, unchanged for 1 turns
[14:36:05.058] Game Over! Stalemate detected!
[14:36:05.058] Stalemate detected: State repeated 10 times, unchanged for 1 turns
