[14:36:08.948] === Game Started at 2025-02-04_14-36-08 ===
[14:36:08.948] Game initialized with 2 players
[14:36:08.948] Board size: 10
[14:36:08.948] Obstacle density: 0.05
[14:36:08.948] Max turns: 1000
[14:36:08.948] Player Bot22 starting at position (0,0) facing EAST
[14:36:08.948] Player Bot28 starting at position (9,9) facing EAST
[14:36:08.948] Obstacles at positions: (2,1) (2,5) (4,8) (7,9) (8,6)
[14:36:08.948] Starting turn for Bot22
[14:36:08.948] Bot22 moved forward to (0,1)
[14:36:08.948] Bot22 executed MOVE_FORWARD
[14:36:08.948] Starting turn for Bot28
[14:36:08.948] Bot28 rotated left to face NORTH
[14:36:08.948] Bot28 executed ROTATE_LEFT
[14:36:08.948] Bot28 rotated left to face WEST
[14:36:08.948] Bot28 executed ROTATE_LEFT
[14:36:08.948] Bot28 moved forward to (9,8)
[14:36:08.948] Bot28 executed MOVE_FORWARD
[14:36:08.948] Starting turn for Bot22
[14:36:08.948] Bot22 rotated right to face SOUTH
[14:36:08.948] Bot22 executed ROTATE_RIGHT
[14:36:08.948] Bot22 moved forward to (1,1)
[14:36:08.948] Bot22 executed MOVE_FORWARD
[14:36:08.948] Starting turn for Bot28
[14:36:08.948] Bot28 rotated right to face NORTH
[14:36:08.948] Bot28 executed ROTATE_RIGHT
[14:36:08.948] Bot28 moved forward to (8,8)
[14:36:08.948] Bot28 executed MOVE_FORWARD
[14:36:08.948] Starting turn for Bot22
[14:36:08.948] Bot22 rotated left to face EAST
[14:36:08.948] Bot22 executed ROTATE_LEFT
[14:36:08.948] Bot22 moved forward to (1,2)
[14:36:08.948] Bot22 executed MOVE_FORWARD
[14:36:08.948] Starting turn for Bot28
[14:36:08.948] Bot28 rotated left to face WEST
[14:36:08.948] Bot28 executed ROTATE_LEFT
[14:36:08.948] Bot28 moved forward to (8,7)
[14:36:08.948] Bot28 executed MOVE_FORWARD
[14:36:08.948] Starting turn for Bot22
[14:36:08.948] Bot22 rotated right to face SOUTH
[14:36:08.948] Bot22 executed ROTATE_RIGHT
[14:36:08.948] Bot22 moved forward to (2,2)
[14:36:08.948] Bot22 executed MOVE_FORWARD
[14:36:08.948] Starting turn for Bot28
[14:36:08.949] Bot28 rotated right to face NORTH
[14:36:08.949] Bot28 executed ROTATE_RIGHT
[14:36:08.949] Bot28 moved forward to (7,7)
[14:36:08.949] Bot28 executed MOVE_FORWARD
[14:36:08.949] Starting turn for Bot22
[14:36:08.949] Bot22 rotated left to face EAST
[14:36:08.949] Bot22 executed ROTATE_LEFT
[14:36:08.949] Bot22 moved forward to (2,3)
[14:36:08.949] Bot22 executed MOVE_FORWARD
[14:36:08.949] Starting turn for Bot28
[14:36:08.949] Bot28 rotated left to face WEST
[14:36:08.949] Bot28 executed ROTATE_LEFT
[14:36:08.949] Bot28 moved forward to (7,6)
[14:36:08.949] Bot28 executed MOVE_FORWARD
[14:36:08.949] Starting turn for Bot22
[14:36:08.949] Bot22 rotated right to face SOUTH
[14:36:08.949] Bot22 executed ROTATE_RIGHT
[14:36:08.949] Bot22 moved forward to (3,3)
[14:36:08.949] Bot22 executed MOVE_FORWARD
[14:36:08.949] Starting turn for Bot28
[14:36:08.949] Bot28 rotated right to face NORTH
[14:36:08.949] Bot28 executed ROTATE_RIGHT
[14:36:08.949] Bot28 moved forward to (6,6)
[14:36:08.949] Bot28 executed MOVE_FORWARD
[14:36:08.949] Starting turn for Bot22
[14:36:08.949] Bot22 rotated left to face EAST
[14:36:08.949] Bot22 executed ROTATE_LEFT
[14:36:08.949] Bot22 moved forward to (3,4)
[14:36:08.949] Bot22 executed MOVE_FORWARD
[14:36:08.949] Starting turn for Bot28
[14:36:08.949] Bot28 rotated left to face WEST
[14:36:08.949] Bot28 executed ROTATE_LEFT
[14:36:08.949] Bot28 moved forward to (6,5)
[14:36:08.949] Bot28 executed MOVE_FORWARD
[14:36:08.949] Starting turn for Bot22
[14:36:08.949] Bot22 rotated right to face SOUTH
[14:36:08.949] Bot22 executed ROTATE_RIGHT
[14:36:08.949] Bot22 moved forward to (4,4)
[14:36:08.949] Bot22 executed MOVE_FORWARD
[14:36:08.949] Starting turn for Bot28
[14:36:08.949] Bot28 rotated right to face NORTH
[14:36:08.949] Bot28 executed ROTATE_RIGHT
[14:36:08.949] Bot28 moved forward to (5,5)
[14:36:08.949] Bot28 executed MOVE_FORWARD
[14:36:08.949] Starting turn for Bot22
[14:36:08.949] Bot22 rotated left to face EAST
[14:36:08.949] Bot22 executed ROTATE_LEFT
[14:36:08.949] Bot22 moved forward to (4,5)
[14:36:08.949] Bot22 executed MOVE_FORWARD
[14:36:08.949] Starting turn for Bot28
[14:36:08.949] Bot28 shooting in direction NORTH
[14:36:08.949] Bot28 hit Bot22 for 25 damage (health: 100 -> 75)
[14:36:08.949] Bot28 executed SHOOT
[14:36:08.949] Starting turn for Bot22
[14:36:08.949] Bot22 rotated right to face SOUTH
[14:36:08.949] Bot22 executed ROTATE_RIGHT
[14:36:08.949] Starting turn for Bot28
[14:36:08.949] Bot28 shooting in direction NORTH
[14:36:08.949] Bot28 hit Bot22 for 25 damage (health: 75 -> 50)
[14:36:08.949] Bot28 executed SHOOT
[14:36:08.949] Starting turn for Bot22
[14:36:08.949] Bot22 shooting in direction SOUTH
[14:36:08.949] Bot22 hit Bot28 for 25 damage (health: 100 -> 75)
[14:36:08.949] Bot22 executed SHOOT
[14:36:08.949] Starting turn for Bot28
[14:36:08.949] Bot28 shooting in direction NORTH
[14:36:08.949] Bot28 hit Bot22 for 25 damage (health: 50 -> 25)
[14:36:08.949] Bot28 executed SHOOT
[14:36:08.949] Starting turn for Bot22
[14:36:08.949] Bot22 shooting in direction SOUTH
[14:36:08.949] Bot22 hit Bot28 for 25 damage (health: 75 -> 50)
[14:36:08.949] Bot22 executed SHOOT
[14:36:08.949] Starting turn for Bot28
[14:36:08.949] Bot28 shooting in direction NORTH
[14:36:08.949] Bot28 hit Bot22 for 25 damage (health: 25 -> 0)
[14:36:08.949] Bot22 was destroyed!
[14:36:08.949] Bot28 is the last tank standing!
[14:36:08.949] Bot28 executed SHOOT
[14:36:08.949] Game Over! Bot28 wins!
[14:36:08.949] === Game Ended ===
