[14:35:51.869] === Game Started at 2025-02-04_14-35-51 ===
[14:35:51.869] Game initialized with 2 players
[14:35:51.869] Board size: 10
[14:35:51.869] Obstacle density: 0.05
[14:35:51.869] Max turns: 1000
[14:35:51.869] Player Bot25 starting at position (0,0) facing NORTH
[14:35:51.869] Player Bot7 starting at position (9,9) facing NORTH
[14:35:51.869] Obstacles at positions: (2,5) (3,8) (4,4) (5,8) (7,6)
[14:35:51.869] Starting turn for Bot25
[14:35:51.869] Bot25 rotated right to face EAST
[14:35:51.869] Bot25 executed ROTATE_RIGHT
[14:35:51.869] Bot25 moved forward to (0,1)
[14:35:51.869] Bot25 executed MOVE_FORWARD
[14:35:51.869] Starting turn for Bot7
[14:35:51.869] Bot7 rotated left to face WEST
[14:35:51.869] Bot7 executed ROTATE_LEFT
[14:35:51.869] Bot7 moved forward to (9,8)
[14:35:51.869] Bot7 executed MOVE_FORWARD
[14:35:51.869] Starting turn for Bot25
[14:35:51.869] Bot25 rotated right to face SOUTH
[14:35:51.869] Bot25 executed ROTATE_RIGHT
[14:35:51.869] Bot25 moved forward to (1,1)
[14:35:51.869] Bot25 executed MOVE_FORWARD
[14:35:51.869] Starting turn for Bot7
[14:35:51.869] Bot7 rotated right to face NORTH
[14:35:51.869] Bot7 executed ROTATE_RIGHT
[14:35:51.869] Bot7 moved forward to (8,8)
[14:35:51.869] Bot7 executed MOVE_FORWARD
[14:35:51.869] Starting turn for Bot25
[14:35:51.869] Bot25 rotated left to face EAST
[14:35:51.869] Bot25 executed ROTATE_LEFT
[14:35:51.869] Bot25 moved forward to (1,2)
[14:35:51.869] Bot25 executed MOVE_FORWARD
[14:35:51.869] Starting turn for Bot7
[14:35:51.869] Bot7 rotated left to face WEST
[14:35:51.869] Bot7 executed ROTATE_LEFT
[14:35:51.869] Bot7 moved forward to (8,7)
[14:35:51.869] Bot7 executed MOVE_FORWARD
[14:35:51.869] Starting turn for Bot25
[14:35:51.869] Bot25 rotated right to face SOUTH
[14:35:51.869] Bot25 executed ROTATE_RIGHT
[14:35:51.869] Bot25 moved forward to (2,2)
[14:35:51.869] Bot25 executed MOVE_FORWARD
[14:35:51.869] Starting turn for Bot7
[14:35:51.869] Bot7 rotated right to face NORTH
[14:35:51.869] Bot7 executed ROTATE_RIGHT
[14:35:51.869] Bot7 moved forward to (7,7)
[14:35:51.869] Bot7 executed MOVE_FORWARD
[14:35:51.869] Starting turn for Bot25
[14:35:51.869] Bot25 rotated left to face EAST
[14:35:51.869] Bot25 executed ROTATE_LEFT
[14:35:51.869] Bot25 moved forward to (2,3)
[14:35:51.869] Bot25 executed MOVE_FORWARD
[14:35:51.869] Starting turn for Bot7
[14:35:51.869] Bot7 rotated left to face WEST
[14:35:51.869] Bot7 executed ROTATE_LEFT
[14:35:51.869] Starting turn for Bot25
[14:35:51.869] Bot25 rotated right to face SOUTH
[14:35:51.869] Bot25 executed ROTATE_RIGHT
[14:35:51.869] Bot25 moved forward to (3,3)
[14:35:51.869] Bot25 executed MOVE_FORWARD
[14:35:51.869] Starting turn for Bot7
[14:35:51.869] Starting turn for Bot25
[14:35:51.869] Bot25 rotated left to face EAST
[14:35:51.869] Bot25 executed ROTATE_LEFT
[14:35:51.869] Bot25 moved forward to (3,4)
[14:35:51.869] Bot25 executed MOVE_FORWARD
[14:35:51.869] Starting turn for Bot7
[14:35:51.869] Bot7 rotated right to face NORTH
[14:35:51.869] Bot7 executed ROTATE_RIGHT
[14:35:51.869] Bot7 moved forward to (6,7)
[14:35:51.869] Bot7 executed MOVE_FORWARD
[14:35:51.869] Starting turn for Bot25
[14:35:51.869] Bot25 rotated right to face SOUTH
[14:35:51.869] Bot25 executed ROTATE_RIGHT
[14:35:51.869] Starting turn for Bot7
[14:35:51.869] Bot7 rotated left to face WEST
[14:35:51.869] Bot7 executed ROTATE_LEFT
[14:35:51.869] Bot7 moved forward to (6,6)
[14:35:51.869] Bot7 executed MOVE_FORWARD
[14:35:51.869] Starting turn for Bot25
[14:35:51.869] Starting turn for Bot7
[14:35:51.869] Bot7 moved forward to (6,5)
[14:35:51.869] Bot7 executed MOVE_FORWARD
[14:35:51.869] Starting turn for Bot25
[14:35:51.869] Bot25 rotated left to face EAST
[14:35:51.869] Bot25 executed ROTATE_LEFT
[14:35:51.869] Bot25 rotated left to face NORTH
[14:35:51.869] Bot25 executed ROTATE_LEFT
[14:35:51.869] Bot25 moved forward to (2,4)
[14:35:51.869] Bot25 executed MOVE_FORWARD
[14:35:51.869] Starting turn for Bot7
[14:35:51.869] Bot7 rotated right to face NORTH
[14:35:51.869] Bot7 executed ROTATE_RIGHT
[14:35:51.869] Bot7 moved forward to (5,5)
[14:35:51.869] Bot7 executed MOVE_FORWARD
[14:35:51.869] Starting turn for Bot25
[14:35:51.869] Bot25 rotated left to face WEST
[14:35:51.869] Bot25 executed ROTATE_LEFT
[14:35:51.869] Bot25 rotated left to face SOUTH
[14:35:51.869] Bot25 executed ROTATE_LEFT
[14:35:51.869] Bot25 moved forward to (3,4)
[14:35:51.869] Bot25 executed MOVE_FORWARD
[14:35:51.869] Starting turn for Bot7
[14:35:51.869] Starting turn for Bot25
[14:35:51.869] Starting turn for Bot7
[14:35:51.869] Starting turn for Bot25
[14:35:51.869] Starting turn for Bot7
[14:35:51.869] Starting turn for Bot25
[14:35:51.869] Bot25 rotated left to face EAST
[14:35:51.869] Bot25 executed ROTATE_LEFT
[14:35:51.869] Bot25 rotated left to face NORTH
[14:35:51.869] Bot25 executed ROTATE_LEFT
[14:35:51.869] Bot25 moved forward to (2,4)
[14:35:51.869] Bot25 executed MOVE_FORWARD
[14:35:51.869] Starting turn for Bot7
[14:35:51.869] Starting turn for Bot25
[14:35:51.869] Bot25 rotated left to face WEST
[14:35:51.869] Bot25 executed ROTATE_LEFT
[14:35:51.869] Bot25 rotated left to face SOUTH
[14:35:51.869] Bot25 executed ROTATE_LEFT
[14:35:51.869] Bot25 moved forward to (3,4)
[14:35:51.869] Bot25 executed MOVE_FORWARD
[14:35:51.869] Starting turn for Bot7
[14:35:51.869] Starting turn for Bot25
[14:35:51.869] Starting turn for Bot7
[14:35:51.869] Starting turn for Bot25
[14:35:51.869] Starting turn for Bot7
[14:35:51.869] Starting turn for Bot25
[14:35:51.869] Bot25 rotated left to face EAST
[14:35:51.869] Bot25 executed ROTATE_LEFT
[14:35:51.869] Bot25 rotated left to face NORTH
[14:35:51.869] Bot25 executed ROTATE_LEFT
[14:35:51.869] Bot25 moved forward to (2,4)
[14:35:51.869] Bot25 executed MOVE_FORWARD
[14:35:51.869] Starting turn for Bot7
[14:35:51.869] Starting turn for Bot25
[14:35:51.869] Bot25 rotated left to face WEST
[14:35:51.869] Bot25 executed ROTATE_LEFT
[14:35:51.869] Bot25 rotated left to face SOUTH
[14:35:51.869] Bot25 executed ROTATE_LEFT
[14:35:51.869] Bot25 moved forward to (3,4)
[14:35:51.869] Bot25 executed MOVE_FORWARD
[14:35:51.869] Starting turn for Bot7
[14:35:51.869] Starting turn for Bot25
[14:35:51.869] Starting turn for Bot7
[14:35:51.869] Stalemate detected: State repeated 10 times, unchanged for 1 turns
[14:35:51.869] Game Over! Stalemate detected!
[14:35:51.869] Stalemate detected: State repeated 10 times, unchanged for 1 turns
