[14:36:11.907] === Game Started at 2025-02-04_14-36-11 ===
[14:36:11.907] Game initialized with 2 players
[14:36:11.907] Board size: 10
[14:36:11.907] Obstacle density: 0.05
[14:36:11.907] Max turns: 1000
[14:36:11.907] Player Bot31 starting at position (0,0) facing EAST
[14:36:11.907] Player Bot26 starting at position (9,9) facing EAST
[14:36:11.907] Obstacles at positions: (1,4) (2,4) (4,5) (7,0) (7,7)
[14:36:11.907] Starting turn for Bot31
[14:36:11.907] Bot31 moved forward to (0,1)
[14:36:11.907] Bot31 executed MOVE_FORWARD
[14:36:11.907] Starting turn for Bot26
[14:36:11.907] Bot26 rotated left to face NORTH
[14:36:11.907] Bot26 executed ROTATE_LEFT
[14:36:11.907] Bot26 rotated left to face WEST
[14:36:11.907] Bot26 executed ROTATE_LEFT
[14:36:11.907] Bot26 moved forward to (9,8)
[14:36:11.907] Bot26 executed MOVE_FORWARD
[14:36:11.907] Starting turn for Bot31
[14:36:11.907] Bot31 rotated right to face SOUTH
[14:36:11.907] Bot31 executed ROTATE_RIGHT
[14:36:11.907] Bot31 moved forward to (1,1)
[14:36:11.907] Bot31 executed MOVE_FORWARD
[14:36:11.907] Starting turn for Bot26
[14:36:11.907] Bot26 rotated right to face NORTH
[14:36:11.907] Bot26 executed ROTATE_RIGHT
[14:36:11.907] Bot26 moved forward to (8,8)
[14:36:11.907] Bot26 executed MOVE_FORWARD
[14:36:11.907] Starting turn for Bot31
[14:36:11.907] Bot31 rotated left to face EAST
[14:36:11.907] Bot31 executed ROTATE_LEFT
[14:36:11.907] Bot31 moved forward to (1,2)
[14:36:11.907] Bot31 executed MOVE_FORWARD
[14:36:11.907] Starting turn for Bot26
[14:36:11.907] Bot26 rotated left to face WEST
[14:36:11.907] Bot26 executed ROTATE_LEFT
[14:36:11.907] Bot26 moved forward to (8,7)
[14:36:11.907] Bot26 executed MOVE_FORWARD
[14:36:11.907] Starting turn for Bot31
[14:36:11.907] Bot31 rotated right to face SOUTH
[14:36:11.907] Bot31 executed ROTATE_RIGHT
[14:36:11.907] Bot31 moved forward to (2,2)
[14:36:11.907] Bot31 executed MOVE_FORWARD
[14:36:11.907] Starting turn for Bot26
[14:36:11.907] Bot26 rotated right to face NORTH
[14:36:11.907] Bot26 executed ROTATE_RIGHT
[14:36:11.907] Starting turn for Bot31
[14:36:11.907] Bot31 rotated left to face EAST
[14:36:11.907] Bot31 executed ROTATE_LEFT
[14:36:11.907] Bot31 moved forward to (2,3)
[14:36:11.907] Bot31 executed MOVE_FORWARD
[14:36:11.907] Starting turn for Bot26
[14:36:11.907] Starting turn for Bot31
[14:36:11.907] Bot31 rotated right to face SOUTH
[14:36:11.907] Bot31 executed ROTATE_RIGHT
[14:36:11.907] Bot31 moved forward to (3,3)
[14:36:11.907] Bot31 executed MOVE_FORWARD
[14:36:11.907] Starting turn for Bot26
[14:36:11.907] Bot26 rotated right to face EAST
[14:36:11.907] Bot26 executed ROTATE_RIGHT
[14:36:11.907] Bot26 moved forward to (8,8)
[14:36:11.907] Bot26 executed MOVE_FORWARD
[14:36:11.907] Starting turn for Bot31
[14:36:11.907] Bot31 rotated left to face EAST
[14:36:11.907] Bot31 executed ROTATE_LEFT
[14:36:11.907] Bot31 moved forward to (3,4)
[14:36:11.907] Bot31 executed MOVE_FORWARD
[14:36:11.907] Starting turn for Bot26
[14:36:11.907] Bot26 rotated left to face NORTH
[14:36:11.907] Bot26 executed ROTATE_LEFT
[14:36:11.907] Bot26 rotated left to face WEST
[14:36:11.907] Bot26 executed ROTATE_LEFT
[14:36:11.907] Bot26 moved forward to (8,7)
[14:36:11.907] Bot26 executed MOVE_FORWARD
[14:36:11.907] Starting turn for Bot31
[14:36:11.907] Bot31 rotated right to face SOUTH
[14:36:11.907] Bot31 executed ROTATE_RIGHT
[14:36:11.907] Bot31 moved forward to (4,4)
[14:36:11.907] Bot31 executed MOVE_FORWARD
[14:36:11.907] Starting turn for Bot26
[14:36:11.907] Bot26 rotated right to face NORTH
[14:36:11.907] Bot26 executed ROTATE_RIGHT
[14:36:11.907] Starting turn for Bot31
[14:36:11.907] Bot31 rotated left to face EAST
[14:36:11.907] Bot31 executed ROTATE_LEFT
[14:36:11.907] Starting turn for Bot26
[14:36:11.907] Starting turn for Bot31
[14:36:11.907] Starting turn for Bot26
[14:36:11.907] Bot26 rotated right to face EAST
[14:36:11.908] Bot26 executed ROTATE_RIGHT
[14:36:11.908] Bot26 moved forward to (8,8)
[14:36:11.908] Bot26 executed MOVE_FORWARD
[14:36:11.908] Starting turn for Bot31
[14:36:11.908] Bot31 rotated left to face NORTH
[14:36:11.908] Bot31 executed ROTATE_LEFT
[14:36:11.908] Bot31 moved forward to (3,4)
[14:36:11.908] Bot31 executed MOVE_FORWARD
[14:36:11.908] Starting turn for Bot26
[14:36:11.908] Bot26 rotated left to face NORTH
[14:36:11.908] Bot26 executed ROTATE_LEFT
[14:36:11.908] Bot26 rotated left to face WEST
[14:36:11.908] Bot26 executed ROTATE_LEFT
[14:36:11.908] Bot26 moved forward to (8,7)
[14:36:11.908] Bot26 executed MOVE_FORWARD
[14:36:11.908] Starting turn for Bot31
[14:36:11.908] Bot31 rotated left to face WEST
[14:36:11.908] Bot31 executed ROTATE_LEFT
[14:36:11.908] Bot31 rotated left to face SOUTH
[14:36:11.908] Bot31 executed ROTATE_LEFT
[14:36:11.908] Bot31 moved forward to (4,4)
[14:36:11.908] Bot31 executed MOVE_FORWARD
[14:36:11.908] Starting turn for Bot26
[14:36:11.908] Bot26 rotated right to face NORTH
[14:36:11.908] Bot26 executed ROTATE_RIGHT
[14:36:11.908] Starting turn for Bot31
[14:36:11.908] Bot31 rotated left to face EAST
[14:36:11.908] Bot31 executed ROTATE_LEFT
[14:36:11.908] Starting turn for Bot26
[14:36:11.908] Starting turn for Bot31
[14:36:11.908] Starting turn for Bot26
[14:36:11.908] Bot26 rotated right to face EAST
[14:36:11.908] Bot26 executed ROTATE_RIGHT
[14:36:11.908] Bot26 moved forward to (8,8)
[14:36:11.908] Bot26 executed MOVE_FORWARD
[14:36:11.908] Starting turn for Bot31
[14:36:11.908] Bot31 rotated left to face NORTH
[14:36:11.908] Bot31 executed ROTATE_LEFT
[14:36:11.908] Bot31 moved forward to (3,4)
[14:36:11.908] Bot31 executed MOVE_FORWARD
[14:36:11.908] Starting turn for Bot26
[14:36:11.908] Bot26 rotated left to face NORTH
[14:36:11.908] Bot26 executed ROTATE_LEFT
[14:36:11.908] Bot26 rotated left to face WEST
[14:36:11.908] Bot26 executed ROTATE_LEFT
[14:36:11.908] Bot26 moved forward to (8,7)
[14:36:11.908] Bot26 executed MOVE_FORWARD
[14:36:11.908] Starting turn for Bot31
[14:36:11.908] Bot31 rotated left to face WEST
[14:36:11.908] Bot31 executed ROTATE_LEFT
[14:36:11.908] Bot31 rotated left to face SOUTH
[14:36:11.908] Bot31 executed ROTATE_LEFT
[14:36:11.908] Bot31 moved forward to (4,4)
[14:36:11.908] Bot31 executed MOVE_FORWARD
[14:36:11.908] Starting turn for Bot26
[14:36:11.908] Bot26 rotated right to face NORTH
[14:36:11.908] Bot26 executed ROTATE_RIGHT
[14:36:11.908] Starting turn for Bot31
[14:36:11.908] Bot31 rotated left to face EAST
[14:36:11.908] Bot31 executed ROTATE_LEFT
[14:36:11.908] Starting turn for Bot26
[14:36:11.908] Starting turn for Bot31
[14:36:11.908] Starting turn for Bot26
[14:36:11.908] Bot26 rotated right to face EAST
[14:36:11.908] Bot26 executed ROTATE_RIGHT
[14:36:11.908] Bot26 moved forward to (8,8)
[14:36:11.908] Bot26 executed MOVE_FORWARD
[14:36:11.908] Starting turn for Bot31
[14:36:11.908] Bot31 rotated left to face NORTH
[14:36:11.908] Bot31 executed ROTATE_LEFT
[14:36:11.908] Bot31 moved forward to (3,4)
[14:36:11.908] Bot31 executed MOVE_FORWARD
[14:36:11.908] Starting turn for Bot26
[14:36:11.908] Bot26 rotated left to face NORTH
[14:36:11.908] Bot26 executed ROTATE_LEFT
[14:36:11.908] Bot26 rotated left to face WEST
[14:36:11.908] Bot26 executed ROTATE_LEFT
[14:36:11.908] Bot26 moved forward to (8,7)
[14:36:11.908] Bot26 executed MOVE_FORWARD
[14:36:11.908] Starting turn for Bot31
[14:36:11.908] Bot31 rotated left to face WEST
[14:36:11.908] Bot31 executed ROTATE_LEFT
[14:36:11.908] Bot31 rotated left to face SOUTH
[14:36:11.908] Bot31 executed ROTATE_LEFT
[14:36:11.908] Bot31 moved forward to (4,4)
[14:36:11.908] Bot31 executed MOVE_FORWARD
[14:36:11.908] Starting turn for Bot26
[14:36:11.908] Bot26 rotated right to face NORTH
[14:36:11.908] Bot26 executed ROTATE_RIGHT
[14:36:11.908] Starting turn for Bot31
[14:36:11.908] Bot31 rotated left to face EAST
[14:36:11.908] Bot31 executed ROTATE_LEFT
[14:36:11.908] Starting turn for Bot26
[14:36:11.908] Stalemate detected: State repeated 10 times, unchanged for 3 turns
[14:36:11.908] Game Over! Stalemate detected!
[14:36:11.908] Stalemate detected: State repeated 10 times, unchanged for 3 turns
