[14:36:06.369] === Game Started at 2025-02-04_14-36-06 ===
[14:36:06.369] Game initialized with 2 players
[14:36:06.369] Board size: 10
[14:36:06.369] Obstacle density: 0.05
[14:36:06.369] Max turns: 1000
[14:36:06.369] Player Bot23 starting at position (0,0) facing SOUTH
[14:36:06.369] Player Bot19 starting at position (9,9) facing EAST
[14:36:06.369] Obstacles at positions: (4,0) (4,8) (5,1) (8,8) (8,9)
[14:36:06.369] Starting turn for Bot23
[14:36:06.369] Bot23 rotated left to face EAST
[14:36:06.369] Bot23 executed ROTATE_LEFT
[14:36:06.369] Bot23 moved forward to (0,1)
[14:36:06.369] Bot23 executed MOVE_FORWARD
[14:36:06.369] Starting turn for Bot19
[14:36:06.369] Bot19 rotated left to face NORTH
[14:36:06.369] Bot19 executed ROTATE_LEFT
[14:36:06.369] Bot19 rotated left to face WEST
[14:36:06.369] Bot19 executed ROTATE_LEFT
[14:36:06.369] Bot19 moved forward to (9,8)
[14:36:06.369] Bot19 executed MOVE_FORWARD
[14:36:06.369] Starting turn for Bot23
[14:36:06.369] Bot23 rotated right to face SOUTH
[14:36:06.369] Bot23 executed ROTATE_RIGHT
[14:36:06.369] Bot23 moved forward to (1,1)
[14:36:06.369] Bot23 executed MOVE_FORWARD
[14:36:06.369] Starting turn for Bot19
[14:36:06.369] Bot19 rotated right to face NORTH
[14:36:06.369] Bot19 executed ROTATE_RIGHT
[14:36:06.369] Starting turn for Bot23
[14:36:06.369] Bot23 rotated left to face EAST
[14:36:06.369] Bot23 executed ROTATE_LEFT
[14:36:06.369] Bot23 moved forward to (1,2)
[14:36:06.369] Bot23 executed MOVE_FORWARD
[14:36:06.369] Starting turn for Bot19
[14:36:06.369] Starting turn for Bot23
[14:36:06.369] Bot23 rotated right to face SOUTH
[14:36:06.369] Bot23 executed ROTATE_RIGHT
[14:36:06.369] Bot23 moved forward to (2,2)
[14:36:06.369] Bot23 executed MOVE_FORWARD
[14:36:06.369] Starting turn for Bot19
[14:36:06.369] Bot19 rotated right to face EAST
[14:36:06.369] Bot19 executed ROTATE_RIGHT
[14:36:06.369] Bot19 moved forward to (9,9)
[14:36:06.369] Bot19 executed MOVE_FORWARD
[14:36:06.369] Starting turn for Bot23
[14:36:06.369] Bot23 rotated left to face EAST
[14:36:06.369] Bot23 executed ROTATE_LEFT
[14:36:06.369] Bot23 moved forward to (2,3)
[14:36:06.369] Bot23 executed MOVE_FORWARD
[14:36:06.369] Starting turn for Bot19
[14:36:06.369] Bot19 rotated left to face NORTH
[14:36:06.369] Bot19 executed ROTATE_LEFT
[14:36:06.369] Bot19 rotated left to face WEST
[14:36:06.369] Bot19 executed ROTATE_LEFT
[14:36:06.369] Bot19 moved forward to (9,8)
[14:36:06.369] Bot19 executed MOVE_FORWARD
[14:36:06.369] Starting turn for Bot23
[14:36:06.369] Bot23 rotated right to face SOUTH
[14:36:06.369] Bot23 executed ROTATE_RIGHT
[14:36:06.369] Bot23 moved forward to (3,3)
[14:36:06.369] Bot23 executed MOVE_FORWARD
[14:36:06.369] Starting turn for Bot19
[14:36:06.369] Bot19 rotated right to face NORTH
[14:36:06.369] Bot19 executed ROTATE_RIGHT
[14:36:06.369] Starting turn for Bot23
[14:36:06.369] Bot23 rotated left to face EAST
[14:36:06.369] Bot23 executed ROTATE_LEFT
[14:36:06.369] Bot23 moved forward to (3,4)
[14:36:06.369] Bot23 executed MOVE_FORWARD
[14:36:06.369] Starting turn for Bot19
[14:36:06.369] Starting turn for Bot23
[14:36:06.369] Bot23 rotated right to face SOUTH
[14:36:06.369] Bot23 executed ROTATE_RIGHT
[14:36:06.369] Bot23 moved forward to (4,4)
[14:36:06.369] Bot23 executed MOVE_FORWARD
[14:36:06.369] Starting turn for Bot19
[14:36:06.369] Bot19 rotated right to face EAST
[14:36:06.369] Bot19 executed ROTATE_RIGHT
[14:36:06.369] Bot19 moved forward to (9,9)
[14:36:06.369] Bot19 executed MOVE_FORWARD
[14:36:06.369] Starting turn for Bot23
[14:36:06.369] Bot23 rotated left to face EAST
[14:36:06.369] Bot23 executed ROTATE_LEFT
[14:36:06.369] Bot23 moved forward to (4,5)
[14:36:06.369] Bot23 executed MOVE_FORWARD
[14:36:06.369] Starting turn for Bot19
[14:36:06.369] Bot19 rotated left to face NORTH
[14:36:06.369] Bot19 executed ROTATE_LEFT
[14:36:06.369] Bot19 rotated left to face WEST
[14:36:06.369] Bot19 executed ROTATE_LEFT
[14:36:06.369] Bot19 moved forward to (9,8)
[14:36:06.369] Bot19 executed MOVE_FORWARD
[14:36:06.369] Starting turn for Bot23
[14:36:06.369] Bot23 rotated right to face SOUTH
[14:36:06.369] Bot23 executed ROTATE_RIGHT
[14:36:06.369] Bot23 moved forward to (5,5)
[14:36:06.369] Bot23 executed MOVE_FORWARD
[14:36:06.369] Starting turn for Bot19
[14:36:06.369] Bot19 rotated right to face NORTH
[14:36:06.369] Bot19 executed ROTATE_RIGHT
[14:36:06.369] Starting turn for Bot23
[14:36:06.369] Starting turn for Bot19
[14:36:06.369] Starting turn for Bot23
[14:36:06.369] Starting turn for Bot19
[14:36:06.369] Bot19 rotated right to face EAST
[14:36:06.369] Bot19 executed ROTATE_RIGHT
[14:36:06.369] Bot19 moved forward to (9,9)
[14:36:06.369] Bot19 executed MOVE_FORWARD
[14:36:06.369] Starting turn for Bot23
[14:36:06.369] Starting turn for Bot19
[14:36:06.369] Bot19 rotated left to face NORTH
[14:36:06.369] Bot19 executed ROTATE_LEFT
[14:36:06.369] Bot19 rotated left to face WEST
[14:36:06.369] Bot19 executed ROTATE_LEFT
[14:36:06.369] Bot19 moved forward to (9,8)
[14:36:06.369] Bot19 executed MOVE_FORWARD
[14:36:06.369] Starting turn for Bot23
[14:36:06.369] Starting turn for Bot19
[14:36:06.369] Bot19 rotated right to face NORTH
[14:36:06.369] Bot19 executed ROTATE_RIGHT
[14:36:06.369] Starting turn for Bot23
[14:36:06.369] Starting turn for Bot19
[14:36:06.369] Starting turn for Bot23
[14:36:06.369] Starting turn for Bot19
[14:36:06.369] Bot19 rotated right to face EAST
[14:36:06.369] Bot19 executed ROTATE_RIGHT
[14:36:06.369] Bot19 moved forward to (9,9)
[14:36:06.369] Bot19 executed MOVE_FORWARD
[14:36:06.369] Starting turn for Bot23
[14:36:06.369] Starting turn for Bot19
[14:36:06.369] Bot19 rotated left to face NORTH
[14:36:06.369] Bot19 executed ROTATE_LEFT
[14:36:06.369] Bot19 rotated left to face WEST
[14:36:06.369] Bot19 executed ROTATE_LEFT
[14:36:06.369] Bot19 moved forward to (9,8)
[14:36:06.369] Bot19 executed MOVE_FORWARD
[14:36:06.369] Starting turn for Bot23
[14:36:06.369] Starting turn for Bot19
[14:36:06.369] Bot19 rotated right to face NORTH
[14:36:06.369] Bot19 executed ROTATE_RIGHT
[14:36:06.369] Starting turn for Bot23
[14:36:06.369] Starting turn for Bot19
[14:36:06.369] Starting turn for Bot23
[14:36:06.369] Starting turn for Bot19
[14:36:06.369] Stalemate detected: State repeated 10 times, unchanged for 2 turns
[14:36:06.369] Game Over! Stalemate detected!
[14:36:06.369] Stalemate detected: State repeated 10 times, unchanged for 2 turns
