[14:36:11.912] === Game Started at 2025-02-04_14-36-11 ===
[14:36:11.912] Game initialized with 2 players
[14:36:11.912] Board size: 10
[14:36:11.912] Obstacle density: 0.05
[14:36:11.912] Max turns: 1000
[14:36:11.912] Player Bot31 starting at position (0,0) facing EAST
[14:36:11.912] Player Bot26 starting at position (9,9) facing WEST
[14:36:11.912] Obstacles at positions: (3,3) (5,7) (8,5) (8,6) (9,6)
[14:36:11.912] Starting turn for Bot31
[14:36:11.912] Bot31 moved forward to (0,1)
[14:36:11.912] Bot31 executed MOVE_FORWARD
[14:36:11.912] Starting turn for Bot26
[14:36:11.912] Bot26 moved forward to (9,8)
[14:36:11.912] Bot26 executed MOVE_FORWARD
[14:36:11.912] Starting turn for Bot31
[14:36:11.912] Bot31 rotated right to face SOUTH
[14:36:11.912] Bot31 executed ROTATE_RIGHT
[14:36:11.912] Bot31 moved forward to (1,1)
[14:36:11.912] Bot31 executed MOVE_FORWARD
[14:36:11.912] Starting turn for Bot26
[14:36:11.912] Bot26 rotated right to face NORTH
[14:36:11.912] Bot26 executed ROTATE_RIGHT
[14:36:11.912] Bot26 moved forward to (8,8)
[14:36:11.912] Bot26 executed MOVE_FORWARD
[14:36:11.912] Starting turn for Bot31
[14:36:11.912] Bot31 rotated left to face EAST
[14:36:11.912] Bot31 executed ROTATE_LEFT
[14:36:11.912] Bot31 moved forward to (1,2)
[14:36:11.912] Bot31 executed MOVE_FORWARD
[14:36:11.912] Starting turn for Bot26
[14:36:11.912] Bot26 rotated left to face WEST
[14:36:11.912] Bot26 executed ROTATE_LEFT
[14:36:11.912] Bot26 moved forward to (8,7)
[14:36:11.912] Bot26 executed MOVE_FORWARD
[14:36:11.912] Starting turn for Bot31
[14:36:11.912] Bot31 rotated right to face SOUTH
[14:36:11.912] Bot31 executed ROTATE_RIGHT
[14:36:11.912] Bot31 moved forward to (2,2)
[14:36:11.912] Bot31 executed MOVE_FORWARD
[14:36:11.912] Starting turn for Bot26
[14:36:11.912] Bot26 rotated right to face NORTH
[14:36:11.912] Bot26 executed ROTATE_RIGHT
[14:36:11.912] Bot26 moved forward to (7,7)
[14:36:11.912] Bot26 executed MOVE_FORWARD
[14:36:11.912] Starting turn for Bot31
[14:36:11.912] Bot31 rotated left to face EAST
[14:36:11.912] Bot31 executed ROTATE_LEFT
[14:36:11.912] Bot31 moved forward to (2,3)
[14:36:11.912] Bot31 executed MOVE_FORWARD
[14:36:11.912] Starting turn for Bot26
[14:36:11.912] Bot26 rotated left to face WEST
[14:36:11.912] Bot26 executed ROTATE_LEFT
[14:36:11.912] Bot26 moved forward to (7,6)
[14:36:11.912] Bot26 executed MOVE_FORWARD
[14:36:11.912] Starting turn for Bot31
[14:36:11.912] Bot31 rotated right to face SOUTH
[14:36:11.912] Bot31 executed ROTATE_RIGHT
[14:36:11.912] Starting turn for Bot26
[14:36:11.912] Bot26 rotated right to face NORTH
[14:36:11.912] Bot26 executed ROTATE_RIGHT
[14:36:11.912] Bot26 moved forward to (6,6)
[14:36:11.912] Bot26 executed MOVE_FORWARD
[14:36:11.912] Starting turn for Bot31
[14:36:11.912] Starting turn for Bot26
[14:36:11.912] Bot26 rotated left to face WEST
[14:36:11.912] Bot26 executed ROTATE_LEFT
[14:36:11.912] Bot26 moved forward to (6,5)
[14:36:11.912] Bot26 executed MOVE_FORWARD
[14:36:11.912] Starting turn for Bot31
[14:36:11.912] Bot31 rotated left to face EAST
[14:36:11.912] Bot31 executed ROTATE_LEFT
[14:36:11.912] Bot31 rotated left to face NORTH
[14:36:11.912] Bot31 executed ROTATE_LEFT
[14:36:11.912] Bot31 moved forward to (1,3)
[14:36:11.912] Bot31 executed MOVE_FORWARD
[14:36:11.912] Starting turn for Bot26
[14:36:11.912] Bot26 rotated right to face NORTH
[14:36:11.912] Bot26 executed ROTATE_RIGHT
[14:36:11.912] Bot26 moved forward to (5,5)
[14:36:11.913] Bot26 executed MOVE_FORWARD
[14:36:11.913] Starting turn for Bot31
[14:36:11.913] Bot31 rotated left to face WEST
[14:36:11.913] Bot31 executed ROTATE_LEFT
[14:36:11.913] Bot31 rotated left to face SOUTH
[14:36:11.913] Bot31 executed ROTATE_LEFT
[14:36:11.913] Bot31 moved forward to (2,3)
[14:36:11.913] Bot31 executed MOVE_FORWARD
[14:36:11.913] Starting turn for Bot26
[14:36:11.913] Starting turn for Bot31
[14:36:11.913] Starting turn for Bot26
[14:36:11.913] Starting turn for Bot31
[14:36:11.913] Starting turn for Bot26
[14:36:11.913] Starting turn for Bot31
[14:36:11.913] Bot31 rotated left to face EAST
[14:36:11.913] Bot31 executed ROTATE_LEFT
[14:36:11.913] Bot31 rotated left to face NORTH
[14:36:11.913] Bot31 executed ROTATE_LEFT
[14:36:11.913] Bot31 moved forward to (1,3)
[14:36:11.913] Bot31 executed MOVE_FORWARD
[14:36:11.913] Starting turn for Bot26
[14:36:11.913] Starting turn for Bot31
[14:36:11.913] Bot31 rotated left to face WEST
[14:36:11.913] Bot31 executed ROTATE_LEFT
[14:36:11.913] Bot31 rotated left to face SOUTH
[14:36:11.913] Bot31 executed ROTATE_LEFT
[14:36:11.913] Bot31 moved forward to (2,3)
[14:36:11.913] Bot31 executed MOVE_FORWARD
[14:36:11.913] Starting turn for Bot26
[14:36:11.913] Starting turn for Bot31
[14:36:11.913] Starting turn for Bot26
[14:36:11.913] Starting turn for Bot31
[14:36:11.913] Starting turn for Bot26
[14:36:11.913] Starting turn for Bot31
[14:36:11.913] Bot31 rotated left to face EAST
[14:36:11.913] Bot31 executed ROTATE_LEFT
[14:36:11.913] Bot31 rotated left to face NORTH
[14:36:11.913] Bot31 executed ROTATE_LEFT
[14:36:11.913] Bot31 moved forward to (1,3)
[14:36:11.913] Bot31 executed MOVE_FORWARD
[14:36:11.913] Starting turn for Bot26
[14:36:11.913] Starting turn for Bot31
[14:36:11.913] Bot31 rotated left to face WEST
[14:36:11.913] Bot31 executed ROTATE_LEFT
[14:36:11.913] Bot31 rotated left to face SOUTH
[14:36:11.913] Bot31 executed ROTATE_LEFT
[14:36:11.913] Bot31 moved forward to (2,3)
[14:36:11.913] Bot31 executed MOVE_FORWARD
[14:36:11.913] Starting turn for Bot26
[14:36:11.913] Starting turn for Bot31
[14:36:11.913] Starting turn for Bot26
[14:36:11.913] Starting turn for Bot31
[14:36:11.913] Starting turn for Bot26
[14:36:11.913] Starting turn for Bot31
[14:36:11.913] Bot31 rotated left to face EAST
[14:36:11.913] Bot31 executed ROTATE_LEFT
[14:36:11.913] Bot31 rotated left to face NORTH
[14:36:11.913] Bot31 executed ROTATE_LEFT
[14:36:11.913] Bot31 moved forward to (1,3)
[14:36:11.913] Bot31 executed MOVE_FORWARD
[14:36:11.913] Starting turn for Bot26
[14:36:11.913] Starting turn for Bot31
[14:36:11.913] Bot31 rotated left to face WEST
[14:36:11.913] Bot31 executed ROTATE_LEFT
[14:36:11.913] Bot31 rotated left to face SOUTH
[14:36:11.913] Bot31 executed ROTATE_LEFT
[14:36:11.913] Bot31 moved forward to (2,3)
[14:36:11.913] Bot31 executed MOVE_FORWARD
[14:36:11.913] Starting turn for Bot26
[14:36:11.913] Stalemate detected: State repeated 10 times, unchanged for 3 turns
[14:36:11.913] Game Over! Stalemate detected!
[14:36:11.913] Stalemate detected: State repeated 10 times, unchanged for 3 turns
