[14:36:11.505] === Game Started at 2025-02-04_14-36-11 ===
[14:36:11.505] Game initialized with 2 players
[14:36:11.505] Board size: 10
[14:36:11.505] Obstacle density: 0.05
[14:36:11.505] Max turns: 1000
[14:36:11.505] Player Bot25 starting at position (0,0) facing WEST
[14:36:11.505] Player Bot37 starting at position (9,9) facing WEST
[14:36:11.505] Obstacles at positions: (0,1) (3,5) (5,7) (8,0) (8,8)
[14:36:11.505] Starting turn for Bot25
[14:36:11.505] Bot25 rotated left to face SOUTH
[14:36:11.505] Bot25 executed ROTATE_LEFT
[14:36:11.505] Bot25 rotated left to face EAST
[14:36:11.505] Bot25 executed ROTATE_LEFT
[14:36:11.505] Starting turn for Bot37
[14:36:11.505] Bot37 moved forward to (9,8)
[14:36:11.505] Bot37 executed MOVE_FORWARD
[14:36:11.505] Starting turn for Bot25
[14:36:11.505] Bot25 rotated right to face SOUTH
[14:36:11.505] Bot25 executed ROTATE_RIGHT
[14:36:11.505] Bot25 moved forward to (1,0)
[14:36:11.505] Bot25 executed MOVE_FORWARD
[14:36:11.505] Starting turn for Bot37
[14:36:11.505] Bot37 rotated right to face NORTH
[14:36:11.505] Bot37 executed ROTATE_RIGHT
[14:36:11.505] Starting turn for Bot25
[14:36:11.505] Bot25 rotated left to face EAST
[14:36:11.505] Bot25 executed ROTATE_LEFT
[14:36:11.505] Bot25 moved forward to (1,1)
[14:36:11.505] Bot25 executed MOVE_FORWARD
[14:36:11.505] Starting turn for Bot37
[14:36:11.505] Starting turn for Bot25
[14:36:11.505] Bot25 moved forward to (1,2)
[14:36:11.505] Bot25 executed MOVE_FORWARD
[14:36:11.505] Starting turn for Bot37
[14:36:11.505] Bot37 rotated right to face EAST
[14:36:11.505] Bot37 executed ROTATE_RIGHT
[14:36:11.505] Bot37 moved forward to (9,9)
[14:36:11.505] Bot37 executed MOVE_FORWARD
[14:36:11.505] Starting turn for Bot25
[14:36:11.505] Bot25 rotated right to face SOUTH
[14:36:11.505] Bot25 executed ROTATE_RIGHT
[14:36:11.505] Bot25 moved forward to (2,2)
[14:36:11.505] Bot25 executed MOVE_FORWARD
[14:36:11.505] Starting turn for Bot37
[14:36:11.505] Bot37 rotated left to face NORTH
[14:36:11.505] Bot37 executed ROTATE_LEFT
[14:36:11.505] Bot37 rotated left to face WEST
[14:36:11.505] Bot37 executed ROTATE_LEFT
[14:36:11.505] Bot37 moved forward to (9,8)
[14:36:11.505] Bot37 executed MOVE_FORWARD
[14:36:11.505] Starting turn for Bot25
[14:36:11.505] Bot25 rotated left to face EAST
[14:36:11.505] Bot25 executed ROTATE_LEFT
[14:36:11.505] Bot25 moved forward to (2,3)
[14:36:11.505] Bot25 executed MOVE_FORWARD
[14:36:11.505] Starting turn for Bot37
[14:36:11.505] Bot37 rotated right to face NORTH
[14:36:11.505] Bot37 executed ROTATE_RIGHT
[14:36:11.505] Starting turn for Bot25
[14:36:11.505] Bot25 rotated right to face SOUTH
[14:36:11.505] Bot25 executed ROTATE_RIGHT
[14:36:11.505] Bot25 moved forward to (3,3)
[14:36:11.505] Bot25 executed MOVE_FORWARD
[14:36:11.505] Starting turn for Bot37
[14:36:11.505] Starting turn for Bot25
[14:36:11.505] Bot25 rotated left to face EAST
[14:36:11.505] Bot25 executed ROTATE_LEFT
[14:36:11.505] Bot25 moved forward to (3,4)
[14:36:11.505] Bot25 executed MOVE_FORWARD
[14:36:11.505] Starting turn for Bot37
[14:36:11.505] Bot37 rotated right to face EAST
[14:36:11.505] Bot37 executed ROTATE_RIGHT
[14:36:11.505] Bot37 moved forward to (9,9)
[14:36:11.505] Bot37 executed MOVE_FORWARD
[14:36:11.505] Starting turn for Bot25
[14:36:11.505] Bot25 rotated right to face SOUTH
[14:36:11.505] Bot25 executed ROTATE_RIGHT
[14:36:11.505] Bot25 moved forward to (4,4)
[14:36:11.505] Bot25 executed MOVE_FORWARD
[14:36:11.505] Starting turn for Bot37
[14:36:11.505] Bot37 rotated left to face NORTH
[14:36:11.505] Bot37 executed ROTATE_LEFT
[14:36:11.505] Bot37 rotated left to face WEST
[14:36:11.505] Bot37 executed ROTATE_LEFT
[14:36:11.505] Bot37 moved forward to (9,8)
[14:36:11.505] Bot37 executed MOVE_FORWARD
[14:36:11.505] Starting turn for Bot25
[14:36:11.505] Bot25 rotated left to face EAST
[14:36:11.505] Bot25 executed ROTATE_LEFT
[14:36:11.505] Bot25 moved forward to (4,5)
[14:36:11.505] Bot25 executed MOVE_FORWARD
[14:36:11.505] Starting turn for Bot37
[14:36:11.505] Bot37 rotated right to face NORTH
[14:36:11.505] Bot37 executed ROTATE_RIGHT
[14:36:11.505] Starting turn for Bot25
[14:36:11.505] Bot25 rotated right to face SOUTH
[14:36:11.505] Bot25 executed ROTATE_RIGHT
[14:36:11.505] Bot25 moved forward to (5,5)
[14:36:11.505] Bot25 executed MOVE_FORWARD
[14:36:11.505] Starting turn for Bot37
[14:36:11.505] Starting turn for Bot25
[14:36:11.505] Starting turn for Bot37
[14:36:11.505] Bot37 rotated right to face EAST
[14:36:11.505] Bot37 executed ROTATE_RIGHT
[14:36:11.505] Bot37 moved forward to (9,9)
[14:36:11.505] Bot37 executed MOVE_FORWARD
[14:36:11.505] Starting turn for Bot25
[14:36:11.505] Starting turn for Bot37
[14:36:11.505] Bot37 rotated left to face NORTH
[14:36:11.505] Bot37 executed ROTATE_LEFT
[14:36:11.505] Bot37 rotated left to face WEST
[14:36:11.505] Bot37 executed ROTATE_LEFT
[14:36:11.505] Bot37 moved forward to (9,8)
[14:36:11.505] Bot37 executed MOVE_FORWARD
[14:36:11.505] Starting turn for Bot25
[14:36:11.505] Starting turn for Bot37
[14:36:11.505] Bot37 rotated right to face NORTH
[14:36:11.505] Bot37 executed ROTATE_RIGHT
[14:36:11.505] Starting turn for Bot25
[14:36:11.505] Starting turn for Bot37
[14:36:11.505] Starting turn for Bot25
[14:36:11.505] Starting turn for Bot37
[14:36:11.505] Bot37 rotated right to face EAST
[14:36:11.505] Bot37 executed ROTATE_RIGHT
[14:36:11.505] Bot37 moved forward to (9,9)
[14:36:11.505] Bot37 executed MOVE_FORWARD
[14:36:11.505] Starting turn for Bot25
[14:36:11.505] Starting turn for Bot37
[14:36:11.505] Bot37 rotated left to face NORTH
[14:36:11.505] Bot37 executed ROTATE_LEFT
[14:36:11.505] Bot37 rotated left to face WEST
[14:36:11.505] Bot37 executed ROTATE_LEFT
[14:36:11.505] Bot37 moved forward to (9,8)
[14:36:11.505] Bot37 executed MOVE_FORWARD
[14:36:11.505] Starting turn for Bot25
[14:36:11.505] Starting turn for Bot37
[14:36:11.505] Bot37 rotated right to face NORTH
[14:36:11.505] Bot37 executed ROTATE_RIGHT
[14:36:11.505] Starting turn for Bot25
[14:36:11.505] Starting turn for Bot37
[14:36:11.505] Starting turn for Bot25
[14:36:11.505] Starting turn for Bot37
[14:36:11.505] Stalemate detected: State repeated 10 times, unchanged for 2 turns
[14:36:11.505] Game Over! Stalemate detected!
[14:36:11.505] Stalemate detected: State repeated 10 times, unchanged for 2 turns
