[14:36:03.995] === Game Started at 2025-02-04_14-36-03 ===
[14:36:03.995] Game initialized with 2 players
[14:36:03.995] Board size: 10
[14:36:03.995] Obstacle density: 0.05
[14:36:03.995] Max turns: 1000
[14:36:03.995] Player Bot16 starting at position (0,0) facing NORTH
[14:36:03.995] Player Bot39 starting at position (9,9) facing NORTH
[14:36:03.995] Obstacles at positions: (1,1) (2,3) (3,0) (3,9) (8,3)
[14:36:03.995] Starting turn for Bot16
[14:36:03.995] Bot16 rotated right to face EAST
[14:36:03.995] Bot16 executed ROTATE_RIGHT
[14:36:03.995] Bot16 moved forward to (0,1)
[14:36:03.995] Bot16 executed MOVE_FORWARD
[14:36:03.995] Starting turn for Bot39
[14:36:03.995] Bot39 rotated left to face WEST
[14:36:03.995] Bot39 executed ROTATE_LEFT
[14:36:03.995] Bot39 moved forward to (9,8)
[14:36:03.995] Bot39 executed MOVE_FORWARD
[14:36:03.995] Starting turn for Bot16
[14:36:03.995] Bot16 rotated right to face SOUTH
[14:36:03.995] Bot16 executed ROTATE_RIGHT
[14:36:03.995] Starting turn for Bot39
[14:36:03.995] Bot39 rotated right to face NORTH
[14:36:03.995] Bot39 executed ROTATE_RIGHT
[14:36:03.995] Bot39 moved forward to (8,8)
[14:36:03.995] Bot39 executed MOVE_FORWARD
[14:36:03.995] Starting turn for Bot16
[14:36:03.995] Starting turn for Bot39
[14:36:03.995] Bot39 rotated left to face WEST
[14:36:03.995] Bot39 executed ROTATE_LEFT
[14:36:03.995] Bot39 moved forward to (8,7)
[14:36:03.995] Bot39 executed MOVE_FORWARD
[14:36:03.995] Starting turn for Bot16
[14:36:03.995] Bot16 rotated left to face EAST
[14:36:03.995] Bot16 executed ROTATE_LEFT
[14:36:03.995] Bot16 moved forward to (0,2)
[14:36:03.995] Bot16 executed MOVE_FORWARD
[14:36:03.995] Starting turn for Bot39
[14:36:03.995] Bot39 rotated right to face NORTH
[14:36:03.995] Bot39 executed ROTATE_RIGHT
[14:36:03.995] Bot39 moved forward to (7,7)
[14:36:03.995] Bot39 executed MOVE_FORWARD
[14:36:03.995] Starting turn for Bot16
[14:36:03.995] Bot16 rotated right to face SOUTH
[14:36:03.995] Bot16 executed ROTATE_RIGHT
[14:36:03.995] Bot16 moved forward to (1,2)
[14:36:03.995] Bot16 executed MOVE_FORWARD
[14:36:03.995] Starting turn for Bot39
[14:36:03.995] Bot39 rotated left to face WEST
[14:36:03.995] Bot39 executed ROTATE_LEFT
[14:36:03.995] Bot39 moved forward to (7,6)
[14:36:03.995] Bot39 executed MOVE_FORWARD
[14:36:03.995] Starting turn for Bot16
[14:36:03.995] Bot16 moved forward to (2,2)
[14:36:03.995] Bot16 executed MOVE_FORWARD
[14:36:03.995] Starting turn for Bot39
[14:36:03.995] Bot39 rotated right to face NORTH
[14:36:03.995] Bot39 executed ROTATE_RIGHT
[14:36:03.995] Bot39 moved forward to (6,6)
[14:36:03.995] Bot39 executed MOVE_FORWARD
[14:36:03.995] Starting turn for Bot16
[14:36:03.995] Bot16 rotated left to face EAST
[14:36:03.995] Bot16 executed ROTATE_LEFT
[14:36:03.995] Starting turn for Bot39
[14:36:03.995] Bot39 rotated left to face WEST
[14:36:03.995] Bot39 executed ROTATE_LEFT
[14:36:03.995] Bot39 moved forward to (6,5)
[14:36:03.995] Bot39 executed MOVE_FORWARD
[14:36:03.995] Starting turn for Bot16
[14:36:03.995] Starting turn for Bot39
[14:36:03.995] Bot39 rotated right to face NORTH
[14:36:03.995] Bot39 executed ROTATE_RIGHT
[14:36:03.995] Bot39 moved forward to (5,5)
[14:36:03.995] Bot39 executed MOVE_FORWARD
[14:36:03.995] Starting turn for Bot16
[14:36:03.995] Bot16 rotated left to face NORTH
[14:36:03.995] Bot16 executed ROTATE_LEFT
[14:36:03.995] Bot16 moved forward to (1,2)
[14:36:03.995] Bot16 executed MOVE_FORWARD
[14:36:03.995] Starting turn for Bot39
[14:36:03.995] Starting turn for Bot16
[14:36:03.995] Bot16 rotated left to face WEST
[14:36:03.995] Bot16 executed ROTATE_LEFT
[14:36:03.995] Bot16 rotated left to face SOUTH
[14:36:03.995] Bot16 executed ROTATE_LEFT
[14:36:03.995] Bot16 moved forward to (2,2)
[14:36:03.995] Bot16 executed MOVE_FORWARD
[14:36:03.995] Starting turn for Bot39
[14:36:03.995] Starting turn for Bot16
[14:36:03.995] Bot16 rotated left to face EAST
[14:36:03.995] Bot16 executed ROTATE_LEFT
[14:36:03.995] Starting turn for Bot39
[14:36:03.995] Starting turn for Bot16
[14:36:03.995] Starting turn for Bot39
[14:36:03.995] Starting turn for Bot16
[14:36:03.995] Bot16 rotated left to face NORTH
[14:36:03.995] Bot16 executed ROTATE_LEFT
[14:36:03.995] Bot16 moved forward to (1,2)
[14:36:03.995] Bot16 executed MOVE_FORWARD
[14:36:03.995] Starting turn for Bot39
[14:36:03.995] Starting turn for Bot16
[14:36:03.995] Bot16 rotated left to face WEST
[14:36:03.995] Bot16 executed ROTATE_LEFT
[14:36:03.995] Bot16 rotated left to face SOUTH
[14:36:03.995] Bot16 executed ROTATE_LEFT
[14:36:03.995] Bot16 moved forward to (2,2)
[14:36:03.995] Bot16 executed MOVE_FORWARD
[14:36:03.995] Starting turn for Bot39
[14:36:03.995] Starting turn for Bot16
[14:36:03.995] Bot16 rotated left to face EAST
[14:36:03.995] Bot16 executed ROTATE_LEFT
[14:36:03.995] Starting turn for Bot39
[14:36:03.995] Starting turn for Bot16
[14:36:03.995] Starting turn for Bot39
[14:36:03.995] Starting turn for Bot16
[14:36:03.995] Bot16 rotated left to face NORTH
[14:36:03.995] Bot16 executed ROTATE_LEFT
[14:36:03.995] Bot16 moved forward to (1,2)
[14:36:03.995] Bot16 executed MOVE_FORWARD
[14:36:03.995] Starting turn for Bot39
[14:36:03.995] Starting turn for Bot16
[14:36:03.995] Bot16 rotated left to face WEST
[14:36:03.995] Bot16 executed ROTATE_LEFT
[14:36:03.995] Bot16 rotated left to face SOUTH
[14:36:03.995] Bot16 executed ROTATE_LEFT
[14:36:03.995] Bot16 moved forward to (2,2)
[14:36:03.995] Bot16 executed MOVE_FORWARD
[14:36:03.995] Starting turn for Bot39
[14:36:03.995] Starting turn for Bot16
[14:36:03.995] Bot16 rotated left to face EAST
[14:36:03.995] Bot16 executed ROTATE_LEFT
[14:36:03.995] Starting turn for Bot39
[14:36:03.995] Starting turn for Bot16
[14:36:03.995] Starting turn for Bot39
[14:36:03.995] Stalemate detected: State repeated 10 times, unchanged for 3 turns
[14:36:03.995] Game Over! Stalemate detected!
[14:36:03.995] Stalemate detected: State repeated 10 times, unchanged for 3 turns
