[14:35:52.036] === Game Started at 2025-02-04_14-35-52 ===
[14:35:52.036] Game initialized with 2 players
[14:35:52.036] Board size: 10
[14:35:52.036] Obstacle density: 0.05
[14:35:52.036] Max turns: 1000
[14:35:52.036] Player Bot29 starting at position (0,0) facing SOUTH
[14:35:52.036] Player Bot7 starting at position (9,9) facing SOUTH
[14:35:52.036] Obstacles at positions: (1,7) (2,6) (2,8) (5,6) (9,3)
[14:35:52.036] Starting turn for Bot29
[14:35:52.036] Bot29 rotated left to face EAST
[14:35:52.036] Bot29 executed ROTATE_LEFT
[14:35:52.036] Bot29 moved forward to (0,1)
[14:35:52.036] Bot29 executed MOVE_FORWARD
[14:35:52.036] Starting turn for Bot7
[14:35:52.036] Bot7 rotated right to face WEST
[14:35:52.036] Bot7 executed ROTATE_RIGHT
[14:35:52.036] Bot7 moved forward to (9,8)
[14:35:52.036] Bot7 executed MOVE_FORWARD
[14:35:52.036] Starting turn for Bot29
[14:35:52.036] Bot29 rotated right to face SOUTH
[14:35:52.036] Bot29 executed ROTATE_RIGHT
[14:35:52.036] Bot29 moved forward to (1,1)
[14:35:52.036] Bot29 executed MOVE_FORWARD
[14:35:52.036] Starting turn for Bot7
[14:35:52.036] Bot7 rotated right to face NORTH
[14:35:52.036] Bot7 executed ROTATE_RIGHT
[14:35:52.036] Bot7 moved forward to (8,8)
[14:35:52.036] Bot7 executed MOVE_FORWARD
[14:35:52.036] Starting turn for Bot29
[14:35:52.036] Bot29 rotated left to face EAST
[14:35:52.036] Bot29 executed ROTATE_LEFT
[14:35:52.036] Bot29 moved forward to (1,2)
[14:35:52.036] Bot29 executed MOVE_FORWARD
[14:35:52.036] Starting turn for Bot7
[14:35:52.036] Bot7 rotated left to face WEST
[14:35:52.036] Bot7 executed ROTATE_LEFT
[14:35:52.036] Bot7 moved forward to (8,7)
[14:35:52.036] Bot7 executed MOVE_FORWARD
[14:35:52.036] Starting turn for Bot29
[14:35:52.036] Bot29 rotated right to face SOUTH
[14:35:52.036] Bot29 executed ROTATE_RIGHT
[14:35:52.036] Bot29 moved forward to (2,2)
[14:35:52.036] Bot29 executed MOVE_FORWARD
[14:35:52.036] Starting turn for Bot7
[14:35:52.036] Bot7 rotated right to face NORTH
[14:35:52.036] Bot7 executed ROTATE_RIGHT
[14:35:52.036] Bot7 moved forward to (7,7)
[14:35:52.036] Bot7 executed MOVE_FORWARD
[14:35:52.036] Starting turn for Bot29
[14:35:52.036] Bot29 rotated left to face EAST
[14:35:52.036] Bot29 executed ROTATE_LEFT
[14:35:52.036] Bot29 moved forward to (2,3)
[14:35:52.036] Bot29 executed MOVE_FORWARD
[14:35:52.036] Starting turn for Bot7
[14:35:52.036] Bot7 rotated left to face WEST
[14:35:52.036] Bot7 executed ROTATE_LEFT
[14:35:52.036] Bot7 moved forward to (7,6)
[14:35:52.036] Bot7 executed MOVE_FORWARD
[14:35:52.036] Starting turn for Bot29
[14:35:52.036] Bot29 rotated right to face SOUTH
[14:35:52.036] Bot29 executed ROTATE_RIGHT
[14:35:52.036] Bot29 moved forward to (3,3)
[14:35:52.036] Bot29 executed MOVE_FORWARD
[14:35:52.036] Starting turn for Bot7
[14:35:52.036] Bot7 rotated right to face NORTH
[14:35:52.036] Bot7 executed ROTATE_RIGHT
[14:35:52.036] Bot7 moved forward to (6,6)
[14:35:52.036] Bot7 executed MOVE_FORWARD
[14:35:52.036] Starting turn for Bot29
[14:35:52.036] Bot29 rotated left to face EAST
[14:35:52.036] Bot29 executed ROTATE_LEFT
[14:35:52.036] Bot29 moved forward to (3,4)
[14:35:52.036] Bot29 executed MOVE_FORWARD
[14:35:52.036] Starting turn for Bot7
[14:35:52.036] Bot7 rotated left to face WEST
[14:35:52.036] Bot7 executed ROTATE_LEFT
[14:35:52.036] Bot7 moved forward to (6,5)
[14:35:52.036] Bot7 executed MOVE_FORWARD
[14:35:52.036] Starting turn for Bot29
[14:35:52.036] Bot29 rotated right to face SOUTH
[14:35:52.036] Bot29 executed ROTATE_RIGHT
[14:35:52.036] Bot29 moved forward to (4,4)
[14:35:52.036] Bot29 executed MOVE_FORWARD
[14:35:52.036] Starting turn for Bot7
[14:35:52.036] Bot7 rotated right to face NORTH
[14:35:52.036] Bot7 executed ROTATE_RIGHT
[14:35:52.036] Bot7 moved forward to (5,5)
[14:35:52.036] Bot7 executed MOVE_FORWARD
[14:35:52.036] Starting turn for Bot29
[14:35:52.036] Bot29 rotated left to face EAST
[14:35:52.036] Bot29 executed ROTATE_LEFT
[14:35:52.036] Bot29 moved forward to (4,5)
[14:35:52.036] Bot29 executed MOVE_FORWARD
[14:35:52.036] Starting turn for Bot7
[14:35:52.036] Bot7 shooting in direction NORTH
[14:35:52.036] Bot7 hit Bot29 for 25 damage (health: 100 -> 75)
[14:35:52.036] Bot7 executed SHOOT
[14:35:52.036] Starting turn for Bot29
[14:35:52.036] Bot29 rotated right to face SOUTH
[14:35:52.036] Bot29 executed ROTATE_RIGHT
[14:35:52.036] Starting turn for Bot7
[14:35:52.036] Bot7 shooting in direction NORTH
[14:35:52.036] Bot7 hit Bot29 for 25 damage (health: 75 -> 50)
[14:35:52.036] Bot7 executed SHOOT
[14:35:52.036] Starting turn for Bot29
[14:35:52.036] Bot29 shooting in direction SOUTH
[14:35:52.036] Bot29 hit Bot7 for 25 damage (health: 100 -> 75)
[14:35:52.036] Bot29 executed SHOOT
[14:35:52.036] Starting turn for Bot7
[14:35:52.036] Bot7 shooting in direction NORTH
[14:35:52.036] Bot7 hit Bot29 for 25 damage (health: 50 -> 25)
[14:35:52.036] Bot7 executed SHOOT
[14:35:52.036] Starting turn for Bot29
[14:35:52.036] Bot29 shooting in direction SOUTH
[14:35:52.036] Bot29 hit Bot7 for 25 damage (health: 75 -> 50)
[14:35:52.036] Bot29 executed SHOOT
[14:35:52.036] Starting turn for Bot7
[14:35:52.036] Bot7 shooting in direction NORTH
[14:35:52.036] Bot7 hit Bot29 for 25 damage (health: 25 -> 0)
[14:35:52.036] Bot29 was destroyed!
[14:35:52.036] Bot7 is the last tank standing!
[14:35:52.036] Bot7 executed SHOOT
[14:35:52.036] Game Over! Bot7 wins!
[14:35:52.036] === Game Ended ===
