[14:36:06.932] === Game Started at 2025-02-04_14-36-06 ===
[14:36:06.932] Game initialized with 2 players
[14:36:06.932] Board size: 10
[14:36:06.932] Obstacle density: 0.05
[14:36:06.932] Max turns: 1000
[14:36:06.932] Player Bot37 starting at position (0,0) facing WEST
[14:36:06.932] Player Bot19 starting at position (9,9) facing WEST
[14:36:06.932] Obstacles at positions: (0,2) (1,1) (4,2) (5,1) (8,6)
[14:36:06.932] Starting turn for Bot37
[14:36:06.932] Bot37 rotated left to face SOUTH
[14:36:06.932] Bot37 executed ROTATE_LEFT
[14:36:06.932] Bot37 rotated left to face EAST
[14:36:06.932] Bot37 executed ROTATE_LEFT
[14:36:06.932] Bot37 moved forward to (0,1)
[14:36:06.932] Bot37 executed MOVE_FORWARD
[14:36:06.932] Starting turn for Bot19
[14:36:06.932] Bot19 moved forward to (9,8)
[14:36:06.932] Bot19 executed MOVE_FORWARD
[14:36:06.932] Starting turn for Bot37
[14:36:06.932] Bot37 rotated right to face SOUTH
[14:36:06.932] Bot37 executed ROTATE_RIGHT
[14:36:06.932] Starting turn for Bot19
[14:36:06.932] Bot19 rotated right to face NORTH
[14:36:06.932] Bot19 executed ROTATE_RIGHT
[14:36:06.932] Bot19 moved forward to (8,8)
[14:36:06.932] Bot19 executed MOVE_FORWARD
[14:36:06.932] Starting turn for Bot37
[14:36:06.932] Starting turn for Bot19
[14:36:06.932] Bot19 rotated left to face WEST
[14:36:06.932] Bot19 executed ROTATE_LEFT
[14:36:06.932] Bot19 moved forward to (8,7)
[14:36:06.932] Bot19 executed MOVE_FORWARD
[14:36:06.932] Starting turn for Bot37
[14:36:06.932] Bot37 rotated right to face WEST
[14:36:06.932] Bot37 executed ROTATE_RIGHT
[14:36:06.932] Bot37 moved forward to (0,0)
[14:36:06.932] Bot37 executed MOVE_FORWARD
[14:36:06.932] Starting turn for Bot19
[14:36:06.932] Bot19 rotated right to face NORTH
[14:36:06.932] Bot19 executed ROTATE_RIGHT
[14:36:06.932] Bot19 moved forward to (7,7)
[14:36:06.932] Bot19 executed MOVE_FORWARD
[14:36:06.932] Starting turn for Bot37
[14:36:06.932] Bot37 rotated left to face SOUTH
[14:36:06.932] Bot37 executed ROTATE_LEFT
[14:36:06.932] Bot37 rotated left to face EAST
[14:36:06.932] Bot37 executed ROTATE_LEFT
[14:36:06.932] Bot37 moved forward to (0,1)
[14:36:06.932] Bot37 executed MOVE_FORWARD
[14:36:06.932] Starting turn for Bot19
[14:36:06.932] Bot19 rotated left to face WEST
[14:36:06.932] Bot19 executed ROTATE_LEFT
[14:36:06.932] Bot19 moved forward to (7,6)
[14:36:06.932] Bot19 executed MOVE_FORWARD
[14:36:06.932] Starting turn for Bot37
[14:36:06.932] Bot37 rotated right to face SOUTH
[14:36:06.932] Bot37 executed ROTATE_RIGHT
[14:36:06.932] Starting turn for Bot19
[14:36:06.932] Bot19 rotated right to face NORTH
[14:36:06.932] Bot19 executed ROTATE_RIGHT
[14:36:06.932] Bot19 moved forward to (6,6)
[14:36:06.932] Bot19 executed MOVE_FORWARD
[14:36:06.932] Starting turn for Bot37
[14:36:06.932] Starting turn for Bot19
[14:36:06.932] Bot19 rotated left to face WEST
[14:36:06.932] Bot19 executed ROTATE_LEFT
[14:36:06.932] Bot19 moved forward to (6,5)
[14:36:06.932] Bot19 executed MOVE_FORWARD
[14:36:06.932] Starting turn for Bot37
[14:36:06.932] Bot37 rotated right to face WEST
[14:36:06.932] Bot37 executed ROTATE_RIGHT
[14:36:06.932] Bot37 moved forward to (0,0)
[14:36:06.932] Bot37 executed MOVE_FORWARD
[14:36:06.932] Starting turn for Bot19
[14:36:06.932] Bot19 rotated right to face NORTH
[14:36:06.932] Bot19 executed ROTATE_RIGHT
[14:36:06.932] Bot19 moved forward to (5,5)
[14:36:06.932] Bot19 executed MOVE_FORWARD
[14:36:06.932] Starting turn for Bot37
[14:36:06.932] Bot37 rotated left to face SOUTH
[14:36:06.932] Bot37 executed ROTATE_LEFT
[14:36:06.932] Bot37 rotated left to face EAST
[14:36:06.932] Bot37 executed ROTATE_LEFT
[14:36:06.932] Bot37 moved forward to (0,1)
[14:36:06.932] Bot37 executed MOVE_FORWARD
[14:36:06.932] Starting turn for Bot19
[14:36:06.932] Starting turn for Bot37
[14:36:06.932] Bot37 rotated right to face SOUTH
[14:36:06.932] Bot37 executed ROTATE_RIGHT
[14:36:06.932] Starting turn for Bot19
[14:36:06.932] Starting turn for Bot37
[14:36:06.932] Starting turn for Bot19
[14:36:06.932] Starting turn for Bot37
[14:36:06.932] Bot37 rotated right to face WEST
[14:36:06.932] Bot37 executed ROTATE_RIGHT
[14:36:06.932] Bot37 moved forward to (0,0)
[14:36:06.932] Bot37 executed MOVE_FORWARD
[14:36:06.933] Starting turn for Bot19
[14:36:06.933] Starting turn for Bot37
[14:36:06.933] Bot37 rotated left to face SOUTH
[14:36:06.933] Bot37 executed ROTATE_LEFT
[14:36:06.933] Bot37 rotated left to face EAST
[14:36:06.933] Bot37 executed ROTATE_LEFT
[14:36:06.933] Bot37 moved forward to (0,1)
[14:36:06.933] Bot37 executed MOVE_FORWARD
[14:36:06.933] Starting turn for Bot19
[14:36:06.933] Starting turn for Bot37
[14:36:06.933] Bot37 rotated right to face SOUTH
[14:36:06.933] Bot37 executed ROTATE_RIGHT
[14:36:06.933] Starting turn for Bot19
[14:36:06.933] Starting turn for Bot37
[14:36:06.933] Starting turn for Bot19
[14:36:06.933] Starting turn for Bot37
[14:36:06.933] Bot37 rotated right to face WEST
[14:36:06.933] Bot37 executed ROTATE_RIGHT
[14:36:06.933] Bot37 moved forward to (0,0)
[14:36:06.933] Bot37 executed MOVE_FORWARD
[14:36:06.933] Starting turn for Bot19
[14:36:06.933] Starting turn for Bot37
[14:36:06.933] Bot37 rotated left to face SOUTH
[14:36:06.933] Bot37 executed ROTATE_LEFT
[14:36:06.933] Bot37 rotated left to face EAST
[14:36:06.933] Bot37 executed ROTATE_LEFT
[14:36:06.933] Bot37 moved forward to (0,1)
[14:36:06.933] Bot37 executed MOVE_FORWARD
[14:36:06.933] Starting turn for Bot19
[14:36:06.933] Starting turn for Bot37
[14:36:06.933] Bot37 rotated right to face SOUTH
[14:36:06.933] Bot37 executed ROTATE_RIGHT
[14:36:06.933] Starting turn for Bot19
[14:36:06.933] Starting turn for Bot37
[14:36:06.933] Starting turn for Bot19
[14:36:06.933] Starting turn for Bot37
[14:36:06.933] Bot37 rotated right to face WEST
[14:36:06.933] Bot37 executed ROTATE_RIGHT
[14:36:06.933] Bot37 moved forward to (0,0)
[14:36:06.933] Bot37 executed MOVE_FORWARD
[14:36:06.933] Starting turn for Bot19
[14:36:06.933] Starting turn for Bot37
[14:36:06.933] Bot37 rotated left to face SOUTH
[14:36:06.933] Bot37 executed ROTATE_LEFT
[14:36:06.933] Bot37 rotated left to face EAST
[14:36:06.933] Bot37 executed ROTATE_LEFT
[14:36:06.933] Bot37 moved forward to (0,1)
[14:36:06.933] Bot37 executed MOVE_FORWARD
[14:36:06.933] Starting turn for Bot19
[14:36:06.933] Starting turn for Bot37
[14:36:06.933] Bot37 rotated right to face SOUTH
[14:36:06.933] Bot37 executed ROTATE_RIGHT
[14:36:06.933] Starting turn for Bot19
[14:36:06.933] Stalemate detected: State repeated 10 times, unchanged for 1 turns
[14:36:06.933] Game Over! Stalemate detected!
[14:36:06.933] Stalemate detected: State repeated 10 times, unchanged for 1 turns
