[14:35:59.379] === Game Started at 2025-02-04_14-35-59 ===
[14:35:59.379] Game initialized with 2 players
[14:35:59.379] Board size: 10
[14:35:59.379] Obstacle density: 0.05
[14:35:59.379] Max turns: 1000
[14:35:59.379] Player Bot17 starting at position (0,0) facing SOUTH
[14:35:59.379] Player Bot13 starting at position (9,9) facing SOUTH
[14:35:59.379] Obstacles at positions: (1,2) (1,3) (5,4) (7,5) (9,8)
[14:35:59.379] Starting turn for Bot17
[14:35:59.379] Bot17 rotated left to face EAST
[14:35:59.379] Bot17 executed ROTATE_LEFT
[14:35:59.379] Bot17 moved forward to (0,1)
[14:35:59.379] Bot17 executed MOVE_FORWARD
[14:35:59.379] Starting turn for Bot13
[14:35:59.379] Bot13 rotated right to face WEST
[14:35:59.379] Bot13 executed ROTATE_RIGHT
[14:35:59.379] Starting turn for Bot17
[14:35:59.379] Bot17 rotated right to face SOUTH
[14:35:59.379] Bot17 executed ROTATE_RIGHT
[14:35:59.379] Bot17 moved forward to (1,1)
[14:35:59.379] Bot17 executed MOVE_FORWARD
[14:35:59.379] Starting turn for Bot13
[14:35:59.379] Starting turn for Bot17
[14:35:59.379] Bot17 rotated left to face EAST
[14:35:59.379] Bot17 executed ROTATE_LEFT
[14:35:59.379] Starting turn for Bot13
[14:35:59.379] Bot13 rotated right to face NORTH
[14:35:59.379] Bot13 executed ROTATE_RIGHT
[14:35:59.379] Bot13 moved forward to (8,9)
[14:35:59.379] Bot13 executed MOVE_FORWARD
[14:35:59.379] Starting turn for Bot17
[14:35:59.379] Starting turn for Bot13
[14:35:59.379] Bot13 rotated left to face WEST
[14:35:59.379] Bot13 executed ROTATE_LEFT
[14:35:59.379] Bot13 moved forward to (8,8)
[14:35:59.379] Bot13 executed MOVE_FORWARD
[14:35:59.379] Starting turn for Bot17
[14:35:59.379] Bot17 rotated left to face NORTH
[14:35:59.379] Bot17 executed ROTATE_LEFT
[14:35:59.379] Bot17 moved forward to (0,1)
[14:35:59.379] Bot17 executed MOVE_FORWARD
[14:35:59.379] Starting turn for Bot13
[14:35:59.379] Bot13 moved forward to (8,7)
[14:35:59.379] Bot13 executed MOVE_FORWARD
[14:35:59.379] Starting turn for Bot17
[14:35:59.379] Bot17 rotated left to face WEST
[14:35:59.379] Bot17 executed ROTATE_LEFT
[14:35:59.379] Bot17 rotated left to face SOUTH
[14:35:59.379] Bot17 executed ROTATE_LEFT
[14:35:59.379] Bot17 moved forward to (1,1)
[14:35:59.379] Bot17 executed MOVE_FORWARD
[14:35:59.379] Starting turn for Bot13
[14:35:59.379] Bot13 rotated right to face NORTH
[14:35:59.379] Bot13 executed ROTATE_RIGHT
[14:35:59.379] Bot13 moved forward to (7,7)
[14:35:59.379] Bot13 executed MOVE_FORWARD
[14:35:59.379] Starting turn for Bot17
[14:35:59.379] Bot17 rotated left to face EAST
[14:35:59.379] Bot17 executed ROTATE_LEFT
[14:35:59.379] Starting turn for Bot13
[14:35:59.379] Bot13 rotated left to face WEST
[14:35:59.379] Bot13 executed ROTATE_LEFT
[14:35:59.379] Bot13 moved forward to (7,6)
[14:35:59.379] Bot13 executed MOVE_FORWARD
[14:35:59.379] Starting turn for Bot17
[14:35:59.379] Starting turn for Bot13
[14:35:59.379] Bot13 rotated right to face NORTH
[14:35:59.379] Bot13 executed ROTATE_RIGHT
[14:35:59.379] Bot13 moved forward to (6,6)
[14:35:59.379] Bot13 executed MOVE_FORWARD
[14:35:59.379] Starting turn for Bot17
[14:35:59.379] Bot17 rotated left to face NORTH
[14:35:59.379] Bot17 executed ROTATE_LEFT
[14:35:59.379] Bot17 moved forward to (0,1)
[14:35:59.379] Bot17 executed MOVE_FORWARD
[14:35:59.379] Starting turn for Bot13
[14:35:59.379] Bot13 rotated left to face WEST
[14:35:59.379] Bot13 executed ROTATE_LEFT
[14:35:59.379] Bot13 moved forward to (6,5)
[14:35:59.379] Bot13 executed MOVE_FORWARD
[14:35:59.379] Starting turn for Bot17
[14:35:59.379] Bot17 rotated left to face WEST
[14:35:59.379] Bot17 executed ROTATE_LEFT
[14:35:59.379] Bot17 rotated left to face SOUTH
[14:35:59.379] Bot17 executed ROTATE_LEFT
[14:35:59.379] Bot17 moved forward to (1,1)
[14:35:59.379] Bot17 executed MOVE_FORWARD
[14:35:59.379] Starting turn for Bot13
[14:35:59.379] Bot13 rotated right to face NORTH
[14:35:59.379] Bot13 executed ROTATE_RIGHT
[14:35:59.379] Bot13 moved forward to (5,5)
[14:35:59.380] Bot13 executed MOVE_FORWARD
[14:35:59.380] Starting turn for Bot17
[14:35:59.380] Bot17 rotated left to face EAST
[14:35:59.380] Bot17 executed ROTATE_LEFT
[14:35:59.380] Starting turn for Bot13
[14:35:59.380] Starting turn for Bot17
[14:35:59.380] Starting turn for Bot13
[14:35:59.380] Starting turn for Bot17
[14:35:59.380] Bot17 rotated left to face NORTH
[14:35:59.380] Bot17 executed ROTATE_LEFT
[14:35:59.380] Bot17 moved forward to (0,1)
[14:35:59.380] Bot17 executed MOVE_FORWARD
[14:35:59.380] Starting turn for Bot13
[14:35:59.380] Starting turn for Bot17
[14:35:59.380] Bot17 rotated left to face WEST
[14:35:59.380] Bot17 executed ROTATE_LEFT
[14:35:59.380] Bot17 rotated left to face SOUTH
[14:35:59.380] Bot17 executed ROTATE_LEFT
[14:35:59.380] Bot17 moved forward to (1,1)
[14:35:59.380] Bot17 executed MOVE_FORWARD
[14:35:59.380] Starting turn for Bot13
[14:35:59.380] Starting turn for Bot17
[14:35:59.380] Bot17 rotated left to face EAST
[14:35:59.380] Bot17 executed ROTATE_LEFT
[14:35:59.380] Starting turn for Bot13
[14:35:59.380] Starting turn for Bot17
[14:35:59.380] Starting turn for Bot13
[14:35:59.380] Starting turn for Bot17
[14:35:59.380] Bot17 rotated left to face NORTH
[14:35:59.380] Bot17 executed ROTATE_LEFT
[14:35:59.380] Bot17 moved forward to (0,1)
[14:35:59.380] Bot17 executed MOVE_FORWARD
[14:35:59.380] Starting turn for Bot13
[14:35:59.380] Starting turn for Bot17
[14:35:59.380] Bot17 rotated left to face WEST
[14:35:59.380] Bot17 executed ROTATE_LEFT
[14:35:59.380] Bot17 rotated left to face SOUTH
[14:35:59.380] Bot17 executed ROTATE_LEFT
[14:35:59.380] Bot17 moved forward to (1,1)
[14:35:59.380] Bot17 executed MOVE_FORWARD
[14:35:59.380] Starting turn for Bot13
[14:35:59.380] Starting turn for Bot17
[14:35:59.380] Bot17 rotated left to face EAST
[14:35:59.380] Bot17 executed ROTATE_LEFT
[14:35:59.380] Starting turn for Bot13
[14:35:59.380] Starting turn for Bot17
[14:35:59.380] Starting turn for Bot13
[14:35:59.380] Stalemate detected: State repeated 10 times, unchanged for 3 turns
[14:35:59.380] Game Over! Stalemate detected!
[14:35:59.380] Stalemate detected: State repeated 10 times, unchanged for 3 turns
