[14:35:55.100] === Game Started at 2025-02-04_14-35-55 ===
[14:35:55.100] Game initialized with 2 players
[14:35:55.100] Board size: 10
[14:35:55.100] Obstacle density: 0.05
[14:35:55.100] Max turns: 1000
[14:35:55.100] Player Bot9 starting at position (0,0) facing WEST
[14:35:55.100] Player Bot27 starting at position (9,9) facing WEST
[14:35:55.100] Obstacles at positions: (2,0) (2,2) (4,1) (5,8) (8,7)
[14:35:55.100] Starting turn for Bot9
[14:35:55.100] Bot9 rotated left to face SOUTH
[14:35:55.100] Bot9 executed ROTATE_LEFT
[14:35:55.100] Bot9 rotated left to face EAST
[14:35:55.100] Bot9 executed ROTATE_LEFT
[14:35:55.100] Bot9 moved forward to (0,1)
[14:35:55.100] Bot9 executed MOVE_FORWARD
[14:35:55.100] Starting turn for Bot27
[14:35:55.100] Bot27 moved forward to (9,8)
[14:35:55.100] Bot27 executed MOVE_FORWARD
[14:35:55.100] Starting turn for Bot9
[14:35:55.100] Bot9 rotated right to face SOUTH
[14:35:55.100] Bot9 executed ROTATE_RIGHT
[14:35:55.100] Bot9 moved forward to (1,1)
[14:35:55.100] Bot9 executed MOVE_FORWARD
[14:35:55.100] Starting turn for Bot27
[14:35:55.100] Bot27 rotated right to face NORTH
[14:35:55.100] Bot27 executed ROTATE_RIGHT
[14:35:55.100] Bot27 moved forward to (8,8)
[14:35:55.100] Bot27 executed MOVE_FORWARD
[14:35:55.100] Starting turn for Bot9
[14:35:55.100] Bot9 rotated left to face EAST
[14:35:55.100] Bot9 executed ROTATE_LEFT
[14:35:55.100] Bot9 moved forward to (1,2)
[14:35:55.100] Bot9 executed MOVE_FORWARD
[14:35:55.100] Starting turn for Bot27
[14:35:55.100] Bot27 rotated left to face WEST
[14:35:55.100] Bot27 executed ROTATE_LEFT
[14:35:55.100] Starting turn for Bot9
[14:35:55.100] Bot9 rotated right to face SOUTH
[14:35:55.100] Bot9 executed ROTATE_RIGHT
[14:35:55.100] Starting turn for Bot27
[14:35:55.100] Starting turn for Bot9
[14:35:55.100] Starting turn for Bot27
[14:35:55.100] Bot27 rotated right to face NORTH
[14:35:55.100] Bot27 executed ROTATE_RIGHT
[14:35:55.100] Bot27 moved forward to (7,8)
[14:35:55.100] Bot27 executed MOVE_FORWARD
[14:35:55.100] Starting turn for Bot9
[14:35:55.100] Bot9 rotated left to face EAST
[14:35:55.100] Bot9 executed ROTATE_LEFT
[14:35:55.100] Bot9 rotated left to face NORTH
[14:35:55.100] Bot9 executed ROTATE_LEFT
[14:35:55.100] Bot9 moved forward to (0,2)
[14:35:55.100] Bot9 executed MOVE_FORWARD
[14:35:55.100] Starting turn for Bot27
[14:35:55.100] Bot27 rotated left to face WEST
[14:35:55.100] Bot27 executed ROTATE_LEFT
[14:35:55.100] Bot27 moved forward to (7,7)
[14:35:55.100] Bot27 executed MOVE_FORWARD
[14:35:55.100] Starting turn for Bot9
[14:35:55.100] Bot9 rotated left to face WEST
[14:35:55.100] Bot9 executed ROTATE_LEFT
[14:35:55.100] Bot9 rotated left to face SOUTH
[14:35:55.100] Bot9 executed ROTATE_LEFT
[14:35:55.100] Bot9 moved forward to (1,2)
[14:35:55.100] Bot9 executed MOVE_FORWARD
[14:35:55.100] Starting turn for Bot27
[14:35:55.100] Bot27 moved forward to (7,6)
[14:35:55.100] Bot27 executed MOVE_FORWARD
[14:35:55.100] Starting turn for Bot9
[14:35:55.100] Starting turn for Bot27
[14:35:55.100] Bot27 rotated right to face NORTH
[14:35:55.100] Bot27 executed ROTATE_RIGHT
[14:35:55.100] Bot27 moved forward to (6,6)
[14:35:55.100] Bot27 executed MOVE_FORWARD
[14:35:55.100] Starting turn for Bot9
[14:35:55.100] Starting turn for Bot27
[14:35:55.100] Bot27 rotated left to face WEST
[14:35:55.100] Bot27 executed ROTATE_LEFT
[14:35:55.100] Bot27 moved forward to (6,5)
[14:35:55.100] Bot27 executed MOVE_FORWARD
[14:35:55.100] Starting turn for Bot9
[14:35:55.100] Bot9 rotated left to face EAST
[14:35:55.100] Bot9 executed ROTATE_LEFT
[14:35:55.100] Bot9 rotated left to face NORTH
[14:35:55.100] Bot9 executed ROTATE_LEFT
[14:35:55.100] Bot9 moved forward to (0,2)
[14:35:55.100] Bot9 executed MOVE_FORWARD
[14:35:55.100] Starting turn for Bot27
[14:35:55.100] Bot27 rotated right to face NORTH
[14:35:55.100] Bot27 executed ROTATE_RIGHT
[14:35:55.100] Bot27 moved forward to (5,5)
[14:35:55.100] Bot27 executed MOVE_FORWARD
[14:35:55.100] Starting turn for Bot9
[14:35:55.100] Bot9 rotated left to face WEST
[14:35:55.100] Bot9 executed ROTATE_LEFT
[14:35:55.100] Bot9 rotated left to face SOUTH
[14:35:55.100] Bot9 executed ROTATE_LEFT
[14:35:55.100] Bot9 moved forward to (1,2)
[14:35:55.100] Bot9 executed MOVE_FORWARD
[14:35:55.100] Starting turn for Bot27
[14:35:55.100] Starting turn for Bot9
[14:35:55.100] Starting turn for Bot27
[14:35:55.100] Starting turn for Bot9
[14:35:55.100] Starting turn for Bot27
[14:35:55.100] Starting turn for Bot9
[14:35:55.100] Bot9 rotated left to face EAST
[14:35:55.100] Bot9 executed ROTATE_LEFT
[14:35:55.100] Bot9 rotated left to face NORTH
[14:35:55.100] Bot9 executed ROTATE_LEFT
[14:35:55.100] Bot9 moved forward to (0,2)
[14:35:55.100] Bot9 executed MOVE_FORWARD
[14:35:55.100] Starting turn for Bot27
[14:35:55.100] Starting turn for Bot9
[14:35:55.100] Bot9 rotated left to face WEST
[14:35:55.100] Bot9 executed ROTATE_LEFT
[14:35:55.100] Bot9 rotated left to face SOUTH
[14:35:55.100] Bot9 executed ROTATE_LEFT
[14:35:55.100] Bot9 moved forward to (1,2)
[14:35:55.100] Bot9 executed MOVE_FORWARD
[14:35:55.100] Starting turn for Bot27
[14:35:55.100] Starting turn for Bot9
[14:35:55.100] Starting turn for Bot27
[14:35:55.100] Starting turn for Bot9
[14:35:55.100] Starting turn for Bot27
[14:35:55.100] Starting turn for Bot9
[14:35:55.100] Bot9 rotated left to face EAST
[14:35:55.100] Bot9 executed ROTATE_LEFT
[14:35:55.100] Bot9 rotated left to face NORTH
[14:35:55.100] Bot9 executed ROTATE_LEFT
[14:35:55.100] Bot9 moved forward to (0,2)
[14:35:55.100] Bot9 executed MOVE_FORWARD
[14:35:55.100] Starting turn for Bot27
[14:35:55.100] Starting turn for Bot9
[14:35:55.100] Bot9 rotated left to face WEST
[14:35:55.100] Bot9 executed ROTATE_LEFT
[14:35:55.100] Bot9 rotated left to face SOUTH
[14:35:55.100] Bot9 executed ROTATE_LEFT
[14:35:55.100] Bot9 moved forward to (1,2)
[14:35:55.100] Bot9 executed MOVE_FORWARD
[14:35:55.100] Starting turn for Bot27
[14:35:55.100] Starting turn for Bot9
[14:35:55.100] Starting turn for Bot27
[14:35:55.100] Stalemate detected: State repeated 10 times, unchanged for 1 turns
[14:35:55.100] Game Over! Stalemate detected!
[14:35:55.100] Stalemate detected: State repeated 10 times, unchanged for 1 turns
