[14:36:07.237] === Game Started at 2025-02-04_14-36-07 ===
[14:36:07.237] Game initialized with 2 players
[14:36:07.237] Board size: 10
[14:36:07.237] Obstacle density: 0.05
[14:36:07.237] Max turns: 1000
[14:36:07.237] Player Bot23 starting at position (0,0) facing SOUTH
[14:36:07.237] Player Bot20 starting at position (9,9) facing SOUTH
[14:36:07.237] Obstacles at positions: (4,7) (6,7) (6,8) (7,9) (9,4)
[14:36:07.237] Starting turn for Bot23
[14:36:07.237] Bot23 rotated left to face EAST
[14:36:07.237] Bot23 executed ROTATE_LEFT
[14:36:07.237] Bot23 moved forward to (0,1)
[14:36:07.237] Bot23 executed MOVE_FORWARD
[14:36:07.237] Starting turn for Bot20
[14:36:07.237] Bot20 rotated right to face WEST
[14:36:07.237] Bot20 executed ROTATE_RIGHT
[14:36:07.237] Bot20 moved forward to (9,8)
[14:36:07.237] Bot20 executed MOVE_FORWARD
[14:36:07.237] Starting turn for Bot23
[14:36:07.237] Bot23 rotated right to face SOUTH
[14:36:07.237] Bot23 executed ROTATE_RIGHT
[14:36:07.237] Bot23 moved forward to (1,1)
[14:36:07.237] Bot23 executed MOVE_FORWARD
[14:36:07.237] Starting turn for Bot20
[14:36:07.237] Bot20 rotated right to face NORTH
[14:36:07.237] Bot20 executed ROTATE_RIGHT
[14:36:07.237] Bot20 moved forward to (8,8)
[14:36:07.237] Bot20 executed MOVE_FORWARD
[14:36:07.237] Starting turn for Bot23
[14:36:07.237] Bot23 rotated left to face EAST
[14:36:07.237] Bot23 executed ROTATE_LEFT
[14:36:07.237] Bot23 moved forward to (1,2)
[14:36:07.237] Bot23 executed MOVE_FORWARD
[14:36:07.237] Starting turn for Bot20
[14:36:07.237] Bot20 rotated left to face WEST
[14:36:07.237] Bot20 executed ROTATE_LEFT
[14:36:07.237] Bot20 moved forward to (8,7)
[14:36:07.237] Bot20 executed MOVE_FORWARD
[14:36:07.237] Starting turn for Bot23
[14:36:07.237] Bot23 rotated right to face SOUTH
[14:36:07.237] Bot23 executed ROTATE_RIGHT
[14:36:07.237] Bot23 moved forward to (2,2)
[14:36:07.237] Bot23 executed MOVE_FORWARD
[14:36:07.237] Starting turn for Bot20
[14:36:07.237] Bot20 rotated right to face NORTH
[14:36:07.237] Bot20 executed ROTATE_RIGHT
[14:36:07.237] Bot20 moved forward to (7,7)
[14:36:07.237] Bot20 executed MOVE_FORWARD
[14:36:07.237] Starting turn for Bot23
[14:36:07.237] Bot23 rotated left to face EAST
[14:36:07.237] Bot23 executed ROTATE_LEFT
[14:36:07.237] Bot23 moved forward to (2,3)
[14:36:07.237] Bot23 executed MOVE_FORWARD
[14:36:07.237] Starting turn for Bot20
[14:36:07.237] Bot20 rotated left to face WEST
[14:36:07.237] Bot20 executed ROTATE_LEFT
[14:36:07.237] Bot20 moved forward to (7,6)
[14:36:07.237] Bot20 executed MOVE_FORWARD
[14:36:07.237] Starting turn for Bot23
[14:36:07.237] Bot23 rotated right to face SOUTH
[14:36:07.237] Bot23 executed ROTATE_RIGHT
[14:36:07.237] Bot23 moved forward to (3,3)
[14:36:07.237] Bot23 executed MOVE_FORWARD
[14:36:07.237] Starting turn for Bot20
[14:36:07.237] Bot20 rotated right to face NORTH
[14:36:07.237] Bot20 executed ROTATE_RIGHT
[14:36:07.237] Bot20 moved forward to (6,6)
[14:36:07.237] Bot20 executed MOVE_FORWARD
[14:36:07.237] Starting turn for Bot23
[14:36:07.237] Bot23 rotated left to face EAST
[14:36:07.237] Bot23 executed ROTATE_LEFT
[14:36:07.237] Bot23 moved forward to (3,4)
[14:36:07.237] Bot23 executed MOVE_FORWARD
[14:36:07.237] Starting turn for Bot20
[14:36:07.237] Bot20 rotated left to face WEST
[14:36:07.237] Bot20 executed ROTATE_LEFT
[14:36:07.237] Bot20 moved forward to (6,5)
[14:36:07.237] Bot20 executed MOVE_FORWARD
[14:36:07.237] Starting turn for Bot23
[14:36:07.237] Bot23 rotated right to face SOUTH
[14:36:07.237] Bot23 executed ROTATE_RIGHT
[14:36:07.237] Bot23 moved forward to (4,4)
[14:36:07.237] Bot23 executed MOVE_FORWARD
[14:36:07.237] Starting turn for Bot20
[14:36:07.237] Bot20 rotated right to face NORTH
[14:36:07.237] Bot20 executed ROTATE_RIGHT
[14:36:07.237] Bot20 moved forward to (5,5)
[14:36:07.237] Bot20 executed MOVE_FORWARD
[14:36:07.237] Starting turn for Bot23
[14:36:07.237] Bot23 rotated left to face EAST
[14:36:07.237] Bot23 executed ROTATE_LEFT
[14:36:07.237] Bot23 moved forward to (4,5)
[14:36:07.237] Bot23 executed MOVE_FORWARD
[14:36:07.237] Starting turn for Bot20
[14:36:07.237] Bot20 shooting in direction NORTH
[14:36:07.237] Bot20 hit Bot23 for 25 damage (health: 100 -> 75)
[14:36:07.237] Bot20 executed SHOOT
[14:36:07.237] Starting turn for Bot23
[14:36:07.237] Bot23 rotated right to face SOUTH
[14:36:07.237] Bot23 executed ROTATE_RIGHT
[14:36:07.237] Starting turn for Bot20
[14:36:07.237] Bot20 shooting in direction NORTH
[14:36:07.237] Bot20 hit Bot23 for 25 damage (health: 75 -> 50)
[14:36:07.237] Bot20 executed SHOOT
[14:36:07.237] Starting turn for Bot23
[14:36:07.237] Bot23 shooting in direction SOUTH
[14:36:07.237] Bot23 hit Bot20 for 25 damage (health: 100 -> 75)
[14:36:07.237] Bot23 executed SHOOT
[14:36:07.237] Starting turn for Bot20
[14:36:07.237] Bot20 shooting in direction NORTH
[14:36:07.237] Bot20 hit Bot23 for 25 damage (health: 50 -> 25)
[14:36:07.237] Bot20 executed SHOOT
[14:36:07.237] Starting turn for Bot23
[14:36:07.237] Bot23 shooting in direction SOUTH
[14:36:07.237] Bot23 hit Bot20 for 25 damage (health: 75 -> 50)
[14:36:07.237] Bot23 executed SHOOT
[14:36:07.237] Starting turn for Bot20
[14:36:07.237] Bot20 shooting in direction NORTH
[14:36:07.237] Bot20 hit Bot23 for 25 damage (health: 25 -> 0)
[14:36:07.237] Bot23 was destroyed!
[14:36:07.237] Bot20 is the last tank standing!
[14:36:07.237] Bot20 executed SHOOT
[14:36:07.237] Game Over! Bot20 wins!
[14:36:07.237] === Game Ended ===
