[14:35:56.763] === Game Started at 2025-02-04_14-35-56 ===
[14:35:56.763] Game initialized with 2 players
[14:35:56.763] Board size: 10
[14:35:56.763] Obstacle density: 0.05
[14:35:56.763] Max turns: 1000
[14:35:56.763] Player Bot10 starting at position (0,0) facing NORTH
[14:35:56.763] Player Bot36 starting at position (9,9) facing EAST
[14:35:56.763] Obstacles at positions: (1,2) (3,4) (3,7) (8,5) (8,9)
[14:35:56.763] Starting turn for Bot10
[14:35:56.763] Bot10 rotated right to face EAST
[14:35:56.763] Bot10 executed ROTATE_RIGHT
[14:35:56.763] Bot10 moved forward to (0,1)
[14:35:56.763] Bot10 executed MOVE_FORWARD
[14:35:56.763] Starting turn for Bot36
[14:35:56.763] Bot36 rotated left to face NORTH
[14:35:56.763] Bot36 executed ROTATE_LEFT
[14:35:56.763] Bot36 rotated left to face WEST
[14:35:56.763] Bot36 executed ROTATE_LEFT
[14:35:56.763] Bot36 moved forward to (9,8)
[14:35:56.763] Bot36 executed MOVE_FORWARD
[14:35:56.763] Starting turn for Bot10
[14:35:56.763] Bot10 rotated right to face SOUTH
[14:35:56.763] Bot10 executed ROTATE_RIGHT
[14:35:56.763] Bot10 moved forward to (1,1)
[14:35:56.763] Bot10 executed MOVE_FORWARD
[14:35:56.763] Starting turn for Bot36
[14:35:56.763] Bot36 rotated right to face NORTH
[14:35:56.763] Bot36 executed ROTATE_RIGHT
[14:35:56.763] Bot36 moved forward to (8,8)
[14:35:56.763] Bot36 executed MOVE_FORWARD
[14:35:56.763] Starting turn for Bot10
[14:35:56.763] Bot10 rotated left to face EAST
[14:35:56.763] Bot10 executed ROTATE_LEFT
[14:35:56.763] Starting turn for Bot36
[14:35:56.763] Bot36 rotated left to face WEST
[14:35:56.763] Bot36 executed ROTATE_LEFT
[14:35:56.763] Bot36 moved forward to (8,7)
[14:35:56.763] Bot36 executed MOVE_FORWARD
[14:35:56.763] Starting turn for Bot10
[14:35:56.763] Starting turn for Bot36
[14:35:56.763] Bot36 rotated right to face NORTH
[14:35:56.763] Bot36 executed ROTATE_RIGHT
[14:35:56.763] Bot36 moved forward to (7,7)
[14:35:56.763] Bot36 executed MOVE_FORWARD
[14:35:56.763] Starting turn for Bot10
[14:35:56.763] Bot10 rotated left to face NORTH
[14:35:56.763] Bot10 executed ROTATE_LEFT
[14:35:56.763] Bot10 moved forward to (0,1)
[14:35:56.763] Bot10 executed MOVE_FORWARD
[14:35:56.763] Starting turn for Bot36
[14:35:56.763] Bot36 rotated left to face WEST
[14:35:56.763] Bot36 executed ROTATE_LEFT
[14:35:56.763] Bot36 moved forward to (7,6)
[14:35:56.763] Bot36 executed MOVE_FORWARD
[14:35:56.763] Starting turn for Bot10
[14:35:56.763] Bot10 rotated left to face WEST
[14:35:56.763] Bot10 executed ROTATE_LEFT
[14:35:56.763] Bot10 rotated left to face SOUTH
[14:35:56.763] Bot10 executed ROTATE_LEFT
[14:35:56.763] Bot10 moved forward to (1,1)
[14:35:56.763] Bot10 executed MOVE_FORWARD
[14:35:56.763] Starting turn for Bot36
[14:35:56.763] Bot36 rotated right to face NORTH
[14:35:56.763] Bot36 executed ROTATE_RIGHT
[14:35:56.763] Bot36 moved forward to (6,6)
[14:35:56.763] Bot36 executed MOVE_FORWARD
[14:35:56.763] Starting turn for Bot10
[14:35:56.763] Bot10 rotated left to face EAST
[14:35:56.764] Bot10 executed ROTATE_LEFT
[14:35:56.764] Starting turn for Bot36
[14:35:56.764] Bot36 rotated left to face WEST
[14:35:56.764] Bot36 executed ROTATE_LEFT
[14:35:56.764] Bot36 moved forward to (6,5)
[14:35:56.764] Bot36 executed MOVE_FORWARD
[14:35:56.764] Starting turn for Bot10
[14:35:56.764] Starting turn for Bot36
[14:35:56.764] Bot36 rotated right to face NORTH
[14:35:56.764] Bot36 executed ROTATE_RIGHT
[14:35:56.764] Bot36 moved forward to (5,5)
[14:35:56.764] Bot36 executed MOVE_FORWARD
[14:35:56.764] Starting turn for Bot10
[14:35:56.764] Bot10 rotated left to face NORTH
[14:35:56.764] Bot10 executed ROTATE_LEFT
[14:35:56.764] Bot10 moved forward to (0,1)
[14:35:56.764] Bot10 executed MOVE_FORWARD
[14:35:56.764] Starting turn for Bot36
[14:35:56.764] Starting turn for Bot10
[14:35:56.764] Bot10 rotated left to face WEST
[14:35:56.764] Bot10 executed ROTATE_LEFT
[14:35:56.764] Bot10 rotated left to face SOUTH
[14:35:56.764] Bot10 executed ROTATE_LEFT
[14:35:56.764] Bot10 moved forward to (1,1)
[14:35:56.764] Bot10 executed MOVE_FORWARD
[14:35:56.764] Starting turn for Bot36
[14:35:56.764] Starting turn for Bot10
[14:35:56.764] Bot10 rotated left to face EAST
[14:35:56.764] Bot10 executed ROTATE_LEFT
[14:35:56.764] Starting turn for Bot36
[14:35:56.764] Starting turn for Bot10
[14:35:56.764] Starting turn for Bot36
[14:35:56.764] Starting turn for Bot10
[14:35:56.764] Bot10 rotated left to face NORTH
[14:35:56.764] Bot10 executed ROTATE_LEFT
[14:35:56.764] Bot10 moved forward to (0,1)
[14:35:56.764] Bot10 executed MOVE_FORWARD
[14:35:56.764] Starting turn for Bot36
[14:35:56.764] Starting turn for Bot10
[14:35:56.764] Bot10 rotated left to face WEST
[14:35:56.764] Bot10 executed ROTATE_LEFT
[14:35:56.764] Bot10 rotated left to face SOUTH
[14:35:56.764] Bot10 executed ROTATE_LEFT
[14:35:56.764] Bot10 moved forward to (1,1)
[14:35:56.764] Bot10 executed MOVE_FORWARD
[14:35:56.764] Starting turn for Bot36
[14:35:56.764] Starting turn for Bot10
[14:35:56.764] Bot10 rotated left to face EAST
[14:35:56.764] Bot10 executed ROTATE_LEFT
[14:35:56.764] Starting turn for Bot36
[14:35:56.764] Starting turn for Bot10
[14:35:56.764] Starting turn for Bot36
[14:35:56.764] Starting turn for Bot10
[14:35:56.764] Bot10 rotated left to face NORTH
[14:35:56.764] Bot10 executed ROTATE_LEFT
[14:35:56.764] Bot10 moved forward to (0,1)
[14:35:56.764] Bot10 executed MOVE_FORWARD
[14:35:56.764] Starting turn for Bot36
[14:35:56.764] Starting turn for Bot10
[14:35:56.764] Bot10 rotated left to face WEST
[14:35:56.764] Bot10 executed ROTATE_LEFT
[14:35:56.764] Bot10 rotated left to face SOUTH
[14:35:56.764] Bot10 executed ROTATE_LEFT
[14:35:56.764] Bot10 moved forward to (1,1)
[14:35:56.764] Bot10 executed MOVE_FORWARD
[14:35:56.764] Starting turn for Bot36
[14:35:56.764] Starting turn for Bot10
[14:35:56.764] Bot10 rotated left to face EAST
[14:35:56.764] Bot10 executed ROTATE_LEFT
[14:35:56.764] Starting turn for Bot36
[14:35:56.764] Starting turn for Bot10
[14:35:56.764] Starting turn for Bot36
[14:35:56.764] Stalemate detected: State repeated 10 times, unchanged for 3 turns
[14:35:56.764] Game Over! Stalemate detected!
[14:35:56.764] Stalemate detected: State repeated 10 times, unchanged for 3 turns
