[14:36:01.462] === Game Started at 2025-02-04_14-36-01 ===
[14:36:01.462] Game initialized with 2 players
[14:36:01.462] Board size: 10
[14:36:01.462] Obstacle density: 0.05
[14:36:01.462] Max turns: 1000
[14:36:01.462] Player Bot14 starting at position (0,0) facing WEST
[14:36:01.462] Player Bot33 starting at position (9,9) facing EAST
[14:36:01.462] Obstacles at positions: (0,5) (2,9) (4,4) (5,1) (8,8)
[14:36:01.462] Starting turn for Bot14
[14:36:01.462] Bot14 rotated left to face SOUTH
[14:36:01.462] Bot14 executed ROTATE_LEFT
[14:36:01.462] Bot14 rotated left to face EAST
[14:36:01.462] Bot14 executed ROTATE_LEFT
[14:36:01.462] Bot14 moved forward to (0,1)
[14:36:01.462] Bot14 executed MOVE_FORWARD
[14:36:01.463] Starting turn for Bot33
[14:36:01.463] Bot33 rotated left to face NORTH
[14:36:01.463] Bot33 executed ROTATE_LEFT
[14:36:01.463] Bot33 rotated left to face WEST
[14:36:01.463] Bot33 executed ROTATE_LEFT
[14:36:01.463] Bot33 moved forward to (9,8)
[14:36:01.463] Bot33 executed MOVE_FORWARD
[14:36:01.463] Starting turn for Bot14
[14:36:01.463] Bot14 rotated right to face SOUTH
[14:36:01.463] Bot14 executed ROTATE_RIGHT
[14:36:01.463] Bot14 moved forward to (1,1)
[14:36:01.463] Bot14 executed MOVE_FORWARD
[14:36:01.463] Starting turn for Bot33
[14:36:01.463] Bot33 rotated right to face NORTH
[14:36:01.463] Bot33 executed ROTATE_RIGHT
[14:36:01.463] Starting turn for Bot14
[14:36:01.463] Bot14 rotated left to face EAST
[14:36:01.463] Bot14 executed ROTATE_LEFT
[14:36:01.463] Bot14 moved forward to (1,2)
[14:36:01.463] Bot14 executed MOVE_FORWARD
[14:36:01.463] Starting turn for Bot33
[14:36:01.463] Starting turn for Bot14
[14:36:01.463] Bot14 rotated right to face SOUTH
[14:36:01.463] Bot14 executed ROTATE_RIGHT
[14:36:01.463] Bot14 moved forward to (2,2)
[14:36:01.463] Bot14 executed MOVE_FORWARD
[14:36:01.463] Starting turn for Bot33
[14:36:01.463] Bot33 rotated right to face EAST
[14:36:01.463] Bot33 executed ROTATE_RIGHT
[14:36:01.463] Bot33 moved forward to (9,9)
[14:36:01.463] Bot33 executed MOVE_FORWARD
[14:36:01.463] Starting turn for Bot14
[14:36:01.463] Bot14 rotated left to face EAST
[14:36:01.463] Bot14 executed ROTATE_LEFT
[14:36:01.463] Bot14 moved forward to (2,3)
[14:36:01.463] Bot14 executed MOVE_FORWARD
[14:36:01.463] Starting turn for Bot33
[14:36:01.463] Bot33 rotated left to face NORTH
[14:36:01.463] Bot33 executed ROTATE_LEFT
[14:36:01.463] Bot33 rotated left to face WEST
[14:36:01.463] Bot33 executed ROTATE_LEFT
[14:36:01.463] Bot33 moved forward to (9,8)
[14:36:01.463] Bot33 executed MOVE_FORWARD
[14:36:01.463] Starting turn for Bot14
[14:36:01.463] Bot14 rotated right to face SOUTH
[14:36:01.463] Bot14 executed ROTATE_RIGHT
[14:36:01.463] Bot14 moved forward to (3,3)
[14:36:01.463] Bot14 executed MOVE_FORWARD
[14:36:01.463] Starting turn for Bot33
[14:36:01.463] Bot33 rotated right to face NORTH
[14:36:01.463] Bot33 executed ROTATE_RIGHT
[14:36:01.463] Starting turn for Bot14
[14:36:01.463] Bot14 rotated left to face EAST
[14:36:01.463] Bot14 executed ROTATE_LEFT
[14:36:01.463] Bot14 moved forward to (3,4)
[14:36:01.463] Bot14 executed MOVE_FORWARD
[14:36:01.463] Starting turn for Bot33
[14:36:01.463] Starting turn for Bot14
[14:36:01.463] Bot14 rotated right to face SOUTH
[14:36:01.463] Bot14 executed ROTATE_RIGHT
[14:36:01.463] Starting turn for Bot33
[14:36:01.463] Bot33 rotated right to face EAST
[14:36:01.463] Bot33 executed ROTATE_RIGHT
[14:36:01.463] Bot33 moved forward to (9,9)
[14:36:01.463] Bot33 executed MOVE_FORWARD
[14:36:01.463] Starting turn for Bot14
[14:36:01.463] Starting turn for Bot33
[14:36:01.463] Bot33 rotated left to face NORTH
[14:36:01.463] Bot33 executed ROTATE_LEFT
[14:36:01.463] Bot33 rotated left to face WEST
[14:36:01.463] Bot33 executed ROTATE_LEFT
[14:36:01.463] Bot33 moved forward to (9,8)
[14:36:01.463] Bot33 executed MOVE_FORWARD
[14:36:01.463] Starting turn for Bot14
[14:36:01.463] Bot14 rotated left to face EAST
[14:36:01.463] Bot14 executed ROTATE_LEFT
[14:36:01.463] Bot14 rotated left to face NORTH
[14:36:01.463] Bot14 executed ROTATE_LEFT
[14:36:01.463] Bot14 moved forward to (2,4)
[14:36:01.463] Bot14 executed MOVE_FORWARD
[14:36:01.463] Starting turn for Bot33
[14:36:01.463] Bot33 rotated right to face NORTH
[14:36:01.463] Bot33 executed ROTATE_RIGHT
[14:36:01.463] Starting turn for Bot14
[14:36:01.463] Bot14 rotated left to face WEST
[14:36:01.463] Bot14 executed ROTATE_LEFT
[14:36:01.463] Bot14 rotated left to face SOUTH
[14:36:01.463] Bot14 executed ROTATE_LEFT
[14:36:01.463] Bot14 moved forward to (3,4)
[14:36:01.463] Bot14 executed MOVE_FORWARD
[14:36:01.463] Starting turn for Bot33
[14:36:01.463] Starting turn for Bot14
[14:36:01.463] Starting turn for Bot33
[14:36:01.463] Bot33 rotated right to face EAST
[14:36:01.463] Bot33 executed ROTATE_RIGHT
[14:36:01.463] Bot33 moved forward to (9,9)
[14:36:01.463] Bot33 executed MOVE_FORWARD
[14:36:01.463] Starting turn for Bot14
[14:36:01.463] Starting turn for Bot33
[14:36:01.463] Bot33 rotated left to face NORTH
[14:36:01.463] Bot33 executed ROTATE_LEFT
[14:36:01.463] Bot33 rotated left to face WEST
[14:36:01.463] Bot33 executed ROTATE_LEFT
[14:36:01.463] Bot33 moved forward to (9,8)
[14:36:01.463] Bot33 executed MOVE_FORWARD
[14:36:01.463] Starting turn for Bot14
[14:36:01.463] Bot14 rotated left to face EAST
[14:36:01.463] Bot14 executed ROTATE_LEFT
[14:36:01.463] Bot14 rotated left to face NORTH
[14:36:01.463] Bot14 executed ROTATE_LEFT
[14:36:01.463] Bot14 moved forward to (2,4)
[14:36:01.463] Bot14 executed MOVE_FORWARD
[14:36:01.463] Starting turn for Bot33
[14:36:01.463] Bot33 rotated right to face NORTH
[14:36:01.463] Bot33 executed ROTATE_RIGHT
[14:36:01.463] Starting turn for Bot14
[14:36:01.463] Bot14 rotated left to face WEST
[14:36:01.463] Bot14 executed ROTATE_LEFT
[14:36:01.463] Bot14 rotated left to face SOUTH
[14:36:01.463] Bot14 executed ROTATE_LEFT
[14:36:01.463] Bot14 moved forward to (3,4)
[14:36:01.463] Bot14 executed MOVE_FORWARD
[14:36:01.463] Starting turn for Bot33
[14:36:01.463] Starting turn for Bot14
[14:36:01.463] Starting turn for Bot33
[14:36:01.463] Bot33 rotated right to face EAST
[14:36:01.463] Bot33 executed ROTATE_RIGHT
[14:36:01.463] Bot33 moved forward to (9,9)
[14:36:01.463] Bot33 executed MOVE_FORWARD
[14:36:01.463] Starting turn for Bot14
[14:36:01.463] Starting turn for Bot33
[14:36:01.463] Bot33 rotated left to face NORTH
[14:36:01.463] Bot33 executed ROTATE_LEFT
[14:36:01.463] Bot33 rotated left to face WEST
[14:36:01.463] Bot33 executed ROTATE_LEFT
[14:36:01.463] Bot33 moved forward to (9,8)
[14:36:01.463] Bot33 executed MOVE_FORWARD
[14:36:01.463] Starting turn for Bot14
[14:36:01.463] Bot14 rotated left to face EAST
[14:36:01.463] Bot14 executed ROTATE_LEFT
[14:36:01.463] Bot14 rotated left to face NORTH
[14:36:01.463] Bot14 executed ROTATE_LEFT
[14:36:01.463] Bot14 moved forward to (2,4)
[14:36:01.463] Bot14 executed MOVE_FORWARD
[14:36:01.463] Starting turn for Bot33
[14:36:01.463] Bot33 rotated right to face NORTH
[14:36:01.463] Bot33 executed ROTATE_RIGHT
[14:36:01.463] Starting turn for Bot14
[14:36:01.463] Bot14 rotated left to face WEST
[14:36:01.463] Bot14 executed ROTATE_LEFT
[14:36:01.463] Bot14 rotated left to face SOUTH
[14:36:01.463] Bot14 executed ROTATE_LEFT
[14:36:01.463] Bot14 moved forward to (3,4)
[14:36:01.463] Bot14 executed MOVE_FORWARD
[14:36:01.463] Starting turn for Bot33
[14:36:01.463] Starting turn for Bot14
[14:36:01.463] Starting turn for Bot33
[14:36:01.463] Stalemate detected: State repeated 10 times, unchanged for 1 turns
[14:36:01.463] Game Over! Stalemate detected!
[14:36:01.463] Stalemate detected: State repeated 10 times, unchanged for 1 turns
