[14:35:54.112] === Game Started at 2025-02-04_14-35-54 ===
[14:35:54.112] Game initialized with 2 players
[14:35:54.112] Board size: 10
[14:35:54.112] Obstacle density: 0.05
[14:35:54.112] Max turns: 1000
[14:35:54.112] Player Bot8 starting at position (0,0) facing NORTH
[14:35:54.112] Player Bot39 starting at position (9,9) facing EAST
[14:35:54.112] Obstacles at positions: (1,8) (7,1) (7,6) (8,6) (8,8)
[14:35:54.112] Starting turn for Bot8
[14:35:54.112] Bot8 rotated right to face EAST
[14:35:54.112] Bot8 executed ROTATE_RIGHT
[14:35:54.112] Bot8 moved forward to (0,1)
[14:35:54.112] Bot8 executed MOVE_FORWARD
[14:35:54.112] Starting turn for Bot39
[14:35:54.112] Bot39 rotated left to face NORTH
[14:35:54.112] Bot39 executed ROTATE_LEFT
[14:35:54.112] Bot39 rotated left to face WEST
[14:35:54.112] Bot39 executed ROTATE_LEFT
[14:35:54.112] Bot39 moved forward to (9,8)
[14:35:54.112] Bot39 executed MOVE_FORWARD
[14:35:54.112] Starting turn for Bot8
[14:35:54.112] Bot8 rotated right to face SOUTH
[14:35:54.112] Bot8 executed ROTATE_RIGHT
[14:35:54.112] Bot8 moved forward to (1,1)
[14:35:54.112] Bot8 executed MOVE_FORWARD
[14:35:54.112] Starting turn for Bot39
[14:35:54.112] Bot39 rotated right to face NORTH
[14:35:54.112] Bot39 executed ROTATE_RIGHT
[14:35:54.112] Starting turn for Bot8
[14:35:54.112] Bot8 rotated left to face EAST
[14:35:54.112] Bot8 executed ROTATE_LEFT
[14:35:54.112] Bot8 moved forward to (1,2)
[14:35:54.112] Bot8 executed MOVE_FORWARD
[14:35:54.112] Starting turn for Bot39
[14:35:54.112] Starting turn for Bot8
[14:35:54.112] Bot8 rotated right to face SOUTH
[14:35:54.112] Bot8 executed ROTATE_RIGHT
[14:35:54.112] Bot8 moved forward to (2,2)
[14:35:54.112] Bot8 executed MOVE_FORWARD
[14:35:54.112] Starting turn for Bot39
[14:35:54.112] Bot39 rotated right to face EAST
[14:35:54.112] Bot39 executed ROTATE_RIGHT
[14:35:54.112] Bot39 moved forward to (9,9)
[14:35:54.112] Bot39 executed MOVE_FORWARD
[14:35:54.112] Starting turn for Bot8
[14:35:54.112] Bot8 rotated left to face EAST
[14:35:54.112] Bot8 executed ROTATE_LEFT
[14:35:54.112] Bot8 moved forward to (2,3)
[14:35:54.112] Bot8 executed MOVE_FORWARD
[14:35:54.112] Starting turn for Bot39
[14:35:54.112] Bot39 rotated left to face NORTH
[14:35:54.112] Bot39 executed ROTATE_LEFT
[14:35:54.112] Bot39 rotated left to face WEST
[14:35:54.112] Bot39 executed ROTATE_LEFT
[14:35:54.112] Bot39 moved forward to (9,8)
[14:35:54.112] Bot39 executed MOVE_FORWARD
[14:35:54.112] Starting turn for Bot8
[14:35:54.112] Bot8 rotated right to face SOUTH
[14:35:54.112] Bot8 executed ROTATE_RIGHT
[14:35:54.112] Bot8 moved forward to (3,3)
[14:35:54.112] Bot8 executed MOVE_FORWARD
[14:35:54.112] Starting turn for Bot39
[14:35:54.112] Bot39 rotated right to face NORTH
[14:35:54.112] Bot39 executed ROTATE_RIGHT
[14:35:54.112] Starting turn for Bot8
[14:35:54.112] Bot8 rotated left to face EAST
[14:35:54.112] Bot8 executed ROTATE_LEFT
[14:35:54.112] Bot8 moved forward to (3,4)
[14:35:54.112] Bot8 executed MOVE_FORWARD
[14:35:54.112] Starting turn for Bot39
[14:35:54.112] Starting turn for Bot8
[14:35:54.112] Bot8 rotated right to face SOUTH
[14:35:54.112] Bot8 executed ROTATE_RIGHT
[14:35:54.112] Bot8 moved forward to (4,4)
[14:35:54.112] Bot8 executed MOVE_FORWARD
[14:35:54.112] Starting turn for Bot39
[14:35:54.112] Bot39 rotated right to face EAST
[14:35:54.112] Bot39 executed ROTATE_RIGHT
[14:35:54.112] Bot39 moved forward to (9,9)
[14:35:54.112] Bot39 executed MOVE_FORWARD
[14:35:54.112] Starting turn for Bot8
[14:35:54.112] Bot8 rotated left to face EAST
[14:35:54.112] Bot8 executed ROTATE_LEFT
[14:35:54.112] Bot8 moved forward to (4,5)
[14:35:54.112] Bot8 executed MOVE_FORWARD
[14:35:54.112] Starting turn for Bot39
[14:35:54.112] Bot39 rotated left to face NORTH
[14:35:54.112] Bot39 executed ROTATE_LEFT
[14:35:54.112] Bot39 rotated left to face WEST
[14:35:54.112] Bot39 executed ROTATE_LEFT
[14:35:54.112] Bot39 moved forward to (9,8)
[14:35:54.112] Bot39 executed MOVE_FORWARD
[14:35:54.112] Starting turn for Bot8
[14:35:54.112] Bot8 rotated right to face SOUTH
[14:35:54.112] Bot8 executed ROTATE_RIGHT
[14:35:54.112] Bot8 moved forward to (5,5)
[14:35:54.112] Bot8 executed MOVE_FORWARD
[14:35:54.112] Starting turn for Bot39
[14:35:54.112] Bot39 rotated right to face NORTH
[14:35:54.112] Bot39 executed ROTATE_RIGHT
[14:35:54.112] Starting turn for Bot8
[14:35:54.112] Starting turn for Bot39
[14:35:54.112] Starting turn for Bot8
[14:35:54.112] Starting turn for Bot39
[14:35:54.113] Bot39 rotated right to face EAST
[14:35:54.113] Bot39 executed ROTATE_RIGHT
[14:35:54.113] Bot39 moved forward to (9,9)
[14:35:54.113] Bot39 executed MOVE_FORWARD
[14:35:54.113] Starting turn for Bot8
[14:35:54.113] Starting turn for Bot39
[14:35:54.113] Bot39 rotated left to face NORTH
[14:35:54.113] Bot39 executed ROTATE_LEFT
[14:35:54.113] Bot39 rotated left to face WEST
[14:35:54.113] Bot39 executed ROTATE_LEFT
[14:35:54.113] Bot39 moved forward to (9,8)
[14:35:54.113] Bot39 executed MOVE_FORWARD
[14:35:54.113] Starting turn for Bot8
[14:35:54.113] Starting turn for Bot39
[14:35:54.113] Bot39 rotated right to face NORTH
[14:35:54.113] Bot39 executed ROTATE_RIGHT
[14:35:54.113] Starting turn for Bot8
[14:35:54.113] Starting turn for Bot39
[14:35:54.113] Starting turn for Bot8
[14:35:54.113] Starting turn for Bot39
[14:35:54.113] Bot39 rotated right to face EAST
[14:35:54.113] Bot39 executed ROTATE_RIGHT
[14:35:54.113] Bot39 moved forward to (9,9)
[14:35:54.113] Bot39 executed MOVE_FORWARD
[14:35:54.113] Starting turn for Bot8
[14:35:54.113] Starting turn for Bot39
[14:35:54.113] Bot39 rotated left to face NORTH
[14:35:54.113] Bot39 executed ROTATE_LEFT
[14:35:54.113] Bot39 rotated left to face WEST
[14:35:54.113] Bot39 executed ROTATE_LEFT
[14:35:54.113] Bot39 moved forward to (9,8)
[14:35:54.113] Bot39 executed MOVE_FORWARD
[14:35:54.113] Starting turn for Bot8
[14:35:54.113] Starting turn for Bot39
[14:35:54.113] Bot39 rotated right to face NORTH
[14:35:54.113] Bot39 executed ROTATE_RIGHT
[14:35:54.113] Starting turn for Bot8
[14:35:54.113] Starting turn for Bot39
[14:35:54.113] Starting turn for Bot8
[14:35:54.113] Starting turn for Bot39
[14:35:54.113] Stalemate detected: State repeated 10 times, unchanged for 2 turns
[14:35:54.113] Game Over! Stalemate detected!
[14:35:54.113] Stalemate detected: State repeated 10 times, unchanged for 2 turns
