[14:35:44.716] === Game Started at 2025-02-04_14-35-44 ===
[14:35:44.716] Game initialized with 2 players
[14:35:44.716] Board size: 10
[14:35:44.716] Obstacle density: 0.05
[14:35:44.716] Max turns: 1000
[14:35:44.716] Player Bot35 starting at position (0,0) facing SOUTH
[14:35:44.716] Player Bot3 starting at position (9,9) facing WEST
[14:35:44.716] Obstacles at positions: (2,2) (3,4) (5,9) (7,0) (9,1)
[14:35:44.716] Starting turn for Bot35
[14:35:44.716] Bot35 rotated left to face EAST
[14:35:44.716] Bot35 executed ROTATE_LEFT
[14:35:44.716] Bot35 moved forward to (0,1)
[14:35:44.716] Bot35 executed MOVE_FORWARD
[14:35:44.716] Starting turn for Bot3
[14:35:44.716] Bot3 moved forward to (9,8)
[14:35:44.716] Bot3 executed MOVE_FORWARD
[14:35:44.716] Starting turn for Bot35
[14:35:44.716] Bot35 rotated right to face SOUTH
[14:35:44.716] Bot35 executed ROTATE_RIGHT
[14:35:44.716] Bot35 moved forward to (1,1)
[14:35:44.716] Bot35 executed MOVE_FORWARD
[14:35:44.716] Starting turn for Bot3
[14:35:44.716] Bot3 rotated right to face NORTH
[14:35:44.716] Bot3 executed ROTATE_RIGHT
[14:35:44.716] Bot3 moved forward to (8,8)
[14:35:44.716] Bot3 executed MOVE_FORWARD
[14:35:44.716] Starting turn for Bot35
[14:35:44.716] Bot35 rotated left to face EAST
[14:35:44.716] Bot35 executed ROTATE_LEFT
[14:35:44.716] Bot35 moved forward to (1,2)
[14:35:44.716] Bot35 executed MOVE_FORWARD
[14:35:44.716] Starting turn for Bot3
[14:35:44.716] Bot3 rotated left to face WEST
[14:35:44.716] Bot3 executed ROTATE_LEFT
[14:35:44.716] Bot3 moved forward to (8,7)
[14:35:44.716] Bot3 executed MOVE_FORWARD
[14:35:44.716] Starting turn for Bot35
[14:35:44.716] Bot35 rotated right to face SOUTH
[14:35:44.716] Bot35 executed ROTATE_RIGHT
[14:35:44.716] Starting turn for Bot3
[14:35:44.716] Bot3 rotated right to face NORTH
[14:35:44.716] Bot3 executed ROTATE_RIGHT
[14:35:44.716] Bot3 moved forward to (7,7)
[14:35:44.716] Bot3 executed MOVE_FORWARD
[14:35:44.716] Starting turn for Bot35
[14:35:44.716] Starting turn for Bot3
[14:35:44.716] Bot3 rotated left to face WEST
[14:35:44.716] Bot3 executed ROTATE_LEFT
[14:35:44.716] Bot3 moved forward to (7,6)
[14:35:44.716] Bot3 executed MOVE_FORWARD
[14:35:44.716] Starting turn for Bot35
[14:35:44.716] Bot35 rotated left to face EAST
[14:35:44.716] Bot35 executed ROTATE_LEFT
[14:35:44.716] Bot35 rotated left to face NORTH
[14:35:44.716] Bot35 executed ROTATE_LEFT
[14:35:44.716] Bot35 moved forward to (0,2)
[14:35:44.716] Bot35 executed MOVE_FORWARD
[14:35:44.716] Starting turn for Bot3
[14:35:44.716] Bot3 rotated right to face NORTH
[14:35:44.716] Bot3 executed ROTATE_RIGHT
[14:35:44.716] Bot3 moved forward to (6,6)
[14:35:44.716] Bot3 executed MOVE_FORWARD
[14:35:44.716] Starting turn for Bot35
[14:35:44.716] Bot35 rotated left to face WEST
[14:35:44.716] Bot35 executed ROTATE_LEFT
[14:35:44.716] Bot35 rotated left to face SOUTH
[14:35:44.716] Bot35 executed ROTATE_LEFT
[14:35:44.716] Bot35 moved forward to (1,2)
[14:35:44.716] Bot35 executed MOVE_FORWARD
[14:35:44.716] Starting turn for Bot3
[14:35:44.716] Bot3 rotated left to face WEST
[14:35:44.716] Bot3 executed ROTATE_LEFT
[14:35:44.716] Bot3 moved forward to (6,5)
[14:35:44.716] Bot3 executed MOVE_FORWARD
[14:35:44.716] Starting turn for Bot35
[14:35:44.716] Starting turn for Bot3
[14:35:44.716] Bot3 rotated right to face NORTH
[14:35:44.716] Bot3 executed ROTATE_RIGHT
[14:35:44.716] Bot3 moved forward to (5,5)
[14:35:44.716] Bot3 executed MOVE_FORWARD
[14:35:44.716] Starting turn for Bot35
[14:35:44.716] Starting turn for Bot3
[14:35:44.716] Starting turn for Bot35
[14:35:44.716] Bot35 rotated left to face EAST
[14:35:44.716] Bot35 executed ROTATE_LEFT
[14:35:44.716] Bot35 rotated left to face NORTH
[14:35:44.716] Bot35 executed ROTATE_LEFT
[14:35:44.716] Bot35 moved forward to (0,2)
[14:35:44.716] Bot35 executed MOVE_FORWARD
[14:35:44.716] Starting turn for Bot3
[14:35:44.716] Starting turn for Bot35
[14:35:44.716] Bot35 rotated left to face WEST
[14:35:44.716] Bot35 executed ROTATE_LEFT
[14:35:44.716] Bot35 rotated left to face SOUTH
[14:35:44.716] Bot35 executed ROTATE_LEFT
[14:35:44.716] Bot35 moved forward to (1,2)
[14:35:44.716] Bot35 executed MOVE_FORWARD
[14:35:44.716] Starting turn for Bot3
[14:35:44.716] Starting turn for Bot35
[14:35:44.716] Starting turn for Bot3
[14:35:44.716] Starting turn for Bot35
[14:35:44.716] Starting turn for Bot3
[14:35:44.716] Starting turn for Bot35
[14:35:44.716] Bot35 rotated left to face EAST
[14:35:44.716] Bot35 executed ROTATE_LEFT
[14:35:44.716] Bot35 rotated left to face NORTH
[14:35:44.716] Bot35 executed ROTATE_LEFT
[14:35:44.716] Bot35 moved forward to (0,2)
[14:35:44.716] Bot35 executed MOVE_FORWARD
[14:35:44.716] Starting turn for Bot3
[14:35:44.716] Starting turn for Bot35
[14:35:44.716] Bot35 rotated left to face WEST
[14:35:44.716] Bot35 executed ROTATE_LEFT
[14:35:44.716] Bot35 rotated left to face SOUTH
[14:35:44.716] Bot35 executed ROTATE_LEFT
[14:35:44.716] Bot35 moved forward to (1,2)
[14:35:44.716] Bot35 executed MOVE_FORWARD
[14:35:44.716] Starting turn for Bot3
[14:35:44.716] Starting turn for Bot35
[14:35:44.716] Starting turn for Bot3
[14:35:44.716] Starting turn for Bot35
[14:35:44.716] Starting turn for Bot3
[14:35:44.716] Starting turn for Bot35
[14:35:44.716] Bot35 rotated left to face EAST
[14:35:44.716] Bot35 executed ROTATE_LEFT
[14:35:44.716] Bot35 rotated left to face NORTH
[14:35:44.716] Bot35 executed ROTATE_LEFT
[14:35:44.716] Bot35 moved forward to (0,2)
[14:35:44.716] Bot35 executed MOVE_FORWARD
[14:35:44.716] Starting turn for Bot3
[14:35:44.716] Starting turn for Bot35
[14:35:44.716] Bot35 rotated left to face WEST
[14:35:44.716] Bot35 executed ROTATE_LEFT
[14:35:44.716] Bot35 rotated left to face SOUTH
[14:35:44.716] Bot35 executed ROTATE_LEFT
[14:35:44.716] Bot35 moved forward to (1,2)
[14:35:44.716] Bot35 executed MOVE_FORWARD
[14:35:44.716] Starting turn for Bot3
[14:35:44.716] Starting turn for Bot35
[14:35:44.716] Starting turn for Bot3
[14:35:44.716] Stalemate detected: State repeated 10 times, unchanged for 1 turns
[14:35:44.716] Game Over! Stalemate detected!
[14:35:44.716] Stalemate detected: State repeated 10 times, unchanged for 1 turns
