[14:35:46.502] === Game Started at 2025-02-04_14-35-46 ===
[14:35:46.502] Game initialized with 2 players
[14:35:46.502] Board size: 10
[14:35:46.502] Obstacle density: 0.05
[14:35:46.502] Max turns: 1000
[14:35:46.502] Player Bot29 starting at position (0,0) facing EAST
[14:35:46.502] Player Bot4 starting at position (9,9) facing SOUTH
[14:35:46.502] Obstacles at positions: (2,3) (4,6) (5,4) (5,5) (6,5)
[14:35:46.502] Starting turn for Bot29
[14:35:46.502] Bot29 moved forward to (0,1)
[14:35:46.502] Bot29 executed MOVE_FORWARD
[14:35:46.502] Starting turn for Bot4
[14:35:46.502] Bot4 rotated right to face WEST
[14:35:46.502] Bot4 executed ROTATE_RIGHT
[14:35:46.502] Bot4 moved forward to (9,8)
[14:35:46.502] Bot4 executed MOVE_FORWARD
[14:35:46.502] Starting turn for Bot29
[14:35:46.502] Bot29 rotated right to face SOUTH
[14:35:46.502] Bot29 executed ROTATE_RIGHT
[14:35:46.502] Bot29 moved forward to (1,1)
[14:35:46.502] Bot29 executed MOVE_FORWARD
[14:35:46.502] Starting turn for Bot4
[14:35:46.502] Bot4 rotated right to face NORTH
[14:35:46.502] Bot4 executed ROTATE_RIGHT
[14:35:46.502] Bot4 moved forward to (8,8)
[14:35:46.502] Bot4 executed MOVE_FORWARD
[14:35:46.502] Starting turn for Bot29
[14:35:46.502] Bot29 rotated left to face EAST
[14:35:46.502] Bot29 executed ROTATE_LEFT
[14:35:46.502] Bot29 moved forward to (1,2)
[14:35:46.502] Bot29 executed MOVE_FORWARD
[14:35:46.502] Starting turn for Bot4
[14:35:46.502] Bot4 rotated left to face WEST
[14:35:46.502] Bot4 executed ROTATE_LEFT
[14:35:46.502] Bot4 moved forward to (8,7)
[14:35:46.502] Bot4 executed MOVE_FORWARD
[14:35:46.502] Starting turn for Bot29
[14:35:46.502] Bot29 rotated right to face SOUTH
[14:35:46.502] Bot29 executed ROTATE_RIGHT
[14:35:46.502] Bot29 moved forward to (2,2)
[14:35:46.502] Bot29 executed MOVE_FORWARD
[14:35:46.502] Starting turn for Bot4
[14:35:46.502] Bot4 rotated right to face NORTH
[14:35:46.502] Bot4 executed ROTATE_RIGHT
[14:35:46.502] Bot4 moved forward to (7,7)
[14:35:46.502] Bot4 executed MOVE_FORWARD
[14:35:46.502] Starting turn for Bot29
[14:35:46.502] Bot29 rotated left to face EAST
[14:35:46.502] Bot29 executed ROTATE_LEFT
[14:35:46.502] Starting turn for Bot4
[14:35:46.502] Bot4 rotated left to face WEST
[14:35:46.502] Bot4 executed ROTATE_LEFT
[14:35:46.502] Bot4 moved forward to (7,6)
[14:35:46.502] Bot4 executed MOVE_FORWARD
[14:35:46.502] Starting turn for Bot29
[14:35:46.502] Starting turn for Bot4
[14:35:46.502] Bot4 rotated right to face NORTH
[14:35:46.502] Bot4 executed ROTATE_RIGHT
[14:35:46.502] Bot4 moved forward to (6,6)
[14:35:46.502] Bot4 executed MOVE_FORWARD
[14:35:46.502] Starting turn for Bot29
[14:35:46.502] Bot29 rotated left to face NORTH
[14:35:46.502] Bot29 executed ROTATE_LEFT
[14:35:46.502] Bot29 moved forward to (1,2)
[14:35:46.502] Bot29 executed MOVE_FORWARD
[14:35:46.502] Starting turn for Bot4
[14:35:46.502] Bot4 rotated left to face WEST
[14:35:46.502] Bot4 executed ROTATE_LEFT
[14:35:46.502] Starting turn for Bot29
[14:35:46.502] Bot29 rotated left to face WEST
[14:35:46.502] Bot29 executed ROTATE_LEFT
[14:35:46.502] Bot29 rotated left to face SOUTH
[14:35:46.502] Bot29 executed ROTATE_LEFT
[14:35:46.502] Bot29 moved forward to (2,2)
[14:35:46.502] Bot29 executed MOVE_FORWARD
[14:35:46.502] Starting turn for Bot4
[14:35:46.502] Starting turn for Bot29
[14:35:46.502] Bot29 rotated left to face EAST
[14:35:46.502] Bot29 executed ROTATE_LEFT
[14:35:46.502] Starting turn for Bot4
[14:35:46.502] Bot4 rotated right to face NORTH
[14:35:46.502] Bot4 executed ROTATE_RIGHT
[14:35:46.502] Bot4 moved forward to (5,6)
[14:35:46.502] Bot4 executed MOVE_FORWARD
[14:35:46.502] Starting turn for Bot29
[14:35:46.502] Starting turn for Bot4
[14:35:46.502] Bot4 rotated right to face EAST
[14:35:46.502] Bot4 executed ROTATE_RIGHT
[14:35:46.502] Bot4 moved forward to (5,7)
[14:35:46.502] Bot4 executed MOVE_FORWARD
[14:35:46.502] Starting turn for Bot29
[14:35:46.502] Bot29 rotated left to face NORTH
[14:35:46.502] Bot29 executed ROTATE_LEFT
[14:35:46.502] Bot29 moved forward to (1,2)
[14:35:46.502] Bot29 executed MOVE_FORWARD
[14:35:46.502] Starting turn for Bot4
[14:35:46.502] Bot4 rotated left to face NORTH
[14:35:46.502] Bot4 executed ROTATE_LEFT
[14:35:46.502] Bot4 rotated left to face WEST
[14:35:46.502] Bot4 executed ROTATE_LEFT
[14:35:46.502] Bot4 moved forward to (5,6)
[14:35:46.502] Bot4 executed MOVE_FORWARD
[14:35:46.502] Starting turn for Bot29
[14:35:46.502] Bot29 rotated left to face WEST
[14:35:46.502] Bot29 executed ROTATE_LEFT
[14:35:46.502] Bot29 rotated left to face SOUTH
[14:35:46.502] Bot29 executed ROTATE_LEFT
[14:35:46.502] Bot29 moved forward to (2,2)
[14:35:46.502] Bot29 executed MOVE_FORWARD
[14:35:46.502] Starting turn for Bot4
[14:35:46.503] Starting turn for Bot29
[14:35:46.503] Bot29 rotated left to face EAST
[14:35:46.503] Bot29 executed ROTATE_LEFT
[14:35:46.503] Starting turn for Bot4
[14:35:46.503] Starting turn for Bot29
[14:35:46.503] Starting turn for Bot4
[14:35:46.503] Bot4 rotated left to face SOUTH
[14:35:46.503] Bot4 executed ROTATE_LEFT
[14:35:46.503] Bot4 rotated left to face EAST
[14:35:46.503] Bot4 executed ROTATE_LEFT
[14:35:46.503] Bot4 moved forward to (5,7)
[14:35:46.503] Bot4 executed MOVE_FORWARD
[14:35:46.503] Starting turn for Bot29
[14:35:46.503] Bot29 rotated left to face NORTH
[14:35:46.503] Bot29 executed ROTATE_LEFT
[14:35:46.503] Bot29 moved forward to (1,2)
[14:35:46.503] Bot29 executed MOVE_FORWARD
[14:35:46.503] Starting turn for Bot4
[14:35:46.503] Bot4 rotated left to face NORTH
[14:35:46.503] Bot4 executed ROTATE_LEFT
[14:35:46.503] Bot4 rotated left to face WEST
[14:35:46.503] Bot4 executed ROTATE_LEFT
[14:35:46.503] Bot4 moved forward to (5,6)
[14:35:46.503] Bot4 executed MOVE_FORWARD
[14:35:46.503] Starting turn for Bot29
[14:35:46.503] Bot29 rotated left to face WEST
[14:35:46.503] Bot29 executed ROTATE_LEFT
[14:35:46.503] Bot29 rotated left to face SOUTH
[14:35:46.503] Bot29 executed ROTATE_LEFT
[14:35:46.503] Bot29 moved forward to (2,2)
[14:35:46.503] Bot29 executed MOVE_FORWARD
[14:35:46.503] Starting turn for Bot4
[14:35:46.503] Starting turn for Bot29
[14:35:46.503] Bot29 rotated left to face EAST
[14:35:46.503] Bot29 executed ROTATE_LEFT
[14:35:46.503] Starting turn for Bot4
[14:35:46.503] Starting turn for Bot29
[14:35:46.503] Starting turn for Bot4
[14:35:46.503] Bot4 rotated left to face SOUTH
[14:35:46.503] Bot4 executed ROTATE_LEFT
[14:35:46.503] Bot4 rotated left to face EAST
[14:35:46.503] Bot4 executed ROTATE_LEFT
[14:35:46.503] Bot4 moved forward to (5,7)
[14:35:46.503] Bot4 executed MOVE_FORWARD
[14:35:46.503] Starting turn for Bot29
[14:35:46.503] Bot29 rotated left to face NORTH
[14:35:46.503] Bot29 executed ROTATE_LEFT
[14:35:46.503] Bot29 moved forward to (1,2)
[14:35:46.503] Bot29 executed MOVE_FORWARD
[14:35:46.503] Starting turn for Bot4
[14:35:46.503] Bot4 rotated left to face NORTH
[14:35:46.503] Bot4 executed ROTATE_LEFT
[14:35:46.503] Bot4 rotated left to face WEST
[14:35:46.503] Bot4 executed ROTATE_LEFT
[14:35:46.503] Bot4 moved forward to (5,6)
[14:35:46.503] Bot4 executed MOVE_FORWARD
[14:35:46.503] Starting turn for Bot29
[14:35:46.503] Bot29 rotated left to face WEST
[14:35:46.503] Bot29 executed ROTATE_LEFT
[14:35:46.503] Bot29 rotated left to face SOUTH
[14:35:46.503] Bot29 executed ROTATE_LEFT
[14:35:46.503] Bot29 moved forward to (2,2)
[14:35:46.503] Bot29 executed MOVE_FORWARD
[14:35:46.503] Starting turn for Bot4
[14:35:46.503] Starting turn for Bot29
[14:35:46.503] Bot29 rotated left to face EAST
[14:35:46.503] Bot29 executed ROTATE_LEFT
[14:35:46.503] Starting turn for Bot4
[14:35:46.503] Starting turn for Bot29
[14:35:46.503] Starting turn for Bot4
[14:35:46.503] Bot4 rotated left to face SOUTH
[14:35:46.503] Bot4 executed ROTATE_LEFT
[14:35:46.503] Bot4 rotated left to face EAST
[14:35:46.503] Bot4 executed ROTATE_LEFT
[14:35:46.503] Bot4 moved forward to (5,7)
[14:35:46.503] Bot4 executed MOVE_FORWARD
[14:35:46.503] Starting turn for Bot29
[14:35:46.503] Bot29 rotated left to face NORTH
[14:35:46.503] Bot29 executed ROTATE_LEFT
[14:35:46.503] Bot29 moved forward to (1,2)
[14:35:46.503] Bot29 executed MOVE_FORWARD
[14:35:46.503] Starting turn for Bot4
[14:35:46.503] Bot4 rotated left to face NORTH
[14:35:46.503] Bot4 executed ROTATE_LEFT
[14:35:46.503] Bot4 rotated left to face WEST
[14:35:46.503] Bot4 executed ROTATE_LEFT
[14:35:46.503] Bot4 moved forward to (5,6)
[14:35:46.503] Bot4 executed MOVE_FORWARD
[14:35:46.503] Starting turn for Bot29
[14:35:46.503] Bot29 rotated left to face WEST
[14:35:46.503] Bot29 executed ROTATE_LEFT
[14:35:46.503] Bot29 rotated left to face SOUTH
[14:35:46.503] Bot29 executed ROTATE_LEFT
[14:35:46.503] Bot29 moved forward to (2,2)
[14:35:46.503] Bot29 executed MOVE_FORWARD
[14:35:46.503] Starting turn for Bot4
[14:35:46.503] Starting turn for Bot29
[14:35:46.503] Bot29 rotated left to face EAST
[14:35:46.503] Bot29 executed ROTATE_LEFT
[14:35:46.503] Starting turn for Bot4
[14:35:46.503] Stalemate detected: State repeated 10 times, unchanged for 3 turns
[14:35:46.503] Game Over! Stalemate detected!
[14:35:46.503] Stalemate detected: State repeated 10 times, unchanged for 3 turns
