[14:36:10.017] === Game Started at 2025-02-04_14-36-10 ===
[14:36:10.017] Game initialized with 2 players
[14:36:10.017] Board size: 10
[14:36:10.017] Obstacle density: 0.05
[14:36:10.017] Max turns: 1000
[14:36:10.017] Player Bot23 starting at position (0,0) facing SOUTH
[14:36:10.017] Player Bot36 starting at position (9,9) facing SOUTH
[14:36:10.017] Obstacles at positions: (0,7) (2,7) (4,3) (5,5) (9,2)
[14:36:10.017] Starting turn for Bot23
[14:36:10.017] Bot23 rotated left to face EAST
[14:36:10.017] Bot23 executed ROTATE_LEFT
[14:36:10.017] Bot23 moved forward to (0,1)
[14:36:10.017] Bot23 executed MOVE_FORWARD
[14:36:10.017] Starting turn for Bot36
[14:36:10.017] Bot36 rotated right to face WEST
[14:36:10.017] Bot36 executed ROTATE_RIGHT
[14:36:10.017] Bot36 moved forward to (9,8)
[14:36:10.017] Bot36 executed MOVE_FORWARD
[14:36:10.017] Starting turn for Bot23
[14:36:10.017] Bot23 rotated right to face SOUTH
[14:36:10.017] Bot23 executed ROTATE_RIGHT
[14:36:10.017] Bot23 moved forward to (1,1)
[14:36:10.017] Bot23 executed MOVE_FORWARD
[14:36:10.017] Starting turn for Bot36
[14:36:10.017] Bot36 rotated right to face NORTH
[14:36:10.017] Bot36 executed ROTATE_RIGHT
[14:36:10.017] Bot36 moved forward to (8,8)
[14:36:10.017] Bot36 executed MOVE_FORWARD
[14:36:10.017] Starting turn for Bot23
[14:36:10.017] Bot23 rotated left to face EAST
[14:36:10.017] Bot23 executed ROTATE_LEFT
[14:36:10.017] Bot23 moved forward to (1,2)
[14:36:10.017] Bot23 executed MOVE_FORWARD
[14:36:10.017] Starting turn for Bot36
[14:36:10.017] Bot36 rotated left to face WEST
[14:36:10.017] Bot36 executed ROTATE_LEFT
[14:36:10.017] Bot36 moved forward to (8,7)
[14:36:10.017] Bot36 executed MOVE_FORWARD
[14:36:10.017] Starting turn for Bot23
[14:36:10.017] Bot23 rotated right to face SOUTH
[14:36:10.017] Bot23 executed ROTATE_RIGHT
[14:36:10.017] Bot23 moved forward to (2,2)
[14:36:10.017] Bot23 executed MOVE_FORWARD
[14:36:10.017] Starting turn for Bot36
[14:36:10.017] Bot36 rotated right to face NORTH
[14:36:10.017] Bot36 executed ROTATE_RIGHT
[14:36:10.017] Bot36 moved forward to (7,7)
[14:36:10.017] Bot36 executed MOVE_FORWARD
[14:36:10.017] Starting turn for Bot23
[14:36:10.017] Bot23 rotated left to face EAST
[14:36:10.017] Bot23 executed ROTATE_LEFT
[14:36:10.017] Bot23 moved forward to (2,3)
[14:36:10.017] Bot23 executed MOVE_FORWARD
[14:36:10.017] Starting turn for Bot36
[14:36:10.017] Bot36 rotated left to face WEST
[14:36:10.017] Bot36 executed ROTATE_LEFT
[14:36:10.017] Bot36 moved forward to (7,6)
[14:36:10.017] Bot36 executed MOVE_FORWARD
[14:36:10.017] Starting turn for Bot23
[14:36:10.017] Bot23 rotated right to face SOUTH
[14:36:10.017] Bot23 executed ROTATE_RIGHT
[14:36:10.017] Bot23 moved forward to (3,3)
[14:36:10.017] Bot23 executed MOVE_FORWARD
[14:36:10.017] Starting turn for Bot36
[14:36:10.017] Bot36 rotated right to face NORTH
[14:36:10.017] Bot36 executed ROTATE_RIGHT
[14:36:10.017] Bot36 moved forward to (6,6)
[14:36:10.017] Bot36 executed MOVE_FORWARD
[14:36:10.017] Starting turn for Bot23
[14:36:10.017] Bot23 rotated left to face EAST
[14:36:10.017] Bot23 executed ROTATE_LEFT
[14:36:10.017] Bot23 moved forward to (3,4)
[14:36:10.017] Bot23 executed MOVE_FORWARD
[14:36:10.017] Starting turn for Bot36
[14:36:10.017] Bot36 rotated left to face WEST
[14:36:10.017] Bot36 executed ROTATE_LEFT
[14:36:10.017] Bot36 moved forward to (6,5)
[14:36:10.017] Bot36 executed MOVE_FORWARD
[14:36:10.017] Starting turn for Bot23
[14:36:10.017] Bot23 rotated right to face SOUTH
[14:36:10.017] Bot23 executed ROTATE_RIGHT
[14:36:10.017] Bot23 moved forward to (4,4)
[14:36:10.017] Bot23 executed MOVE_FORWARD
[14:36:10.017] Starting turn for Bot36
[14:36:10.017] Bot36 rotated right to face NORTH
[14:36:10.017] Bot36 executed ROTATE_RIGHT
[14:36:10.017] Starting turn for Bot23
[14:36:10.017] Bot23 rotated left to face EAST
[14:36:10.017] Bot23 executed ROTATE_LEFT
[14:36:10.017] Bot23 moved forward to (4,5)
[14:36:10.017] Bot23 executed MOVE_FORWARD
[14:36:10.017] Starting turn for Bot36
[14:36:10.017] Starting turn for Bot23
[14:36:10.017] Bot23 rotated right to face SOUTH
[14:36:10.017] Bot23 executed ROTATE_RIGHT
[14:36:10.017] Starting turn for Bot36
[14:36:10.017] Bot36 rotated right to face EAST
[14:36:10.017] Bot36 executed ROTATE_RIGHT
[14:36:10.017] Bot36 moved forward to (6,6)
[14:36:10.017] Bot36 executed MOVE_FORWARD
[14:36:10.017] Starting turn for Bot23
[14:36:10.017] Starting turn for Bot36
[14:36:10.017] Bot36 rotated left to face NORTH
[14:36:10.017] Bot36 executed ROTATE_LEFT
[14:36:10.017] Bot36 rotated left to face WEST
[14:36:10.017] Bot36 executed ROTATE_LEFT
[14:36:10.017] Bot36 moved forward to (6,5)
[14:36:10.017] Bot36 executed MOVE_FORWARD
[14:36:10.017] Starting turn for Bot23
[14:36:10.017] Bot23 rotated left to face EAST
[14:36:10.017] Bot23 executed ROTATE_LEFT
[14:36:10.017] Bot23 rotated left to face NORTH
[14:36:10.017] Bot23 executed ROTATE_LEFT
[14:36:10.017] Bot23 moved forward to (3,5)
[14:36:10.017] Bot23 executed MOVE_FORWARD
[14:36:10.017] Starting turn for Bot36
[14:36:10.017] Bot36 rotated right to face NORTH
[14:36:10.017] Bot36 executed ROTATE_RIGHT
[14:36:10.017] Starting turn for Bot23
[14:36:10.017] Bot23 rotated left to face WEST
[14:36:10.017] Bot23 executed ROTATE_LEFT
[14:36:10.017] Bot23 rotated left to face SOUTH
[14:36:10.017] Bot23 executed ROTATE_LEFT
[14:36:10.017] Bot23 moved forward to (4,5)
[14:36:10.017] Bot23 executed MOVE_FORWARD
[14:36:10.017] Starting turn for Bot36
[14:36:10.018] Starting turn for Bot23
[14:36:10.018] Starting turn for Bot36
[14:36:10.018] Bot36 rotated right to face EAST
[14:36:10.018] Bot36 executed ROTATE_RIGHT
[14:36:10.018] Bot36 moved forward to (6,6)
[14:36:10.018] Bot36 executed MOVE_FORWARD
[14:36:10.018] Starting turn for Bot23
[14:36:10.018] Starting turn for Bot36
[14:36:10.018] Bot36 rotated left to face NORTH
[14:36:10.018] Bot36 executed ROTATE_LEFT
[14:36:10.018] Bot36 rotated left to face WEST
[14:36:10.018] Bot36 executed ROTATE_LEFT
[14:36:10.018] Bot36 moved forward to (6,5)
[14:36:10.018] Bot36 executed MOVE_FORWARD
[14:36:10.018] Starting turn for Bot23
[14:36:10.018] Bot23 rotated left to face EAST
[14:36:10.018] Bot23 executed ROTATE_LEFT
[14:36:10.018] Bot23 rotated left to face NORTH
[14:36:10.018] Bot23 executed ROTATE_LEFT
[14:36:10.018] Bot23 moved forward to (3,5)
[14:36:10.018] Bot23 executed MOVE_FORWARD
[14:36:10.018] Starting turn for Bot36
[14:36:10.018] Bot36 rotated right to face NORTH
[14:36:10.018] Bot36 executed ROTATE_RIGHT
[14:36:10.018] Starting turn for Bot23
[14:36:10.018] Bot23 rotated left to face WEST
[14:36:10.018] Bot23 executed ROTATE_LEFT
[14:36:10.018] Bot23 rotated left to face SOUTH
[14:36:10.018] Bot23 executed ROTATE_LEFT
[14:36:10.018] Bot23 moved forward to (4,5)
[14:36:10.018] Bot23 executed MOVE_FORWARD
[14:36:10.018] Starting turn for Bot36
[14:36:10.018] Starting turn for Bot23
[14:36:10.018] Starting turn for Bot36
[14:36:10.018] Bot36 rotated right to face EAST
[14:36:10.018] Bot36 executed ROTATE_RIGHT
[14:36:10.018] Bot36 moved forward to (6,6)
[14:36:10.018] Bot36 executed MOVE_FORWARD
[14:36:10.018] Starting turn for Bot23
[14:36:10.018] Starting turn for Bot36
[14:36:10.018] Bot36 rotated left to face NORTH
[14:36:10.018] Bot36 executed ROTATE_LEFT
[14:36:10.018] Bot36 rotated left to face WEST
[14:36:10.018] Bot36 executed ROTATE_LEFT
[14:36:10.018] Bot36 moved forward to (6,5)
[14:36:10.018] Bot36 executed MOVE_FORWARD
[14:36:10.018] Starting turn for Bot23
[14:36:10.018] Bot23 rotated left to face EAST
[14:36:10.018] Bot23 executed ROTATE_LEFT
[14:36:10.018] Bot23 rotated left to face NORTH
[14:36:10.018] Bot23 executed ROTATE_LEFT
[14:36:10.018] Bot23 moved forward to (3,5)
[14:36:10.018] Bot23 executed MOVE_FORWARD
[14:36:10.018] Starting turn for Bot36
[14:36:10.018] Bot36 rotated right to face NORTH
[14:36:10.018] Bot36 executed ROTATE_RIGHT
[14:36:10.018] Starting turn for Bot23
[14:36:10.018] Bot23 rotated left to face WEST
[14:36:10.018] Bot23 executed ROTATE_LEFT
[14:36:10.018] Bot23 rotated left to face SOUTH
[14:36:10.018] Bot23 executed ROTATE_LEFT
[14:36:10.018] Bot23 moved forward to (4,5)
[14:36:10.018] Bot23 executed MOVE_FORWARD
[14:36:10.018] Starting turn for Bot36
[14:36:10.018] Starting turn for Bot23
[14:36:10.018] Starting turn for Bot36
[14:36:10.018] Stalemate detected: State repeated 10 times, unchanged for 1 turns
[14:36:10.018] Game Over! Stalemate detected!
[14:36:10.018] Stalemate detected: State repeated 10 times, unchanged for 1 turns
