[14:36:16.124] === Game Started at 2025-02-04_14-36-16 ===
[14:36:16.124] Game initialized with 2 players
[14:36:16.124] Board size: 10
[14:36:16.124] Obstacle density: 0.05
[14:36:16.124] Max turns: 1000
[14:36:16.124] Player Bot36 starting at position (0,0) facing WEST
[14:36:16.124] Player Bot40 starting at position (9,9) facing NORTH
[14:36:16.124] Obstacles at positions: (1,1) (2,8) (3,9) (5,5) (9,6)
[14:36:16.124] Starting turn for Bot36
[14:36:16.124] Bot36 rotated left to face SOUTH
[14:36:16.124] Bot36 executed ROTATE_LEFT
[14:36:16.124] Bot36 rotated left to face EAST
[14:36:16.124] Bot36 executed ROTATE_LEFT
[14:36:16.124] Bot36 moved forward to (0,1)
[14:36:16.124] Bot36 executed MOVE_FORWARD
[14:36:16.124] Starting turn for Bot40
[14:36:16.124] Bot40 rotated left to face WEST
[14:36:16.124] Bot40 executed ROTATE_LEFT
[14:36:16.124] Bot40 moved forward to (9,8)
[14:36:16.124] Bot40 executed MOVE_FORWARD
[14:36:16.124] Starting turn for Bot36
[14:36:16.124] Bot36 rotated right to face SOUTH
[14:36:16.124] Bot36 executed ROTATE_RIGHT
[14:36:16.124] Starting turn for Bot40
[14:36:16.124] Bot40 rotated right to face NORTH
[14:36:16.124] Bot40 executed ROTATE_RIGHT
[14:36:16.124] Bot40 moved forward to (8,8)
[14:36:16.124] Bot40 executed MOVE_FORWARD
[14:36:16.124] Starting turn for Bot36
[14:36:16.124] Starting turn for Bot40
[14:36:16.124] Bot40 rotated left to face WEST
[14:36:16.124] Bot40 executed ROTATE_LEFT
[14:36:16.124] Bot40 moved forward to (8,7)
[14:36:16.124] Bot40 executed MOVE_FORWARD
[14:36:16.124] Starting turn for Bot36
[14:36:16.124] Bot36 rotated left to face EAST
[14:36:16.124] Bot36 executed ROTATE_LEFT
[14:36:16.124] Bot36 moved forward to (0,2)
[14:36:16.124] Bot36 executed MOVE_FORWARD
[14:36:16.124] Starting turn for Bot40
[14:36:16.124] Bot40 rotated right to face NORTH
[14:36:16.124] Bot40 executed ROTATE_RIGHT
[14:36:16.124] Bot40 moved forward to (7,7)
[14:36:16.124] Bot40 executed MOVE_FORWARD
[14:36:16.124] Starting turn for Bot36
[14:36:16.124] Bot36 rotated right to face SOUTH
[14:36:16.124] Bot36 executed ROTATE_RIGHT
[14:36:16.124] Bot36 moved forward to (1,2)
[14:36:16.124] Bot36 executed MOVE_FORWARD
[14:36:16.124] Starting turn for Bot40
[14:36:16.124] Bot40 rotated left to face WEST
[14:36:16.124] Bot40 executed ROTATE_LEFT
[14:36:16.124] Bot40 moved forward to (7,6)
[14:36:16.124] Bot40 executed MOVE_FORWARD
[14:36:16.124] Starting turn for Bot36
[14:36:16.124] Bot36 moved forward to (2,2)
[14:36:16.124] Bot36 executed MOVE_FORWARD
[14:36:16.124] Starting turn for Bot40
[14:36:16.124] Bot40 rotated right to face NORTH
[14:36:16.124] Bot40 executed ROTATE_RIGHT
[14:36:16.124] Bot40 moved forward to (6,6)
[14:36:16.124] Bot40 executed MOVE_FORWARD
[14:36:16.124] Starting turn for Bot36
[14:36:16.124] Bot36 rotated left to face EAST
[14:36:16.124] Bot36 executed ROTATE_LEFT
[14:36:16.124] Bot36 moved forward to (2,3)
[14:36:16.124] Bot36 executed MOVE_FORWARD
[14:36:16.124] Starting turn for Bot40
[14:36:16.124] Bot40 rotated left to face WEST
[14:36:16.124] Bot40 executed ROTATE_LEFT
[14:36:16.124] Bot40 moved forward to (6,5)
[14:36:16.124] Bot40 executed MOVE_FORWARD
[14:36:16.124] Starting turn for Bot36
[14:36:16.124] Bot36 rotated right to face SOUTH
[14:36:16.124] Bot36 executed ROTATE_RIGHT
[14:36:16.124] Bot36 moved forward to (3,3)
[14:36:16.124] Bot36 executed MOVE_FORWARD
[14:36:16.124] Starting turn for Bot40
[14:36:16.124] Bot40 rotated right to face NORTH
[14:36:16.124] Bot40 executed ROTATE_RIGHT
[14:36:16.124] Starting turn for Bot36
[14:36:16.124] Bot36 rotated left to face EAST
[14:36:16.124] Bot36 executed ROTATE_LEFT
[14:36:16.124] Bot36 moved forward to (3,4)
[14:36:16.124] Bot36 executed MOVE_FORWARD
[14:36:16.124] Starting turn for Bot40
[14:36:16.124] Starting turn for Bot36
[14:36:16.124] Bot36 rotated right to face SOUTH
[14:36:16.124] Bot36 executed ROTATE_RIGHT
[14:36:16.124] Bot36 moved forward to (4,4)
[14:36:16.124] Bot36 executed MOVE_FORWARD
[14:36:16.124] Starting turn for Bot40
[14:36:16.124] Bot40 rotated right to face EAST
[14:36:16.124] Bot40 executed ROTATE_RIGHT
[14:36:16.124] Bot40 moved forward to (6,6)
[14:36:16.124] Bot40 executed MOVE_FORWARD
[14:36:16.124] Starting turn for Bot36
[14:36:16.124] Bot36 rotated left to face EAST
[14:36:16.124] Bot36 executed ROTATE_LEFT
[14:36:16.124] Bot36 moved forward to (4,5)
[14:36:16.124] Bot36 executed MOVE_FORWARD
[14:36:16.124] Starting turn for Bot40
[14:36:16.124] Bot40 rotated left to face NORTH
[14:36:16.124] Bot40 executed ROTATE_LEFT
[14:36:16.124] Bot40 rotated left to face WEST
[14:36:16.124] Bot40 executed ROTATE_LEFT
[14:36:16.124] Bot40 moved forward to (6,5)
[14:36:16.124] Bot40 executed MOVE_FORWARD
[14:36:16.124] Starting turn for Bot36
[14:36:16.124] Bot36 rotated right to face SOUTH
[14:36:16.124] Bot36 executed ROTATE_RIGHT
[14:36:16.124] Starting turn for Bot40
[14:36:16.124] Bot40 rotated right to face NORTH
[14:36:16.124] Bot40 executed ROTATE_RIGHT
[14:36:16.124] Starting turn for Bot36
[14:36:16.124] Starting turn for Bot40
[14:36:16.124] Starting turn for Bot36
[14:36:16.124] Bot36 rotated left to face EAST
[14:36:16.124] Bot36 executed ROTATE_LEFT
[14:36:16.124] Bot36 rotated left to face NORTH
[14:36:16.124] Bot36 executed ROTATE_LEFT
[14:36:16.124] Bot36 moved forward to (3,5)
[14:36:16.124] Bot36 executed MOVE_FORWARD
[14:36:16.124] Starting turn for Bot40
[14:36:16.124] Bot40 rotated right to face EAST
[14:36:16.124] Bot40 executed ROTATE_RIGHT
[14:36:16.124] Bot40 moved forward to (6,6)
[14:36:16.124] Bot40 executed MOVE_FORWARD
[14:36:16.124] Starting turn for Bot36
[14:36:16.124] Bot36 rotated left to face WEST
[14:36:16.124] Bot36 executed ROTATE_LEFT
[14:36:16.124] Bot36 rotated left to face SOUTH
[14:36:16.124] Bot36 executed ROTATE_LEFT
[14:36:16.124] Bot36 moved forward to (4,5)
[14:36:16.124] Bot36 executed MOVE_FORWARD
[14:36:16.124] Starting turn for Bot40
[14:36:16.124] Bot40 rotated left to face NORTH
[14:36:16.124] Bot40 executed ROTATE_LEFT
[14:36:16.124] Bot40 rotated left to face WEST
[14:36:16.124] Bot40 executed ROTATE_LEFT
[14:36:16.124] Bot40 moved forward to (6,5)
[14:36:16.124] Bot40 executed MOVE_FORWARD
[14:36:16.124] Starting turn for Bot36
[14:36:16.124] Starting turn for Bot40
[14:36:16.124] Bot40 rotated right to face NORTH
[14:36:16.124] Bot40 executed ROTATE_RIGHT
[14:36:16.124] Starting turn for Bot36
[14:36:16.124] Starting turn for Bot40
[14:36:16.124] Starting turn for Bot36
[14:36:16.124] Bot36 rotated left to face EAST
[14:36:16.124] Bot36 executed ROTATE_LEFT
[14:36:16.124] Bot36 rotated left to face NORTH
[14:36:16.124] Bot36 executed ROTATE_LEFT
[14:36:16.124] Bot36 moved forward to (3,5)
[14:36:16.124] Bot36 executed MOVE_FORWARD
[14:36:16.124] Starting turn for Bot40
[14:36:16.124] Bot40 rotated right to face EAST
[14:36:16.124] Bot40 executed ROTATE_RIGHT
[14:36:16.124] Bot40 moved forward to (6,6)
[14:36:16.124] Bot40 executed MOVE_FORWARD
[14:36:16.124] Starting turn for Bot36
[14:36:16.124] Bot36 rotated left to face WEST
[14:36:16.124] Bot36 executed ROTATE_LEFT
[14:36:16.124] Bot36 rotated left to face SOUTH
[14:36:16.124] Bot36 executed ROTATE_LEFT
[14:36:16.124] Bot36 moved forward to (4,5)
[14:36:16.124] Bot36 executed MOVE_FORWARD
[14:36:16.124] Starting turn for Bot40
[14:36:16.124] Bot40 rotated left to face NORTH
[14:36:16.124] Bot40 executed ROTATE_LEFT
[14:36:16.124] Bot40 rotated left to face WEST
[14:36:16.124] Bot40 executed ROTATE_LEFT
[14:36:16.124] Bot40 moved forward to (6,5)
[14:36:16.124] Bot40 executed MOVE_FORWARD
[14:36:16.124] Starting turn for Bot36
[14:36:16.124] Starting turn for Bot40
[14:36:16.124] Bot40 rotated right to face NORTH
[14:36:16.124] Bot40 executed ROTATE_RIGHT
[14:36:16.124] Starting turn for Bot36
[14:36:16.124] Starting turn for Bot40
[14:36:16.124] Starting turn for Bot36
[14:36:16.124] Bot36 rotated left to face EAST
[14:36:16.124] Bot36 executed ROTATE_LEFT
[14:36:16.124] Bot36 rotated left to face NORTH
[14:36:16.124] Bot36 executed ROTATE_LEFT
[14:36:16.124] Bot36 moved forward to (3,5)
[14:36:16.124] Bot36 executed MOVE_FORWARD
[14:36:16.124] Starting turn for Bot40
[14:36:16.124] Bot40 rotated right to face EAST
[14:36:16.124] Bot40 executed ROTATE_RIGHT
[14:36:16.124] Bot40 moved forward to (6,6)
[14:36:16.124] Bot40 executed MOVE_FORWARD
[14:36:16.124] Starting turn for Bot36
[14:36:16.125] Bot36 rotated left to face WEST
[14:36:16.125] Bot36 executed ROTATE_LEFT
[14:36:16.125] Bot36 rotated left to face SOUTH
[14:36:16.125] Bot36 executed ROTATE_LEFT
[14:36:16.125] Bot36 moved forward to (4,5)
[14:36:16.125] Bot36 executed MOVE_FORWARD
[14:36:16.125] Starting turn for Bot40
[14:36:16.125] Bot40 rotated left to face NORTH
[14:36:16.125] Bot40 executed ROTATE_LEFT
[14:36:16.125] Bot40 rotated left to face WEST
[14:36:16.125] Bot40 executed ROTATE_LEFT
[14:36:16.125] Bot40 moved forward to (6,5)
[14:36:16.125] Bot40 executed MOVE_FORWARD
[14:36:16.125] Starting turn for Bot36
[14:36:16.125] Starting turn for Bot40
[14:36:16.125] Bot40 rotated right to face NORTH
[14:36:16.125] Bot40 executed ROTATE_RIGHT
[14:36:16.125] Starting turn for Bot36
[14:36:16.125] Stalemate detected: State repeated 10 times, unchanged for 3 turns
[14:36:16.125] Game Over! Stalemate detected!
[14:36:16.125] Stalemate detected: State repeated 10 times, unchanged for 3 turns
