[14:35:58.129] === Game Started at 2025-02-04_14-35-58 ===
[14:35:58.129] Game initialized with 2 players
[14:35:58.129] Board size: 10
[14:35:58.129] Obstacle density: 0.05
[14:35:58.129] Max turns: 1000
[14:35:58.129] Player Bot40 starting at position (0,0) facing WEST
[14:35:58.129] Player Bot11 starting at position (9,9) facing WEST
[14:35:58.129] Obstacles at positions: (0,1) (1,3) (1,9) (2,5) (4,5)
[14:35:58.129] Starting turn for Bot40
[14:35:58.129] Bot40 rotated left to face SOUTH
[14:35:58.129] Bot40 executed ROTATE_LEFT
[14:35:58.129] Bot40 rotated left to face EAST
[14:35:58.129] Bot40 executed ROTATE_LEFT
[14:35:58.129] Starting turn for Bot11
[14:35:58.129] Bot11 moved forward to (9,8)
[14:35:58.129] Bot11 executed MOVE_FORWARD
[14:35:58.129] Starting turn for Bot40
[14:35:58.129] Starting turn for Bot11
[14:35:58.129] Bot11 rotated right to face NORTH
[14:35:58.129] Bot11 executed ROTATE_RIGHT
[14:35:58.129] Bot11 moved forward to (8,8)
[14:35:58.129] Bot11 executed MOVE_FORWARD
[14:35:58.129] Starting turn for Bot40
[14:35:58.129] Bot40 rotated right to face SOUTH
[14:35:58.129] Bot40 executed ROTATE_RIGHT
[14:35:58.129] Bot40 moved forward to (1,0)
[14:35:58.129] Bot40 executed MOVE_FORWARD
[14:35:58.129] Starting turn for Bot11
[14:35:58.129] Bot11 rotated left to face WEST
[14:35:58.129] Bot11 executed ROTATE_LEFT
[14:35:58.129] Bot11 moved forward to (8,7)
[14:35:58.129] Bot11 executed MOVE_FORWARD
[14:35:58.129] Starting turn for Bot40
[14:35:58.129] Bot40 rotated left to face EAST
[14:35:58.129] Bot40 executed ROTATE_LEFT
[14:35:58.129] Bot40 moved forward to (1,1)
[14:35:58.129] Bot40 executed MOVE_FORWARD
[14:35:58.129] Starting turn for Bot11
[14:35:58.129] Bot11 rotated right to face NORTH
[14:35:58.129] Bot11 executed ROTATE_RIGHT
[14:35:58.129] Bot11 moved forward to (7,7)
[14:35:58.129] Bot11 executed MOVE_FORWARD
[14:35:58.129] Starting turn for Bot40
[14:35:58.129] Bot40 moved forward to (1,2)
[14:35:58.129] Bot40 executed MOVE_FORWARD
[14:35:58.129] Starting turn for Bot11
[14:35:58.129] Bot11 rotated left to face WEST
[14:35:58.129] Bot11 executed ROTATE_LEFT
[14:35:58.129] Bot11 moved forward to (7,6)
[14:35:58.129] Bot11 executed MOVE_FORWARD
[14:35:58.129] Starting turn for Bot40
[14:35:58.129] Bot40 rotated right to face SOUTH
[14:35:58.129] Bot40 executed ROTATE_RIGHT
[14:35:58.129] Bot40 moved forward to (2,2)
[14:35:58.129] Bot40 executed MOVE_FORWARD
[14:35:58.129] Starting turn for Bot11
[14:35:58.129] Bot11 rotated right to face NORTH
[14:35:58.129] Bot11 executed ROTATE_RIGHT
[14:35:58.129] Bot11 moved forward to (6,6)
[14:35:58.129] Bot11 executed MOVE_FORWARD
[14:35:58.129] Starting turn for Bot40
[14:35:58.129] Bot40 rotated left to face EAST
[14:35:58.129] Bot40 executed ROTATE_LEFT
[14:35:58.129] Bot40 moved forward to (2,3)
[14:35:58.129] Bot40 executed MOVE_FORWARD
[14:35:58.129] Starting turn for Bot11
[14:35:58.129] Bot11 rotated left to face WEST
[14:35:58.129] Bot11 executed ROTATE_LEFT
[14:35:58.129] Bot11 moved forward to (6,5)
[14:35:58.129] Bot11 executed MOVE_FORWARD
[14:35:58.129] Starting turn for Bot40
[14:35:58.129] Bot40 rotated right to face SOUTH
[14:35:58.129] Bot40 executed ROTATE_RIGHT
[14:35:58.129] Bot40 moved forward to (3,3)
[14:35:58.129] Bot40 executed MOVE_FORWARD
[14:35:58.129] Starting turn for Bot11
[14:35:58.129] Bot11 rotated right to face NORTH
[14:35:58.129] Bot11 executed ROTATE_RIGHT
[14:35:58.129] Bot11 moved forward to (5,5)
[14:35:58.129] Bot11 executed MOVE_FORWARD
[14:35:58.129] Starting turn for Bot40
[14:35:58.129] Bot40 rotated left to face EAST
[14:35:58.129] Bot40 executed ROTATE_LEFT
[14:35:58.129] Bot40 moved forward to (3,4)
[14:35:58.129] Bot40 executed MOVE_FORWARD
[14:35:58.129] Starting turn for Bot11
[14:35:58.129] Starting turn for Bot40
[14:35:58.129] Bot40 rotated right to face SOUTH
[14:35:58.129] Bot40 executed ROTATE_RIGHT
[14:35:58.129] Bot40 moved forward to (4,4)
[14:35:58.129] Bot40 executed MOVE_FORWARD
[14:35:58.129] Starting turn for Bot11
[14:35:58.129] Starting turn for Bot40
[14:35:58.129] Bot40 rotated left to face EAST
[14:35:58.129] Bot40 executed ROTATE_LEFT
[14:35:58.129] Starting turn for Bot11
[14:35:58.129] Starting turn for Bot40
[14:35:58.129] Starting turn for Bot11
[14:35:58.129] Starting turn for Bot40
[14:35:58.129] Bot40 rotated left to face NORTH
[14:35:58.129] Bot40 executed ROTATE_LEFT
[14:35:58.129] Bot40 moved forward to (3,4)
[14:35:58.129] Bot40 executed MOVE_FORWARD
[14:35:58.129] Starting turn for Bot11
[14:35:58.129] Starting turn for Bot40
[14:35:58.129] Bot40 rotated left to face WEST
[14:35:58.129] Bot40 executed ROTATE_LEFT
[14:35:58.129] Bot40 rotated left to face SOUTH
[14:35:58.129] Bot40 executed ROTATE_LEFT
[14:35:58.129] Bot40 moved forward to (4,4)
[14:35:58.129] Bot40 executed MOVE_FORWARD
[14:35:58.129] Starting turn for Bot11
[14:35:58.129] Starting turn for Bot40
[14:35:58.129] Bot40 rotated left to face EAST
[14:35:58.129] Bot40 executed ROTATE_LEFT
[14:35:58.129] Starting turn for Bot11
[14:35:58.129] Starting turn for Bot40
[14:35:58.129] Starting turn for Bot11
[14:35:58.129] Starting turn for Bot40
[14:35:58.129] Bot40 rotated left to face NORTH
[14:35:58.129] Bot40 executed ROTATE_LEFT
[14:35:58.129] Bot40 moved forward to (3,4)
[14:35:58.129] Bot40 executed MOVE_FORWARD
[14:35:58.129] Starting turn for Bot11
[14:35:58.129] Starting turn for Bot40
[14:35:58.129] Bot40 rotated left to face WEST
[14:35:58.129] Bot40 executed ROTATE_LEFT
[14:35:58.129] Bot40 rotated left to face SOUTH
[14:35:58.129] Bot40 executed ROTATE_LEFT
[14:35:58.129] Bot40 moved forward to (4,4)
[14:35:58.129] Bot40 executed MOVE_FORWARD
[14:35:58.129] Starting turn for Bot11
[14:35:58.129] Starting turn for Bot40
[14:35:58.129] Bot40 rotated left to face EAST
[14:35:58.129] Bot40 executed ROTATE_LEFT
[14:35:58.129] Starting turn for Bot11
[14:35:58.129] Starting turn for Bot40
[14:35:58.129] Starting turn for Bot11
[14:35:58.129] Stalemate detected: State repeated 10 times, unchanged for 3 turns
[14:35:58.129] Game Over! Stalemate detected!
[14:35:58.129] Stalemate detected: State repeated 10 times, unchanged for 3 turns
