[14:36:14.652] === Game Started at 2025-02-04_14-36-14 ===
[14:36:14.653] Game initialized with 2 players
[14:36:14.653] Board size: 10
[14:36:14.653] Obstacle density: 0.05
[14:36:14.653] Max turns: 1000
[14:36:14.653] Player Bot37 starting at position (0,0) facing EAST
[14:36:14.653] Player Bot31 starting at position (9,9) facing NORTH
[14:36:14.653] Obstacles at positions: (0,5) (4,9) (5,4) (6,6) (9,5)
[14:36:14.653] Starting turn for Bot37
[14:36:14.653] Bot37 moved forward to (0,1)
[14:36:14.653] Bot37 executed MOVE_FORWARD
[14:36:14.653] Starting turn for Bot31
[14:36:14.653] Bot31 rotated left to face WEST
[14:36:14.653] Bot31 executed ROTATE_LEFT
[14:36:14.653] Bot31 moved forward to (9,8)
[14:36:14.653] Bot31 executed MOVE_FORWARD
[14:36:14.653] Starting turn for Bot37
[14:36:14.653] Bot37 rotated right to face SOUTH
[14:36:14.653] Bot37 executed ROTATE_RIGHT
[14:36:14.653] Bot37 moved forward to (1,1)
[14:36:14.653] Bot37 executed MOVE_FORWARD
[14:36:14.653] Starting turn for Bot31
[14:36:14.653] Bot31 rotated right to face NORTH
[14:36:14.653] Bot31 executed ROTATE_RIGHT
[14:36:14.653] Bot31 moved forward to (8,8)
[14:36:14.653] Bot31 executed MOVE_FORWARD
[14:36:14.653] Starting turn for Bot37
[14:36:14.653] Bot37 rotated left to face EAST
[14:36:14.653] Bot37 executed ROTATE_LEFT
[14:36:14.653] Bot37 moved forward to (1,2)
[14:36:14.653] Bot37 executed MOVE_FORWARD
[14:36:14.653] Starting turn for Bot31
[14:36:14.653] Bot31 rotated left to face WEST
[14:36:14.653] Bot31 executed ROTATE_LEFT
[14:36:14.653] Bot31 moved forward to (8,7)
[14:36:14.653] Bot31 executed MOVE_FORWARD
[14:36:14.653] Starting turn for Bot37
[14:36:14.653] Bot37 rotated right to face SOUTH
[14:36:14.653] Bot37 executed ROTATE_RIGHT
[14:36:14.653] Bot37 moved forward to (2,2)
[14:36:14.653] Bot37 executed MOVE_FORWARD
[14:36:14.653] Starting turn for Bot31
[14:36:14.653] Bot31 rotated right to face NORTH
[14:36:14.653] Bot31 executed ROTATE_RIGHT
[14:36:14.653] Bot31 moved forward to (7,7)
[14:36:14.653] Bot31 executed MOVE_FORWARD
[14:36:14.653] Starting turn for Bot37
[14:36:14.653] Bot37 rotated left to face EAST
[14:36:14.653] Bot37 executed ROTATE_LEFT
[14:36:14.653] Bot37 moved forward to (2,3)
[14:36:14.653] Bot37 executed MOVE_FORWARD
[14:36:14.653] Starting turn for Bot31
[14:36:14.653] Bot31 rotated left to face WEST
[14:36:14.653] Bot31 executed ROTATE_LEFT
[14:36:14.653] Bot31 moved forward to (7,6)
[14:36:14.653] Bot31 executed MOVE_FORWARD
[14:36:14.653] Starting turn for Bot37
[14:36:14.653] Bot37 rotated right to face SOUTH
[14:36:14.653] Bot37 executed ROTATE_RIGHT
[14:36:14.653] Bot37 moved forward to (3,3)
[14:36:14.653] Bot37 executed MOVE_FORWARD
[14:36:14.653] Starting turn for Bot31
[14:36:14.653] Bot31 rotated right to face NORTH
[14:36:14.653] Bot31 executed ROTATE_RIGHT
[14:36:14.653] Starting turn for Bot37
[14:36:14.653] Bot37 rotated left to face EAST
[14:36:14.653] Bot37 executed ROTATE_LEFT
[14:36:14.653] Bot37 moved forward to (3,4)
[14:36:14.653] Bot37 executed MOVE_FORWARD
[14:36:14.653] Starting turn for Bot31
[14:36:14.653] Starting turn for Bot37
[14:36:14.653] Bot37 rotated right to face SOUTH
[14:36:14.653] Bot37 executed ROTATE_RIGHT
[14:36:14.653] Bot37 moved forward to (4,4)
[14:36:14.653] Bot37 executed MOVE_FORWARD
[14:36:14.653] Starting turn for Bot31
[14:36:14.653] Bot31 rotated right to face EAST
[14:36:14.653] Bot31 executed ROTATE_RIGHT
[14:36:14.653] Bot31 moved forward to (7,7)
[14:36:14.653] Bot31 executed MOVE_FORWARD
[14:36:14.653] Starting turn for Bot37
[14:36:14.653] Bot37 rotated left to face EAST
[14:36:14.653] Bot37 executed ROTATE_LEFT
[14:36:14.653] Bot37 moved forward to (4,5)
[14:36:14.653] Bot37 executed MOVE_FORWARD
[14:36:14.653] Starting turn for Bot31
[14:36:14.653] Bot31 rotated left to face NORTH
[14:36:14.653] Bot31 executed ROTATE_LEFT
[14:36:14.653] Bot31 rotated left to face WEST
[14:36:14.653] Bot31 executed ROTATE_LEFT
[14:36:14.653] Bot31 moved forward to (7,6)
[14:36:14.653] Bot31 executed MOVE_FORWARD
[14:36:14.653] Starting turn for Bot37
[14:36:14.653] Bot37 rotated right to face SOUTH
[14:36:14.653] Bot37 executed ROTATE_RIGHT
[14:36:14.653] Bot37 moved forward to (5,5)
[14:36:14.653] Bot37 executed MOVE_FORWARD
[14:36:14.653] Starting turn for Bot31
[14:36:14.653] Bot31 rotated right to face NORTH
[14:36:14.653] Bot31 executed ROTATE_RIGHT
[14:36:14.653] Starting turn for Bot37
[14:36:14.653] Starting turn for Bot31
[14:36:14.653] Starting turn for Bot37
[14:36:14.653] Starting turn for Bot31
[14:36:14.653] Bot31 rotated right to face EAST
[14:36:14.653] Bot31 executed ROTATE_RIGHT
[14:36:14.653] Bot31 moved forward to (7,7)
[14:36:14.653] Bot31 executed MOVE_FORWARD
[14:36:14.653] Starting turn for Bot37
[14:36:14.653] Starting turn for Bot31
[14:36:14.653] Bot31 rotated left to face NORTH
[14:36:14.653] Bot31 executed ROTATE_LEFT
[14:36:14.653] Bot31 rotated left to face WEST
[14:36:14.653] Bot31 executed ROTATE_LEFT
[14:36:14.653] Bot31 moved forward to (7,6)
[14:36:14.653] Bot31 executed MOVE_FORWARD
[14:36:14.653] Starting turn for Bot37
[14:36:14.653] Starting turn for Bot31
[14:36:14.653] Bot31 rotated right to face NORTH
[14:36:14.653] Bot31 executed ROTATE_RIGHT
[14:36:14.653] Starting turn for Bot37
[14:36:14.653] Starting turn for Bot31
[14:36:14.653] Starting turn for Bot37
[14:36:14.653] Starting turn for Bot31
[14:36:14.653] Bot31 rotated right to face EAST
[14:36:14.653] Bot31 executed ROTATE_RIGHT
[14:36:14.653] Bot31 moved forward to (7,7)
[14:36:14.653] Bot31 executed MOVE_FORWARD
[14:36:14.653] Starting turn for Bot37
[14:36:14.653] Starting turn for Bot31
[14:36:14.653] Bot31 rotated left to face NORTH
[14:36:14.653] Bot31 executed ROTATE_LEFT
[14:36:14.653] Bot31 rotated left to face WEST
[14:36:14.653] Bot31 executed ROTATE_LEFT
[14:36:14.653] Bot31 moved forward to (7,6)
[14:36:14.653] Bot31 executed MOVE_FORWARD
[14:36:14.653] Starting turn for Bot37
[14:36:14.653] Starting turn for Bot31
[14:36:14.653] Bot31 rotated right to face NORTH
[14:36:14.653] Bot31 executed ROTATE_RIGHT
[14:36:14.653] Starting turn for Bot37
[14:36:14.653] Starting turn for Bot31
[14:36:14.653] Starting turn for Bot37
[14:36:14.653] Starting turn for Bot31
[14:36:14.653] Stalemate detected: State repeated 10 times, unchanged for 2 turns
[14:36:14.653] Game Over! Stalemate detected!
[14:36:14.653] Stalemate detected: State repeated 10 times, unchanged for 2 turns
