[14:36:12.841] === Game Started at 2025-02-04_14-36-12 ===
[14:36:12.841] Game initialized with 2 players
[14:36:12.841] Board size: 10
[14:36:12.841] Obstacle density: 0.05
[14:36:12.841] Max turns: 1000
[14:36:12.841] Player Bot40 starting at position (0,0) facing NORTH
[14:36:12.841] Player Bot27 starting at position (9,9) facing NORTH
[14:36:12.841] Obstacles at positions: (1,6) (5,4) (6,2) (6,6) (9,7)
[14:36:12.841] Starting turn for Bot40
[14:36:12.841] Bot40 rotated right to face EAST
[14:36:12.841] Bot40 executed ROTATE_RIGHT
[14:36:12.841] Bot40 moved forward to (0,1)
[14:36:12.841] Bot40 executed MOVE_FORWARD
[14:36:12.841] Starting turn for Bot27
[14:36:12.841] Bot27 rotated left to face WEST
[14:36:12.841] Bot27 executed ROTATE_LEFT
[14:36:12.841] Bot27 moved forward to (9,8)
[14:36:12.841] Bot27 executed MOVE_FORWARD
[14:36:12.841] Starting turn for Bot40
[14:36:12.841] Bot40 rotated right to face SOUTH
[14:36:12.841] Bot40 executed ROTATE_RIGHT
[14:36:12.841] Bot40 moved forward to (1,1)
[14:36:12.841] Bot40 executed MOVE_FORWARD
[14:36:12.841] Starting turn for Bot27
[14:36:12.841] Bot27 rotated right to face NORTH
[14:36:12.841] Bot27 executed ROTATE_RIGHT
[14:36:12.841] Bot27 moved forward to (8,8)
[14:36:12.841] Bot27 executed MOVE_FORWARD
[14:36:12.841] Starting turn for Bot40
[14:36:12.841] Bot40 rotated left to face EAST
[14:36:12.841] Bot40 executed ROTATE_LEFT
[14:36:12.841] Bot40 moved forward to (1,2)
[14:36:12.841] Bot40 executed MOVE_FORWARD
[14:36:12.841] Starting turn for Bot27
[14:36:12.841] Bot27 rotated left to face WEST
[14:36:12.841] Bot27 executed ROTATE_LEFT
[14:36:12.841] Bot27 moved forward to (8,7)
[14:36:12.841] Bot27 executed MOVE_FORWARD
[14:36:12.841] Starting turn for Bot40
[14:36:12.841] Bot40 rotated right to face SOUTH
[14:36:12.841] Bot40 executed ROTATE_RIGHT
[14:36:12.841] Bot40 moved forward to (2,2)
[14:36:12.841] Bot40 executed MOVE_FORWARD
[14:36:12.841] Starting turn for Bot27
[14:36:12.841] Bot27 rotated right to face NORTH
[14:36:12.841] Bot27 executed ROTATE_RIGHT
[14:36:12.841] Bot27 moved forward to (7,7)
[14:36:12.842] Bot27 executed MOVE_FORWARD
[14:36:12.842] Starting turn for Bot40
[14:36:12.842] Bot40 rotated left to face EAST
[14:36:12.842] Bot40 executed ROTATE_LEFT
[14:36:12.842] Bot40 moved forward to (2,3)
[14:36:12.842] Bot40 executed MOVE_FORWARD
[14:36:12.842] Starting turn for Bot27
[14:36:12.842] Bot27 rotated left to face WEST
[14:36:12.842] Bot27 executed ROTATE_LEFT
[14:36:12.842] Bot27 moved forward to (7,6)
[14:36:12.842] Bot27 executed MOVE_FORWARD
[14:36:12.842] Starting turn for Bot40
[14:36:12.842] Bot40 rotated right to face SOUTH
[14:36:12.842] Bot40 executed ROTATE_RIGHT
[14:36:12.842] Bot40 moved forward to (3,3)
[14:36:12.842] Bot40 executed MOVE_FORWARD
[14:36:12.842] Starting turn for Bot27
[14:36:12.842] Bot27 rotated right to face NORTH
[14:36:12.842] Bot27 executed ROTATE_RIGHT
[14:36:12.842] Starting turn for Bot40
[14:36:12.842] Bot40 rotated left to face EAST
[14:36:12.842] Bot40 executed ROTATE_LEFT
[14:36:12.842] Bot40 moved forward to (3,4)
[14:36:12.842] Bot40 executed MOVE_FORWARD
[14:36:12.842] Starting turn for Bot27
[14:36:12.842] Starting turn for Bot40
[14:36:12.842] Bot40 rotated right to face SOUTH
[14:36:12.842] Bot40 executed ROTATE_RIGHT
[14:36:12.842] Bot40 moved forward to (4,4)
[14:36:12.842] Bot40 executed MOVE_FORWARD
[14:36:12.842] Starting turn for Bot27
[14:36:12.842] Bot27 rotated right to face EAST
[14:36:12.842] Bot27 executed ROTATE_RIGHT
[14:36:12.842] Bot27 moved forward to (7,7)
[14:36:12.842] Bot27 executed MOVE_FORWARD
[14:36:12.842] Starting turn for Bot40
[14:36:12.842] Bot40 rotated left to face EAST
[14:36:12.842] Bot40 executed ROTATE_LEFT
[14:36:12.842] Bot40 moved forward to (4,5)
[14:36:12.842] Bot40 executed MOVE_FORWARD
[14:36:12.842] Starting turn for Bot27
[14:36:12.842] Bot27 rotated left to face NORTH
[14:36:12.842] Bot27 executed ROTATE_LEFT
[14:36:12.842] Bot27 rotated left to face WEST
[14:36:12.842] Bot27 executed ROTATE_LEFT
[14:36:12.842] Bot27 moved forward to (7,6)
[14:36:12.842] Bot27 executed MOVE_FORWARD
[14:36:12.842] Starting turn for Bot40
[14:36:12.842] Bot40 rotated right to face SOUTH
[14:36:12.842] Bot40 executed ROTATE_RIGHT
[14:36:12.842] Bot40 moved forward to (5,5)
[14:36:12.842] Bot40 executed MOVE_FORWARD
[14:36:12.842] Starting turn for Bot27
[14:36:12.842] Bot27 rotated right to face NORTH
[14:36:12.842] Bot27 executed ROTATE_RIGHT
[14:36:12.842] Starting turn for Bot40
[14:36:12.842] Starting turn for Bot27
[14:36:12.842] Starting turn for Bot40
[14:36:12.842] Starting turn for Bot27
[14:36:12.842] Bot27 rotated right to face EAST
[14:36:12.842] Bot27 executed ROTATE_RIGHT
[14:36:12.842] Bot27 moved forward to (7,7)
[14:36:12.842] Bot27 executed MOVE_FORWARD
[14:36:12.842] Starting turn for Bot40
[14:36:12.842] Starting turn for Bot27
[14:36:12.842] Bot27 rotated left to face NORTH
[14:36:12.842] Bot27 executed ROTATE_LEFT
[14:36:12.842] Bot27 rotated left to face WEST
[14:36:12.842] Bot27 executed ROTATE_LEFT
[14:36:12.842] Bot27 moved forward to (7,6)
[14:36:12.842] Bot27 executed MOVE_FORWARD
[14:36:12.842] Starting turn for Bot40
[14:36:12.842] Starting turn for Bot27
[14:36:12.842] Bot27 rotated right to face NORTH
[14:36:12.842] Bot27 executed ROTATE_RIGHT
[14:36:12.842] Starting turn for Bot40
[14:36:12.842] Starting turn for Bot27
[14:36:12.842] Starting turn for Bot40
[14:36:12.842] Starting turn for Bot27
[14:36:12.842] Bot27 rotated right to face EAST
[14:36:12.842] Bot27 executed ROTATE_RIGHT
[14:36:12.842] Bot27 moved forward to (7,7)
[14:36:12.842] Bot27 executed MOVE_FORWARD
[14:36:12.842] Starting turn for Bot40
[14:36:12.842] Starting turn for Bot27
[14:36:12.842] Bot27 rotated left to face NORTH
[14:36:12.842] Bot27 executed ROTATE_LEFT
[14:36:12.842] Bot27 rotated left to face WEST
[14:36:12.842] Bot27 executed ROTATE_LEFT
[14:36:12.842] Bot27 moved forward to (7,6)
[14:36:12.842] Bot27 executed MOVE_FORWARD
[14:36:12.842] Starting turn for Bot40
[14:36:12.842] Starting turn for Bot27
[14:36:12.842] Bot27 rotated right to face NORTH
[14:36:12.842] Bot27 executed ROTATE_RIGHT
[14:36:12.842] Starting turn for Bot40
[14:36:12.842] Starting turn for Bot27
[14:36:12.842] Starting turn for Bot40
[14:36:12.842] Starting turn for Bot27
[14:36:12.842] Stalemate detected: State repeated 10 times, unchanged for 2 turns
[14:36:12.842] Game Over! Stalemate detected!
[14:36:12.842] Stalemate detected: State repeated 10 times, unchanged for 2 turns
