[14:36:11.691] === Game Started at 2025-02-04_14-36-11 ===
[14:36:11.691] Game initialized with 2 players
[14:36:11.691] Board size: 10
[14:36:11.691] Obstacle density: 0.05
[14:36:11.691] Max turns: 1000
[14:36:11.691] Player Bot27 starting at position (0,0) facing SOUTH
[14:36:11.691] Player Bot26 starting at position (9,9) facing NORTH
[14:36:11.691] Obstacles at positions: (2,0) (3,8) (6,2) (8,8) (9,6)
[14:36:11.691] Starting turn for Bot27
[14:36:11.691] Bot27 rotated left to face EAST
[14:36:11.691] Bot27 executed ROTATE_LEFT
[14:36:11.691] Bot27 moved forward to (0,1)
[14:36:11.692] Bot27 executed MOVE_FORWARD
[14:36:11.692] Starting turn for Bot26
[14:36:11.692] Bot26 rotated left to face WEST
[14:36:11.692] Bot26 executed ROTATE_LEFT
[14:36:11.692] Bot26 moved forward to (9,8)
[14:36:11.692] Bot26 executed MOVE_FORWARD
[14:36:11.692] Starting turn for Bot27
[14:36:11.692] Bot27 rotated right to face SOUTH
[14:36:11.692] Bot27 executed ROTATE_RIGHT
[14:36:11.692] Bot27 moved forward to (1,1)
[14:36:11.692] Bot27 executed MOVE_FORWARD
[14:36:11.692] Starting turn for Bot26
[14:36:11.692] Bot26 rotated right to face NORTH
[14:36:11.692] Bot26 executed ROTATE_RIGHT
[14:36:11.692] Starting turn for Bot27
[14:36:11.692] Bot27 rotated left to face EAST
[14:36:11.692] Bot27 executed ROTATE_LEFT
[14:36:11.692] Bot27 moved forward to (1,2)
[14:36:11.692] Bot27 executed MOVE_FORWARD
[14:36:11.692] Starting turn for Bot26
[14:36:11.692] Starting turn for Bot27
[14:36:11.692] Bot27 rotated right to face SOUTH
[14:36:11.692] Bot27 executed ROTATE_RIGHT
[14:36:11.692] Bot27 moved forward to (2,2)
[14:36:11.692] Bot27 executed MOVE_FORWARD
[14:36:11.692] Starting turn for Bot26
[14:36:11.692] Bot26 rotated right to face EAST
[14:36:11.692] Bot26 executed ROTATE_RIGHT
[14:36:11.692] Bot26 moved forward to (9,9)
[14:36:11.692] Bot26 executed MOVE_FORWARD
[14:36:11.692] Starting turn for Bot27
[14:36:11.692] Bot27 rotated left to face EAST
[14:36:11.692] Bot27 executed ROTATE_LEFT
[14:36:11.692] Bot27 moved forward to (2,3)
[14:36:11.692] Bot27 executed MOVE_FORWARD
[14:36:11.692] Starting turn for Bot26
[14:36:11.692] Bot26 rotated left to face NORTH
[14:36:11.692] Bot26 executed ROTATE_LEFT
[14:36:11.692] Bot26 rotated left to face WEST
[14:36:11.692] Bot26 executed ROTATE_LEFT
[14:36:11.692] Bot26 moved forward to (9,8)
[14:36:11.692] Bot26 executed MOVE_FORWARD
[14:36:11.692] Starting turn for Bot27
[14:36:11.692] Bot27 rotated right to face SOUTH
[14:36:11.692] Bot27 executed ROTATE_RIGHT
[14:36:11.692] Bot27 moved forward to (3,3)
[14:36:11.692] Bot27 executed MOVE_FORWARD
[14:36:11.692] Starting turn for Bot26
[14:36:11.692] Bot26 rotated right to face NORTH
[14:36:11.692] Bot26 executed ROTATE_RIGHT
[14:36:11.692] Starting turn for Bot27
[14:36:11.692] Bot27 rotated left to face EAST
[14:36:11.692] Bot27 executed ROTATE_LEFT
[14:36:11.692] Bot27 moved forward to (3,4)
[14:36:11.692] Bot27 executed MOVE_FORWARD
[14:36:11.692] Starting turn for Bot26
[14:36:11.692] Starting turn for Bot27
[14:36:11.692] Bot27 rotated right to face SOUTH
[14:36:11.692] Bot27 executed ROTATE_RIGHT
[14:36:11.692] Bot27 moved forward to (4,4)
[14:36:11.692] Bot27 executed MOVE_FORWARD
[14:36:11.692] Starting turn for Bot26
[14:36:11.692] Bot26 rotated right to face EAST
[14:36:11.692] Bot26 executed ROTATE_RIGHT
[14:36:11.692] Bot26 moved forward to (9,9)
[14:36:11.692] Bot26 executed MOVE_FORWARD
[14:36:11.692] Starting turn for Bot27
[14:36:11.692] Bot27 rotated left to face EAST
[14:36:11.692] Bot27 executed ROTATE_LEFT
[14:36:11.692] Bot27 moved forward to (4,5)
[14:36:11.692] Bot27 executed MOVE_FORWARD
[14:36:11.692] Starting turn for Bot26
[14:36:11.692] Bot26 rotated left to face NORTH
[14:36:11.692] Bot26 executed ROTATE_LEFT
[14:36:11.692] Bot26 rotated left to face WEST
[14:36:11.692] Bot26 executed ROTATE_LEFT
[14:36:11.692] Bot26 moved forward to (9,8)
[14:36:11.692] Bot26 executed MOVE_FORWARD
[14:36:11.692] Starting turn for Bot27
[14:36:11.692] Bot27 rotated right to face SOUTH
[14:36:11.692] Bot27 executed ROTATE_RIGHT
[14:36:11.692] Bot27 moved forward to (5,5)
[14:36:11.692] Bot27 executed MOVE_FORWARD
[14:36:11.692] Starting turn for Bot26
[14:36:11.692] Bot26 rotated right to face NORTH
[14:36:11.692] Bot26 executed ROTATE_RIGHT
[14:36:11.692] Starting turn for Bot27
[14:36:11.692] Starting turn for Bot26
[14:36:11.692] Starting turn for Bot27
[14:36:11.692] Starting turn for Bot26
[14:36:11.692] Bot26 rotated right to face EAST
[14:36:11.692] Bot26 executed ROTATE_RIGHT
[14:36:11.692] Bot26 moved forward to (9,9)
[14:36:11.692] Bot26 executed MOVE_FORWARD
[14:36:11.692] Starting turn for Bot27
[14:36:11.692] Starting turn for Bot26
[14:36:11.692] Bot26 rotated left to face NORTH
[14:36:11.692] Bot26 executed ROTATE_LEFT
[14:36:11.692] Bot26 rotated left to face WEST
[14:36:11.692] Bot26 executed ROTATE_LEFT
[14:36:11.692] Bot26 moved forward to (9,8)
[14:36:11.692] Bot26 executed MOVE_FORWARD
[14:36:11.692] Starting turn for Bot27
[14:36:11.692] Starting turn for Bot26
[14:36:11.692] Bot26 rotated right to face NORTH
[14:36:11.692] Bot26 executed ROTATE_RIGHT
[14:36:11.692] Starting turn for Bot27
[14:36:11.692] Starting turn for Bot26
[14:36:11.692] Starting turn for Bot27
[14:36:11.692] Starting turn for Bot26
[14:36:11.692] Bot26 rotated right to face EAST
[14:36:11.692] Bot26 executed ROTATE_RIGHT
[14:36:11.692] Bot26 moved forward to (9,9)
[14:36:11.692] Bot26 executed MOVE_FORWARD
[14:36:11.692] Starting turn for Bot27
[14:36:11.692] Starting turn for Bot26
[14:36:11.692] Bot26 rotated left to face NORTH
[14:36:11.692] Bot26 executed ROTATE_LEFT
[14:36:11.692] Bot26 rotated left to face WEST
[14:36:11.692] Bot26 executed ROTATE_LEFT
[14:36:11.692] Bot26 moved forward to (9,8)
[14:36:11.692] Bot26 executed MOVE_FORWARD
[14:36:11.692] Starting turn for Bot27
[14:36:11.692] Starting turn for Bot26
[14:36:11.692] Bot26 rotated right to face NORTH
[14:36:11.692] Bot26 executed ROTATE_RIGHT
[14:36:11.692] Starting turn for Bot27
[14:36:11.692] Starting turn for Bot26
[14:36:11.692] Starting turn for Bot27
[14:36:11.692] Starting turn for Bot26
[14:36:11.692] Stalemate detected: State repeated 10 times, unchanged for 2 turns
[14:36:11.692] Game Over! Stalemate detected!
[14:36:11.692] Stalemate detected: State repeated 10 times, unchanged for 2 turns
