[14:35:41.856] === Game Started at 2025-02-04_14-35-41 ===
[14:35:41.856] Game initialized with 2 players
[14:35:41.856] Board size: 10
[14:35:41.856] Obstacle density: 0.05
[14:35:41.856] Max turns: 1000
[14:35:41.856] Player Bot2 starting at position (0,0) facing EAST
[14:35:41.856] Player Bot21 starting at position (9,9) facing NORTH
[14:35:41.856] Obstacles at positions: (1,2) (2,1) (7,5) (8,1) (8,8)
[14:35:41.856] Starting turn for Bot2
[14:35:41.856] Bot2 moved forward to (0,1)
[14:35:41.856] Bot2 executed MOVE_FORWARD
[14:35:41.856] Starting turn for Bot21
[14:35:41.856] Bot21 rotated left to face WEST
[14:35:41.856] Bot21 executed ROTATE_LEFT
[14:35:41.856] Bot21 moved forward to (9,8)
[14:35:41.856] Bot21 executed MOVE_FORWARD
[14:35:41.856] Starting turn for Bot2
[14:35:41.856] Bot2 rotated right to face SOUTH
[14:35:41.856] Bot2 executed ROTATE_RIGHT
[14:35:41.856] Bot2 moved forward to (1,1)
[14:35:41.856] Bot2 executed MOVE_FORWARD
[14:35:41.856] Starting turn for Bot21
[14:35:41.856] Bot21 rotated right to face NORTH
[14:35:41.856] Bot21 executed ROTATE_RIGHT
[14:35:41.856] Starting turn for Bot2
[14:35:41.856] Bot2 rotated left to face EAST
[14:35:41.856] Bot2 executed ROTATE_LEFT
[14:35:41.856] Starting turn for Bot21
[14:35:41.856] Starting turn for Bot2
[14:35:41.856] Starting turn for Bot21
[14:35:41.856] Bot21 rotated right to face EAST
[14:35:41.856] Bot21 executed ROTATE_RIGHT
[14:35:41.856] Bot21 moved forward to (9,9)
[14:35:41.856] Bot21 executed MOVE_FORWARD
[14:35:41.856] Starting turn for Bot2
[14:35:41.856] Bot2 rotated left to face NORTH
[14:35:41.856] Bot2 executed ROTATE_LEFT
[14:35:41.856] Bot2 moved forward to (0,1)
[14:35:41.856] Bot2 executed MOVE_FORWARD
[14:35:41.856] Starting turn for Bot21
[14:35:41.856] Bot21 rotated left to face NORTH
[14:35:41.856] Bot21 executed ROTATE_LEFT
[14:35:41.856] Bot21 rotated left to face WEST
[14:35:41.856] Bot21 executed ROTATE_LEFT
[14:35:41.856] Bot21 moved forward to (9,8)
[14:35:41.856] Bot21 executed MOVE_FORWARD
[14:35:41.856] Starting turn for Bot2
[14:35:41.856] Bot2 rotated left to face WEST
[14:35:41.856] Bot2 executed ROTATE_LEFT
[14:35:41.856] Bot2 rotated left to face SOUTH
[14:35:41.856] Bot2 executed ROTATE_LEFT
[14:35:41.856] Bot2 moved forward to (1,1)
[14:35:41.856] Bot2 executed MOVE_FORWARD
[14:35:41.856] Starting turn for Bot21
[14:35:41.856] Bot21 rotated right to face NORTH
[14:35:41.856] Bot21 executed ROTATE_RIGHT
[14:35:41.856] Starting turn for Bot2
[14:35:41.856] Bot2 rotated left to face EAST
[14:35:41.856] Bot2 executed ROTATE_LEFT
[14:35:41.856] Starting turn for Bot21
[14:35:41.856] Starting turn for Bot2
[14:35:41.856] Starting turn for Bot21
[14:35:41.856] Bot21 rotated right to face EAST
[14:35:41.856] Bot21 executed ROTATE_RIGHT
[14:35:41.856] Bot21 moved forward to (9,9)
[14:35:41.856] Bot21 executed MOVE_FORWARD
[14:35:41.856] Starting turn for Bot2
[14:35:41.856] Bot2 rotated left to face NORTH
[14:35:41.856] Bot2 executed ROTATE_LEFT
[14:35:41.856] Bot2 moved forward to (0,1)
[14:35:41.856] Bot2 executed MOVE_FORWARD
[14:35:41.856] Starting turn for Bot21
[14:35:41.856] Bot21 rotated left to face NORTH
[14:35:41.856] Bot21 executed ROTATE_LEFT
[14:35:41.856] Bot21 rotated left to face WEST
[14:35:41.856] Bot21 executed ROTATE_LEFT
[14:35:41.856] Bot21 moved forward to (9,8)
[14:35:41.856] Bot21 executed MOVE_FORWARD
[14:35:41.856] Starting turn for Bot2
[14:35:41.856] Bot2 rotated left to face WEST
[14:35:41.856] Bot2 executed ROTATE_LEFT
[14:35:41.856] Bot2 rotated left to face SOUTH
[14:35:41.856] Bot2 executed ROTATE_LEFT
[14:35:41.856] Bot2 moved forward to (1,1)
[14:35:41.856] Bot2 executed MOVE_FORWARD
[14:35:41.856] Starting turn for Bot21
[14:35:41.856] Bot21 rotated right to face NORTH
[14:35:41.856] Bot21 executed ROTATE_RIGHT
[14:35:41.856] Starting turn for Bot2
[14:35:41.856] Bot2 rotated left to face EAST
[14:35:41.856] Bot2 executed ROTATE_LEFT
[14:35:41.856] Starting turn for Bot21
[14:35:41.856] Starting turn for Bot2
[14:35:41.856] Starting turn for Bot21
[14:35:41.856] Bot21 rotated right to face EAST
[14:35:41.856] Bot21 executed ROTATE_RIGHT
[14:35:41.856] Bot21 moved forward to (9,9)
[14:35:41.856] Bot21 executed MOVE_FORWARD
[14:35:41.856] Starting turn for Bot2
[14:35:41.856] Bot2 rotated left to face NORTH
[14:35:41.856] Bot2 executed ROTATE_LEFT
[14:35:41.856] Bot2 moved forward to (0,1)
[14:35:41.856] Bot2 executed MOVE_FORWARD
[14:35:41.856] Starting turn for Bot21
[14:35:41.856] Bot21 rotated left to face NORTH
[14:35:41.856] Bot21 executed ROTATE_LEFT
[14:35:41.856] Bot21 rotated left to face WEST
[14:35:41.856] Bot21 executed ROTATE_LEFT
[14:35:41.856] Bot21 moved forward to (9,8)
[14:35:41.856] Bot21 executed MOVE_FORWARD
[14:35:41.856] Starting turn for Bot2
[14:35:41.856] Bot2 rotated left to face WEST
[14:35:41.856] Bot2 executed ROTATE_LEFT
[14:35:41.856] Bot2 rotated left to face SOUTH
[14:35:41.856] Bot2 executed ROTATE_LEFT
[14:35:41.856] Bot2 moved forward to (1,1)
[14:35:41.856] Bot2 executed MOVE_FORWARD
[14:35:41.856] Starting turn for Bot21
[14:35:41.856] Bot21 rotated right to face NORTH
[14:35:41.856] Bot21 executed ROTATE_RIGHT
[14:35:41.856] Starting turn for Bot2
[14:35:41.856] Bot2 rotated left to face EAST
[14:35:41.856] Bot2 executed ROTATE_LEFT
[14:35:41.856] Starting turn for Bot21
[14:35:41.856] Starting turn for Bot2
[14:35:41.856] Starting turn for Bot21
[14:35:41.856] Bot21 rotated right to face EAST
[14:35:41.856] Bot21 executed ROTATE_RIGHT
[14:35:41.856] Bot21 moved forward to (9,9)
[14:35:41.856] Bot21 executed MOVE_FORWARD
[14:35:41.856] Starting turn for Bot2
[14:35:41.856] Bot2 rotated left to face NORTH
[14:35:41.856] Bot2 executed ROTATE_LEFT
[14:35:41.856] Bot2 moved forward to (0,1)
[14:35:41.856] Bot2 executed MOVE_FORWARD
[14:35:41.856] Starting turn for Bot21
[14:35:41.856] Bot21 rotated left to face NORTH
[14:35:41.856] Bot21 executed ROTATE_LEFT
[14:35:41.856] Bot21 rotated left to face WEST
[14:35:41.856] Bot21 executed ROTATE_LEFT
[14:35:41.856] Bot21 moved forward to (9,8)
[14:35:41.856] Bot21 executed MOVE_FORWARD
[14:35:41.856] Starting turn for Bot2
[14:35:41.856] Bot2 rotated left to face WEST
[14:35:41.856] Bot2 executed ROTATE_LEFT
[14:35:41.856] Bot2 rotated left to face SOUTH
[14:35:41.856] Bot2 executed ROTATE_LEFT
[14:35:41.856] Bot2 moved forward to (1,1)
[14:35:41.856] Bot2 executed MOVE_FORWARD
[14:35:41.857] Starting turn for Bot21
[14:35:41.857] Bot21 rotated right to face NORTH
[14:35:41.857] Bot21 executed ROTATE_RIGHT
[14:35:41.857] Starting turn for Bot2
[14:35:41.857] Bot2 rotated left to face EAST
[14:35:41.857] Bot2 executed ROTATE_LEFT
[14:35:41.857] Starting turn for Bot21
[14:35:41.857] Starting turn for Bot2
[14:35:41.857] Starting turn for Bot21
[14:35:41.857] Stalemate detected: State repeated 10 times, unchanged for 1 turns
[14:35:41.857] Game Over! Stalemate detected!
[14:35:41.857] Stalemate detected: State repeated 10 times, unchanged for 1 turns
