[14:36:01.807] === Game Started at 2025-02-04_14-36-01 ===
[14:36:01.807] Game initialized with 2 players
[14:36:01.807] Board size: 10
[14:36:01.807] Obstacle density: 0.05
[14:36:01.807] Max turns: 1000
[14:36:01.807] Player Bot16 starting at position (0,0) facing WEST
[14:36:01.807] Player Bot15 starting at position (9,9) facing WEST
[14:36:01.807] Obstacles at positions: (1,0) (1,2) (6,4) (8,8) (9,2)
[14:36:01.807] Starting turn for Bot16
[14:36:01.807] Bot16 rotated left to face SOUTH
[14:36:01.807] Bot16 executed ROTATE_LEFT
[14:36:01.807] Bot16 rotated left to face EAST
[14:36:01.807] Bot16 executed ROTATE_LEFT
[14:36:01.807] Bot16 moved forward to (0,1)
[14:36:01.807] Bot16 executed MOVE_FORWARD
[14:36:01.807] Starting turn for Bot15
[14:36:01.807] Bot15 moved forward to (9,8)
[14:36:01.807] Bot15 executed MOVE_FORWARD
[14:36:01.807] Starting turn for Bot16
[14:36:01.807] Bot16 rotated right to face SOUTH
[14:36:01.807] Bot16 executed ROTATE_RIGHT
[14:36:01.807] Bot16 moved forward to (1,1)
[14:36:01.807] Bot16 executed MOVE_FORWARD
[14:36:01.807] Starting turn for Bot15
[14:36:01.807] Bot15 rotated right to face NORTH
[14:36:01.807] Bot15 executed ROTATE_RIGHT
[14:36:01.807] Starting turn for Bot16
[14:36:01.807] Bot16 rotated left to face EAST
[14:36:01.807] Bot16 executed ROTATE_LEFT
[14:36:01.807] Starting turn for Bot15
[14:36:01.807] Starting turn for Bot16
[14:36:01.807] Starting turn for Bot15
[14:36:01.807] Bot15 rotated right to face EAST
[14:36:01.807] Bot15 executed ROTATE_RIGHT
[14:36:01.807] Bot15 moved forward to (9,9)
[14:36:01.807] Bot15 executed MOVE_FORWARD
[14:36:01.807] Starting turn for Bot16
[14:36:01.807] Bot16 rotated left to face NORTH
[14:36:01.807] Bot16 executed ROTATE_LEFT
[14:36:01.807] Bot16 moved forward to (0,1)
[14:36:01.807] Bot16 executed MOVE_FORWARD
[14:36:01.807] Starting turn for Bot15
[14:36:01.807] Bot15 rotated left to face NORTH
[14:36:01.807] Bot15 executed ROTATE_LEFT
[14:36:01.807] Bot15 rotated left to face WEST
[14:36:01.807] Bot15 executed ROTATE_LEFT
[14:36:01.807] Bot15 moved forward to (9,8)
[14:36:01.807] Bot15 executed MOVE_FORWARD
[14:36:01.807] Starting turn for Bot16
[14:36:01.807] Bot16 rotated left to face WEST
[14:36:01.807] Bot16 executed ROTATE_LEFT
[14:36:01.807] Bot16 rotated left to face SOUTH
[14:36:01.807] Bot16 executed ROTATE_LEFT
[14:36:01.807] Bot16 moved forward to (1,1)
[14:36:01.807] Bot16 executed MOVE_FORWARD
[14:36:01.807] Starting turn for Bot15
[14:36:01.807] Bot15 rotated right to face NORTH
[14:36:01.807] Bot15 executed ROTATE_RIGHT
[14:36:01.807] Starting turn for Bot16
[14:36:01.807] Bot16 rotated left to face EAST
[14:36:01.807] Bot16 executed ROTATE_LEFT
[14:36:01.807] Starting turn for Bot15
[14:36:01.807] Starting turn for Bot16
[14:36:01.807] Starting turn for Bot15
[14:36:01.807] Bot15 rotated right to face EAST
[14:36:01.807] Bot15 executed ROTATE_RIGHT
[14:36:01.807] Bot15 moved forward to (9,9)
[14:36:01.807] Bot15 executed MOVE_FORWARD
[14:36:01.807] Starting turn for Bot16
[14:36:01.807] Bot16 rotated left to face NORTH
[14:36:01.807] Bot16 executed ROTATE_LEFT
[14:36:01.807] Bot16 moved forward to (0,1)
[14:36:01.807] Bot16 executed MOVE_FORWARD
[14:36:01.807] Starting turn for Bot15
[14:36:01.807] Bot15 rotated left to face NORTH
[14:36:01.807] Bot15 executed ROTATE_LEFT
[14:36:01.807] Bot15 rotated left to face WEST
[14:36:01.807] Bot15 executed ROTATE_LEFT
[14:36:01.807] Bot15 moved forward to (9,8)
[14:36:01.807] Bot15 executed MOVE_FORWARD
[14:36:01.807] Starting turn for Bot16
[14:36:01.807] Bot16 rotated left to face WEST
[14:36:01.807] Bot16 executed ROTATE_LEFT
[14:36:01.807] Bot16 rotated left to face SOUTH
[14:36:01.807] Bot16 executed ROTATE_LEFT
[14:36:01.807] Bot16 moved forward to (1,1)
[14:36:01.807] Bot16 executed MOVE_FORWARD
[14:36:01.807] Starting turn for Bot15
[14:36:01.807] Bot15 rotated right to face NORTH
[14:36:01.807] Bot15 executed ROTATE_RIGHT
[14:36:01.807] Starting turn for Bot16
[14:36:01.807] Bot16 rotated left to face EAST
[14:36:01.807] Bot16 executed ROTATE_LEFT
[14:36:01.807] Starting turn for Bot15
[14:36:01.807] Starting turn for Bot16
[14:36:01.807] Starting turn for Bot15
[14:36:01.807] Bot15 rotated right to face EAST
[14:36:01.807] Bot15 executed ROTATE_RIGHT
[14:36:01.807] Bot15 moved forward to (9,9)
[14:36:01.807] Bot15 executed MOVE_FORWARD
[14:36:01.807] Starting turn for Bot16
[14:36:01.807] Bot16 rotated left to face NORTH
[14:36:01.807] Bot16 executed ROTATE_LEFT
[14:36:01.807] Bot16 moved forward to (0,1)
[14:36:01.807] Bot16 executed MOVE_FORWARD
[14:36:01.807] Starting turn for Bot15
[14:36:01.807] Bot15 rotated left to face NORTH
[14:36:01.807] Bot15 executed ROTATE_LEFT
[14:36:01.807] Bot15 rotated left to face WEST
[14:36:01.807] Bot15 executed ROTATE_LEFT
[14:36:01.807] Bot15 moved forward to (9,8)
[14:36:01.807] Bot15 executed MOVE_FORWARD
[14:36:01.807] Starting turn for Bot16
[14:36:01.807] Bot16 rotated left to face WEST
[14:36:01.807] Bot16 executed ROTATE_LEFT
[14:36:01.807] Bot16 rotated left to face SOUTH
[14:36:01.807] Bot16 executed ROTATE_LEFT
[14:36:01.807] Bot16 moved forward to (1,1)
[14:36:01.807] Bot16 executed MOVE_FORWARD
[14:36:01.807] Starting turn for Bot15
[14:36:01.807] Bot15 rotated right to face NORTH
[14:36:01.807] Bot15 executed ROTATE_RIGHT
[14:36:01.807] Starting turn for Bot16
[14:36:01.807] Bot16 rotated left to face EAST
[14:36:01.807] Bot16 executed ROTATE_LEFT
[14:36:01.807] Starting turn for Bot15
[14:36:01.807] Starting turn for Bot16
[14:36:01.807] Starting turn for Bot15
[14:36:01.807] Bot15 rotated right to face EAST
[14:36:01.807] Bot15 executed ROTATE_RIGHT
[14:36:01.807] Bot15 moved forward to (9,9)
[14:36:01.807] Bot15 executed MOVE_FORWARD
[14:36:01.807] Starting turn for Bot16
[14:36:01.807] Bot16 rotated left to face NORTH
[14:36:01.807] Bot16 executed ROTATE_LEFT
[14:36:01.807] Bot16 moved forward to (0,1)
[14:36:01.807] Bot16 executed MOVE_FORWARD
[14:36:01.807] Starting turn for Bot15
[14:36:01.807] Bot15 rotated left to face NORTH
[14:36:01.807] Bot15 executed ROTATE_LEFT
[14:36:01.807] Bot15 rotated left to face WEST
[14:36:01.807] Bot15 executed ROTATE_LEFT
[14:36:01.807] Bot15 moved forward to (9,8)
[14:36:01.807] Bot15 executed MOVE_FORWARD
[14:36:01.807] Starting turn for Bot16
[14:36:01.807] Bot16 rotated left to face WEST
[14:36:01.807] Bot16 executed ROTATE_LEFT
[14:36:01.807] Bot16 rotated left to face SOUTH
[14:36:01.807] Bot16 executed ROTATE_LEFT
[14:36:01.807] Bot16 moved forward to (1,1)
[14:36:01.807] Bot16 executed MOVE_FORWARD
[14:36:01.807] Starting turn for Bot15
[14:36:01.807] Bot15 rotated right to face NORTH
[14:36:01.807] Bot15 executed ROTATE_RIGHT
[14:36:01.807] Starting turn for Bot16
[14:36:01.807] Bot16 rotated left to face EAST
[14:36:01.807] Bot16 executed ROTATE_LEFT
[14:36:01.807] Starting turn for Bot15
[14:36:01.807] Starting turn for Bot16
[14:36:01.807] Starting turn for Bot15
[14:36:01.807] Stalemate detected: State repeated 10 times, unchanged for 1 turns
[14:36:01.807] Game Over! Stalemate detected!
[14:36:01.807] Stalemate detected: State repeated 10 times, unchanged for 1 turns
