[14:35:46.666] === Game Started at 2025-02-04_14-35-46 ===
[14:35:46.666] Game initialized with 2 players
[14:35:46.666] Board size: 10
[14:35:46.666] Obstacle density: 0.05
[14:35:46.666] Max turns: 1000
[14:35:46.666] Player Bot32 starting at position (0,0) facing EAST
[14:35:46.666] Player Bot4 starting at position (9,9) facing SOUTH
[14:35:46.666] Obstacles at positions: (1,7) (2,4) (2,5) (3,1) (7,7)
[14:35:46.666] Starting turn for Bot32
[14:35:46.666] Bot32 moved forward to (0,1)
[14:35:46.666] Bot32 executed MOVE_FORWARD
[14:35:46.666] Starting turn for Bot4
[14:35:46.666] Bot4 rotated right to face WEST
[14:35:46.666] Bot4 executed ROTATE_RIGHT
[14:35:46.666] Bot4 moved forward to (9,8)
[14:35:46.666] Bot4 executed MOVE_FORWARD
[14:35:46.666] Starting turn for Bot32
[14:35:46.666] Bot32 rotated right to face SOUTH
[14:35:46.666] Bot32 executed ROTATE_RIGHT
[14:35:46.666] Bot32 moved forward to (1,1)
[14:35:46.666] Bot32 executed MOVE_FORWARD
[14:35:46.666] Starting turn for Bot4
[14:35:46.666] Bot4 rotated right to face NORTH
[14:35:46.666] Bot4 executed ROTATE_RIGHT
[14:35:46.666] Bot4 moved forward to (8,8)
[14:35:46.666] Bot4 executed MOVE_FORWARD
[14:35:46.666] Starting turn for Bot32
[14:35:46.666] Bot32 rotated left to face EAST
[14:35:46.666] Bot32 executed ROTATE_LEFT
[14:35:46.666] Bot32 moved forward to (1,2)
[14:35:46.666] Bot32 executed MOVE_FORWARD
[14:35:46.666] Starting turn for Bot4
[14:35:46.666] Bot4 rotated left to face WEST
[14:35:46.666] Bot4 executed ROTATE_LEFT
[14:35:46.666] Bot4 moved forward to (8,7)
[14:35:46.666] Bot4 executed MOVE_FORWARD
[14:35:46.666] Starting turn for Bot32
[14:35:46.666] Bot32 rotated right to face SOUTH
[14:35:46.666] Bot32 executed ROTATE_RIGHT
[14:35:46.666] Bot32 moved forward to (2,2)
[14:35:46.666] Bot32 executed MOVE_FORWARD
[14:35:46.666] Starting turn for Bot4
[14:35:46.666] Bot4 rotated right to face NORTH
[14:35:46.666] Bot4 executed ROTATE_RIGHT
[14:35:46.666] Starting turn for Bot32
[14:35:46.666] Bot32 rotated left to face EAST
[14:35:46.666] Bot32 executed ROTATE_LEFT
[14:35:46.666] Bot32 moved forward to (2,3)
[14:35:46.666] Bot32 executed MOVE_FORWARD
[14:35:46.666] Starting turn for Bot4
[14:35:46.666] Starting turn for Bot32
[14:35:46.666] Bot32 rotated right to face SOUTH
[14:35:46.666] Bot32 executed ROTATE_RIGHT
[14:35:46.666] Bot32 moved forward to (3,3)
[14:35:46.666] Bot32 executed MOVE_FORWARD
[14:35:46.666] Starting turn for Bot4
[14:35:46.666] Bot4 rotated right to face EAST
[14:35:46.666] Bot4 executed ROTATE_RIGHT
[14:35:46.666] Bot4 moved forward to (8,8)
[14:35:46.666] Bot4 executed MOVE_FORWARD
[14:35:46.666] Starting turn for Bot32
[14:35:46.666] Bot32 rotated left to face EAST
[14:35:46.666] Bot32 executed ROTATE_LEFT
[14:35:46.666] Bot32 moved forward to (3,4)
[14:35:46.666] Bot32 executed MOVE_FORWARD
[14:35:46.666] Starting turn for Bot4
[14:35:46.666] Bot4 rotated left to face NORTH
[14:35:46.666] Bot4 executed ROTATE_LEFT
[14:35:46.666] Bot4 rotated left to face WEST
[14:35:46.666] Bot4 executed ROTATE_LEFT
[14:35:46.666] Bot4 moved forward to (8,7)
[14:35:46.666] Bot4 executed MOVE_FORWARD
[14:35:46.666] Starting turn for Bot32
[14:35:46.666] Bot32 rotated right to face SOUTH
[14:35:46.666] Bot32 executed ROTATE_RIGHT
[14:35:46.666] Bot32 moved forward to (4,4)
[14:35:46.666] Bot32 executed MOVE_FORWARD
[14:35:46.666] Starting turn for Bot4
[14:35:46.666] Bot4 rotated right to face NORTH
[14:35:46.666] Bot4 executed ROTATE_RIGHT
[14:35:46.666] Starting turn for Bot32
[14:35:46.666] Bot32 rotated left to face EAST
[14:35:46.666] Bot32 executed ROTATE_LEFT
[14:35:46.666] Bot32 moved forward to (4,5)
[14:35:46.666] Bot32 executed MOVE_FORWARD
[14:35:46.666] Starting turn for Bot4
[14:35:46.666] Starting turn for Bot32
[14:35:46.666] Bot32 rotated right to face SOUTH
[14:35:46.666] Bot32 executed ROTATE_RIGHT
[14:35:46.666] Bot32 moved forward to (5,5)
[14:35:46.666] Bot32 executed MOVE_FORWARD
[14:35:46.666] Starting turn for Bot4
[14:35:46.666] Bot4 rotated right to face EAST
[14:35:46.666] Bot4 executed ROTATE_RIGHT
[14:35:46.666] Bot4 moved forward to (8,8)
[14:35:46.666] Bot4 executed MOVE_FORWARD
[14:35:46.666] Starting turn for Bot32
[14:35:46.666] Starting turn for Bot4
[14:35:46.666] Bot4 rotated left to face NORTH
[14:35:46.666] Bot4 executed ROTATE_LEFT
[14:35:46.666] Bot4 rotated left to face WEST
[14:35:46.666] Bot4 executed ROTATE_LEFT
[14:35:46.666] Bot4 moved forward to (8,7)
[14:35:46.666] Bot4 executed MOVE_FORWARD
[14:35:46.666] Starting turn for Bot32
[14:35:46.666] Starting turn for Bot4
[14:35:46.666] Bot4 rotated right to face NORTH
[14:35:46.666] Bot4 executed ROTATE_RIGHT
[14:35:46.666] Starting turn for Bot32
[14:35:46.666] Starting turn for Bot4
[14:35:46.666] Starting turn for Bot32
[14:35:46.666] Starting turn for Bot4
[14:35:46.666] Bot4 rotated right to face EAST
[14:35:46.666] Bot4 executed ROTATE_RIGHT
[14:35:46.666] Bot4 moved forward to (8,8)
[14:35:46.666] Bot4 executed MOVE_FORWARD
[14:35:46.666] Starting turn for Bot32
[14:35:46.666] Starting turn for Bot4
[14:35:46.666] Bot4 rotated left to face NORTH
[14:35:46.666] Bot4 executed ROTATE_LEFT
[14:35:46.666] Bot4 rotated left to face WEST
[14:35:46.666] Bot4 executed ROTATE_LEFT
[14:35:46.666] Bot4 moved forward to (8,7)
[14:35:46.666] Bot4 executed MOVE_FORWARD
[14:35:46.666] Starting turn for Bot32
[14:35:46.666] Starting turn for Bot4
[14:35:46.666] Bot4 rotated right to face NORTH
[14:35:46.666] Bot4 executed ROTATE_RIGHT
[14:35:46.666] Starting turn for Bot32
[14:35:46.666] Starting turn for Bot4
[14:35:46.666] Starting turn for Bot32
[14:35:46.666] Starting turn for Bot4
[14:35:46.666] Bot4 rotated right to face EAST
[14:35:46.666] Bot4 executed ROTATE_RIGHT
[14:35:46.666] Bot4 moved forward to (8,8)
[14:35:46.666] Bot4 executed MOVE_FORWARD
[14:35:46.666] Starting turn for Bot32
[14:35:46.666] Starting turn for Bot4
[14:35:46.666] Bot4 rotated left to face NORTH
[14:35:46.666] Bot4 executed ROTATE_LEFT
[14:35:46.666] Bot4 rotated left to face WEST
[14:35:46.666] Bot4 executed ROTATE_LEFT
[14:35:46.666] Bot4 moved forward to (8,7)
[14:35:46.666] Bot4 executed MOVE_FORWARD
[14:35:46.666] Starting turn for Bot32
[14:35:46.666] Starting turn for Bot4
[14:35:46.666] Bot4 rotated right to face NORTH
[14:35:46.666] Bot4 executed ROTATE_RIGHT
[14:35:46.666] Starting turn for Bot32
[14:35:46.666] Stalemate detected: State repeated 10 times, unchanged for 1 turns
[14:35:46.666] Game Over! Stalemate detected!
[14:35:46.666] Stalemate detected: State repeated 10 times, unchanged for 1 turns
