[14:36:05.384] === Game Started at 2025-02-04_14-36-05 ===
[14:36:05.384] Game initialized with 2 players
[14:36:05.384] Board size: 10
[14:36:05.384] Obstacle density: 0.05
[14:36:05.384] Max turns: 1000
[14:36:05.384] Player Bot18 starting at position (0,0) facing NORTH
[14:36:05.384] Player Bot23 starting at position (9,9) facing EAST
[14:36:05.384] Obstacles at positions: (0,7) (3,8) (4,6) (8,2) (8,8)
[14:36:05.384] Starting turn for Bot18
[14:36:05.384] Bot18 rotated right to face EAST
[14:36:05.384] Bot18 executed ROTATE_RIGHT
[14:36:05.384] Bot18 moved forward to (0,1)
[14:36:05.384] Bot18 executed MOVE_FORWARD
[14:36:05.384] Starting turn for Bot23
[14:36:05.384] Bot23 rotated left to face NORTH
[14:36:05.384] Bot23 executed ROTATE_LEFT
[14:36:05.384] Bot23 rotated left to face WEST
[14:36:05.384] Bot23 executed ROTATE_LEFT
[14:36:05.384] Bot23 moved forward to (9,8)
[14:36:05.384] Bot23 executed MOVE_FORWARD
[14:36:05.384] Starting turn for Bot18
[14:36:05.384] Bot18 rotated right to face SOUTH
[14:36:05.384] Bot18 executed ROTATE_RIGHT
[14:36:05.384] Bot18 moved forward to (1,1)
[14:36:05.384] Bot18 executed MOVE_FORWARD
[14:36:05.384] Starting turn for Bot23
[14:36:05.384] Bot23 rotated right to face NORTH
[14:36:05.384] Bot23 executed ROTATE_RIGHT
[14:36:05.384] Starting turn for Bot18
[14:36:05.384] Bot18 rotated left to face EAST
[14:36:05.384] Bot18 executed ROTATE_LEFT
[14:36:05.384] Bot18 moved forward to (1,2)
[14:36:05.384] Bot18 executed MOVE_FORWARD
[14:36:05.384] Starting turn for Bot23
[14:36:05.384] Starting turn for Bot18
[14:36:05.384] Bot18 rotated right to face SOUTH
[14:36:05.384] Bot18 executed ROTATE_RIGHT
[14:36:05.384] Bot18 moved forward to (2,2)
[14:36:05.384] Bot18 executed MOVE_FORWARD
[14:36:05.384] Starting turn for Bot23
[14:36:05.384] Bot23 rotated right to face EAST
[14:36:05.384] Bot23 executed ROTATE_RIGHT
[14:36:05.384] Bot23 moved forward to (9,9)
[14:36:05.384] Bot23 executed MOVE_FORWARD
[14:36:05.384] Starting turn for Bot18
[14:36:05.384] Bot18 rotated left to face EAST
[14:36:05.384] Bot18 executed ROTATE_LEFT
[14:36:05.384] Bot18 moved forward to (2,3)
[14:36:05.384] Bot18 executed MOVE_FORWARD
[14:36:05.384] Starting turn for Bot23
[14:36:05.384] Bot23 rotated left to face NORTH
[14:36:05.384] Bot23 executed ROTATE_LEFT
[14:36:05.384] Bot23 rotated left to face WEST
[14:36:05.384] Bot23 executed ROTATE_LEFT
[14:36:05.384] Bot23 moved forward to (9,8)
[14:36:05.384] Bot23 executed MOVE_FORWARD
[14:36:05.384] Starting turn for Bot18
[14:36:05.384] Bot18 rotated right to face SOUTH
[14:36:05.384] Bot18 executed ROTATE_RIGHT
[14:36:05.384] Bot18 moved forward to (3,3)
[14:36:05.384] Bot18 executed MOVE_FORWARD
[14:36:05.384] Starting turn for Bot23
[14:36:05.384] Bot23 rotated right to face NORTH
[14:36:05.384] Bot23 executed ROTATE_RIGHT
[14:36:05.384] Starting turn for Bot18
[14:36:05.384] Bot18 rotated left to face EAST
[14:36:05.384] Bot18 executed ROTATE_LEFT
[14:36:05.384] Bot18 moved forward to (3,4)
[14:36:05.384] Bot18 executed MOVE_FORWARD
[14:36:05.384] Starting turn for Bot23
[14:36:05.384] Starting turn for Bot18
[14:36:05.384] Bot18 rotated right to face SOUTH
[14:36:05.384] Bot18 executed ROTATE_RIGHT
[14:36:05.384] Bot18 moved forward to (4,4)
[14:36:05.384] Bot18 executed MOVE_FORWARD
[14:36:05.384] Starting turn for Bot23
[14:36:05.384] Bot23 rotated right to face EAST
[14:36:05.384] Bot23 executed ROTATE_RIGHT
[14:36:05.384] Bot23 moved forward to (9,9)
[14:36:05.384] Bot23 executed MOVE_FORWARD
[14:36:05.384] Starting turn for Bot18
[14:36:05.384] Bot18 rotated left to face EAST
[14:36:05.384] Bot18 executed ROTATE_LEFT
[14:36:05.384] Bot18 moved forward to (4,5)
[14:36:05.384] Bot18 executed MOVE_FORWARD
[14:36:05.384] Starting turn for Bot23
[14:36:05.384] Bot23 rotated left to face NORTH
[14:36:05.384] Bot23 executed ROTATE_LEFT
[14:36:05.384] Bot23 rotated left to face WEST
[14:36:05.384] Bot23 executed ROTATE_LEFT
[14:36:05.384] Bot23 moved forward to (9,8)
[14:36:05.384] Bot23 executed MOVE_FORWARD
[14:36:05.384] Starting turn for Bot18
[14:36:05.384] Bot18 rotated right to face SOUTH
[14:36:05.384] Bot18 executed ROTATE_RIGHT
[14:36:05.384] Bot18 moved forward to (5,5)
[14:36:05.384] Bot18 executed MOVE_FORWARD
[14:36:05.384] Starting turn for Bot23
[14:36:05.384] Bot23 rotated right to face NORTH
[14:36:05.384] Bot23 executed ROTATE_RIGHT
[14:36:05.384] Starting turn for Bot18
[14:36:05.384] Starting turn for Bot23
[14:36:05.384] Starting turn for Bot18
[14:36:05.384] Starting turn for Bot23
[14:36:05.384] Bot23 rotated right to face EAST
[14:36:05.384] Bot23 executed ROTATE_RIGHT
[14:36:05.384] Bot23 moved forward to (9,9)
[14:36:05.384] Bot23 executed MOVE_FORWARD
[14:36:05.384] Starting turn for Bot18
[14:36:05.384] Starting turn for Bot23
[14:36:05.384] Bot23 rotated left to face NORTH
[14:36:05.384] Bot23 executed ROTATE_LEFT
[14:36:05.384] Bot23 rotated left to face WEST
[14:36:05.384] Bot23 executed ROTATE_LEFT
[14:36:05.384] Bot23 moved forward to (9,8)
[14:36:05.384] Bot23 executed MOVE_FORWARD
[14:36:05.384] Starting turn for Bot18
[14:36:05.384] Starting turn for Bot23
[14:36:05.384] Bot23 rotated right to face NORTH
[14:36:05.384] Bot23 executed ROTATE_RIGHT
[14:36:05.384] Starting turn for Bot18
[14:36:05.384] Starting turn for Bot23
[14:36:05.384] Starting turn for Bot18
[14:36:05.384] Starting turn for Bot23
[14:36:05.384] Bot23 rotated right to face EAST
[14:36:05.384] Bot23 executed ROTATE_RIGHT
[14:36:05.384] Bot23 moved forward to (9,9)
[14:36:05.384] Bot23 executed MOVE_FORWARD
[14:36:05.384] Starting turn for Bot18
[14:36:05.384] Starting turn for Bot23
[14:36:05.384] Bot23 rotated left to face NORTH
[14:36:05.384] Bot23 executed ROTATE_LEFT
[14:36:05.384] Bot23 rotated left to face WEST
[14:36:05.384] Bot23 executed ROTATE_LEFT
[14:36:05.384] Bot23 moved forward to (9,8)
[14:36:05.384] Bot23 executed MOVE_FORWARD
[14:36:05.384] Starting turn for Bot18
[14:36:05.384] Starting turn for Bot23
[14:36:05.384] Bot23 rotated right to face NORTH
[14:36:05.384] Bot23 executed ROTATE_RIGHT
[14:36:05.384] Starting turn for Bot18
[14:36:05.384] Starting turn for Bot23
[14:36:05.384] Starting turn for Bot18
[14:36:05.384] Starting turn for Bot23
[14:36:05.384] Stalemate detected: State repeated 10 times, unchanged for 2 turns
[14:36:05.384] Game Over! Stalemate detected!
[14:36:05.384] Stalemate detected: State repeated 10 times, unchanged for 2 turns
