[14:35:58.956] === Game Started at 2025-02-04_14-35-58 ===
[14:35:58.956] Game initialized with 2 players
[14:35:58.956] Board size: 10
[14:35:58.956] Obstacle density: 0.05
[14:35:58.956] Max turns: 1000
[14:35:58.956] Player Bot31 starting at position (0,0) facing NORTH
[14:35:58.956] Player Bot12 starting at position (9,9) facing NORTH
[14:35:58.956] Obstacles at positions: (0,2) (2,0) (4,7) (5,3) (7,9)
[14:35:58.956] Starting turn for Bot31
[14:35:58.956] Bot31 rotated right to face EAST
[14:35:58.956] Bot31 executed ROTATE_RIGHT
[14:35:58.956] Bot31 moved forward to (0,1)
[14:35:58.956] Bot31 executed MOVE_FORWARD
[14:35:58.956] Starting turn for Bot12
[14:35:58.956] Bot12 rotated left to face WEST
[14:35:58.956] Bot12 executed ROTATE_LEFT
[14:35:58.956] Bot12 moved forward to (9,8)
[14:35:58.956] Bot12 executed MOVE_FORWARD
[14:35:58.956] Starting turn for Bot31
[14:35:58.956] Bot31 rotated right to face SOUTH
[14:35:58.956] Bot31 executed ROTATE_RIGHT
[14:35:58.956] Bot31 moved forward to (1,1)
[14:35:58.956] Bot31 executed MOVE_FORWARD
[14:35:58.956] Starting turn for Bot12
[14:35:58.956] Bot12 rotated right to face NORTH
[14:35:58.956] Bot12 executed ROTATE_RIGHT
[14:35:58.956] Bot12 moved forward to (8,8)
[14:35:58.956] Bot12 executed MOVE_FORWARD
[14:35:58.956] Starting turn for Bot31
[14:35:58.956] Bot31 rotated left to face EAST
[14:35:58.956] Bot31 executed ROTATE_LEFT
[14:35:58.956] Bot31 moved forward to (1,2)
[14:35:58.956] Bot31 executed MOVE_FORWARD
[14:35:58.956] Starting turn for Bot12
[14:35:58.956] Bot12 rotated left to face WEST
[14:35:58.956] Bot12 executed ROTATE_LEFT
[14:35:58.956] Bot12 moved forward to (8,7)
[14:35:58.956] Bot12 executed MOVE_FORWARD
[14:35:58.956] Starting turn for Bot31
[14:35:58.956] Bot31 rotated right to face SOUTH
[14:35:58.956] Bot31 executed ROTATE_RIGHT
[14:35:58.956] Bot31 moved forward to (2,2)
[14:35:58.956] Bot31 executed MOVE_FORWARD
[14:35:58.956] Starting turn for Bot12
[14:35:58.956] Bot12 rotated right to face NORTH
[14:35:58.956] Bot12 executed ROTATE_RIGHT
[14:35:58.956] Bot12 moved forward to (7,7)
[14:35:58.956] Bot12 executed MOVE_FORWARD
[14:35:58.956] Starting turn for Bot31
[14:35:58.956] Bot31 rotated left to face EAST
[14:35:58.956] Bot31 executed ROTATE_LEFT
[14:35:58.956] Bot31 moved forward to (2,3)
[14:35:58.956] Bot31 executed MOVE_FORWARD
[14:35:58.956] Starting turn for Bot12
[14:35:58.956] Bot12 rotated left to face WEST
[14:35:58.956] Bot12 executed ROTATE_LEFT
[14:35:58.956] Bot12 moved forward to (7,6)
[14:35:58.956] Bot12 executed MOVE_FORWARD
[14:35:58.956] Starting turn for Bot31
[14:35:58.956] Bot31 rotated right to face SOUTH
[14:35:58.956] Bot31 executed ROTATE_RIGHT
[14:35:58.956] Bot31 moved forward to (3,3)
[14:35:58.956] Bot31 executed MOVE_FORWARD
[14:35:58.956] Starting turn for Bot12
[14:35:58.956] Bot12 rotated right to face NORTH
[14:35:58.956] Bot12 executed ROTATE_RIGHT
[14:35:58.956] Bot12 moved forward to (6,6)
[14:35:58.956] Bot12 executed MOVE_FORWARD
[14:35:58.956] Starting turn for Bot31
[14:35:58.956] Bot31 rotated left to face EAST
[14:35:58.956] Bot31 executed ROTATE_LEFT
[14:35:58.956] Bot31 moved forward to (3,4)
[14:35:58.956] Bot31 executed MOVE_FORWARD
[14:35:58.956] Starting turn for Bot12
[14:35:58.956] Bot12 rotated left to face WEST
[14:35:58.956] Bot12 executed ROTATE_LEFT
[14:35:58.956] Bot12 moved forward to (6,5)
[14:35:58.956] Bot12 executed MOVE_FORWARD
[14:35:58.956] Starting turn for Bot31
[14:35:58.956] Bot31 rotated right to face SOUTH
[14:35:58.956] Bot31 executed ROTATE_RIGHT
[14:35:58.956] Bot31 moved forward to (4,4)
[14:35:58.956] Bot31 executed MOVE_FORWARD
[14:35:58.956] Starting turn for Bot12
[14:35:58.956] Bot12 rotated right to face NORTH
[14:35:58.956] Bot12 executed ROTATE_RIGHT
[14:35:58.956] Bot12 moved forward to (5,5)
[14:35:58.956] Bot12 executed MOVE_FORWARD
[14:35:58.956] Starting turn for Bot31
[14:35:58.956] Bot31 rotated left to face EAST
[14:35:58.956] Bot31 executed ROTATE_LEFT
[14:35:58.956] Bot31 moved forward to (4,5)
[14:35:58.956] Bot31 executed MOVE_FORWARD
[14:35:58.956] Starting turn for Bot12
[14:35:58.956] Bot12 shooting in direction NORTH
[14:35:58.956] Bot12 hit Bot31 for 25 damage (health: 100 -> 75)
[14:35:58.956] Bot12 executed SHOOT
[14:35:58.956] Starting turn for Bot31
[14:35:58.956] Bot31 rotated right to face SOUTH
[14:35:58.956] Bot31 executed ROTATE_RIGHT
[14:35:58.956] Starting turn for Bot12
[14:35:58.956] Bot12 shooting in direction NORTH
[14:35:58.956] Bot12 hit Bot31 for 25 damage (health: 75 -> 50)
[14:35:58.956] Bot12 executed SHOOT
[14:35:58.956] Starting turn for Bot31
[14:35:58.956] Bot31 shooting in direction SOUTH
[14:35:58.956] Bot31 hit Bot12 for 25 damage (health: 100 -> 75)
[14:35:58.956] Bot31 executed SHOOT
[14:35:58.956] Starting turn for Bot12
[14:35:58.956] Bot12 shooting in direction NORTH
[14:35:58.956] Bot12 hit Bot31 for 25 damage (health: 50 -> 25)
[14:35:58.956] Bot12 executed SHOOT
[14:35:58.956] Starting turn for Bot31
[14:35:58.956] Bot31 shooting in direction SOUTH
[14:35:58.956] Bot31 hit Bot12 for 25 damage (health: 75 -> 50)
[14:35:58.956] Bot31 executed SHOOT
[14:35:58.956] Starting turn for Bot12
[14:35:58.956] Bot12 shooting in direction NORTH
[14:35:58.956] Bot12 hit Bot31 for 25 damage (health: 25 -> 0)
[14:35:58.956] Bot31 was destroyed!
[14:35:58.956] Bot12 is the last tank standing!
[14:35:58.956] Bot12 executed SHOOT
[14:35:58.956] Game Over! Bot12 wins!
[14:35:58.956] === Game Ended ===
