[14:35:51.358] === Game Started at 2025-02-04_14-35-51 ===
[14:35:51.358] Game initialized with 2 players
[14:35:51.358] Board size: 10
[14:35:51.358] Obstacle density: 0.05
[14:35:51.358] Max turns: 1000
[14:35:51.358] Player Bot16 starting at position (0,0) facing NORTH
[14:35:51.358] Player Bot7 starting at position (9,9) facing NORTH
[14:35:51.358] Obstacles at positions: (2,6) (3,4) (3,5) (3,9) (7,1)
[14:35:51.358] Starting turn for Bot16
[14:35:51.358] Bot16 rotated right to face EAST
[14:35:51.358] Bot16 executed ROTATE_RIGHT
[14:35:51.358] Bot16 moved forward to (0,1)
[14:35:51.358] Bot16 executed MOVE_FORWARD
[14:35:51.358] Starting turn for Bot7
[14:35:51.358] Bot7 rotated left to face WEST
[14:35:51.358] Bot7 executed ROTATE_LEFT
[14:35:51.358] Bot7 moved forward to (9,8)
[14:35:51.358] Bot7 executed MOVE_FORWARD
[14:35:51.358] Starting turn for Bot16
[14:35:51.358] Bot16 rotated right to face SOUTH
[14:35:51.358] Bot16 executed ROTATE_RIGHT
[14:35:51.358] Bot16 moved forward to (1,1)
[14:35:51.358] Bot16 executed MOVE_FORWARD
[14:35:51.358] Starting turn for Bot7
[14:35:51.358] Bot7 rotated right to face NORTH
[14:35:51.358] Bot7 executed ROTATE_RIGHT
[14:35:51.358] Bot7 moved forward to (8,8)
[14:35:51.358] Bot7 executed MOVE_FORWARD
[14:35:51.358] Starting turn for Bot16
[14:35:51.358] Bot16 rotated left to face EAST
[14:35:51.358] Bot16 executed ROTATE_LEFT
[14:35:51.358] Bot16 moved forward to (1,2)
[14:35:51.358] Bot16 executed MOVE_FORWARD
[14:35:51.358] Starting turn for Bot7
[14:35:51.358] Bot7 rotated left to face WEST
[14:35:51.358] Bot7 executed ROTATE_LEFT
[14:35:51.358] Bot7 moved forward to (8,7)
[14:35:51.358] Bot7 executed MOVE_FORWARD
[14:35:51.358] Starting turn for Bot16
[14:35:51.358] Bot16 rotated right to face SOUTH
[14:35:51.358] Bot16 executed ROTATE_RIGHT
[14:35:51.358] Bot16 moved forward to (2,2)
[14:35:51.358] Bot16 executed MOVE_FORWARD
[14:35:51.358] Starting turn for Bot7
[14:35:51.358] Bot7 rotated right to face NORTH
[14:35:51.358] Bot7 executed ROTATE_RIGHT
[14:35:51.358] Bot7 moved forward to (7,7)
[14:35:51.358] Bot7 executed MOVE_FORWARD
[14:35:51.358] Starting turn for Bot16
[14:35:51.358] Bot16 rotated left to face EAST
[14:35:51.358] Bot16 executed ROTATE_LEFT
[14:35:51.358] Bot16 moved forward to (2,3)
[14:35:51.358] Bot16 executed MOVE_FORWARD
[14:35:51.358] Starting turn for Bot7
[14:35:51.358] Bot7 rotated left to face WEST
[14:35:51.358] Bot7 executed ROTATE_LEFT
[14:35:51.358] Bot7 moved forward to (7,6)
[14:35:51.358] Bot7 executed MOVE_FORWARD
[14:35:51.358] Starting turn for Bot16
[14:35:51.358] Bot16 rotated right to face SOUTH
[14:35:51.358] Bot16 executed ROTATE_RIGHT
[14:35:51.358] Bot16 moved forward to (3,3)
[14:35:51.358] Bot16 executed MOVE_FORWARD
[14:35:51.358] Starting turn for Bot7
[14:35:51.358] Bot7 rotated right to face NORTH
[14:35:51.358] Bot7 executed ROTATE_RIGHT
[14:35:51.358] Bot7 moved forward to (6,6)
[14:35:51.358] Bot7 executed MOVE_FORWARD
[14:35:51.358] Starting turn for Bot16
[14:35:51.358] Bot16 rotated left to face EAST
[14:35:51.358] Bot16 executed ROTATE_LEFT
[14:35:51.358] Starting turn for Bot7
[14:35:51.358] Bot7 rotated left to face WEST
[14:35:51.358] Bot7 executed ROTATE_LEFT
[14:35:51.358] Bot7 moved forward to (6,5)
[14:35:51.358] Bot7 executed MOVE_FORWARD
[14:35:51.358] Starting turn for Bot16
[14:35:51.358] Starting turn for Bot7
[14:35:51.358] Bot7 rotated right to face NORTH
[14:35:51.358] Bot7 executed ROTATE_RIGHT
[14:35:51.358] Bot7 moved forward to (5,5)
[14:35:51.358] Bot7 executed MOVE_FORWARD
[14:35:51.358] Starting turn for Bot16
[14:35:51.358] Bot16 rotated left to face NORTH
[14:35:51.358] Bot16 executed ROTATE_LEFT
[14:35:51.358] Bot16 moved forward to (2,3)
[14:35:51.358] Bot16 executed MOVE_FORWARD
[14:35:51.358] Starting turn for Bot7
[14:35:51.358] Starting turn for Bot16
[14:35:51.358] Bot16 rotated left to face WEST
[14:35:51.358] Bot16 executed ROTATE_LEFT
[14:35:51.358] Bot16 rotated left to face SOUTH
[14:35:51.358] Bot16 executed ROTATE_LEFT
[14:35:51.358] Bot16 moved forward to (3,3)
[14:35:51.358] Bot16 executed MOVE_FORWARD
[14:35:51.358] Starting turn for Bot7
[14:35:51.358] Starting turn for Bot16
[14:35:51.358] Bot16 rotated left to face EAST
[14:35:51.358] Bot16 executed ROTATE_LEFT
[14:35:51.358] Starting turn for Bot7
[14:35:51.358] Starting turn for Bot16
[14:35:51.358] Starting turn for Bot7
[14:35:51.358] Starting turn for Bot16
[14:35:51.358] Bot16 rotated left to face NORTH
[14:35:51.358] Bot16 executed ROTATE_LEFT
[14:35:51.358] Bot16 moved forward to (2,3)
[14:35:51.358] Bot16 executed MOVE_FORWARD
[14:35:51.358] Starting turn for Bot7
[14:35:51.358] Starting turn for Bot16
[14:35:51.358] Bot16 rotated left to face WEST
[14:35:51.358] Bot16 executed ROTATE_LEFT
[14:35:51.358] Bot16 rotated left to face SOUTH
[14:35:51.358] Bot16 executed ROTATE_LEFT
[14:35:51.358] Bot16 moved forward to (3,3)
[14:35:51.358] Bot16 executed MOVE_FORWARD
[14:35:51.358] Starting turn for Bot7
[14:35:51.358] Starting turn for Bot16
[14:35:51.358] Bot16 rotated left to face EAST
[14:35:51.358] Bot16 executed ROTATE_LEFT
[14:35:51.358] Starting turn for Bot7
[14:35:51.358] Starting turn for Bot16
[14:35:51.358] Starting turn for Bot7
[14:35:51.358] Starting turn for Bot16
[14:35:51.358] Bot16 rotated left to face NORTH
[14:35:51.358] Bot16 executed ROTATE_LEFT
[14:35:51.358] Bot16 moved forward to (2,3)
[14:35:51.358] Bot16 executed MOVE_FORWARD
[14:35:51.358] Starting turn for Bot7
[14:35:51.358] Starting turn for Bot16
[14:35:51.358] Bot16 rotated left to face WEST
[14:35:51.358] Bot16 executed ROTATE_LEFT
[14:35:51.358] Bot16 rotated left to face SOUTH
[14:35:51.358] Bot16 executed ROTATE_LEFT
[14:35:51.358] Bot16 moved forward to (3,3)
[14:35:51.358] Bot16 executed MOVE_FORWARD
[14:35:51.358] Starting turn for Bot7
[14:35:51.358] Starting turn for Bot16
[14:35:51.358] Bot16 rotated left to face EAST
[14:35:51.358] Bot16 executed ROTATE_LEFT
[14:35:51.358] Starting turn for Bot7
[14:35:51.358] Starting turn for Bot16
[14:35:51.358] Starting turn for Bot7
[14:35:51.358] Stalemate detected: State repeated 10 times, unchanged for 3 turns
[14:35:51.358] Game Over! Stalemate detected!
[14:35:51.358] Stalemate detected: State repeated 10 times, unchanged for 3 turns
