[14:36:14.158] === Game Started at 2025-02-04_14-36-14 ===
[14:36:14.158] Game initialized with 2 players
[14:36:14.158] Board size: 10
[14:36:14.158] Obstacle density: 0.05
[14:36:14.158] Max turns: 1000
[14:36:14.158] Player Bot30 starting at position (0,0) facing EAST
[14:36:14.158] Player Bot36 starting at position (9,9) facing EAST
[14:36:14.158] Obstacles at positions: (2,3) (6,7) (7,2) (8,8) (9,6)
[14:36:14.158] Starting turn for Bot30
[14:36:14.158] Bot30 moved forward to (0,1)
[14:36:14.158] Bot30 executed MOVE_FORWARD
[14:36:14.158] Starting turn for Bot36
[14:36:14.158] Bot36 rotated left to face NORTH
[14:36:14.158] Bot36 executed ROTATE_LEFT
[14:36:14.158] Bot36 rotated left to face WEST
[14:36:14.158] Bot36 executed ROTATE_LEFT
[14:36:14.158] Bot36 moved forward to (9,8)
[14:36:14.158] Bot36 executed MOVE_FORWARD
[14:36:14.158] Starting turn for Bot30
[14:36:14.158] Bot30 rotated right to face SOUTH
[14:36:14.158] Bot30 executed ROTATE_RIGHT
[14:36:14.158] Bot30 moved forward to (1,1)
[14:36:14.158] Bot30 executed MOVE_FORWARD
[14:36:14.158] Starting turn for Bot36
[14:36:14.158] Bot36 rotated right to face NORTH
[14:36:14.158] Bot36 executed ROTATE_RIGHT
[14:36:14.158] Starting turn for Bot30
[14:36:14.158] Bot30 rotated left to face EAST
[14:36:14.158] Bot30 executed ROTATE_LEFT
[14:36:14.158] Bot30 moved forward to (1,2)
[14:36:14.158] Bot30 executed MOVE_FORWARD
[14:36:14.158] Starting turn for Bot36
[14:36:14.158] Starting turn for Bot30
[14:36:14.158] Bot30 rotated right to face SOUTH
[14:36:14.158] Bot30 executed ROTATE_RIGHT
[14:36:14.158] Bot30 moved forward to (2,2)
[14:36:14.158] Bot30 executed MOVE_FORWARD
[14:36:14.158] Starting turn for Bot36
[14:36:14.158] Bot36 rotated right to face EAST
[14:36:14.158] Bot36 executed ROTATE_RIGHT
[14:36:14.158] Bot36 moved forward to (9,9)
[14:36:14.158] Bot36 executed MOVE_FORWARD
[14:36:14.158] Starting turn for Bot30
[14:36:14.158] Bot30 rotated left to face EAST
[14:36:14.158] Bot30 executed ROTATE_LEFT
[14:36:14.158] Starting turn for Bot36
[14:36:14.158] Bot36 rotated left to face NORTH
[14:36:14.158] Bot36 executed ROTATE_LEFT
[14:36:14.158] Bot36 rotated left to face WEST
[14:36:14.158] Bot36 executed ROTATE_LEFT
[14:36:14.158] Bot36 moved forward to (9,8)
[14:36:14.158] Bot36 executed MOVE_FORWARD
[14:36:14.158] Starting turn for Bot30
[14:36:14.158] Starting turn for Bot36
[14:36:14.158] Bot36 rotated right to face NORTH
[14:36:14.158] Bot36 executed ROTATE_RIGHT
[14:36:14.158] Starting turn for Bot30
[14:36:14.158] Bot30 rotated left to face NORTH
[14:36:14.158] Bot30 executed ROTATE_LEFT
[14:36:14.158] Bot30 moved forward to (1,2)
[14:36:14.158] Bot30 executed MOVE_FORWARD
[14:36:14.158] Starting turn for Bot36
[14:36:14.158] Starting turn for Bot30
[14:36:14.158] Bot30 rotated left to face WEST
[14:36:14.158] Bot30 executed ROTATE_LEFT
[14:36:14.158] Bot30 rotated left to face SOUTH
[14:36:14.158] Bot30 executed ROTATE_LEFT
[14:36:14.158] Bot30 moved forward to (2,2)
[14:36:14.158] Bot30 executed MOVE_FORWARD
[14:36:14.158] Starting turn for Bot36
[14:36:14.158] Bot36 rotated right to face EAST
[14:36:14.158] Bot36 executed ROTATE_RIGHT
[14:36:14.158] Bot36 moved forward to (9,9)
[14:36:14.158] Bot36 executed MOVE_FORWARD
[14:36:14.158] Starting turn for Bot30
[14:36:14.159] Bot30 rotated left to face EAST
[14:36:14.159] Bot30 executed ROTATE_LEFT
[14:36:14.159] Starting turn for Bot36
[14:36:14.159] Bot36 rotated left to face NORTH
[14:36:14.159] Bot36 executed ROTATE_LEFT
[14:36:14.159] Bot36 rotated left to face WEST
[14:36:14.159] Bot36 executed ROTATE_LEFT
[14:36:14.159] Bot36 moved forward to (9,8)
[14:36:14.159] Bot36 executed MOVE_FORWARD
[14:36:14.159] Starting turn for Bot30
[14:36:14.159] Starting turn for Bot36
[14:36:14.159] Bot36 rotated right to face NORTH
[14:36:14.159] Bot36 executed ROTATE_RIGHT
[14:36:14.159] Starting turn for Bot30
[14:36:14.159] Bot30 rotated left to face NORTH
[14:36:14.159] Bot30 executed ROTATE_LEFT
[14:36:14.159] Bot30 moved forward to (1,2)
[14:36:14.159] Bot30 executed MOVE_FORWARD
[14:36:14.159] Starting turn for Bot36
[14:36:14.159] Starting turn for Bot30
[14:36:14.159] Bot30 rotated left to face WEST
[14:36:14.159] Bot30 executed ROTATE_LEFT
[14:36:14.159] Bot30 rotated left to face SOUTH
[14:36:14.159] Bot30 executed ROTATE_LEFT
[14:36:14.159] Bot30 moved forward to (2,2)
[14:36:14.159] Bot30 executed MOVE_FORWARD
[14:36:14.159] Starting turn for Bot36
[14:36:14.159] Bot36 rotated right to face EAST
[14:36:14.159] Bot36 executed ROTATE_RIGHT
[14:36:14.159] Bot36 moved forward to (9,9)
[14:36:14.159] Bot36 executed MOVE_FORWARD
[14:36:14.159] Starting turn for Bot30
[14:36:14.159] Bot30 rotated left to face EAST
[14:36:14.159] Bot30 executed ROTATE_LEFT
[14:36:14.159] Starting turn for Bot36
[14:36:14.159] Bot36 rotated left to face NORTH
[14:36:14.159] Bot36 executed ROTATE_LEFT
[14:36:14.159] Bot36 rotated left to face WEST
[14:36:14.159] Bot36 executed ROTATE_LEFT
[14:36:14.159] Bot36 moved forward to (9,8)
[14:36:14.159] Bot36 executed MOVE_FORWARD
[14:36:14.159] Starting turn for Bot30
[14:36:14.159] Starting turn for Bot36
[14:36:14.159] Bot36 rotated right to face NORTH
[14:36:14.159] Bot36 executed ROTATE_RIGHT
[14:36:14.159] Starting turn for Bot30
[14:36:14.159] Bot30 rotated left to face NORTH
[14:36:14.159] Bot30 executed ROTATE_LEFT
[14:36:14.159] Bot30 moved forward to (1,2)
[14:36:14.159] Bot30 executed MOVE_FORWARD
[14:36:14.159] Starting turn for Bot36
[14:36:14.159] Starting turn for Bot30
[14:36:14.159] Bot30 rotated left to face WEST
[14:36:14.159] Bot30 executed ROTATE_LEFT
[14:36:14.159] Bot30 rotated left to face SOUTH
[14:36:14.159] Bot30 executed ROTATE_LEFT
[14:36:14.159] Bot30 moved forward to (2,2)
[14:36:14.159] Bot30 executed MOVE_FORWARD
[14:36:14.159] Starting turn for Bot36
[14:36:14.159] Bot36 rotated right to face EAST
[14:36:14.159] Bot36 executed ROTATE_RIGHT
[14:36:14.159] Bot36 moved forward to (9,9)
[14:36:14.159] Bot36 executed MOVE_FORWARD
[14:36:14.159] Starting turn for Bot30
[14:36:14.159] Bot30 rotated left to face EAST
[14:36:14.159] Bot30 executed ROTATE_LEFT
[14:36:14.159] Starting turn for Bot36
[14:36:14.159] Bot36 rotated left to face NORTH
[14:36:14.159] Bot36 executed ROTATE_LEFT
[14:36:14.159] Bot36 rotated left to face WEST
[14:36:14.159] Bot36 executed ROTATE_LEFT
[14:36:14.159] Bot36 moved forward to (9,8)
[14:36:14.159] Bot36 executed MOVE_FORWARD
[14:36:14.159] Starting turn for Bot30
[14:36:14.159] Starting turn for Bot36
[14:36:14.159] Bot36 rotated right to face NORTH
[14:36:14.159] Bot36 executed ROTATE_RIGHT
[14:36:14.159] Starting turn for Bot30
[14:36:14.159] Bot30 rotated left to face NORTH
[14:36:14.159] Bot30 executed ROTATE_LEFT
[14:36:14.159] Bot30 moved forward to (1,2)
[14:36:14.159] Bot30 executed MOVE_FORWARD
[14:36:14.159] Starting turn for Bot36
[14:36:14.159] Starting turn for Bot30
[14:36:14.159] Bot30 rotated left to face WEST
[14:36:14.159] Bot30 executed ROTATE_LEFT
[14:36:14.159] Bot30 rotated left to face SOUTH
[14:36:14.159] Bot30 executed ROTATE_LEFT
[14:36:14.159] Bot30 moved forward to (2,2)
[14:36:14.159] Bot30 executed MOVE_FORWARD
[14:36:14.159] Starting turn for Bot36
[14:36:14.159] Bot36 rotated right to face EAST
[14:36:14.159] Bot36 executed ROTATE_RIGHT
[14:36:14.159] Bot36 moved forward to (9,9)
[14:36:14.159] Bot36 executed MOVE_FORWARD
[14:36:14.159] Starting turn for Bot30
[14:36:14.159] Bot30 rotated left to face EAST
[14:36:14.159] Bot30 executed ROTATE_LEFT
[14:36:14.159] Starting turn for Bot36
[14:36:14.159] Bot36 rotated left to face NORTH
[14:36:14.159] Bot36 executed ROTATE_LEFT
[14:36:14.159] Bot36 rotated left to face WEST
[14:36:14.159] Bot36 executed ROTATE_LEFT
[14:36:14.159] Bot36 moved forward to (9,8)
[14:36:14.159] Bot36 executed MOVE_FORWARD
[14:36:14.159] Starting turn for Bot30
[14:36:14.159] Starting turn for Bot36
[14:36:14.159] Stalemate detected: State repeated 10 times, unchanged for 2 turns
[14:36:14.159] Game Over! Stalemate detected!
[14:36:14.159] Stalemate detected: State repeated 10 times, unchanged for 2 turns
