[14:35:38.994] === Game Started at 2025-02-04_14-35-38 ===
[14:35:38.995] Game initialized with 2 players
[14:35:38.995] Board size: 10
[14:35:38.995] Obstacle density: 0.05
[14:35:38.995] Max turns: 1000
[14:35:38.995] Player Bot1 starting at position (0,0) facing NORTH
[14:35:38.995] Player Bot4 starting at position (9,9) facing NORTH
[14:35:38.995] Obstacles at positions: (0,1) (2,8) (6,3) (7,7) (8,6)
[14:35:38.995] Starting turn for Bot1
[14:35:38.995] Bot1 rotated right to face EAST
[14:35:38.995] Bot1 executed ROTATE_RIGHT
[14:35:38.995] Starting turn for Bot4
[14:35:38.995] Bot4 rotated left to face WEST
[14:35:38.995] Bot4 executed ROTATE_LEFT
[14:35:38.995] Bot4 moved forward to (9,8)
[14:35:38.995] Bot4 executed MOVE_FORWARD
[14:35:38.995] Starting turn for Bot1
[14:35:38.995] Bot1 rotated right to face SOUTH
[14:35:38.995] Bot1 executed ROTATE_RIGHT
[14:35:38.995] Bot1 moved forward to (1,0)
[14:35:38.995] Bot1 executed MOVE_FORWARD
[14:35:38.995] Starting turn for Bot4
[14:35:38.995] Bot4 rotated right to face NORTH
[14:35:38.995] Bot4 executed ROTATE_RIGHT
[14:35:38.995] Bot4 moved forward to (8,8)
[14:35:38.995] Bot4 executed MOVE_FORWARD
[14:35:38.995] Starting turn for Bot1
[14:35:38.995] Bot1 rotated left to face EAST
[14:35:38.995] Bot1 executed ROTATE_LEFT
[14:35:38.995] Bot1 moved forward to (1,1)
[14:35:38.995] Bot1 executed MOVE_FORWARD
[14:35:38.995] Starting turn for Bot4
[14:35:38.995] Bot4 rotated left to face WEST
[14:35:38.995] Bot4 executed ROTATE_LEFT
[14:35:38.995] Bot4 moved forward to (8,7)
[14:35:38.995] Bot4 executed MOVE_FORWARD
[14:35:38.995] Starting turn for Bot1
[14:35:38.995] Bot1 moved forward to (1,2)
[14:35:38.995] Bot1 executed MOVE_FORWARD
[14:35:38.995] Starting turn for Bot4
[14:35:38.995] Bot4 rotated right to face NORTH
[14:35:38.996] Bot4 executed ROTATE_RIGHT
[14:35:38.996] Starting turn for Bot1
[14:35:38.996] Bot1 rotated right to face SOUTH
[14:35:38.996] Bot1 executed ROTATE_RIGHT
[14:35:38.996] Bot1 moved forward to (2,2)
[14:35:38.996] Bot1 executed MOVE_FORWARD
[14:35:38.996] Starting turn for Bot4
[14:35:38.996] Starting turn for Bot1
[14:35:38.996] Bot1 rotated left to face EAST
[14:35:38.996] Bot1 executed ROTATE_LEFT
[14:35:38.996] Bot1 moved forward to (2,3)
[14:35:38.996] Bot1 executed MOVE_FORWARD
[14:35:38.996] Starting turn for Bot4
[14:35:38.996] Bot4 rotated right to face EAST
[14:35:38.996] Bot4 executed ROTATE_RIGHT
[14:35:38.996] Bot4 moved forward to (8,8)
[14:35:38.996] Bot4 executed MOVE_FORWARD
[14:35:38.996] Starting turn for Bot1
[14:35:38.996] Bot1 rotated right to face SOUTH
[14:35:38.996] Bot1 executed ROTATE_RIGHT
[14:35:38.996] Bot1 moved forward to (3,3)
[14:35:38.996] Bot1 executed MOVE_FORWARD
[14:35:38.996] Starting turn for Bot4
[14:35:38.996] Bot4 rotated left to face NORTH
[14:35:38.996] Bot4 executed ROTATE_LEFT
[14:35:38.996] Bot4 rotated left to face WEST
[14:35:38.996] Bot4 executed ROTATE_LEFT
[14:35:38.996] Bot4 moved forward to (8,7)
[14:35:38.996] Bot4 executed MOVE_FORWARD
[14:35:38.996] Starting turn for Bot1
[14:35:38.996] Bot1 rotated left to face EAST
[14:35:38.996] Bot1 executed ROTATE_LEFT
[14:35:38.996] Bot1 moved forward to (3,4)
[14:35:38.996] Bot1 executed MOVE_FORWARD
[14:35:38.996] Starting turn for Bot4
[14:35:38.996] Bot4 rotated right to face NORTH
[14:35:38.996] Bot4 executed ROTATE_RIGHT
[14:35:38.996] Starting turn for Bot1
[14:35:38.996] Bot1 rotated right to face SOUTH
[14:35:38.996] Bot1 executed ROTATE_RIGHT
[14:35:38.996] Bot1 moved forward to (4,4)
[14:35:38.996] Bot1 executed MOVE_FORWARD
[14:35:38.996] Starting turn for Bot4
[14:35:38.996] Starting turn for Bot1
[14:35:38.996] Bot1 rotated left to face EAST
[14:35:38.996] Bot1 executed ROTATE_LEFT
[14:35:38.996] Bot1 moved forward to (4,5)
[14:35:38.996] Bot1 executed MOVE_FORWARD
[14:35:38.996] Starting turn for Bot4
[14:35:38.996] Bot4 rotated right to face EAST
[14:35:38.996] Bot4 executed ROTATE_RIGHT
[14:35:38.996] Bot4 moved forward to (8,8)
[14:35:38.996] Bot4 executed MOVE_FORWARD
[14:35:38.996] Starting turn for Bot1
[14:35:38.996] Bot1 rotated right to face SOUTH
[14:35:38.996] Bot1 executed ROTATE_RIGHT
[14:35:38.996] Bot1 moved forward to (5,5)
[14:35:38.996] Bot1 executed MOVE_FORWARD
[14:35:38.996] Starting turn for Bot4
[14:35:38.996] Bot4 rotated left to face NORTH
[14:35:38.996] Bot4 executed ROTATE_LEFT
[14:35:38.996] Bot4 rotated left to face WEST
[14:35:38.996] Bot4 executed ROTATE_LEFT
[14:35:38.996] Bot4 moved forward to (8,7)
[14:35:38.996] Bot4 executed MOVE_FORWARD
[14:35:38.996] Starting turn for Bot1
[14:35:38.996] Starting turn for Bot4
[14:35:38.996] Bot4 rotated right to face NORTH
[14:35:38.996] Bot4 executed ROTATE_RIGHT
[14:35:38.996] Starting turn for Bot1
[14:35:38.996] Starting turn for Bot4
[14:35:38.996] Starting turn for Bot1
[14:35:38.996] Starting turn for Bot4
[14:35:38.996] Bot4 rotated right to face EAST
[14:35:38.996] Bot4 executed ROTATE_RIGHT
[14:35:38.996] Bot4 moved forward to (8,8)
[14:35:38.996] Bot4 executed MOVE_FORWARD
[14:35:38.996] Starting turn for Bot1
[14:35:38.996] Starting turn for Bot4
[14:35:38.996] Bot4 rotated left to face NORTH
[14:35:38.996] Bot4 executed ROTATE_LEFT
[14:35:38.996] Bot4 rotated left to face WEST
[14:35:38.996] Bot4 executed ROTATE_LEFT
[14:35:38.996] Bot4 moved forward to (8,7)
[14:35:38.996] Bot4 executed MOVE_FORWARD
[14:35:38.996] Starting turn for Bot1
[14:35:38.997] Starting turn for Bot4
[14:35:38.997] Bot4 rotated right to face NORTH
[14:35:38.997] Bot4 executed ROTATE_RIGHT
[14:35:38.997] Starting turn for Bot1
[14:35:38.997] Starting turn for Bot4
[14:35:38.997] Starting turn for Bot1
[14:35:38.997] Starting turn for Bot4
[14:35:38.997] Bot4 rotated right to face EAST
[14:35:38.997] Bot4 executed ROTATE_RIGHT
[14:35:38.997] Bot4 moved forward to (8,8)
[14:35:38.997] Bot4 executed MOVE_FORWARD
[14:35:38.997] Starting turn for Bot1
[14:35:38.997] Starting turn for Bot4
[14:35:38.997] Bot4 rotated left to face NORTH
[14:35:38.997] Bot4 executed ROTATE_LEFT
[14:35:38.997] Bot4 rotated left to face WEST
[14:35:38.997] Bot4 executed ROTATE_LEFT
[14:35:38.997] Bot4 moved forward to (8,7)
[14:35:38.997] Bot4 executed MOVE_FORWARD
[14:35:38.997] Starting turn for Bot1
[14:35:38.998] Starting turn for Bot4
[14:35:38.998] Bot4 rotated right to face NORTH
[14:35:38.998] Bot4 executed ROTATE_RIGHT
[14:35:38.998] Starting turn for Bot1
[14:35:38.998] Starting turn for Bot4
[14:35:38.998] Stalemate detected: State repeated 10 times, unchanged for 4 turns
[14:35:38.998] Game Over! Stalemate detected!
[14:35:38.998] Stalemate detected: State repeated 10 times, unchanged for 4 turns
