[14:36:03.016] === Game Started at 2025-02-04_14-36-03 ===
[14:36:03.016] Game initialized with 2 players
[14:36:03.016] Board size: 10
[14:36:03.016] Obstacle density: 0.05
[14:36:03.016] Max turns: 1000
[14:36:03.016] Player Bot17 starting at position (0,0) facing NORTH
[14:36:03.016] Player Bot16 starting at position (9,9) facing NORTH
[14:36:03.016] Obstacles at positions: (0,2) (1,1) (1,3) (4,7) (7,7)
[14:36:03.016] Starting turn for Bot17
[14:36:03.016] Bot17 rotated right to face EAST
[14:36:03.016] Bot17 executed ROTATE_RIGHT
[14:36:03.016] Bot17 moved forward to (0,1)
[14:36:03.016] Bot17 executed MOVE_FORWARD
[14:36:03.016] Starting turn for Bot16
[14:36:03.016] Bot16 rotated left to face WEST
[14:36:03.016] Bot16 executed ROTATE_LEFT
[14:36:03.016] Bot16 moved forward to (9,8)
[14:36:03.016] Bot16 executed MOVE_FORWARD
[14:36:03.016] Starting turn for Bot17
[14:36:03.016] Bot17 rotated right to face SOUTH
[14:36:03.016] Bot17 executed ROTATE_RIGHT
[14:36:03.016] Starting turn for Bot16
[14:36:03.016] Bot16 rotated right to face NORTH
[14:36:03.016] Bot16 executed ROTATE_RIGHT
[14:36:03.016] Bot16 moved forward to (8,8)
[14:36:03.016] Bot16 executed MOVE_FORWARD
[14:36:03.016] Starting turn for Bot17
[14:36:03.016] Starting turn for Bot16
[14:36:03.016] Bot16 rotated left to face WEST
[14:36:03.016] Bot16 executed ROTATE_LEFT
[14:36:03.016] Bot16 moved forward to (8,7)
[14:36:03.016] Bot16 executed MOVE_FORWARD
[14:36:03.016] Starting turn for Bot17
[14:36:03.016] Bot17 rotated right to face WEST
[14:36:03.016] Bot17 executed ROTATE_RIGHT
[14:36:03.016] Bot17 moved forward to (0,0)
[14:36:03.016] Bot17 executed MOVE_FORWARD
[14:36:03.016] Starting turn for Bot16
[14:36:03.016] Bot16 rotated right to face NORTH
[14:36:03.016] Bot16 executed ROTATE_RIGHT
[14:36:03.016] Starting turn for Bot17
[14:36:03.016] Bot17 rotated left to face SOUTH
[14:36:03.016] Bot17 executed ROTATE_LEFT
[14:36:03.016] Bot17 rotated left to face EAST
[14:36:03.016] Bot17 executed ROTATE_LEFT
[14:36:03.016] Bot17 moved forward to (0,1)
[14:36:03.016] Bot17 executed MOVE_FORWARD
[14:36:03.016] Starting turn for Bot16
[14:36:03.016] Starting turn for Bot17
[14:36:03.016] Bot17 rotated right to face SOUTH
[14:36:03.016] Bot17 executed ROTATE_RIGHT
[14:36:03.016] Starting turn for Bot16
[14:36:03.016] Bot16 rotated right to face EAST
[14:36:03.016] Bot16 executed ROTATE_RIGHT
[14:36:03.016] Bot16 moved forward to (8,8)
[14:36:03.016] Bot16 executed MOVE_FORWARD
[14:36:03.016] Starting turn for Bot17
[14:36:03.016] Starting turn for Bot16
[14:36:03.016] Bot16 rotated left to face NORTH
[14:36:03.016] Bot16 executed ROTATE_LEFT
[14:36:03.016] Bot16 rotated left to face WEST
[14:36:03.016] Bot16 executed ROTATE_LEFT
[14:36:03.016] Bot16 moved forward to (8,7)
[14:36:03.016] Bot16 executed MOVE_FORWARD
[14:36:03.016] Starting turn for Bot17
[14:36:03.016] Bot17 rotated right to face WEST
[14:36:03.016] Bot17 executed ROTATE_RIGHT
[14:36:03.016] Bot17 moved forward to (0,0)
[14:36:03.016] Bot17 executed MOVE_FORWARD
[14:36:03.016] Starting turn for Bot16
[14:36:03.016] Bot16 rotated right to face NORTH
[14:36:03.016] Bot16 executed ROTATE_RIGHT
[14:36:03.016] Starting turn for Bot17
[14:36:03.016] Bot17 rotated left to face SOUTH
[14:36:03.016] Bot17 executed ROTATE_LEFT
[14:36:03.016] Bot17 rotated left to face EAST
[14:36:03.016] Bot17 executed ROTATE_LEFT
[14:36:03.016] Bot17 moved forward to (0,1)
[14:36:03.016] Bot17 executed MOVE_FORWARD
[14:36:03.016] Starting turn for Bot16
[14:36:03.016] Starting turn for Bot17
[14:36:03.016] Bot17 rotated right to face SOUTH
[14:36:03.016] Bot17 executed ROTATE_RIGHT
[14:36:03.016] Starting turn for Bot16
[14:36:03.016] Bot16 rotated right to face EAST
[14:36:03.016] Bot16 executed ROTATE_RIGHT
[14:36:03.016] Bot16 moved forward to (8,8)
[14:36:03.016] Bot16 executed MOVE_FORWARD
[14:36:03.016] Starting turn for Bot17
[14:36:03.016] Starting turn for Bot16
[14:36:03.016] Bot16 rotated left to face NORTH
[14:36:03.016] Bot16 executed ROTATE_LEFT
[14:36:03.016] Bot16 rotated left to face WEST
[14:36:03.016] Bot16 executed ROTATE_LEFT
[14:36:03.016] Bot16 moved forward to (8,7)
[14:36:03.016] Bot16 executed MOVE_FORWARD
[14:36:03.016] Starting turn for Bot17
[14:36:03.016] Bot17 rotated right to face WEST
[14:36:03.016] Bot17 executed ROTATE_RIGHT
[14:36:03.016] Bot17 moved forward to (0,0)
[14:36:03.016] Bot17 executed MOVE_FORWARD
[14:36:03.016] Starting turn for Bot16
[14:36:03.016] Bot16 rotated right to face NORTH
[14:36:03.016] Bot16 executed ROTATE_RIGHT
[14:36:03.016] Starting turn for Bot17
[14:36:03.016] Bot17 rotated left to face SOUTH
[14:36:03.016] Bot17 executed ROTATE_LEFT
[14:36:03.016] Bot17 rotated left to face EAST
[14:36:03.016] Bot17 executed ROTATE_LEFT
[14:36:03.016] Bot17 moved forward to (0,1)
[14:36:03.016] Bot17 executed MOVE_FORWARD
[14:36:03.016] Starting turn for Bot16
[14:36:03.016] Starting turn for Bot17
[14:36:03.016] Bot17 rotated right to face SOUTH
[14:36:03.016] Bot17 executed ROTATE_RIGHT
[14:36:03.016] Starting turn for Bot16
[14:36:03.016] Bot16 rotated right to face EAST
[14:36:03.016] Bot16 executed ROTATE_RIGHT
[14:36:03.016] Bot16 moved forward to (8,8)
[14:36:03.016] Bot16 executed MOVE_FORWARD
[14:36:03.016] Starting turn for Bot17
[14:36:03.016] Starting turn for Bot16
[14:36:03.016] Bot16 rotated left to face NORTH
[14:36:03.016] Bot16 executed ROTATE_LEFT
[14:36:03.016] Bot16 rotated left to face WEST
[14:36:03.016] Bot16 executed ROTATE_LEFT
[14:36:03.016] Bot16 moved forward to (8,7)
[14:36:03.016] Bot16 executed MOVE_FORWARD
[14:36:03.016] Starting turn for Bot17
[14:36:03.016] Bot17 rotated right to face WEST
[14:36:03.016] Bot17 executed ROTATE_RIGHT
[14:36:03.016] Bot17 moved forward to (0,0)
[14:36:03.016] Bot17 executed MOVE_FORWARD
[14:36:03.016] Starting turn for Bot16
[14:36:03.016] Bot16 rotated right to face NORTH
[14:36:03.016] Bot16 executed ROTATE_RIGHT
[14:36:03.016] Starting turn for Bot17
[14:36:03.016] Bot17 rotated left to face SOUTH
[14:36:03.016] Bot17 executed ROTATE_LEFT
[14:36:03.016] Bot17 rotated left to face EAST
[14:36:03.016] Bot17 executed ROTATE_LEFT
[14:36:03.016] Bot17 moved forward to (0,1)
[14:36:03.016] Bot17 executed MOVE_FORWARD
[14:36:03.016] Starting turn for Bot16
[14:36:03.016] Starting turn for Bot17
[14:36:03.016] Bot17 rotated right to face SOUTH
[14:36:03.016] Bot17 executed ROTATE_RIGHT
[14:36:03.016] Starting turn for Bot16
[14:36:03.016] Bot16 rotated right to face EAST
[14:36:03.016] Bot16 executed ROTATE_RIGHT
[14:36:03.016] Bot16 moved forward to (8,8)
[14:36:03.016] Bot16 executed MOVE_FORWARD
[14:36:03.016] Starting turn for Bot17
[14:36:03.017] Starting turn for Bot16
[14:36:03.017] Bot16 rotated left to face NORTH
[14:36:03.017] Bot16 executed ROTATE_LEFT
[14:36:03.017] Bot16 rotated left to face WEST
[14:36:03.017] Bot16 executed ROTATE_LEFT
[14:36:03.017] Bot16 moved forward to (8,7)
[14:36:03.017] Bot16 executed MOVE_FORWARD
[14:36:03.017] Starting turn for Bot17
[14:36:03.017] Bot17 rotated right to face WEST
[14:36:03.017] Bot17 executed ROTATE_RIGHT
[14:36:03.017] Bot17 moved forward to (0,0)
[14:36:03.017] Bot17 executed MOVE_FORWARD
[14:36:03.017] Starting turn for Bot16
[14:36:03.017] Bot16 rotated right to face NORTH
[14:36:03.017] Bot16 executed ROTATE_RIGHT
[14:36:03.017] Starting turn for Bot17
[14:36:03.017] Bot17 rotated left to face SOUTH
[14:36:03.017] Bot17 executed ROTATE_LEFT
[14:36:03.017] Bot17 rotated left to face EAST
[14:36:03.017] Bot17 executed ROTATE_LEFT
[14:36:03.017] Bot17 moved forward to (0,1)
[14:36:03.017] Bot17 executed MOVE_FORWARD
[14:36:03.017] Starting turn for Bot16
[14:36:03.017] Starting turn for Bot17
[14:36:03.017] Stalemate detected: State repeated 10 times, unchanged for 2 turns
[14:36:03.017] Game Over! Stalemate detected!
[14:36:03.017] Stalemate detected: State repeated 10 times, unchanged for 2 turns
