[14:35:54.407] === Game Started at 2025-02-04_14-35-54 ===
[14:35:54.407] Game initialized with 2 players
[14:35:54.407] Board size: 10
[14:35:54.407] Obstacle density: 0.05
[14:35:54.407] Max turns: 1000
[14:35:54.407] Player Bot9 starting at position (0,0) facing EAST
[14:35:54.407] Player Bot14 starting at position (9,9) facing EAST
[14:35:54.407] Obstacles at positions: (0,6) (4,4) (5,8) (7,0) (7,5)
[14:35:54.407] Starting turn for Bot9
[14:35:54.407] Bot9 moved forward to (0,1)
[14:35:54.407] Bot9 executed MOVE_FORWARD
[14:35:54.407] Starting turn for Bot14
[14:35:54.407] Bot14 rotated left to face NORTH
[14:35:54.407] Bot14 executed ROTATE_LEFT
[14:35:54.407] Bot14 rotated left to face WEST
[14:35:54.407] Bot14 executed ROTATE_LEFT
[14:35:54.407] Bot14 moved forward to (9,8)
[14:35:54.407] Bot14 executed MOVE_FORWARD
[14:35:54.407] Starting turn for Bot9
[14:35:54.407] Bot9 rotated right to face SOUTH
[14:35:54.407] Bot9 executed ROTATE_RIGHT
[14:35:54.407] Bot9 moved forward to (1,1)
[14:35:54.407] Bot9 executed MOVE_FORWARD
[14:35:54.407] Starting turn for Bot14
[14:35:54.407] Bot14 rotated right to face NORTH
[14:35:54.407] Bot14 executed ROTATE_RIGHT
[14:35:54.407] Bot14 moved forward to (8,8)
[14:35:54.407] Bot14 executed MOVE_FORWARD
[14:35:54.407] Starting turn for Bot9
[14:35:54.407] Bot9 rotated left to face EAST
[14:35:54.407] Bot9 executed ROTATE_LEFT
[14:35:54.407] Bot9 moved forward to (1,2)
[14:35:54.407] Bot9 executed MOVE_FORWARD
[14:35:54.407] Starting turn for Bot14
[14:35:54.407] Bot14 rotated left to face WEST
[14:35:54.407] Bot14 executed ROTATE_LEFT
[14:35:54.407] Bot14 moved forward to (8,7)
[14:35:54.407] Bot14 executed MOVE_FORWARD
[14:35:54.407] Starting turn for Bot9
[14:35:54.407] Bot9 rotated right to face SOUTH
[14:35:54.407] Bot9 executed ROTATE_RIGHT
[14:35:54.407] Bot9 moved forward to (2,2)
[14:35:54.407] Bot9 executed MOVE_FORWARD
[14:35:54.407] Starting turn for Bot14
[14:35:54.407] Bot14 rotated right to face NORTH
[14:35:54.407] Bot14 executed ROTATE_RIGHT
[14:35:54.407] Bot14 moved forward to (7,7)
[14:35:54.407] Bot14 executed MOVE_FORWARD
[14:35:54.407] Starting turn for Bot9
[14:35:54.407] Bot9 rotated left to face EAST
[14:35:54.407] Bot9 executed ROTATE_LEFT
[14:35:54.407] Bot9 moved forward to (2,3)
[14:35:54.407] Bot9 executed MOVE_FORWARD
[14:35:54.407] Starting turn for Bot14
[14:35:54.407] Bot14 rotated left to face WEST
[14:35:54.407] Bot14 executed ROTATE_LEFT
[14:35:54.407] Bot14 moved forward to (7,6)
[14:35:54.407] Bot14 executed MOVE_FORWARD
[14:35:54.407] Starting turn for Bot9
[14:35:54.407] Bot9 rotated right to face SOUTH
[14:35:54.407] Bot9 executed ROTATE_RIGHT
[14:35:54.407] Bot9 moved forward to (3,3)
[14:35:54.407] Bot9 executed MOVE_FORWARD
[14:35:54.407] Starting turn for Bot14
[14:35:54.407] Bot14 rotated right to face NORTH
[14:35:54.407] Bot14 executed ROTATE_RIGHT
[14:35:54.407] Bot14 moved forward to (6,6)
[14:35:54.407] Bot14 executed MOVE_FORWARD
[14:35:54.407] Starting turn for Bot9
[14:35:54.407] Bot9 rotated left to face EAST
[14:35:54.407] Bot9 executed ROTATE_LEFT
[14:35:54.407] Bot9 moved forward to (3,4)
[14:35:54.407] Bot9 executed MOVE_FORWARD
[14:35:54.407] Starting turn for Bot14
[14:35:54.407] Bot14 rotated left to face WEST
[14:35:54.407] Bot14 executed ROTATE_LEFT
[14:35:54.407] Bot14 moved forward to (6,5)
[14:35:54.407] Bot14 executed MOVE_FORWARD
[14:35:54.407] Starting turn for Bot9
[14:35:54.407] Bot9 rotated right to face SOUTH
[14:35:54.407] Bot9 executed ROTATE_RIGHT
[14:35:54.407] Starting turn for Bot14
[14:35:54.407] Bot14 rotated right to face NORTH
[14:35:54.407] Bot14 executed ROTATE_RIGHT
[14:35:54.407] Bot14 moved forward to (5,5)
[14:35:54.407] Bot14 executed MOVE_FORWARD
[14:35:54.407] Starting turn for Bot9
[14:35:54.407] Starting turn for Bot14
[14:35:54.407] Starting turn for Bot9
[14:35:54.407] Bot9 rotated left to face EAST
[14:35:54.407] Bot9 executed ROTATE_LEFT
[14:35:54.407] Bot9 rotated left to face NORTH
[14:35:54.407] Bot9 executed ROTATE_LEFT
[14:35:54.407] Bot9 moved forward to (2,4)
[14:35:54.407] Bot9 executed MOVE_FORWARD
[14:35:54.407] Starting turn for Bot14
[14:35:54.407] Starting turn for Bot9
[14:35:54.407] Bot9 rotated left to face WEST
[14:35:54.407] Bot9 executed ROTATE_LEFT
[14:35:54.407] Bot9 rotated left to face SOUTH
[14:35:54.407] Bot9 executed ROTATE_LEFT
[14:35:54.407] Bot9 moved forward to (3,4)
[14:35:54.407] Bot9 executed MOVE_FORWARD
[14:35:54.407] Starting turn for Bot14
[14:35:54.407] Starting turn for Bot9
[14:35:54.407] Starting turn for Bot14
[14:35:54.407] Starting turn for Bot9
[14:35:54.407] Starting turn for Bot14
[14:35:54.407] Starting turn for Bot9
[14:35:54.407] Bot9 rotated left to face EAST
[14:35:54.407] Bot9 executed ROTATE_LEFT
[14:35:54.407] Bot9 rotated left to face NORTH
[14:35:54.407] Bot9 executed ROTATE_LEFT
[14:35:54.407] Bot9 moved forward to (2,4)
[14:35:54.407] Bot9 executed MOVE_FORWARD
[14:35:54.407] Starting turn for Bot14
[14:35:54.407] Starting turn for Bot9
[14:35:54.407] Bot9 rotated left to face WEST
[14:35:54.408] Bot9 executed ROTATE_LEFT
[14:35:54.408] Bot9 rotated left to face SOUTH
[14:35:54.408] Bot9 executed ROTATE_LEFT
[14:35:54.408] Bot9 moved forward to (3,4)
[14:35:54.408] Bot9 executed MOVE_FORWARD
[14:35:54.408] Starting turn for Bot14
[14:35:54.408] Starting turn for Bot9
[14:35:54.408] Starting turn for Bot14
[14:35:54.408] Starting turn for Bot9
[14:35:54.408] Starting turn for Bot14
[14:35:54.408] Starting turn for Bot9
[14:35:54.408] Bot9 rotated left to face EAST
[14:35:54.408] Bot9 executed ROTATE_LEFT
[14:35:54.408] Bot9 rotated left to face NORTH
[14:35:54.408] Bot9 executed ROTATE_LEFT
[14:35:54.408] Bot9 moved forward to (2,4)
[14:35:54.408] Bot9 executed MOVE_FORWARD
[14:35:54.408] Starting turn for Bot14
[14:35:54.408] Starting turn for Bot9
[14:35:54.408] Bot9 rotated left to face WEST
[14:35:54.408] Bot9 executed ROTATE_LEFT
[14:35:54.408] Bot9 rotated left to face SOUTH
[14:35:54.408] Bot9 executed ROTATE_LEFT
[14:35:54.408] Bot9 moved forward to (3,4)
[14:35:54.408] Bot9 executed MOVE_FORWARD
[14:35:54.408] Starting turn for Bot14
[14:35:54.408] Starting turn for Bot9
[14:35:54.408] Starting turn for Bot14
[14:35:54.408] Stalemate detected: State repeated 10 times, unchanged for 1 turns
[14:35:54.408] Game Over! Stalemate detected!
[14:35:54.408] Stalemate detected: State repeated 10 times, unchanged for 1 turns
