[14:36:12.056] === Game Started at 2025-02-04_14-36-12 ===
[14:36:12.056] Game initialized with 2 players
[14:36:12.056] Board size: 10
[14:36:12.056] Obstacle density: 0.05
[14:36:12.056] Max turns: 1000
[14:36:12.056] Player Bot34 starting at position (0,0) facing SOUTH
[14:36:12.056] Player Bot26 starting at position (9,9) facing NORTH
[14:36:12.056] Obstacles at positions: (0,6) (1,0) (6,2) (7,7) (8,7)
[14:36:12.056] Starting turn for Bot34
[14:36:12.056] Bot34 rotated left to face EAST
[14:36:12.056] Bot34 executed ROTATE_LEFT
[14:36:12.056] Bot34 moved forward to (0,1)
[14:36:12.056] Bot34 executed MOVE_FORWARD
[14:36:12.056] Starting turn for Bot26
[14:36:12.056] Bot26 rotated left to face WEST
[14:36:12.056] Bot26 executed ROTATE_LEFT
[14:36:12.056] Bot26 moved forward to (9,8)
[14:36:12.056] Bot26 executed MOVE_FORWARD
[14:36:12.056] Starting turn for Bot34
[14:36:12.056] Bot34 rotated right to face SOUTH
[14:36:12.056] Bot34 executed ROTATE_RIGHT
[14:36:12.056] Bot34 moved forward to (1,1)
[14:36:12.056] Bot34 executed MOVE_FORWARD
[14:36:12.056] Starting turn for Bot26
[14:36:12.056] Bot26 rotated right to face NORTH
[14:36:12.056] Bot26 executed ROTATE_RIGHT
[14:36:12.056] Bot26 moved forward to (8,8)
[14:36:12.056] Bot26 executed MOVE_FORWARD
[14:36:12.056] Starting turn for Bot34
[14:36:12.056] Bot34 rotated left to face EAST
[14:36:12.056] Bot34 executed ROTATE_LEFT
[14:36:12.056] Bot34 moved forward to (1,2)
[14:36:12.056] Bot34 executed MOVE_FORWARD
[14:36:12.056] Starting turn for Bot26
[14:36:12.056] Bot26 rotated left to face WEST
[14:36:12.057] Bot26 executed ROTATE_LEFT
[14:36:12.057] Starting turn for Bot34
[14:36:12.057] Bot34 rotated right to face SOUTH
[14:36:12.057] Bot34 executed ROTATE_RIGHT
[14:36:12.057] Bot34 moved forward to (2,2)
[14:36:12.057] Bot34 executed MOVE_FORWARD
[14:36:12.057] Starting turn for Bot26
[14:36:12.057] Starting turn for Bot34
[14:36:12.057] Bot34 rotated left to face EAST
[14:36:12.057] Bot34 executed ROTATE_LEFT
[14:36:12.057] Bot34 moved forward to (2,3)
[14:36:12.057] Bot34 executed MOVE_FORWARD
[14:36:12.057] Starting turn for Bot26
[14:36:12.057] Bot26 rotated right to face NORTH
[14:36:12.057] Bot26 executed ROTATE_RIGHT
[14:36:12.057] Bot26 moved forward to (7,8)
[14:36:12.057] Bot26 executed MOVE_FORWARD
[14:36:12.057] Starting turn for Bot34
[14:36:12.057] Bot34 rotated right to face SOUTH
[14:36:12.057] Bot34 executed ROTATE_RIGHT
[14:36:12.057] Bot34 moved forward to (3,3)
[14:36:12.057] Bot34 executed MOVE_FORWARD
[14:36:12.057] Starting turn for Bot26
[14:36:12.057] Bot26 moved forward to (6,8)
[14:36:12.057] Bot26 executed MOVE_FORWARD
[14:36:12.057] Starting turn for Bot34
[14:36:12.057] Bot34 rotated left to face EAST
[14:36:12.057] Bot34 executed ROTATE_LEFT
[14:36:12.057] Bot34 moved forward to (3,4)
[14:36:12.057] Bot34 executed MOVE_FORWARD
[14:36:12.057] Starting turn for Bot26
[14:36:12.057] Bot26 rotated left to face WEST
[14:36:12.057] Bot26 executed ROTATE_LEFT
[14:36:12.057] Bot26 moved forward to (6,7)
[14:36:12.057] Bot26 executed MOVE_FORWARD
[14:36:12.057] Starting turn for Bot34
[14:36:12.057] Bot34 rotated right to face SOUTH
[14:36:12.057] Bot34 executed ROTATE_RIGHT
[14:36:12.057] Bot34 moved forward to (4,4)
[14:36:12.057] Bot34 executed MOVE_FORWARD
[14:36:12.057] Starting turn for Bot26
[14:36:12.057] Bot26 moved forward to (6,6)
[14:36:12.057] Bot26 executed MOVE_FORWARD
[14:36:12.057] Starting turn for Bot34
[14:36:12.057] Bot34 rotated left to face EAST
[14:36:12.057] Bot34 executed ROTATE_LEFT
[14:36:12.057] Bot34 moved forward to (4,5)
[14:36:12.057] Bot34 executed MOVE_FORWARD
[14:36:12.057] Starting turn for Bot26
[14:36:12.057] Bot26 moved forward to (6,5)
[14:36:12.057] Bot26 executed MOVE_FORWARD
[14:36:12.057] Starting turn for Bot34
[14:36:12.057] Bot34 rotated right to face SOUTH
[14:36:12.057] Bot34 executed ROTATE_RIGHT
[14:36:12.057] Bot34 moved forward to (5,5)
[14:36:12.057] Bot34 executed MOVE_FORWARD
[14:36:12.057] Starting turn for Bot26
[14:36:12.057] Bot26 rotated right to face NORTH
[14:36:12.057] Bot26 executed ROTATE_RIGHT
[14:36:12.057] Starting turn for Bot34
[14:36:12.057] Bot34 shooting in direction SOUTH
[14:36:12.057] Bot34 hit Bot26 for 25 damage (health: 100 -> 75)
[14:36:12.057] Bot34 executed SHOOT
[14:36:12.057] Starting turn for Bot26
[14:36:12.057] Bot26 shooting in direction NORTH
[14:36:12.057] Bot26 hit Bot34 for 25 damage (health: 100 -> 75)
[14:36:12.057] Bot26 executed SHOOT
[14:36:12.057] Starting turn for Bot34
[14:36:12.057] Bot34 shooting in direction SOUTH
[14:36:12.057] Bot34 hit Bot26 for 25 damage (health: 75 -> 50)
[14:36:12.057] Bot34 executed SHOOT
[14:36:12.057] Starting turn for Bot26
[14:36:12.057] Bot26 shooting in direction NORTH
[14:36:12.057] Bot26 hit Bot34 for 25 damage (health: 75 -> 50)
[14:36:12.057] Bot26 executed SHOOT
[14:36:12.057] Starting turn for Bot34
[14:36:12.057] Bot34 shooting in direction SOUTH
[14:36:12.057] Bot34 hit Bot26 for 25 damage (health: 50 -> 25)
[14:36:12.057] Bot34 executed SHOOT
[14:36:12.057] Starting turn for Bot26
[14:36:12.057] Bot26 shooting in direction NORTH
[14:36:12.057] Bot26 hit Bot34 for 25 damage (health: 50 -> 25)
[14:36:12.057] Bot26 executed SHOOT
[14:36:12.057] Starting turn for Bot34
[14:36:12.057] Bot34 shooting in direction SOUTH
[14:36:12.057] Bot34 hit Bot26 for 25 damage (health: 25 -> 0)
[14:36:12.057] Bot26 was destroyed!
[14:36:12.057] Bot34 is the last tank standing!
[14:36:12.057] Bot34 executed SHOOT
[14:36:12.057] Game Over! Bot34 wins!
[14:36:12.057] === Game Ended ===
