[14:35:51.197] === Game Started at 2025-02-04_14-35-51 ===
[14:35:51.197] Game initialized with 2 players
[14:35:51.197] Board size: 10
[14:35:51.197] Obstacle density: 0.05
[14:35:51.197] Max turns: 1000
[14:35:51.197] Player Bot13 starting at position (0,0) facing NORTH
[14:35:51.197] Player Bot7 starting at position (9,9) facing NORTH
[14:35:51.197] Obstacles at positions: (2,3) (3,2) (3,6) (4,3) (9,7)
[14:35:51.197] Starting turn for Bot13
[14:35:51.197] Bot13 rotated right to face EAST
[14:35:51.197] Bot13 executed ROTATE_RIGHT
[14:35:51.197] Bot13 moved forward to (0,1)
[14:35:51.197] Bot13 executed MOVE_FORWARD
[14:35:51.197] Starting turn for Bot7
[14:35:51.197] Bot7 rotated left to face WEST
[14:35:51.197] Bot7 executed ROTATE_LEFT
[14:35:51.197] Bot7 moved forward to (9,8)
[14:35:51.197] Bot7 executed MOVE_FORWARD
[14:35:51.197] Starting turn for Bot13
[14:35:51.197] Bot13 rotated right to face SOUTH
[14:35:51.197] Bot13 executed ROTATE_RIGHT
[14:35:51.197] Bot13 moved forward to (1,1)
[14:35:51.197] Bot13 executed MOVE_FORWARD
[14:35:51.197] Starting turn for Bot7
[14:35:51.197] Bot7 rotated right to face NORTH
[14:35:51.197] Bot7 executed ROTATE_RIGHT
[14:35:51.197] Bot7 moved forward to (8,8)
[14:35:51.197] Bot7 executed MOVE_FORWARD
[14:35:51.197] Starting turn for Bot13
[14:35:51.197] Bot13 rotated left to face EAST
[14:35:51.197] Bot13 executed ROTATE_LEFT
[14:35:51.197] Bot13 moved forward to (1,2)
[14:35:51.197] Bot13 executed MOVE_FORWARD
[14:35:51.197] Starting turn for Bot7
[14:35:51.197] Bot7 rotated left to face WEST
[14:35:51.197] Bot7 executed ROTATE_LEFT
[14:35:51.197] Bot7 moved forward to (8,7)
[14:35:51.197] Bot7 executed MOVE_FORWARD
[14:35:51.197] Starting turn for Bot13
[14:35:51.197] Bot13 rotated right to face SOUTH
[14:35:51.197] Bot13 executed ROTATE_RIGHT
[14:35:51.197] Bot13 moved forward to (2,2)
[14:35:51.197] Bot13 executed MOVE_FORWARD
[14:35:51.197] Starting turn for Bot7
[14:35:51.197] Bot7 rotated right to face NORTH
[14:35:51.197] Bot7 executed ROTATE_RIGHT
[14:35:51.197] Bot7 moved forward to (7,7)
[14:35:51.197] Bot7 executed MOVE_FORWARD
[14:35:51.197] Starting turn for Bot13
[14:35:51.197] Bot13 rotated left to face EAST
[14:35:51.197] Bot13 executed ROTATE_LEFT
[14:35:51.197] Starting turn for Bot7
[14:35:51.197] Bot7 rotated left to face WEST
[14:35:51.197] Bot7 executed ROTATE_LEFT
[14:35:51.197] Bot7 moved forward to (7,6)
[14:35:51.197] Bot7 executed MOVE_FORWARD
[14:35:51.197] Starting turn for Bot13
[14:35:51.198] Starting turn for Bot7
[14:35:51.198] Bot7 rotated right to face NORTH
[14:35:51.198] Bot7 executed ROTATE_RIGHT
[14:35:51.198] Bot7 moved forward to (6,6)
[14:35:51.198] Bot7 executed MOVE_FORWARD
[14:35:51.198] Starting turn for Bot13
[14:35:51.198] Bot13 rotated left to face NORTH
[14:35:51.198] Bot13 executed ROTATE_LEFT
[14:35:51.198] Bot13 moved forward to (1,2)
[14:35:51.198] Bot13 executed MOVE_FORWARD
[14:35:51.198] Starting turn for Bot7
[14:35:51.198] Bot7 rotated left to face WEST
[14:35:51.198] Bot7 executed ROTATE_LEFT
[14:35:51.198] Bot7 moved forward to (6,5)
[14:35:51.198] Bot7 executed MOVE_FORWARD
[14:35:51.198] Starting turn for Bot13
[14:35:51.198] Bot13 rotated left to face WEST
[14:35:51.198] Bot13 executed ROTATE_LEFT
[14:35:51.198] Bot13 rotated left to face SOUTH
[14:35:51.198] Bot13 executed ROTATE_LEFT
[14:35:51.198] Bot13 moved forward to (2,2)
[14:35:51.198] Bot13 executed MOVE_FORWARD
[14:35:51.198] Starting turn for Bot7
[14:35:51.198] Bot7 rotated right to face NORTH
[14:35:51.198] Bot7 executed ROTATE_RIGHT
[14:35:51.198] Bot7 moved forward to (5,5)
[14:35:51.198] Bot7 executed MOVE_FORWARD
[14:35:51.198] Starting turn for Bot13
[14:35:51.198] Bot13 rotated left to face EAST
[14:35:51.198] Bot13 executed ROTATE_LEFT
[14:35:51.198] Starting turn for Bot7
[14:35:51.198] Starting turn for Bot13
[14:35:51.198] Starting turn for Bot7
[14:35:51.198] Starting turn for Bot13
[14:35:51.198] Bot13 rotated left to face NORTH
[14:35:51.198] Bot13 executed ROTATE_LEFT
[14:35:51.198] Bot13 moved forward to (1,2)
[14:35:51.198] Bot13 executed MOVE_FORWARD
[14:35:51.198] Starting turn for Bot7
[14:35:51.198] Starting turn for Bot13
[14:35:51.198] Bot13 rotated left to face WEST
[14:35:51.198] Bot13 executed ROTATE_LEFT
[14:35:51.198] Bot13 rotated left to face SOUTH
[14:35:51.198] Bot13 executed ROTATE_LEFT
[14:35:51.198] Bot13 moved forward to (2,2)
[14:35:51.198] Bot13 executed MOVE_FORWARD
[14:35:51.198] Starting turn for Bot7
[14:35:51.198] Starting turn for Bot13
[14:35:51.198] Bot13 rotated left to face EAST
[14:35:51.198] Bot13 executed ROTATE_LEFT
[14:35:51.198] Starting turn for Bot7
[14:35:51.198] Starting turn for Bot13
[14:35:51.198] Starting turn for Bot7
[14:35:51.198] Starting turn for Bot13
[14:35:51.198] Bot13 rotated left to face NORTH
[14:35:51.198] Bot13 executed ROTATE_LEFT
[14:35:51.198] Bot13 moved forward to (1,2)
[14:35:51.198] Bot13 executed MOVE_FORWARD
[14:35:51.198] Starting turn for Bot7
[14:35:51.198] Starting turn for Bot13
[14:35:51.198] Bot13 rotated left to face WEST
[14:35:51.198] Bot13 executed ROTATE_LEFT
[14:35:51.198] Bot13 rotated left to face SOUTH
[14:35:51.198] Bot13 executed ROTATE_LEFT
[14:35:51.198] Bot13 moved forward to (2,2)
[14:35:51.198] Bot13 executed MOVE_FORWARD
[14:35:51.198] Starting turn for Bot7
[14:35:51.198] Starting turn for Bot13
[14:35:51.198] Bot13 rotated left to face EAST
[14:35:51.198] Bot13 executed ROTATE_LEFT
[14:35:51.198] Starting turn for Bot7
[14:35:51.198] Starting turn for Bot13
[14:35:51.198] Starting turn for Bot7
[14:35:51.198] Starting turn for Bot13
[14:35:51.198] Bot13 rotated left to face NORTH
[14:35:51.198] Bot13 executed ROTATE_LEFT
[14:35:51.198] Bot13 moved forward to (1,2)
[14:35:51.198] Bot13 executed MOVE_FORWARD
[14:35:51.198] Starting turn for Bot7
[14:35:51.198] Starting turn for Bot13
[14:35:51.198] Bot13 rotated left to face WEST
[14:35:51.198] Bot13 executed ROTATE_LEFT
[14:35:51.198] Bot13 rotated left to face SOUTH
[14:35:51.198] Bot13 executed ROTATE_LEFT
[14:35:51.198] Bot13 moved forward to (2,2)
[14:35:51.198] Bot13 executed MOVE_FORWARD
[14:35:51.198] Starting turn for Bot7
[14:35:51.198] Starting turn for Bot13
[14:35:51.198] Bot13 rotated left to face EAST
[14:35:51.198] Bot13 executed ROTATE_LEFT
[14:35:51.198] Starting turn for Bot7
[14:35:51.198] Stalemate detected: State repeated 10 times, unchanged for 1 turns
[14:35:51.198] Game Over! Stalemate detected!
[14:35:51.198] Stalemate detected: State repeated 10 times, unchanged for 1 turns
