[14:36:04.328] === Game Started at 2025-02-04_14-36-04 ===
[14:36:04.328] Game initialized with 2 players
[14:36:04.328] Board size: 10
[14:36:04.328] Obstacle density: 0.05
[14:36:04.328] Max turns: 1000
[14:36:04.328] Player Bot17 starting at position (0,0) facing NORTH
[14:36:04.328] Player Bot23 starting at position (9,9) facing NORTH
[14:36:04.328] Obstacles at positions: (1,2) (5,2) (7,1) (8,2) (8,8)
[14:36:04.328] Starting turn for Bot17
[14:36:04.328] Bot17 rotated right to face EAST
[14:36:04.328] Bot17 executed ROTATE_RIGHT
[14:36:04.328] Bot17 moved forward to (0,1)
[14:36:04.328] Bot17 executed MOVE_FORWARD
[14:36:04.328] Starting turn for Bot23
[14:36:04.328] Bot23 rotated left to face WEST
[14:36:04.328] Bot23 executed ROTATE_LEFT
[14:36:04.329] Bot23 moved forward to (9,8)
[14:36:04.329] Bot23 executed MOVE_FORWARD
[14:36:04.329] Starting turn for Bot17
[14:36:04.329] Bot17 rotated right to face SOUTH
[14:36:04.329] Bot17 executed ROTATE_RIGHT
[14:36:04.329] Bot17 moved forward to (1,1)
[14:36:04.329] Bot17 executed MOVE_FORWARD
[14:36:04.329] Starting turn for Bot23
[14:36:04.329] Bot23 rotated right to face NORTH
[14:36:04.329] Bot23 executed ROTATE_RIGHT
[14:36:04.329] Starting turn for Bot17
[14:36:04.329] Bot17 rotated left to face EAST
[14:36:04.329] Bot17 executed ROTATE_LEFT
[14:36:04.329] Starting turn for Bot23
[14:36:04.329] Starting turn for Bot17
[14:36:04.329] Starting turn for Bot23
[14:36:04.329] Bot23 rotated right to face EAST
[14:36:04.329] Bot23 executed ROTATE_RIGHT
[14:36:04.329] Bot23 moved forward to (9,9)
[14:36:04.329] Bot23 executed MOVE_FORWARD
[14:36:04.329] Starting turn for Bot17
[14:36:04.329] Bot17 rotated left to face NORTH
[14:36:04.329] Bot17 executed ROTATE_LEFT
[14:36:04.329] Bot17 moved forward to (0,1)
[14:36:04.329] Bot17 executed MOVE_FORWARD
[14:36:04.329] Starting turn for Bot23
[14:36:04.329] Bot23 rotated left to face NORTH
[14:36:04.329] Bot23 executed ROTATE_LEFT
[14:36:04.329] Bot23 rotated left to face WEST
[14:36:04.329] Bot23 executed ROTATE_LEFT
[14:36:04.329] Bot23 moved forward to (9,8)
[14:36:04.329] Bot23 executed MOVE_FORWARD
[14:36:04.329] Starting turn for Bot17
[14:36:04.329] Bot17 rotated left to face WEST
[14:36:04.329] Bot17 executed ROTATE_LEFT
[14:36:04.329] Bot17 rotated left to face SOUTH
[14:36:04.329] Bot17 executed ROTATE_LEFT
[14:36:04.329] Bot17 moved forward to (1,1)
[14:36:04.329] Bot17 executed MOVE_FORWARD
[14:36:04.329] Starting turn for Bot23
[14:36:04.329] Bot23 rotated right to face NORTH
[14:36:04.329] Bot23 executed ROTATE_RIGHT
[14:36:04.329] Starting turn for Bot17
[14:36:04.329] Bot17 rotated left to face EAST
[14:36:04.329] Bot17 executed ROTATE_LEFT
[14:36:04.329] Starting turn for Bot23
[14:36:04.329] Starting turn for Bot17
[14:36:04.329] Starting turn for Bot23
[14:36:04.329] Bot23 rotated right to face EAST
[14:36:04.329] Bot23 executed ROTATE_RIGHT
[14:36:04.329] Bot23 moved forward to (9,9)
[14:36:04.329] Bot23 executed MOVE_FORWARD
[14:36:04.329] Starting turn for Bot17
[14:36:04.329] Bot17 rotated left to face NORTH
[14:36:04.329] Bot17 executed ROTATE_LEFT
[14:36:04.329] Bot17 moved forward to (0,1)
[14:36:04.329] Bot17 executed MOVE_FORWARD
[14:36:04.329] Starting turn for Bot23
[14:36:04.329] Bot23 rotated left to face NORTH
[14:36:04.329] Bot23 executed ROTATE_LEFT
[14:36:04.329] Bot23 rotated left to face WEST
[14:36:04.329] Bot23 executed ROTATE_LEFT
[14:36:04.329] Bot23 moved forward to (9,8)
[14:36:04.329] Bot23 executed MOVE_FORWARD
[14:36:04.329] Starting turn for Bot17
[14:36:04.329] Bot17 rotated left to face WEST
[14:36:04.329] Bot17 executed ROTATE_LEFT
[14:36:04.329] Bot17 rotated left to face SOUTH
[14:36:04.329] Bot17 executed ROTATE_LEFT
[14:36:04.329] Bot17 moved forward to (1,1)
[14:36:04.329] Bot17 executed MOVE_FORWARD
[14:36:04.329] Starting turn for Bot23
[14:36:04.329] Bot23 rotated right to face NORTH
[14:36:04.329] Bot23 executed ROTATE_RIGHT
[14:36:04.329] Starting turn for Bot17
[14:36:04.329] Bot17 rotated left to face EAST
[14:36:04.329] Bot17 executed ROTATE_LEFT
[14:36:04.329] Starting turn for Bot23
[14:36:04.329] Starting turn for Bot17
[14:36:04.329] Starting turn for Bot23
[14:36:04.329] Bot23 rotated right to face EAST
[14:36:04.329] Bot23 executed ROTATE_RIGHT
[14:36:04.329] Bot23 moved forward to (9,9)
[14:36:04.329] Bot23 executed MOVE_FORWARD
[14:36:04.329] Starting turn for Bot17
[14:36:04.329] Bot17 rotated left to face NORTH
[14:36:04.329] Bot17 executed ROTATE_LEFT
[14:36:04.329] Bot17 moved forward to (0,1)
[14:36:04.329] Bot17 executed MOVE_FORWARD
[14:36:04.329] Starting turn for Bot23
[14:36:04.329] Bot23 rotated left to face NORTH
[14:36:04.329] Bot23 executed ROTATE_LEFT
[14:36:04.329] Bot23 rotated left to face WEST
[14:36:04.329] Bot23 executed ROTATE_LEFT
[14:36:04.329] Bot23 moved forward to (9,8)
[14:36:04.329] Bot23 executed MOVE_FORWARD
[14:36:04.329] Starting turn for Bot17
[14:36:04.329] Bot17 rotated left to face WEST
[14:36:04.329] Bot17 executed ROTATE_LEFT
[14:36:04.329] Bot17 rotated left to face SOUTH
[14:36:04.329] Bot17 executed ROTATE_LEFT
[14:36:04.329] Bot17 moved forward to (1,1)
[14:36:04.329] Bot17 executed MOVE_FORWARD
[14:36:04.329] Starting turn for Bot23
[14:36:04.329] Bot23 rotated right to face NORTH
[14:36:04.329] Bot23 executed ROTATE_RIGHT
[14:36:04.329] Starting turn for Bot17
[14:36:04.329] Bot17 rotated left to face EAST
[14:36:04.329] Bot17 executed ROTATE_LEFT
[14:36:04.329] Starting turn for Bot23
[14:36:04.329] Starting turn for Bot17
[14:36:04.329] Starting turn for Bot23
[14:36:04.329] Bot23 rotated right to face EAST
[14:36:04.329] Bot23 executed ROTATE_RIGHT
[14:36:04.329] Bot23 moved forward to (9,9)
[14:36:04.329] Bot23 executed MOVE_FORWARD
[14:36:04.329] Starting turn for Bot17
[14:36:04.329] Bot17 rotated left to face NORTH
[14:36:04.329] Bot17 executed ROTATE_LEFT
[14:36:04.329] Bot17 moved forward to (0,1)
[14:36:04.329] Bot17 executed MOVE_FORWARD
[14:36:04.329] Starting turn for Bot23
[14:36:04.329] Bot23 rotated left to face NORTH
[14:36:04.329] Bot23 executed ROTATE_LEFT
[14:36:04.329] Bot23 rotated left to face WEST
[14:36:04.329] Bot23 executed ROTATE_LEFT
[14:36:04.329] Bot23 moved forward to (9,8)
[14:36:04.329] Bot23 executed MOVE_FORWARD
[14:36:04.329] Starting turn for Bot17
[14:36:04.329] Bot17 rotated left to face WEST
[14:36:04.329] Bot17 executed ROTATE_LEFT
[14:36:04.329] Bot17 rotated left to face SOUTH
[14:36:04.329] Bot17 executed ROTATE_LEFT
[14:36:04.329] Bot17 moved forward to (1,1)
[14:36:04.329] Bot17 executed MOVE_FORWARD
[14:36:04.329] Starting turn for Bot23
[14:36:04.329] Bot23 rotated right to face NORTH
[14:36:04.329] Bot23 executed ROTATE_RIGHT
[14:36:04.329] Starting turn for Bot17
[14:36:04.329] Bot17 rotated left to face EAST
[14:36:04.329] Bot17 executed ROTATE_LEFT
[14:36:04.329] Starting turn for Bot23
[14:36:04.329] Starting turn for Bot17
[14:36:04.329] Starting turn for Bot23
[14:36:04.329] Stalemate detected: State repeated 10 times, unchanged for 1 turns
[14:36:04.329] Game Over! Stalemate detected!
[14:36:04.329] Stalemate detected: State repeated 10 times, unchanged for 1 turns
