[14:36:09.536] === Game Started at 2025-02-04_14-36-09 ===
[14:36:09.536] Game initialized with 2 players
[14:36:09.537] Board size: 10
[14:36:09.537] Obstacle density: 0.05
[14:36:09.537] Max turns: 1000
[14:36:09.537] Player Bot25 starting at position (0,0) facing WEST
[14:36:09.537] Player Bot23 starting at position (9,9) facing NORTH
[14:36:09.537] Obstacles at positions: (1,0) (3,3) (4,1) (7,4) (8,7)
[14:36:09.537] Starting turn for Bot25
[14:36:09.537] Bot25 rotated left to face SOUTH
[14:36:09.537] Bot25 executed ROTATE_LEFT
[14:36:09.537] Bot25 rotated left to face EAST
[14:36:09.537] Bot25 executed ROTATE_LEFT
[14:36:09.537] Bot25 moved forward to (0,1)
[14:36:09.537] Bot25 executed MOVE_FORWARD
[14:36:09.537] Starting turn for Bot23
[14:36:09.537] Bot23 rotated left to face WEST
[14:36:09.537] Bot23 executed ROTATE_LEFT
[14:36:09.537] Bot23 moved forward to (9,8)
[14:36:09.537] Bot23 executed MOVE_FORWARD
[14:36:09.537] Starting turn for Bot25
[14:36:09.537] Bot25 rotated right to face SOUTH
[14:36:09.537] Bot25 executed ROTATE_RIGHT
[14:36:09.537] Bot25 moved forward to (1,1)
[14:36:09.537] Bot25 executed MOVE_FORWARD
[14:36:09.537] Starting turn for Bot23
[14:36:09.537] Bot23 rotated right to face NORTH
[14:36:09.537] Bot23 executed ROTATE_RIGHT
[14:36:09.537] Bot23 moved forward to (8,8)
[14:36:09.537] Bot23 executed MOVE_FORWARD
[14:36:09.537] Starting turn for Bot25
[14:36:09.537] Bot25 rotated left to face EAST
[14:36:09.537] Bot25 executed ROTATE_LEFT
[14:36:09.537] Bot25 moved forward to (1,2)
[14:36:09.537] Bot25 executed MOVE_FORWARD
[14:36:09.537] Starting turn for Bot23
[14:36:09.537] Bot23 rotated left to face WEST
[14:36:09.537] Bot23 executed ROTATE_LEFT
[14:36:09.537] Starting turn for Bot25
[14:36:09.537] Bot25 rotated right to face SOUTH
[14:36:09.537] Bot25 executed ROTATE_RIGHT
[14:36:09.537] Bot25 moved forward to (2,2)
[14:36:09.537] Bot25 executed MOVE_FORWARD
[14:36:09.537] Starting turn for Bot23
[14:36:09.537] Starting turn for Bot25
[14:36:09.537] Bot25 rotated left to face EAST
[14:36:09.537] Bot25 executed ROTATE_LEFT
[14:36:09.537] Bot25 moved forward to (2,3)
[14:36:09.537] Bot25 executed MOVE_FORWARD
[14:36:09.537] Starting turn for Bot23
[14:36:09.537] Bot23 rotated right to face NORTH
[14:36:09.537] Bot23 executed ROTATE_RIGHT
[14:36:09.537] Bot23 moved forward to (7,8)
[14:36:09.537] Bot23 executed MOVE_FORWARD
[14:36:09.537] Starting turn for Bot25
[14:36:09.537] Bot25 rotated right to face SOUTH
[14:36:09.537] Bot25 executed ROTATE_RIGHT
[14:36:09.537] Starting turn for Bot23
[14:36:09.537] Bot23 rotated left to face WEST
[14:36:09.537] Bot23 executed ROTATE_LEFT
[14:36:09.537] Bot23 moved forward to (7,7)
[14:36:09.537] Bot23 executed MOVE_FORWARD
[14:36:09.537] Starting turn for Bot25
[14:36:09.537] Starting turn for Bot23
[14:36:09.537] Bot23 moved forward to (7,6)
[14:36:09.537] Bot23 executed MOVE_FORWARD
[14:36:09.537] Starting turn for Bot25
[14:36:09.537] Bot25 rotated left to face EAST
[14:36:09.537] Bot25 executed ROTATE_LEFT
[14:36:09.537] Bot25 rotated left to face NORTH
[14:36:09.537] Bot25 executed ROTATE_LEFT
[14:36:09.537] Bot25 moved forward to (1,3)
[14:36:09.537] Bot25 executed MOVE_FORWARD
[14:36:09.537] Starting turn for Bot23
[14:36:09.537] Bot23 rotated right to face NORTH
[14:36:09.537] Bot23 executed ROTATE_RIGHT
[14:36:09.537] Bot23 moved forward to (6,6)
[14:36:09.537] Bot23 executed MOVE_FORWARD
[14:36:09.537] Starting turn for Bot25
[14:36:09.537] Bot25 rotated left to face WEST
[14:36:09.537] Bot25 executed ROTATE_LEFT
[14:36:09.537] Bot25 rotated left to face SOUTH
[14:36:09.537] Bot25 executed ROTATE_LEFT
[14:36:09.537] Bot25 moved forward to (2,3)
[14:36:09.537] Bot25 executed MOVE_FORWARD
[14:36:09.537] Starting turn for Bot23
[14:36:09.537] Bot23 rotated left to face WEST
[14:36:09.537] Bot23 executed ROTATE_LEFT
[14:36:09.537] Bot23 moved forward to (6,5)
[14:36:09.537] Bot23 executed MOVE_FORWARD
[14:36:09.537] Starting turn for Bot25
[14:36:09.537] Starting turn for Bot23
[14:36:09.537] Bot23 rotated right to face NORTH
[14:36:09.537] Bot23 executed ROTATE_RIGHT
[14:36:09.537] Bot23 moved forward to (5,5)
[14:36:09.537] Bot23 executed MOVE_FORWARD
[14:36:09.537] Starting turn for Bot25
[14:36:09.537] Starting turn for Bot23
[14:36:09.537] Starting turn for Bot25
[14:36:09.537] Bot25 rotated left to face EAST
[14:36:09.537] Bot25 executed ROTATE_LEFT
[14:36:09.537] Bot25 rotated left to face NORTH
[14:36:09.537] Bot25 executed ROTATE_LEFT
[14:36:09.537] Bot25 moved forward to (1,3)
[14:36:09.537] Bot25 executed MOVE_FORWARD
[14:36:09.537] Starting turn for Bot23
[14:36:09.537] Starting turn for Bot25
[14:36:09.537] Bot25 rotated left to face WEST
[14:36:09.537] Bot25 executed ROTATE_LEFT
[14:36:09.537] Bot25 rotated left to face SOUTH
[14:36:09.537] Bot25 executed ROTATE_LEFT
[14:36:09.537] Bot25 moved forward to (2,3)
[14:36:09.537] Bot25 executed MOVE_FORWARD
[14:36:09.537] Starting turn for Bot23
[14:36:09.537] Starting turn for Bot25
[14:36:09.537] Starting turn for Bot23
[14:36:09.537] Starting turn for Bot25
[14:36:09.537] Starting turn for Bot23
[14:36:09.537] Starting turn for Bot25
[14:36:09.537] Bot25 rotated left to face EAST
[14:36:09.537] Bot25 executed ROTATE_LEFT
[14:36:09.537] Bot25 rotated left to face NORTH
[14:36:09.537] Bot25 executed ROTATE_LEFT
[14:36:09.537] Bot25 moved forward to (1,3)
[14:36:09.537] Bot25 executed MOVE_FORWARD
[14:36:09.537] Starting turn for Bot23
[14:36:09.537] Starting turn for Bot25
[14:36:09.537] Bot25 rotated left to face WEST
[14:36:09.537] Bot25 executed ROTATE_LEFT
[14:36:09.537] Bot25 rotated left to face SOUTH
[14:36:09.537] Bot25 executed ROTATE_LEFT
[14:36:09.537] Bot25 moved forward to (2,3)
[14:36:09.537] Bot25 executed MOVE_FORWARD
[14:36:09.537] Starting turn for Bot23
[14:36:09.537] Starting turn for Bot25
[14:36:09.537] Starting turn for Bot23
[14:36:09.537] Starting turn for Bot25
[14:36:09.537] Starting turn for Bot23
[14:36:09.537] Starting turn for Bot25
[14:36:09.537] Bot25 rotated left to face EAST
[14:36:09.537] Bot25 executed ROTATE_LEFT
[14:36:09.537] Bot25 rotated left to face NORTH
[14:36:09.537] Bot25 executed ROTATE_LEFT
[14:36:09.537] Bot25 moved forward to (1,3)
[14:36:09.537] Bot25 executed MOVE_FORWARD
[14:36:09.537] Starting turn for Bot23
[14:36:09.537] Starting turn for Bot25
[14:36:09.537] Bot25 rotated left to face WEST
[14:36:09.537] Bot25 executed ROTATE_LEFT
[14:36:09.537] Bot25 rotated left to face SOUTH
[14:36:09.537] Bot25 executed ROTATE_LEFT
[14:36:09.537] Bot25 moved forward to (2,3)
[14:36:09.537] Bot25 executed MOVE_FORWARD
[14:36:09.537] Starting turn for Bot23
[14:36:09.537] Stalemate detected: State repeated 10 times, unchanged for 3 turns
[14:36:09.537] Game Over! Stalemate detected!
[14:36:09.537] Stalemate detected: State repeated 10 times, unchanged for 3 turns
