[14:35:39.847] === Game Started at 2025-02-04_14-35-39 ===
[14:35:39.847] Game initialized with 2 players
[14:35:39.847] Board size: 10
[14:35:39.847] Obstacle density: 0.05
[14:35:39.847] Max turns: 1000
[14:35:39.847] Player Bot20 starting at position (0,0) facing SOUTH
[14:35:39.847] Player Bot1 starting at position (9,9) facing WEST
[14:35:39.847] Obstacles at positions: (0,8) (4,1) (5,4) (6,6) (6,9)
[14:35:39.847] Starting turn for Bot20
[14:35:39.847] Bot20 rotated left to face EAST
[14:35:39.847] Bot20 executed ROTATE_LEFT
[14:35:39.847] Bot20 moved forward to (0,1)
[14:35:39.847] Bot20 executed MOVE_FORWARD
[14:35:39.847] Starting turn for Bot1
[14:35:39.847] Bot1 moved forward to (9,8)
[14:35:39.847] Bot1 executed MOVE_FORWARD
[14:35:39.847] Starting turn for Bot20
[14:35:39.847] Bot20 rotated right to face SOUTH
[14:35:39.847] Bot20 executed ROTATE_RIGHT
[14:35:39.847] Bot20 moved forward to (1,1)
[14:35:39.847] Bot20 executed MOVE_FORWARD
[14:35:39.847] Starting turn for Bot1
[14:35:39.847] Bot1 rotated right to face NORTH
[14:35:39.847] Bot1 executed ROTATE_RIGHT
[14:35:39.847] Bot1 moved forward to (8,8)
[14:35:39.847] Bot1 executed MOVE_FORWARD
[14:35:39.847] Starting turn for Bot20
[14:35:39.847] Bot20 rotated left to face EAST
[14:35:39.847] Bot20 executed ROTATE_LEFT
[14:35:39.847] Bot20 moved forward to (1,2)
[14:35:39.847] Bot20 executed MOVE_FORWARD
[14:35:39.847] Starting turn for Bot1
[14:35:39.847] Bot1 rotated left to face WEST
[14:35:39.847] Bot1 executed ROTATE_LEFT
[14:35:39.847] Bot1 moved forward to (8,7)
[14:35:39.847] Bot1 executed MOVE_FORWARD
[14:35:39.847] Starting turn for Bot20
[14:35:39.847] Bot20 rotated right to face SOUTH
[14:35:39.847] Bot20 executed ROTATE_RIGHT
[14:35:39.847] Bot20 moved forward to (2,2)
[14:35:39.847] Bot20 executed MOVE_FORWARD
[14:35:39.847] Starting turn for Bot1
[14:35:39.847] Bot1 rotated right to face NORTH
[14:35:39.847] Bot1 executed ROTATE_RIGHT
[14:35:39.847] Bot1 moved forward to (7,7)
[14:35:39.847] Bot1 executed MOVE_FORWARD
[14:35:39.847] Starting turn for Bot20
[14:35:39.847] Bot20 rotated left to face EAST
[14:35:39.847] Bot20 executed ROTATE_LEFT
[14:35:39.847] Bot20 moved forward to (2,3)
[14:35:39.847] Bot20 executed MOVE_FORWARD
[14:35:39.847] Starting turn for Bot1
[14:35:39.847] Bot1 rotated left to face WEST
[14:35:39.847] Bot1 executed ROTATE_LEFT
[14:35:39.847] Bot1 moved forward to (7,6)
[14:35:39.847] Bot1 executed MOVE_FORWARD
[14:35:39.847] Starting turn for Bot20
[14:35:39.847] Bot20 rotated right to face SOUTH
[14:35:39.847] Bot20 executed ROTATE_RIGHT
[14:35:39.847] Bot20 moved forward to (3,3)
[14:35:39.847] Bot20 executed MOVE_FORWARD
[14:35:39.847] Starting turn for Bot1
[14:35:39.847] Bot1 rotated right to face NORTH
[14:35:39.847] Bot1 executed ROTATE_RIGHT
[14:35:39.847] Starting turn for Bot20
[14:35:39.847] Bot20 rotated left to face EAST
[14:35:39.847] Bot20 executed ROTATE_LEFT
[14:35:39.847] Bot20 moved forward to (3,4)
[14:35:39.847] Bot20 executed MOVE_FORWARD
[14:35:39.847] Starting turn for Bot1
[14:35:39.847] Starting turn for Bot20
[14:35:39.847] Bot20 rotated right to face SOUTH
[14:35:39.847] Bot20 executed ROTATE_RIGHT
[14:35:39.847] Bot20 moved forward to (4,4)
[14:35:39.848] Bot20 executed MOVE_FORWARD
[14:35:39.848] Starting turn for Bot1
[14:35:39.848] Bot1 rotated right to face EAST
[14:35:39.848] Bot1 executed ROTATE_RIGHT
[14:35:39.848] Bot1 moved forward to (7,7)
[14:35:39.848] Bot1 executed MOVE_FORWARD
[14:35:39.848] Starting turn for Bot20
[14:35:39.848] Bot20 rotated left to face EAST
[14:35:39.848] Bot20 executed ROTATE_LEFT
[14:35:39.848] Bot20 moved forward to (4,5)
[14:35:39.848] Bot20 executed MOVE_FORWARD
[14:35:39.848] Starting turn for Bot1
[14:35:39.848] Bot1 rotated left to face NORTH
[14:35:39.848] Bot1 executed ROTATE_LEFT
[14:35:39.848] Bot1 rotated left to face WEST
[14:35:39.848] Bot1 executed ROTATE_LEFT
[14:35:39.848] Bot1 moved forward to (7,6)
[14:35:39.848] Bot1 executed MOVE_FORWARD
[14:35:39.848] Starting turn for Bot20
[14:35:39.848] Bot20 rotated right to face SOUTH
[14:35:39.848] Bot20 executed ROTATE_RIGHT
[14:35:39.848] Bot20 moved forward to (5,5)
[14:35:39.848] Bot20 executed MOVE_FORWARD
[14:35:39.848] Starting turn for Bot1
[14:35:39.848] Bot1 rotated right to face NORTH
[14:35:39.848] Bot1 executed ROTATE_RIGHT
[14:35:39.848] Starting turn for Bot20
[14:35:39.848] Starting turn for Bot1
[14:35:39.848] Starting turn for Bot20
[14:35:39.848] Starting turn for Bot1
[14:35:39.848] Bot1 rotated right to face EAST
[14:35:39.848] Bot1 executed ROTATE_RIGHT
[14:35:39.848] Bot1 moved forward to (7,7)
[14:35:39.848] Bot1 executed MOVE_FORWARD
[14:35:39.848] Starting turn for Bot20
[14:35:39.848] Starting turn for Bot1
[14:35:39.848] Bot1 rotated left to face NORTH
[14:35:39.848] Bot1 executed ROTATE_LEFT
[14:35:39.848] Bot1 rotated left to face WEST
[14:35:39.848] Bot1 executed ROTATE_LEFT
[14:35:39.848] Bot1 moved forward to (7,6)
[14:35:39.848] Bot1 executed MOVE_FORWARD
[14:35:39.848] Starting turn for Bot20
[14:35:39.848] Starting turn for Bot1
[14:35:39.848] Bot1 rotated right to face NORTH
[14:35:39.848] Bot1 executed ROTATE_RIGHT
[14:35:39.848] Starting turn for Bot20
[14:35:39.848] Starting turn for Bot1
[14:35:39.848] Starting turn for Bot20
[14:35:39.848] Starting turn for Bot1
[14:35:39.848] Bot1 rotated right to face EAST
[14:35:39.848] Bot1 executed ROTATE_RIGHT
[14:35:39.848] Bot1 moved forward to (7,7)
[14:35:39.848] Bot1 executed MOVE_FORWARD
[14:35:39.848] Starting turn for Bot20
[14:35:39.848] Starting turn for Bot1
[14:35:39.848] Bot1 rotated left to face NORTH
[14:35:39.848] Bot1 executed ROTATE_LEFT
[14:35:39.848] Bot1 rotated left to face WEST
[14:35:39.848] Bot1 executed ROTATE_LEFT
[14:35:39.848] Bot1 moved forward to (7,6)
[14:35:39.848] Bot1 executed MOVE_FORWARD
[14:35:39.848] Starting turn for Bot20
[14:35:39.848] Starting turn for Bot1
[14:35:39.848] Bot1 rotated right to face NORTH
[14:35:39.848] Bot1 executed ROTATE_RIGHT
[14:35:39.848] Starting turn for Bot20
[14:35:39.848] Starting turn for Bot1
[14:35:39.848] Starting turn for Bot20
[14:35:39.848] Starting turn for Bot1
[14:35:39.848] Stalemate detected: State repeated 10 times, unchanged for 2 turns
[14:35:39.848] Game Over! Stalemate detected!
[14:35:39.848] Stalemate detected: State repeated 10 times, unchanged for 2 turns
