[14:36:05.982] === Game Started at 2025-02-04_14-36-05 ===
[14:36:05.982] Game initialized with 2 players
[14:36:05.982] Board size: 10
[14:36:05.982] Obstacle density: 0.05
[14:36:05.982] Max turns: 1000
[14:36:05.982] Player Bot35 starting at position (0,0) facing SOUTH
[14:36:05.982] Player Bot18 starting at position (9,9) facing SOUTH
[14:36:05.982] Obstacles at positions: (2,2) (2,5) (3,6) (5,5) (5,6)
[14:36:05.982] Starting turn for Bot35
[14:36:05.982] Bot35 rotated left to face EAST
[14:36:05.982] Bot35 executed ROTATE_LEFT
[14:36:05.982] Bot35 moved forward to (0,1)
[14:36:05.982] Bot35 executed MOVE_FORWARD
[14:36:05.982] Starting turn for Bot18
[14:36:05.982] Bot18 rotated right to face WEST
[14:36:05.982] Bot18 executed ROTATE_RIGHT
[14:36:05.982] Bot18 moved forward to (9,8)
[14:36:05.982] Bot18 executed MOVE_FORWARD
[14:36:05.982] Starting turn for Bot35
[14:36:05.982] Bot35 rotated right to face SOUTH
[14:36:05.982] Bot35 executed ROTATE_RIGHT
[14:36:05.982] Bot35 moved forward to (1,1)
[14:36:05.982] Bot35 executed MOVE_FORWARD
[14:36:05.982] Starting turn for Bot18
[14:36:05.982] Bot18 rotated right to face NORTH
[14:36:05.982] Bot18 executed ROTATE_RIGHT
[14:36:05.982] Bot18 moved forward to (8,8)
[14:36:05.982] Bot18 executed MOVE_FORWARD
[14:36:05.982] Starting turn for Bot35
[14:36:05.982] Bot35 rotated left to face EAST
[14:36:05.982] Bot35 executed ROTATE_LEFT
[14:36:05.982] Bot35 moved forward to (1,2)
[14:36:05.982] Bot35 executed MOVE_FORWARD
[14:36:05.982] Starting turn for Bot18
[14:36:05.982] Bot18 rotated left to face WEST
[14:36:05.982] Bot18 executed ROTATE_LEFT
[14:36:05.982] Bot18 moved forward to (8,7)
[14:36:05.982] Bot18 executed MOVE_FORWARD
[14:36:05.982] Starting turn for Bot35
[14:36:05.982] Bot35 rotated right to face SOUTH
[14:36:05.982] Bot35 executed ROTATE_RIGHT
[14:36:05.982] Starting turn for Bot18
[14:36:05.982] Bot18 rotated right to face NORTH
[14:36:05.982] Bot18 executed ROTATE_RIGHT
[14:36:05.982] Bot18 moved forward to (7,7)
[14:36:05.982] Bot18 executed MOVE_FORWARD
[14:36:05.982] Starting turn for Bot35
[14:36:05.982] Starting turn for Bot18
[14:36:05.982] Bot18 rotated left to face WEST
[14:36:05.982] Bot18 executed ROTATE_LEFT
[14:36:05.982] Bot18 moved forward to (7,6)
[14:36:05.982] Bot18 executed MOVE_FORWARD
[14:36:05.982] Starting turn for Bot35
[14:36:05.982] Bot35 rotated left to face EAST
[14:36:05.982] Bot35 executed ROTATE_LEFT
[14:36:05.982] Bot35 rotated left to face NORTH
[14:36:05.982] Bot35 executed ROTATE_LEFT
[14:36:05.982] Bot35 moved forward to (0,2)
[14:36:05.982] Bot35 executed MOVE_FORWARD
[14:36:05.982] Starting turn for Bot18
[14:36:05.982] Bot18 rotated right to face NORTH
[14:36:05.982] Bot18 executed ROTATE_RIGHT
[14:36:05.982] Bot18 moved forward to (6,6)
[14:36:05.982] Bot18 executed MOVE_FORWARD
[14:36:05.982] Starting turn for Bot35
[14:36:05.982] Bot35 rotated left to face WEST
[14:36:05.982] Bot35 executed ROTATE_LEFT
[14:36:05.982] Bot35 rotated left to face SOUTH
[14:36:05.982] Bot35 executed ROTATE_LEFT
[14:36:05.982] Bot35 moved forward to (1,2)
[14:36:05.982] Bot35 executed MOVE_FORWARD
[14:36:05.982] Starting turn for Bot18
[14:36:05.982] Bot18 rotated left to face WEST
[14:36:05.982] Bot18 executed ROTATE_LEFT
[14:36:05.982] Bot18 moved forward to (6,5)
[14:36:05.982] Bot18 executed MOVE_FORWARD
[14:36:05.982] Starting turn for Bot35
[14:36:05.982] Starting turn for Bot18
[14:36:05.982] Bot18 rotated right to face NORTH
[14:36:05.982] Bot18 executed ROTATE_RIGHT
[14:36:05.982] Starting turn for Bot35
[14:36:05.982] Starting turn for Bot18
[14:36:05.982] Starting turn for Bot35
[14:36:05.982] Bot35 rotated left to face EAST
[14:36:05.982] Bot35 executed ROTATE_LEFT
[14:36:05.982] Bot35 rotated left to face NORTH
[14:36:05.982] Bot35 executed ROTATE_LEFT
[14:36:05.982] Bot35 moved forward to (0,2)
[14:36:05.982] Bot35 executed MOVE_FORWARD
[14:36:05.982] Starting turn for Bot18
[14:36:05.982] Bot18 rotated right to face EAST
[14:36:05.982] Bot18 executed ROTATE_RIGHT
[14:36:05.982] Bot18 moved forward to (6,6)
[14:36:05.982] Bot18 executed MOVE_FORWARD
[14:36:05.982] Starting turn for Bot35
[14:36:05.982] Bot35 rotated left to face WEST
[14:36:05.982] Bot35 executed ROTATE_LEFT
[14:36:05.982] Bot35 rotated left to face SOUTH
[14:36:05.982] Bot35 executed ROTATE_LEFT
[14:36:05.982] Bot35 moved forward to (1,2)
[14:36:05.982] Bot35 executed MOVE_FORWARD
[14:36:05.982] Starting turn for Bot18
[14:36:05.982] Bot18 rotated left to face NORTH
[14:36:05.982] Bot18 executed ROTATE_LEFT
[14:36:05.982] Bot18 rotated left to face WEST
[14:36:05.982] Bot18 executed ROTATE_LEFT
[14:36:05.982] Bot18 moved forward to (6,5)
[14:36:05.982] Bot18 executed MOVE_FORWARD
[14:36:05.982] Starting turn for Bot35
[14:36:05.982] Starting turn for Bot18
[14:36:05.982] Bot18 rotated right to face NORTH
[14:36:05.982] Bot18 executed ROTATE_RIGHT
[14:36:05.982] Starting turn for Bot35
[14:36:05.982] Starting turn for Bot18
[14:36:05.982] Starting turn for Bot35
[14:36:05.982] Bot35 rotated left to face EAST
[14:36:05.982] Bot35 executed ROTATE_LEFT
[14:36:05.982] Bot35 rotated left to face NORTH
[14:36:05.982] Bot35 executed ROTATE_LEFT
[14:36:05.982] Bot35 moved forward to (0,2)
[14:36:05.982] Bot35 executed MOVE_FORWARD
[14:36:05.982] Starting turn for Bot18
[14:36:05.982] Bot18 rotated right to face EAST
[14:36:05.982] Bot18 executed ROTATE_RIGHT
[14:36:05.982] Bot18 moved forward to (6,6)
[14:36:05.982] Bot18 executed MOVE_FORWARD
[14:36:05.982] Starting turn for Bot35
[14:36:05.982] Bot35 rotated left to face WEST
[14:36:05.982] Bot35 executed ROTATE_LEFT
[14:36:05.982] Bot35 rotated left to face SOUTH
[14:36:05.982] Bot35 executed ROTATE_LEFT
[14:36:05.982] Bot35 moved forward to (1,2)
[14:36:05.982] Bot35 executed MOVE_FORWARD
[14:36:05.982] Starting turn for Bot18
[14:36:05.982] Bot18 rotated left to face NORTH
[14:36:05.982] Bot18 executed ROTATE_LEFT
[14:36:05.982] Bot18 rotated left to face WEST
[14:36:05.982] Bot18 executed ROTATE_LEFT
[14:36:05.982] Bot18 moved forward to (6,5)
[14:36:05.982] Bot18 executed MOVE_FORWARD
[14:36:05.982] Starting turn for Bot35
[14:36:05.982] Starting turn for Bot18
[14:36:05.982] Bot18 rotated right to face NORTH
[14:36:05.982] Bot18 executed ROTATE_RIGHT
[14:36:05.982] Starting turn for Bot35
[14:36:05.982] Starting turn for Bot18
[14:36:05.982] Starting turn for Bot35
[14:36:05.982] Bot35 rotated left to face EAST
[14:36:05.982] Bot35 executed ROTATE_LEFT
[14:36:05.982] Bot35 rotated left to face NORTH
[14:36:05.982] Bot35 executed ROTATE_LEFT
[14:36:05.982] Bot35 moved forward to (0,2)
[14:36:05.982] Bot35 executed MOVE_FORWARD
[14:36:05.982] Starting turn for Bot18
[14:36:05.982] Bot18 rotated right to face EAST
[14:36:05.982] Bot18 executed ROTATE_RIGHT
[14:36:05.982] Bot18 moved forward to (6,6)
[14:36:05.982] Bot18 executed MOVE_FORWARD
[14:36:05.982] Starting turn for Bot35
[14:36:05.982] Bot35 rotated left to face WEST
[14:36:05.982] Bot35 executed ROTATE_LEFT
[14:36:05.982] Bot35 rotated left to face SOUTH
[14:36:05.982] Bot35 executed ROTATE_LEFT
[14:36:05.982] Bot35 moved forward to (1,2)
[14:36:05.982] Bot35 executed MOVE_FORWARD
[14:36:05.982] Starting turn for Bot18
[14:36:05.982] Bot18 rotated left to face NORTH
[14:36:05.982] Bot18 executed ROTATE_LEFT
[14:36:05.982] Bot18 rotated left to face WEST
[14:36:05.982] Bot18 executed ROTATE_LEFT
[14:36:05.982] Bot18 moved forward to (6,5)
[14:36:05.982] Bot18 executed MOVE_FORWARD
[14:36:05.982] Starting turn for Bot35
[14:36:05.982] Starting turn for Bot18
[14:36:05.982] Bot18 rotated right to face NORTH
[14:36:05.982] Bot18 executed ROTATE_RIGHT
[14:36:05.982] Starting turn for Bot35
[14:36:05.982] Stalemate detected: State repeated 10 times, unchanged for 3 turns
[14:36:05.982] Game Over! Stalemate detected!
[14:36:05.982] Stalemate detected: State repeated 10 times, unchanged for 3 turns
