[14:36:13.258] === Game Started at 2025-02-04_14-36-13 ===
[14:36:13.258] Game initialized with 2 players
[14:36:13.259] Board size: 10
[14:36:13.259] Obstacle density: 0.05
[14:36:13.259] Max turns: 1000
[14:36:13.259] Player Bot28 starting at position (0,0) facing EAST
[14:36:13.259] Player Bot39 starting at position (9,9) facing SOUTH
[14:36:13.259] Obstacles at positions: (0,2) (1,1) (3,8) (8,3) (8,8)
[14:36:13.259] Starting turn for Bot28
[14:36:13.259] Bot28 moved forward to (0,1)
[14:36:13.259] Bot28 executed MOVE_FORWARD
[14:36:13.259] Starting turn for Bot39
[14:36:13.259] Bot39 rotated right to face WEST
[14:36:13.259] Bot39 executed ROTATE_RIGHT
[14:36:13.259] Bot39 moved forward to (9,8)
[14:36:13.259] Bot39 executed MOVE_FORWARD
[14:36:13.259] Starting turn for Bot28
[14:36:13.259] Bot28 rotated right to face SOUTH
[14:36:13.259] Bot28 executed ROTATE_RIGHT
[14:36:13.259] Starting turn for Bot39
[14:36:13.259] Bot39 rotated right to face NORTH
[14:36:13.259] Bot39 executed ROTATE_RIGHT
[14:36:13.259] Starting turn for Bot28
[14:36:13.259] Starting turn for Bot39
[14:36:13.259] Starting turn for Bot28
[14:36:13.259] Bot28 rotated right to face WEST
[14:36:13.259] Bot28 executed ROTATE_RIGHT
[14:36:13.259] Bot28 moved forward to (0,0)
[14:36:13.259] Bot28 executed MOVE_FORWARD
[14:36:13.259] Starting turn for Bot39
[14:36:13.259] Bot39 rotated right to face EAST
[14:36:13.259] Bot39 executed ROTATE_RIGHT
[14:36:13.259] Bot39 moved forward to (9,9)
[14:36:13.259] Bot39 executed MOVE_FORWARD
[14:36:13.259] Starting turn for Bot28
[14:36:13.259] Bot28 rotated left to face SOUTH
[14:36:13.259] Bot28 executed ROTATE_LEFT
[14:36:13.259] Bot28 rotated left to face EAST
[14:36:13.259] Bot28 executed ROTATE_LEFT
[14:36:13.259] Bot28 moved forward to (0,1)
[14:36:13.259] Bot28 executed MOVE_FORWARD
[14:36:13.259] Starting turn for Bot39
[14:36:13.259] Bot39 rotated left to face NORTH
[14:36:13.259] Bot39 executed ROTATE_LEFT
[14:36:13.259] Bot39 rotated left to face WEST
[14:36:13.259] Bot39 executed ROTATE_LEFT
[14:36:13.259] Bot39 moved forward to (9,8)
[14:36:13.259] Bot39 executed MOVE_FORWARD
[14:36:13.259] Starting turn for Bot28
[14:36:13.259] Bot28 rotated right to face SOUTH
[14:36:13.259] Bot28 executed ROTATE_RIGHT
[14:36:13.259] Starting turn for Bot39
[14:36:13.259] Bot39 rotated right to face NORTH
[14:36:13.259] Bot39 executed ROTATE_RIGHT
[14:36:13.259] Starting turn for Bot28
[14:36:13.259] Starting turn for Bot39
[14:36:13.259] Starting turn for Bot28
[14:36:13.259] Bot28 rotated right to face WEST
[14:36:13.259] Bot28 executed ROTATE_RIGHT
[14:36:13.259] Bot28 moved forward to (0,0)
[14:36:13.259] Bot28 executed MOVE_FORWARD
[14:36:13.259] Starting turn for Bot39
[14:36:13.259] Bot39 rotated right to face EAST
[14:36:13.259] Bot39 executed ROTATE_RIGHT
[14:36:13.259] Bot39 moved forward to (9,9)
[14:36:13.259] Bot39 executed MOVE_FORWARD
[14:36:13.259] Starting turn for Bot28
[14:36:13.259] Bot28 rotated left to face SOUTH
[14:36:13.259] Bot28 executed ROTATE_LEFT
[14:36:13.259] Bot28 rotated left to face EAST
[14:36:13.259] Bot28 executed ROTATE_LEFT
[14:36:13.259] Bot28 moved forward to (0,1)
[14:36:13.259] Bot28 executed MOVE_FORWARD
[14:36:13.259] Starting turn for Bot39
[14:36:13.259] Bot39 rotated left to face NORTH
[14:36:13.259] Bot39 executed ROTATE_LEFT
[14:36:13.259] Bot39 rotated left to face WEST
[14:36:13.259] Bot39 executed ROTATE_LEFT
[14:36:13.259] Bot39 moved forward to (9,8)
[14:36:13.259] Bot39 executed MOVE_FORWARD
[14:36:13.259] Starting turn for Bot28
[14:36:13.259] Bot28 rotated right to face SOUTH
[14:36:13.259] Bot28 executed ROTATE_RIGHT
[14:36:13.259] Starting turn for Bot39
[14:36:13.259] Bot39 rotated right to face NORTH
[14:36:13.259] Bot39 executed ROTATE_RIGHT
[14:36:13.259] Starting turn for Bot28
[14:36:13.259] Starting turn for Bot39
[14:36:13.259] Starting turn for Bot28
[14:36:13.259] Bot28 rotated right to face WEST
[14:36:13.259] Bot28 executed ROTATE_RIGHT
[14:36:13.259] Bot28 moved forward to (0,0)
[14:36:13.259] Bot28 executed MOVE_FORWARD
[14:36:13.259] Starting turn for Bot39
[14:36:13.259] Bot39 rotated right to face EAST
[14:36:13.259] Bot39 executed ROTATE_RIGHT
[14:36:13.259] Bot39 moved forward to (9,9)
[14:36:13.259] Bot39 executed MOVE_FORWARD
[14:36:13.259] Starting turn for Bot28
[14:36:13.259] Bot28 rotated left to face SOUTH
[14:36:13.259] Bot28 executed ROTATE_LEFT
[14:36:13.259] Bot28 rotated left to face EAST
[14:36:13.259] Bot28 executed ROTATE_LEFT
[14:36:13.259] Bot28 moved forward to (0,1)
[14:36:13.259] Bot28 executed MOVE_FORWARD
[14:36:13.259] Starting turn for Bot39
[14:36:13.259] Bot39 rotated left to face NORTH
[14:36:13.259] Bot39 executed ROTATE_LEFT
[14:36:13.259] Bot39 rotated left to face WEST
[14:36:13.259] Bot39 executed ROTATE_LEFT
[14:36:13.259] Bot39 moved forward to (9,8)
[14:36:13.259] Bot39 executed MOVE_FORWARD
[14:36:13.259] Starting turn for Bot28
[14:36:13.259] Bot28 rotated right to face SOUTH
[14:36:13.259] Bot28 executed ROTATE_RIGHT
[14:36:13.259] Starting turn for Bot39
[14:36:13.259] Bot39 rotated right to face NORTH
[14:36:13.259] Bot39 executed ROTATE_RIGHT
[14:36:13.259] Starting turn for Bot28
[14:36:13.259] Starting turn for Bot39
[14:36:13.259] Starting turn for Bot28
[14:36:13.259] Bot28 rotated right to face WEST
[14:36:13.259] Bot28 executed ROTATE_RIGHT
[14:36:13.259] Bot28 moved forward to (0,0)
[14:36:13.259] Bot28 executed MOVE_FORWARD
[14:36:13.259] Starting turn for Bot39
[14:36:13.259] Bot39 rotated right to face EAST
[14:36:13.259] Bot39 executed ROTATE_RIGHT
[14:36:13.259] Bot39 moved forward to (9,9)
[14:36:13.259] Bot39 executed MOVE_FORWARD
[14:36:13.259] Starting turn for Bot28
[14:36:13.259] Bot28 rotated left to face SOUTH
[14:36:13.259] Bot28 executed ROTATE_LEFT
[14:36:13.259] Bot28 rotated left to face EAST
[14:36:13.259] Bot28 executed ROTATE_LEFT
[14:36:13.259] Bot28 moved forward to (0,1)
[14:36:13.259] Bot28 executed MOVE_FORWARD
[14:36:13.259] Starting turn for Bot39
[14:36:13.259] Bot39 rotated left to face NORTH
[14:36:13.259] Bot39 executed ROTATE_LEFT
[14:36:13.259] Bot39 rotated left to face WEST
[14:36:13.259] Bot39 executed ROTATE_LEFT
[14:36:13.259] Bot39 moved forward to (9,8)
[14:36:13.259] Bot39 executed MOVE_FORWARD
[14:36:13.259] Starting turn for Bot28
[14:36:13.259] Bot28 rotated right to face SOUTH
[14:36:13.259] Bot28 executed ROTATE_RIGHT
[14:36:13.259] Starting turn for Bot39
[14:36:13.259] Bot39 rotated right to face NORTH
[14:36:13.259] Bot39 executed ROTATE_RIGHT
[14:36:13.259] Starting turn for Bot28
[14:36:13.259] Starting turn for Bot39
[14:36:13.259] Starting turn for Bot28
[14:36:13.259] Bot28 rotated right to face WEST
[14:36:13.259] Bot28 executed ROTATE_RIGHT
[14:36:13.259] Bot28 moved forward to (0,0)
[14:36:13.259] Bot28 executed MOVE_FORWARD
[14:36:13.259] Starting turn for Bot39
[14:36:13.259] Bot39 rotated right to face EAST
[14:36:13.259] Bot39 executed ROTATE_RIGHT
[14:36:13.259] Bot39 moved forward to (9,9)
[14:36:13.259] Bot39 executed MOVE_FORWARD
[14:36:13.259] Starting turn for Bot28
[14:36:13.259] Bot28 rotated left to face SOUTH
[14:36:13.259] Bot28 executed ROTATE_LEFT
[14:36:13.259] Bot28 rotated left to face EAST
[14:36:13.259] Bot28 executed ROTATE_LEFT
[14:36:13.259] Bot28 moved forward to (0,1)
[14:36:13.259] Bot28 executed MOVE_FORWARD
[14:36:13.259] Starting turn for Bot39
[14:36:13.259] Bot39 rotated left to face NORTH
[14:36:13.259] Bot39 executed ROTATE_LEFT
[14:36:13.259] Bot39 rotated left to face WEST
[14:36:13.259] Bot39 executed ROTATE_LEFT
[14:36:13.259] Bot39 moved forward to (9,8)
[14:36:13.259] Bot39 executed MOVE_FORWARD
[14:36:13.259] Starting turn for Bot28
[14:36:13.259] Bot28 rotated right to face SOUTH
[14:36:13.259] Bot28 executed ROTATE_RIGHT
[14:36:13.259] Starting turn for Bot39
[14:36:13.259] Bot39 rotated right to face NORTH
[14:36:13.259] Bot39 executed ROTATE_RIGHT
[14:36:13.259] Starting turn for Bot28
[14:36:13.259] Stalemate detected: State repeated 10 times, unchanged for 3 turns
[14:36:13.259] Game Over! Stalemate detected!
[14:36:13.259] Stalemate detected: State repeated 10 times, unchanged for 3 turns
