[14:36:05.553] === Game Started at 2025-02-04_14-36-05 ===
[14:36:05.553] Game initialized with 2 players
[14:36:05.553] Board size: 10
[14:36:05.553] Obstacle density: 0.05
[14:36:05.553] Max turns: 1000
[14:36:05.553] Player Bot18 starting at position (0,0) facing EAST
[14:36:05.553] Player Bot27 starting at position (9,9) facing SOUTH
[14:36:05.553] Obstacles at positions: (0,1) (1,0) (3,1) (6,3) (8,4)
[14:36:05.553] Starting turn for Bot18
[14:36:05.553] Starting turn for Bot27
[14:36:05.553] Bot27 rotated right to face WEST
[14:36:05.554] Bot27 executed ROTATE_RIGHT
[14:36:05.554] Bot27 moved forward to (9,8)
[14:36:05.554] Bot27 executed MOVE_FORWARD
[14:36:05.554] Starting turn for Bot18
[14:36:05.554] Bot18 rotated right to face SOUTH
[14:36:05.554] Bot18 executed ROTATE_RIGHT
[14:36:05.554] Starting turn for Bot27
[14:36:05.554] Bot27 rotated right to face NORTH
[14:36:05.554] Bot27 executed ROTATE_RIGHT
[14:36:05.554] Bot27 moved forward to (8,8)
[14:36:05.554] Bot27 executed MOVE_FORWARD
[14:36:05.554] Starting turn for Bot18
[14:36:05.554] Bot18 rotated left to face EAST
[14:36:05.554] Bot18 executed ROTATE_LEFT
[14:36:05.554] Starting turn for Bot27
[14:36:05.554] Bot27 rotated left to face WEST
[14:36:05.554] Bot27 executed ROTATE_LEFT
[14:36:05.554] Bot27 moved forward to (8,7)
[14:36:05.554] Bot27 executed MOVE_FORWARD
[14:36:05.554] Starting turn for Bot18
[14:36:05.554] Starting turn for Bot27
[14:36:05.554] Bot27 rotated right to face NORTH
[14:36:05.554] Bot27 executed ROTATE_RIGHT
[14:36:05.554] Bot27 moved forward to (7,7)
[14:36:05.554] Bot27 executed MOVE_FORWARD
[14:36:05.554] Starting turn for Bot18
[14:36:05.554] Bot18 rotated right to face SOUTH
[14:36:05.554] Bot18 executed ROTATE_RIGHT
[14:36:05.554] Starting turn for Bot27
[14:36:05.554] Bot27 rotated left to face WEST
[14:36:05.554] Bot27 executed ROTATE_LEFT
[14:36:05.554] Bot27 moved forward to (7,6)
[14:36:05.554] Bot27 executed MOVE_FORWARD
[14:36:05.554] Starting turn for Bot18
[14:36:05.554] Bot18 rotated left to face EAST
[14:36:05.554] Bot18 executed ROTATE_LEFT
[14:36:05.554] Starting turn for Bot27
[14:36:05.554] Bot27 rotated right to face NORTH
[14:36:05.554] Bot27 executed ROTATE_RIGHT
[14:36:05.554] Bot27 moved forward to (6,6)
[14:36:05.554] Bot27 executed MOVE_FORWARD
[14:36:05.554] Starting turn for Bot18
[14:36:05.554] Starting turn for Bot27
[14:36:05.554] Bot27 rotated left to face WEST
[14:36:05.554] Bot27 executed ROTATE_LEFT
[14:36:05.554] Bot27 moved forward to (6,5)
[14:36:05.554] Bot27 executed MOVE_FORWARD
[14:36:05.554] Starting turn for Bot18
[14:36:05.554] Bot18 rotated right to face SOUTH
[14:36:05.554] Bot18 executed ROTATE_RIGHT
[14:36:05.554] Starting turn for Bot27
[14:36:05.554] Bot27 rotated right to face NORTH
[14:36:05.554] Bot27 executed ROTATE_RIGHT
[14:36:05.554] Bot27 moved forward to (5,5)
[14:36:05.554] Bot27 executed MOVE_FORWARD
[14:36:05.554] Starting turn for Bot18
[14:36:05.554] Bot18 rotated left to face EAST
[14:36:05.554] Bot18 executed ROTATE_LEFT
[14:36:05.554] Starting turn for Bot27
[14:36:05.554] Starting turn for Bot18
[14:36:05.554] Starting turn for Bot27
[14:36:05.554] Starting turn for Bot18
[14:36:05.554] Bot18 rotated right to face SOUTH
[14:36:05.554] Bot18 executed ROTATE_RIGHT
[14:36:05.554] Starting turn for Bot27
[14:36:05.554] Starting turn for Bot18
[14:36:05.554] Bot18 rotated left to face EAST
[14:36:05.554] Bot18 executed ROTATE_LEFT
[14:36:05.554] Starting turn for Bot27
[14:36:05.554] Starting turn for Bot18
[14:36:05.554] Starting turn for Bot27
[14:36:05.554] Starting turn for Bot18
[14:36:05.554] Bot18 rotated right to face SOUTH
[14:36:05.554] Bot18 executed ROTATE_RIGHT
[14:36:05.554] Starting turn for Bot27
[14:36:05.554] Starting turn for Bot18
[14:36:05.554] Bot18 rotated left to face EAST
[14:36:05.554] Bot18 executed ROTATE_LEFT
[14:36:05.554] Starting turn for Bot27
[14:36:05.554] Starting turn for Bot18
[14:36:05.554] Starting turn for Bot27
[14:36:05.554] Starting turn for Bot18
[14:36:05.554] Bot18 rotated right to face SOUTH
[14:36:05.554] Bot18 executed ROTATE_RIGHT
[14:36:05.554] Starting turn for Bot27
[14:36:05.554] Starting turn for Bot18
[14:36:05.554] Bot18 rotated left to face EAST
[14:36:05.554] Bot18 executed ROTATE_LEFT
[14:36:05.554] Starting turn for Bot27
[14:36:05.554] Starting turn for Bot18
[14:36:05.554] Starting turn for Bot27
[14:36:05.554] Starting turn for Bot18
[14:36:05.554] Bot18 rotated right to face SOUTH
[14:36:05.554] Bot18 executed ROTATE_RIGHT
[14:36:05.554] Starting turn for Bot27
[14:36:05.554] Starting turn for Bot18
[14:36:05.554] Bot18 rotated left to face EAST
[14:36:05.554] Bot18 executed ROTATE_LEFT
[14:36:05.554] Starting turn for Bot27
[14:36:05.554] Stalemate detected: State repeated 10 times, unchanged for 1 turns
[14:36:05.554] Game Over! Stalemate detected!
[14:36:05.554] Stalemate detected: State repeated 10 times, unchanged for 1 turns
