[14:35:50.521] === Game Started at 2025-02-04_14-35-50 ===
[14:35:50.521] Game initialized with 2 players
[14:35:50.521] Board size: 10
[14:35:50.521] Obstacle density: 0.05
[14:35:50.521] Max turns: 1000
[14:35:50.521] Player Bot34 starting at position (0,0) facing EAST
[14:35:50.521] Player Bot6 starting at position (9,9) facing SOUTH
[14:35:50.521] Obstacles at positions: (0,1) (4,0) (6,6) (9,4) (9,7)
[14:35:50.521] Starting turn for Bot34
[14:35:50.521] Starting turn for Bot6
[14:35:50.521] Bot6 rotated right to face WEST
[14:35:50.521] Bot6 executed ROTATE_RIGHT
[14:35:50.521] Bot6 moved forward to (9,8)
[14:35:50.521] Bot6 executed MOVE_FORWARD
[14:35:50.521] Starting turn for Bot34
[14:35:50.521] Starting turn for Bot6
[14:35:50.521] Bot6 rotated right to face NORTH
[14:35:50.521] Bot6 executed ROTATE_RIGHT
[14:35:50.521] Bot6 moved forward to (8,8)
[14:35:50.521] Bot6 executed MOVE_FORWARD
[14:35:50.521] Starting turn for Bot34
[14:35:50.521] Bot34 rotated right to face SOUTH
[14:35:50.521] Bot34 executed ROTATE_RIGHT
[14:35:50.521] Bot34 moved forward to (1,0)
[14:35:50.521] Bot34 executed MOVE_FORWARD
[14:35:50.521] Starting turn for Bot6
[14:35:50.521] Bot6 rotated left to face WEST
[14:35:50.521] Bot6 executed ROTATE_LEFT
[14:35:50.521] Bot6 moved forward to (8,7)
[14:35:50.521] Bot6 executed MOVE_FORWARD
[14:35:50.521] Starting turn for Bot34
[14:35:50.521] Bot34 rotated left to face EAST
[14:35:50.521] Bot34 executed ROTATE_LEFT
[14:35:50.521] Bot34 moved forward to (1,1)
[14:35:50.521] Bot34 executed MOVE_FORWARD
[14:35:50.521] Starting turn for Bot6
[14:35:50.521] Bot6 rotated right to face NORTH
[14:35:50.521] Bot6 executed ROTATE_RIGHT
[14:35:50.521] Bot6 moved forward to (7,7)
[14:35:50.521] Bot6 executed MOVE_FORWARD
[14:35:50.521] Starting turn for Bot34
[14:35:50.521] Bot34 moved forward to (1,2)
[14:35:50.521] Bot34 executed MOVE_FORWARD
[14:35:50.521] Starting turn for Bot6
[14:35:50.521] Bot6 rotated left to face WEST
[14:35:50.521] Bot6 executed ROTATE_LEFT
[14:35:50.521] Bot6 moved forward to (7,6)
[14:35:50.521] Bot6 executed MOVE_FORWARD
[14:35:50.521] Starting turn for Bot34
[14:35:50.521] Bot34 rotated right to face SOUTH
[14:35:50.521] Bot34 executed ROTATE_RIGHT
[14:35:50.521] Bot34 moved forward to (2,2)
[14:35:50.521] Bot34 executed MOVE_FORWARD
[14:35:50.521] Starting turn for Bot6
[14:35:50.521] Bot6 rotated right to face NORTH
[14:35:50.521] Bot6 executed ROTATE_RIGHT
[14:35:50.521] Starting turn for Bot34
[14:35:50.521] Bot34 rotated left to face EAST
[14:35:50.521] Bot34 executed ROTATE_LEFT
[14:35:50.521] Bot34 moved forward to (2,3)
[14:35:50.521] Bot34 executed MOVE_FORWARD
[14:35:50.521] Starting turn for Bot6
[14:35:50.521] Starting turn for Bot34
[14:35:50.521] Bot34 rotated right to face SOUTH
[14:35:50.521] Bot34 executed ROTATE_RIGHT
[14:35:50.521] Bot34 moved forward to (3,3)
[14:35:50.521] Bot34 executed MOVE_FORWARD
[14:35:50.521] Starting turn for Bot6
[14:35:50.521] Bot6 rotated right to face EAST
[14:35:50.521] Bot6 executed ROTATE_RIGHT
[14:35:50.521] Bot6 moved forward to (7,7)
[14:35:50.521] Bot6 executed MOVE_FORWARD
[14:35:50.521] Starting turn for Bot34
[14:35:50.521] Bot34 rotated left to face EAST
[14:35:50.521] Bot34 executed ROTATE_LEFT
[14:35:50.521] Bot34 moved forward to (3,4)
[14:35:50.521] Bot34 executed MOVE_FORWARD
[14:35:50.521] Starting turn for Bot6
[14:35:50.521] Bot6 rotated left to face NORTH
[14:35:50.521] Bot6 executed ROTATE_LEFT
[14:35:50.521] Bot6 rotated left to face WEST
[14:35:50.521] Bot6 executed ROTATE_LEFT
[14:35:50.521] Bot6 moved forward to (7,6)
[14:35:50.521] Bot6 executed MOVE_FORWARD
[14:35:50.521] Starting turn for Bot34
[14:35:50.521] Bot34 rotated right to face SOUTH
[14:35:50.521] Bot34 executed ROTATE_RIGHT
[14:35:50.521] Bot34 moved forward to (4,4)
[14:35:50.521] Bot34 executed MOVE_FORWARD
[14:35:50.521] Starting turn for Bot6
[14:35:50.521] Bot6 rotated right to face NORTH
[14:35:50.521] Bot6 executed ROTATE_RIGHT
[14:35:50.521] Starting turn for Bot34
[14:35:50.521] Bot34 rotated left to face EAST
[14:35:50.521] Bot34 executed ROTATE_LEFT
[14:35:50.521] Bot34 moved forward to (4,5)
[14:35:50.521] Bot34 executed MOVE_FORWARD
[14:35:50.521] Starting turn for Bot6
[14:35:50.521] Starting turn for Bot34
[14:35:50.521] Bot34 rotated right to face SOUTH
[14:35:50.521] Bot34 executed ROTATE_RIGHT
[14:35:50.521] Bot34 moved forward to (5,5)
[14:35:50.521] Bot34 executed MOVE_FORWARD
[14:35:50.521] Starting turn for Bot6
[14:35:50.521] Bot6 rotated right to face EAST
[14:35:50.521] Bot6 executed ROTATE_RIGHT
[14:35:50.521] Bot6 moved forward to (7,7)
[14:35:50.521] Bot6 executed MOVE_FORWARD
[14:35:50.521] Starting turn for Bot34
[14:35:50.521] Starting turn for Bot6
[14:35:50.521] Bot6 rotated left to face NORTH
[14:35:50.521] Bot6 executed ROTATE_LEFT
[14:35:50.521] Bot6 rotated left to face WEST
[14:35:50.521] Bot6 executed ROTATE_LEFT
[14:35:50.521] Bot6 moved forward to (7,6)
[14:35:50.521] Bot6 executed MOVE_FORWARD
[14:35:50.521] Starting turn for Bot34
[14:35:50.521] Starting turn for Bot6
[14:35:50.521] Bot6 rotated right to face NORTH
[14:35:50.521] Bot6 executed ROTATE_RIGHT
[14:35:50.521] Starting turn for Bot34
[14:35:50.521] Starting turn for Bot6
[14:35:50.521] Starting turn for Bot34
[14:35:50.521] Starting turn for Bot6
[14:35:50.521] Bot6 rotated right to face EAST
[14:35:50.521] Bot6 executed ROTATE_RIGHT
[14:35:50.521] Bot6 moved forward to (7,7)
[14:35:50.521] Bot6 executed MOVE_FORWARD
[14:35:50.521] Starting turn for Bot34
[14:35:50.521] Starting turn for Bot6
[14:35:50.521] Bot6 rotated left to face NORTH
[14:35:50.521] Bot6 executed ROTATE_LEFT
[14:35:50.521] Bot6 rotated left to face WEST
[14:35:50.521] Bot6 executed ROTATE_LEFT
[14:35:50.521] Bot6 moved forward to (7,6)
[14:35:50.521] Bot6 executed MOVE_FORWARD
[14:35:50.521] Starting turn for Bot34
[14:35:50.521] Starting turn for Bot6
[14:35:50.521] Bot6 rotated right to face NORTH
[14:35:50.521] Bot6 executed ROTATE_RIGHT
[14:35:50.521] Starting turn for Bot34
[14:35:50.521] Starting turn for Bot6
[14:35:50.521] Starting turn for Bot34
[14:35:50.521] Starting turn for Bot6
[14:35:50.521] Bot6 rotated right to face EAST
[14:35:50.521] Bot6 executed ROTATE_RIGHT
[14:35:50.521] Bot6 moved forward to (7,7)
[14:35:50.521] Bot6 executed MOVE_FORWARD
[14:35:50.521] Starting turn for Bot34
[14:35:50.521] Starting turn for Bot6
[14:35:50.521] Bot6 rotated left to face NORTH
[14:35:50.521] Bot6 executed ROTATE_LEFT
[14:35:50.521] Bot6 rotated left to face WEST
[14:35:50.521] Bot6 executed ROTATE_LEFT
[14:35:50.521] Bot6 moved forward to (7,6)
[14:35:50.521] Bot6 executed MOVE_FORWARD
[14:35:50.521] Starting turn for Bot34
[14:35:50.521] Starting turn for Bot6
[14:35:50.521] Bot6 rotated right to face NORTH
[14:35:50.521] Bot6 executed ROTATE_RIGHT
[14:35:50.521] Starting turn for Bot34
[14:35:50.521] Stalemate detected: State repeated 10 times, unchanged for 1 turns
[14:35:50.521] Game Over! Stalemate detected!
[14:35:50.521] Stalemate detected: State repeated 10 times, unchanged for 1 turns
