[14:35:43.939] === Game Started at 2025-02-04_14-35-43 ===
[14:35:43.939] Game initialized with 2 players
[14:35:43.939] Board size: 10
[14:35:43.939] Obstacle density: 0.05
[14:35:43.939] Max turns: 1000
[14:35:43.939] Player Bot3 starting at position (0,0) facing SOUTH
[14:35:43.939] Player Bot19 starting at position (9,9) facing NORTH
[14:35:43.939] Obstacles at positions: (2,4) (2,7) (4,3) (4,6) (6,5)
[14:35:43.939] Starting turn for Bot3
[14:35:43.939] Bot3 rotated left to face EAST
[14:35:43.940] Bot3 executed ROTATE_LEFT
[14:35:43.940] Bot3 moved forward to (0,1)
[14:35:43.940] Bot3 executed MOVE_FORWARD
[14:35:43.940] Starting turn for Bot19
[14:35:43.940] Bot19 rotated left to face WEST
[14:35:43.940] Bot19 executed ROTATE_LEFT
[14:35:43.940] Bot19 moved forward to (9,8)
[14:35:43.940] Bot19 executed MOVE_FORWARD
[14:35:43.940] Starting turn for Bot3
[14:35:43.940] Bot3 rotated right to face SOUTH
[14:35:43.940] Bot3 executed ROTATE_RIGHT
[14:35:43.940] Bot3 moved forward to (1,1)
[14:35:43.940] Bot3 executed MOVE_FORWARD
[14:35:43.940] Starting turn for Bot19
[14:35:43.940] Bot19 rotated right to face NORTH
[14:35:43.940] Bot19 executed ROTATE_RIGHT
[14:35:43.940] Bot19 moved forward to (8,8)
[14:35:43.940] Bot19 executed MOVE_FORWARD
[14:35:43.940] Starting turn for Bot3
[14:35:43.940] Bot3 rotated left to face EAST
[14:35:43.940] Bot3 executed ROTATE_LEFT
[14:35:43.940] Bot3 moved forward to (1,2)
[14:35:43.940] Bot3 executed MOVE_FORWARD
[14:35:43.940] Starting turn for Bot19
[14:35:43.940] Bot19 rotated left to face WEST
[14:35:43.940] Bot19 executed ROTATE_LEFT
[14:35:43.940] Bot19 moved forward to (8,7)
[14:35:43.940] Bot19 executed MOVE_FORWARD
[14:35:43.940] Starting turn for Bot3
[14:35:43.940] Bot3 rotated right to face SOUTH
[14:35:43.940] Bot3 executed ROTATE_RIGHT
[14:35:43.940] Bot3 moved forward to (2,2)
[14:35:43.940] Bot3 executed MOVE_FORWARD
[14:35:43.940] Starting turn for Bot19
[14:35:43.940] Bot19 rotated right to face NORTH
[14:35:43.940] Bot19 executed ROTATE_RIGHT
[14:35:43.940] Bot19 moved forward to (7,7)
[14:35:43.940] Bot19 executed MOVE_FORWARD
[14:35:43.940] Starting turn for Bot3
[14:35:43.940] Bot3 rotated left to face EAST
[14:35:43.940] Bot3 executed ROTATE_LEFT
[14:35:43.940] Bot3 moved forward to (2,3)
[14:35:43.940] Bot3 executed MOVE_FORWARD
[14:35:43.940] Starting turn for Bot19
[14:35:43.940] Bot19 rotated left to face WEST
[14:35:43.940] Bot19 executed ROTATE_LEFT
[14:35:43.940] Bot19 moved forward to (7,6)
[14:35:43.940] Bot19 executed MOVE_FORWARD
[14:35:43.940] Starting turn for Bot3
[14:35:43.940] Bot3 rotated right to face SOUTH
[14:35:43.940] Bot3 executed ROTATE_RIGHT
[14:35:43.940] Bot3 moved forward to (3,3)
[14:35:43.940] Bot3 executed MOVE_FORWARD
[14:35:43.940] Starting turn for Bot19
[14:35:43.940] Bot19 rotated right to face NORTH
[14:35:43.940] Bot19 executed ROTATE_RIGHT
[14:35:43.940] Bot19 moved forward to (6,6)
[14:35:43.940] Bot19 executed MOVE_FORWARD
[14:35:43.940] Starting turn for Bot3
[14:35:43.940] Bot3 rotated left to face EAST
[14:35:43.940] Bot3 executed ROTATE_LEFT
[14:35:43.940] Bot3 moved forward to (3,4)
[14:35:43.940] Bot3 executed MOVE_FORWARD
[14:35:43.940] Starting turn for Bot19
[14:35:43.940] Bot19 rotated left to face WEST
[14:35:43.940] Bot19 executed ROTATE_LEFT
[14:35:43.940] Starting turn for Bot3
[14:35:43.940] Bot3 rotated right to face SOUTH
[14:35:43.940] Bot3 executed ROTATE_RIGHT
[14:35:43.940] Bot3 moved forward to (4,4)
[14:35:43.940] Bot3 executed MOVE_FORWARD
[14:35:43.940] Starting turn for Bot19
[14:35:43.940] Starting turn for Bot3
[14:35:43.940] Bot3 rotated left to face EAST
[14:35:43.940] Bot3 executed ROTATE_LEFT
[14:35:43.940] Bot3 moved forward to (4,5)
[14:35:43.940] Bot3 executed MOVE_FORWARD
[14:35:43.940] Starting turn for Bot19
[14:35:43.940] Bot19 rotated right to face NORTH
[14:35:43.940] Bot19 executed ROTATE_RIGHT
[14:35:43.940] Bot19 moved forward to (5,6)
[14:35:43.940] Bot19 executed MOVE_FORWARD
[14:35:43.940] Starting turn for Bot3
[14:35:43.940] Bot3 rotated right to face SOUTH
[14:35:43.940] Bot3 executed ROTATE_RIGHT
[14:35:43.940] Bot3 moved forward to (5,5)
[14:35:43.940] Bot3 executed MOVE_FORWARD
[14:35:43.940] Starting turn for Bot19
[14:35:43.940] Bot19 rotated right to face EAST
[14:35:43.940] Bot19 executed ROTATE_RIGHT
[14:35:43.940] Bot19 moved forward to (5,7)
[14:35:43.940] Bot19 executed MOVE_FORWARD
[14:35:43.940] Starting turn for Bot3
[14:35:43.940] Starting turn for Bot19
[14:35:43.940] Bot19 rotated left to face NORTH
[14:35:43.940] Bot19 executed ROTATE_LEFT
[14:35:43.940] Bot19 rotated left to face WEST
[14:35:43.940] Bot19 executed ROTATE_LEFT
[14:35:43.940] Bot19 moved forward to (5,6)
[14:35:43.940] Bot19 executed MOVE_FORWARD
[14:35:43.940] Starting turn for Bot3
[14:35:43.940] Starting turn for Bot19
[14:35:43.940] Bot19 shooting in direction WEST
[14:35:43.940] Bot19 hit Bot3 for 25 damage (health: 100 -> 75)
[14:35:43.940] Bot19 executed SHOOT
[14:35:43.940] Starting turn for Bot3
[14:35:43.940] Starting turn for Bot19
[14:35:43.940] Bot19 shooting in direction WEST
[14:35:43.940] Bot19 hit Bot3 for 25 damage (health: 75 -> 50)
[14:35:43.940] Bot19 executed SHOOT
[14:35:43.940] Starting turn for Bot3
[14:35:43.940] Starting turn for Bot19
[14:35:43.940] Bot19 shooting in direction WEST
[14:35:43.940] Bot19 hit Bot3 for 25 damage (health: 50 -> 25)
[14:35:43.940] Bot19 executed SHOOT
[14:35:43.940] Starting turn for Bot3
[14:35:43.940] Starting turn for Bot19
[14:35:43.940] Bot19 shooting in direction WEST
[14:35:43.940] Bot19 hit Bot3 for 25 damage (health: 25 -> 0)
[14:35:43.940] Bot3 was destroyed!
[14:35:43.940] Bot19 is the last tank standing!
[14:35:43.940] Bot19 executed SHOOT
[14:35:43.940] Game Over! Bot19 wins!
[14:35:43.940] === Game Ended ===
