[14:36:08.261] === Game Started at 2025-02-04_14-36-08 ===
[14:36:08.261] Game initialized with 2 players
[14:36:08.261] Board size: 10
[14:36:08.261] Obstacle density: 0.05
[14:36:08.261] Max turns: 1000
[14:36:08.261] Player Bot30 starting at position (0,0) facing WEST
[14:36:08.261] Player Bot21 starting at position (9,9) facing EAST
[14:36:08.261] Obstacles at positions: (1,2) (2,3) (3,0) (6,2) (7,1)
[14:36:08.261] Starting turn for Bot30
[14:36:08.261] Bot30 rotated left to face SOUTH
[14:36:08.261] Bot30 executed ROTATE_LEFT
[14:36:08.261] Bot30 rotated left to face EAST
[14:36:08.261] Bot30 executed ROTATE_LEFT
[14:36:08.261] Bot30 moved forward to (0,1)
[14:36:08.261] Bot30 executed MOVE_FORWARD
[14:36:08.261] Starting turn for Bot21
[14:36:08.261] Bot21 rotated left to face NORTH
[14:36:08.261] Bot21 executed ROTATE_LEFT
[14:36:08.261] Bot21 rotated left to face WEST
[14:36:08.261] Bot21 executed ROTATE_LEFT
[14:36:08.261] Bot21 moved forward to (9,8)
[14:36:08.261] Bot21 executed MOVE_FORWARD
[14:36:08.261] Starting turn for Bot30
[14:36:08.261] Bot30 rotated right to face SOUTH
[14:36:08.261] Bot30 executed ROTATE_RIGHT
[14:36:08.261] Bot30 moved forward to (1,1)
[14:36:08.261] Bot30 executed MOVE_FORWARD
[14:36:08.261] Starting turn for Bot21
[14:36:08.261] Bot21 rotated right to face NORTH
[14:36:08.261] Bot21 executed ROTATE_RIGHT
[14:36:08.261] Bot21 moved forward to (8,8)
[14:36:08.261] Bot21 executed MOVE_FORWARD
[14:36:08.261] Starting turn for Bot30
[14:36:08.261] Bot30 rotated left to face EAST
[14:36:08.261] Bot30 executed ROTATE_LEFT
[14:36:08.261] Starting turn for Bot21
[14:36:08.261] Bot21 rotated left to face WEST
[14:36:08.261] Bot21 executed ROTATE_LEFT
[14:36:08.261] Bot21 moved forward to (8,7)
[14:36:08.261] Bot21 executed MOVE_FORWARD
[14:36:08.261] Starting turn for Bot30
[14:36:08.261] Starting turn for Bot21
[14:36:08.261] Bot21 rotated right to face NORTH
[14:36:08.261] Bot21 executed ROTATE_RIGHT
[14:36:08.261] Bot21 moved forward to (7,7)
[14:36:08.261] Bot21 executed MOVE_FORWARD
[14:36:08.261] Starting turn for Bot30
[14:36:08.261] Bot30 rotated left to face NORTH
[14:36:08.261] Bot30 executed ROTATE_LEFT
[14:36:08.261] Bot30 moved forward to (0,1)
[14:36:08.261] Bot30 executed MOVE_FORWARD
[14:36:08.261] Starting turn for Bot21
[14:36:08.261] Bot21 rotated left to face WEST
[14:36:08.261] Bot21 executed ROTATE_LEFT
[14:36:08.261] Bot21 moved forward to (7,6)
[14:36:08.261] Bot21 executed MOVE_FORWARD
[14:36:08.261] Starting turn for Bot30
[14:36:08.261] Bot30 rotated left to face WEST
[14:36:08.261] Bot30 executed ROTATE_LEFT
[14:36:08.261] Bot30 rotated left to face SOUTH
[14:36:08.261] Bot30 executed ROTATE_LEFT
[14:36:08.261] Bot30 moved forward to (1,1)
[14:36:08.261] Bot30 executed MOVE_FORWARD
[14:36:08.261] Starting turn for Bot21
[14:36:08.261] Bot21 rotated right to face NORTH
[14:36:08.261] Bot21 executed ROTATE_RIGHT
[14:36:08.261] Bot21 moved forward to (6,6)
[14:36:08.261] Bot21 executed MOVE_FORWARD
[14:36:08.261] Starting turn for Bot30
[14:36:08.261] Bot30 rotated left to face EAST
[14:36:08.261] Bot30 executed ROTATE_LEFT
[14:36:08.261] Starting turn for Bot21
[14:36:08.261] Bot21 rotated left to face WEST
[14:36:08.261] Bot21 executed ROTATE_LEFT
[14:36:08.261] Bot21 moved forward to (6,5)
[14:36:08.261] Bot21 executed MOVE_FORWARD
[14:36:08.261] Starting turn for Bot30
[14:36:08.261] Starting turn for Bot21
[14:36:08.261] Bot21 rotated right to face NORTH
[14:36:08.261] Bot21 executed ROTATE_RIGHT
[14:36:08.261] Bot21 moved forward to (5,5)
[14:36:08.261] Bot21 executed MOVE_FORWARD
[14:36:08.261] Starting turn for Bot30
[14:36:08.261] Bot30 rotated left to face NORTH
[14:36:08.261] Bot30 executed ROTATE_LEFT
[14:36:08.261] Bot30 moved forward to (0,1)
[14:36:08.261] Bot30 executed MOVE_FORWARD
[14:36:08.261] Starting turn for Bot21
[14:36:08.261] Starting turn for Bot30
[14:36:08.261] Bot30 rotated left to face WEST
[14:36:08.261] Bot30 executed ROTATE_LEFT
[14:36:08.261] Bot30 rotated left to face SOUTH
[14:36:08.261] Bot30 executed ROTATE_LEFT
[14:36:08.261] Bot30 moved forward to (1,1)
[14:36:08.261] Bot30 executed MOVE_FORWARD
[14:36:08.261] Starting turn for Bot21
[14:36:08.261] Starting turn for Bot30
[14:36:08.261] Bot30 rotated left to face EAST
[14:36:08.261] Bot30 executed ROTATE_LEFT
[14:36:08.261] Starting turn for Bot21
[14:36:08.261] Starting turn for Bot30
[14:36:08.261] Starting turn for Bot21
[14:36:08.261] Starting turn for Bot30
[14:36:08.261] Bot30 rotated left to face NORTH
[14:36:08.261] Bot30 executed ROTATE_LEFT
[14:36:08.261] Bot30 moved forward to (0,1)
[14:36:08.261] Bot30 executed MOVE_FORWARD
[14:36:08.261] Starting turn for Bot21
[14:36:08.261] Starting turn for Bot30
[14:36:08.261] Bot30 rotated left to face WEST
[14:36:08.262] Bot30 executed ROTATE_LEFT
[14:36:08.262] Bot30 rotated left to face SOUTH
[14:36:08.262] Bot30 executed ROTATE_LEFT
[14:36:08.262] Bot30 moved forward to (1,1)
[14:36:08.262] Bot30 executed MOVE_FORWARD
[14:36:08.262] Starting turn for Bot21
[14:36:08.262] Starting turn for Bot30
[14:36:08.262] Bot30 rotated left to face EAST
[14:36:08.262] Bot30 executed ROTATE_LEFT
[14:36:08.262] Starting turn for Bot21
[14:36:08.262] Starting turn for Bot30
[14:36:08.262] Starting turn for Bot21
[14:36:08.262] Starting turn for Bot30
[14:36:08.262] Bot30 rotated left to face NORTH
[14:36:08.262] Bot30 executed ROTATE_LEFT
[14:36:08.262] Bot30 moved forward to (0,1)
[14:36:08.262] Bot30 executed MOVE_FORWARD
[14:36:08.262] Starting turn for Bot21
[14:36:08.262] Starting turn for Bot30
[14:36:08.262] Bot30 rotated left to face WEST
[14:36:08.262] Bot30 executed ROTATE_LEFT
[14:36:08.262] Bot30 rotated left to face SOUTH
[14:36:08.262] Bot30 executed ROTATE_LEFT
[14:36:08.262] Bot30 moved forward to (1,1)
[14:36:08.262] Bot30 executed MOVE_FORWARD
[14:36:08.262] Starting turn for Bot21
[14:36:08.262] Starting turn for Bot30
[14:36:08.262] Bot30 rotated left to face EAST
[14:36:08.262] Bot30 executed ROTATE_LEFT
[14:36:08.262] Starting turn for Bot21
[14:36:08.262] Starting turn for Bot30
[14:36:08.262] Starting turn for Bot21
[14:36:08.262] Stalemate detected: State repeated 10 times, unchanged for 3 turns
[14:36:08.262] Game Over! Stalemate detected!
[14:36:08.262] Stalemate detected: State repeated 10 times, unchanged for 3 turns
