[14:35:48.662] === Game Started at 2025-02-04_14-35-48 ===
[14:35:48.662] Game initialized with 2 players
[14:35:48.662] Board size: 10
[14:35:48.662] Obstacle density: 0.05
[14:35:48.662] Max turns: 1000
[14:35:48.662] Player Bot33 starting at position (0,0) facing NORTH
[14:35:48.662] Player Bot5 starting at position (9,9) facing NORTH
[14:35:48.662] Obstacles at positions: (0,1) (1,0) (1,6) (6,0) (9,6)
[14:35:48.662] Starting turn for Bot33
[14:35:48.662] Bot33 rotated right to face EAST
[14:35:48.662] Bot33 executed ROTATE_RIGHT
[14:35:48.662] Starting turn for Bot5
[14:35:48.662] Bot5 rotated left to face WEST
[14:35:48.662] Bot5 executed ROTATE_LEFT
[14:35:48.662] Bot5 moved forward to (9,8)
[14:35:48.662] Bot5 executed MOVE_FORWARD
[14:35:48.662] Starting turn for Bot33
[14:35:48.662] Starting turn for Bot5
[14:35:48.662] Bot5 rotated right to face NORTH
[14:35:48.662] Bot5 executed ROTATE_RIGHT
[14:35:48.662] Bot5 moved forward to (8,8)
[14:35:48.662] Bot5 executed MOVE_FORWARD
[14:35:48.662] Starting turn for Bot33
[14:35:48.662] Bot33 rotated right to face SOUTH
[14:35:48.663] Bot33 executed ROTATE_RIGHT
[14:35:48.663] Starting turn for Bot5
[14:35:48.663] Bot5 rotated left to face WEST
[14:35:48.663] Bot5 executed ROTATE_LEFT
[14:35:48.663] Bot5 moved forward to (8,7)
[14:35:48.663] Bot5 executed MOVE_FORWARD
[14:35:48.663] Starting turn for Bot33
[14:35:48.663] Bot33 rotated left to face EAST
[14:35:48.663] Bot33 executed ROTATE_LEFT
[14:35:48.663] Starting turn for Bot5
[14:35:48.663] Bot5 rotated right to face NORTH
[14:35:48.663] Bot5 executed ROTATE_RIGHT
[14:35:48.663] Bot5 moved forward to (7,7)
[14:35:48.663] Bot5 executed MOVE_FORWARD
[14:35:48.663] Starting turn for Bot33
[14:35:48.663] Starting turn for Bot5
[14:35:48.663] Bot5 rotated left to face WEST
[14:35:48.663] Bot5 executed ROTATE_LEFT
[14:35:48.663] Bot5 moved forward to (7,6)
[14:35:48.663] Bot5 executed MOVE_FORWARD
[14:35:48.663] Starting turn for Bot33
[14:35:48.663] Bot33 rotated right to face SOUTH
[14:35:48.663] Bot33 executed ROTATE_RIGHT
[14:35:48.663] Starting turn for Bot5
[14:35:48.663] Bot5 rotated right to face NORTH
[14:35:48.663] Bot5 executed ROTATE_RIGHT
[14:35:48.663] Bot5 moved forward to (6,6)
[14:35:48.663] Bot5 executed MOVE_FORWARD
[14:35:48.663] Starting turn for Bot33
[14:35:48.663] Bot33 rotated left to face EAST
[14:35:48.663] Bot33 executed ROTATE_LEFT
[14:35:48.663] Starting turn for Bot5
[14:35:48.663] Bot5 rotated left to face WEST
[14:35:48.663] Bot5 executed ROTATE_LEFT
[14:35:48.663] Bot5 moved forward to (6,5)
[14:35:48.663] Bot5 executed MOVE_FORWARD
[14:35:48.663] Starting turn for Bot33
[14:35:48.663] Starting turn for Bot5
[14:35:48.663] Bot5 rotated right to face NORTH
[14:35:48.663] Bot5 executed ROTATE_RIGHT
[14:35:48.663] Bot5 moved forward to (5,5)
[14:35:48.663] Bot5 executed MOVE_FORWARD
[14:35:48.663] Starting turn for Bot33
[14:35:48.663] Bot33 rotated right to face SOUTH
[14:35:48.663] Bot33 executed ROTATE_RIGHT
[14:35:48.663] Starting turn for Bot5
[14:35:48.663] Starting turn for Bot33
[14:35:48.663] Bot33 rotated left to face EAST
[14:35:48.663] Bot33 executed ROTATE_LEFT
[14:35:48.663] Starting turn for Bot5
[14:35:48.663] Starting turn for Bot33
[14:35:48.663] Starting turn for Bot5
[14:35:48.663] Starting turn for Bot33
[14:35:48.663] Bot33 rotated right to face SOUTH
[14:35:48.663] Bot33 executed ROTATE_RIGHT
[14:35:48.663] Starting turn for Bot5
[14:35:48.663] Starting turn for Bot33
[14:35:48.663] Bot33 rotated left to face EAST
[14:35:48.663] Bot33 executed ROTATE_LEFT
[14:35:48.663] Starting turn for Bot5
[14:35:48.663] Starting turn for Bot33
[14:35:48.663] Starting turn for Bot5
[14:35:48.663] Starting turn for Bot33
[14:35:48.663] Bot33 rotated right to face SOUTH
[14:35:48.663] Bot33 executed ROTATE_RIGHT
[14:35:48.663] Starting turn for Bot5
[14:35:48.663] Starting turn for Bot33
[14:35:48.663] Bot33 rotated left to face EAST
[14:35:48.663] Bot33 executed ROTATE_LEFT
[14:35:48.663] Starting turn for Bot5
[14:35:48.663] Starting turn for Bot33
[14:35:48.663] Starting turn for Bot5
[14:35:48.663] Starting turn for Bot33
[14:35:48.663] Bot33 rotated right to face SOUTH
[14:35:48.663] Bot33 executed ROTATE_RIGHT
[14:35:48.663] Starting turn for Bot5
[14:35:48.663] Starting turn for Bot33
[14:35:48.663] Bot33 rotated left to face EAST
[14:35:48.663] Bot33 executed ROTATE_LEFT
[14:35:48.663] Starting turn for Bot5
[14:35:48.663] Starting turn for Bot33
[14:35:48.663] Starting turn for Bot5
[14:35:48.663] Stalemate detected: State repeated 10 times, unchanged for 3 turns
[14:35:48.663] Game Over! Stalemate detected!
[14:35:48.663] Stalemate detected: State repeated 10 times, unchanged for 3 turns
