[14:35:47.268] === Game Started at 2025-02-04_14-35-47 ===
[14:35:47.268] Game initialized with 2 players
[14:35:47.268] Board size: 10
[14:35:47.268] Obstacle density: 0.05
[14:35:47.268] Max turns: 1000
[14:35:47.268] Player Bot7 starting at position (0,0) facing WEST
[14:35:47.268] Player Bot5 starting at position (9,9) facing EAST
[14:35:47.268] Obstacles at positions: (1,2) (3,5) (4,9) (6,4) (8,1)
[14:35:47.268] Starting turn for Bot7
[14:35:47.268] Bot7 rotated left to face SOUTH
[14:35:47.268] Bot7 executed ROTATE_LEFT
[14:35:47.268] Bot7 rotated left to face EAST
[14:35:47.268] Bot7 executed ROTATE_LEFT
[14:35:47.268] Bot7 moved forward to (0,1)
[14:35:47.268] Bot7 executed MOVE_FORWARD
[14:35:47.268] Starting turn for Bot5
[14:35:47.268] Bot5 rotated left to face NORTH
[14:35:47.268] Bot5 executed ROTATE_LEFT
[14:35:47.268] Bot5 rotated left to face WEST
[14:35:47.268] Bot5 executed ROTATE_LEFT
[14:35:47.268] Bot5 moved forward to (9,8)
[14:35:47.268] Bot5 executed MOVE_FORWARD
[14:35:47.268] Starting turn for Bot7
[14:35:47.268] Bot7 rotated right to face SOUTH
[14:35:47.268] Bot7 executed ROTATE_RIGHT
[14:35:47.268] Bot7 moved forward to (1,1)
[14:35:47.268] Bot7 executed MOVE_FORWARD
[14:35:47.268] Starting turn for Bot5
[14:35:47.268] Bot5 rotated right to face NORTH
[14:35:47.268] Bot5 executed ROTATE_RIGHT
[14:35:47.268] Bot5 moved forward to (8,8)
[14:35:47.268] Bot5 executed MOVE_FORWARD
[14:35:47.268] Starting turn for Bot7
[14:35:47.268] Bot7 rotated left to face EAST
[14:35:47.268] Bot7 executed ROTATE_LEFT
[14:35:47.268] Starting turn for Bot5
[14:35:47.268] Bot5 rotated left to face WEST
[14:35:47.268] Bot5 executed ROTATE_LEFT
[14:35:47.268] Bot5 moved forward to (8,7)
[14:35:47.268] Bot5 executed MOVE_FORWARD
[14:35:47.268] Starting turn for Bot7
[14:35:47.268] Starting turn for Bot5
[14:35:47.268] Bot5 rotated right to face NORTH
[14:35:47.268] Bot5 executed ROTATE_RIGHT
[14:35:47.268] Bot5 moved forward to (7,7)
[14:35:47.268] Bot5 executed MOVE_FORWARD
[14:35:47.268] Starting turn for Bot7
[14:35:47.268] Bot7 rotated left to face NORTH
[14:35:47.268] Bot7 executed ROTATE_LEFT
[14:35:47.268] Bot7 moved forward to (0,1)
[14:35:47.268] Bot7 executed MOVE_FORWARD
[14:35:47.268] Starting turn for Bot5
[14:35:47.268] Bot5 rotated left to face WEST
[14:35:47.268] Bot5 executed ROTATE_LEFT
[14:35:47.268] Bot5 moved forward to (7,6)
[14:35:47.268] Bot5 executed MOVE_FORWARD
[14:35:47.268] Starting turn for Bot7
[14:35:47.268] Bot7 rotated left to face WEST
[14:35:47.268] Bot7 executed ROTATE_LEFT
[14:35:47.268] Bot7 rotated left to face SOUTH
[14:35:47.268] Bot7 executed ROTATE_LEFT
[14:35:47.268] Bot7 moved forward to (1,1)
[14:35:47.268] Bot7 executed MOVE_FORWARD
[14:35:47.268] Starting turn for Bot5
[14:35:47.268] Bot5 rotated right to face NORTH
[14:35:47.268] Bot5 executed ROTATE_RIGHT
[14:35:47.268] Bot5 moved forward to (6,6)
[14:35:47.268] Bot5 executed MOVE_FORWARD
[14:35:47.268] Starting turn for Bot7
[14:35:47.268] Bot7 rotated left to face EAST
[14:35:47.268] Bot7 executed ROTATE_LEFT
[14:35:47.268] Starting turn for Bot5
[14:35:47.268] Bot5 rotated left to face WEST
[14:35:47.268] Bot5 executed ROTATE_LEFT
[14:35:47.268] Bot5 moved forward to (6,5)
[14:35:47.268] Bot5 executed MOVE_FORWARD
[14:35:47.268] Starting turn for Bot7
[14:35:47.268] Starting turn for Bot5
[14:35:47.268] Bot5 rotated right to face NORTH
[14:35:47.268] Bot5 executed ROTATE_RIGHT
[14:35:47.268] Bot5 moved forward to (5,5)
[14:35:47.268] Bot5 executed MOVE_FORWARD
[14:35:47.268] Starting turn for Bot7
[14:35:47.268] Bot7 rotated left to face NORTH
[14:35:47.268] Bot7 executed ROTATE_LEFT
[14:35:47.268] Bot7 moved forward to (0,1)
[14:35:47.268] Bot7 executed MOVE_FORWARD
[14:35:47.268] Starting turn for Bot5
[14:35:47.268] Starting turn for Bot7
[14:35:47.268] Bot7 rotated left to face WEST
[14:35:47.268] Bot7 executed ROTATE_LEFT
[14:35:47.268] Bot7 rotated left to face SOUTH
[14:35:47.268] Bot7 executed ROTATE_LEFT
[14:35:47.268] Bot7 moved forward to (1,1)
[14:35:47.268] Bot7 executed MOVE_FORWARD
[14:35:47.268] Starting turn for Bot5
[14:35:47.268] Starting turn for Bot7
[14:35:47.268] Bot7 rotated left to face EAST
[14:35:47.268] Bot7 executed ROTATE_LEFT
[14:35:47.268] Starting turn for Bot5
[14:35:47.268] Starting turn for Bot7
[14:35:47.268] Starting turn for Bot5
[14:35:47.268] Starting turn for Bot7
[14:35:47.268] Bot7 rotated left to face NORTH
[14:35:47.268] Bot7 executed ROTATE_LEFT
[14:35:47.268] Bot7 moved forward to (0,1)
[14:35:47.268] Bot7 executed MOVE_FORWARD
[14:35:47.268] Starting turn for Bot5
[14:35:47.268] Starting turn for Bot7
[14:35:47.268] Bot7 rotated left to face WEST
[14:35:47.268] Bot7 executed ROTATE_LEFT
[14:35:47.268] Bot7 rotated left to face SOUTH
[14:35:47.268] Bot7 executed ROTATE_LEFT
[14:35:47.268] Bot7 moved forward to (1,1)
[14:35:47.268] Bot7 executed MOVE_FORWARD
[14:35:47.268] Starting turn for Bot5
[14:35:47.268] Starting turn for Bot7
[14:35:47.268] Bot7 rotated left to face EAST
[14:35:47.268] Bot7 executed ROTATE_LEFT
[14:35:47.268] Starting turn for Bot5
[14:35:47.268] Starting turn for Bot7
[14:35:47.268] Starting turn for Bot5
[14:35:47.268] Starting turn for Bot7
[14:35:47.268] Bot7 rotated left to face NORTH
[14:35:47.268] Bot7 executed ROTATE_LEFT
[14:35:47.268] Bot7 moved forward to (0,1)
[14:35:47.268] Bot7 executed MOVE_FORWARD
[14:35:47.268] Starting turn for Bot5
[14:35:47.268] Starting turn for Bot7
[14:35:47.268] Bot7 rotated left to face WEST
[14:35:47.268] Bot7 executed ROTATE_LEFT
[14:35:47.268] Bot7 rotated left to face SOUTH
[14:35:47.268] Bot7 executed ROTATE_LEFT
[14:35:47.268] Bot7 moved forward to (1,1)
[14:35:47.268] Bot7 executed MOVE_FORWARD
[14:35:47.268] Starting turn for Bot5
[14:35:47.268] Starting turn for Bot7
[14:35:47.268] Bot7 rotated left to face EAST
[14:35:47.268] Bot7 executed ROTATE_LEFT
[14:35:47.268] Starting turn for Bot5
[14:35:47.268] Starting turn for Bot7
[14:35:47.268] Starting turn for Bot5
[14:35:47.268] Stalemate detected: State repeated 10 times, unchanged for 3 turns
[14:35:47.268] Game Over! Stalemate detected!
[14:35:47.268] Stalemate detected: State repeated 10 times, unchanged for 3 turns
