[14:35:43.061] === Game Started at 2025-02-04_14-35-43 ===
[14:35:43.061] Game initialized with 2 players
[14:35:43.061] Board size: 10
[14:35:43.061] Obstacle density: 0.05
[14:35:43.061] Max turns: 1000
[14:35:43.061] Player Bot4 starting at position (0,0) facing WEST
[14:35:43.061] Player Bot3 starting at position (9,9) facing SOUTH
[14:35:43.061] Obstacles at positions: (0,5) (1,4) (3,9) (5,5) (9,8)
[14:35:43.061] Starting turn for Bot4
[14:35:43.061] Bot4 rotated left to face SOUTH
[14:35:43.061] Bot4 executed ROTATE_LEFT
[14:35:43.061] Bot4 rotated left to face EAST
[14:35:43.061] Bot4 executed ROTATE_LEFT
[14:35:43.061] Bot4 moved forward to (0,1)
[14:35:43.061] Bot4 executed MOVE_FORWARD
[14:35:43.061] Starting turn for Bot3
[14:35:43.061] Bot3 rotated right to face WEST
[14:35:43.061] Bot3 executed ROTATE_RIGHT
[14:35:43.061] Starting turn for Bot4
[14:35:43.061] Bot4 rotated right to face SOUTH
[14:35:43.061] Bot4 executed ROTATE_RIGHT
[14:35:43.061] Bot4 moved forward to (1,1)
[14:35:43.061] Bot4 executed MOVE_FORWARD
[14:35:43.061] Starting turn for Bot3
[14:35:43.061] Starting turn for Bot4
[14:35:43.061] Bot4 rotated left to face EAST
[14:35:43.061] Bot4 executed ROTATE_LEFT
[14:35:43.061] Bot4 moved forward to (1,2)
[14:35:43.061] Bot4 executed MOVE_FORWARD
[14:35:43.061] Starting turn for Bot3
[14:35:43.061] Bot3 rotated right to face NORTH
[14:35:43.061] Bot3 executed ROTATE_RIGHT
[14:35:43.061] Bot3 moved forward to (8,9)
[14:35:43.061] Bot3 executed MOVE_FORWARD
[14:35:43.061] Starting turn for Bot4
[14:35:43.061] Bot4 rotated right to face SOUTH
[14:35:43.061] Bot4 executed ROTATE_RIGHT
[14:35:43.061] Bot4 moved forward to (2,2)
[14:35:43.061] Bot4 executed MOVE_FORWARD
[14:35:43.061] Starting turn for Bot3
[14:35:43.061] Bot3 rotated left to face WEST
[14:35:43.061] Bot3 executed ROTATE_LEFT
[14:35:43.061] Bot3 moved forward to (8,8)
[14:35:43.061] Bot3 executed MOVE_FORWARD
[14:35:43.061] Starting turn for Bot4
[14:35:43.061] Bot4 rotated left to face EAST
[14:35:43.061] Bot4 executed ROTATE_LEFT
[14:35:43.061] Bot4 moved forward to (2,3)
[14:35:43.061] Bot4 executed MOVE_FORWARD
[14:35:43.061] Starting turn for Bot3
[14:35:43.061] Bot3 moved forward to (8,7)
[14:35:43.061] Bot3 executed MOVE_FORWARD
[14:35:43.061] Starting turn for Bot4
[14:35:43.061] Bot4 rotated right to face SOUTH
[14:35:43.061] Bot4 executed ROTATE_RIGHT
[14:35:43.061] Bot4 moved forward to (3,3)
[14:35:43.061] Bot4 executed MOVE_FORWARD
[14:35:43.061] Starting turn for Bot3
[14:35:43.061] Bot3 rotated right to face NORTH
[14:35:43.061] Bot3 executed ROTATE_RIGHT
[14:35:43.061] Bot3 moved forward to (7,7)
[14:35:43.061] Bot3 executed MOVE_FORWARD
[14:35:43.061] Starting turn for Bot4
[14:35:43.061] Bot4 rotated left to face EAST
[14:35:43.061] Bot4 executed ROTATE_LEFT
[14:35:43.061] Bot4 moved forward to (3,4)
[14:35:43.061] Bot4 executed MOVE_FORWARD
[14:35:43.061] Starting turn for Bot3
[14:35:43.061] Bot3 rotated left to face WEST
[14:35:43.061] Bot3 executed ROTATE_LEFT
[14:35:43.061] Bot3 moved forward to (7,6)
[14:35:43.061] Bot3 executed MOVE_FORWARD
[14:35:43.061] Starting turn for Bot4
[14:35:43.061] Bot4 rotated right to face SOUTH
[14:35:43.061] Bot4 executed ROTATE_RIGHT
[14:35:43.061] Bot4 moved forward to (4,4)
[14:35:43.061] Bot4 executed MOVE_FORWARD
[14:35:43.061] Starting turn for Bot3
[14:35:43.061] Bot3 rotated right to face NORTH
[14:35:43.061] Bot3 executed ROTATE_RIGHT
[14:35:43.061] Bot3 moved forward to (6,6)
[14:35:43.061] Bot3 executed MOVE_FORWARD
[14:35:43.061] Starting turn for Bot4
[14:35:43.061] Bot4 rotated left to face EAST
[14:35:43.061] Bot4 executed ROTATE_LEFT
[14:35:43.061] Bot4 moved forward to (4,5)
[14:35:43.061] Bot4 executed MOVE_FORWARD
[14:35:43.061] Starting turn for Bot3
[14:35:43.061] Bot3 rotated left to face WEST
[14:35:43.061] Bot3 executed ROTATE_LEFT
[14:35:43.061] Bot3 moved forward to (6,5)
[14:35:43.061] Bot3 executed MOVE_FORWARD
[14:35:43.061] Starting turn for Bot4
[14:35:43.061] Bot4 rotated right to face SOUTH
[14:35:43.061] Bot4 executed ROTATE_RIGHT
[14:35:43.061] Starting turn for Bot3
[14:35:43.061] Bot3 rotated right to face NORTH
[14:35:43.061] Bot3 executed ROTATE_RIGHT
[14:35:43.061] Starting turn for Bot4
[14:35:43.061] Starting turn for Bot3
[14:35:43.061] Starting turn for Bot4
[14:35:43.061] Bot4 rotated left to face EAST
[14:35:43.061] Bot4 executed ROTATE_LEFT
[14:35:43.061] Bot4 rotated left to face NORTH
[14:35:43.061] Bot4 executed ROTATE_LEFT
[14:35:43.061] Bot4 moved forward to (3,5)
[14:35:43.061] Bot4 executed MOVE_FORWARD
[14:35:43.061] Starting turn for Bot3
[14:35:43.061] Bot3 rotated right to face EAST
[14:35:43.061] Bot3 executed ROTATE_RIGHT
[14:35:43.061] Bot3 moved forward to (6,6)
[14:35:43.061] Bot3 executed MOVE_FORWARD
[14:35:43.061] Starting turn for Bot4
[14:35:43.061] Bot4 rotated left to face WEST
[14:35:43.061] Bot4 executed ROTATE_LEFT
[14:35:43.061] Bot4 rotated left to face SOUTH
[14:35:43.061] Bot4 executed ROTATE_LEFT
[14:35:43.061] Bot4 moved forward to (4,5)
[14:35:43.061] Bot4 executed MOVE_FORWARD
[14:35:43.061] Starting turn for Bot3
[14:35:43.061] Bot3 rotated left to face NORTH
[14:35:43.061] Bot3 executed ROTATE_LEFT
[14:35:43.061] Bot3 rotated left to face WEST
[14:35:43.061] Bot3 executed ROTATE_LEFT
[14:35:43.061] Bot3 moved forward to (6,5)
[14:35:43.061] Bot3 executed MOVE_FORWARD
[14:35:43.061] Starting turn for Bot4
[14:35:43.061] Starting turn for Bot3
[14:35:43.061] Bot3 rotated right to face NORTH
[14:35:43.061] Bot3 executed ROTATE_RIGHT
[14:35:43.061] Starting turn for Bot4
[14:35:43.061] Starting turn for Bot3
[14:35:43.061] Starting turn for Bot4
[14:35:43.061] Bot4 rotated left to face EAST
[14:35:43.061] Bot4 executed ROTATE_LEFT
[14:35:43.061] Bot4 rotated left to face NORTH
[14:35:43.061] Bot4 executed ROTATE_LEFT
[14:35:43.061] Bot4 moved forward to (3,5)
[14:35:43.061] Bot4 executed MOVE_FORWARD
[14:35:43.061] Starting turn for Bot3
[14:35:43.061] Bot3 rotated right to face EAST
[14:35:43.061] Bot3 executed ROTATE_RIGHT
[14:35:43.061] Bot3 moved forward to (6,6)
[14:35:43.061] Bot3 executed MOVE_FORWARD
[14:35:43.061] Starting turn for Bot4
[14:35:43.061] Bot4 rotated left to face WEST
[14:35:43.061] Bot4 executed ROTATE_LEFT
[14:35:43.061] Bot4 rotated left to face SOUTH
[14:35:43.061] Bot4 executed ROTATE_LEFT
[14:35:43.061] Bot4 moved forward to (4,5)
[14:35:43.061] Bot4 executed MOVE_FORWARD
[14:35:43.061] Starting turn for Bot3
[14:35:43.061] Bot3 rotated left to face NORTH
[14:35:43.061] Bot3 executed ROTATE_LEFT
[14:35:43.061] Bot3 rotated left to face WEST
[14:35:43.061] Bot3 executed ROTATE_LEFT
[14:35:43.061] Bot3 moved forward to (6,5)
[14:35:43.062] Bot3 executed MOVE_FORWARD
[14:35:43.062] Starting turn for Bot4
[14:35:43.062] Starting turn for Bot3
[14:35:43.062] Bot3 rotated right to face NORTH
[14:35:43.062] Bot3 executed ROTATE_RIGHT
[14:35:43.062] Starting turn for Bot4
[14:35:43.062] Starting turn for Bot3
[14:35:43.062] Starting turn for Bot4
[14:35:43.062] Bot4 rotated left to face EAST
[14:35:43.062] Bot4 executed ROTATE_LEFT
[14:35:43.062] Bot4 rotated left to face NORTH
[14:35:43.062] Bot4 executed ROTATE_LEFT
[14:35:43.062] Bot4 moved forward to (3,5)
[14:35:43.062] Bot4 executed MOVE_FORWARD
[14:35:43.062] Starting turn for Bot3
[14:35:43.062] Bot3 rotated right to face EAST
[14:35:43.062] Bot3 executed ROTATE_RIGHT
[14:35:43.062] Bot3 moved forward to (6,6)
[14:35:43.062] Bot3 executed MOVE_FORWARD
[14:35:43.062] Starting turn for Bot4
[14:35:43.062] Bot4 rotated left to face WEST
[14:35:43.062] Bot4 executed ROTATE_LEFT
[14:35:43.062] Bot4 rotated left to face SOUTH
[14:35:43.062] Bot4 executed ROTATE_LEFT
[14:35:43.062] Bot4 moved forward to (4,5)
[14:35:43.062] Bot4 executed MOVE_FORWARD
[14:35:43.062] Starting turn for Bot3
[14:35:43.062] Bot3 rotated left to face NORTH
[14:35:43.062] Bot3 executed ROTATE_LEFT
[14:35:43.062] Bot3 rotated left to face WEST
[14:35:43.062] Bot3 executed ROTATE_LEFT
[14:35:43.062] Bot3 moved forward to (6,5)
[14:35:43.062] Bot3 executed MOVE_FORWARD
[14:35:43.062] Starting turn for Bot4
[14:35:43.062] Starting turn for Bot3
[14:35:43.062] Bot3 rotated right to face NORTH
[14:35:43.062] Bot3 executed ROTATE_RIGHT
[14:35:43.062] Starting turn for Bot4
[14:35:43.062] Stalemate detected: State repeated 10 times, unchanged for 3 turns
[14:35:43.062] Game Over! Stalemate detected!
[14:35:43.062] Stalemate detected: State repeated 10 times, unchanged for 3 turns
