[14:36:05.701] === Game Started at 2025-02-04_14-36-05 ===
[14:36:05.701] Game initialized with 2 players
[14:36:05.701] Board size: 10
[14:36:05.701] Obstacle density: 0.05
[14:36:05.701] Max turns: 1000
[14:36:05.701] Player Bot18 starting at position (0,0) facing EAST
[14:36:05.701] Player Bot30 starting at position (9,9) facing EAST
[14:36:05.701] Obstacles at positions: (1,6) (1,7) (4,6) (8,0) (8,8)
[14:36:05.701] Starting turn for Bot18
[14:36:05.701] Bot18 moved forward to (0,1)
[14:36:05.701] Bot18 executed MOVE_FORWARD
[14:36:05.701] Starting turn for Bot30
[14:36:05.701] Bot30 rotated left to face NORTH
[14:36:05.701] Bot30 executed ROTATE_LEFT
[14:36:05.701] Bot30 rotated left to face WEST
[14:36:05.701] Bot30 executed ROTATE_LEFT
[14:36:05.701] Bot30 moved forward to (9,8)
[14:36:05.701] Bot30 executed MOVE_FORWARD
[14:36:05.701] Starting turn for Bot18
[14:36:05.701] Bot18 rotated right to face SOUTH
[14:36:05.701] Bot18 executed ROTATE_RIGHT
[14:36:05.701] Bot18 moved forward to (1,1)
[14:36:05.701] Bot18 executed MOVE_FORWARD
[14:36:05.701] Starting turn for Bot30
[14:36:05.701] Bot30 rotated right to face NORTH
[14:36:05.701] Bot30 executed ROTATE_RIGHT
[14:36:05.701] Starting turn for Bot18
[14:36:05.701] Bot18 rotated left to face EAST
[14:36:05.701] Bot18 executed ROTATE_LEFT
[14:36:05.701] Bot18 moved forward to (1,2)
[14:36:05.701] Bot18 executed MOVE_FORWARD
[14:36:05.701] Starting turn for Bot30
[14:36:05.701] Starting turn for Bot18
[14:36:05.701] Bot18 rotated right to face SOUTH
[14:36:05.702] Bot18 executed ROTATE_RIGHT
[14:36:05.702] Bot18 moved forward to (2,2)
[14:36:05.702] Bot18 executed MOVE_FORWARD
[14:36:05.702] Starting turn for Bot30
[14:36:05.702] Bot30 rotated right to face EAST
[14:36:05.702] Bot30 executed ROTATE_RIGHT
[14:36:05.702] Bot30 moved forward to (9,9)
[14:36:05.702] Bot30 executed MOVE_FORWARD
[14:36:05.702] Starting turn for Bot18
[14:36:05.702] Bot18 rotated left to face EAST
[14:36:05.702] Bot18 executed ROTATE_LEFT
[14:36:05.702] Bot18 moved forward to (2,3)
[14:36:05.702] Bot18 executed MOVE_FORWARD
[14:36:05.702] Starting turn for Bot30
[14:36:05.702] Bot30 rotated left to face NORTH
[14:36:05.702] Bot30 executed ROTATE_LEFT
[14:36:05.702] Bot30 rotated left to face WEST
[14:36:05.702] Bot30 executed ROTATE_LEFT
[14:36:05.702] Bot30 moved forward to (9,8)
[14:36:05.702] Bot30 executed MOVE_FORWARD
[14:36:05.702] Starting turn for Bot18
[14:36:05.702] Bot18 rotated right to face SOUTH
[14:36:05.702] Bot18 executed ROTATE_RIGHT
[14:36:05.702] Bot18 moved forward to (3,3)
[14:36:05.702] Bot18 executed MOVE_FORWARD
[14:36:05.702] Starting turn for Bot30
[14:36:05.702] Bot30 rotated right to face NORTH
[14:36:05.702] Bot30 executed ROTATE_RIGHT
[14:36:05.702] Starting turn for Bot18
[14:36:05.702] Bot18 rotated left to face EAST
[14:36:05.702] Bot18 executed ROTATE_LEFT
[14:36:05.702] Bot18 moved forward to (3,4)
[14:36:05.702] Bot18 executed MOVE_FORWARD
[14:36:05.702] Starting turn for Bot30
[14:36:05.702] Starting turn for Bot18
[14:36:05.702] Bot18 rotated right to face SOUTH
[14:36:05.702] Bot18 executed ROTATE_RIGHT
[14:36:05.702] Bot18 moved forward to (4,4)
[14:36:05.702] Bot18 executed MOVE_FORWARD
[14:36:05.702] Starting turn for Bot30
[14:36:05.702] Bot30 rotated right to face EAST
[14:36:05.702] Bot30 executed ROTATE_RIGHT
[14:36:05.702] Bot30 moved forward to (9,9)
[14:36:05.702] Bot30 executed MOVE_FORWARD
[14:36:05.702] Starting turn for Bot18
[14:36:05.702] Bot18 rotated left to face EAST
[14:36:05.702] Bot18 executed ROTATE_LEFT
[14:36:05.702] Bot18 moved forward to (4,5)
[14:36:05.702] Bot18 executed MOVE_FORWARD
[14:36:05.702] Starting turn for Bot30
[14:36:05.702] Bot30 rotated left to face NORTH
[14:36:05.702] Bot30 executed ROTATE_LEFT
[14:36:05.702] Bot30 rotated left to face WEST
[14:36:05.702] Bot30 executed ROTATE_LEFT
[14:36:05.702] Bot30 moved forward to (9,8)
[14:36:05.702] Bot30 executed MOVE_FORWARD
[14:36:05.702] Starting turn for Bot18
[14:36:05.702] Bot18 rotated right to face SOUTH
[14:36:05.702] Bot18 executed ROTATE_RIGHT
[14:36:05.702] Bot18 moved forward to (5,5)
[14:36:05.702] Bot18 executed MOVE_FORWARD
[14:36:05.702] Starting turn for Bot30
[14:36:05.702] Bot30 rotated right to face NORTH
[14:36:05.702] Bot30 executed ROTATE_RIGHT
[14:36:05.702] Starting turn for Bot18
[14:36:05.702] Starting turn for Bot30
[14:36:05.702] Starting turn for Bot18
[14:36:05.702] Starting turn for Bot30
[14:36:05.702] Bot30 rotated right to face EAST
[14:36:05.702] Bot30 executed ROTATE_RIGHT
[14:36:05.702] Bot30 moved forward to (9,9)
[14:36:05.702] Bot30 executed MOVE_FORWARD
[14:36:05.702] Starting turn for Bot18
[14:36:05.702] Starting turn for Bot30
[14:36:05.702] Bot30 rotated left to face NORTH
[14:36:05.702] Bot30 executed ROTATE_LEFT
[14:36:05.702] Bot30 rotated left to face WEST
[14:36:05.702] Bot30 executed ROTATE_LEFT
[14:36:05.702] Bot30 moved forward to (9,8)
[14:36:05.702] Bot30 executed MOVE_FORWARD
[14:36:05.702] Starting turn for Bot18
[14:36:05.702] Starting turn for Bot30
[14:36:05.702] Bot30 rotated right to face NORTH
[14:36:05.702] Bot30 executed ROTATE_RIGHT
[14:36:05.702] Starting turn for Bot18
[14:36:05.702] Starting turn for Bot30
[14:36:05.702] Starting turn for Bot18
[14:36:05.702] Starting turn for Bot30
[14:36:05.702] Bot30 rotated right to face EAST
[14:36:05.702] Bot30 executed ROTATE_RIGHT
[14:36:05.702] Bot30 moved forward to (9,9)
[14:36:05.702] Bot30 executed MOVE_FORWARD
[14:36:05.702] Starting turn for Bot18
[14:36:05.702] Starting turn for Bot30
[14:36:05.702] Bot30 rotated left to face NORTH
[14:36:05.702] Bot30 executed ROTATE_LEFT
[14:36:05.702] Bot30 rotated left to face WEST
[14:36:05.702] Bot30 executed ROTATE_LEFT
[14:36:05.702] Bot30 moved forward to (9,8)
[14:36:05.702] Bot30 executed MOVE_FORWARD
[14:36:05.702] Starting turn for Bot18
[14:36:05.702] Starting turn for Bot30
[14:36:05.702] Bot30 rotated right to face NORTH
[14:36:05.702] Bot30 executed ROTATE_RIGHT
[14:36:05.702] Starting turn for Bot18
[14:36:05.702] Starting turn for Bot30
[14:36:05.702] Starting turn for Bot18
[14:36:05.702] Starting turn for Bot30
[14:36:05.702] Stalemate detected: State repeated 10 times, unchanged for 2 turns
[14:36:05.702] Game Over! Stalemate detected!
[14:36:05.702] Stalemate detected: State repeated 10 times, unchanged for 2 turns
