[14:36:02.962] === Game Started at 2025-02-04_14-36-02 ===
[14:36:02.962] Game initialized with 2 players
[14:36:02.962] Board size: 10
[14:36:02.962] Obstacle density: 0.05
[14:36:02.962] Max turns: 1000
[14:36:02.962] Player Bot39 starting at position (0,0) facing NORTH
[14:36:02.962] Player Bot15 starting at position (9,9) facing EAST
[14:36:02.962] Obstacles at positions: (1,2) (1,4) (2,5) (7,2) (9,8)
[14:36:02.962] Starting turn for Bot39
[14:36:02.962] Bot39 rotated right to face EAST
[14:36:02.962] Bot39 executed ROTATE_RIGHT
[14:36:02.962] Bot39 moved forward to (0,1)
[14:36:02.962] Bot39 executed MOVE_FORWARD
[14:36:02.962] Starting turn for Bot15
[14:36:02.962] Bot15 rotated left to face NORTH
[14:36:02.962] Bot15 executed ROTATE_LEFT
[14:36:02.962] Bot15 rotated left to face WEST
[14:36:02.962] Bot15 executed ROTATE_LEFT
[14:36:02.962] Starting turn for Bot39
[14:36:02.962] Bot39 rotated right to face SOUTH
[14:36:02.962] Bot39 executed ROTATE_RIGHT
[14:36:02.962] Bot39 moved forward to (1,1)
[14:36:02.962] Bot39 executed MOVE_FORWARD
[14:36:02.962] Starting turn for Bot15
[14:36:02.962] Starting turn for Bot39
[14:36:02.962] Bot39 rotated left to face EAST
[14:36:02.962] Bot39 executed ROTATE_LEFT
[14:36:02.962] Starting turn for Bot15
[14:36:02.962] Bot15 rotated right to face NORTH
[14:36:02.962] Bot15 executed ROTATE_RIGHT
[14:36:02.962] Bot15 moved forward to (8,9)
[14:36:02.962] Bot15 executed MOVE_FORWARD
[14:36:02.962] Starting turn for Bot39
[14:36:02.962] Starting turn for Bot15
[14:36:02.962] Bot15 rotated left to face WEST
[14:36:02.962] Bot15 executed ROTATE_LEFT
[14:36:02.962] Bot15 moved forward to (8,8)
[14:36:02.962] Bot15 executed MOVE_FORWARD
[14:36:02.962] Starting turn for Bot39
[14:36:02.962] Bot39 rotated left to face NORTH
[14:36:02.962] Bot39 executed ROTATE_LEFT
[14:36:02.962] Bot39 moved forward to (0,1)
[14:36:02.962] Bot39 executed MOVE_FORWARD
[14:36:02.962] Starting turn for Bot15
[14:36:02.962] Bot15 moved forward to (8,7)
[14:36:02.962] Bot15 executed MOVE_FORWARD
[14:36:02.962] Starting turn for Bot39
[14:36:02.962] Bot39 rotated left to face WEST
[14:36:02.962] Bot39 executed ROTATE_LEFT
[14:36:02.962] Bot39 rotated left to face SOUTH
[14:36:02.962] Bot39 executed ROTATE_LEFT
[14:36:02.962] Bot39 moved forward to (1,1)
[14:36:02.962] Bot39 executed MOVE_FORWARD
[14:36:02.962] Starting turn for Bot15
[14:36:02.962] Bot15 rotated right to face NORTH
[14:36:02.962] Bot15 executed ROTATE_RIGHT
[14:36:02.962] Bot15 moved forward to (7,7)
[14:36:02.962] Bot15 executed MOVE_FORWARD
[14:36:02.962] Starting turn for Bot39
[14:36:02.962] Bot39 rotated left to face EAST
[14:36:02.962] Bot39 executed ROTATE_LEFT
[14:36:02.962] Starting turn for Bot15
[14:36:02.962] Bot15 rotated left to face WEST
[14:36:02.962] Bot15 executed ROTATE_LEFT
[14:36:02.962] Bot15 moved forward to (7,6)
[14:36:02.962] Bot15 executed MOVE_FORWARD
[14:36:02.962] Starting turn for Bot39
[14:36:02.962] Starting turn for Bot15
[14:36:02.962] Bot15 rotated right to face NORTH
[14:36:02.962] Bot15 executed ROTATE_RIGHT
[14:36:02.962] Bot15 moved forward to (6,6)
[14:36:02.962] Bot15 executed MOVE_FORWARD
[14:36:02.962] Starting turn for Bot39
[14:36:02.962] Bot39 rotated left to face NORTH
[14:36:02.962] Bot39 executed ROTATE_LEFT
[14:36:02.962] Bot39 moved forward to (0,1)
[14:36:02.962] Bot39 executed MOVE_FORWARD
[14:36:02.962] Starting turn for Bot15
[14:36:02.962] Bot15 rotated left to face WEST
[14:36:02.962] Bot15 executed ROTATE_LEFT
[14:36:02.962] Bot15 moved forward to (6,5)
[14:36:02.962] Bot15 executed MOVE_FORWARD
[14:36:02.962] Starting turn for Bot39
[14:36:02.962] Bot39 rotated left to face WEST
[14:36:02.962] Bot39 executed ROTATE_LEFT
[14:36:02.962] Bot39 rotated left to face SOUTH
[14:36:02.962] Bot39 executed ROTATE_LEFT
[14:36:02.962] Bot39 moved forward to (1,1)
[14:36:02.962] Bot39 executed MOVE_FORWARD
[14:36:02.962] Starting turn for Bot15
[14:36:02.962] Bot15 rotated right to face NORTH
[14:36:02.962] Bot15 executed ROTATE_RIGHT
[14:36:02.962] Bot15 moved forward to (5,5)
[14:36:02.962] Bot15 executed MOVE_FORWARD
[14:36:02.962] Starting turn for Bot39
[14:36:02.962] Bot39 rotated left to face EAST
[14:36:02.962] Bot39 executed ROTATE_LEFT
[14:36:02.962] Starting turn for Bot15
[14:36:02.962] Starting turn for Bot39
[14:36:02.962] Starting turn for Bot15
[14:36:02.962] Starting turn for Bot39
[14:36:02.962] Bot39 rotated left to face NORTH
[14:36:02.962] Bot39 executed ROTATE_LEFT
[14:36:02.962] Bot39 moved forward to (0,1)
[14:36:02.962] Bot39 executed MOVE_FORWARD
[14:36:02.962] Starting turn for Bot15
[14:36:02.962] Starting turn for Bot39
[14:36:02.962] Bot39 rotated left to face WEST
[14:36:02.962] Bot39 executed ROTATE_LEFT
[14:36:02.962] Bot39 rotated left to face SOUTH
[14:36:02.962] Bot39 executed ROTATE_LEFT
[14:36:02.962] Bot39 moved forward to (1,1)
[14:36:02.962] Bot39 executed MOVE_FORWARD
[14:36:02.962] Starting turn for Bot15
[14:36:02.962] Starting turn for Bot39
[14:36:02.962] Bot39 rotated left to face EAST
[14:36:02.962] Bot39 executed ROTATE_LEFT
[14:36:02.962] Starting turn for Bot15
[14:36:02.962] Starting turn for Bot39
[14:36:02.962] Starting turn for Bot15
[14:36:02.962] Starting turn for Bot39
[14:36:02.962] Bot39 rotated left to face NORTH
[14:36:02.962] Bot39 executed ROTATE_LEFT
[14:36:02.962] Bot39 moved forward to (0,1)
[14:36:02.962] Bot39 executed MOVE_FORWARD
[14:36:02.962] Starting turn for Bot15
[14:36:02.962] Starting turn for Bot39
[14:36:02.962] Bot39 rotated left to face WEST
[14:36:02.962] Bot39 executed ROTATE_LEFT
[14:36:02.962] Bot39 rotated left to face SOUTH
[14:36:02.962] Bot39 executed ROTATE_LEFT
[14:36:02.962] Bot39 moved forward to (1,1)
[14:36:02.962] Bot39 executed MOVE_FORWARD
[14:36:02.963] Starting turn for Bot15
[14:36:02.963] Starting turn for Bot39
[14:36:02.963] Bot39 rotated left to face EAST
[14:36:02.963] Bot39 executed ROTATE_LEFT
[14:36:02.963] Starting turn for Bot15
[14:36:02.963] Starting turn for Bot39
[14:36:02.963] Starting turn for Bot15
[14:36:02.963] Stalemate detected: State repeated 10 times, unchanged for 3 turns
[14:36:02.963] Game Over! Stalemate detected!
[14:36:02.963] Stalemate detected: State repeated 10 times, unchanged for 3 turns
