[19:20:39.468] === Game Started at 2025-01-16_19-20-39 ===
[19:20:39.468] Game initialized with 2 players
[19:20:39.468] Board size: 10
[19:20:39.468] Obstacle density: 0.05
[19:20:39.468] Max turns: 1000
[19:20:39.468] Player Bot2 starting at position (0,0) facing NORTH
[19:20:39.468] Player Bot5 starting at position (9,9) facing EAST
[19:20:39.468] Obstacles at positions: (1,2) (2,4) (4,3) (5,4) (9,7)
[19:20:39.468] Starting turn for Bot2
[19:20:39.468] Bot2 rotated right to face EAST
[19:20:39.468] Bot2 executed ROTATE_RIGHT
[19:20:39.468] Bot2 moved forward to (0,1)
[19:20:39.469] Bot2 executed MOVE_FORWARD
[19:20:39.469] Starting turn for Bot5
[19:20:39.469] Bot5 rotated left to face NORTH
[19:20:39.469] Bot5 executed ROTATE_LEFT
[19:20:39.469] Bot5 rotated left to face WEST
[19:20:39.469] Bot5 executed ROTATE_LEFT
[19:20:39.469] Bot5 moved forward to (9,8)
[19:20:39.469] Bot5 executed MOVE_FORWARD
[19:20:39.469] Starting turn for Bot2
[19:20:39.469] Bot2 rotated right to face SOUTH
[19:20:39.469] Bot2 executed ROTATE_RIGHT
[19:20:39.469] Bot2 moved forward to (1,1)
[19:20:39.469] Bot2 executed MOVE_FORWARD
[19:20:39.469] Starting turn for Bot5
[19:20:39.469] Bot5 rotated right to face NORTH
[19:20:39.469] Bot5 executed ROTATE_RIGHT
[19:20:39.469] Bot5 moved forward to (8,8)
[19:20:39.469] Bot5 executed MOVE_FORWARD
[19:20:39.469] Starting turn for Bot2
[19:20:39.469] Bot2 rotated left to face EAST
[19:20:39.469] Bot2 executed ROTATE_LEFT
[19:20:39.469] Starting turn for Bot5
[19:20:39.469] Bot5 rotated left to face WEST
[19:20:39.469] Bot5 executed ROTATE_LEFT
[19:20:39.469] Bot5 moved forward to (8,7)
[19:20:39.469] Bot5 executed MOVE_FORWARD
[19:20:39.469] Starting turn for Bot2
[19:20:39.469] Starting turn for Bot5
[19:20:39.469] Bot5 rotated right to face NORTH
[19:20:39.469] Bot5 executed ROTATE_RIGHT
[19:20:39.469] Bot5 moved forward to (7,7)
[19:20:39.469] Bot5 executed MOVE_FORWARD
[19:20:39.469] Starting turn for Bot2
[19:20:39.469] Bot2 rotated left to face NORTH
[19:20:39.469] Bot2 executed ROTATE_LEFT
[19:20:39.469] Bot2 moved forward to (0,1)
[19:20:39.469] Bot2 executed MOVE_FORWARD
[19:20:39.469] Starting turn for Bot5
[19:20:39.469] Bot5 rotated left to face WEST
[19:20:39.469] Bot5 executed ROTATE_LEFT
[19:20:39.469] Bot5 moved forward to (7,6)
[19:20:39.469] Bot5 executed MOVE_FORWARD
[19:20:39.469] Starting turn for Bot2
[19:20:39.469] Bot2 rotated left to face WEST
[19:20:39.469] Bot2 executed ROTATE_LEFT
[19:20:39.469] Bot2 rotated left to face SOUTH
[19:20:39.469] Bot2 executed ROTATE_LEFT
[19:20:39.469] Bot2 moved forward to (1,1)
[19:20:39.469] Bot2 executed MOVE_FORWARD
[19:20:39.469] Starting turn for Bot5
[19:20:39.469] Bot5 rotated right to face NORTH
[19:20:39.469] Bot5 executed ROTATE_RIGHT
[19:20:39.469] Bot5 moved forward to (6,6)
[19:20:39.469] Bot5 executed MOVE_FORWARD
[19:20:39.469] Starting turn for Bot2
[19:20:39.469] Bot2 rotated left to face EAST
[19:20:39.469] Bot2 executed ROTATE_LEFT
[19:20:39.469] Starting turn for Bot5
[19:20:39.469] Bot5 rotated left to face WEST
[19:20:39.469] Bot5 executed ROTATE_LEFT
[19:20:39.469] Bot5 moved forward to (6,5)
[19:20:39.469] Bot5 executed MOVE_FORWARD
[19:20:39.469] Starting turn for Bot2
[19:20:39.469] Starting turn for Bot5
[19:20:39.469] Bot5 rotated right to face NORTH
[19:20:39.469] Bot5 executed ROTATE_RIGHT
[19:20:39.469] Bot5 moved forward to (5,5)
[19:20:39.469] Bot5 executed MOVE_FORWARD
[19:20:39.469] Starting turn for Bot2
[19:20:39.469] Bot2 rotated left to face NORTH
[19:20:39.469] Bot2 executed ROTATE_LEFT
[19:20:39.469] Bot2 moved forward to (0,1)
[19:20:39.469] Bot2 executed MOVE_FORWARD
[19:20:39.469] Starting turn for Bot5
[19:20:39.469] Starting turn for Bot2
[19:20:39.469] Bot2 rotated left to face WEST
[19:20:39.469] Bot2 executed ROTATE_LEFT
[19:20:39.469] Bot2 rotated left to face SOUTH
[19:20:39.469] Bot2 executed ROTATE_LEFT
[19:20:39.469] Bot2 moved forward to (1,1)
[19:20:39.469] Bot2 executed MOVE_FORWARD
[19:20:39.469] Starting turn for Bot5
[19:20:39.469] Starting turn for Bot2
[19:20:39.469] Bot2 rotated left to face EAST
[19:20:39.469] Bot2 executed ROTATE_LEFT
[19:20:39.469] Starting turn for Bot5
[19:20:39.469] Starting turn for Bot2
[19:20:39.469] Starting turn for Bot5
[19:20:39.469] Starting turn for Bot2
[19:20:39.469] Bot2 rotated left to face NORTH
[19:20:39.469] Bot2 executed ROTATE_LEFT
[19:20:39.469] Bot2 moved forward to (0,1)
[19:20:39.470] Bot2 executed MOVE_FORWARD
[19:20:39.470] Starting turn for Bot5
[19:20:39.470] Starting turn for Bot2
[19:20:39.470] Bot2 rotated left to face WEST
[19:20:39.470] Bot2 executed ROTATE_LEFT
[19:20:39.470] Bot2 rotated left to face SOUTH
[19:20:39.470] Bot2 executed ROTATE_LEFT
[19:20:39.470] Bot2 moved forward to (1,1)
[19:20:39.470] Bot2 executed MOVE_FORWARD
[19:20:39.470] Starting turn for Bot5
[19:20:39.470] Starting turn for Bot2
[19:20:39.470] Bot2 rotated left to face EAST
[19:20:39.470] Bot2 executed ROTATE_LEFT
[19:20:39.470] Starting turn for Bot5
[19:20:39.470] Starting turn for Bot2
[19:20:39.470] Starting turn for Bot5
[19:20:39.470] Starting turn for Bot2
[19:20:39.470] Bot2 rotated left to face NORTH
[19:20:39.470] Bot2 executed ROTATE_LEFT
[19:20:39.470] Bot2 moved forward to (0,1)
[19:20:39.470] Bot2 executed MOVE_FORWARD
[19:20:39.470] Starting turn for Bot5
[19:20:39.470] Starting turn for Bot2
[19:20:39.470] Bot2 rotated left to face WEST
[19:20:39.470] Bot2 executed ROTATE_LEFT
[19:20:39.470] Bot2 rotated left to face SOUTH
[19:20:39.470] Bot2 executed ROTATE_LEFT
[19:20:39.470] Bot2 moved forward to (1,1)
[19:20:39.470] Bot2 executed MOVE_FORWARD
[19:20:39.470] Starting turn for Bot5
[19:20:39.470] Starting turn for Bot2
[19:20:39.470] Bot2 rotated left to face EAST
[19:20:39.470] Bot2 executed ROTATE_LEFT
[19:20:39.470] Starting turn for Bot5
[19:20:39.470] Starting turn for Bot2
[19:20:39.470] Starting turn for Bot5
[19:20:39.470] Stalemate detected: State repeated 10 times, unchanged for 3 turns
[19:20:39.470] Game Over! Stalemate detected!
[19:20:39.470] Stalemate detected: State repeated 10 times, unchanged for 3 turns
