[14:36:14.436] === Game Started at 2025-02-04_14-36-14 ===
[14:36:14.436] Game initialized with 2 players
[14:36:14.436] Board size: 10
[14:36:14.436] Obstacle density: 0.05
[14:36:14.436] Max turns: 1000
[14:36:14.436] Player Bot32 starting at position (0,0) facing SOUTH
[14:36:14.436] Player Bot31 starting at position (9,9) facing SOUTH
[14:36:14.436] Obstacles at positions: (1,2) (1,4) (2,7) (5,5) (6,0)
[14:36:14.437] Starting turn for Bot32
[14:36:14.437] Bot32 rotated left to face EAST
[14:36:14.437] Bot32 executed ROTATE_LEFT
[14:36:14.437] Bot32 moved forward to (0,1)
[14:36:14.437] Bot32 executed MOVE_FORWARD
[14:36:14.437] Starting turn for Bot31
[14:36:14.437] Bot31 rotated right to face WEST
[14:36:14.437] Bot31 executed ROTATE_RIGHT
[14:36:14.437] Bot31 moved forward to (9,8)
[14:36:14.437] Bot31 executed MOVE_FORWARD
[14:36:14.437] Starting turn for Bot32
[14:36:14.437] Bot32 rotated right to face SOUTH
[14:36:14.437] Bot32 executed ROTATE_RIGHT
[14:36:14.437] Bot32 moved forward to (1,1)
[14:36:14.437] Bot32 executed MOVE_FORWARD
[14:36:14.437] Starting turn for Bot31
[14:36:14.437] Bot31 rotated right to face NORTH
[14:36:14.437] Bot31 executed ROTATE_RIGHT
[14:36:14.437] Bot31 moved forward to (8,8)
[14:36:14.437] Bot31 executed MOVE_FORWARD
[14:36:14.437] Starting turn for Bot32
[14:36:14.437] Bot32 rotated left to face EAST
[14:36:14.437] Bot32 executed ROTATE_LEFT
[14:36:14.437] Starting turn for Bot31
[14:36:14.437] Bot31 rotated left to face WEST
[14:36:14.437] Bot31 executed ROTATE_LEFT
[14:36:14.437] Bot31 moved forward to (8,7)
[14:36:14.437] Bot31 executed MOVE_FORWARD
[14:36:14.437] Starting turn for Bot32
[14:36:14.437] Starting turn for Bot31
[14:36:14.437] Bot31 rotated right to face NORTH
[14:36:14.437] Bot31 executed ROTATE_RIGHT
[14:36:14.437] Bot31 moved forward to (7,7)
[14:36:14.437] Bot31 executed MOVE_FORWARD
[14:36:14.437] Starting turn for Bot32
[14:36:14.437] Bot32 rotated left to face NORTH
[14:36:14.437] Bot32 executed ROTATE_LEFT
[14:36:14.437] Bot32 moved forward to (0,1)
[14:36:14.437] Bot32 executed MOVE_FORWARD
[14:36:14.437] Starting turn for Bot31
[14:36:14.437] Bot31 rotated left to face WEST
[14:36:14.437] Bot31 executed ROTATE_LEFT
[14:36:14.437] Bot31 moved forward to (7,6)
[14:36:14.437] Bot31 executed MOVE_FORWARD
[14:36:14.437] Starting turn for Bot32
[14:36:14.437] Bot32 rotated left to face WEST
[14:36:14.437] Bot32 executed ROTATE_LEFT
[14:36:14.437] Bot32 rotated left to face SOUTH
[14:36:14.437] Bot32 executed ROTATE_LEFT
[14:36:14.437] Bot32 moved forward to (1,1)
[14:36:14.437] Bot32 executed MOVE_FORWARD
[14:36:14.437] Starting turn for Bot31
[14:36:14.437] Bot31 rotated right to face NORTH
[14:36:14.437] Bot31 executed ROTATE_RIGHT
[14:36:14.437] Bot31 moved forward to (6,6)
[14:36:14.437] Bot31 executed MOVE_FORWARD
[14:36:14.437] Starting turn for Bot32
[14:36:14.437] Bot32 rotated left to face EAST
[14:36:14.437] Bot32 executed ROTATE_LEFT
[14:36:14.437] Starting turn for Bot31
[14:36:14.437] Bot31 rotated left to face WEST
[14:36:14.437] Bot31 executed ROTATE_LEFT
[14:36:14.437] Bot31 moved forward to (6,5)
[14:36:14.437] Bot31 executed MOVE_FORWARD
[14:36:14.437] Starting turn for Bot32
[14:36:14.437] Starting turn for Bot31
[14:36:14.437] Bot31 rotated right to face NORTH
[14:36:14.437] Bot31 executed ROTATE_RIGHT
[14:36:14.437] Starting turn for Bot32
[14:36:14.437] Bot32 rotated left to face NORTH
[14:36:14.437] Bot32 executed ROTATE_LEFT
[14:36:14.437] Bot32 moved forward to (0,1)
[14:36:14.437] Bot32 executed MOVE_FORWARD
[14:36:14.437] Starting turn for Bot31
[14:36:14.437] Starting turn for Bot32
[14:36:14.437] Bot32 rotated left to face WEST
[14:36:14.437] Bot32 executed ROTATE_LEFT
[14:36:14.437] Bot32 rotated left to face SOUTH
[14:36:14.437] Bot32 executed ROTATE_LEFT
[14:36:14.437] Bot32 moved forward to (1,1)
[14:36:14.437] Bot32 executed MOVE_FORWARD
[14:36:14.437] Starting turn for Bot31
[14:36:14.437] Bot31 rotated right to face EAST
[14:36:14.437] Bot31 executed ROTATE_RIGHT
[14:36:14.437] Bot31 moved forward to (6,6)
[14:36:14.437] Bot31 executed MOVE_FORWARD
[14:36:14.437] Starting turn for Bot32
[14:36:14.437] Bot32 rotated left to face EAST
[14:36:14.437] Bot32 executed ROTATE_LEFT
[14:36:14.437] Starting turn for Bot31
[14:36:14.437] Bot31 rotated left to face NORTH
[14:36:14.437] Bot31 executed ROTATE_LEFT
[14:36:14.437] Bot31 rotated left to face WEST
[14:36:14.437] Bot31 executed ROTATE_LEFT
[14:36:14.437] Bot31 moved forward to (6,5)
[14:36:14.437] Bot31 executed MOVE_FORWARD
[14:36:14.437] Starting turn for Bot32
[14:36:14.437] Starting turn for Bot31
[14:36:14.437] Bot31 rotated right to face NORTH
[14:36:14.437] Bot31 executed ROTATE_RIGHT
[14:36:14.437] Starting turn for Bot32
[14:36:14.437] Bot32 rotated left to face NORTH
[14:36:14.437] Bot32 executed ROTATE_LEFT
[14:36:14.437] Bot32 moved forward to (0,1)
[14:36:14.437] Bot32 executed MOVE_FORWARD
[14:36:14.437] Starting turn for Bot31
[14:36:14.437] Starting turn for Bot32
[14:36:14.437] Bot32 rotated left to face WEST
[14:36:14.437] Bot32 executed ROTATE_LEFT
[14:36:14.437] Bot32 rotated left to face SOUTH
[14:36:14.437] Bot32 executed ROTATE_LEFT
[14:36:14.437] Bot32 moved forward to (1,1)
[14:36:14.437] Bot32 executed MOVE_FORWARD
[14:36:14.437] Starting turn for Bot31
[14:36:14.437] Bot31 rotated right to face EAST
[14:36:14.437] Bot31 executed ROTATE_RIGHT
[14:36:14.437] Bot31 moved forward to (6,6)
[14:36:14.437] Bot31 executed MOVE_FORWARD
[14:36:14.437] Starting turn for Bot32
[14:36:14.437] Bot32 rotated left to face EAST
[14:36:14.437] Bot32 executed ROTATE_LEFT
[14:36:14.437] Starting turn for Bot31
[14:36:14.437] Bot31 rotated left to face NORTH
[14:36:14.437] Bot31 executed ROTATE_LEFT
[14:36:14.437] Bot31 rotated left to face WEST
[14:36:14.437] Bot31 executed ROTATE_LEFT
[14:36:14.437] Bot31 moved forward to (6,5)
[14:36:14.437] Bot31 executed MOVE_FORWARD
[14:36:14.437] Starting turn for Bot32
[14:36:14.437] Starting turn for Bot31
[14:36:14.437] Bot31 rotated right to face NORTH
[14:36:14.437] Bot31 executed ROTATE_RIGHT
[14:36:14.437] Starting turn for Bot32
[14:36:14.437] Bot32 rotated left to face NORTH
[14:36:14.437] Bot32 executed ROTATE_LEFT
[14:36:14.437] Bot32 moved forward to (0,1)
[14:36:14.437] Bot32 executed MOVE_FORWARD
[14:36:14.437] Starting turn for Bot31
[14:36:14.437] Starting turn for Bot32
[14:36:14.437] Bot32 rotated left to face WEST
[14:36:14.437] Bot32 executed ROTATE_LEFT
[14:36:14.437] Bot32 rotated left to face SOUTH
[14:36:14.437] Bot32 executed ROTATE_LEFT
[14:36:14.437] Bot32 moved forward to (1,1)
[14:36:14.437] Bot32 executed MOVE_FORWARD
[14:36:14.437] Starting turn for Bot31
[14:36:14.437] Bot31 rotated right to face EAST
[14:36:14.437] Bot31 executed ROTATE_RIGHT
[14:36:14.437] Bot31 moved forward to (6,6)
[14:36:14.437] Bot31 executed MOVE_FORWARD
[14:36:14.437] Starting turn for Bot32
[14:36:14.437] Bot32 rotated left to face EAST
[14:36:14.437] Bot32 executed ROTATE_LEFT
[14:36:14.437] Starting turn for Bot31
[14:36:14.437] Bot31 rotated left to face NORTH
[14:36:14.437] Bot31 executed ROTATE_LEFT
[14:36:14.437] Bot31 rotated left to face WEST
[14:36:14.437] Bot31 executed ROTATE_LEFT
[14:36:14.437] Bot31 moved forward to (6,5)
[14:36:14.437] Bot31 executed MOVE_FORWARD
[14:36:14.437] Starting turn for Bot32
[14:36:14.437] Starting turn for Bot31
[14:36:14.437] Bot31 rotated right to face NORTH
[14:36:14.437] Bot31 executed ROTATE_RIGHT
[14:36:14.437] Starting turn for Bot32
[14:36:14.437] Bot32 rotated left to face NORTH
[14:36:14.437] Bot32 executed ROTATE_LEFT
[14:36:14.437] Bot32 moved forward to (0,1)
[14:36:14.437] Bot32 executed MOVE_FORWARD
[14:36:14.437] Starting turn for Bot31
[14:36:14.437] Starting turn for Bot32
[14:36:14.437] Bot32 rotated left to face WEST
[14:36:14.437] Bot32 executed ROTATE_LEFT
[14:36:14.437] Bot32 rotated left to face SOUTH
[14:36:14.437] Bot32 executed ROTATE_LEFT
[14:36:14.437] Bot32 moved forward to (1,1)
[14:36:14.437] Bot32 executed MOVE_FORWARD
[14:36:14.437] Starting turn for Bot31
[14:36:14.437] Bot31 rotated right to face EAST
[14:36:14.437] Bot31 executed ROTATE_RIGHT
[14:36:14.437] Bot31 moved forward to (6,6)
[14:36:14.437] Bot31 executed MOVE_FORWARD
[14:36:14.437] Starting turn for Bot32
[14:36:14.437] Bot32 rotated left to face EAST
[14:36:14.437] Bot32 executed ROTATE_LEFT
[14:36:14.437] Starting turn for Bot31
[14:36:14.437] Bot31 rotated left to face NORTH
[14:36:14.437] Bot31 executed ROTATE_LEFT
[14:36:14.437] Bot31 rotated left to face WEST
[14:36:14.437] Bot31 executed ROTATE_LEFT
[14:36:14.437] Bot31 moved forward to (6,5)
[14:36:14.437] Bot31 executed MOVE_FORWARD
[14:36:14.437] Starting turn for Bot32
[14:36:14.437] Starting turn for Bot31
[14:36:14.437] Stalemate detected: State repeated 10 times, unchanged for 2 turns
[14:36:14.437] Game Over! Stalemate detected!
[14:36:14.437] Stalemate detected: State repeated 10 times, unchanged for 2 turns
