[14:36:14.852] === Game Started at 2025-02-04_14-36-14 ===
[14:36:14.852] Game initialized with 2 players
[14:36:14.852] Board size: 10
[14:36:14.852] Obstacle density: 0.05
[14:36:14.852] Max turns: 1000
[14:36:14.852] Player Bot34 starting at position (0,0) facing SOUTH
[14:36:14.852] Player Bot32 starting at position (9,9) facing WEST
[14:36:14.852] Obstacles at positions: (1,5) (1,9) (2,5) (6,0) (8,8)
[14:36:14.852] Starting turn for Bot34
[14:36:14.852] Bot34 rotated left to face EAST
[14:36:14.852] Bot34 executed ROTATE_LEFT
[14:36:14.852] Bot34 moved forward to (0,1)
[14:36:14.852] Bot34 executed MOVE_FORWARD
[14:36:14.852] Starting turn for Bot32
[14:36:14.852] Bot32 moved forward to (9,8)
[14:36:14.852] Bot32 executed MOVE_FORWARD
[14:36:14.852] Starting turn for Bot34
[14:36:14.852] Bot34 rotated right to face SOUTH
[14:36:14.852] Bot34 executed ROTATE_RIGHT
[14:36:14.852] Bot34 moved forward to (1,1)
[14:36:14.852] Bot34 executed MOVE_FORWARD
[14:36:14.852] Starting turn for Bot32
[14:36:14.852] Bot32 rotated right to face NORTH
[14:36:14.852] Bot32 executed ROTATE_RIGHT
[14:36:14.852] Starting turn for Bot34
[14:36:14.852] Bot34 rotated left to face EAST
[14:36:14.852] Bot34 executed ROTATE_LEFT
[14:36:14.852] Bot34 moved forward to (1,2)
[14:36:14.852] Bot34 executed MOVE_FORWARD
[14:36:14.852] Starting turn for Bot32
[14:36:14.852] Starting turn for Bot34
[14:36:14.852] Bot34 rotated right to face SOUTH
[14:36:14.852] Bot34 executed ROTATE_RIGHT
[14:36:14.852] Bot34 moved forward to (2,2)
[14:36:14.852] Bot34 executed MOVE_FORWARD
[14:36:14.852] Starting turn for Bot32
[14:36:14.852] Bot32 rotated right to face EAST
[14:36:14.852] Bot32 executed ROTATE_RIGHT
[14:36:14.852] Bot32 moved forward to (9,9)
[14:36:14.852] Bot32 executed MOVE_FORWARD
[14:36:14.852] Starting turn for Bot34
[14:36:14.852] Bot34 rotated left to face EAST
[14:36:14.852] Bot34 executed ROTATE_LEFT
[14:36:14.852] Bot34 moved forward to (2,3)
[14:36:14.852] Bot34 executed MOVE_FORWARD
[14:36:14.852] Starting turn for Bot32
[14:36:14.852] Bot32 rotated left to face NORTH
[14:36:14.852] Bot32 executed ROTATE_LEFT
[14:36:14.852] Bot32 rotated left to face WEST
[14:36:14.852] Bot32 executed ROTATE_LEFT
[14:36:14.852] Bot32 moved forward to (9,8)
[14:36:14.852] Bot32 executed MOVE_FORWARD
[14:36:14.852] Starting turn for Bot34
[14:36:14.852] Bot34 rotated right to face SOUTH
[14:36:14.852] Bot34 executed ROTATE_RIGHT
[14:36:14.852] Bot34 moved forward to (3,3)
[14:36:14.852] Bot34 executed MOVE_FORWARD
[14:36:14.852] Starting turn for Bot32
[14:36:14.852] Bot32 rotated right to face NORTH
[14:36:14.852] Bot32 executed ROTATE_RIGHT
[14:36:14.852] Starting turn for Bot34
[14:36:14.852] Bot34 rotated left to face EAST
[14:36:14.852] Bot34 executed ROTATE_LEFT
[14:36:14.852] Bot34 moved forward to (3,4)
[14:36:14.852] Bot34 executed MOVE_FORWARD
[14:36:14.852] Starting turn for Bot32
[14:36:14.852] Starting turn for Bot34
[14:36:14.852] Bot34 rotated right to face SOUTH
[14:36:14.852] Bot34 executed ROTATE_RIGHT
[14:36:14.852] Bot34 moved forward to (4,4)
[14:36:14.852] Bot34 executed MOVE_FORWARD
[14:36:14.852] Starting turn for Bot32
[14:36:14.852] Bot32 rotated right to face EAST
[14:36:14.852] Bot32 executed ROTATE_RIGHT
[14:36:14.852] Bot32 moved forward to (9,9)
[14:36:14.852] Bot32 executed MOVE_FORWARD
[14:36:14.852] Starting turn for Bot34
[14:36:14.852] Bot34 rotated left to face EAST
[14:36:14.852] Bot34 executed ROTATE_LEFT
[14:36:14.852] Bot34 moved forward to (4,5)
[14:36:14.852] Bot34 executed MOVE_FORWARD
[14:36:14.852] Starting turn for Bot32
[14:36:14.852] Bot32 rotated left to face NORTH
[14:36:14.852] Bot32 executed ROTATE_LEFT
[14:36:14.852] Bot32 rotated left to face WEST
[14:36:14.852] Bot32 executed ROTATE_LEFT
[14:36:14.852] Bot32 moved forward to (9,8)
[14:36:14.852] Bot32 executed MOVE_FORWARD
[14:36:14.852] Starting turn for Bot34
[14:36:14.852] Bot34 rotated right to face SOUTH
[14:36:14.852] Bot34 executed ROTATE_RIGHT
[14:36:14.852] Bot34 moved forward to (5,5)
[14:36:14.852] Bot34 executed MOVE_FORWARD
[14:36:14.852] Starting turn for Bot32
[14:36:14.852] Bot32 rotated right to face NORTH
[14:36:14.852] Bot32 executed ROTATE_RIGHT
[14:36:14.852] Starting turn for Bot34
[14:36:14.852] Starting turn for Bot32
[14:36:14.852] Starting turn for Bot34
[14:36:14.852] Starting turn for Bot32
[14:36:14.852] Bot32 rotated right to face EAST
[14:36:14.852] Bot32 executed ROTATE_RIGHT
[14:36:14.853] Bot32 moved forward to (9,9)
[14:36:14.853] Bot32 executed MOVE_FORWARD
[14:36:14.853] Starting turn for Bot34
[14:36:14.853] Starting turn for Bot32
[14:36:14.853] Bot32 rotated left to face NORTH
[14:36:14.853] Bot32 executed ROTATE_LEFT
[14:36:14.853] Bot32 rotated left to face WEST
[14:36:14.853] Bot32 executed ROTATE_LEFT
[14:36:14.853] Bot32 moved forward to (9,8)
[14:36:14.853] Bot32 executed MOVE_FORWARD
[14:36:14.853] Starting turn for Bot34
[14:36:14.853] Starting turn for Bot32
[14:36:14.853] Bot32 rotated right to face NORTH
[14:36:14.853] Bot32 executed ROTATE_RIGHT
[14:36:14.853] Starting turn for Bot34
[14:36:14.853] Starting turn for Bot32
[14:36:14.853] Starting turn for Bot34
[14:36:14.853] Starting turn for Bot32
[14:36:14.853] Bot32 rotated right to face EAST
[14:36:14.853] Bot32 executed ROTATE_RIGHT
[14:36:14.853] Bot32 moved forward to (9,9)
[14:36:14.853] Bot32 executed MOVE_FORWARD
[14:36:14.853] Starting turn for Bot34
[14:36:14.853] Starting turn for Bot32
[14:36:14.853] Bot32 rotated left to face NORTH
[14:36:14.853] Bot32 executed ROTATE_LEFT
[14:36:14.853] Bot32 rotated left to face WEST
[14:36:14.853] Bot32 executed ROTATE_LEFT
[14:36:14.853] Bot32 moved forward to (9,8)
[14:36:14.853] Bot32 executed MOVE_FORWARD
[14:36:14.853] Starting turn for Bot34
[14:36:14.853] Starting turn for Bot32
[14:36:14.853] Bot32 rotated right to face NORTH
[14:36:14.853] Bot32 executed ROTATE_RIGHT
[14:36:14.853] Starting turn for Bot34
[14:36:14.853] Starting turn for Bot32
[14:36:14.853] Starting turn for Bot34
[14:36:14.853] Starting turn for Bot32
[14:36:14.853] Stalemate detected: State repeated 10 times, unchanged for 2 turns
[14:36:14.853] Game Over! Stalemate detected!
[14:36:14.853] Stalemate detected: State repeated 10 times, unchanged for 2 turns
