[14:35:47.149] === Game Started at 2025-02-04_14-35-47 ===
[14:35:47.149] Game initialized with 2 players
[14:35:47.149] Board size: 10
[14:35:47.149] Obstacle density: 0.05
[14:35:47.149] Max turns: 1000
[14:35:47.149] Player Bot40 starting at position (0,0) facing SOUTH
[14:35:47.149] Player Bot4 starting at position (9,9) facing WEST
[14:35:47.149] Obstacles at positions: (0,5) (1,2) (6,9) (7,4) (8,6)
[14:35:47.149] Starting turn for Bot40
[14:35:47.149] Bot40 rotated left to face EAST
[14:35:47.149] Bot40 executed ROTATE_LEFT
[14:35:47.149] Bot40 moved forward to (0,1)
[14:35:47.149] Bot40 executed MOVE_FORWARD
[14:35:47.149] Starting turn for Bot4
[14:35:47.149] Bot4 moved forward to (9,8)
[14:35:47.149] Bot4 executed MOVE_FORWARD
[14:35:47.149] Starting turn for Bot40
[14:35:47.149] Bot40 rotated right to face SOUTH
[14:35:47.149] Bot40 executed ROTATE_RIGHT
[14:35:47.149] Bot40 moved forward to (1,1)
[14:35:47.149] Bot40 executed MOVE_FORWARD
[14:35:47.149] Starting turn for Bot4
[14:35:47.149] Bot4 rotated right to face NORTH
[14:35:47.149] Bot4 executed ROTATE_RIGHT
[14:35:47.149] Bot4 moved forward to (8,8)
[14:35:47.149] Bot4 executed MOVE_FORWARD
[14:35:47.149] Starting turn for Bot40
[14:35:47.149] Bot40 rotated left to face EAST
[14:35:47.149] Bot40 executed ROTATE_LEFT
[14:35:47.149] Starting turn for Bot4
[14:35:47.149] Bot4 rotated left to face WEST
[14:35:47.149] Bot4 executed ROTATE_LEFT
[14:35:47.149] Bot4 moved forward to (8,7)
[14:35:47.149] Bot4 executed MOVE_FORWARD
[14:35:47.149] Starting turn for Bot40
[14:35:47.149] Starting turn for Bot4
[14:35:47.149] Bot4 rotated right to face NORTH
[14:35:47.149] Bot4 executed ROTATE_RIGHT
[14:35:47.149] Bot4 moved forward to (7,7)
[14:35:47.149] Bot4 executed MOVE_FORWARD
[14:35:47.149] Starting turn for Bot40
[14:35:47.149] Bot40 rotated left to face NORTH
[14:35:47.149] Bot40 executed ROTATE_LEFT
[14:35:47.149] Bot40 moved forward to (0,1)
[14:35:47.149] Bot40 executed MOVE_FORWARD
[14:35:47.149] Starting turn for Bot4
[14:35:47.149] Bot4 rotated left to face WEST
[14:35:47.149] Bot4 executed ROTATE_LEFT
[14:35:47.149] Bot4 moved forward to (7,6)
[14:35:47.149] Bot4 executed MOVE_FORWARD
[14:35:47.149] Starting turn for Bot40
[14:35:47.149] Bot40 rotated left to face WEST
[14:35:47.149] Bot40 executed ROTATE_LEFT
[14:35:47.149] Bot40 rotated left to face SOUTH
[14:35:47.149] Bot40 executed ROTATE_LEFT
[14:35:47.149] Bot40 moved forward to (1,1)
[14:35:47.149] Bot40 executed MOVE_FORWARD
[14:35:47.149] Starting turn for Bot4
[14:35:47.149] Bot4 rotated right to face NORTH
[14:35:47.149] Bot4 executed ROTATE_RIGHT
[14:35:47.149] Bot4 moved forward to (6,6)
[14:35:47.149] Bot4 executed MOVE_FORWARD
[14:35:47.149] Starting turn for Bot40
[14:35:47.149] Bot40 rotated left to face EAST
[14:35:47.149] Bot40 executed ROTATE_LEFT
[14:35:47.149] Starting turn for Bot4
[14:35:47.149] Bot4 rotated left to face WEST
[14:35:47.149] Bot4 executed ROTATE_LEFT
[14:35:47.149] Bot4 moved forward to (6,5)
[14:35:47.149] Bot4 executed MOVE_FORWARD
[14:35:47.149] Starting turn for Bot40
[14:35:47.149] Starting turn for Bot4
[14:35:47.149] Bot4 rotated right to face NORTH
[14:35:47.149] Bot4 executed ROTATE_RIGHT
[14:35:47.149] Bot4 moved forward to (5,5)
[14:35:47.149] Bot4 executed MOVE_FORWARD
[14:35:47.149] Starting turn for Bot40
[14:35:47.149] Bot40 rotated left to face NORTH
[14:35:47.149] Bot40 executed ROTATE_LEFT
[14:35:47.149] Bot40 moved forward to (0,1)
[14:35:47.149] Bot40 executed MOVE_FORWARD
[14:35:47.149] Starting turn for Bot4
[14:35:47.149] Starting turn for Bot40
[14:35:47.149] Bot40 rotated left to face WEST
[14:35:47.149] Bot40 executed ROTATE_LEFT
[14:35:47.149] Bot40 rotated left to face SOUTH
[14:35:47.149] Bot40 executed ROTATE_LEFT
[14:35:47.149] Bot40 moved forward to (1,1)
[14:35:47.149] Bot40 executed MOVE_FORWARD
[14:35:47.149] Starting turn for Bot4
[14:35:47.149] Starting turn for Bot40
[14:35:47.149] Bot40 rotated left to face EAST
[14:35:47.149] Bot40 executed ROTATE_LEFT
[14:35:47.149] Starting turn for Bot4
[14:35:47.149] Starting turn for Bot40
[14:35:47.149] Starting turn for Bot4
[14:35:47.149] Starting turn for Bot40
[14:35:47.149] Bot40 rotated left to face NORTH
[14:35:47.149] Bot40 executed ROTATE_LEFT
[14:35:47.149] Bot40 moved forward to (0,1)
[14:35:47.149] Bot40 executed MOVE_FORWARD
[14:35:47.149] Starting turn for Bot4
[14:35:47.149] Starting turn for Bot40
[14:35:47.149] Bot40 rotated left to face WEST
[14:35:47.149] Bot40 executed ROTATE_LEFT
[14:35:47.149] Bot40 rotated left to face SOUTH
[14:35:47.149] Bot40 executed ROTATE_LEFT
[14:35:47.149] Bot40 moved forward to (1,1)
[14:35:47.149] Bot40 executed MOVE_FORWARD
[14:35:47.149] Starting turn for Bot4
[14:35:47.149] Starting turn for Bot40
[14:35:47.149] Bot40 rotated left to face EAST
[14:35:47.149] Bot40 executed ROTATE_LEFT
[14:35:47.149] Starting turn for Bot4
[14:35:47.149] Starting turn for Bot40
[14:35:47.149] Starting turn for Bot4
[14:35:47.149] Starting turn for Bot40
[14:35:47.149] Bot40 rotated left to face NORTH
[14:35:47.149] Bot40 executed ROTATE_LEFT
[14:35:47.149] Bot40 moved forward to (0,1)
[14:35:47.149] Bot40 executed MOVE_FORWARD
[14:35:47.149] Starting turn for Bot4
[14:35:47.149] Starting turn for Bot40
[14:35:47.149] Bot40 rotated left to face WEST
[14:35:47.149] Bot40 executed ROTATE_LEFT
[14:35:47.149] Bot40 rotated left to face SOUTH
[14:35:47.149] Bot40 executed ROTATE_LEFT
[14:35:47.149] Bot40 moved forward to (1,1)
[14:35:47.149] Bot40 executed MOVE_FORWARD
[14:35:47.149] Starting turn for Bot4
[14:35:47.149] Starting turn for Bot40
[14:35:47.149] Bot40 rotated left to face EAST
[14:35:47.149] Bot40 executed ROTATE_LEFT
[14:35:47.149] Starting turn for Bot4
[14:35:47.149] Starting turn for Bot40
[14:35:47.149] Starting turn for Bot4
[14:35:47.149] Stalemate detected: State repeated 10 times, unchanged for 3 turns
[14:35:47.149] Game Over! Stalemate detected!
[14:35:47.149] Stalemate detected: State repeated 10 times, unchanged for 3 turns
