[14:36:11.096] === Game Started at 2025-02-04_14-36-11 ===
[14:36:11.096] Game initialized with 2 players
[14:36:11.096] Board size: 10
[14:36:11.096] Obstacle density: 0.05
[14:36:11.096] Max turns: 1000
[14:36:11.096] Player Bot25 starting at position (0,0) facing WEST
[14:36:11.096] Player Bot27 starting at position (9,9) facing SOUTH
[14:36:11.096] Obstacles at positions: (3,3) (3,9) (7,7) (8,4) (8,8)
[14:36:11.096] Starting turn for Bot25
[14:36:11.096] Bot25 rotated left to face SOUTH
[14:36:11.096] Bot25 executed ROTATE_LEFT
[14:36:11.096] Bot25 rotated left to face EAST
[14:36:11.096] Bot25 executed ROTATE_LEFT
[14:36:11.096] Bot25 moved forward to (0,1)
[14:36:11.096] Bot25 executed MOVE_FORWARD
[14:36:11.096] Starting turn for Bot27
[14:36:11.096] Bot27 rotated right to face WEST
[14:36:11.096] Bot27 executed ROTATE_RIGHT
[14:36:11.096] Bot27 moved forward to (9,8)
[14:36:11.096] Bot27 executed MOVE_FORWARD
[14:36:11.096] Starting turn for Bot25
[14:36:11.096] Bot25 rotated right to face SOUTH
[14:36:11.096] Bot25 executed ROTATE_RIGHT
[14:36:11.096] Bot25 moved forward to (1,1)
[14:36:11.096] Bot25 executed MOVE_FORWARD
[14:36:11.096] Starting turn for Bot27
[14:36:11.096] Bot27 rotated right to face NORTH
[14:36:11.096] Bot27 executed ROTATE_RIGHT
[14:36:11.096] Starting turn for Bot25
[14:36:11.096] Bot25 rotated left to face EAST
[14:36:11.096] Bot25 executed ROTATE_LEFT
[14:36:11.096] Bot25 moved forward to (1,2)
[14:36:11.096] Bot25 executed MOVE_FORWARD
[14:36:11.096] Starting turn for Bot27
[14:36:11.096] Starting turn for Bot25
[14:36:11.096] Bot25 rotated right to face SOUTH
[14:36:11.096] Bot25 executed ROTATE_RIGHT
[14:36:11.096] Bot25 moved forward to (2,2)
[14:36:11.096] Bot25 executed MOVE_FORWARD
[14:36:11.096] Starting turn for Bot27
[14:36:11.096] Bot27 rotated right to face EAST
[14:36:11.096] Bot27 executed ROTATE_RIGHT
[14:36:11.096] Bot27 moved forward to (9,9)
[14:36:11.096] Bot27 executed MOVE_FORWARD
[14:36:11.096] Starting turn for Bot25
[14:36:11.096] Bot25 rotated left to face EAST
[14:36:11.096] Bot25 executed ROTATE_LEFT
[14:36:11.096] Bot25 moved forward to (2,3)
[14:36:11.096] Bot25 executed MOVE_FORWARD
[14:36:11.096] Starting turn for Bot27
[14:36:11.096] Bot27 rotated left to face NORTH
[14:36:11.096] Bot27 executed ROTATE_LEFT
[14:36:11.096] Bot27 rotated left to face WEST
[14:36:11.096] Bot27 executed ROTATE_LEFT
[14:36:11.096] Bot27 moved forward to (9,8)
[14:36:11.096] Bot27 executed MOVE_FORWARD
[14:36:11.096] Starting turn for Bot25
[14:36:11.096] Bot25 rotated right to face SOUTH
[14:36:11.096] Bot25 executed ROTATE_RIGHT
[14:36:11.096] Starting turn for Bot27
[14:36:11.096] Bot27 rotated right to face NORTH
[14:36:11.096] Bot27 executed ROTATE_RIGHT
[14:36:11.096] Starting turn for Bot25
[14:36:11.096] Starting turn for Bot27
[14:36:11.096] Starting turn for Bot25
[14:36:11.096] Bot25 rotated left to face EAST
[14:36:11.096] Bot25 executed ROTATE_LEFT
[14:36:11.096] Bot25 rotated left to face NORTH
[14:36:11.096] Bot25 executed ROTATE_LEFT
[14:36:11.096] Bot25 moved forward to (1,3)
[14:36:11.097] Bot25 executed MOVE_FORWARD
[14:36:11.097] Starting turn for Bot27
[14:36:11.097] Bot27 rotated right to face EAST
[14:36:11.097] Bot27 executed ROTATE_RIGHT
[14:36:11.097] Bot27 moved forward to (9,9)
[14:36:11.097] Bot27 executed MOVE_FORWARD
[14:36:11.097] Starting turn for Bot25
[14:36:11.097] Bot25 rotated left to face WEST
[14:36:11.097] Bot25 executed ROTATE_LEFT
[14:36:11.097] Bot25 rotated left to face SOUTH
[14:36:11.097] Bot25 executed ROTATE_LEFT
[14:36:11.097] Bot25 moved forward to (2,3)
[14:36:11.097] Bot25 executed MOVE_FORWARD
[14:36:11.097] Starting turn for Bot27
[14:36:11.097] Bot27 rotated left to face NORTH
[14:36:11.097] Bot27 executed ROTATE_LEFT
[14:36:11.097] Bot27 rotated left to face WEST
[14:36:11.097] Bot27 executed ROTATE_LEFT
[14:36:11.097] Bot27 moved forward to (9,8)
[14:36:11.097] Bot27 executed MOVE_FORWARD
[14:36:11.097] Starting turn for Bot25
[14:36:11.097] Starting turn for Bot27
[14:36:11.097] Bot27 rotated right to face NORTH
[14:36:11.097] Bot27 executed ROTATE_RIGHT
[14:36:11.097] Starting turn for Bot25
[14:36:11.097] Starting turn for Bot27
[14:36:11.097] Starting turn for Bot25
[14:36:11.097] Bot25 rotated left to face EAST
[14:36:11.097] Bot25 executed ROTATE_LEFT
[14:36:11.097] Bot25 rotated left to face NORTH
[14:36:11.097] Bot25 executed ROTATE_LEFT
[14:36:11.097] Bot25 moved forward to (1,3)
[14:36:11.097] Bot25 executed MOVE_FORWARD
[14:36:11.097] Starting turn for Bot27
[14:36:11.097] Bot27 rotated right to face EAST
[14:36:11.097] Bot27 executed ROTATE_RIGHT
[14:36:11.097] Bot27 moved forward to (9,9)
[14:36:11.097] Bot27 executed MOVE_FORWARD
[14:36:11.097] Starting turn for Bot25
[14:36:11.097] Bot25 rotated left to face WEST
[14:36:11.097] Bot25 executed ROTATE_LEFT
[14:36:11.097] Bot25 rotated left to face SOUTH
[14:36:11.097] Bot25 executed ROTATE_LEFT
[14:36:11.097] Bot25 moved forward to (2,3)
[14:36:11.097] Bot25 executed MOVE_FORWARD
[14:36:11.097] Starting turn for Bot27
[14:36:11.097] Bot27 rotated left to face NORTH
[14:36:11.097] Bot27 executed ROTATE_LEFT
[14:36:11.097] Bot27 rotated left to face WEST
[14:36:11.097] Bot27 executed ROTATE_LEFT
[14:36:11.097] Bot27 moved forward to (9,8)
[14:36:11.097] Bot27 executed MOVE_FORWARD
[14:36:11.097] Starting turn for Bot25
[14:36:11.097] Starting turn for Bot27
[14:36:11.097] Bot27 rotated right to face NORTH
[14:36:11.097] Bot27 executed ROTATE_RIGHT
[14:36:11.097] Starting turn for Bot25
[14:36:11.097] Starting turn for Bot27
[14:36:11.097] Starting turn for Bot25
[14:36:11.097] Bot25 rotated left to face EAST
[14:36:11.097] Bot25 executed ROTATE_LEFT
[14:36:11.097] Bot25 rotated left to face NORTH
[14:36:11.097] Bot25 executed ROTATE_LEFT
[14:36:11.097] Bot25 moved forward to (1,3)
[14:36:11.097] Bot25 executed MOVE_FORWARD
[14:36:11.097] Starting turn for Bot27
[14:36:11.097] Bot27 rotated right to face EAST
[14:36:11.097] Bot27 executed ROTATE_RIGHT
[14:36:11.097] Bot27 moved forward to (9,9)
[14:36:11.097] Bot27 executed MOVE_FORWARD
[14:36:11.097] Starting turn for Bot25
[14:36:11.097] Bot25 rotated left to face WEST
[14:36:11.097] Bot25 executed ROTATE_LEFT
[14:36:11.097] Bot25 rotated left to face SOUTH
[14:36:11.097] Bot25 executed ROTATE_LEFT
[14:36:11.097] Bot25 moved forward to (2,3)
[14:36:11.097] Bot25 executed MOVE_FORWARD
[14:36:11.097] Starting turn for Bot27
[14:36:11.097] Bot27 rotated left to face NORTH
[14:36:11.097] Bot27 executed ROTATE_LEFT
[14:36:11.097] Bot27 rotated left to face WEST
[14:36:11.097] Bot27 executed ROTATE_LEFT
[14:36:11.097] Bot27 moved forward to (9,8)
[14:36:11.097] Bot27 executed MOVE_FORWARD
[14:36:11.097] Starting turn for Bot25
[14:36:11.097] Starting turn for Bot27
[14:36:11.097] Bot27 rotated right to face NORTH
[14:36:11.097] Bot27 executed ROTATE_RIGHT
[14:36:11.097] Starting turn for Bot25
[14:36:11.097] Starting turn for Bot27
[14:36:11.097] Starting turn for Bot25
[14:36:11.097] Bot25 rotated left to face EAST
[14:36:11.097] Bot25 executed ROTATE_LEFT
[14:36:11.097] Bot25 rotated left to face NORTH
[14:36:11.097] Bot25 executed ROTATE_LEFT
[14:36:11.097] Bot25 moved forward to (1,3)
[14:36:11.097] Bot25 executed MOVE_FORWARD
[14:36:11.097] Starting turn for Bot27
[14:36:11.097] Bot27 rotated right to face EAST
[14:36:11.097] Bot27 executed ROTATE_RIGHT
[14:36:11.097] Bot27 moved forward to (9,9)
[14:36:11.097] Bot27 executed MOVE_FORWARD
[14:36:11.097] Starting turn for Bot25
[14:36:11.097] Bot25 rotated left to face WEST
[14:36:11.097] Bot25 executed ROTATE_LEFT
[14:36:11.097] Bot25 rotated left to face SOUTH
[14:36:11.097] Bot25 executed ROTATE_LEFT
[14:36:11.097] Bot25 moved forward to (2,3)
[14:36:11.097] Bot25 executed MOVE_FORWARD
[14:36:11.097] Starting turn for Bot27
[14:36:11.097] Bot27 rotated left to face NORTH
[14:36:11.097] Bot27 executed ROTATE_LEFT
[14:36:11.097] Bot27 rotated left to face WEST
[14:36:11.097] Bot27 executed ROTATE_LEFT
[14:36:11.097] Bot27 moved forward to (9,8)
[14:36:11.097] Bot27 executed MOVE_FORWARD
[14:36:11.097] Starting turn for Bot25
[14:36:11.097] Starting turn for Bot27
[14:36:11.097] Bot27 rotated right to face NORTH
[14:36:11.097] Bot27 executed ROTATE_RIGHT
[14:36:11.097] Starting turn for Bot25
[14:36:11.097] Stalemate detected: State repeated 10 times, unchanged for 3 turns
[14:36:11.097] Game Over! Stalemate detected!
[14:36:11.097] Stalemate detected: State repeated 10 times, unchanged for 3 turns
