[14:35:52.068] === Game Started at 2025-02-04_14-35-52 ===
[14:35:52.068] Game initialized with 2 players
[14:35:52.068] Board size: 10
[14:35:52.068] Obstacle density: 0.05
[14:35:52.068] Max turns: 1000
[14:35:52.068] Player Bot30 starting at position (0,0) facing NORTH
[14:35:52.068] Player Bot7 starting at position (9,9) facing NORTH
[14:35:52.068] Obstacles at positions: (1,9) (2,1) (2,5) (7,5) (8,8)
[14:35:52.068] Starting turn for Bot30
[14:35:52.068] Bot30 rotated right to face EAST
[14:35:52.068] Bot30 executed ROTATE_RIGHT
[14:35:52.068] Bot30 moved forward to (0,1)
[14:35:52.068] Bot30 executed MOVE_FORWARD
[14:35:52.068] Starting turn for Bot7
[14:35:52.068] Bot7 rotated left to face WEST
[14:35:52.068] Bot7 executed ROTATE_LEFT
[14:35:52.068] Bot7 moved forward to (9,8)
[14:35:52.068] Bot7 executed MOVE_FORWARD
[14:35:52.068] Starting turn for Bot30
[14:35:52.068] Bot30 rotated right to face SOUTH
[14:35:52.068] Bot30 executed ROTATE_RIGHT
[14:35:52.068] Bot30 moved forward to (1,1)
[14:35:52.068] Bot30 executed MOVE_FORWARD
[14:35:52.068] Starting turn for Bot7
[14:35:52.068] Bot7 rotated right to face NORTH
[14:35:52.069] Bot7 executed ROTATE_RIGHT
[14:35:52.069] Starting turn for Bot30
[14:35:52.069] Bot30 rotated left to face EAST
[14:35:52.069] Bot30 executed ROTATE_LEFT
[14:35:52.069] Bot30 moved forward to (1,2)
[14:35:52.069] Bot30 executed MOVE_FORWARD
[14:35:52.069] Starting turn for Bot7
[14:35:52.069] Starting turn for Bot30
[14:35:52.069] Bot30 rotated right to face SOUTH
[14:35:52.069] Bot30 executed ROTATE_RIGHT
[14:35:52.069] Bot30 moved forward to (2,2)
[14:35:52.069] Bot30 executed MOVE_FORWARD
[14:35:52.069] Starting turn for Bot7
[14:35:52.069] Bot7 rotated right to face EAST
[14:35:52.069] Bot7 executed ROTATE_RIGHT
[14:35:52.069] Bot7 moved forward to (9,9)
[14:35:52.069] Bot7 executed MOVE_FORWARD
[14:35:52.069] Starting turn for Bot30
[14:35:52.069] Bot30 rotated left to face EAST
[14:35:52.069] Bot30 executed ROTATE_LEFT
[14:35:52.069] Bot30 moved forward to (2,3)
[14:35:52.069] Bot30 executed MOVE_FORWARD
[14:35:52.069] Starting turn for Bot7
[14:35:52.069] Bot7 rotated left to face NORTH
[14:35:52.069] Bot7 executed ROTATE_LEFT
[14:35:52.069] Bot7 rotated left to face WEST
[14:35:52.069] Bot7 executed ROTATE_LEFT
[14:35:52.069] Bot7 moved forward to (9,8)
[14:35:52.069] Bot7 executed MOVE_FORWARD
[14:35:52.069] Starting turn for Bot30
[14:35:52.069] Bot30 rotated right to face SOUTH
[14:35:52.069] Bot30 executed ROTATE_RIGHT
[14:35:52.069] Bot30 moved forward to (3,3)
[14:35:52.069] Bot30 executed MOVE_FORWARD
[14:35:52.069] Starting turn for Bot7
[14:35:52.069] Bot7 rotated right to face NORTH
[14:35:52.069] Bot7 executed ROTATE_RIGHT
[14:35:52.069] Starting turn for Bot30
[14:35:52.069] Bot30 rotated left to face EAST
[14:35:52.069] Bot30 executed ROTATE_LEFT
[14:35:52.069] Bot30 moved forward to (3,4)
[14:35:52.069] Bot30 executed MOVE_FORWARD
[14:35:52.069] Starting turn for Bot7
[14:35:52.069] Starting turn for Bot30
[14:35:52.069] Bot30 rotated right to face SOUTH
[14:35:52.069] Bot30 executed ROTATE_RIGHT
[14:35:52.069] Bot30 moved forward to (4,4)
[14:35:52.069] Bot30 executed MOVE_FORWARD
[14:35:52.069] Starting turn for Bot7
[14:35:52.069] Bot7 rotated right to face EAST
[14:35:52.069] Bot7 executed ROTATE_RIGHT
[14:35:52.069] Bot7 moved forward to (9,9)
[14:35:52.069] Bot7 executed MOVE_FORWARD
[14:35:52.069] Starting turn for Bot30
[14:35:52.069] Bot30 rotated left to face EAST
[14:35:52.069] Bot30 executed ROTATE_LEFT
[14:35:52.069] Bot30 moved forward to (4,5)
[14:35:52.069] Bot30 executed MOVE_FORWARD
[14:35:52.069] Starting turn for Bot7
[14:35:52.069] Bot7 rotated left to face NORTH
[14:35:52.069] Bot7 executed ROTATE_LEFT
[14:35:52.069] Bot7 rotated left to face WEST
[14:35:52.069] Bot7 executed ROTATE_LEFT
[14:35:52.069] Bot7 moved forward to (9,8)
[14:35:52.069] Bot7 executed MOVE_FORWARD
[14:35:52.069] Starting turn for Bot30
[14:35:52.069] Bot30 rotated right to face SOUTH
[14:35:52.069] Bot30 executed ROTATE_RIGHT
[14:35:52.069] Bot30 moved forward to (5,5)
[14:35:52.069] Bot30 executed MOVE_FORWARD
[14:35:52.069] Starting turn for Bot7
[14:35:52.069] Bot7 rotated right to face NORTH
[14:35:52.069] Bot7 executed ROTATE_RIGHT
[14:35:52.069] Starting turn for Bot30
[14:35:52.069] Starting turn for Bot7
[14:35:52.069] Starting turn for Bot30
[14:35:52.069] Starting turn for Bot7
[14:35:52.069] Bot7 rotated right to face EAST
[14:35:52.069] Bot7 executed ROTATE_RIGHT
[14:35:52.069] Bot7 moved forward to (9,9)
[14:35:52.069] Bot7 executed MOVE_FORWARD
[14:35:52.069] Starting turn for Bot30
[14:35:52.069] Starting turn for Bot7
[14:35:52.069] Bot7 rotated left to face NORTH
[14:35:52.069] Bot7 executed ROTATE_LEFT
[14:35:52.069] Bot7 rotated left to face WEST
[14:35:52.069] Bot7 executed ROTATE_LEFT
[14:35:52.069] Bot7 moved forward to (9,8)
[14:35:52.069] Bot7 executed MOVE_FORWARD
[14:35:52.069] Starting turn for Bot30
[14:35:52.069] Starting turn for Bot7
[14:35:52.069] Bot7 rotated right to face NORTH
[14:35:52.069] Bot7 executed ROTATE_RIGHT
[14:35:52.069] Starting turn for Bot30
[14:35:52.069] Starting turn for Bot7
[14:35:52.069] Starting turn for Bot30
[14:35:52.069] Starting turn for Bot7
[14:35:52.069] Bot7 rotated right to face EAST
[14:35:52.069] Bot7 executed ROTATE_RIGHT
[14:35:52.069] Bot7 moved forward to (9,9)
[14:35:52.069] Bot7 executed MOVE_FORWARD
[14:35:52.069] Starting turn for Bot30
[14:35:52.069] Starting turn for Bot7
[14:35:52.069] Bot7 rotated left to face NORTH
[14:35:52.069] Bot7 executed ROTATE_LEFT
[14:35:52.069] Bot7 rotated left to face WEST
[14:35:52.069] Bot7 executed ROTATE_LEFT
[14:35:52.069] Bot7 moved forward to (9,8)
[14:35:52.069] Bot7 executed MOVE_FORWARD
[14:35:52.069] Starting turn for Bot30
[14:35:52.069] Starting turn for Bot7
[14:35:52.069] Bot7 rotated right to face NORTH
[14:35:52.069] Bot7 executed ROTATE_RIGHT
[14:35:52.069] Starting turn for Bot30
[14:35:52.069] Starting turn for Bot7
[14:35:52.069] Starting turn for Bot30
[14:35:52.069] Starting turn for Bot7
[14:35:52.069] Stalemate detected: State repeated 10 times, unchanged for 2 turns
[14:35:52.069] Game Over! Stalemate detected!
[14:35:52.069] Stalemate detected: State repeated 10 times, unchanged for 2 turns
