[14:35:54.661] === Game Started at 2025-02-04_14-35-54 ===
[14:35:54.661] Game initialized with 2 players
[14:35:54.661] Board size: 10
[14:35:54.661] Obstacle density: 0.05
[14:35:54.661] Max turns: 1000
[14:35:54.661] Player Bot18 starting at position (0,0) facing WEST
[14:35:54.661] Player Bot9 starting at position (9,9) facing WEST
[14:35:54.661] Obstacles at positions: (1,1) (4,9) (6,9) (7,3) (8,8)
[14:35:54.661] Starting turn for Bot18
[14:35:54.662] Bot18 rotated left to face SOUTH
[14:35:54.662] Bot18 executed ROTATE_LEFT
[14:35:54.662] Bot18 rotated left to face EAST
[14:35:54.662] Bot18 executed ROTATE_LEFT
[14:35:54.662] Bot18 moved forward to (0,1)
[14:35:54.662] Bot18 executed MOVE_FORWARD
[14:35:54.662] Starting turn for Bot9
[14:35:54.662] Bot9 moved forward to (9,8)
[14:35:54.662] Bot9 executed MOVE_FORWARD
[14:35:54.662] Starting turn for Bot18
[14:35:54.662] Bot18 rotated right to face SOUTH
[14:35:54.662] Bot18 executed ROTATE_RIGHT
[14:35:54.662] Starting turn for Bot9
[14:35:54.662] Bot9 rotated right to face NORTH
[14:35:54.662] Bot9 executed ROTATE_RIGHT
[14:35:54.662] Starting turn for Bot18
[14:35:54.662] Starting turn for Bot9
[14:35:54.662] Starting turn for Bot18
[14:35:54.662] Bot18 rotated left to face EAST
[14:35:54.662] Bot18 executed ROTATE_LEFT
[14:35:54.662] Bot18 moved forward to (0,2)
[14:35:54.662] Bot18 executed MOVE_FORWARD
[14:35:54.662] Starting turn for Bot9
[14:35:54.662] Bot9 rotated right to face EAST
[14:35:54.662] Bot9 executed ROTATE_RIGHT
[14:35:54.662] Bot9 moved forward to (9,9)
[14:35:54.662] Bot9 executed MOVE_FORWARD
[14:35:54.662] Starting turn for Bot18
[14:35:54.662] Bot18 rotated right to face SOUTH
[14:35:54.662] Bot18 executed ROTATE_RIGHT
[14:35:54.662] Bot18 moved forward to (1,2)
[14:35:54.662] Bot18 executed MOVE_FORWARD
[14:35:54.662] Starting turn for Bot9
[14:35:54.662] Bot9 rotated left to face NORTH
[14:35:54.662] Bot9 executed ROTATE_LEFT
[14:35:54.662] Bot9 rotated left to face WEST
[14:35:54.662] Bot9 executed ROTATE_LEFT
[14:35:54.662] Bot9 moved forward to (9,8)
[14:35:54.662] Bot9 executed MOVE_FORWARD
[14:35:54.662] Starting turn for Bot18
[14:35:54.662] Bot18 moved forward to (2,2)
[14:35:54.662] Bot18 executed MOVE_FORWARD
[14:35:54.662] Starting turn for Bot9
[14:35:54.662] Bot9 rotated right to face NORTH
[14:35:54.662] Bot9 executed ROTATE_RIGHT
[14:35:54.662] Starting turn for Bot18
[14:35:54.662] Bot18 rotated left to face EAST
[14:35:54.662] Bot18 executed ROTATE_LEFT
[14:35:54.662] Bot18 moved forward to (2,3)
[14:35:54.662] Bot18 executed MOVE_FORWARD
[14:35:54.662] Starting turn for Bot9
[14:35:54.662] Starting turn for Bot18
[14:35:54.662] Bot18 rotated right to face SOUTH
[14:35:54.662] Bot18 executed ROTATE_RIGHT
[14:35:54.662] Bot18 moved forward to (3,3)
[14:35:54.662] Bot18 executed MOVE_FORWARD
[14:35:54.662] Starting turn for Bot9
[14:35:54.662] Bot9 rotated right to face EAST
[14:35:54.662] Bot9 executed ROTATE_RIGHT
[14:35:54.662] Bot9 moved forward to (9,9)
[14:35:54.662] Bot9 executed MOVE_FORWARD
[14:35:54.662] Starting turn for Bot18
[14:35:54.662] Bot18 rotated left to face EAST
[14:35:54.662] Bot18 executed ROTATE_LEFT
[14:35:54.662] Bot18 moved forward to (3,4)
[14:35:54.662] Bot18 executed MOVE_FORWARD
[14:35:54.662] Starting turn for Bot9
[14:35:54.662] Bot9 rotated left to face NORTH
[14:35:54.662] Bot9 executed ROTATE_LEFT
[14:35:54.662] Bot9 rotated left to face WEST
[14:35:54.662] Bot9 executed ROTATE_LEFT
[14:35:54.662] Bot9 moved forward to (9,8)
[14:35:54.662] Bot9 executed MOVE_FORWARD
[14:35:54.662] Starting turn for Bot18
[14:35:54.662] Bot18 rotated right to face SOUTH
[14:35:54.662] Bot18 executed ROTATE_RIGHT
[14:35:54.662] Bot18 moved forward to (4,4)
[14:35:54.662] Bot18 executed MOVE_FORWARD
[14:35:54.662] Starting turn for Bot9
[14:35:54.662] Bot9 rotated right to face NORTH
[14:35:54.662] Bot9 executed ROTATE_RIGHT
[14:35:54.662] Starting turn for Bot18
[14:35:54.662] Bot18 rotated left to face EAST
[14:35:54.662] Bot18 executed ROTATE_LEFT
[14:35:54.662] Bot18 moved forward to (4,5)
[14:35:54.662] Bot18 executed MOVE_FORWARD
[14:35:54.662] Starting turn for Bot9
[14:35:54.662] Starting turn for Bot18
[14:35:54.662] Bot18 rotated right to face SOUTH
[14:35:54.662] Bot18 executed ROTATE_RIGHT
[14:35:54.662] Bot18 moved forward to (5,5)
[14:35:54.662] Bot18 executed MOVE_FORWARD
[14:35:54.662] Starting turn for Bot9
[14:35:54.662] Bot9 rotated right to face EAST
[14:35:54.662] Bot9 executed ROTATE_RIGHT
[14:35:54.662] Bot9 moved forward to (9,9)
[14:35:54.662] Bot9 executed MOVE_FORWARD
[14:35:54.662] Starting turn for Bot18
[14:35:54.662] Starting turn for Bot9
[14:35:54.662] Bot9 rotated left to face NORTH
[14:35:54.662] Bot9 executed ROTATE_LEFT
[14:35:54.662] Bot9 rotated left to face WEST
[14:35:54.662] Bot9 executed ROTATE_LEFT
[14:35:54.662] Bot9 moved forward to (9,8)
[14:35:54.662] Bot9 executed MOVE_FORWARD
[14:35:54.662] Starting turn for Bot18
[14:35:54.662] Starting turn for Bot9
[14:35:54.662] Bot9 rotated right to face NORTH
[14:35:54.662] Bot9 executed ROTATE_RIGHT
[14:35:54.662] Starting turn for Bot18
[14:35:54.662] Starting turn for Bot9
[14:35:54.662] Starting turn for Bot18
[14:35:54.662] Starting turn for Bot9
[14:35:54.662] Bot9 rotated right to face EAST
[14:35:54.662] Bot9 executed ROTATE_RIGHT
[14:35:54.662] Bot9 moved forward to (9,9)
[14:35:54.662] Bot9 executed MOVE_FORWARD
[14:35:54.662] Starting turn for Bot18
[14:35:54.662] Starting turn for Bot9
[14:35:54.662] Bot9 rotated left to face NORTH
[14:35:54.662] Bot9 executed ROTATE_LEFT
[14:35:54.662] Bot9 rotated left to face WEST
[14:35:54.662] Bot9 executed ROTATE_LEFT
[14:35:54.662] Bot9 moved forward to (9,8)
[14:35:54.662] Bot9 executed MOVE_FORWARD
[14:35:54.662] Starting turn for Bot18
[14:35:54.662] Starting turn for Bot9
[14:35:54.662] Bot9 rotated right to face NORTH
[14:35:54.662] Bot9 executed ROTATE_RIGHT
[14:35:54.662] Starting turn for Bot18
[14:35:54.662] Starting turn for Bot9
[14:35:54.662] Starting turn for Bot18
[14:35:54.662] Starting turn for Bot9
[14:35:54.662] Bot9 rotated right to face EAST
[14:35:54.662] Bot9 executed ROTATE_RIGHT
[14:35:54.662] Bot9 moved forward to (9,9)
[14:35:54.662] Bot9 executed MOVE_FORWARD
[14:35:54.662] Starting turn for Bot18
[14:35:54.662] Starting turn for Bot9
[14:35:54.662] Bot9 rotated left to face NORTH
[14:35:54.662] Bot9 executed ROTATE_LEFT
[14:35:54.662] Bot9 rotated left to face WEST
[14:35:54.662] Bot9 executed ROTATE_LEFT
[14:35:54.662] Bot9 moved forward to (9,8)
[14:35:54.662] Bot9 executed MOVE_FORWARD
[14:35:54.662] Starting turn for Bot18
[14:35:54.662] Starting turn for Bot9
[14:35:54.662] Bot9 rotated right to face NORTH
[14:35:54.662] Bot9 executed ROTATE_RIGHT
[14:35:54.662] Starting turn for Bot18
[14:35:54.662] Stalemate detected: State repeated 10 times, unchanged for 1 turns
[14:35:54.662] Game Over! Stalemate detected!
[14:35:54.662] Stalemate detected: State repeated 10 times, unchanged for 1 turns
