[14:36:14.282] === Game Started at 2025-02-04_14-36-14 ===
[14:36:14.282] Game initialized with 2 players
[14:36:14.282] Board size: 10
[14:36:14.282] Obstacle density: 0.05
[14:36:14.282] Max turns: 1000
[14:36:14.282] Player Bot38 starting at position (0,0) facing NORTH
[14:36:14.282] Player Bot30 starting at position (9,9) facing SOUTH
[14:36:14.282] Obstacles at positions: (1,2) (1,5) (4,4) (7,3) (8,4)
[14:36:14.282] Starting turn for Bot38
[14:36:14.282] Bot38 rotated right to face EAST
[14:36:14.282] Bot38 executed ROTATE_RIGHT
[14:36:14.282] Bot38 moved forward to (0,1)
[14:36:14.282] Bot38 executed MOVE_FORWARD
[14:36:14.282] Starting turn for Bot30
[14:36:14.282] Bot30 rotated right to face WEST
[14:36:14.282] Bot30 executed ROTATE_RIGHT
[14:36:14.282] Bot30 moved forward to (9,8)
[14:36:14.282] Bot30 executed MOVE_FORWARD
[14:36:14.282] Starting turn for Bot38
[14:36:14.282] Bot38 rotated right to face SOUTH
[14:36:14.282] Bot38 executed ROTATE_RIGHT
[14:36:14.282] Bot38 moved forward to (1,1)
[14:36:14.282] Bot38 executed MOVE_FORWARD
[14:36:14.282] Starting turn for Bot30
[14:36:14.282] Bot30 rotated right to face NORTH
[14:36:14.282] Bot30 executed ROTATE_RIGHT
[14:36:14.282] Bot30 moved forward to (8,8)
[14:36:14.282] Bot30 executed MOVE_FORWARD
[14:36:14.282] Starting turn for Bot38
[14:36:14.282] Bot38 rotated left to face EAST
[14:36:14.282] Bot38 executed ROTATE_LEFT
[14:36:14.282] Starting turn for Bot30
[14:36:14.282] Bot30 rotated left to face WEST
[14:36:14.282] Bot30 executed ROTATE_LEFT
[14:36:14.282] Bot30 moved forward to (8,7)
[14:36:14.282] Bot30 executed MOVE_FORWARD
[14:36:14.282] Starting turn for Bot38
[14:36:14.282] Starting turn for Bot30
[14:36:14.282] Bot30 rotated right to face NORTH
[14:36:14.282] Bot30 executed ROTATE_RIGHT
[14:36:14.282] Bot30 moved forward to (7,7)
[14:36:14.282] Bot30 executed MOVE_FORWARD
[14:36:14.282] Starting turn for Bot38
[14:36:14.282] Bot38 rotated left to face NORTH
[14:36:14.282] Bot38 executed ROTATE_LEFT
[14:36:14.282] Bot38 moved forward to (0,1)
[14:36:14.282] Bot38 executed MOVE_FORWARD
[14:36:14.282] Starting turn for Bot30
[14:36:14.282] Bot30 rotated left to face WEST
[14:36:14.282] Bot30 executed ROTATE_LEFT
[14:36:14.282] Bot30 moved forward to (7,6)
[14:36:14.282] Bot30 executed MOVE_FORWARD
[14:36:14.282] Starting turn for Bot38
[14:36:14.282] Bot38 rotated left to face WEST
[14:36:14.282] Bot38 executed ROTATE_LEFT
[14:36:14.282] Bot38 rotated left to face SOUTH
[14:36:14.282] Bot38 executed ROTATE_LEFT
[14:36:14.282] Bot38 moved forward to (1,1)
[14:36:14.282] Bot38 executed MOVE_FORWARD
[14:36:14.282] Starting turn for Bot30
[14:36:14.282] Bot30 rotated right to face NORTH
[14:36:14.282] Bot30 executed ROTATE_RIGHT
[14:36:14.282] Bot30 moved forward to (6,6)
[14:36:14.282] Bot30 executed MOVE_FORWARD
[14:36:14.282] Starting turn for Bot38
[14:36:14.282] Bot38 rotated left to face EAST
[14:36:14.282] Bot38 executed ROTATE_LEFT
[14:36:14.282] Starting turn for Bot30
[14:36:14.282] Bot30 rotated left to face WEST
[14:36:14.282] Bot30 executed ROTATE_LEFT
[14:36:14.282] Bot30 moved forward to (6,5)
[14:36:14.282] Bot30 executed MOVE_FORWARD
[14:36:14.282] Starting turn for Bot38
[14:36:14.282] Starting turn for Bot30
[14:36:14.282] Bot30 rotated right to face NORTH
[14:36:14.282] Bot30 executed ROTATE_RIGHT
[14:36:14.282] Bot30 moved forward to (5,5)
[14:36:14.282] Bot30 executed MOVE_FORWARD
[14:36:14.282] Starting turn for Bot38
[14:36:14.282] Bot38 rotated left to face NORTH
[14:36:14.282] Bot38 executed ROTATE_LEFT
[14:36:14.282] Bot38 moved forward to (0,1)
[14:36:14.282] Bot38 executed MOVE_FORWARD
[14:36:14.282] Starting turn for Bot30
[14:36:14.282] Starting turn for Bot38
[14:36:14.282] Bot38 rotated left to face WEST
[14:36:14.282] Bot38 executed ROTATE_LEFT
[14:36:14.282] Bot38 rotated left to face SOUTH
[14:36:14.282] Bot38 executed ROTATE_LEFT
[14:36:14.282] Bot38 moved forward to (1,1)
[14:36:14.282] Bot38 executed MOVE_FORWARD
[14:36:14.282] Starting turn for Bot30
[14:36:14.282] Starting turn for Bot38
[14:36:14.282] Bot38 rotated left to face EAST
[14:36:14.282] Bot38 executed ROTATE_LEFT
[14:36:14.282] Starting turn for Bot30
[14:36:14.282] Starting turn for Bot38
[14:36:14.282] Starting turn for Bot30
[14:36:14.282] Starting turn for Bot38
[14:36:14.282] Bot38 rotated left to face NORTH
[14:36:14.282] Bot38 executed ROTATE_LEFT
[14:36:14.282] Bot38 moved forward to (0,1)
[14:36:14.282] Bot38 executed MOVE_FORWARD
[14:36:14.282] Starting turn for Bot30
[14:36:14.282] Starting turn for Bot38
[14:36:14.282] Bot38 rotated left to face WEST
[14:36:14.282] Bot38 executed ROTATE_LEFT
[14:36:14.282] Bot38 rotated left to face SOUTH
[14:36:14.282] Bot38 executed ROTATE_LEFT
[14:36:14.282] Bot38 moved forward to (1,1)
[14:36:14.282] Bot38 executed MOVE_FORWARD
[14:36:14.282] Starting turn for Bot30
[14:36:14.282] Starting turn for Bot38
[14:36:14.282] Bot38 rotated left to face EAST
[14:36:14.282] Bot38 executed ROTATE_LEFT
[14:36:14.282] Starting turn for Bot30
[14:36:14.282] Starting turn for Bot38
[14:36:14.282] Starting turn for Bot30
[14:36:14.282] Starting turn for Bot38
[14:36:14.282] Bot38 rotated left to face NORTH
[14:36:14.282] Bot38 executed ROTATE_LEFT
[14:36:14.282] Bot38 moved forward to (0,1)
[14:36:14.282] Bot38 executed MOVE_FORWARD
[14:36:14.282] Starting turn for Bot30
[14:36:14.282] Starting turn for Bot38
[14:36:14.282] Bot38 rotated left to face WEST
[14:36:14.282] Bot38 executed ROTATE_LEFT
[14:36:14.282] Bot38 rotated left to face SOUTH
[14:36:14.282] Bot38 executed ROTATE_LEFT
[14:36:14.282] Bot38 moved forward to (1,1)
[14:36:14.282] Bot38 executed MOVE_FORWARD
[14:36:14.282] Starting turn for Bot30
[14:36:14.282] Starting turn for Bot38
[14:36:14.282] Bot38 rotated left to face EAST
[14:36:14.282] Bot38 executed ROTATE_LEFT
[14:36:14.282] Starting turn for Bot30
[14:36:14.282] Starting turn for Bot38
[14:36:14.282] Starting turn for Bot30
[14:36:14.282] Stalemate detected: State repeated 10 times, unchanged for 3 turns
[14:36:14.282] Game Over! Stalemate detected!
[14:36:14.282] Stalemate detected: State repeated 10 times, unchanged for 3 turns
