[14:36:00.614] === Game Started at 2025-02-04_14-36-00 ===
[14:36:00.614] Game initialized with 2 players
[14:36:00.614] Board size: 10
[14:36:00.614] Obstacle density: 0.05
[14:36:00.614] Max turns: 1000
[14:36:00.614] Player Bot14 starting at position (0,0) facing NORTH
[14:36:00.614] Player Bot17 starting at position (9,9) facing NORTH
[14:36:00.614] Obstacles at positions: (0,4) (4,7) (6,6) (7,7) (8,9)
[14:36:00.614] Starting turn for Bot14
[14:36:00.614] Bot14 rotated right to face EAST
[14:36:00.614] Bot14 executed ROTATE_RIGHT
[14:36:00.614] Bot14 moved forward to (0,1)
[14:36:00.614] Bot14 executed MOVE_FORWARD
[14:36:00.614] Starting turn for Bot17
[14:36:00.614] Bot17 rotated left to face WEST
[14:36:00.614] Bot17 executed ROTATE_LEFT
[14:36:00.614] Bot17 moved forward to (9,8)
[14:36:00.614] Bot17 executed MOVE_FORWARD
[14:36:00.614] Starting turn for Bot14
[14:36:00.614] Bot14 rotated right to face SOUTH
[14:36:00.614] Bot14 executed ROTATE_RIGHT
[14:36:00.614] Bot14 moved forward to (1,1)
[14:36:00.614] Bot14 executed MOVE_FORWARD
[14:36:00.614] Starting turn for Bot17
[14:36:00.614] Bot17 rotated right to face NORTH
[14:36:00.614] Bot17 executed ROTATE_RIGHT
[14:36:00.614] Bot17 moved forward to (8,8)
[14:36:00.614] Bot17 executed MOVE_FORWARD
[14:36:00.614] Starting turn for Bot14
[14:36:00.614] Bot14 rotated left to face EAST
[14:36:00.614] Bot14 executed ROTATE_LEFT
[14:36:00.614] Bot14 moved forward to (1,2)
[14:36:00.614] Bot14 executed MOVE_FORWARD
[14:36:00.614] Starting turn for Bot17
[14:36:00.614] Bot17 rotated left to face WEST
[14:36:00.614] Bot17 executed ROTATE_LEFT
[14:36:00.614] Bot17 moved forward to (8,7)
[14:36:00.614] Bot17 executed MOVE_FORWARD
[14:36:00.614] Starting turn for Bot14
[14:36:00.614] Bot14 rotated right to face SOUTH
[14:36:00.614] Bot14 executed ROTATE_RIGHT
[14:36:00.614] Bot14 moved forward to (2,2)
[14:36:00.614] Bot14 executed MOVE_FORWARD
[14:36:00.614] Starting turn for Bot17
[14:36:00.614] Bot17 rotated right to face NORTH
[14:36:00.614] Bot17 executed ROTATE_RIGHT
[14:36:00.614] Starting turn for Bot14
[14:36:00.614] Bot14 rotated left to face EAST
[14:36:00.614] Bot14 executed ROTATE_LEFT
[14:36:00.614] Bot14 moved forward to (2,3)
[14:36:00.614] Bot14 executed MOVE_FORWARD
[14:36:00.614] Starting turn for Bot17
[14:36:00.614] Starting turn for Bot14
[14:36:00.614] Bot14 rotated right to face SOUTH
[14:36:00.614] Bot14 executed ROTATE_RIGHT
[14:36:00.614] Bot14 moved forward to (3,3)
[14:36:00.614] Bot14 executed MOVE_FORWARD
[14:36:00.614] Starting turn for Bot17
[14:36:00.614] Bot17 rotated right to face EAST
[14:36:00.614] Bot17 executed ROTATE_RIGHT
[14:36:00.614] Bot17 moved forward to (8,8)
[14:36:00.614] Bot17 executed MOVE_FORWARD
[14:36:00.615] Starting turn for Bot14
[14:36:00.615] Bot14 rotated left to face EAST
[14:36:00.615] Bot14 executed ROTATE_LEFT
[14:36:00.615] Bot14 moved forward to (3,4)
[14:36:00.615] Bot14 executed MOVE_FORWARD
[14:36:00.615] Starting turn for Bot17
[14:36:00.615] Bot17 rotated left to face NORTH
[14:36:00.615] Bot17 executed ROTATE_LEFT
[14:36:00.615] Bot17 rotated left to face WEST
[14:36:00.615] Bot17 executed ROTATE_LEFT
[14:36:00.615] Bot17 moved forward to (8,7)
[14:36:00.615] Bot17 executed MOVE_FORWARD
[14:36:00.615] Starting turn for Bot14
[14:36:00.615] Bot14 rotated right to face SOUTH
[14:36:00.615] Bot14 executed ROTATE_RIGHT
[14:36:00.615] Bot14 moved forward to (4,4)
[14:36:00.615] Bot14 executed MOVE_FORWARD
[14:36:00.615] Starting turn for Bot17
[14:36:00.615] Bot17 rotated right to face NORTH
[14:36:00.615] Bot17 executed ROTATE_RIGHT
[14:36:00.615] Starting turn for Bot14
[14:36:00.615] Bot14 rotated left to face EAST
[14:36:00.615] Bot14 executed ROTATE_LEFT
[14:36:00.615] Bot14 moved forward to (4,5)
[14:36:00.615] Bot14 executed MOVE_FORWARD
[14:36:00.615] Starting turn for Bot17
[14:36:00.615] Starting turn for Bot14
[14:36:00.615] Bot14 rotated right to face SOUTH
[14:36:00.615] Bot14 executed ROTATE_RIGHT
[14:36:00.615] Bot14 moved forward to (5,5)
[14:36:00.615] Bot14 executed MOVE_FORWARD
[14:36:00.615] Starting turn for Bot17
[14:36:00.615] Bot17 rotated right to face EAST
[14:36:00.615] Bot17 executed ROTATE_RIGHT
[14:36:00.615] Bot17 moved forward to (8,8)
[14:36:00.615] Bot17 executed MOVE_FORWARD
[14:36:00.615] Starting turn for Bot14
[14:36:00.615] Starting turn for Bot17
[14:36:00.615] Bot17 rotated left to face NORTH
[14:36:00.615] Bot17 executed ROTATE_LEFT
[14:36:00.615] Bot17 rotated left to face WEST
[14:36:00.615] Bot17 executed ROTATE_LEFT
[14:36:00.615] Bot17 moved forward to (8,7)
[14:36:00.615] Bot17 executed MOVE_FORWARD
[14:36:00.615] Starting turn for Bot14
[14:36:00.615] Starting turn for Bot17
[14:36:00.615] Bot17 rotated right to face NORTH
[14:36:00.615] Bot17 executed ROTATE_RIGHT
[14:36:00.615] Starting turn for Bot14
[14:36:00.615] Starting turn for Bot17
[14:36:00.615] Starting turn for Bot14
[14:36:00.615] Starting turn for Bot17
[14:36:00.615] Bot17 rotated right to face EAST
[14:36:00.615] Bot17 executed ROTATE_RIGHT
[14:36:00.615] Bot17 moved forward to (8,8)
[14:36:00.615] Bot17 executed MOVE_FORWARD
[14:36:00.615] Starting turn for Bot14
[14:36:00.615] Starting turn for Bot17
[14:36:00.615] Bot17 rotated left to face NORTH
[14:36:00.615] Bot17 executed ROTATE_LEFT
[14:36:00.615] Bot17 rotated left to face WEST
[14:36:00.615] Bot17 executed ROTATE_LEFT
[14:36:00.615] Bot17 moved forward to (8,7)
[14:36:00.615] Bot17 executed MOVE_FORWARD
[14:36:00.615] Starting turn for Bot14
[14:36:00.615] Starting turn for Bot17
[14:36:00.615] Bot17 rotated right to face NORTH
[14:36:00.615] Bot17 executed ROTATE_RIGHT
[14:36:00.615] Starting turn for Bot14
[14:36:00.615] Starting turn for Bot17
[14:36:00.615] Starting turn for Bot14
[14:36:00.615] Starting turn for Bot17
[14:36:00.615] Bot17 rotated right to face EAST
[14:36:00.615] Bot17 executed ROTATE_RIGHT
[14:36:00.615] Bot17 moved forward to (8,8)
[14:36:00.615] Bot17 executed MOVE_FORWARD
[14:36:00.615] Starting turn for Bot14
[14:36:00.615] Starting turn for Bot17
[14:36:00.615] Bot17 rotated left to face NORTH
[14:36:00.615] Bot17 executed ROTATE_LEFT
[14:36:00.615] Bot17 rotated left to face WEST
[14:36:00.615] Bot17 executed ROTATE_LEFT
[14:36:00.615] Bot17 moved forward to (8,7)
[14:36:00.615] Bot17 executed MOVE_FORWARD
[14:36:00.615] Starting turn for Bot14
[14:36:00.615] Starting turn for Bot17
[14:36:00.615] Bot17 rotated right to face NORTH
[14:36:00.615] Bot17 executed ROTATE_RIGHT
[14:36:00.615] Starting turn for Bot14
[14:36:00.615] Stalemate detected: State repeated 10 times, unchanged for 1 turns
[14:36:00.615] Game Over! Stalemate detected!
[14:36:00.615] Stalemate detected: State repeated 10 times, unchanged for 1 turns
