[14:35:52.254] === Game Started at 2025-02-04_14-35-52 ===
[14:35:52.254] Game initialized with 2 players
[14:35:52.254] Board size: 10
[14:35:52.254] Obstacle density: 0.05
[14:35:52.254] Max turns: 1000
[14:35:52.254] Player Bot7 starting at position (0,0) facing SOUTH
[14:35:52.254] Player Bot35 starting at position (9,9) facing SOUTH
[14:35:52.254] Obstacles at positions: (1,2) (1,9) (5,1) (6,7) (8,5)
[14:35:52.254] Starting turn for Bot7
[14:35:52.254] Bot7 rotated left to face EAST
[14:35:52.254] Bot7 executed ROTATE_LEFT
[14:35:52.254] Bot7 moved forward to (0,1)
[14:35:52.254] Bot7 executed MOVE_FORWARD
[14:35:52.254] Starting turn for Bot35
[14:35:52.254] Bot35 rotated right to face WEST
[14:35:52.254] Bot35 executed ROTATE_RIGHT
[14:35:52.254] Bot35 moved forward to (9,8)
[14:35:52.254] Bot35 executed MOVE_FORWARD
[14:35:52.254] Starting turn for Bot7
[14:35:52.254] Bot7 rotated right to face SOUTH
[14:35:52.254] Bot7 executed ROTATE_RIGHT
[14:35:52.254] Bot7 moved forward to (1,1)
[14:35:52.254] Bot7 executed MOVE_FORWARD
[14:35:52.254] Starting turn for Bot35
[14:35:52.254] Bot35 rotated right to face NORTH
[14:35:52.254] Bot35 executed ROTATE_RIGHT
[14:35:52.254] Bot35 moved forward to (8,8)
[14:35:52.254] Bot35 executed MOVE_FORWARD
[14:35:52.254] Starting turn for Bot7
[14:35:52.254] Bot7 rotated left to face EAST
[14:35:52.254] Bot7 executed ROTATE_LEFT
[14:35:52.254] Starting turn for Bot35
[14:35:52.254] Bot35 rotated left to face WEST
[14:35:52.254] Bot35 executed ROTATE_LEFT
[14:35:52.254] Bot35 moved forward to (8,7)
[14:35:52.254] Bot35 executed MOVE_FORWARD
[14:35:52.254] Starting turn for Bot7
[14:35:52.254] Starting turn for Bot35
[14:35:52.254] Bot35 rotated right to face NORTH
[14:35:52.254] Bot35 executed ROTATE_RIGHT
[14:35:52.254] Bot35 moved forward to (7,7)
[14:35:52.254] Bot35 executed MOVE_FORWARD
[14:35:52.254] Starting turn for Bot7
[14:35:52.254] Bot7 rotated left to face NORTH
[14:35:52.254] Bot7 executed ROTATE_LEFT
[14:35:52.254] Bot7 moved forward to (0,1)
[14:35:52.254] Bot7 executed MOVE_FORWARD
[14:35:52.254] Starting turn for Bot35
[14:35:52.254] Bot35 rotated left to face WEST
[14:35:52.254] Bot35 executed ROTATE_LEFT
[14:35:52.254] Bot35 moved forward to (7,6)
[14:35:52.254] Bot35 executed MOVE_FORWARD
[14:35:52.254] Starting turn for Bot7
[14:35:52.254] Bot7 rotated left to face WEST
[14:35:52.254] Bot7 executed ROTATE_LEFT
[14:35:52.254] Bot7 rotated left to face SOUTH
[14:35:52.254] Bot7 executed ROTATE_LEFT
[14:35:52.254] Bot7 moved forward to (1,1)
[14:35:52.254] Bot7 executed MOVE_FORWARD
[14:35:52.254] Starting turn for Bot35
[14:35:52.254] Bot35 rotated right to face NORTH
[14:35:52.254] Bot35 executed ROTATE_RIGHT
[14:35:52.254] Bot35 moved forward to (6,6)
[14:35:52.254] Bot35 executed MOVE_FORWARD
[14:35:52.254] Starting turn for Bot7
[14:35:52.254] Bot7 rotated left to face EAST
[14:35:52.254] Bot7 executed ROTATE_LEFT
[14:35:52.254] Starting turn for Bot35
[14:35:52.254] Bot35 rotated left to face WEST
[14:35:52.254] Bot35 executed ROTATE_LEFT
[14:35:52.254] Bot35 moved forward to (6,5)
[14:35:52.254] Bot35 executed MOVE_FORWARD
[14:35:52.254] Starting turn for Bot7
[14:35:52.254] Starting turn for Bot35
[14:35:52.254] Bot35 rotated right to face NORTH
[14:35:52.254] Bot35 executed ROTATE_RIGHT
[14:35:52.254] Bot35 moved forward to (5,5)
[14:35:52.254] Bot35 executed MOVE_FORWARD
[14:35:52.254] Starting turn for Bot7
[14:35:52.254] Bot7 rotated left to face NORTH
[14:35:52.254] Bot7 executed ROTATE_LEFT
[14:35:52.254] Bot7 moved forward to (0,1)
[14:35:52.254] Bot7 executed MOVE_FORWARD
[14:35:52.254] Starting turn for Bot35
[14:35:52.254] Starting turn for Bot7
[14:35:52.254] Bot7 rotated left to face WEST
[14:35:52.254] Bot7 executed ROTATE_LEFT
[14:35:52.254] Bot7 rotated left to face SOUTH
[14:35:52.254] Bot7 executed ROTATE_LEFT
[14:35:52.254] Bot7 moved forward to (1,1)
[14:35:52.254] Bot7 executed MOVE_FORWARD
[14:35:52.254] Starting turn for Bot35
[14:35:52.254] Starting turn for Bot7
[14:35:52.254] Bot7 rotated left to face EAST
[14:35:52.254] Bot7 executed ROTATE_LEFT
[14:35:52.254] Starting turn for Bot35
[14:35:52.254] Starting turn for Bot7
[14:35:52.254] Starting turn for Bot35
[14:35:52.254] Starting turn for Bot7
[14:35:52.254] Bot7 rotated left to face NORTH
[14:35:52.254] Bot7 executed ROTATE_LEFT
[14:35:52.254] Bot7 moved forward to (0,1)
[14:35:52.254] Bot7 executed MOVE_FORWARD
[14:35:52.254] Starting turn for Bot35
[14:35:52.254] Starting turn for Bot7
[14:35:52.254] Bot7 rotated left to face WEST
[14:35:52.254] Bot7 executed ROTATE_LEFT
[14:35:52.254] Bot7 rotated left to face SOUTH
[14:35:52.254] Bot7 executed ROTATE_LEFT
[14:35:52.254] Bot7 moved forward to (1,1)
[14:35:52.254] Bot7 executed MOVE_FORWARD
[14:35:52.254] Starting turn for Bot35
[14:35:52.254] Starting turn for Bot7
[14:35:52.254] Bot7 rotated left to face EAST
[14:35:52.254] Bot7 executed ROTATE_LEFT
[14:35:52.254] Starting turn for Bot35
[14:35:52.254] Starting turn for Bot7
[14:35:52.254] Starting turn for Bot35
[14:35:52.254] Starting turn for Bot7
[14:35:52.254] Bot7 rotated left to face NORTH
[14:35:52.254] Bot7 executed ROTATE_LEFT
[14:35:52.254] Bot7 moved forward to (0,1)
[14:35:52.254] Bot7 executed MOVE_FORWARD
[14:35:52.254] Starting turn for Bot35
[14:35:52.254] Starting turn for Bot7
[14:35:52.254] Bot7 rotated left to face WEST
[14:35:52.254] Bot7 executed ROTATE_LEFT
[14:35:52.254] Bot7 rotated left to face SOUTH
[14:35:52.254] Bot7 executed ROTATE_LEFT
[14:35:52.254] Bot7 moved forward to (1,1)
[14:35:52.254] Bot7 executed MOVE_FORWARD
[14:35:52.254] Starting turn for Bot35
[14:35:52.254] Starting turn for Bot7
[14:35:52.254] Bot7 rotated left to face EAST
[14:35:52.254] Bot7 executed ROTATE_LEFT
[14:35:52.254] Starting turn for Bot35
[14:35:52.254] Starting turn for Bot7
[14:35:52.254] Starting turn for Bot35
[14:35:52.254] Stalemate detected: State repeated 10 times, unchanged for 3 turns
[14:35:52.254] Game Over! Stalemate detected!
[14:35:52.254] Stalemate detected: State repeated 10 times, unchanged for 3 turns
