[14:36:09.199] === Game Started at 2025-02-04_14-36-09 ===
[14:36:09.199] Game initialized with 2 players
[14:36:09.199] Board size: 10
[14:36:09.199] Obstacle density: 0.05
[14:36:09.200] Max turns: 1000
[14:36:09.200] Player Bot22 starting at position (0,0) facing WEST
[14:36:09.200] Player Bot35 starting at position (9,9) facing SOUTH
[14:36:09.200] Obstacles at positions: (1,2) (2,3) (7,3) (7,7) (9,6)
[14:36:09.200] Starting turn for Bot22
[14:36:09.200] Bot22 rotated left to face SOUTH
[14:36:09.200] Bot22 executed ROTATE_LEFT
[14:36:09.200] Bot22 rotated left to face EAST
[14:36:09.200] Bot22 executed ROTATE_LEFT
[14:36:09.200] Bot22 moved forward to (0,1)
[14:36:09.200] Bot22 executed MOVE_FORWARD
[14:36:09.200] Starting turn for Bot35
[14:36:09.200] Bot35 rotated right to face WEST
[14:36:09.200] Bot35 executed ROTATE_RIGHT
[14:36:09.200] Bot35 moved forward to (9,8)
[14:36:09.200] Bot35 executed MOVE_FORWARD
[14:36:09.200] Starting turn for Bot22
[14:36:09.200] Bot22 rotated right to face SOUTH
[14:36:09.200] Bot22 executed ROTATE_RIGHT
[14:36:09.200] Bot22 moved forward to (1,1)
[14:36:09.200] Bot22 executed MOVE_FORWARD
[14:36:09.200] Starting turn for Bot35
[14:36:09.200] Bot35 rotated right to face NORTH
[14:36:09.200] Bot35 executed ROTATE_RIGHT
[14:36:09.200] Bot35 moved forward to (8,8)
[14:36:09.200] Bot35 executed MOVE_FORWARD
[14:36:09.200] Starting turn for Bot22
[14:36:09.200] Bot22 rotated left to face EAST
[14:36:09.200] Bot22 executed ROTATE_LEFT
[14:36:09.200] Starting turn for Bot35
[14:36:09.200] Bot35 rotated left to face WEST
[14:36:09.200] Bot35 executed ROTATE_LEFT
[14:36:09.200] Bot35 moved forward to (8,7)
[14:36:09.200] Bot35 executed MOVE_FORWARD
[14:36:09.200] Starting turn for Bot22
[14:36:09.200] Starting turn for Bot35
[14:36:09.200] Bot35 rotated right to face NORTH
[14:36:09.200] Bot35 executed ROTATE_RIGHT
[14:36:09.200] Starting turn for Bot22
[14:36:09.200] Bot22 rotated left to face NORTH
[14:36:09.200] Bot22 executed ROTATE_LEFT
[14:36:09.200] Bot22 moved forward to (0,1)
[14:36:09.200] Bot22 executed MOVE_FORWARD
[14:36:09.200] Starting turn for Bot35
[14:36:09.200] Starting turn for Bot22
[14:36:09.200] Bot22 rotated left to face WEST
[14:36:09.200] Bot22 executed ROTATE_LEFT
[14:36:09.200] Bot22 rotated left to face SOUTH
[14:36:09.200] Bot22 executed ROTATE_LEFT
[14:36:09.200] Bot22 moved forward to (1,1)
[14:36:09.200] Bot22 executed MOVE_FORWARD
[14:36:09.200] Starting turn for Bot35
[14:36:09.200] Bot35 rotated right to face EAST
[14:36:09.200] Bot35 executed ROTATE_RIGHT
[14:36:09.200] Bot35 moved forward to (8,8)
[14:36:09.200] Bot35 executed MOVE_FORWARD
[14:36:09.200] Starting turn for Bot22
[14:36:09.200] Bot22 rotated left to face EAST
[14:36:09.200] Bot22 executed ROTATE_LEFT
[14:36:09.200] Starting turn for Bot35
[14:36:09.200] Bot35 rotated left to face NORTH
[14:36:09.200] Bot35 executed ROTATE_LEFT
[14:36:09.200] Bot35 rotated left to face WEST
[14:36:09.200] Bot35 executed ROTATE_LEFT
[14:36:09.200] Bot35 moved forward to (8,7)
[14:36:09.200] Bot35 executed MOVE_FORWARD
[14:36:09.200] Starting turn for Bot22
[14:36:09.200] Starting turn for Bot35
[14:36:09.200] Bot35 rotated right to face NORTH
[14:36:09.200] Bot35 executed ROTATE_RIGHT
[14:36:09.200] Starting turn for Bot22
[14:36:09.200] Bot22 rotated left to face NORTH
[14:36:09.200] Bot22 executed ROTATE_LEFT
[14:36:09.200] Bot22 moved forward to (0,1)
[14:36:09.200] Bot22 executed MOVE_FORWARD
[14:36:09.200] Starting turn for Bot35
[14:36:09.200] Starting turn for Bot22
[14:36:09.200] Bot22 rotated left to face WEST
[14:36:09.200] Bot22 executed ROTATE_LEFT
[14:36:09.200] Bot22 rotated left to face SOUTH
[14:36:09.200] Bot22 executed ROTATE_LEFT
[14:36:09.200] Bot22 moved forward to (1,1)
[14:36:09.200] Bot22 executed MOVE_FORWARD
[14:36:09.200] Starting turn for Bot35
[14:36:09.200] Bot35 rotated right to face EAST
[14:36:09.200] Bot35 executed ROTATE_RIGHT
[14:36:09.200] Bot35 moved forward to (8,8)
[14:36:09.200] Bot35 executed MOVE_FORWARD
[14:36:09.200] Starting turn for Bot22
[14:36:09.200] Bot22 rotated left to face EAST
[14:36:09.200] Bot22 executed ROTATE_LEFT
[14:36:09.200] Starting turn for Bot35
[14:36:09.200] Bot35 rotated left to face NORTH
[14:36:09.200] Bot35 executed ROTATE_LEFT
[14:36:09.200] Bot35 rotated left to face WEST
[14:36:09.200] Bot35 executed ROTATE_LEFT
[14:36:09.200] Bot35 moved forward to (8,7)
[14:36:09.200] Bot35 executed MOVE_FORWARD
[14:36:09.200] Starting turn for Bot22
[14:36:09.200] Starting turn for Bot35
[14:36:09.200] Bot35 rotated right to face NORTH
[14:36:09.200] Bot35 executed ROTATE_RIGHT
[14:36:09.200] Starting turn for Bot22
[14:36:09.200] Bot22 rotated left to face NORTH
[14:36:09.200] Bot22 executed ROTATE_LEFT
[14:36:09.200] Bot22 moved forward to (0,1)
[14:36:09.200] Bot22 executed MOVE_FORWARD
[14:36:09.200] Starting turn for Bot35
[14:36:09.200] Starting turn for Bot22
[14:36:09.200] Bot22 rotated left to face WEST
[14:36:09.200] Bot22 executed ROTATE_LEFT
[14:36:09.200] Bot22 rotated left to face SOUTH
[14:36:09.200] Bot22 executed ROTATE_LEFT
[14:36:09.200] Bot22 moved forward to (1,1)
[14:36:09.200] Bot22 executed MOVE_FORWARD
[14:36:09.200] Starting turn for Bot35
[14:36:09.200] Bot35 rotated right to face EAST
[14:36:09.200] Bot35 executed ROTATE_RIGHT
[14:36:09.200] Bot35 moved forward to (8,8)
[14:36:09.200] Bot35 executed MOVE_FORWARD
[14:36:09.200] Starting turn for Bot22
[14:36:09.200] Bot22 rotated left to face EAST
[14:36:09.200] Bot22 executed ROTATE_LEFT
[14:36:09.200] Starting turn for Bot35
[14:36:09.200] Bot35 rotated left to face NORTH
[14:36:09.200] Bot35 executed ROTATE_LEFT
[14:36:09.200] Bot35 rotated left to face WEST
[14:36:09.200] Bot35 executed ROTATE_LEFT
[14:36:09.200] Bot35 moved forward to (8,7)
[14:36:09.200] Bot35 executed MOVE_FORWARD
[14:36:09.200] Starting turn for Bot22
[14:36:09.200] Starting turn for Bot35
[14:36:09.200] Bot35 rotated right to face NORTH
[14:36:09.200] Bot35 executed ROTATE_RIGHT
[14:36:09.200] Starting turn for Bot22
[14:36:09.200] Bot22 rotated left to face NORTH
[14:36:09.200] Bot22 executed ROTATE_LEFT
[14:36:09.200] Bot22 moved forward to (0,1)
[14:36:09.200] Bot22 executed MOVE_FORWARD
[14:36:09.200] Starting turn for Bot35
[14:36:09.200] Starting turn for Bot22
[14:36:09.200] Bot22 rotated left to face WEST
[14:36:09.200] Bot22 executed ROTATE_LEFT
[14:36:09.200] Bot22 rotated left to face SOUTH
[14:36:09.200] Bot22 executed ROTATE_LEFT
[14:36:09.200] Bot22 moved forward to (1,1)
[14:36:09.200] Bot22 executed MOVE_FORWARD
[14:36:09.200] Starting turn for Bot35
[14:36:09.200] Bot35 rotated right to face EAST
[14:36:09.200] Bot35 executed ROTATE_RIGHT
[14:36:09.200] Bot35 moved forward to (8,8)
[14:36:09.200] Bot35 executed MOVE_FORWARD
[14:36:09.200] Starting turn for Bot22
[14:36:09.200] Bot22 rotated left to face EAST
[14:36:09.200] Bot22 executed ROTATE_LEFT
[14:36:09.200] Starting turn for Bot35
[14:36:09.200] Bot35 rotated left to face NORTH
[14:36:09.200] Bot35 executed ROTATE_LEFT
[14:36:09.200] Bot35 rotated left to face WEST
[14:36:09.200] Bot35 executed ROTATE_LEFT
[14:36:09.200] Bot35 moved forward to (8,7)
[14:36:09.200] Bot35 executed MOVE_FORWARD
[14:36:09.200] Starting turn for Bot22
[14:36:09.200] Starting turn for Bot35
[14:36:09.200] Stalemate detected: State repeated 10 times, unchanged for 2 turns
[14:36:09.200] Game Over! Stalemate detected!
[14:36:09.200] Stalemate detected: State repeated 10 times, unchanged for 2 turns
