[14:35:41.194] === Game Started at 2025-02-04_14-35-41 ===
[14:35:41.194] Game initialized with 2 players
[14:35:41.194] Board size: 10
[14:35:41.194] Obstacle density: 0.05
[14:35:41.194] Max turns: 1000
[14:35:41.194] Player Bot2 starting at position (0,0) facing NORTH
[14:35:41.194] Player Bot10 starting at position (9,9) facing NORTH
[14:35:41.194] Obstacles at positions: (0,2) (1,1) (5,7) (6,0) (6,1)
[14:35:41.194] Starting turn for Bot2
[14:35:41.194] Bot2 rotated right to face EAST
[14:35:41.194] Bot2 executed ROTATE_RIGHT
[14:35:41.194] Bot2 moved forward to (0,1)
[14:35:41.194] Bot2 executed MOVE_FORWARD
[14:35:41.194] Starting turn for Bot10
[14:35:41.194] Bot10 rotated left to face WEST
[14:35:41.194] Bot10 executed ROTATE_LEFT
[14:35:41.194] Bot10 moved forward to (9,8)
[14:35:41.194] Bot10 executed MOVE_FORWARD
[14:35:41.194] Starting turn for Bot2
[14:35:41.194] Bot2 rotated right to face SOUTH
[14:35:41.194] Bot2 executed ROTATE_RIGHT
[14:35:41.194] Starting turn for Bot10
[14:35:41.194] Bot10 rotated right to face NORTH
[14:35:41.194] Bot10 executed ROTATE_RIGHT
[14:35:41.194] Bot10 moved forward to (8,8)
[14:35:41.194] Bot10 executed MOVE_FORWARD
[14:35:41.194] Starting turn for Bot2
[14:35:41.194] Starting turn for Bot10
[14:35:41.194] Bot10 rotated left to face WEST
[14:35:41.194] Bot10 executed ROTATE_LEFT
[14:35:41.194] Bot10 moved forward to (8,7)
[14:35:41.194] Bot10 executed MOVE_FORWARD
[14:35:41.194] Starting turn for Bot2
[14:35:41.194] Bot2 rotated right to face WEST
[14:35:41.194] Bot2 executed ROTATE_RIGHT
[14:35:41.194] Bot2 moved forward to (0,0)
[14:35:41.194] Bot2 executed MOVE_FORWARD
[14:35:41.194] Starting turn for Bot10
[14:35:41.194] Bot10 rotated right to face NORTH
[14:35:41.194] Bot10 executed ROTATE_RIGHT
[14:35:41.194] Bot10 moved forward to (7,7)
[14:35:41.194] Bot10 executed MOVE_FORWARD
[14:35:41.194] Starting turn for Bot2
[14:35:41.194] Bot2 rotated left to face SOUTH
[14:35:41.194] Bot2 executed ROTATE_LEFT
[14:35:41.194] Bot2 rotated left to face EAST
[14:35:41.194] Bot2 executed ROTATE_LEFT
[14:35:41.194] Bot2 moved forward to (0,1)
[14:35:41.194] Bot2 executed MOVE_FORWARD
[14:35:41.194] Starting turn for Bot10
[14:35:41.194] Bot10 rotated left to face WEST
[14:35:41.194] Bot10 executed ROTATE_LEFT
[14:35:41.194] Bot10 moved forward to (7,6)
[14:35:41.194] Bot10 executed MOVE_FORWARD
[14:35:41.194] Starting turn for Bot2
[14:35:41.194] Bot2 rotated right to face SOUTH
[14:35:41.194] Bot2 executed ROTATE_RIGHT
[14:35:41.194] Starting turn for Bot10
[14:35:41.194] Bot10 rotated right to face NORTH
[14:35:41.194] Bot10 executed ROTATE_RIGHT
[14:35:41.194] Bot10 moved forward to (6,6)
[14:35:41.194] Bot10 executed MOVE_FORWARD
[14:35:41.194] Starting turn for Bot2
[14:35:41.194] Starting turn for Bot10
[14:35:41.194] Bot10 rotated left to face WEST
[14:35:41.194] Bot10 executed ROTATE_LEFT
[14:35:41.194] Bot10 moved forward to (6,5)
[14:35:41.194] Bot10 executed MOVE_FORWARD
[14:35:41.194] Starting turn for Bot2
[14:35:41.194] Bot2 rotated right to face WEST
[14:35:41.194] Bot2 executed ROTATE_RIGHT
[14:35:41.194] Bot2 moved forward to (0,0)
[14:35:41.194] Bot2 executed MOVE_FORWARD
[14:35:41.194] Starting turn for Bot10
[14:35:41.194] Bot10 rotated right to face NORTH
[14:35:41.194] Bot10 executed ROTATE_RIGHT
[14:35:41.194] Bot10 moved forward to (5,5)
[14:35:41.194] Bot10 executed MOVE_FORWARD
[14:35:41.194] Starting turn for Bot2
[14:35:41.194] Bot2 rotated left to face SOUTH
[14:35:41.194] Bot2 executed ROTATE_LEFT
[14:35:41.194] Bot2 rotated left to face EAST
[14:35:41.194] Bot2 executed ROTATE_LEFT
[14:35:41.194] Bot2 moved forward to (0,1)
[14:35:41.194] Bot2 executed MOVE_FORWARD
[14:35:41.194] Starting turn for Bot10
[14:35:41.194] Starting turn for Bot2
[14:35:41.194] Bot2 rotated right to face SOUTH
[14:35:41.194] Bot2 executed ROTATE_RIGHT
[14:35:41.194] Starting turn for Bot10
[14:35:41.194] Starting turn for Bot2
[14:35:41.194] Starting turn for Bot10
[14:35:41.194] Starting turn for Bot2
[14:35:41.194] Bot2 rotated right to face WEST
[14:35:41.194] Bot2 executed ROTATE_RIGHT
[14:35:41.194] Bot2 moved forward to (0,0)
[14:35:41.194] Bot2 executed MOVE_FORWARD
[14:35:41.194] Starting turn for Bot10
[14:35:41.194] Starting turn for Bot2
[14:35:41.194] Bot2 rotated left to face SOUTH
[14:35:41.194] Bot2 executed ROTATE_LEFT
[14:35:41.194] Bot2 rotated left to face EAST
[14:35:41.194] Bot2 executed ROTATE_LEFT
[14:35:41.194] Bot2 moved forward to (0,1)
[14:35:41.194] Bot2 executed MOVE_FORWARD
[14:35:41.194] Starting turn for Bot10
[14:35:41.194] Starting turn for Bot2
[14:35:41.194] Bot2 rotated right to face SOUTH
[14:35:41.194] Bot2 executed ROTATE_RIGHT
[14:35:41.194] Starting turn for Bot10
[14:35:41.194] Starting turn for Bot2
[14:35:41.194] Starting turn for Bot10
[14:35:41.194] Starting turn for Bot2
[14:35:41.194] Bot2 rotated right to face WEST
[14:35:41.194] Bot2 executed ROTATE_RIGHT
[14:35:41.194] Bot2 moved forward to (0,0)
[14:35:41.194] Bot2 executed MOVE_FORWARD
[14:35:41.194] Starting turn for Bot10
[14:35:41.194] Starting turn for Bot2
[14:35:41.194] Bot2 rotated left to face SOUTH
[14:35:41.194] Bot2 executed ROTATE_LEFT
[14:35:41.194] Bot2 rotated left to face EAST
[14:35:41.194] Bot2 executed ROTATE_LEFT
[14:35:41.194] Bot2 moved forward to (0,1)
[14:35:41.194] Bot2 executed MOVE_FORWARD
[14:35:41.194] Starting turn for Bot10
[14:35:41.194] Starting turn for Bot2
[14:35:41.194] Bot2 rotated right to face SOUTH
[14:35:41.194] Bot2 executed ROTATE_RIGHT
[14:35:41.194] Starting turn for Bot10
[14:35:41.194] Starting turn for Bot2
[14:35:41.194] Starting turn for Bot10
[14:35:41.194] Starting turn for Bot2
[14:35:41.194] Bot2 rotated right to face WEST
[14:35:41.194] Bot2 executed ROTATE_RIGHT
[14:35:41.194] Bot2 moved forward to (0,0)
[14:35:41.194] Bot2 executed MOVE_FORWARD
[14:35:41.194] Starting turn for Bot10
[14:35:41.194] Starting turn for Bot2
[14:35:41.194] Bot2 rotated left to face SOUTH
[14:35:41.194] Bot2 executed ROTATE_LEFT
[14:35:41.194] Bot2 rotated left to face EAST
[14:35:41.194] Bot2 executed ROTATE_LEFT
[14:35:41.194] Bot2 moved forward to (0,1)
[14:35:41.194] Bot2 executed MOVE_FORWARD
[14:35:41.194] Starting turn for Bot10
[14:35:41.195] Starting turn for Bot2
[14:35:41.195] Bot2 rotated right to face SOUTH
[14:35:41.195] Bot2 executed ROTATE_RIGHT
[14:35:41.195] Starting turn for Bot10
[14:35:41.195] Stalemate detected: State repeated 10 times, unchanged for 1 turns
[14:35:41.195] Game Over! Stalemate detected!
[14:35:41.195] Stalemate detected: State repeated 10 times, unchanged for 1 turns
