[14:36:14.152] === Game Started at 2025-02-04_14-36-14 ===
[14:36:14.152] Game initialized with 2 players
[14:36:14.152] Board size: 10
[14:36:14.152] Obstacle density: 0.05
[14:36:14.152] Max turns: 1000
[14:36:14.152] Player Bot30 starting at position (0,0) facing NORTH
[14:36:14.152] Player Bot36 starting at position (9,9) facing SOUTH
[14:36:14.152] Obstacles at positions: (1,0) (1,9) (4,6) (7,7) (8,8)
[14:36:14.152] Starting turn for Bot30
[14:36:14.152] Bot30 rotated right to face EAST
[14:36:14.152] Bot30 executed ROTATE_RIGHT
[14:36:14.152] Bot30 moved forward to (0,1)
[14:36:14.152] Bot30 executed MOVE_FORWARD
[14:36:14.152] Starting turn for Bot36
[14:36:14.152] Bot36 rotated right to face WEST
[14:36:14.152] Bot36 executed ROTATE_RIGHT
[14:36:14.152] Bot36 moved forward to (9,8)
[14:36:14.152] Bot36 executed MOVE_FORWARD
[14:36:14.152] Starting turn for Bot30
[14:36:14.152] Bot30 rotated right to face SOUTH
[14:36:14.152] Bot30 executed ROTATE_RIGHT
[14:36:14.152] Bot30 moved forward to (1,1)
[14:36:14.152] Bot30 executed MOVE_FORWARD
[14:36:14.152] Starting turn for Bot36
[14:36:14.152] Bot36 rotated right to face NORTH
[14:36:14.152] Bot36 executed ROTATE_RIGHT
[14:36:14.152] Starting turn for Bot30
[14:36:14.152] Bot30 rotated left to face EAST
[14:36:14.152] Bot30 executed ROTATE_LEFT
[14:36:14.152] Bot30 moved forward to (1,2)
[14:36:14.152] Bot30 executed MOVE_FORWARD
[14:36:14.152] Starting turn for Bot36
[14:36:14.152] Starting turn for Bot30
[14:36:14.152] Bot30 rotated right to face SOUTH
[14:36:14.152] Bot30 executed ROTATE_RIGHT
[14:36:14.152] Bot30 moved forward to (2,2)
[14:36:14.152] Bot30 executed MOVE_FORWARD
[14:36:14.152] Starting turn for Bot36
[14:36:14.153] Bot36 rotated right to face EAST
[14:36:14.153] Bot36 executed ROTATE_RIGHT
[14:36:14.153] Bot36 moved forward to (9,9)
[14:36:14.153] Bot36 executed MOVE_FORWARD
[14:36:14.153] Starting turn for Bot30
[14:36:14.153] Bot30 rotated left to face EAST
[14:36:14.153] Bot30 executed ROTATE_LEFT
[14:36:14.153] Bot30 moved forward to (2,3)
[14:36:14.153] Bot30 executed MOVE_FORWARD
[14:36:14.153] Starting turn for Bot36
[14:36:14.153] Bot36 rotated left to face NORTH
[14:36:14.153] Bot36 executed ROTATE_LEFT
[14:36:14.153] Bot36 rotated left to face WEST
[14:36:14.153] Bot36 executed ROTATE_LEFT
[14:36:14.153] Bot36 moved forward to (9,8)
[14:36:14.153] Bot36 executed MOVE_FORWARD
[14:36:14.153] Starting turn for Bot30
[14:36:14.153] Bot30 rotated right to face SOUTH
[14:36:14.153] Bot30 executed ROTATE_RIGHT
[14:36:14.153] Bot30 moved forward to (3,3)
[14:36:14.153] Bot30 executed MOVE_FORWARD
[14:36:14.153] Starting turn for Bot36
[14:36:14.153] Bot36 rotated right to face NORTH
[14:36:14.153] Bot36 executed ROTATE_RIGHT
[14:36:14.153] Starting turn for Bot30
[14:36:14.153] Bot30 rotated left to face EAST
[14:36:14.153] Bot30 executed ROTATE_LEFT
[14:36:14.153] Bot30 moved forward to (3,4)
[14:36:14.153] Bot30 executed MOVE_FORWARD
[14:36:14.153] Starting turn for Bot36
[14:36:14.153] Starting turn for Bot30
[14:36:14.153] Bot30 rotated right to face SOUTH
[14:36:14.153] Bot30 executed ROTATE_RIGHT
[14:36:14.153] Bot30 moved forward to (4,4)
[14:36:14.153] Bot30 executed MOVE_FORWARD
[14:36:14.153] Starting turn for Bot36
[14:36:14.153] Bot36 rotated right to face EAST
[14:36:14.153] Bot36 executed ROTATE_RIGHT
[14:36:14.153] Bot36 moved forward to (9,9)
[14:36:14.153] Bot36 executed MOVE_FORWARD
[14:36:14.153] Starting turn for Bot30
[14:36:14.153] Bot30 rotated left to face EAST
[14:36:14.153] Bot30 executed ROTATE_LEFT
[14:36:14.153] Bot30 moved forward to (4,5)
[14:36:14.153] Bot30 executed MOVE_FORWARD
[14:36:14.153] Starting turn for Bot36
[14:36:14.153] Bot36 rotated left to face NORTH
[14:36:14.153] Bot36 executed ROTATE_LEFT
[14:36:14.153] Bot36 rotated left to face WEST
[14:36:14.153] Bot36 executed ROTATE_LEFT
[14:36:14.153] Bot36 moved forward to (9,8)
[14:36:14.153] Bot36 executed MOVE_FORWARD
[14:36:14.153] Starting turn for Bot30
[14:36:14.153] Bot30 rotated right to face SOUTH
[14:36:14.153] Bot30 executed ROTATE_RIGHT
[14:36:14.153] Bot30 moved forward to (5,5)
[14:36:14.153] Bot30 executed MOVE_FORWARD
[14:36:14.153] Starting turn for Bot36
[14:36:14.153] Bot36 rotated right to face NORTH
[14:36:14.153] Bot36 executed ROTATE_RIGHT
[14:36:14.153] Starting turn for Bot30
[14:36:14.153] Starting turn for Bot36
[14:36:14.153] Starting turn for Bot30
[14:36:14.153] Starting turn for Bot36
[14:36:14.153] Bot36 rotated right to face EAST
[14:36:14.153] Bot36 executed ROTATE_RIGHT
[14:36:14.153] Bot36 moved forward to (9,9)
[14:36:14.153] Bot36 executed MOVE_FORWARD
[14:36:14.153] Starting turn for Bot30
[14:36:14.153] Starting turn for Bot36
[14:36:14.153] Bot36 rotated left to face NORTH
[14:36:14.153] Bot36 executed ROTATE_LEFT
[14:36:14.153] Bot36 rotated left to face WEST
[14:36:14.153] Bot36 executed ROTATE_LEFT
[14:36:14.153] Bot36 moved forward to (9,8)
[14:36:14.153] Bot36 executed MOVE_FORWARD
[14:36:14.153] Starting turn for Bot30
[14:36:14.153] Starting turn for Bot36
[14:36:14.153] Bot36 rotated right to face NORTH
[14:36:14.153] Bot36 executed ROTATE_RIGHT
[14:36:14.153] Starting turn for Bot30
[14:36:14.153] Starting turn for Bot36
[14:36:14.153] Starting turn for Bot30
[14:36:14.153] Starting turn for Bot36
[14:36:14.153] Bot36 rotated right to face EAST
[14:36:14.153] Bot36 executed ROTATE_RIGHT
[14:36:14.153] Bot36 moved forward to (9,9)
[14:36:14.153] Bot36 executed MOVE_FORWARD
[14:36:14.153] Starting turn for Bot30
[14:36:14.153] Starting turn for Bot36
[14:36:14.153] Bot36 rotated left to face NORTH
[14:36:14.153] Bot36 executed ROTATE_LEFT
[14:36:14.153] Bot36 rotated left to face WEST
[14:36:14.153] Bot36 executed ROTATE_LEFT
[14:36:14.153] Bot36 moved forward to (9,8)
[14:36:14.153] Bot36 executed MOVE_FORWARD
[14:36:14.153] Starting turn for Bot30
[14:36:14.153] Starting turn for Bot36
[14:36:14.153] Bot36 rotated right to face NORTH
[14:36:14.153] Bot36 executed ROTATE_RIGHT
[14:36:14.153] Starting turn for Bot30
[14:36:14.153] Starting turn for Bot36
[14:36:14.153] Starting turn for Bot30
[14:36:14.153] Starting turn for Bot36
[14:36:14.153] Stalemate detected: State repeated 10 times, unchanged for 2 turns
[14:36:14.153] Game Over! Stalemate detected!
[14:36:14.153] Stalemate detected: State repeated 10 times, unchanged for 2 turns
