[14:35:54.808] === Game Started at 2025-02-04_14-35-54 ===
[14:35:54.808] Game initialized with 2 players
[14:35:54.808] Board size: 10
[14:35:54.808] Obstacle density: 0.05
[14:35:54.808] Max turns: 1000
[14:35:54.808] Player Bot21 starting at position (0,0) facing EAST
[14:35:54.809] Player Bot9 starting at position (9,9) facing NORTH
[14:35:54.809] Obstacles at positions: (1,8) (2,6) (3,2) (6,2) (7,7)
[14:35:54.809] Starting turn for Bot21
[14:35:54.809] Bot21 moved forward to (0,1)
[14:35:54.809] Bot21 executed MOVE_FORWARD
[14:35:54.809] Starting turn for Bot9
[14:35:54.809] Bot9 rotated left to face WEST
[14:35:54.809] Bot9 executed ROTATE_LEFT
[14:35:54.809] Bot9 moved forward to (9,8)
[14:35:54.809] Bot9 executed MOVE_FORWARD
[14:35:54.809] Starting turn for Bot21
[14:35:54.809] Bot21 rotated right to face SOUTH
[14:35:54.809] Bot21 executed ROTATE_RIGHT
[14:35:54.809] Bot21 moved forward to (1,1)
[14:35:54.809] Bot21 executed MOVE_FORWARD
[14:35:54.809] Starting turn for Bot9
[14:35:54.809] Bot9 rotated right to face NORTH
[14:35:54.809] Bot9 executed ROTATE_RIGHT
[14:35:54.809] Bot9 moved forward to (8,8)
[14:35:54.809] Bot9 executed MOVE_FORWARD
[14:35:54.809] Starting turn for Bot21
[14:35:54.809] Bot21 rotated left to face EAST
[14:35:54.809] Bot21 executed ROTATE_LEFT
[14:35:54.809] Bot21 moved forward to (1,2)
[14:35:54.809] Bot21 executed MOVE_FORWARD
[14:35:54.809] Starting turn for Bot9
[14:35:54.809] Bot9 rotated left to face WEST
[14:35:54.809] Bot9 executed ROTATE_LEFT
[14:35:54.809] Bot9 moved forward to (8,7)
[14:35:54.809] Bot9 executed MOVE_FORWARD
[14:35:54.809] Starting turn for Bot21
[14:35:54.809] Bot21 rotated right to face SOUTH
[14:35:54.809] Bot21 executed ROTATE_RIGHT
[14:35:54.809] Bot21 moved forward to (2,2)
[14:35:54.809] Bot21 executed MOVE_FORWARD
[14:35:54.809] Starting turn for Bot9
[14:35:54.809] Bot9 rotated right to face NORTH
[14:35:54.809] Bot9 executed ROTATE_RIGHT
[14:35:54.809] Starting turn for Bot21
[14:35:54.809] Bot21 rotated left to face EAST
[14:35:54.809] Bot21 executed ROTATE_LEFT
[14:35:54.809] Bot21 moved forward to (2,3)
[14:35:54.809] Bot21 executed MOVE_FORWARD
[14:35:54.809] Starting turn for Bot9
[14:35:54.809] Starting turn for Bot21
[14:35:54.809] Bot21 rotated right to face SOUTH
[14:35:54.809] Bot21 executed ROTATE_RIGHT
[14:35:54.809] Bot21 moved forward to (3,3)
[14:35:54.809] Bot21 executed MOVE_FORWARD
[14:35:54.809] Starting turn for Bot9
[14:35:54.809] Bot9 rotated right to face EAST
[14:35:54.809] Bot9 executed ROTATE_RIGHT
[14:35:54.809] Bot9 moved forward to (8,8)
[14:35:54.809] Bot9 executed MOVE_FORWARD
[14:35:54.809] Starting turn for Bot21
[14:35:54.809] Bot21 rotated left to face EAST
[14:35:54.809] Bot21 executed ROTATE_LEFT
[14:35:54.809] Bot21 moved forward to (3,4)
[14:35:54.809] Bot21 executed MOVE_FORWARD
[14:35:54.809] Starting turn for Bot9
[14:35:54.809] Bot9 rotated left to face NORTH
[14:35:54.809] Bot9 executed ROTATE_LEFT
[14:35:54.809] Bot9 rotated left to face WEST
[14:35:54.809] Bot9 executed ROTATE_LEFT
[14:35:54.809] Bot9 moved forward to (8,7)
[14:35:54.809] Bot9 executed MOVE_FORWARD
[14:35:54.809] Starting turn for Bot21
[14:35:54.809] Bot21 rotated right to face SOUTH
[14:35:54.809] Bot21 executed ROTATE_RIGHT
[14:35:54.809] Bot21 moved forward to (4,4)
[14:35:54.809] Bot21 executed MOVE_FORWARD
[14:35:54.809] Starting turn for Bot9
[14:35:54.809] Bot9 rotated right to face NORTH
[14:35:54.809] Bot9 executed ROTATE_RIGHT
[14:35:54.809] Starting turn for Bot21
[14:35:54.809] Bot21 rotated left to face EAST
[14:35:54.809] Bot21 executed ROTATE_LEFT
[14:35:54.809] Bot21 moved forward to (4,5)
[14:35:54.809] Bot21 executed MOVE_FORWARD
[14:35:54.809] Starting turn for Bot9
[14:35:54.809] Starting turn for Bot21
[14:35:54.809] Bot21 rotated right to face SOUTH
[14:35:54.809] Bot21 executed ROTATE_RIGHT
[14:35:54.809] Bot21 moved forward to (5,5)
[14:35:54.809] Bot21 executed MOVE_FORWARD
[14:35:54.809] Starting turn for Bot9
[14:35:54.809] Bot9 rotated right to face EAST
[14:35:54.809] Bot9 executed ROTATE_RIGHT
[14:35:54.809] Bot9 moved forward to (8,8)
[14:35:54.809] Bot9 executed MOVE_FORWARD
[14:35:54.809] Starting turn for Bot21
[14:35:54.809] Starting turn for Bot9
[14:35:54.809] Bot9 rotated left to face NORTH
[14:35:54.809] Bot9 executed ROTATE_LEFT
[14:35:54.809] Bot9 rotated left to face WEST
[14:35:54.809] Bot9 executed ROTATE_LEFT
[14:35:54.809] Bot9 moved forward to (8,7)
[14:35:54.809] Bot9 executed MOVE_FORWARD
[14:35:54.809] Starting turn for Bot21
[14:35:54.809] Starting turn for Bot9
[14:35:54.809] Bot9 rotated right to face NORTH
[14:35:54.809] Bot9 executed ROTATE_RIGHT
[14:35:54.809] Starting turn for Bot21
[14:35:54.809] Starting turn for Bot9
[14:35:54.809] Starting turn for Bot21
[14:35:54.809] Starting turn for Bot9
[14:35:54.809] Bot9 rotated right to face EAST
[14:35:54.809] Bot9 executed ROTATE_RIGHT
[14:35:54.809] Bot9 moved forward to (8,8)
[14:35:54.809] Bot9 executed MOVE_FORWARD
[14:35:54.809] Starting turn for Bot21
[14:35:54.809] Starting turn for Bot9
[14:35:54.809] Bot9 rotated left to face NORTH
[14:35:54.809] Bot9 executed ROTATE_LEFT
[14:35:54.809] Bot9 rotated left to face WEST
[14:35:54.809] Bot9 executed ROTATE_LEFT
[14:35:54.809] Bot9 moved forward to (8,7)
[14:35:54.809] Bot9 executed MOVE_FORWARD
[14:35:54.809] Starting turn for Bot21
[14:35:54.809] Starting turn for Bot9
[14:35:54.809] Bot9 rotated right to face NORTH
[14:35:54.809] Bot9 executed ROTATE_RIGHT
[14:35:54.809] Starting turn for Bot21
[14:35:54.809] Starting turn for Bot9
[14:35:54.809] Starting turn for Bot21
[14:35:54.809] Starting turn for Bot9
[14:35:54.809] Bot9 rotated right to face EAST
[14:35:54.809] Bot9 executed ROTATE_RIGHT
[14:35:54.809] Bot9 moved forward to (8,8)
[14:35:54.809] Bot9 executed MOVE_FORWARD
[14:35:54.809] Starting turn for Bot21
[14:35:54.809] Starting turn for Bot9
[14:35:54.809] Bot9 rotated left to face NORTH
[14:35:54.809] Bot9 executed ROTATE_LEFT
[14:35:54.809] Bot9 rotated left to face WEST
[14:35:54.809] Bot9 executed ROTATE_LEFT
[14:35:54.809] Bot9 moved forward to (8,7)
[14:35:54.809] Bot9 executed MOVE_FORWARD
[14:35:54.809] Starting turn for Bot21
[14:35:54.809] Starting turn for Bot9
[14:35:54.809] Bot9 rotated right to face NORTH
[14:35:54.809] Bot9 executed ROTATE_RIGHT
[14:35:54.809] Starting turn for Bot21
[14:35:54.809] Stalemate detected: State repeated 10 times, unchanged for 1 turns
[14:35:54.809] Game Over! Stalemate detected!
[14:35:54.809] Stalemate detected: State repeated 10 times, unchanged for 1 turns
