[14:35:38.981] === Game Started at 2025-02-04_14-35-38 ===
[14:35:38.981] Game initialized with 2 players
[14:35:38.981] Board size: 10
[14:35:38.981] Obstacle density: 0.05
[14:35:38.981] Max turns: 1000
[14:35:38.981] Player Bot1 starting at position (0,0) facing SOUTH
[14:35:38.981] Player Bot4 starting at position (9,9) facing EAST
[14:35:38.981] Obstacles at positions: (3,7) (4,4) (5,8) (6,9) (7,0)
[14:35:38.981] Starting turn for Bot1
[14:35:38.981] Bot1 rotated left to face EAST
[14:35:38.981] Bot1 executed ROTATE_LEFT
[14:35:38.981] Bot1 moved forward to (0,1)
[14:35:38.981] Bot1 executed MOVE_FORWARD
[14:35:38.982] Starting turn for Bot4
[14:35:38.982] Bot4 rotated left to face NORTH
[14:35:38.982] Bot4 executed ROTATE_LEFT
[14:35:38.982] Bot4 rotated left to face WEST
[14:35:38.982] Bot4 executed ROTATE_LEFT
[14:35:38.982] Bot4 moved forward to (9,8)
[14:35:38.982] Bot4 executed MOVE_FORWARD
[14:35:38.982] Starting turn for Bot1
[14:35:38.982] Bot1 rotated right to face SOUTH
[14:35:38.982] Bot1 executed ROTATE_RIGHT
[14:35:38.982] Bot1 moved forward to (1,1)
[14:35:38.982] Bot1 executed MOVE_FORWARD
[14:35:38.982] Starting turn for Bot4
[14:35:38.982] Bot4 rotated right to face NORTH
[14:35:38.982] Bot4 executed ROTATE_RIGHT
[14:35:38.982] Bot4 moved forward to (8,8)
[14:35:38.982] Bot4 executed MOVE_FORWARD
[14:35:38.982] Starting turn for Bot1
[14:35:38.982] Bot1 rotated left to face EAST
[14:35:38.982] Bot1 executed ROTATE_LEFT
[14:35:38.982] Bot1 moved forward to (1,2)
[14:35:38.982] Bot1 executed MOVE_FORWARD
[14:35:38.982] Starting turn for Bot4
[14:35:38.982] Bot4 rotated left to face WEST
[14:35:38.982] Bot4 executed ROTATE_LEFT
[14:35:38.982] Bot4 moved forward to (8,7)
[14:35:38.982] Bot4 executed MOVE_FORWARD
[14:35:38.982] Starting turn for Bot1
[14:35:38.982] Bot1 rotated right to face SOUTH
[14:35:38.982] Bot1 executed ROTATE_RIGHT
[14:35:38.982] Bot1 moved forward to (2,2)
[14:35:38.982] Bot1 executed MOVE_FORWARD
[14:35:38.982] Starting turn for Bot4
[14:35:38.982] Bot4 rotated right to face NORTH
[14:35:38.982] Bot4 executed ROTATE_RIGHT
[14:35:38.982] Bot4 moved forward to (7,7)
[14:35:38.982] Bot4 executed MOVE_FORWARD
[14:35:38.982] Starting turn for Bot1
[14:35:38.982] Bot1 rotated left to face EAST
[14:35:38.982] Bot1 executed ROTATE_LEFT
[14:35:38.982] Bot1 moved forward to (2,3)
[14:35:38.982] Bot1 executed MOVE_FORWARD
[14:35:38.982] Starting turn for Bot4
[14:35:38.982] Bot4 rotated left to face WEST
[14:35:38.982] Bot4 executed ROTATE_LEFT
[14:35:38.982] Bot4 moved forward to (7,6)
[14:35:38.982] Bot4 executed MOVE_FORWARD
[14:35:38.982] Starting turn for Bot1
[14:35:38.982] Bot1 rotated right to face SOUTH
[14:35:38.982] Bot1 executed ROTATE_RIGHT
[14:35:38.982] Bot1 moved forward to (3,3)
[14:35:38.982] Bot1 executed MOVE_FORWARD
[14:35:38.982] Starting turn for Bot4
[14:35:38.982] Bot4 rotated right to face NORTH
[14:35:38.982] Bot4 executed ROTATE_RIGHT
[14:35:38.982] Bot4 moved forward to (6,6)
[14:35:38.982] Bot4 executed MOVE_FORWARD
[14:35:38.982] Starting turn for Bot1
[14:35:38.982] Bot1 rotated left to face EAST
[14:35:38.982] Bot1 executed ROTATE_LEFT
[14:35:38.982] Bot1 moved forward to (3,4)
[14:35:38.982] Bot1 executed MOVE_FORWARD
[14:35:38.982] Starting turn for Bot4
[14:35:38.982] Bot4 rotated left to face WEST
[14:35:38.982] Bot4 executed ROTATE_LEFT
[14:35:38.982] Bot4 moved forward to (6,5)
[14:35:38.982] Bot4 executed MOVE_FORWARD
[14:35:38.987] Starting turn for Bot1
[14:35:38.987] Bot1 rotated right to face SOUTH
[14:35:38.987] Bot1 executed ROTATE_RIGHT
[14:35:38.987] Starting turn for Bot4
[14:35:38.987] Bot4 rotated right to face NORTH
[14:35:38.988] Bot4 executed ROTATE_RIGHT
[14:35:38.988] Bot4 moved forward to (5,5)
[14:35:38.988] Bot4 executed MOVE_FORWARD
[14:35:38.988] Starting turn for Bot1
[14:35:38.988] Starting turn for Bot4
[14:35:38.988] Starting turn for Bot1
[14:35:38.988] Bot1 rotated left to face EAST
[14:35:38.988] Bot1 executed ROTATE_LEFT
[14:35:38.988] Bot1 rotated left to face NORTH
[14:35:38.988] Bot1 executed ROTATE_LEFT
[14:35:38.988] Bot1 moved forward to (2,4)
[14:35:38.988] Bot1 executed MOVE_FORWARD
[14:35:38.988] Starting turn for Bot4
[14:35:38.988] Starting turn for Bot1
[14:35:38.988] Bot1 rotated left to face WEST
[14:35:38.988] Bot1 executed ROTATE_LEFT
[14:35:38.988] Bot1 rotated left to face SOUTH
[14:35:38.988] Bot1 executed ROTATE_LEFT
[14:35:38.988] Bot1 moved forward to (3,4)
[14:35:38.988] Bot1 executed MOVE_FORWARD
[14:35:38.988] Starting turn for Bot4
[14:35:38.988] Starting turn for Bot1
[14:35:38.988] Starting turn for Bot4
[14:35:38.988] Starting turn for Bot1
[14:35:38.988] Starting turn for Bot4
[14:35:38.988] Starting turn for Bot1
[14:35:38.988] Bot1 rotated left to face EAST
[14:35:38.988] Bot1 executed ROTATE_LEFT
[14:35:38.988] Bot1 rotated left to face NORTH
[14:35:38.988] Bot1 executed ROTATE_LEFT
[14:35:38.988] Bot1 moved forward to (2,4)
[14:35:38.988] Bot1 executed MOVE_FORWARD
[14:35:38.988] Starting turn for Bot4
[14:35:38.988] Starting turn for Bot1
[14:35:38.988] Bot1 rotated left to face WEST
[14:35:38.988] Bot1 executed ROTATE_LEFT
[14:35:38.988] Bot1 rotated left to face SOUTH
[14:35:38.988] Bot1 executed ROTATE_LEFT
[14:35:38.988] Bot1 moved forward to (3,4)
[14:35:38.988] Bot1 executed MOVE_FORWARD
[14:35:38.988] Starting turn for Bot4
[14:35:38.988] Starting turn for Bot1
[14:35:38.988] Starting turn for Bot4
[14:35:38.988] Starting turn for Bot1
[14:35:38.988] Starting turn for Bot4
[14:35:38.988] Starting turn for Bot1
[14:35:38.988] Bot1 rotated left to face EAST
[14:35:38.988] Bot1 executed ROTATE_LEFT
[14:35:38.988] Bot1 rotated left to face NORTH
[14:35:38.988] Bot1 executed ROTATE_LEFT
[14:35:38.988] Bot1 moved forward to (2,4)
[14:35:38.988] Bot1 executed MOVE_FORWARD
[14:35:38.988] Starting turn for Bot4
[14:35:38.988] Starting turn for Bot1
[14:35:38.988] Bot1 rotated left to face WEST
[14:35:38.988] Bot1 executed ROTATE_LEFT
[14:35:38.988] Bot1 rotated left to face SOUTH
[14:35:38.988] Bot1 executed ROTATE_LEFT
[14:35:38.988] Bot1 moved forward to (3,4)
[14:35:38.988] Bot1 executed MOVE_FORWARD
[14:35:38.988] Starting turn for Bot4
[14:35:38.988] Starting turn for Bot1
[14:35:38.988] Starting turn for Bot4
[14:35:38.988] Stalemate detected: State repeated 10 times, unchanged for 1 turns
[14:35:38.988] Game Over! Stalemate detected!
[14:35:38.988] Stalemate detected: State repeated 10 times, unchanged for 1 turns
