[14:36:15.982] === Game Started at 2025-02-04_14-36-15 ===
[14:36:15.982] Game initialized with 2 players
[14:36:15.982] Board size: 10
[14:36:15.982] Obstacle density: 0.05
[14:36:15.982] Max turns: 1000
[14:36:15.982] Player Bot37 starting at position (0,0) facing EAST
[14:36:15.982] Player Bot36 starting at position (9,9) facing WEST
[14:36:15.982] Obstacles at positions: (3,1) (3,9) (5,2) (8,9) (9,8)
[14:36:15.982] Starting turn for Bot37
[14:36:15.982] Bot37 moved forward to (0,1)
[14:36:15.982] Bot37 executed MOVE_FORWARD
[14:36:15.982] Starting turn for Bot36
[14:36:15.982] Starting turn for Bot37
[14:36:15.982] Bot37 rotated right to face SOUTH
[14:36:15.982] Bot37 executed ROTATE_RIGHT
[14:36:15.982] Bot37 moved forward to (1,1)
[14:36:15.982] Bot37 executed MOVE_FORWARD
[14:36:15.982] Starting turn for Bot36
[14:36:15.982] Starting turn for Bot37
[14:36:15.982] Bot37 rotated left to face EAST
[14:36:15.982] Bot37 executed ROTATE_LEFT
[14:36:15.982] Bot37 moved forward to (1,2)
[14:36:15.982] Bot37 executed MOVE_FORWARD
[14:36:15.982] Starting turn for Bot36
[14:36:15.982] Bot36 rotated right to face NORTH
[14:36:15.982] Bot36 executed ROTATE_RIGHT
[14:36:15.982] Starting turn for Bot37
[14:36:15.982] Bot37 rotated right to face SOUTH
[14:36:15.982] Bot37 executed ROTATE_RIGHT
[14:36:15.982] Bot37 moved forward to (2,2)
[14:36:15.982] Bot37 executed MOVE_FORWARD
[14:36:15.982] Starting turn for Bot36
[14:36:15.982] Bot36 rotated left to face WEST
[14:36:15.982] Bot36 executed ROTATE_LEFT
[14:36:15.982] Starting turn for Bot37
[14:36:15.982] Bot37 rotated left to face EAST
[14:36:15.982] Bot37 executed ROTATE_LEFT
[14:36:15.982] Bot37 moved forward to (2,3)
[14:36:15.982] Bot37 executed MOVE_FORWARD
[14:36:15.982] Starting turn for Bot36
[14:36:15.982] Starting turn for Bot37
[14:36:15.982] Bot37 rotated right to face SOUTH
[14:36:15.982] Bot37 executed ROTATE_RIGHT
[14:36:15.982] Bot37 moved forward to (3,3)
[14:36:15.982] Bot37 executed MOVE_FORWARD
[14:36:15.982] Starting turn for Bot36
[14:36:15.982] Bot36 rotated right to face NORTH
[14:36:15.982] Bot36 executed ROTATE_RIGHT
[14:36:15.982] Starting turn for Bot37
[14:36:15.982] Bot37 rotated left to face EAST
[14:36:15.982] Bot37 executed ROTATE_LEFT
[14:36:15.982] Bot37 moved forward to (3,4)
[14:36:15.982] Bot37 executed MOVE_FORWARD
[14:36:15.982] Starting turn for Bot36
[14:36:15.982] Bot36 rotated left to face WEST
[14:36:15.982] Bot36 executed ROTATE_LEFT
[14:36:15.982] Starting turn for Bot37
[14:36:15.982] Bot37 rotated right to face SOUTH
[14:36:15.982] Bot37 executed ROTATE_RIGHT
[14:36:15.982] Bot37 moved forward to (4,4)
[14:36:15.982] Bot37 executed MOVE_FORWARD
[14:36:15.982] Starting turn for Bot36
[14:36:15.982] Starting turn for Bot37
[14:36:15.982] Bot37 rotated left to face EAST
[14:36:15.982] Bot37 executed ROTATE_LEFT
[14:36:15.982] Bot37 moved forward to (4,5)
[14:36:15.982] Bot37 executed MOVE_FORWARD
[14:36:15.982] Starting turn for Bot36
[14:36:15.982] Bot36 rotated right to face NORTH
[14:36:15.982] Bot36 executed ROTATE_RIGHT
[14:36:15.982] Starting turn for Bot37
[14:36:15.982] Bot37 rotated right to face SOUTH
[14:36:15.982] Bot37 executed ROTATE_RIGHT
[14:36:15.982] Bot37 moved forward to (5,5)
[14:36:15.982] Bot37 executed MOVE_FORWARD
[14:36:15.982] Starting turn for Bot36
[14:36:15.982] Bot36 rotated left to face WEST
[14:36:15.982] Bot36 executed ROTATE_LEFT
[14:36:15.982] Starting turn for Bot37
[14:36:15.982] Starting turn for Bot36
[14:36:15.982] Starting turn for Bot37
[14:36:15.982] Starting turn for Bot36
[14:36:15.982] Bot36 rotated right to face NORTH
[14:36:15.982] Bot36 executed ROTATE_RIGHT
[14:36:15.982] Starting turn for Bot37
[14:36:15.982] Starting turn for Bot36
[14:36:15.982] Bot36 rotated left to face WEST
[14:36:15.982] Bot36 executed ROTATE_LEFT
[14:36:15.982] Starting turn for Bot37
[14:36:15.982] Starting turn for Bot36
[14:36:15.982] Starting turn for Bot37
[14:36:15.982] Starting turn for Bot36
[14:36:15.982] Bot36 rotated right to face NORTH
[14:36:15.982] Bot36 executed ROTATE_RIGHT
[14:36:15.982] Starting turn for Bot37
[14:36:15.982] Starting turn for Bot36
[14:36:15.982] Bot36 rotated left to face WEST
[14:36:15.982] Bot36 executed ROTATE_LEFT
[14:36:15.982] Starting turn for Bot37
[14:36:15.982] Starting turn for Bot36
[14:36:15.982] Starting turn for Bot37
[14:36:15.982] Starting turn for Bot36
[14:36:15.982] Bot36 rotated right to face NORTH
[14:36:15.982] Bot36 executed ROTATE_RIGHT
[14:36:15.982] Starting turn for Bot37
[14:36:15.982] Starting turn for Bot36
[14:36:15.982] Bot36 rotated left to face WEST
[14:36:15.982] Bot36 executed ROTATE_LEFT
[14:36:15.982] Starting turn for Bot37
[14:36:15.982] Starting turn for Bot36
[14:36:15.982] Stalemate detected: State repeated 10 times, unchanged for 4 turns
[14:36:15.982] Game Over! Stalemate detected!
[14:36:15.982] Stalemate detected: State repeated 10 times, unchanged for 4 turns
