[14:35:50.044] === Game Started at 2025-02-04_14-35-50 ===
[14:35:50.044] Game initialized with 2 players
[14:35:50.044] Board size: 10
[14:35:50.044] Obstacle density: 0.05
[14:35:50.044] Max turns: 1000
[14:35:50.044] Player Bot24 starting at position (0,0) facing NORTH
[14:35:50.044] Player Bot6 starting at position (9,9) facing SOUTH
[14:35:50.044] Obstacles at positions: (0,2) (1,4) (2,3) (7,9) (8,9)
[14:35:50.044] Starting turn for Bot24
[14:35:50.044] Bot24 rotated right to face EAST
[14:35:50.044] Bot24 executed ROTATE_RIGHT
[14:35:50.044] Bot24 moved forward to (0,1)
[14:35:50.044] Bot24 executed MOVE_FORWARD
[14:35:50.044] Starting turn for Bot6
[14:35:50.044] Bot6 rotated right to face WEST
[14:35:50.044] Bot6 executed ROTATE_RIGHT
[14:35:50.044] Bot6 moved forward to (9,8)
[14:35:50.044] Bot6 executed MOVE_FORWARD
[14:35:50.044] Starting turn for Bot24
[14:35:50.044] Bot24 rotated right to face SOUTH
[14:35:50.044] Bot24 executed ROTATE_RIGHT
[14:35:50.044] Bot24 moved forward to (1,1)
[14:35:50.044] Bot24 executed MOVE_FORWARD
[14:35:50.044] Starting turn for Bot6
[14:35:50.044] Bot6 rotated right to face NORTH
[14:35:50.044] Bot6 executed ROTATE_RIGHT
[14:35:50.044] Bot6 moved forward to (8,8)
[14:35:50.044] Bot6 executed MOVE_FORWARD
[14:35:50.044] Starting turn for Bot24
[14:35:50.044] Bot24 rotated left to face EAST
[14:35:50.044] Bot24 executed ROTATE_LEFT
[14:35:50.044] Bot24 moved forward to (1,2)
[14:35:50.044] Bot24 executed MOVE_FORWARD
[14:35:50.044] Starting turn for Bot6
[14:35:50.044] Bot6 rotated left to face WEST
[14:35:50.044] Bot6 executed ROTATE_LEFT
[14:35:50.044] Bot6 moved forward to (8,7)
[14:35:50.044] Bot6 executed MOVE_FORWARD
[14:35:50.044] Starting turn for Bot24
[14:35:50.044] Bot24 rotated right to face SOUTH
[14:35:50.044] Bot24 executed ROTATE_RIGHT
[14:35:50.044] Bot24 moved forward to (2,2)
[14:35:50.044] Bot24 executed MOVE_FORWARD
[14:35:50.044] Starting turn for Bot6
[14:35:50.044] Bot6 rotated right to face NORTH
[14:35:50.044] Bot6 executed ROTATE_RIGHT
[14:35:50.044] Bot6 moved forward to (7,7)
[14:35:50.044] Bot6 executed MOVE_FORWARD
[14:35:50.044] Starting turn for Bot24
[14:35:50.044] Bot24 rotated left to face EAST
[14:35:50.044] Bot24 executed ROTATE_LEFT
[14:35:50.044] Starting turn for Bot6
[14:35:50.044] Bot6 rotated left to face WEST
[14:35:50.044] Bot6 executed ROTATE_LEFT
[14:35:50.044] Bot6 moved forward to (7,6)
[14:35:50.044] Bot6 executed MOVE_FORWARD
[14:35:50.044] Starting turn for Bot24
[14:35:50.044] Starting turn for Bot6
[14:35:50.044] Bot6 rotated right to face NORTH
[14:35:50.044] Bot6 executed ROTATE_RIGHT
[14:35:50.044] Bot6 moved forward to (6,6)
[14:35:50.044] Bot6 executed MOVE_FORWARD
[14:35:50.044] Starting turn for Bot24
[14:35:50.044] Bot24 rotated left to face NORTH
[14:35:50.044] Bot24 executed ROTATE_LEFT
[14:35:50.044] Bot24 moved forward to (1,2)
[14:35:50.044] Bot24 executed MOVE_FORWARD
[14:35:50.044] Starting turn for Bot6
[14:35:50.044] Bot6 rotated left to face WEST
[14:35:50.044] Bot6 executed ROTATE_LEFT
[14:35:50.044] Bot6 moved forward to (6,5)
[14:35:50.044] Bot6 executed MOVE_FORWARD
[14:35:50.044] Starting turn for Bot24
[14:35:50.044] Bot24 rotated left to face WEST
[14:35:50.044] Bot24 executed ROTATE_LEFT
[14:35:50.044] Bot24 rotated left to face SOUTH
[14:35:50.044] Bot24 executed ROTATE_LEFT
[14:35:50.044] Bot24 moved forward to (2,2)
[14:35:50.044] Bot24 executed MOVE_FORWARD
[14:35:50.044] Starting turn for Bot6
[14:35:50.044] Bot6 rotated right to face NORTH
[14:35:50.044] Bot6 executed ROTATE_RIGHT
[14:35:50.044] Bot6 moved forward to (5,5)
[14:35:50.044] Bot6 executed MOVE_FORWARD
[14:35:50.044] Starting turn for Bot24
[14:35:50.044] Bot24 rotated left to face EAST
[14:35:50.044] Bot24 executed ROTATE_LEFT
[14:35:50.044] Starting turn for Bot6
[14:35:50.044] Starting turn for Bot24
[14:35:50.044] Starting turn for Bot6
[14:35:50.044] Starting turn for Bot24
[14:35:50.044] Bot24 rotated left to face NORTH
[14:35:50.044] Bot24 executed ROTATE_LEFT
[14:35:50.044] Bot24 moved forward to (1,2)
[14:35:50.044] Bot24 executed MOVE_FORWARD
[14:35:50.044] Starting turn for Bot6
[14:35:50.044] Starting turn for Bot24
[14:35:50.044] Bot24 rotated left to face WEST
[14:35:50.044] Bot24 executed ROTATE_LEFT
[14:35:50.044] Bot24 rotated left to face SOUTH
[14:35:50.044] Bot24 executed ROTATE_LEFT
[14:35:50.044] Bot24 moved forward to (2,2)
[14:35:50.044] Bot24 executed MOVE_FORWARD
[14:35:50.044] Starting turn for Bot6
[14:35:50.044] Starting turn for Bot24
[14:35:50.044] Bot24 rotated left to face EAST
[14:35:50.044] Bot24 executed ROTATE_LEFT
[14:35:50.044] Starting turn for Bot6
[14:35:50.044] Starting turn for Bot24
[14:35:50.044] Starting turn for Bot6
[14:35:50.044] Starting turn for Bot24
[14:35:50.044] Bot24 rotated left to face NORTH
[14:35:50.044] Bot24 executed ROTATE_LEFT
[14:35:50.044] Bot24 moved forward to (1,2)
[14:35:50.044] Bot24 executed MOVE_FORWARD
[14:35:50.044] Starting turn for Bot6
[14:35:50.044] Starting turn for Bot24
[14:35:50.044] Bot24 rotated left to face WEST
[14:35:50.044] Bot24 executed ROTATE_LEFT
[14:35:50.044] Bot24 rotated left to face SOUTH
[14:35:50.044] Bot24 executed ROTATE_LEFT
[14:35:50.044] Bot24 moved forward to (2,2)
[14:35:50.044] Bot24 executed MOVE_FORWARD
[14:35:50.044] Starting turn for Bot6
[14:35:50.044] Starting turn for Bot24
[14:35:50.044] Bot24 rotated left to face EAST
[14:35:50.044] Bot24 executed ROTATE_LEFT
[14:35:50.044] Starting turn for Bot6
[14:35:50.044] Starting turn for Bot24
[14:35:50.044] Starting turn for Bot6
[14:35:50.044] Starting turn for Bot24
[14:35:50.044] Bot24 rotated left to face NORTH
[14:35:50.044] Bot24 executed ROTATE_LEFT
[14:35:50.044] Bot24 moved forward to (1,2)
[14:35:50.044] Bot24 executed MOVE_FORWARD
[14:35:50.044] Starting turn for Bot6
[14:35:50.044] Starting turn for Bot24
[14:35:50.044] Bot24 rotated left to face WEST
[14:35:50.044] Bot24 executed ROTATE_LEFT
[14:35:50.044] Bot24 rotated left to face SOUTH
[14:35:50.044] Bot24 executed ROTATE_LEFT
[14:35:50.044] Bot24 moved forward to (2,2)
[14:35:50.044] Bot24 executed MOVE_FORWARD
[14:35:50.044] Starting turn for Bot6
[14:35:50.044] Starting turn for Bot24
[14:35:50.044] Bot24 rotated left to face EAST
[14:35:50.044] Bot24 executed ROTATE_LEFT
[14:35:50.044] Starting turn for Bot6
[14:35:50.044] Stalemate detected: State repeated 10 times, unchanged for 1 turns
[14:35:50.044] Game Over! Stalemate detected!
[14:35:50.045] Stalemate detected: State repeated 10 times, unchanged for 1 turns
