[14:35:47.899] === Game Started at 2025-02-04_14-35-47 ===
[14:35:47.899] Game initialized with 2 players
[14:35:47.899] Board size: 10
[14:35:47.899] Obstacle density: 0.05
[14:35:47.899] Max turns: 1000
[14:35:47.899] Player Bot5 starting at position (0,0) facing SOUTH
[14:35:47.899] Player Bot18 starting at position (9,9) facing EAST
[14:35:47.899] Obstacles at positions: (0,8) (2,3) (4,4) (7,5) (8,2)
[14:35:47.899] Starting turn for Bot5
[14:35:47.899] Bot5 rotated left to face EAST
[14:35:47.899] Bot5 executed ROTATE_LEFT
[14:35:47.899] Bot5 moved forward to (0,1)
[14:35:47.899] Bot5 executed MOVE_FORWARD
[14:35:47.899] Starting turn for Bot18
[14:35:47.899] Bot18 rotated left to face NORTH
[14:35:47.899] Bot18 executed ROTATE_LEFT
[14:35:47.899] Bot18 rotated left to face WEST
[14:35:47.899] Bot18 executed ROTATE_LEFT
[14:35:47.899] Bot18 moved forward to (9,8)
[14:35:47.899] Bot18 executed MOVE_FORWARD
[14:35:47.899] Starting turn for Bot5
[14:35:47.899] Bot5 rotated right to face SOUTH
[14:35:47.899] Bot5 executed ROTATE_RIGHT
[14:35:47.899] Bot5 moved forward to (1,1)
[14:35:47.899] Bot5 executed MOVE_FORWARD
[14:35:47.899] Starting turn for Bot18
[14:35:47.899] Bot18 rotated right to face NORTH
[14:35:47.899] Bot18 executed ROTATE_RIGHT
[14:35:47.899] Bot18 moved forward to (8,8)
[14:35:47.899] Bot18 executed MOVE_FORWARD
[14:35:47.899] Starting turn for Bot5
[14:35:47.899] Bot5 rotated left to face EAST
[14:35:47.899] Bot5 executed ROTATE_LEFT
[14:35:47.899] Bot5 moved forward to (1,2)
[14:35:47.899] Bot5 executed MOVE_FORWARD
[14:35:47.899] Starting turn for Bot18
[14:35:47.899] Bot18 rotated left to face WEST
[14:35:47.899] Bot18 executed ROTATE_LEFT
[14:35:47.899] Bot18 moved forward to (8,7)
[14:35:47.899] Bot18 executed MOVE_FORWARD
[14:35:47.899] Starting turn for Bot5
[14:35:47.899] Bot5 rotated right to face SOUTH
[14:35:47.899] Bot5 executed ROTATE_RIGHT
[14:35:47.899] Bot5 moved forward to (2,2)
[14:35:47.899] Bot5 executed MOVE_FORWARD
[14:35:47.899] Starting turn for Bot18
[14:35:47.899] Bot18 rotated right to face NORTH
[14:35:47.899] Bot18 executed ROTATE_RIGHT
[14:35:47.899] Bot18 moved forward to (7,7)
[14:35:47.899] Bot18 executed MOVE_FORWARD
[14:35:47.899] Starting turn for Bot5
[14:35:47.899] Bot5 rotated left to face EAST
[14:35:47.899] Bot5 executed ROTATE_LEFT
[14:35:47.899] Starting turn for Bot18
[14:35:47.899] Bot18 rotated left to face WEST
[14:35:47.899] Bot18 executed ROTATE_LEFT
[14:35:47.899] Bot18 moved forward to (7,6)
[14:35:47.899] Bot18 executed MOVE_FORWARD
[14:35:47.899] Starting turn for Bot5
[14:35:47.899] Starting turn for Bot18
[14:35:47.899] Bot18 rotated right to face NORTH
[14:35:47.899] Bot18 executed ROTATE_RIGHT
[14:35:47.899] Bot18 moved forward to (6,6)
[14:35:47.899] Bot18 executed MOVE_FORWARD
[14:35:47.899] Starting turn for Bot5
[14:35:47.899] Bot5 rotated left to face NORTH
[14:35:47.900] Bot5 executed ROTATE_LEFT
[14:35:47.900] Bot5 moved forward to (1,2)
[14:35:47.900] Bot5 executed MOVE_FORWARD
[14:35:47.900] Starting turn for Bot18
[14:35:47.900] Bot18 rotated left to face WEST
[14:35:47.900] Bot18 executed ROTATE_LEFT
[14:35:47.900] Bot18 moved forward to (6,5)
[14:35:47.900] Bot18 executed MOVE_FORWARD
[14:35:47.900] Starting turn for Bot5
[14:35:47.900] Bot5 rotated left to face WEST
[14:35:47.900] Bot5 executed ROTATE_LEFT
[14:35:47.900] Bot5 rotated left to face SOUTH
[14:35:47.900] Bot5 executed ROTATE_LEFT
[14:35:47.900] Bot5 moved forward to (2,2)
[14:35:47.900] Bot5 executed MOVE_FORWARD
[14:35:47.900] Starting turn for Bot18
[14:35:47.900] Bot18 rotated right to face NORTH
[14:35:47.900] Bot18 executed ROTATE_RIGHT
[14:35:47.900] Bot18 moved forward to (5,5)
[14:35:47.900] Bot18 executed MOVE_FORWARD
[14:35:47.900] Starting turn for Bot5
[14:35:47.900] Bot5 rotated left to face EAST
[14:35:47.900] Bot5 executed ROTATE_LEFT
[14:35:47.900] Starting turn for Bot18
[14:35:47.900] Starting turn for Bot5
[14:35:47.900] Starting turn for Bot18
[14:35:47.900] Starting turn for Bot5
[14:35:47.900] Bot5 rotated left to face NORTH
[14:35:47.900] Bot5 executed ROTATE_LEFT
[14:35:47.900] Bot5 moved forward to (1,2)
[14:35:47.900] Bot5 executed MOVE_FORWARD
[14:35:47.900] Starting turn for Bot18
[14:35:47.900] Starting turn for Bot5
[14:35:47.900] Bot5 rotated left to face WEST
[14:35:47.900] Bot5 executed ROTATE_LEFT
[14:35:47.900] Bot5 rotated left to face SOUTH
[14:35:47.900] Bot5 executed ROTATE_LEFT
[14:35:47.900] Bot5 moved forward to (2,2)
[14:35:47.900] Bot5 executed MOVE_FORWARD
[14:35:47.900] Starting turn for Bot18
[14:35:47.900] Starting turn for Bot5
[14:35:47.900] Bot5 rotated left to face EAST
[14:35:47.900] Bot5 executed ROTATE_LEFT
[14:35:47.900] Starting turn for Bot18
[14:35:47.900] Starting turn for Bot5
[14:35:47.900] Starting turn for Bot18
[14:35:47.900] Starting turn for Bot5
[14:35:47.900] Bot5 rotated left to face NORTH
[14:35:47.900] Bot5 executed ROTATE_LEFT
[14:35:47.900] Bot5 moved forward to (1,2)
[14:35:47.900] Bot5 executed MOVE_FORWARD
[14:35:47.900] Starting turn for Bot18
[14:35:47.900] Starting turn for Bot5
[14:35:47.900] Bot5 rotated left to face WEST
[14:35:47.900] Bot5 executed ROTATE_LEFT
[14:35:47.900] Bot5 rotated left to face SOUTH
[14:35:47.900] Bot5 executed ROTATE_LEFT
[14:35:47.900] Bot5 moved forward to (2,2)
[14:35:47.900] Bot5 executed MOVE_FORWARD
[14:35:47.900] Starting turn for Bot18
[14:35:47.900] Starting turn for Bot5
[14:35:47.900] Bot5 rotated left to face EAST
[14:35:47.900] Bot5 executed ROTATE_LEFT
[14:35:47.900] Starting turn for Bot18
[14:35:47.900] Starting turn for Bot5
[14:35:47.900] Starting turn for Bot18
[14:35:47.900] Starting turn for Bot5
[14:35:47.900] Bot5 rotated left to face NORTH
[14:35:47.900] Bot5 executed ROTATE_LEFT
[14:35:47.900] Bot5 moved forward to (1,2)
[14:35:47.900] Bot5 executed MOVE_FORWARD
[14:35:47.900] Starting turn for Bot18
[14:35:47.900] Starting turn for Bot5
[14:35:47.900] Bot5 rotated left to face WEST
[14:35:47.900] Bot5 executed ROTATE_LEFT
[14:35:47.900] Bot5 rotated left to face SOUTH
[14:35:47.900] Bot5 executed ROTATE_LEFT
[14:35:47.900] Bot5 moved forward to (2,2)
[14:35:47.900] Bot5 executed MOVE_FORWARD
[14:35:47.900] Starting turn for Bot18
[14:35:47.900] Starting turn for Bot5
[14:35:47.900] Bot5 rotated left to face EAST
[14:35:47.900] Bot5 executed ROTATE_LEFT
[14:35:47.900] Starting turn for Bot18
[14:35:47.900] Stalemate detected: State repeated 10 times, unchanged for 1 turns
[14:35:47.900] Game Over! Stalemate detected!
[14:35:47.900] Stalemate detected: State repeated 10 times, unchanged for 1 turns
