[14:35:46.786] === Game Started at 2025-02-04_14-35-46 ===
[14:35:46.786] Game initialized with 2 players
[14:35:46.786] Board size: 10
[14:35:46.786] Obstacle density: 0.05
[14:35:46.786] Max turns: 1000
[14:35:46.786] Player Bot34 starting at position (0,0) facing SOUTH
[14:35:46.786] Player Bot4 starting at position (9,9) facing WEST
[14:35:46.786] Obstacles at positions: (1,4) (3,3) (5,5) (5,8) (9,2)
[14:35:46.786] Starting turn for Bot34
[14:35:46.786] Bot34 rotated left to face EAST
[14:35:46.786] Bot34 executed ROTATE_LEFT
[14:35:46.786] Bot34 moved forward to (0,1)
[14:35:46.786] Bot34 executed MOVE_FORWARD
[14:35:46.787] Starting turn for Bot4
[14:35:46.787] Bot4 moved forward to (9,8)
[14:35:46.787] Bot4 executed MOVE_FORWARD
[14:35:46.787] Starting turn for Bot34
[14:35:46.787] Bot34 rotated right to face SOUTH
[14:35:46.787] Bot34 executed ROTATE_RIGHT
[14:35:46.787] Bot34 moved forward to (1,1)
[14:35:46.787] Bot34 executed MOVE_FORWARD
[14:35:46.787] Starting turn for Bot4
[14:35:46.787] Bot4 rotated right to face NORTH
[14:35:46.787] Bot4 executed ROTATE_RIGHT
[14:35:46.787] Bot4 moved forward to (8,8)
[14:35:46.787] Bot4 executed MOVE_FORWARD
[14:35:46.787] Starting turn for Bot34
[14:35:46.787] Bot34 rotated left to face EAST
[14:35:46.787] Bot34 executed ROTATE_LEFT
[14:35:46.787] Bot34 moved forward to (1,2)
[14:35:46.787] Bot34 executed MOVE_FORWARD
[14:35:46.787] Starting turn for Bot4
[14:35:46.787] Bot4 rotated left to face WEST
[14:35:46.787] Bot4 executed ROTATE_LEFT
[14:35:46.787] Bot4 moved forward to (8,7)
[14:35:46.787] Bot4 executed MOVE_FORWARD
[14:35:46.787] Starting turn for Bot34
[14:35:46.787] Bot34 rotated right to face SOUTH
[14:35:46.787] Bot34 executed ROTATE_RIGHT
[14:35:46.787] Bot34 moved forward to (2,2)
[14:35:46.787] Bot34 executed MOVE_FORWARD
[14:35:46.787] Starting turn for Bot4
[14:35:46.787] Bot4 rotated right to face NORTH
[14:35:46.787] Bot4 executed ROTATE_RIGHT
[14:35:46.787] Bot4 moved forward to (7,7)
[14:35:46.787] Bot4 executed MOVE_FORWARD
[14:35:46.787] Starting turn for Bot34
[14:35:46.787] Bot34 rotated left to face EAST
[14:35:46.787] Bot34 executed ROTATE_LEFT
[14:35:46.787] Bot34 moved forward to (2,3)
[14:35:46.787] Bot34 executed MOVE_FORWARD
[14:35:46.787] Starting turn for Bot4
[14:35:46.787] Bot4 rotated left to face WEST
[14:35:46.787] Bot4 executed ROTATE_LEFT
[14:35:46.787] Bot4 moved forward to (7,6)
[14:35:46.787] Bot4 executed MOVE_FORWARD
[14:35:46.787] Starting turn for Bot34
[14:35:46.787] Bot34 rotated right to face SOUTH
[14:35:46.787] Bot34 executed ROTATE_RIGHT
[14:35:46.787] Starting turn for Bot4
[14:35:46.787] Bot4 rotated right to face NORTH
[14:35:46.787] Bot4 executed ROTATE_RIGHT
[14:35:46.787] Bot4 moved forward to (6,6)
[14:35:46.787] Bot4 executed MOVE_FORWARD
[14:35:46.787] Starting turn for Bot34
[14:35:46.787] Starting turn for Bot4
[14:35:46.787] Bot4 rotated left to face WEST
[14:35:46.787] Bot4 executed ROTATE_LEFT
[14:35:46.787] Bot4 moved forward to (6,5)
[14:35:46.787] Bot4 executed MOVE_FORWARD
[14:35:46.787] Starting turn for Bot34
[14:35:46.787] Bot34 rotated left to face EAST
[14:35:46.787] Bot34 executed ROTATE_LEFT
[14:35:46.787] Bot34 rotated left to face NORTH
[14:35:46.787] Bot34 executed ROTATE_LEFT
[14:35:46.787] Bot34 moved forward to (1,3)
[14:35:46.787] Bot34 executed MOVE_FORWARD
[14:35:46.787] Starting turn for Bot4
[14:35:46.787] Bot4 rotated right to face NORTH
[14:35:46.787] Bot4 executed ROTATE_RIGHT
[14:35:46.787] Starting turn for Bot34
[14:35:46.787] Bot34 rotated left to face WEST
[14:35:46.787] Bot34 executed ROTATE_LEFT
[14:35:46.787] Bot34 rotated left to face SOUTH
[14:35:46.787] Bot34 executed ROTATE_LEFT
[14:35:46.787] Bot34 moved forward to (2,3)
[14:35:46.787] Bot34 executed MOVE_FORWARD
[14:35:46.787] Starting turn for Bot4
[14:35:46.787] Starting turn for Bot34
[14:35:46.787] Starting turn for Bot4
[14:35:46.787] Bot4 rotated right to face EAST
[14:35:46.787] Bot4 executed ROTATE_RIGHT
[14:35:46.787] Bot4 moved forward to (6,6)
[14:35:46.787] Bot4 executed MOVE_FORWARD
[14:35:46.787] Starting turn for Bot34
[14:35:46.787] Starting turn for Bot4
[14:35:46.787] Bot4 rotated left to face NORTH
[14:35:46.787] Bot4 executed ROTATE_LEFT
[14:35:46.787] Bot4 rotated left to face WEST
[14:35:46.787] Bot4 executed ROTATE_LEFT
[14:35:46.787] Bot4 moved forward to (6,5)
[14:35:46.787] Bot4 executed MOVE_FORWARD
[14:35:46.787] Starting turn for Bot34
[14:35:46.787] Bot34 rotated left to face EAST
[14:35:46.787] Bot34 executed ROTATE_LEFT
[14:35:46.787] Bot34 rotated left to face NORTH
[14:35:46.787] Bot34 executed ROTATE_LEFT
[14:35:46.787] Bot34 moved forward to (1,3)
[14:35:46.787] Bot34 executed MOVE_FORWARD
[14:35:46.787] Starting turn for Bot4
[14:35:46.787] Bot4 rotated right to face NORTH
[14:35:46.787] Bot4 executed ROTATE_RIGHT
[14:35:46.787] Starting turn for Bot34
[14:35:46.787] Bot34 rotated left to face WEST
[14:35:46.787] Bot34 executed ROTATE_LEFT
[14:35:46.787] Bot34 rotated left to face SOUTH
[14:35:46.787] Bot34 executed ROTATE_LEFT
[14:35:46.787] Bot34 moved forward to (2,3)
[14:35:46.787] Bot34 executed MOVE_FORWARD
[14:35:46.787] Starting turn for Bot4
[14:35:46.787] Starting turn for Bot34
[14:35:46.787] Starting turn for Bot4
[14:35:46.787] Bot4 rotated right to face EAST
[14:35:46.787] Bot4 executed ROTATE_RIGHT
[14:35:46.787] Bot4 moved forward to (6,6)
[14:35:46.787] Bot4 executed MOVE_FORWARD
[14:35:46.787] Starting turn for Bot34
[14:35:46.787] Starting turn for Bot4
[14:35:46.787] Bot4 rotated left to face NORTH
[14:35:46.787] Bot4 executed ROTATE_LEFT
[14:35:46.787] Bot4 rotated left to face WEST
[14:35:46.787] Bot4 executed ROTATE_LEFT
[14:35:46.787] Bot4 moved forward to (6,5)
[14:35:46.787] Bot4 executed MOVE_FORWARD
[14:35:46.787] Starting turn for Bot34
[14:35:46.787] Bot34 rotated left to face EAST
[14:35:46.787] Bot34 executed ROTATE_LEFT
[14:35:46.787] Bot34 rotated left to face NORTH
[14:35:46.787] Bot34 executed ROTATE_LEFT
[14:35:46.787] Bot34 moved forward to (1,3)
[14:35:46.787] Bot34 executed MOVE_FORWARD
[14:35:46.787] Starting turn for Bot4
[14:35:46.787] Bot4 rotated right to face NORTH
[14:35:46.787] Bot4 executed ROTATE_RIGHT
[14:35:46.787] Starting turn for Bot34
[14:35:46.787] Bot34 rotated left to face WEST
[14:35:46.787] Bot34 executed ROTATE_LEFT
[14:35:46.787] Bot34 rotated left to face SOUTH
[14:35:46.787] Bot34 executed ROTATE_LEFT
[14:35:46.787] Bot34 moved forward to (2,3)
[14:35:46.787] Bot34 executed MOVE_FORWARD
[14:35:46.787] Starting turn for Bot4
[14:35:46.787] Starting turn for Bot34
[14:35:46.787] Starting turn for Bot4
[14:35:46.787] Bot4 rotated right to face EAST
[14:35:46.787] Bot4 executed ROTATE_RIGHT
[14:35:46.787] Bot4 moved forward to (6,6)
[14:35:46.787] Bot4 executed MOVE_FORWARD
[14:35:46.787] Starting turn for Bot34
[14:35:46.787] Starting turn for Bot4
[14:35:46.787] Bot4 rotated left to face NORTH
[14:35:46.787] Bot4 executed ROTATE_LEFT
[14:35:46.787] Bot4 rotated left to face WEST
[14:35:46.787] Bot4 executed ROTATE_LEFT
[14:35:46.787] Bot4 moved forward to (6,5)
[14:35:46.787] Bot4 executed MOVE_FORWARD
[14:35:46.787] Starting turn for Bot34
[14:35:46.787] Bot34 rotated left to face EAST
[14:35:46.787] Bot34 executed ROTATE_LEFT
[14:35:46.787] Bot34 rotated left to face NORTH
[14:35:46.787] Bot34 executed ROTATE_LEFT
[14:35:46.787] Bot34 moved forward to (1,3)
[14:35:46.787] Bot34 executed MOVE_FORWARD
[14:35:46.787] Starting turn for Bot4
[14:35:46.787] Bot4 rotated right to face NORTH
[14:35:46.787] Bot4 executed ROTATE_RIGHT
[14:35:46.787] Starting turn for Bot34
[14:35:46.787] Bot34 rotated left to face WEST
[14:35:46.787] Bot34 executed ROTATE_LEFT
[14:35:46.787] Bot34 rotated left to face SOUTH
[14:35:46.787] Bot34 executed ROTATE_LEFT
[14:35:46.787] Bot34 moved forward to (2,3)
[14:35:46.787] Bot34 executed MOVE_FORWARD
[14:35:46.787] Starting turn for Bot4
[14:35:46.787] Stalemate detected: State repeated 10 times, unchanged for 3 turns
[14:35:46.787] Game Over! Stalemate detected!
[14:35:46.787] Stalemate detected: State repeated 10 times, unchanged for 3 turns
