[14:35:45.263] === Game Started at 2025-02-04_14-35-45 ===
[14:35:45.263] Game initialized with 2 players
[14:35:45.263] Board size: 10
[14:35:45.263] Obstacle density: 0.05
[14:35:45.263] Max turns: 1000
[14:35:45.263] Player Bot9 starting at position (0,0) facing WEST
[14:35:45.263] Player Bot4 starting at position (9,9) facing SOUTH
[14:35:45.263] Obstacles at positions: (0,1) (1,2) (1,3) (4,1) (5,9)
[14:35:45.263] Starting turn for Bot9
[14:35:45.263] Bot9 rotated left to face SOUTH
[14:35:45.263] Bot9 executed ROTATE_LEFT
[14:35:45.263] Bot9 rotated left to face EAST
[14:35:45.263] Bot9 executed ROTATE_LEFT
[14:35:45.263] Starting turn for Bot4
[14:35:45.263] Bot4 rotated right to face WEST
[14:35:45.263] Bot4 executed ROTATE_RIGHT
[14:35:45.263] Bot4 moved forward to (9,8)
[14:35:45.263] Bot4 executed MOVE_FORWARD
[14:35:45.263] Starting turn for Bot9
[14:35:45.263] Starting turn for Bot4
[14:35:45.263] Bot4 rotated right to face NORTH
[14:35:45.263] Bot4 executed ROTATE_RIGHT
[14:35:45.263] Bot4 moved forward to (8,8)
[14:35:45.263] Bot4 executed MOVE_FORWARD
[14:35:45.263] Starting turn for Bot9
[14:35:45.263] Bot9 rotated right to face SOUTH
[14:35:45.263] Bot9 executed ROTATE_RIGHT
[14:35:45.263] Bot9 moved forward to (1,0)
[14:35:45.263] Bot9 executed MOVE_FORWARD
[14:35:45.263] Starting turn for Bot4
[14:35:45.263] Bot4 rotated left to face WEST
[14:35:45.263] Bot4 executed ROTATE_LEFT
[14:35:45.263] Bot4 moved forward to (8,7)
[14:35:45.263] Bot4 executed MOVE_FORWARD
[14:35:45.263] Starting turn for Bot9
[14:35:45.263] Bot9 rotated left to face EAST
[14:35:45.263] Bot9 executed ROTATE_LEFT
[14:35:45.263] Bot9 moved forward to (1,1)
[14:35:45.263] Bot9 executed MOVE_FORWARD
[14:35:45.263] Starting turn for Bot4
[14:35:45.263] Bot4 rotated right to face NORTH
[14:35:45.263] Bot4 executed ROTATE_RIGHT
[14:35:45.263] Bot4 moved forward to (7,7)
[14:35:45.263] Bot4 executed MOVE_FORWARD
[14:35:45.263] Starting turn for Bot9
[14:35:45.263] Starting turn for Bot4
[14:35:45.263] Bot4 rotated left to face WEST
[14:35:45.263] Bot4 executed ROTATE_LEFT
[14:35:45.263] Bot4 moved forward to (7,6)
[14:35:45.263] Bot4 executed MOVE_FORWARD
[14:35:45.263] Starting turn for Bot9
[14:35:45.263] Starting turn for Bot4
[14:35:45.263] Bot4 rotated right to face NORTH
[14:35:45.263] Bot4 executed ROTATE_RIGHT
[14:35:45.263] Bot4 moved forward to (6,6)
[14:35:45.263] Bot4 executed MOVE_FORWARD
[14:35:45.263] Starting turn for Bot9
[14:35:45.263] Bot9 rotated right to face SOUTH
[14:35:45.263] Bot9 executed ROTATE_RIGHT
[14:35:45.263] Bot9 moved forward to (2,1)
[14:35:45.263] Bot9 executed MOVE_FORWARD
[14:35:45.263] Starting turn for Bot4
[14:35:45.263] Bot4 rotated left to face WEST
[14:35:45.263] Bot4 executed ROTATE_LEFT
[14:35:45.263] Bot4 moved forward to (6,5)
[14:35:45.263] Bot4 executed MOVE_FORWARD
[14:35:45.263] Starting turn for Bot9
[14:35:45.263] Bot9 rotated left to face EAST
[14:35:45.263] Bot9 executed ROTATE_LEFT
[14:35:45.263] Bot9 moved forward to (2,2)
[14:35:45.263] Bot9 executed MOVE_FORWARD
[14:35:45.263] Starting turn for Bot4
[14:35:45.263] Bot4 rotated right to face NORTH
[14:35:45.263] Bot4 executed ROTATE_RIGHT
[14:35:45.263] Bot4 moved forward to (5,5)
[14:35:45.263] Bot4 executed MOVE_FORWARD
[14:35:45.263] Starting turn for Bot9
[14:35:45.263] Bot9 moved forward to (2,3)
[14:35:45.263] Bot9 executed MOVE_FORWARD
[14:35:45.263] Starting turn for Bot4
[14:35:45.263] Starting turn for Bot9
[14:35:45.263] Bot9 rotated right to face SOUTH
[14:35:45.263] Bot9 executed ROTATE_RIGHT
[14:35:45.263] Bot9 moved forward to (3,3)
[14:35:45.263] Bot9 executed MOVE_FORWARD
[14:35:45.263] Starting turn for Bot4
[14:35:45.263] Starting turn for Bot9
[14:35:45.263] Bot9 rotated left to face EAST
[14:35:45.263] Bot9 executed ROTATE_LEFT
[14:35:45.263] Bot9 moved forward to (3,4)
[14:35:45.263] Bot9 executed MOVE_FORWARD
[14:35:45.263] Starting turn for Bot4
[14:35:45.263] Starting turn for Bot9
[14:35:45.263] Bot9 rotated right to face SOUTH
[14:35:45.263] Bot9 executed ROTATE_RIGHT
[14:35:45.263] Bot9 moved forward to (4,4)
[14:35:45.263] Bot9 executed MOVE_FORWARD
[14:35:45.263] Starting turn for Bot4
[14:35:45.263] Starting turn for Bot9
[14:35:45.263] Bot9 rotated left to face EAST
[14:35:45.263] Bot9 executed ROTATE_LEFT
[14:35:45.263] Bot9 moved forward to (4,5)
[14:35:45.263] Bot9 executed MOVE_FORWARD
[14:35:45.263] Starting turn for Bot4
[14:35:45.263] Bot4 shooting in direction NORTH
[14:35:45.263] Bot4 hit Bot9 for 25 damage (health: 100 -> 75)
[14:35:45.263] Bot4 executed SHOOT
[14:35:45.263] Starting turn for Bot9
[14:35:45.263] Bot9 rotated right to face SOUTH
[14:35:45.263] Bot9 executed ROTATE_RIGHT
[14:35:45.263] Starting turn for Bot4
[14:35:45.263] Bot4 shooting in direction NORTH
[14:35:45.263] Bot4 hit Bot9 for 25 damage (health: 75 -> 50)
[14:35:45.263] Bot4 executed SHOOT
[14:35:45.263] Starting turn for Bot9
[14:35:45.263] Bot9 shooting in direction SOUTH
[14:35:45.263] Bot9 hit Bot4 for 25 damage (health: 100 -> 75)
[14:35:45.263] Bot9 executed SHOOT
[14:35:45.263] Starting turn for Bot4
[14:35:45.263] Bot4 shooting in direction NORTH
[14:35:45.263] Bot4 hit Bot9 for 25 damage (health: 50 -> 25)
[14:35:45.263] Bot4 executed SHOOT
[14:35:45.263] Starting turn for Bot9
[14:35:45.263] Bot9 shooting in direction SOUTH
[14:35:45.263] Bot9 hit Bot4 for 25 damage (health: 75 -> 50)
[14:35:45.263] Bot9 executed SHOOT
[14:35:45.263] Starting turn for Bot4
[14:35:45.263] Bot4 shooting in direction NORTH
[14:35:45.263] Bot4 hit Bot9 for 25 damage (health: 25 -> 0)
[14:35:45.263] Bot9 was destroyed!
[14:35:45.263] Bot4 is the last tank standing!
[14:35:45.263] Bot4 executed SHOOT
[14:35:45.263] Game Over! Bot4 wins!
[14:35:45.263] === Game Ended ===
