[19:20:39.461] === Game Started at 2025-01-16_19-20-39 ===
[19:20:39.462] Game initialized with 2 players
[19:20:39.462] Board size: 10
[19:20:39.462] Obstacle density: 0.05
[19:20:39.462] Max turns: 1000
[19:20:39.462] Player Bot4 starting at position (0,0) facing SOUTH
[19:20:39.462] Player Bot2 starting at position (9,9) facing NORTH
[19:20:39.462] Obstacles at positions: (1,2) (2,5) (6,3) (7,0) (8,9)
[19:20:39.462] Starting turn for Bot4
[19:20:39.462] Bot4 rotated left to face EAST
[19:20:39.462] Bot4 executed ROTATE_LEFT
[19:20:39.462] Bot4 moved forward to (0,1)
[19:20:39.462] Bot4 executed MOVE_FORWARD
[19:20:39.462] Starting turn for Bot2
[19:20:39.462] Bot2 rotated left to face WEST
[19:20:39.462] Bot2 executed ROTATE_LEFT
[19:20:39.462] Bot2 moved forward to (9,8)
[19:20:39.462] Bot2 executed MOVE_FORWARD
[19:20:39.462] Starting turn for Bot4
[19:20:39.462] Bot4 rotated right to face SOUTH
[19:20:39.462] Bot4 executed ROTATE_RIGHT
[19:20:39.462] Bot4 moved forward to (1,1)
[19:20:39.462] Bot4 executed MOVE_FORWARD
[19:20:39.462] Starting turn for Bot2
[19:20:39.462] Bot2 rotated right to face NORTH
[19:20:39.462] Bot2 executed ROTATE_RIGHT
[19:20:39.462] Bot2 moved forward to (8,8)
[19:20:39.462] Bot2 executed MOVE_FORWARD
[19:20:39.462] Starting turn for Bot4
[19:20:39.462] Bot4 rotated left to face EAST
[19:20:39.462] Bot4 executed ROTATE_LEFT
[19:20:39.462] Starting turn for Bot2
[19:20:39.462] Bot2 rotated left to face WEST
[19:20:39.462] Bot2 executed ROTATE_LEFT
[19:20:39.462] Bot2 moved forward to (8,7)
[19:20:39.462] Bot2 executed MOVE_FORWARD
[19:20:39.462] Starting turn for Bot4
[19:20:39.462] Starting turn for Bot2
[19:20:39.462] Bot2 rotated right to face NORTH
[19:20:39.462] Bot2 executed ROTATE_RIGHT
[19:20:39.462] Bot2 moved forward to (7,7)
[19:20:39.462] Bot2 executed MOVE_FORWARD
[19:20:39.462] Starting turn for Bot4
[19:20:39.462] Bot4 rotated left to face NORTH
[19:20:39.462] Bot4 executed ROTATE_LEFT
[19:20:39.462] Bot4 moved forward to (0,1)
[19:20:39.462] Bot4 executed MOVE_FORWARD
[19:20:39.462] Starting turn for Bot2
[19:20:39.462] Bot2 rotated left to face WEST
[19:20:39.462] Bot2 executed ROTATE_LEFT
[19:20:39.462] Bot2 moved forward to (7,6)
[19:20:39.462] Bot2 executed MOVE_FORWARD
[19:20:39.462] Starting turn for Bot4
[19:20:39.462] Bot4 rotated left to face WEST
[19:20:39.462] Bot4 executed ROTATE_LEFT
[19:20:39.462] Bot4 rotated left to face SOUTH
[19:20:39.462] Bot4 executed ROTATE_LEFT
[19:20:39.462] Bot4 moved forward to (1,1)
[19:20:39.462] Bot4 executed MOVE_FORWARD
[19:20:39.462] Starting turn for Bot2
[19:20:39.462] Bot2 rotated right to face NORTH
[19:20:39.462] Bot2 executed ROTATE_RIGHT
[19:20:39.462] Bot2 moved forward to (6,6)
[19:20:39.462] Bot2 executed MOVE_FORWARD
[19:20:39.462] Starting turn for Bot4
[19:20:39.462] Bot4 rotated left to face EAST
[19:20:39.462] Bot4 executed ROTATE_LEFT
[19:20:39.462] Starting turn for Bot2
[19:20:39.462] Bot2 rotated left to face WEST
[19:20:39.462] Bot2 executed ROTATE_LEFT
[19:20:39.462] Bot2 moved forward to (6,5)
[19:20:39.462] Bot2 executed MOVE_FORWARD
[19:20:39.462] Starting turn for Bot4
[19:20:39.462] Starting turn for Bot2
[19:20:39.462] Bot2 rotated right to face NORTH
[19:20:39.462] Bot2 executed ROTATE_RIGHT
[19:20:39.462] Bot2 moved forward to (5,5)
[19:20:39.462] Bot2 executed MOVE_FORWARD
[19:20:39.462] Starting turn for Bot4
[19:20:39.462] Bot4 rotated left to face NORTH
[19:20:39.462] Bot4 executed ROTATE_LEFT
[19:20:39.462] Bot4 moved forward to (0,1)
[19:20:39.462] Bot4 executed MOVE_FORWARD
[19:20:39.463] Starting turn for Bot2
[19:20:39.463] Starting turn for Bot4
[19:20:39.463] Bot4 rotated left to face WEST
[19:20:39.463] Bot4 executed ROTATE_LEFT
[19:20:39.463] Bot4 rotated left to face SOUTH
[19:20:39.463] Bot4 executed ROTATE_LEFT
[19:20:39.463] Bot4 moved forward to (1,1)
[19:20:39.463] Bot4 executed MOVE_FORWARD
[19:20:39.463] Starting turn for Bot2
[19:20:39.463] Starting turn for Bot4
[19:20:39.463] Bot4 rotated left to face EAST
[19:20:39.463] Bot4 executed ROTATE_LEFT
[19:20:39.463] Starting turn for Bot2
[19:20:39.463] Starting turn for Bot4
[19:20:39.463] Starting turn for Bot2
[19:20:39.463] Starting turn for Bot4
[19:20:39.463] Bot4 rotated left to face NORTH
[19:20:39.463] Bot4 executed ROTATE_LEFT
[19:20:39.463] Bot4 moved forward to (0,1)
[19:20:39.463] Bot4 executed MOVE_FORWARD
[19:20:39.463] Starting turn for Bot2
[19:20:39.463] Starting turn for Bot4
[19:20:39.463] Bot4 rotated left to face WEST
[19:20:39.463] Bot4 executed ROTATE_LEFT
[19:20:39.463] Bot4 rotated left to face SOUTH
[19:20:39.463] Bot4 executed ROTATE_LEFT
[19:20:39.463] Bot4 moved forward to (1,1)
[19:20:39.463] Bot4 executed MOVE_FORWARD
[19:20:39.463] Starting turn for Bot2
[19:20:39.463] Starting turn for Bot4
[19:20:39.463] Bot4 rotated left to face EAST
[19:20:39.463] Bot4 executed ROTATE_LEFT
[19:20:39.463] Starting turn for Bot2
[19:20:39.463] Starting turn for Bot4
[19:20:39.463] Starting turn for Bot2
[19:20:39.463] Starting turn for Bot4
[19:20:39.463] Bot4 rotated left to face NORTH
[19:20:39.463] Bot4 executed ROTATE_LEFT
[19:20:39.463] Bot4 moved forward to (0,1)
[19:20:39.463] Bot4 executed MOVE_FORWARD
[19:20:39.463] Starting turn for Bot2
[19:20:39.463] Starting turn for Bot4
[19:20:39.463] Bot4 rotated left to face WEST
[19:20:39.463] Bot4 executed ROTATE_LEFT
[19:20:39.463] Bot4 rotated left to face SOUTH
[19:20:39.463] Bot4 executed ROTATE_LEFT
[19:20:39.463] Bot4 moved forward to (1,1)
[19:20:39.463] Bot4 executed MOVE_FORWARD
[19:20:39.463] Starting turn for Bot2
[19:20:39.463] Starting turn for Bot4
[19:20:39.463] Bot4 rotated left to face EAST
[19:20:39.463] Bot4 executed ROTATE_LEFT
[19:20:39.463] Starting turn for Bot2
[19:20:39.463] Starting turn for Bot4
[19:20:39.463] Starting turn for Bot2
[19:20:39.463] Stalemate detected: State repeated 10 times, unchanged for 3 turns
[19:20:39.463] Game Over! Stalemate detected!
[19:20:39.463] Stalemate detected: State repeated 10 times, unchanged for 3 turns
