[14:36:00.275] === Game Started at 2025-02-04_14-36-00 ===
[14:36:00.275] Game initialized with 2 players
[14:36:00.275] Board size: 10
[14:36:00.275] Obstacle density: 0.05
[14:36:00.275] Max turns: 1000
[14:36:00.275] Player Bot35 starting at position (0,0) facing EAST
[14:36:00.275] Player Bot13 starting at position (9,9) facing WEST
[14:36:00.275] Obstacles at positions: (5,9) (6,0) (6,5) (8,8) (9,1)
[14:36:00.275] Starting turn for Bot35
[14:36:00.275] Bot35 moved forward to (0,1)
[14:36:00.275] Bot35 executed MOVE_FORWARD
[14:36:00.275] Starting turn for Bot13
[14:36:00.275] Bot13 moved forward to (9,8)
[14:36:00.275] Bot13 executed MOVE_FORWARD
[14:36:00.275] Starting turn for Bot35
[14:36:00.275] Bot35 rotated right to face SOUTH
[14:36:00.275] Bot35 executed ROTATE_RIGHT
[14:36:00.275] Bot35 moved forward to (1,1)
[14:36:00.275] Bot35 executed MOVE_FORWARD
[14:36:00.275] Starting turn for Bot13
[14:36:00.275] Bot13 rotated right to face NORTH
[14:36:00.275] Bot13 executed ROTATE_RIGHT
[14:36:00.275] Starting turn for Bot35
[14:36:00.275] Bot35 rotated left to face EAST
[14:36:00.275] Bot35 executed ROTATE_LEFT
[14:36:00.275] Bot35 moved forward to (1,2)
[14:36:00.275] Bot35 executed MOVE_FORWARD
[14:36:00.275] Starting turn for Bot13
[14:36:00.275] Starting turn for Bot35
[14:36:00.275] Bot35 rotated right to face SOUTH
[14:36:00.275] Bot35 executed ROTATE_RIGHT
[14:36:00.275] Bot35 moved forward to (2,2)
[14:36:00.275] Bot35 executed MOVE_FORWARD
[14:36:00.275] Starting turn for Bot13
[14:36:00.275] Bot13 rotated right to face EAST
[14:36:00.275] Bot13 executed ROTATE_RIGHT
[14:36:00.275] Bot13 moved forward to (9,9)
[14:36:00.275] Bot13 executed MOVE_FORWARD
[14:36:00.275] Starting turn for Bot35
[14:36:00.275] Bot35 rotated left to face EAST
[14:36:00.275] Bot35 executed ROTATE_LEFT
[14:36:00.275] Bot35 moved forward to (2,3)
[14:36:00.275] Bot35 executed MOVE_FORWARD
[14:36:00.275] Starting turn for Bot13
[14:36:00.275] Bot13 rotated left to face NORTH
[14:36:00.275] Bot13 executed ROTATE_LEFT
[14:36:00.275] Bot13 rotated left to face WEST
[14:36:00.275] Bot13 executed ROTATE_LEFT
[14:36:00.275] Bot13 moved forward to (9,8)
[14:36:00.275] Bot13 executed MOVE_FORWARD
[14:36:00.275] Starting turn for Bot35
[14:36:00.275] Bot35 rotated right to face SOUTH
[14:36:00.275] Bot35 executed ROTATE_RIGHT
[14:36:00.275] Bot35 moved forward to (3,3)
[14:36:00.275] Bot35 executed MOVE_FORWARD
[14:36:00.275] Starting turn for Bot13
[14:36:00.275] Bot13 rotated right to face NORTH
[14:36:00.275] Bot13 executed ROTATE_RIGHT
[14:36:00.275] Starting turn for Bot35
[14:36:00.275] Bot35 rotated left to face EAST
[14:36:00.275] Bot35 executed ROTATE_LEFT
[14:36:00.275] Bot35 moved forward to (3,4)
[14:36:00.275] Bot35 executed MOVE_FORWARD
[14:36:00.275] Starting turn for Bot13
[14:36:00.275] Starting turn for Bot35
[14:36:00.275] Bot35 rotated right to face SOUTH
[14:36:00.275] Bot35 executed ROTATE_RIGHT
[14:36:00.275] Bot35 moved forward to (4,4)
[14:36:00.275] Bot35 executed MOVE_FORWARD
[14:36:00.275] Starting turn for Bot13
[14:36:00.275] Bot13 rotated right to face EAST
[14:36:00.275] Bot13 executed ROTATE_RIGHT
[14:36:00.275] Bot13 moved forward to (9,9)
[14:36:00.275] Bot13 executed MOVE_FORWARD
[14:36:00.275] Starting turn for Bot35
[14:36:00.275] Bot35 rotated left to face EAST
[14:36:00.275] Bot35 executed ROTATE_LEFT
[14:36:00.275] Bot35 moved forward to (4,5)
[14:36:00.275] Bot35 executed MOVE_FORWARD
[14:36:00.275] Starting turn for Bot13
[14:36:00.275] Bot13 rotated left to face NORTH
[14:36:00.275] Bot13 executed ROTATE_LEFT
[14:36:00.275] Bot13 rotated left to face WEST
[14:36:00.275] Bot13 executed ROTATE_LEFT
[14:36:00.275] Bot13 moved forward to (9,8)
[14:36:00.275] Bot13 executed MOVE_FORWARD
[14:36:00.275] Starting turn for Bot35
[14:36:00.275] Bot35 rotated right to face SOUTH
[14:36:00.275] Bot35 executed ROTATE_RIGHT
[14:36:00.275] Bot35 moved forward to (5,5)
[14:36:00.275] Bot35 executed MOVE_FORWARD
[14:36:00.275] Starting turn for Bot13
[14:36:00.275] Bot13 rotated right to face NORTH
[14:36:00.275] Bot13 executed ROTATE_RIGHT
[14:36:00.275] Starting turn for Bot35
[14:36:00.275] Starting turn for Bot13
[14:36:00.275] Starting turn for Bot35
[14:36:00.275] Starting turn for Bot13
[14:36:00.275] Bot13 rotated right to face EAST
[14:36:00.275] Bot13 executed ROTATE_RIGHT
[14:36:00.275] Bot13 moved forward to (9,9)
[14:36:00.275] Bot13 executed MOVE_FORWARD
[14:36:00.275] Starting turn for Bot35
[14:36:00.275] Starting turn for Bot13
[14:36:00.275] Bot13 rotated left to face NORTH
[14:36:00.275] Bot13 executed ROTATE_LEFT
[14:36:00.275] Bot13 rotated left to face WEST
[14:36:00.275] Bot13 executed ROTATE_LEFT
[14:36:00.275] Bot13 moved forward to (9,8)
[14:36:00.275] Bot13 executed MOVE_FORWARD
[14:36:00.275] Starting turn for Bot35
[14:36:00.275] Starting turn for Bot13
[14:36:00.275] Bot13 rotated right to face NORTH
[14:36:00.275] Bot13 executed ROTATE_RIGHT
[14:36:00.275] Starting turn for Bot35
[14:36:00.275] Starting turn for Bot13
[14:36:00.275] Starting turn for Bot35
[14:36:00.275] Starting turn for Bot13
[14:36:00.275] Bot13 rotated right to face EAST
[14:36:00.275] Bot13 executed ROTATE_RIGHT
[14:36:00.275] Bot13 moved forward to (9,9)
[14:36:00.275] Bot13 executed MOVE_FORWARD
[14:36:00.275] Starting turn for Bot35
[14:36:00.275] Starting turn for Bot13
[14:36:00.275] Bot13 rotated left to face NORTH
[14:36:00.275] Bot13 executed ROTATE_LEFT
[14:36:00.275] Bot13 rotated left to face WEST
[14:36:00.275] Bot13 executed ROTATE_LEFT
[14:36:00.275] Bot13 moved forward to (9,8)
[14:36:00.275] Bot13 executed MOVE_FORWARD
[14:36:00.275] Starting turn for Bot35
[14:36:00.275] Starting turn for Bot13
[14:36:00.275] Bot13 rotated right to face NORTH
[14:36:00.275] Bot13 executed ROTATE_RIGHT
[14:36:00.275] Starting turn for Bot35
[14:36:00.275] Starting turn for Bot13
[14:36:00.275] Starting turn for Bot35
[14:36:00.275] Starting turn for Bot13
[14:36:00.275] Stalemate detected: State repeated 10 times, unchanged for 2 turns
[14:36:00.275] Game Over! Stalemate detected!
[14:36:00.275] Stalemate detected: State repeated 10 times, unchanged for 2 turns
