[14:36:02.102] === Game Started at 2025-02-04_14-36-02 ===
[14:36:02.102] Game initialized with 2 players
[14:36:02.102] Board size: 10
[14:36:02.102] Obstacle density: 0.05
[14:36:02.102] Max turns: 1000
[14:36:02.102] Player Bot22 starting at position (0,0) facing EAST
[14:36:02.102] Player Bot15 starting at position (9,9) facing WEST
[14:36:02.102] Obstacles at positions: (1,1) (4,5) (6,8) (8,2) (8,8)
[14:36:02.102] Starting turn for Bot22
[14:36:02.102] Bot22 moved forward to (0,1)
[14:36:02.102] Bot22 executed MOVE_FORWARD
[14:36:02.102] Starting turn for Bot15
[14:36:02.102] Bot15 moved forward to (9,8)
[14:36:02.102] Bot15 executed MOVE_FORWARD
[14:36:02.102] Starting turn for Bot22
[14:36:02.102] Bot22 rotated right to face SOUTH
[14:36:02.102] Bot22 executed ROTATE_RIGHT
[14:36:02.102] Starting turn for Bot15
[14:36:02.102] Bot15 rotated right to face NORTH
[14:36:02.102] Bot15 executed ROTATE_RIGHT
[14:36:02.102] Starting turn for Bot22
[14:36:02.102] Starting turn for Bot15
[14:36:02.102] Starting turn for Bot22
[14:36:02.102] Bot22 rotated left to face EAST
[14:36:02.102] Bot22 executed ROTATE_LEFT
[14:36:02.102] Bot22 moved forward to (0,2)
[14:36:02.102] Bot22 executed MOVE_FORWARD
[14:36:02.102] Starting turn for Bot15
[14:36:02.102] Bot15 rotated right to face EAST
[14:36:02.102] Bot15 executed ROTATE_RIGHT
[14:36:02.102] Bot15 moved forward to (9,9)
[14:36:02.102] Bot15 executed MOVE_FORWARD
[14:36:02.102] Starting turn for Bot22
[14:36:02.102] Bot22 rotated right to face SOUTH
[14:36:02.102] Bot22 executed ROTATE_RIGHT
[14:36:02.102] Bot22 moved forward to (1,2)
[14:36:02.102] Bot22 executed MOVE_FORWARD
[14:36:02.102] Starting turn for Bot15
[14:36:02.102] Bot15 rotated left to face NORTH
[14:36:02.102] Bot15 executed ROTATE_LEFT
[14:36:02.102] Bot15 rotated left to face WEST
[14:36:02.102] Bot15 executed ROTATE_LEFT
[14:36:02.102] Bot15 moved forward to (9,8)
[14:36:02.102] Bot15 executed MOVE_FORWARD
[14:36:02.102] Starting turn for Bot22
[14:36:02.102] Bot22 moved forward to (2,2)
[14:36:02.102] Bot22 executed MOVE_FORWARD
[14:36:02.102] Starting turn for Bot15
[14:36:02.102] Bot15 rotated right to face NORTH
[14:36:02.102] Bot15 executed ROTATE_RIGHT
[14:36:02.102] Starting turn for Bot22
[14:36:02.102] Bot22 rotated left to face EAST
[14:36:02.102] Bot22 executed ROTATE_LEFT
[14:36:02.102] Bot22 moved forward to (2,3)
[14:36:02.102] Bot22 executed MOVE_FORWARD
[14:36:02.102] Starting turn for Bot15
[14:36:02.102] Starting turn for Bot22
[14:36:02.102] Bot22 rotated right to face SOUTH
[14:36:02.102] Bot22 executed ROTATE_RIGHT
[14:36:02.102] Bot22 moved forward to (3,3)
[14:36:02.102] Bot22 executed MOVE_FORWARD
[14:36:02.102] Starting turn for Bot15
[14:36:02.102] Bot15 rotated right to face EAST
[14:36:02.102] Bot15 executed ROTATE_RIGHT
[14:36:02.102] Bot15 moved forward to (9,9)
[14:36:02.102] Bot15 executed MOVE_FORWARD
[14:36:02.102] Starting turn for Bot22
[14:36:02.102] Bot22 rotated left to face EAST
[14:36:02.102] Bot22 executed ROTATE_LEFT
[14:36:02.102] Bot22 moved forward to (3,4)
[14:36:02.102] Bot22 executed MOVE_FORWARD
[14:36:02.102] Starting turn for Bot15
[14:36:02.102] Bot15 rotated left to face NORTH
[14:36:02.102] Bot15 executed ROTATE_LEFT
[14:36:02.102] Bot15 rotated left to face WEST
[14:36:02.102] Bot15 executed ROTATE_LEFT
[14:36:02.102] Bot15 moved forward to (9,8)
[14:36:02.102] Bot15 executed MOVE_FORWARD
[14:36:02.102] Starting turn for Bot22
[14:36:02.102] Bot22 rotated right to face SOUTH
[14:36:02.102] Bot22 executed ROTATE_RIGHT
[14:36:02.102] Bot22 moved forward to (4,4)
[14:36:02.102] Bot22 executed MOVE_FORWARD
[14:36:02.102] Starting turn for Bot15
[14:36:02.102] Bot15 rotated right to face NORTH
[14:36:02.102] Bot15 executed ROTATE_RIGHT
[14:36:02.102] Starting turn for Bot22
[14:36:02.102] Bot22 rotated left to face EAST
[14:36:02.102] Bot22 executed ROTATE_LEFT
[14:36:02.102] Starting turn for Bot15
[14:36:02.102] Starting turn for Bot22
[14:36:02.102] Starting turn for Bot15
[14:36:02.102] Bot15 rotated right to face EAST
[14:36:02.102] Bot15 executed ROTATE_RIGHT
[14:36:02.102] Bot15 moved forward to (9,9)
[14:36:02.102] Bot15 executed MOVE_FORWARD
[14:36:02.102] Starting turn for Bot22
[14:36:02.102] Bot22 rotated left to face NORTH
[14:36:02.102] Bot22 executed ROTATE_LEFT
[14:36:02.102] Bot22 moved forward to (3,4)
[14:36:02.102] Bot22 executed MOVE_FORWARD
[14:36:02.102] Starting turn for Bot15
[14:36:02.102] Bot15 rotated left to face NORTH
[14:36:02.102] Bot15 executed ROTATE_LEFT
[14:36:02.102] Bot15 rotated left to face WEST
[14:36:02.102] Bot15 executed ROTATE_LEFT
[14:36:02.102] Bot15 moved forward to (9,8)
[14:36:02.102] Bot15 executed MOVE_FORWARD
[14:36:02.102] Starting turn for Bot22
[14:36:02.102] Bot22 rotated left to face WEST
[14:36:02.102] Bot22 executed ROTATE_LEFT
[14:36:02.102] Bot22 rotated left to face SOUTH
[14:36:02.102] Bot22 executed ROTATE_LEFT
[14:36:02.102] Bot22 moved forward to (4,4)
[14:36:02.102] Bot22 executed MOVE_FORWARD
[14:36:02.102] Starting turn for Bot15
[14:36:02.102] Bot15 rotated right to face NORTH
[14:36:02.102] Bot15 executed ROTATE_RIGHT
[14:36:02.102] Starting turn for Bot22
[14:36:02.102] Bot22 rotated left to face EAST
[14:36:02.102] Bot22 executed ROTATE_LEFT
[14:36:02.102] Starting turn for Bot15
[14:36:02.102] Starting turn for Bot22
[14:36:02.102] Starting turn for Bot15
[14:36:02.102] Bot15 rotated right to face EAST
[14:36:02.102] Bot15 executed ROTATE_RIGHT
[14:36:02.102] Bot15 moved forward to (9,9)
[14:36:02.102] Bot15 executed MOVE_FORWARD
[14:36:02.102] Starting turn for Bot22
[14:36:02.102] Bot22 rotated left to face NORTH
[14:36:02.102] Bot22 executed ROTATE_LEFT
[14:36:02.102] Bot22 moved forward to (3,4)
[14:36:02.102] Bot22 executed MOVE_FORWARD
[14:36:02.102] Starting turn for Bot15
[14:36:02.102] Bot15 rotated left to face NORTH
[14:36:02.102] Bot15 executed ROTATE_LEFT
[14:36:02.102] Bot15 rotated left to face WEST
[14:36:02.102] Bot15 executed ROTATE_LEFT
[14:36:02.102] Bot15 moved forward to (9,8)
[14:36:02.102] Bot15 executed MOVE_FORWARD
[14:36:02.102] Starting turn for Bot22
[14:36:02.102] Bot22 rotated left to face WEST
[14:36:02.102] Bot22 executed ROTATE_LEFT
[14:36:02.102] Bot22 rotated left to face SOUTH
[14:36:02.102] Bot22 executed ROTATE_LEFT
[14:36:02.102] Bot22 moved forward to (4,4)
[14:36:02.102] Bot22 executed MOVE_FORWARD
[14:36:02.102] Starting turn for Bot15
[14:36:02.103] Bot15 rotated right to face NORTH
[14:36:02.103] Bot15 executed ROTATE_RIGHT
[14:36:02.103] Starting turn for Bot22
[14:36:02.103] Bot22 rotated left to face EAST
[14:36:02.103] Bot22 executed ROTATE_LEFT
[14:36:02.103] Starting turn for Bot15
[14:36:02.103] Starting turn for Bot22
[14:36:02.103] Starting turn for Bot15
[14:36:02.103] Bot15 rotated right to face EAST
[14:36:02.103] Bot15 executed ROTATE_RIGHT
[14:36:02.103] Bot15 moved forward to (9,9)
[14:36:02.103] Bot15 executed MOVE_FORWARD
[14:36:02.103] Starting turn for Bot22
[14:36:02.103] Bot22 rotated left to face NORTH
[14:36:02.103] Bot22 executed ROTATE_LEFT
[14:36:02.103] Bot22 moved forward to (3,4)
[14:36:02.103] Bot22 executed MOVE_FORWARD
[14:36:02.103] Starting turn for Bot15
[14:36:02.103] Bot15 rotated left to face NORTH
[14:36:02.103] Bot15 executed ROTATE_LEFT
[14:36:02.103] Bot15 rotated left to face WEST
[14:36:02.103] Bot15 executed ROTATE_LEFT
[14:36:02.103] Bot15 moved forward to (9,8)
[14:36:02.103] Bot15 executed MOVE_FORWARD
[14:36:02.103] Starting turn for Bot22
[14:36:02.103] Bot22 rotated left to face WEST
[14:36:02.103] Bot22 executed ROTATE_LEFT
[14:36:02.103] Bot22 rotated left to face SOUTH
[14:36:02.103] Bot22 executed ROTATE_LEFT
[14:36:02.103] Bot22 moved forward to (4,4)
[14:36:02.103] Bot22 executed MOVE_FORWARD
[14:36:02.103] Starting turn for Bot15
[14:36:02.103] Bot15 rotated right to face NORTH
[14:36:02.103] Bot15 executed ROTATE_RIGHT
[14:36:02.103] Starting turn for Bot22
[14:36:02.103] Bot22 rotated left to face EAST
[14:36:02.103] Bot22 executed ROTATE_LEFT
[14:36:02.103] Starting turn for Bot15
[14:36:02.103] Stalemate detected: State repeated 10 times, unchanged for 3 turns
[14:36:02.103] Game Over! Stalemate detected!
[14:36:02.103] Stalemate detected: State repeated 10 times, unchanged for 3 turns
