[14:36:01.786] === Game Started at 2025-02-04_14-36-01 ===
[14:36:01.786] Game initialized with 2 players
[14:36:01.786] Board size: 10
[14:36:01.786] Obstacle density: 0.05
[14:36:01.786] Max turns: 1000
[14:36:01.786] Player Bot40 starting at position (0,0) facing NORTH
[14:36:01.786] Player Bot14 starting at position (9,9) facing NORTH
[14:36:01.786] Obstacles at positions: (1,9) (3,4) (3,5) (5,1) (6,0)
[14:36:01.786] Starting turn for Bot40
[14:36:01.786] Bot40 rotated right to face EAST
[14:36:01.786] Bot40 executed ROTATE_RIGHT
[14:36:01.786] Bot40 moved forward to (0,1)
[14:36:01.786] Bot40 executed MOVE_FORWARD
[14:36:01.786] Starting turn for Bot14
[14:36:01.786] Bot14 rotated left to face WEST
[14:36:01.786] Bot14 executed ROTATE_LEFT
[14:36:01.786] Bot14 moved forward to (9,8)
[14:36:01.786] Bot14 executed MOVE_FORWARD
[14:36:01.786] Starting turn for Bot40
[14:36:01.786] Bot40 rotated right to face SOUTH
[14:36:01.786] Bot40 executed ROTATE_RIGHT
[14:36:01.786] Bot40 moved forward to (1,1)
[14:36:01.786] Bot40 executed MOVE_FORWARD
[14:36:01.786] Starting turn for Bot14
[14:36:01.786] Bot14 rotated right to face NORTH
[14:36:01.786] Bot14 executed ROTATE_RIGHT
[14:36:01.786] Bot14 moved forward to (8,8)
[14:36:01.786] Bot14 executed MOVE_FORWARD
[14:36:01.786] Starting turn for Bot40
[14:36:01.786] Bot40 rotated left to face EAST
[14:36:01.786] Bot40 executed ROTATE_LEFT
[14:36:01.786] Bot40 moved forward to (1,2)
[14:36:01.786] Bot40 executed MOVE_FORWARD
[14:36:01.786] Starting turn for Bot14
[14:36:01.786] Bot14 rotated left to face WEST
[14:36:01.786] Bot14 executed ROTATE_LEFT
[14:36:01.786] Bot14 moved forward to (8,7)
[14:36:01.786] Bot14 executed MOVE_FORWARD
[14:36:01.786] Starting turn for Bot40
[14:36:01.786] Bot40 rotated right to face SOUTH
[14:36:01.786] Bot40 executed ROTATE_RIGHT
[14:36:01.786] Bot40 moved forward to (2,2)
[14:36:01.786] Bot40 executed MOVE_FORWARD
[14:36:01.786] Starting turn for Bot14
[14:36:01.786] Bot14 rotated right to face NORTH
[14:36:01.786] Bot14 executed ROTATE_RIGHT
[14:36:01.786] Bot14 moved forward to (7,7)
[14:36:01.786] Bot14 executed MOVE_FORWARD
[14:36:01.786] Starting turn for Bot40
[14:36:01.786] Bot40 rotated left to face EAST
[14:36:01.786] Bot40 executed ROTATE_LEFT
[14:36:01.786] Bot40 moved forward to (2,3)
[14:36:01.786] Bot40 executed MOVE_FORWARD
[14:36:01.786] Starting turn for Bot14
[14:36:01.787] Bot14 rotated left to face WEST
[14:36:01.787] Bot14 executed ROTATE_LEFT
[14:36:01.787] Bot14 moved forward to (7,6)
[14:36:01.787] Bot14 executed MOVE_FORWARD
[14:36:01.787] Starting turn for Bot40
[14:36:01.787] Bot40 rotated right to face SOUTH
[14:36:01.787] Bot40 executed ROTATE_RIGHT
[14:36:01.787] Bot40 moved forward to (3,3)
[14:36:01.787] Bot40 executed MOVE_FORWARD
[14:36:01.787] Starting turn for Bot14
[14:36:01.787] Bot14 rotated right to face NORTH
[14:36:01.787] Bot14 executed ROTATE_RIGHT
[14:36:01.787] Bot14 moved forward to (6,6)
[14:36:01.787] Bot14 executed MOVE_FORWARD
[14:36:01.787] Starting turn for Bot40
[14:36:01.787] Bot40 rotated left to face EAST
[14:36:01.787] Bot40 executed ROTATE_LEFT
[14:36:01.787] Starting turn for Bot14
[14:36:01.787] Bot14 rotated left to face WEST
[14:36:01.787] Bot14 executed ROTATE_LEFT
[14:36:01.787] Bot14 moved forward to (6,5)
[14:36:01.787] Bot14 executed MOVE_FORWARD
[14:36:01.787] Starting turn for Bot40
[14:36:01.787] Starting turn for Bot14
[14:36:01.787] Bot14 rotated right to face NORTH
[14:36:01.787] Bot14 executed ROTATE_RIGHT
[14:36:01.787] Bot14 moved forward to (5,5)
[14:36:01.787] Bot14 executed MOVE_FORWARD
[14:36:01.787] Starting turn for Bot40
[14:36:01.787] Bot40 rotated left to face NORTH
[14:36:01.787] Bot40 executed ROTATE_LEFT
[14:36:01.787] Bot40 moved forward to (2,3)
[14:36:01.787] Bot40 executed MOVE_FORWARD
[14:36:01.787] Starting turn for Bot14
[14:36:01.787] Starting turn for Bot40
[14:36:01.787] Bot40 rotated left to face WEST
[14:36:01.787] Bot40 executed ROTATE_LEFT
[14:36:01.787] Bot40 rotated left to face SOUTH
[14:36:01.787] Bot40 executed ROTATE_LEFT
[14:36:01.787] Bot40 moved forward to (3,3)
[14:36:01.787] Bot40 executed MOVE_FORWARD
[14:36:01.787] Starting turn for Bot14
[14:36:01.787] Starting turn for Bot40
[14:36:01.787] Bot40 rotated left to face EAST
[14:36:01.787] Bot40 executed ROTATE_LEFT
[14:36:01.787] Starting turn for Bot14
[14:36:01.787] Starting turn for Bot40
[14:36:01.787] Starting turn for Bot14
[14:36:01.787] Starting turn for Bot40
[14:36:01.787] Bot40 rotated left to face NORTH
[14:36:01.787] Bot40 executed ROTATE_LEFT
[14:36:01.787] Bot40 moved forward to (2,3)
[14:36:01.787] Bot40 executed MOVE_FORWARD
[14:36:01.787] Starting turn for Bot14
[14:36:01.787] Starting turn for Bot40
[14:36:01.787] Bot40 rotated left to face WEST
[14:36:01.787] Bot40 executed ROTATE_LEFT
[14:36:01.787] Bot40 rotated left to face SOUTH
[14:36:01.787] Bot40 executed ROTATE_LEFT
[14:36:01.787] Bot40 moved forward to (3,3)
[14:36:01.787] Bot40 executed MOVE_FORWARD
[14:36:01.787] Starting turn for Bot14
[14:36:01.787] Starting turn for Bot40
[14:36:01.787] Bot40 rotated left to face EAST
[14:36:01.787] Bot40 executed ROTATE_LEFT
[14:36:01.787] Starting turn for Bot14
[14:36:01.787] Starting turn for Bot40
[14:36:01.787] Starting turn for Bot14
[14:36:01.787] Starting turn for Bot40
[14:36:01.787] Bot40 rotated left to face NORTH
[14:36:01.787] Bot40 executed ROTATE_LEFT
[14:36:01.787] Bot40 moved forward to (2,3)
[14:36:01.787] Bot40 executed MOVE_FORWARD
[14:36:01.787] Starting turn for Bot14
[14:36:01.787] Starting turn for Bot40
[14:36:01.787] Bot40 rotated left to face WEST
[14:36:01.787] Bot40 executed ROTATE_LEFT
[14:36:01.787] Bot40 rotated left to face SOUTH
[14:36:01.787] Bot40 executed ROTATE_LEFT
[14:36:01.787] Bot40 moved forward to (3,3)
[14:36:01.787] Bot40 executed MOVE_FORWARD
[14:36:01.787] Starting turn for Bot14
[14:36:01.787] Starting turn for Bot40
[14:36:01.787] Bot40 rotated left to face EAST
[14:36:01.787] Bot40 executed ROTATE_LEFT
[14:36:01.787] Starting turn for Bot14
[14:36:01.787] Starting turn for Bot40
[14:36:01.787] Starting turn for Bot14
[14:36:01.787] Stalemate detected: State repeated 10 times, unchanged for 3 turns
[14:36:01.787] Game Over! Stalemate detected!
[14:36:01.787] Stalemate detected: State repeated 10 times, unchanged for 3 turns
