[14:36:04.122] === Game Started at 2025-02-04_14-36-04 ===
[14:36:04.122] Game initialized with 2 players
[14:36:04.122] Board size: 10
[14:36:04.122] Obstacle density: 0.05
[14:36:04.122] Max turns: 1000
[14:36:04.122] Player Bot17 starting at position (0,0) facing NORTH
[14:36:04.122] Player Bot18 starting at position (9,9) facing SOUTH
[14:36:04.122] Obstacles at positions: (2,9) (4,7) (6,6) (8,9) (9,3)
[14:36:04.122] Starting turn for Bot17
[14:36:04.122] Bot17 rotated right to face EAST
[14:36:04.122] Bot17 executed ROTATE_RIGHT
[14:36:04.122] Bot17 moved forward to (0,1)
[14:36:04.123] Bot17 executed MOVE_FORWARD
[14:36:04.123] Starting turn for Bot18
[14:36:04.123] Bot18 rotated right to face WEST
[14:36:04.123] Bot18 executed ROTATE_RIGHT
[14:36:04.123] Bot18 moved forward to (9,8)
[14:36:04.123] Bot18 executed MOVE_FORWARD
[14:36:04.123] Starting turn for Bot17
[14:36:04.123] Bot17 rotated right to face SOUTH
[14:36:04.123] Bot17 executed ROTATE_RIGHT
[14:36:04.123] Bot17 moved forward to (1,1)
[14:36:04.123] Bot17 executed MOVE_FORWARD
[14:36:04.123] Starting turn for Bot18
[14:36:04.123] Bot18 rotated right to face NORTH
[14:36:04.123] Bot18 executed ROTATE_RIGHT
[14:36:04.123] Bot18 moved forward to (8,8)
[14:36:04.123] Bot18 executed MOVE_FORWARD
[14:36:04.123] Starting turn for Bot17
[14:36:04.123] Bot17 rotated left to face EAST
[14:36:04.123] Bot17 executed ROTATE_LEFT
[14:36:04.123] Bot17 moved forward to (1,2)
[14:36:04.123] Bot17 executed MOVE_FORWARD
[14:36:04.123] Starting turn for Bot18
[14:36:04.123] Bot18 rotated left to face WEST
[14:36:04.123] Bot18 executed ROTATE_LEFT
[14:36:04.123] Bot18 moved forward to (8,7)
[14:36:04.123] Bot18 executed MOVE_FORWARD
[14:36:04.123] Starting turn for Bot17
[14:36:04.123] Bot17 rotated right to face SOUTH
[14:36:04.123] Bot17 executed ROTATE_RIGHT
[14:36:04.123] Bot17 moved forward to (2,2)
[14:36:04.123] Bot17 executed MOVE_FORWARD
[14:36:04.123] Starting turn for Bot18
[14:36:04.123] Bot18 rotated right to face NORTH
[14:36:04.123] Bot18 executed ROTATE_RIGHT
[14:36:04.123] Bot18 moved forward to (7,7)
[14:36:04.123] Bot18 executed MOVE_FORWARD
[14:36:04.123] Starting turn for Bot17
[14:36:04.123] Bot17 rotated left to face EAST
[14:36:04.123] Bot17 executed ROTATE_LEFT
[14:36:04.123] Bot17 moved forward to (2,3)
[14:36:04.123] Bot17 executed MOVE_FORWARD
[14:36:04.123] Starting turn for Bot18
[14:36:04.123] Bot18 rotated left to face WEST
[14:36:04.123] Bot18 executed ROTATE_LEFT
[14:36:04.123] Bot18 moved forward to (7,6)
[14:36:04.123] Bot18 executed MOVE_FORWARD
[14:36:04.123] Starting turn for Bot17
[14:36:04.123] Bot17 rotated right to face SOUTH
[14:36:04.123] Bot17 executed ROTATE_RIGHT
[14:36:04.123] Bot17 moved forward to (3,3)
[14:36:04.123] Bot17 executed MOVE_FORWARD
[14:36:04.123] Starting turn for Bot18
[14:36:04.123] Bot18 rotated right to face NORTH
[14:36:04.123] Bot18 executed ROTATE_RIGHT
[14:36:04.123] Starting turn for Bot17
[14:36:04.123] Bot17 rotated left to face EAST
[14:36:04.123] Bot17 executed ROTATE_LEFT
[14:36:04.123] Bot17 moved forward to (3,4)
[14:36:04.123] Bot17 executed MOVE_FORWARD
[14:36:04.123] Starting turn for Bot18
[14:36:04.123] Starting turn for Bot17
[14:36:04.123] Bot17 rotated right to face SOUTH
[14:36:04.123] Bot17 executed ROTATE_RIGHT
[14:36:04.123] Bot17 moved forward to (4,4)
[14:36:04.123] Bot17 executed MOVE_FORWARD
[14:36:04.123] Starting turn for Bot18
[14:36:04.123] Bot18 rotated right to face EAST
[14:36:04.123] Bot18 executed ROTATE_RIGHT
[14:36:04.123] Bot18 moved forward to (7,7)
[14:36:04.123] Bot18 executed MOVE_FORWARD
[14:36:04.123] Starting turn for Bot17
[14:36:04.123] Bot17 rotated left to face EAST
[14:36:04.123] Bot17 executed ROTATE_LEFT
[14:36:04.123] Bot17 moved forward to (4,5)
[14:36:04.123] Bot17 executed MOVE_FORWARD
[14:36:04.123] Starting turn for Bot18
[14:36:04.123] Bot18 rotated left to face NORTH
[14:36:04.123] Bot18 executed ROTATE_LEFT
[14:36:04.123] Bot18 rotated left to face WEST
[14:36:04.123] Bot18 executed ROTATE_LEFT
[14:36:04.123] Bot18 moved forward to (7,6)
[14:36:04.123] Bot18 executed MOVE_FORWARD
[14:36:04.123] Starting turn for Bot17
[14:36:04.123] Bot17 rotated right to face SOUTH
[14:36:04.123] Bot17 executed ROTATE_RIGHT
[14:36:04.123] Bot17 moved forward to (5,5)
[14:36:04.123] Bot17 executed MOVE_FORWARD
[14:36:04.123] Starting turn for Bot18
[14:36:04.123] Bot18 rotated right to face NORTH
[14:36:04.123] Bot18 executed ROTATE_RIGHT
[14:36:04.123] Starting turn for Bot17
[14:36:04.123] Starting turn for Bot18
[14:36:04.123] Starting turn for Bot17
[14:36:04.123] Starting turn for Bot18
[14:36:04.123] Bot18 rotated right to face EAST
[14:36:04.123] Bot18 executed ROTATE_RIGHT
[14:36:04.123] Bot18 moved forward to (7,7)
[14:36:04.123] Bot18 executed MOVE_FORWARD
[14:36:04.123] Starting turn for Bot17
[14:36:04.123] Starting turn for Bot18
[14:36:04.123] Bot18 rotated left to face NORTH
[14:36:04.123] Bot18 executed ROTATE_LEFT
[14:36:04.123] Bot18 rotated left to face WEST
[14:36:04.123] Bot18 executed ROTATE_LEFT
[14:36:04.123] Bot18 moved forward to (7,6)
[14:36:04.123] Bot18 executed MOVE_FORWARD
[14:36:04.123] Starting turn for Bot17
[14:36:04.123] Starting turn for Bot18
[14:36:04.123] Bot18 rotated right to face NORTH
[14:36:04.123] Bot18 executed ROTATE_RIGHT
[14:36:04.123] Starting turn for Bot17
[14:36:04.123] Starting turn for Bot18
[14:36:04.123] Starting turn for Bot17
[14:36:04.123] Starting turn for Bot18
[14:36:04.123] Bot18 rotated right to face EAST
[14:36:04.123] Bot18 executed ROTATE_RIGHT
[14:36:04.123] Bot18 moved forward to (7,7)
[14:36:04.123] Bot18 executed MOVE_FORWARD
[14:36:04.123] Starting turn for Bot17
[14:36:04.123] Starting turn for Bot18
[14:36:04.123] Bot18 rotated left to face NORTH
[14:36:04.123] Bot18 executed ROTATE_LEFT
[14:36:04.123] Bot18 rotated left to face WEST
[14:36:04.123] Bot18 executed ROTATE_LEFT
[14:36:04.123] Bot18 moved forward to (7,6)
[14:36:04.123] Bot18 executed MOVE_FORWARD
[14:36:04.123] Starting turn for Bot17
[14:36:04.123] Starting turn for Bot18
[14:36:04.123] Bot18 rotated right to face NORTH
[14:36:04.123] Bot18 executed ROTATE_RIGHT
[14:36:04.123] Starting turn for Bot17
[14:36:04.123] Starting turn for Bot18
[14:36:04.123] Starting turn for Bot17
[14:36:04.123] Starting turn for Bot18
[14:36:04.123] Stalemate detected: State repeated 10 times, unchanged for 2 turns
[14:36:04.123] Game Over! Stalemate detected!
[14:36:04.123] Stalemate detected: State repeated 10 times, unchanged for 2 turns
