[14:35:52.845] === Game Started at 2025-02-04_14-35-52 ===
[14:35:52.845] Game initialized with 2 players
[14:35:52.845] Board size: 10
[14:35:52.845] Obstacle density: 0.05
[14:35:52.845] Max turns: 1000
[14:35:52.845] Player Bot14 starting at position (0,0) facing SOUTH
[14:35:52.845] Player Bot8 starting at position (9,9) facing NORTH
[14:35:52.845] Obstacles at positions: (0,4) (4,9) (6,1) (6,3) (7,7)
[14:35:52.845] Starting turn for Bot14
[14:35:52.845] Bot14 rotated left to face EAST
[14:35:52.845] Bot14 executed ROTATE_LEFT
[14:35:52.845] Bot14 moved forward to (0,1)
[14:35:52.845] Bot14 executed MOVE_FORWARD
[14:35:52.845] Starting turn for Bot8
[14:35:52.845] Bot8 rotated left to face WEST
[14:35:52.845] Bot8 executed ROTATE_LEFT
[14:35:52.845] Bot8 moved forward to (9,8)
[14:35:52.845] Bot8 executed MOVE_FORWARD
[14:35:52.845] Starting turn for Bot14
[14:35:52.845] Bot14 rotated right to face SOUTH
[14:35:52.845] Bot14 executed ROTATE_RIGHT
[14:35:52.845] Bot14 moved forward to (1,1)
[14:35:52.845] Bot14 executed MOVE_FORWARD
[14:35:52.845] Starting turn for Bot8
[14:35:52.845] Bot8 rotated right to face NORTH
[14:35:52.845] Bot8 executed ROTATE_RIGHT
[14:35:52.845] Bot8 moved forward to (8,8)
[14:35:52.845] Bot8 executed MOVE_FORWARD
[14:35:52.845] Starting turn for Bot14
[14:35:52.845] Bot14 rotated left to face EAST
[14:35:52.845] Bot14 executed ROTATE_LEFT
[14:35:52.845] Bot14 moved forward to (1,2)
[14:35:52.845] Bot14 executed MOVE_FORWARD
[14:35:52.845] Starting turn for Bot8
[14:35:52.845] Bot8 rotated left to face WEST
[14:35:52.845] Bot8 executed ROTATE_LEFT
[14:35:52.845] Bot8 moved forward to (8,7)
[14:35:52.845] Bot8 executed MOVE_FORWARD
[14:35:52.845] Starting turn for Bot14
[14:35:52.845] Bot14 rotated right to face SOUTH
[14:35:52.845] Bot14 executed ROTATE_RIGHT
[14:35:52.845] Bot14 moved forward to (2,2)
[14:35:52.845] Bot14 executed MOVE_FORWARD
[14:35:52.845] Starting turn for Bot8
[14:35:52.845] Bot8 rotated right to face NORTH
[14:35:52.845] Bot8 executed ROTATE_RIGHT
[14:35:52.845] Starting turn for Bot14
[14:35:52.845] Bot14 rotated left to face EAST
[14:35:52.845] Bot14 executed ROTATE_LEFT
[14:35:52.845] Bot14 moved forward to (2,3)
[14:35:52.845] Bot14 executed MOVE_FORWARD
[14:35:52.845] Starting turn for Bot8
[14:35:52.845] Starting turn for Bot14
[14:35:52.845] Bot14 rotated right to face SOUTH
[14:35:52.845] Bot14 executed ROTATE_RIGHT
[14:35:52.845] Bot14 moved forward to (3,3)
[14:35:52.845] Bot14 executed MOVE_FORWARD
[14:35:52.845] Starting turn for Bot8
[14:35:52.845] Bot8 rotated right to face EAST
[14:35:52.845] Bot8 executed ROTATE_RIGHT
[14:35:52.845] Bot8 moved forward to (8,8)
[14:35:52.845] Bot8 executed MOVE_FORWARD
[14:35:52.845] Starting turn for Bot14
[14:35:52.845] Bot14 rotated left to face EAST
[14:35:52.845] Bot14 executed ROTATE_LEFT
[14:35:52.845] Bot14 moved forward to (3,4)
[14:35:52.845] Bot14 executed MOVE_FORWARD
[14:35:52.845] Starting turn for Bot8
[14:35:52.845] Bot8 rotated left to face NORTH
[14:35:52.845] Bot8 executed ROTATE_LEFT
[14:35:52.845] Bot8 rotated left to face WEST
[14:35:52.845] Bot8 executed ROTATE_LEFT
[14:35:52.845] Bot8 moved forward to (8,7)
[14:35:52.846] Bot8 executed MOVE_FORWARD
[14:35:52.846] Starting turn for Bot14
[14:35:52.846] Bot14 rotated right to face SOUTH
[14:35:52.846] Bot14 executed ROTATE_RIGHT
[14:35:52.846] Bot14 moved forward to (4,4)
[14:35:52.846] Bot14 executed MOVE_FORWARD
[14:35:52.846] Starting turn for Bot8
[14:35:52.846] Bot8 rotated right to face NORTH
[14:35:52.846] Bot8 executed ROTATE_RIGHT
[14:35:52.846] Starting turn for Bot14
[14:35:52.846] Bot14 rotated left to face EAST
[14:35:52.846] Bot14 executed ROTATE_LEFT
[14:35:52.846] Bot14 moved forward to (4,5)
[14:35:52.846] Bot14 executed MOVE_FORWARD
[14:35:52.846] Starting turn for Bot8
[14:35:52.846] Starting turn for Bot14
[14:35:52.846] Bot14 rotated right to face SOUTH
[14:35:52.846] Bot14 executed ROTATE_RIGHT
[14:35:52.846] Bot14 moved forward to (5,5)
[14:35:52.846] Bot14 executed MOVE_FORWARD
[14:35:52.846] Starting turn for Bot8
[14:35:52.846] Bot8 rotated right to face EAST
[14:35:52.846] Bot8 executed ROTATE_RIGHT
[14:35:52.846] Bot8 moved forward to (8,8)
[14:35:52.846] Bot8 executed MOVE_FORWARD
[14:35:52.846] Starting turn for Bot14
[14:35:52.846] Starting turn for Bot8
[14:35:52.846] Bot8 rotated left to face NORTH
[14:35:52.846] Bot8 executed ROTATE_LEFT
[14:35:52.846] Bot8 rotated left to face WEST
[14:35:52.846] Bot8 executed ROTATE_LEFT
[14:35:52.846] Bot8 moved forward to (8,7)
[14:35:52.846] Bot8 executed MOVE_FORWARD
[14:35:52.846] Starting turn for Bot14
[14:35:52.846] Starting turn for Bot8
[14:35:52.846] Bot8 rotated right to face NORTH
[14:35:52.846] Bot8 executed ROTATE_RIGHT
[14:35:52.846] Starting turn for Bot14
[14:35:52.846] Starting turn for Bot8
[14:35:52.846] Starting turn for Bot14
[14:35:52.846] Starting turn for Bot8
[14:35:52.846] Bot8 rotated right to face EAST
[14:35:52.846] Bot8 executed ROTATE_RIGHT
[14:35:52.846] Bot8 moved forward to (8,8)
[14:35:52.846] Bot8 executed MOVE_FORWARD
[14:35:52.846] Starting turn for Bot14
[14:35:52.846] Starting turn for Bot8
[14:35:52.846] Bot8 rotated left to face NORTH
[14:35:52.846] Bot8 executed ROTATE_LEFT
[14:35:52.846] Bot8 rotated left to face WEST
[14:35:52.846] Bot8 executed ROTATE_LEFT
[14:35:52.846] Bot8 moved forward to (8,7)
[14:35:52.846] Bot8 executed MOVE_FORWARD
[14:35:52.846] Starting turn for Bot14
[14:35:52.846] Starting turn for Bot8
[14:35:52.846] Bot8 rotated right to face NORTH
[14:35:52.846] Bot8 executed ROTATE_RIGHT
[14:35:52.846] Starting turn for Bot14
[14:35:52.846] Starting turn for Bot8
[14:35:52.846] Starting turn for Bot14
[14:35:52.846] Starting turn for Bot8
[14:35:52.846] Bot8 rotated right to face EAST
[14:35:52.846] Bot8 executed ROTATE_RIGHT
[14:35:52.846] Bot8 moved forward to (8,8)
[14:35:52.846] Bot8 executed MOVE_FORWARD
[14:35:52.846] Starting turn for Bot14
[14:35:52.846] Starting turn for Bot8
[14:35:52.846] Bot8 rotated left to face NORTH
[14:35:52.846] Bot8 executed ROTATE_LEFT
[14:35:52.846] Bot8 rotated left to face WEST
[14:35:52.846] Bot8 executed ROTATE_LEFT
[14:35:52.846] Bot8 moved forward to (8,7)
[14:35:52.846] Bot8 executed MOVE_FORWARD
[14:35:52.846] Starting turn for Bot14
[14:35:52.846] Starting turn for Bot8
[14:35:52.846] Bot8 rotated right to face NORTH
[14:35:52.846] Bot8 executed ROTATE_RIGHT
[14:35:52.846] Starting turn for Bot14
[14:35:52.846] Stalemate detected: State repeated 10 times, unchanged for 1 turns
[14:35:52.846] Game Over! Stalemate detected!
[14:35:52.846] Stalemate detected: State repeated 10 times, unchanged for 1 turns
