[14:36:12.986] === Game Started at 2025-02-04_14-36-12 ===
[14:36:12.986] Game initialized with 2 players
[14:36:12.986] Board size: 10
[14:36:12.986] Obstacle density: 0.05
[14:36:12.986] Max turns: 1000
[14:36:12.986] Player Bot31 starting at position (0,0) facing EAST
[14:36:12.986] Player Bot28 starting at position (9,9) facing WEST
[14:36:12.986] Obstacles at positions: (1,6) (2,4) (3,0) (4,5) (8,4)
[14:36:12.986] Starting turn for Bot31
[14:36:12.986] Bot31 moved forward to (0,1)
[14:36:12.986] Bot31 executed MOVE_FORWARD
[14:36:12.986] Starting turn for Bot28
[14:36:12.986] Bot28 moved forward to (9,8)
[14:36:12.987] Bot28 executed MOVE_FORWARD
[14:36:12.987] Starting turn for Bot31
[14:36:12.987] Bot31 rotated right to face SOUTH
[14:36:12.987] Bot31 executed ROTATE_RIGHT
[14:36:12.987] Bot31 moved forward to (1,1)
[14:36:12.987] Bot31 executed MOVE_FORWARD
[14:36:12.987] Starting turn for Bot28
[14:36:12.987] Bot28 rotated right to face NORTH
[14:36:12.987] Bot28 executed ROTATE_RIGHT
[14:36:12.987] Bot28 moved forward to (8,8)
[14:36:12.987] Bot28 executed MOVE_FORWARD
[14:36:12.987] Starting turn for Bot31
[14:36:12.987] Bot31 rotated left to face EAST
[14:36:12.987] Bot31 executed ROTATE_LEFT
[14:36:12.987] Bot31 moved forward to (1,2)
[14:36:12.987] Bot31 executed MOVE_FORWARD
[14:36:12.987] Starting turn for Bot28
[14:36:12.987] Bot28 rotated left to face WEST
[14:36:12.987] Bot28 executed ROTATE_LEFT
[14:36:12.987] Bot28 moved forward to (8,7)
[14:36:12.987] Bot28 executed MOVE_FORWARD
[14:36:12.987] Starting turn for Bot31
[14:36:12.987] Bot31 rotated right to face SOUTH
[14:36:12.987] Bot31 executed ROTATE_RIGHT
[14:36:12.987] Bot31 moved forward to (2,2)
[14:36:12.987] Bot31 executed MOVE_FORWARD
[14:36:12.987] Starting turn for Bot28
[14:36:12.987] Bot28 rotated right to face NORTH
[14:36:12.987] Bot28 executed ROTATE_RIGHT
[14:36:12.987] Bot28 moved forward to (7,7)
[14:36:12.987] Bot28 executed MOVE_FORWARD
[14:36:12.987] Starting turn for Bot31
[14:36:12.987] Bot31 rotated left to face EAST
[14:36:12.987] Bot31 executed ROTATE_LEFT
[14:36:12.987] Bot31 moved forward to (2,3)
[14:36:12.987] Bot31 executed MOVE_FORWARD
[14:36:12.987] Starting turn for Bot28
[14:36:12.987] Bot28 rotated left to face WEST
[14:36:12.987] Bot28 executed ROTATE_LEFT
[14:36:12.987] Bot28 moved forward to (7,6)
[14:36:12.987] Bot28 executed MOVE_FORWARD
[14:36:12.987] Starting turn for Bot31
[14:36:12.987] Bot31 rotated right to face SOUTH
[14:36:12.987] Bot31 executed ROTATE_RIGHT
[14:36:12.987] Bot31 moved forward to (3,3)
[14:36:12.987] Bot31 executed MOVE_FORWARD
[14:36:12.987] Starting turn for Bot28
[14:36:12.987] Bot28 rotated right to face NORTH
[14:36:12.987] Bot28 executed ROTATE_RIGHT
[14:36:12.987] Bot28 moved forward to (6,6)
[14:36:12.987] Bot28 executed MOVE_FORWARD
[14:36:12.987] Starting turn for Bot31
[14:36:12.987] Bot31 rotated left to face EAST
[14:36:12.987] Bot31 executed ROTATE_LEFT
[14:36:12.987] Bot31 moved forward to (3,4)
[14:36:12.987] Bot31 executed MOVE_FORWARD
[14:36:12.987] Starting turn for Bot28
[14:36:12.987] Bot28 rotated left to face WEST
[14:36:12.987] Bot28 executed ROTATE_LEFT
[14:36:12.987] Bot28 moved forward to (6,5)
[14:36:12.987] Bot28 executed MOVE_FORWARD
[14:36:12.987] Starting turn for Bot31
[14:36:12.987] Bot31 rotated right to face SOUTH
[14:36:12.987] Bot31 executed ROTATE_RIGHT
[14:36:12.987] Bot31 moved forward to (4,4)
[14:36:12.987] Bot31 executed MOVE_FORWARD
[14:36:12.987] Starting turn for Bot28
[14:36:12.987] Bot28 rotated right to face NORTH
[14:36:12.987] Bot28 executed ROTATE_RIGHT
[14:36:12.987] Bot28 moved forward to (5,5)
[14:36:12.987] Bot28 executed MOVE_FORWARD
[14:36:12.987] Starting turn for Bot31
[14:36:12.987] Bot31 rotated left to face EAST
[14:36:12.987] Bot31 executed ROTATE_LEFT
[14:36:12.987] Starting turn for Bot28
[14:36:12.987] Starting turn for Bot31
[14:36:12.987] Starting turn for Bot28
[14:36:12.987] Starting turn for Bot31
[14:36:12.987] Bot31 rotated left to face NORTH
[14:36:12.987] Bot31 executed ROTATE_LEFT
[14:36:12.987] Bot31 moved forward to (3,4)
[14:36:12.987] Bot31 executed MOVE_FORWARD
[14:36:12.987] Starting turn for Bot28
[14:36:12.987] Starting turn for Bot31
[14:36:12.987] Bot31 rotated left to face WEST
[14:36:12.987] Bot31 executed ROTATE_LEFT
[14:36:12.987] Bot31 rotated left to face SOUTH
[14:36:12.987] Bot31 executed ROTATE_LEFT
[14:36:12.987] Bot31 moved forward to (4,4)
[14:36:12.987] Bot31 executed MOVE_FORWARD
[14:36:12.987] Starting turn for Bot28
[14:36:12.987] Starting turn for Bot31
[14:36:12.987] Bot31 rotated left to face EAST
[14:36:12.987] Bot31 executed ROTATE_LEFT
[14:36:12.987] Starting turn for Bot28
[14:36:12.987] Starting turn for Bot31
[14:36:12.987] Starting turn for Bot28
[14:36:12.987] Starting turn for Bot31
[14:36:12.987] Bot31 rotated left to face NORTH
[14:36:12.987] Bot31 executed ROTATE_LEFT
[14:36:12.987] Bot31 moved forward to (3,4)
[14:36:12.987] Bot31 executed MOVE_FORWARD
[14:36:12.987] Starting turn for Bot28
[14:36:12.987] Starting turn for Bot31
[14:36:12.987] Bot31 rotated left to face WEST
[14:36:12.987] Bot31 executed ROTATE_LEFT
[14:36:12.987] Bot31 rotated left to face SOUTH
[14:36:12.987] Bot31 executed ROTATE_LEFT
[14:36:12.987] Bot31 moved forward to (4,4)
[14:36:12.987] Bot31 executed MOVE_FORWARD
[14:36:12.987] Starting turn for Bot28
[14:36:12.987] Starting turn for Bot31
[14:36:12.987] Bot31 rotated left to face EAST
[14:36:12.987] Bot31 executed ROTATE_LEFT
[14:36:12.987] Starting turn for Bot28
[14:36:12.987] Starting turn for Bot31
[14:36:12.987] Starting turn for Bot28
[14:36:12.987] Starting turn for Bot31
[14:36:12.987] Bot31 rotated left to face NORTH
[14:36:12.987] Bot31 executed ROTATE_LEFT
[14:36:12.987] Bot31 moved forward to (3,4)
[14:36:12.987] Bot31 executed MOVE_FORWARD
[14:36:12.987] Starting turn for Bot28
[14:36:12.987] Starting turn for Bot31
[14:36:12.987] Bot31 rotated left to face WEST
[14:36:12.987] Bot31 executed ROTATE_LEFT
[14:36:12.987] Bot31 rotated left to face SOUTH
[14:36:12.987] Bot31 executed ROTATE_LEFT
[14:36:12.987] Bot31 moved forward to (4,4)
[14:36:12.987] Bot31 executed MOVE_FORWARD
[14:36:12.987] Starting turn for Bot28
[14:36:12.987] Starting turn for Bot31
[14:36:12.987] Bot31 rotated left to face EAST
[14:36:12.987] Bot31 executed ROTATE_LEFT
[14:36:12.987] Starting turn for Bot28
[14:36:12.987] Stalemate detected: State repeated 10 times, unchanged for 1 turns
[14:36:12.987] Game Over! Stalemate detected!
[14:36:12.987] Stalemate detected: State repeated 10 times, unchanged for 1 turns
