[14:36:15.791] === Game Started at 2025-02-04_14-36-15 ===
[14:36:15.791] Game initialized with 2 players
[14:36:15.791] Board size: 10
[14:36:15.791] Obstacle density: 0.05
[14:36:15.791] Max turns: 1000
[14:36:15.791] Player Bot36 starting at position (0,0) facing SOUTH
[14:36:15.791] Player Bot35 starting at position (9,9) facing EAST
[14:36:15.791] Obstacles at positions: (0,3) (1,0) (1,4) (1,9) (7,7)
[14:36:15.791] Starting turn for Bot36
[14:36:15.791] Bot36 rotated left to face EAST
[14:36:15.791] Bot36 executed ROTATE_LEFT
[14:36:15.791] Bot36 moved forward to (0,1)
[14:36:15.791] Bot36 executed MOVE_FORWARD
[14:36:15.791] Starting turn for Bot35
[14:36:15.791] Bot35 rotated left to face NORTH
[14:36:15.791] Bot35 executed ROTATE_LEFT
[14:36:15.791] Bot35 rotated left to face WEST
[14:36:15.791] Bot35 executed ROTATE_LEFT
[14:36:15.791] Bot35 moved forward to (9,8)
[14:36:15.791] Bot35 executed MOVE_FORWARD
[14:36:15.791] Starting turn for Bot36
[14:36:15.791] Bot36 rotated right to face SOUTH
[14:36:15.791] Bot36 executed ROTATE_RIGHT
[14:36:15.791] Bot36 moved forward to (1,1)
[14:36:15.791] Bot36 executed MOVE_FORWARD
[14:36:15.791] Starting turn for Bot35
[14:36:15.791] Bot35 rotated right to face NORTH
[14:36:15.791] Bot35 executed ROTATE_RIGHT
[14:36:15.791] Bot35 moved forward to (8,8)
[14:36:15.791] Bot35 executed MOVE_FORWARD
[14:36:15.791] Starting turn for Bot36
[14:36:15.791] Bot36 rotated left to face EAST
[14:36:15.791] Bot36 executed ROTATE_LEFT
[14:36:15.791] Bot36 moved forward to (1,2)
[14:36:15.791] Bot36 executed MOVE_FORWARD
[14:36:15.791] Starting turn for Bot35
[14:36:15.791] Bot35 rotated left to face WEST
[14:36:15.791] Bot35 executed ROTATE_LEFT
[14:36:15.791] Bot35 moved forward to (8,7)
[14:36:15.791] Bot35 executed MOVE_FORWARD
[14:36:15.791] Starting turn for Bot36
[14:36:15.791] Bot36 rotated right to face SOUTH
[14:36:15.791] Bot36 executed ROTATE_RIGHT
[14:36:15.791] Bot36 moved forward to (2,2)
[14:36:15.791] Bot36 executed MOVE_FORWARD
[14:36:15.791] Starting turn for Bot35
[14:36:15.791] Bot35 rotated right to face NORTH
[14:36:15.791] Bot35 executed ROTATE_RIGHT
[14:36:15.791] Starting turn for Bot36
[14:36:15.791] Bot36 rotated left to face EAST
[14:36:15.791] Bot36 executed ROTATE_LEFT
[14:36:15.791] Bot36 moved forward to (2,3)
[14:36:15.791] Bot36 executed MOVE_FORWARD
[14:36:15.791] Starting turn for Bot35
[14:36:15.791] Starting turn for Bot36
[14:36:15.791] Bot36 rotated right to face SOUTH
[14:36:15.791] Bot36 executed ROTATE_RIGHT
[14:36:15.791] Bot36 moved forward to (3,3)
[14:36:15.791] Bot36 executed MOVE_FORWARD
[14:36:15.791] Starting turn for Bot35
[14:36:15.791] Bot35 rotated right to face EAST
[14:36:15.791] Bot35 executed ROTATE_RIGHT
[14:36:15.791] Bot35 moved forward to (8,8)
[14:36:15.791] Bot35 executed MOVE_FORWARD
[14:36:15.791] Starting turn for Bot36
[14:36:15.791] Bot36 rotated left to face EAST
[14:36:15.791] Bot36 executed ROTATE_LEFT
[14:36:15.791] Bot36 moved forward to (3,4)
[14:36:15.791] Bot36 executed MOVE_FORWARD
[14:36:15.791] Starting turn for Bot35
[14:36:15.791] Bot35 rotated left to face NORTH
[14:36:15.791] Bot35 executed ROTATE_LEFT
[14:36:15.791] Bot35 rotated left to face WEST
[14:36:15.791] Bot35 executed ROTATE_LEFT
[14:36:15.791] Bot35 moved forward to (8,7)
[14:36:15.791] Bot35 executed MOVE_FORWARD
[14:36:15.791] Starting turn for Bot36
[14:36:15.791] Bot36 rotated right to face SOUTH
[14:36:15.791] Bot36 executed ROTATE_RIGHT
[14:36:15.791] Bot36 moved forward to (4,4)
[14:36:15.791] Bot36 executed MOVE_FORWARD
[14:36:15.791] Starting turn for Bot35
[14:36:15.791] Bot35 rotated right to face NORTH
[14:36:15.791] Bot35 executed ROTATE_RIGHT
[14:36:15.791] Starting turn for Bot36
[14:36:15.791] Bot36 rotated left to face EAST
[14:36:15.791] Bot36 executed ROTATE_LEFT
[14:36:15.791] Bot36 moved forward to (4,5)
[14:36:15.791] Bot36 executed MOVE_FORWARD
[14:36:15.791] Starting turn for Bot35
[14:36:15.791] Starting turn for Bot36
[14:36:15.791] Bot36 rotated right to face SOUTH
[14:36:15.791] Bot36 executed ROTATE_RIGHT
[14:36:15.791] Bot36 moved forward to (5,5)
[14:36:15.791] Bot36 executed MOVE_FORWARD
[14:36:15.791] Starting turn for Bot35
[14:36:15.791] Bot35 rotated right to face EAST
[14:36:15.791] Bot35 executed ROTATE_RIGHT
[14:36:15.791] Bot35 moved forward to (8,8)
[14:36:15.791] Bot35 executed MOVE_FORWARD
[14:36:15.791] Starting turn for Bot36
[14:36:15.791] Starting turn for Bot35
[14:36:15.791] Bot35 rotated left to face NORTH
[14:36:15.791] Bot35 executed ROTATE_LEFT
[14:36:15.791] Bot35 rotated left to face WEST
[14:36:15.791] Bot35 executed ROTATE_LEFT
[14:36:15.792] Bot35 moved forward to (8,7)
[14:36:15.792] Bot35 executed MOVE_FORWARD
[14:36:15.792] Starting turn for Bot36
[14:36:15.792] Starting turn for Bot35
[14:36:15.792] Bot35 rotated right to face NORTH
[14:36:15.792] Bot35 executed ROTATE_RIGHT
[14:36:15.792] Starting turn for Bot36
[14:36:15.792] Starting turn for Bot35
[14:36:15.792] Starting turn for Bot36
[14:36:15.792] Starting turn for Bot35
[14:36:15.792] Bot35 rotated right to face EAST
[14:36:15.792] Bot35 executed ROTATE_RIGHT
[14:36:15.792] Bot35 moved forward to (8,8)
[14:36:15.792] Bot35 executed MOVE_FORWARD
[14:36:15.792] Starting turn for Bot36
[14:36:15.792] Starting turn for Bot35
[14:36:15.792] Bot35 rotated left to face NORTH
[14:36:15.792] Bot35 executed ROTATE_LEFT
[14:36:15.792] Bot35 rotated left to face WEST
[14:36:15.792] Bot35 executed ROTATE_LEFT
[14:36:15.792] Bot35 moved forward to (8,7)
[14:36:15.792] Bot35 executed MOVE_FORWARD
[14:36:15.792] Starting turn for Bot36
[14:36:15.792] Starting turn for Bot35
[14:36:15.792] Bot35 rotated right to face NORTH
[14:36:15.792] Bot35 executed ROTATE_RIGHT
[14:36:15.792] Starting turn for Bot36
[14:36:15.792] Starting turn for Bot35
[14:36:15.792] Starting turn for Bot36
[14:36:15.792] Starting turn for Bot35
[14:36:15.792] Bot35 rotated right to face EAST
[14:36:15.792] Bot35 executed ROTATE_RIGHT
[14:36:15.792] Bot35 moved forward to (8,8)
[14:36:15.792] Bot35 executed MOVE_FORWARD
[14:36:15.792] Starting turn for Bot36
[14:36:15.792] Starting turn for Bot35
[14:36:15.792] Bot35 rotated left to face NORTH
[14:36:15.792] Bot35 executed ROTATE_LEFT
[14:36:15.792] Bot35 rotated left to face WEST
[14:36:15.792] Bot35 executed ROTATE_LEFT
[14:36:15.792] Bot35 moved forward to (8,7)
[14:36:15.792] Bot35 executed MOVE_FORWARD
[14:36:15.792] Starting turn for Bot36
[14:36:15.792] Starting turn for Bot35
[14:36:15.792] Bot35 rotated right to face NORTH
[14:36:15.792] Bot35 executed ROTATE_RIGHT
[14:36:15.792] Starting turn for Bot36
[14:36:15.792] Stalemate detected: State repeated 10 times, unchanged for 1 turns
[14:36:15.792] Game Over! Stalemate detected!
[14:36:15.792] Stalemate detected: State repeated 10 times, unchanged for 1 turns
