[14:36:08.337] === Game Started at 2025-02-04_14-36-08 ===
[14:36:08.337] Game initialized with 2 players
[14:36:08.337] Board size: 10
[14:36:08.337] Obstacle density: 0.05
[14:36:08.337] Max turns: 1000
[14:36:08.337] Player Bot33 starting at position (0,0) facing WEST
[14:36:08.337] Player Bot21 starting at position (9,9) facing EAST
[14:36:08.337] Obstacles at positions: (1,9) (3,3) (4,9) (7,2) (8,0)
[14:36:08.337] Starting turn for Bot33
[14:36:08.337] Bot33 rotated left to face SOUTH
[14:36:08.337] Bot33 executed ROTATE_LEFT
[14:36:08.337] Bot33 rotated left to face EAST
[14:36:08.337] Bot33 executed ROTATE_LEFT
[14:36:08.337] Bot33 moved forward to (0,1)
[14:36:08.337] Bot33 executed MOVE_FORWARD
[14:36:08.337] Starting turn for Bot21
[14:36:08.337] Bot21 rotated left to face NORTH
[14:36:08.337] Bot21 executed ROTATE_LEFT
[14:36:08.337] Bot21 rotated left to face WEST
[14:36:08.337] Bot21 executed ROTATE_LEFT
[14:36:08.337] Bot21 moved forward to (9,8)
[14:36:08.337] Bot21 executed MOVE_FORWARD
[14:36:08.337] Starting turn for Bot33
[14:36:08.337] Bot33 rotated right to face SOUTH
[14:36:08.337] Bot33 executed ROTATE_RIGHT
[14:36:08.337] Bot33 moved forward to (1,1)
[14:36:08.337] Bot33 executed MOVE_FORWARD
[14:36:08.337] Starting turn for Bot21
[14:36:08.337] Bot21 rotated right to face NORTH
[14:36:08.337] Bot21 executed ROTATE_RIGHT
[14:36:08.337] Bot21 moved forward to (8,8)
[14:36:08.337] Bot21 executed MOVE_FORWARD
[14:36:08.337] Starting turn for Bot33
[14:36:08.337] Bot33 rotated left to face EAST
[14:36:08.337] Bot33 executed ROTATE_LEFT
[14:36:08.337] Bot33 moved forward to (1,2)
[14:36:08.337] Bot33 executed MOVE_FORWARD
[14:36:08.337] Starting turn for Bot21
[14:36:08.337] Bot21 rotated left to face WEST
[14:36:08.337] Bot21 executed ROTATE_LEFT
[14:36:08.337] Bot21 moved forward to (8,7)
[14:36:08.337] Bot21 executed MOVE_FORWARD
[14:36:08.337] Starting turn for Bot33
[14:36:08.337] Bot33 rotated right to face SOUTH
[14:36:08.337] Bot33 executed ROTATE_RIGHT
[14:36:08.337] Bot33 moved forward to (2,2)
[14:36:08.337] Bot33 executed MOVE_FORWARD
[14:36:08.337] Starting turn for Bot21
[14:36:08.337] Bot21 rotated right to face NORTH
[14:36:08.337] Bot21 executed ROTATE_RIGHT
[14:36:08.337] Bot21 moved forward to (7,7)
[14:36:08.337] Bot21 executed MOVE_FORWARD
[14:36:08.337] Starting turn for Bot33
[14:36:08.337] Bot33 rotated left to face EAST
[14:36:08.337] Bot33 executed ROTATE_LEFT
[14:36:08.337] Bot33 moved forward to (2,3)
[14:36:08.337] Bot33 executed MOVE_FORWARD
[14:36:08.337] Starting turn for Bot21
[14:36:08.337] Bot21 rotated left to face WEST
[14:36:08.337] Bot21 executed ROTATE_LEFT
[14:36:08.337] Bot21 moved forward to (7,6)
[14:36:08.337] Bot21 executed MOVE_FORWARD
[14:36:08.337] Starting turn for Bot33
[14:36:08.337] Bot33 rotated right to face SOUTH
[14:36:08.337] Bot33 executed ROTATE_RIGHT
[14:36:08.337] Starting turn for Bot21
[14:36:08.337] Bot21 rotated right to face NORTH
[14:36:08.337] Bot21 executed ROTATE_RIGHT
[14:36:08.337] Bot21 moved forward to (6,6)
[14:36:08.337] Bot21 executed MOVE_FORWARD
[14:36:08.337] Starting turn for Bot33
[14:36:08.337] Starting turn for Bot21
[14:36:08.337] Bot21 rotated left to face WEST
[14:36:08.337] Bot21 executed ROTATE_LEFT
[14:36:08.337] Bot21 moved forward to (6,5)
[14:36:08.337] Bot21 executed MOVE_FORWARD
[14:36:08.337] Starting turn for Bot33
[14:36:08.337] Bot33 rotated left to face EAST
[14:36:08.337] Bot33 executed ROTATE_LEFT
[14:36:08.337] Bot33 rotated left to face NORTH
[14:36:08.337] Bot33 executed ROTATE_LEFT
[14:36:08.337] Bot33 moved forward to (1,3)
[14:36:08.337] Bot33 executed MOVE_FORWARD
[14:36:08.337] Starting turn for Bot21
[14:36:08.337] Bot21 rotated right to face NORTH
[14:36:08.337] Bot21 executed ROTATE_RIGHT
[14:36:08.338] Bot21 moved forward to (5,5)
[14:36:08.338] Bot21 executed MOVE_FORWARD
[14:36:08.338] Starting turn for Bot33
[14:36:08.338] Bot33 rotated left to face WEST
[14:36:08.338] Bot33 executed ROTATE_LEFT
[14:36:08.338] Bot33 rotated left to face SOUTH
[14:36:08.338] Bot33 executed ROTATE_LEFT
[14:36:08.338] Bot33 moved forward to (2,3)
[14:36:08.338] Bot33 executed MOVE_FORWARD
[14:36:08.338] Starting turn for Bot21
[14:36:08.338] Starting turn for Bot33
[14:36:08.338] Starting turn for Bot21
[14:36:08.338] Starting turn for Bot33
[14:36:08.338] Starting turn for Bot21
[14:36:08.338] Starting turn for Bot33
[14:36:08.338] Bot33 rotated left to face EAST
[14:36:08.338] Bot33 executed ROTATE_LEFT
[14:36:08.338] Bot33 rotated left to face NORTH
[14:36:08.338] Bot33 executed ROTATE_LEFT
[14:36:08.338] Bot33 moved forward to (1,3)
[14:36:08.338] Bot33 executed MOVE_FORWARD
[14:36:08.338] Starting turn for Bot21
[14:36:08.338] Starting turn for Bot33
[14:36:08.338] Bot33 rotated left to face WEST
[14:36:08.338] Bot33 executed ROTATE_LEFT
[14:36:08.338] Bot33 rotated left to face SOUTH
[14:36:08.338] Bot33 executed ROTATE_LEFT
[14:36:08.338] Bot33 moved forward to (2,3)
[14:36:08.338] Bot33 executed MOVE_FORWARD
[14:36:08.338] Starting turn for Bot21
[14:36:08.338] Starting turn for Bot33
[14:36:08.338] Starting turn for Bot21
[14:36:08.338] Starting turn for Bot33
[14:36:08.338] Starting turn for Bot21
[14:36:08.338] Starting turn for Bot33
[14:36:08.338] Bot33 rotated left to face EAST
[14:36:08.338] Bot33 executed ROTATE_LEFT
[14:36:08.338] Bot33 rotated left to face NORTH
[14:36:08.338] Bot33 executed ROTATE_LEFT
[14:36:08.338] Bot33 moved forward to (1,3)
[14:36:08.338] Bot33 executed MOVE_FORWARD
[14:36:08.338] Starting turn for Bot21
[14:36:08.338] Starting turn for Bot33
[14:36:08.338] Bot33 rotated left to face WEST
[14:36:08.338] Bot33 executed ROTATE_LEFT
[14:36:08.338] Bot33 rotated left to face SOUTH
[14:36:08.338] Bot33 executed ROTATE_LEFT
[14:36:08.338] Bot33 moved forward to (2,3)
[14:36:08.338] Bot33 executed MOVE_FORWARD
[14:36:08.338] Starting turn for Bot21
[14:36:08.338] Starting turn for Bot33
[14:36:08.338] Starting turn for Bot21
[14:36:08.338] Starting turn for Bot33
[14:36:08.338] Starting turn for Bot21
[14:36:08.338] Starting turn for Bot33
[14:36:08.338] Bot33 rotated left to face EAST
[14:36:08.338] Bot33 executed ROTATE_LEFT
[14:36:08.338] Bot33 rotated left to face NORTH
[14:36:08.338] Bot33 executed ROTATE_LEFT
[14:36:08.338] Bot33 moved forward to (1,3)
[14:36:08.338] Bot33 executed MOVE_FORWARD
[14:36:08.338] Starting turn for Bot21
[14:36:08.338] Starting turn for Bot33
[14:36:08.338] Bot33 rotated left to face WEST
[14:36:08.338] Bot33 executed ROTATE_LEFT
[14:36:08.338] Bot33 rotated left to face SOUTH
[14:36:08.338] Bot33 executed ROTATE_LEFT
[14:36:08.338] Bot33 moved forward to (2,3)
[14:36:08.338] Bot33 executed MOVE_FORWARD
[14:36:08.338] Starting turn for Bot21
[14:36:08.338] Stalemate detected: State repeated 10 times, unchanged for 3 turns
[14:36:08.338] Game Over! Stalemate detected!
[14:36:08.338] Stalemate detected: State repeated 10 times, unchanged for 3 turns
