[14:36:11.182] === Game Started at 2025-02-04_14-36-11 ===
[14:36:11.182] Game initialized with 2 players
[14:36:11.182] Board size: 10
[14:36:11.182] Obstacle density: 0.05
[14:36:11.182] Max turns: 1000
[14:36:11.182] Player Bot30 starting at position (0,0) facing SOUTH
[14:36:11.182] Player Bot25 starting at position (9,9) facing NORTH
[14:36:11.182] Obstacles at positions: (5,5) (7,4) (8,9) (9,4) (9,6)
[14:36:11.182] Starting turn for Bot30
[14:36:11.182] Bot30 rotated left to face EAST
[14:36:11.182] Bot30 executed ROTATE_LEFT
[14:36:11.182] Bot30 moved forward to (0,1)
[14:36:11.182] Bot30 executed MOVE_FORWARD
[14:36:11.182] Starting turn for Bot25
[14:36:11.182] Bot25 rotated left to face WEST
[14:36:11.182] Bot25 executed ROTATE_LEFT
[14:36:11.182] Bot25 moved forward to (9,8)
[14:36:11.182] Bot25 executed MOVE_FORWARD
[14:36:11.182] Starting turn for Bot30
[14:36:11.182] Bot30 rotated right to face SOUTH
[14:36:11.182] Bot30 executed ROTATE_RIGHT
[14:36:11.182] Bot30 moved forward to (1,1)
[14:36:11.182] Bot30 executed MOVE_FORWARD
[14:36:11.182] Starting turn for Bot25
[14:36:11.182] Bot25 rotated right to face NORTH
[14:36:11.182] Bot25 executed ROTATE_RIGHT
[14:36:11.182] Bot25 moved forward to (8,8)
[14:36:11.182] Bot25 executed MOVE_FORWARD
[14:36:11.182] Starting turn for Bot30
[14:36:11.182] Bot30 rotated left to face EAST
[14:36:11.182] Bot30 executed ROTATE_LEFT
[14:36:11.182] Bot30 moved forward to (1,2)
[14:36:11.182] Bot30 executed MOVE_FORWARD
[14:36:11.182] Starting turn for Bot25
[14:36:11.182] Bot25 rotated left to face WEST
[14:36:11.182] Bot25 executed ROTATE_LEFT
[14:36:11.182] Bot25 moved forward to (8,7)
[14:36:11.182] Bot25 executed MOVE_FORWARD
[14:36:11.182] Starting turn for Bot30
[14:36:11.182] Bot30 rotated right to face SOUTH
[14:36:11.182] Bot30 executed ROTATE_RIGHT
[14:36:11.182] Bot30 moved forward to (2,2)
[14:36:11.182] Bot30 executed MOVE_FORWARD
[14:36:11.182] Starting turn for Bot25
[14:36:11.182] Bot25 rotated right to face NORTH
[14:36:11.182] Bot25 executed ROTATE_RIGHT
[14:36:11.182] Bot25 moved forward to (7,7)
[14:36:11.182] Bot25 executed MOVE_FORWARD
[14:36:11.182] Starting turn for Bot30
[14:36:11.182] Bot30 rotated left to face EAST
[14:36:11.183] Bot30 executed ROTATE_LEFT
[14:36:11.183] Bot30 moved forward to (2,3)
[14:36:11.183] Bot30 executed MOVE_FORWARD
[14:36:11.183] Starting turn for Bot25
[14:36:11.183] Bot25 rotated left to face WEST
[14:36:11.183] Bot25 executed ROTATE_LEFT
[14:36:11.183] Bot25 moved forward to (7,6)
[14:36:11.183] Bot25 executed MOVE_FORWARD
[14:36:11.183] Starting turn for Bot30
[14:36:11.183] Bot30 rotated right to face SOUTH
[14:36:11.183] Bot30 executed ROTATE_RIGHT
[14:36:11.183] Bot30 moved forward to (3,3)
[14:36:11.183] Bot30 executed MOVE_FORWARD
[14:36:11.183] Starting turn for Bot25
[14:36:11.183] Bot25 rotated right to face NORTH
[14:36:11.183] Bot25 executed ROTATE_RIGHT
[14:36:11.183] Bot25 moved forward to (6,6)
[14:36:11.183] Bot25 executed MOVE_FORWARD
[14:36:11.183] Starting turn for Bot30
[14:36:11.183] Bot30 rotated left to face EAST
[14:36:11.183] Bot30 executed ROTATE_LEFT
[14:36:11.183] Bot30 moved forward to (3,4)
[14:36:11.183] Bot30 executed MOVE_FORWARD
[14:36:11.183] Starting turn for Bot25
[14:36:11.183] Bot25 rotated left to face WEST
[14:36:11.183] Bot25 executed ROTATE_LEFT
[14:36:11.183] Bot25 moved forward to (6,5)
[14:36:11.183] Bot25 executed MOVE_FORWARD
[14:36:11.183] Starting turn for Bot30
[14:36:11.183] Bot30 rotated right to face SOUTH
[14:36:11.183] Bot30 executed ROTATE_RIGHT
[14:36:11.183] Bot30 moved forward to (4,4)
[14:36:11.183] Bot30 executed MOVE_FORWARD
[14:36:11.183] Starting turn for Bot25
[14:36:11.183] Bot25 rotated right to face NORTH
[14:36:11.183] Bot25 executed ROTATE_RIGHT
[14:36:11.183] Starting turn for Bot30
[14:36:11.183] Bot30 rotated left to face EAST
[14:36:11.183] Bot30 executed ROTATE_LEFT
[14:36:11.183] Bot30 moved forward to (4,5)
[14:36:11.183] Bot30 executed MOVE_FORWARD
[14:36:11.183] Starting turn for Bot25
[14:36:11.183] Starting turn for Bot30
[14:36:11.183] Bot30 rotated right to face SOUTH
[14:36:11.183] Bot30 executed ROTATE_RIGHT
[14:36:11.183] Starting turn for Bot25
[14:36:11.183] Bot25 rotated right to face EAST
[14:36:11.183] Bot25 executed ROTATE_RIGHT
[14:36:11.183] Bot25 moved forward to (6,6)
[14:36:11.183] Bot25 executed MOVE_FORWARD
[14:36:11.183] Starting turn for Bot30
[14:36:11.183] Starting turn for Bot25
[14:36:11.183] Bot25 rotated left to face NORTH
[14:36:11.183] Bot25 executed ROTATE_LEFT
[14:36:11.183] Bot25 rotated left to face WEST
[14:36:11.183] Bot25 executed ROTATE_LEFT
[14:36:11.183] Bot25 moved forward to (6,5)
[14:36:11.183] Bot25 executed MOVE_FORWARD
[14:36:11.183] Starting turn for Bot30
[14:36:11.183] Bot30 rotated left to face EAST
[14:36:11.183] Bot30 executed ROTATE_LEFT
[14:36:11.183] Bot30 rotated left to face NORTH
[14:36:11.183] Bot30 executed ROTATE_LEFT
[14:36:11.183] Bot30 moved forward to (3,5)
[14:36:11.183] Bot30 executed MOVE_FORWARD
[14:36:11.183] Starting turn for Bot25
[14:36:11.183] Bot25 rotated right to face NORTH
[14:36:11.183] Bot25 executed ROTATE_RIGHT
[14:36:11.183] Starting turn for Bot30
[14:36:11.183] Bot30 rotated left to face WEST
[14:36:11.183] Bot30 executed ROTATE_LEFT
[14:36:11.183] Bot30 rotated left to face SOUTH
[14:36:11.183] Bot30 executed ROTATE_LEFT
[14:36:11.183] Bot30 moved forward to (4,5)
[14:36:11.183] Bot30 executed MOVE_FORWARD
[14:36:11.183] Starting turn for Bot25
[14:36:11.183] Starting turn for Bot30
[14:36:11.183] Starting turn for Bot25
[14:36:11.183] Bot25 rotated right to face EAST
[14:36:11.183] Bot25 executed ROTATE_RIGHT
[14:36:11.183] Bot25 moved forward to (6,6)
[14:36:11.183] Bot25 executed MOVE_FORWARD
[14:36:11.183] Starting turn for Bot30
[14:36:11.183] Starting turn for Bot25
[14:36:11.183] Bot25 rotated left to face NORTH
[14:36:11.183] Bot25 executed ROTATE_LEFT
[14:36:11.183] Bot25 rotated left to face WEST
[14:36:11.183] Bot25 executed ROTATE_LEFT
[14:36:11.183] Bot25 moved forward to (6,5)
[14:36:11.183] Bot25 executed MOVE_FORWARD
[14:36:11.183] Starting turn for Bot30
[14:36:11.183] Bot30 rotated left to face EAST
[14:36:11.183] Bot30 executed ROTATE_LEFT
[14:36:11.183] Bot30 rotated left to face NORTH
[14:36:11.183] Bot30 executed ROTATE_LEFT
[14:36:11.183] Bot30 moved forward to (3,5)
[14:36:11.183] Bot30 executed MOVE_FORWARD
[14:36:11.183] Starting turn for Bot25
[14:36:11.183] Bot25 rotated right to face NORTH
[14:36:11.183] Bot25 executed ROTATE_RIGHT
[14:36:11.183] Starting turn for Bot30
[14:36:11.183] Bot30 rotated left to face WEST
[14:36:11.183] Bot30 executed ROTATE_LEFT
[14:36:11.183] Bot30 rotated left to face SOUTH
[14:36:11.183] Bot30 executed ROTATE_LEFT
[14:36:11.183] Bot30 moved forward to (4,5)
[14:36:11.183] Bot30 executed MOVE_FORWARD
[14:36:11.183] Starting turn for Bot25
[14:36:11.183] Starting turn for Bot30
[14:36:11.183] Starting turn for Bot25
[14:36:11.183] Bot25 rotated right to face EAST
[14:36:11.183] Bot25 executed ROTATE_RIGHT
[14:36:11.183] Bot25 moved forward to (6,6)
[14:36:11.183] Bot25 executed MOVE_FORWARD
[14:36:11.183] Starting turn for Bot30
[14:36:11.183] Starting turn for Bot25
[14:36:11.183] Bot25 rotated left to face NORTH
[14:36:11.183] Bot25 executed ROTATE_LEFT
[14:36:11.183] Bot25 rotated left to face WEST
[14:36:11.183] Bot25 executed ROTATE_LEFT
[14:36:11.183] Bot25 moved forward to (6,5)
[14:36:11.183] Bot25 executed MOVE_FORWARD
[14:36:11.183] Starting turn for Bot30
[14:36:11.183] Bot30 rotated left to face EAST
[14:36:11.183] Bot30 executed ROTATE_LEFT
[14:36:11.183] Bot30 rotated left to face NORTH
[14:36:11.183] Bot30 executed ROTATE_LEFT
[14:36:11.183] Bot30 moved forward to (3,5)
[14:36:11.183] Bot30 executed MOVE_FORWARD
[14:36:11.183] Starting turn for Bot25
[14:36:11.183] Bot25 rotated right to face NORTH
[14:36:11.183] Bot25 executed ROTATE_RIGHT
[14:36:11.183] Starting turn for Bot30
[14:36:11.183] Bot30 rotated left to face WEST
[14:36:11.183] Bot30 executed ROTATE_LEFT
[14:36:11.183] Bot30 rotated left to face SOUTH
[14:36:11.183] Bot30 executed ROTATE_LEFT
[14:36:11.183] Bot30 moved forward to (4,5)
[14:36:11.183] Bot30 executed MOVE_FORWARD
[14:36:11.183] Starting turn for Bot25
[14:36:11.183] Starting turn for Bot30
[14:36:11.183] Starting turn for Bot25
[14:36:11.183] Stalemate detected: State repeated 10 times, unchanged for 1 turns
[14:36:11.183] Game Over! Stalemate detected!
[14:36:11.183] Stalemate detected: State repeated 10 times, unchanged for 1 turns
