[14:35:56.637] === Game Started at 2025-02-04_14-35-56 ===
[14:35:56.637] Game initialized with 2 players
[14:35:56.637] Board size: 10
[14:35:56.637] Obstacle density: 0.05
[14:35:56.637] Max turns: 1000
[14:35:56.637] Player Bot10 starting at position (0,0) facing WEST
[14:35:56.637] Player Bot31 starting at position (9,9) facing SOUTH
[14:35:56.637] Obstacles at positions: (1,2) (1,3) (4,3) (4,8) (9,6)
[14:35:56.637] Starting turn for Bot10
[14:35:56.637] Bot10 rotated left to face SOUTH
[14:35:56.637] Bot10 executed ROTATE_LEFT
[14:35:56.637] Bot10 rotated left to face EAST
[14:35:56.637] Bot10 executed ROTATE_LEFT
[14:35:56.637] Bot10 moved forward to (0,1)
[14:35:56.637] Bot10 executed MOVE_FORWARD
[14:35:56.637] Starting turn for Bot31
[14:35:56.637] Bot31 rotated right to face WEST
[14:35:56.637] Bot31 executed ROTATE_RIGHT
[14:35:56.637] Bot31 moved forward to (9,8)
[14:35:56.637] Bot31 executed MOVE_FORWARD
[14:35:56.637] Starting turn for Bot10
[14:35:56.637] Bot10 rotated right to face SOUTH
[14:35:56.637] Bot10 executed ROTATE_RIGHT
[14:35:56.637] Bot10 moved forward to (1,1)
[14:35:56.637] Bot10 executed MOVE_FORWARD
[14:35:56.637] Starting turn for Bot31
[14:35:56.637] Bot31 rotated right to face NORTH
[14:35:56.637] Bot31 executed ROTATE_RIGHT
[14:35:56.637] Bot31 moved forward to (8,8)
[14:35:56.637] Bot31 executed MOVE_FORWARD
[14:35:56.637] Starting turn for Bot10
[14:35:56.637] Bot10 rotated left to face EAST
[14:35:56.637] Bot10 executed ROTATE_LEFT
[14:35:56.637] Starting turn for Bot31
[14:35:56.637] Bot31 rotated left to face WEST
[14:35:56.637] Bot31 executed ROTATE_LEFT
[14:35:56.637] Bot31 moved forward to (8,7)
[14:35:56.637] Bot31 executed MOVE_FORWARD
[14:35:56.637] Starting turn for Bot10
[14:35:56.637] Starting turn for Bot31
[14:35:56.637] Bot31 rotated right to face NORTH
[14:35:56.637] Bot31 executed ROTATE_RIGHT
[14:35:56.637] Bot31 moved forward to (7,7)
[14:35:56.637] Bot31 executed MOVE_FORWARD
[14:35:56.637] Starting turn for Bot10
[14:35:56.637] Bot10 rotated left to face NORTH
[14:35:56.637] Bot10 executed ROTATE_LEFT
[14:35:56.637] Bot10 moved forward to (0,1)
[14:35:56.637] Bot10 executed MOVE_FORWARD
[14:35:56.637] Starting turn for Bot31
[14:35:56.637] Bot31 rotated left to face WEST
[14:35:56.637] Bot31 executed ROTATE_LEFT
[14:35:56.637] Bot31 moved forward to (7,6)
[14:35:56.637] Bot31 executed MOVE_FORWARD
[14:35:56.637] Starting turn for Bot10
[14:35:56.637] Bot10 rotated left to face WEST
[14:35:56.637] Bot10 executed ROTATE_LEFT
[14:35:56.637] Bot10 rotated left to face SOUTH
[14:35:56.637] Bot10 executed ROTATE_LEFT
[14:35:56.637] Bot10 moved forward to (1,1)
[14:35:56.637] Bot10 executed MOVE_FORWARD
[14:35:56.637] Starting turn for Bot31
[14:35:56.637] Bot31 rotated right to face NORTH
[14:35:56.637] Bot31 executed ROTATE_RIGHT
[14:35:56.637] Bot31 moved forward to (6,6)
[14:35:56.637] Bot31 executed MOVE_FORWARD
[14:35:56.637] Starting turn for Bot10
[14:35:56.637] Bot10 rotated left to face EAST
[14:35:56.637] Bot10 executed ROTATE_LEFT
[14:35:56.637] Starting turn for Bot31
[14:35:56.637] Bot31 rotated left to face WEST
[14:35:56.637] Bot31 executed ROTATE_LEFT
[14:35:56.637] Bot31 moved forward to (6,5)
[14:35:56.637] Bot31 executed MOVE_FORWARD
[14:35:56.637] Starting turn for Bot10
[14:35:56.637] Starting turn for Bot31
[14:35:56.637] Bot31 rotated right to face NORTH
[14:35:56.637] Bot31 executed ROTATE_RIGHT
[14:35:56.637] Bot31 moved forward to (5,5)
[14:35:56.637] Bot31 executed MOVE_FORWARD
[14:35:56.637] Starting turn for Bot10
[14:35:56.637] Bot10 rotated left to face NORTH
[14:35:56.638] Bot10 executed ROTATE_LEFT
[14:35:56.638] Bot10 moved forward to (0,1)
[14:35:56.638] Bot10 executed MOVE_FORWARD
[14:35:56.638] Starting turn for Bot31
[14:35:56.638] Starting turn for Bot10
[14:35:56.638] Bot10 rotated left to face WEST
[14:35:56.638] Bot10 executed ROTATE_LEFT
[14:35:56.638] Bot10 rotated left to face SOUTH
[14:35:56.638] Bot10 executed ROTATE_LEFT
[14:35:56.638] Bot10 moved forward to (1,1)
[14:35:56.638] Bot10 executed MOVE_FORWARD
[14:35:56.638] Starting turn for Bot31
[14:35:56.638] Starting turn for Bot10
[14:35:56.638] Bot10 rotated left to face EAST
[14:35:56.638] Bot10 executed ROTATE_LEFT
[14:35:56.638] Starting turn for Bot31
[14:35:56.638] Starting turn for Bot10
[14:35:56.638] Starting turn for Bot31
[14:35:56.638] Starting turn for Bot10
[14:35:56.638] Bot10 rotated left to face NORTH
[14:35:56.638] Bot10 executed ROTATE_LEFT
[14:35:56.638] Bot10 moved forward to (0,1)
[14:35:56.638] Bot10 executed MOVE_FORWARD
[14:35:56.638] Starting turn for Bot31
[14:35:56.638] Starting turn for Bot10
[14:35:56.638] Bot10 rotated left to face WEST
[14:35:56.638] Bot10 executed ROTATE_LEFT
[14:35:56.638] Bot10 rotated left to face SOUTH
[14:35:56.638] Bot10 executed ROTATE_LEFT
[14:35:56.638] Bot10 moved forward to (1,1)
[14:35:56.638] Bot10 executed MOVE_FORWARD
[14:35:56.638] Starting turn for Bot31
[14:35:56.638] Starting turn for Bot10
[14:35:56.638] Bot10 rotated left to face EAST
[14:35:56.638] Bot10 executed ROTATE_LEFT
[14:35:56.638] Starting turn for Bot31
[14:35:56.638] Starting turn for Bot10
[14:35:56.638] Starting turn for Bot31
[14:35:56.638] Starting turn for Bot10
[14:35:56.638] Bot10 rotated left to face NORTH
[14:35:56.638] Bot10 executed ROTATE_LEFT
[14:35:56.638] Bot10 moved forward to (0,1)
[14:35:56.638] Bot10 executed MOVE_FORWARD
[14:35:56.638] Starting turn for Bot31
[14:35:56.638] Starting turn for Bot10
[14:35:56.638] Bot10 rotated left to face WEST
[14:35:56.638] Bot10 executed ROTATE_LEFT
[14:35:56.638] Bot10 rotated left to face SOUTH
[14:35:56.638] Bot10 executed ROTATE_LEFT
[14:35:56.638] Bot10 moved forward to (1,1)
[14:35:56.638] Bot10 executed MOVE_FORWARD
[14:35:56.638] Starting turn for Bot31
[14:35:56.638] Starting turn for Bot10
[14:35:56.638] Bot10 rotated left to face EAST
[14:35:56.638] Bot10 executed ROTATE_LEFT
[14:35:56.638] Starting turn for Bot31
[14:35:56.638] Starting turn for Bot10
[14:35:56.638] Starting turn for Bot31
[14:35:56.638] Stalemate detected: State repeated 10 times, unchanged for 3 turns
[14:35:56.638] Game Over! Stalemate detected!
[14:35:56.638] Stalemate detected: State repeated 10 times, unchanged for 3 turns
