[14:35:45.004] === Game Started at 2025-02-04_14-35-45 ===
[14:35:45.004] Game initialized with 2 players
[14:35:45.005] Board size: 10
[14:35:45.005] Obstacle density: 0.05
[14:35:45.005] Max turns: 1000
[14:35:45.005] Player Bot40 starting at position (0,0) facing EAST
[14:35:45.005] Player Bot3 starting at position (9,9) facing SOUTH
[14:35:45.005] Obstacles at positions: (0,1) (0,5) (2,4) (3,4) (6,2)
[14:35:45.005] Starting turn for Bot40
[14:35:45.005] Starting turn for Bot3
[14:35:45.005] Bot3 rotated right to face WEST
[14:35:45.005] Bot3 executed ROTATE_RIGHT
[14:35:45.005] Bot3 moved forward to (9,8)
[14:35:45.005] Bot3 executed MOVE_FORWARD
[14:35:45.005] Starting turn for Bot40
[14:35:45.005] Starting turn for Bot3
[14:35:45.005] Bot3 rotated right to face NORTH
[14:35:45.005] Bot3 executed ROTATE_RIGHT
[14:35:45.005] Bot3 moved forward to (8,8)
[14:35:45.005] Bot3 executed MOVE_FORWARD
[14:35:45.005] Starting turn for Bot40
[14:35:45.005] Bot40 rotated right to face SOUTH
[14:35:45.005] Bot40 executed ROTATE_RIGHT
[14:35:45.005] Bot40 moved forward to (1,0)
[14:35:45.005] Bot40 executed MOVE_FORWARD
[14:35:45.005] Starting turn for Bot3
[14:35:45.005] Bot3 rotated left to face WEST
[14:35:45.005] Bot3 executed ROTATE_LEFT
[14:35:45.005] Bot3 moved forward to (8,7)
[14:35:45.005] Bot3 executed MOVE_FORWARD
[14:35:45.005] Starting turn for Bot40
[14:35:45.005] Bot40 rotated left to face EAST
[14:35:45.005] Bot40 executed ROTATE_LEFT
[14:35:45.005] Bot40 moved forward to (1,1)
[14:35:45.005] Bot40 executed MOVE_FORWARD
[14:35:45.005] Starting turn for Bot3
[14:35:45.005] Bot3 rotated right to face NORTH
[14:35:45.005] Bot3 executed ROTATE_RIGHT
[14:35:45.005] Bot3 moved forward to (7,7)
[14:35:45.005] Bot3 executed MOVE_FORWARD
[14:35:45.005] Starting turn for Bot40
[14:35:45.005] Bot40 moved forward to (1,2)
[14:35:45.005] Bot40 executed MOVE_FORWARD
[14:35:45.005] Starting turn for Bot3
[14:35:45.005] Bot3 rotated left to face WEST
[14:35:45.005] Bot3 executed ROTATE_LEFT
[14:35:45.005] Bot3 moved forward to (7,6)
[14:35:45.005] Bot3 executed MOVE_FORWARD
[14:35:45.005] Starting turn for Bot40
[14:35:45.005] Bot40 rotated right to face SOUTH
[14:35:45.005] Bot40 executed ROTATE_RIGHT
[14:35:45.005] Bot40 moved forward to (2,2)
[14:35:45.005] Bot40 executed MOVE_FORWARD
[14:35:45.005] Starting turn for Bot3
[14:35:45.005] Bot3 rotated right to face NORTH
[14:35:45.005] Bot3 executed ROTATE_RIGHT
[14:35:45.005] Bot3 moved forward to (6,6)
[14:35:45.005] Bot3 executed MOVE_FORWARD
[14:35:45.005] Starting turn for Bot40
[14:35:45.005] Bot40 rotated left to face EAST
[14:35:45.005] Bot40 executed ROTATE_LEFT
[14:35:45.005] Bot40 moved forward to (2,3)
[14:35:45.005] Bot40 executed MOVE_FORWARD
[14:35:45.005] Starting turn for Bot3
[14:35:45.005] Bot3 rotated left to face WEST
[14:35:45.005] Bot3 executed ROTATE_LEFT
[14:35:45.005] Bot3 moved forward to (6,5)
[14:35:45.005] Bot3 executed MOVE_FORWARD
[14:35:45.005] Starting turn for Bot40
[14:35:45.005] Bot40 rotated right to face SOUTH
[14:35:45.005] Bot40 executed ROTATE_RIGHT
[14:35:45.005] Bot40 moved forward to (3,3)
[14:35:45.005] Bot40 executed MOVE_FORWARD
[14:35:45.005] Starting turn for Bot3
[14:35:45.005] Bot3 rotated right to face NORTH
[14:35:45.005] Bot3 executed ROTATE_RIGHT
[14:35:45.005] Bot3 moved forward to (5,5)
[14:35:45.005] Bot3 executed MOVE_FORWARD
[14:35:45.005] Starting turn for Bot40
[14:35:45.005] Bot40 rotated left to face EAST
[14:35:45.005] Bot40 executed ROTATE_LEFT
[14:35:45.005] Starting turn for Bot3
[14:35:45.005] Starting turn for Bot40
[14:35:45.005] Starting turn for Bot3
[14:35:45.005] Starting turn for Bot40
[14:35:45.005] Bot40 rotated left to face NORTH
[14:35:45.005] Bot40 executed ROTATE_LEFT
[14:35:45.005] Bot40 moved forward to (2,3)
[14:35:45.005] Bot40 executed MOVE_FORWARD
[14:35:45.005] Starting turn for Bot3
[14:35:45.005] Starting turn for Bot40
[14:35:45.005] Bot40 rotated left to face WEST
[14:35:45.005] Bot40 executed ROTATE_LEFT
[14:35:45.005] Bot40 rotated left to face SOUTH
[14:35:45.005] Bot40 executed ROTATE_LEFT
[14:35:45.005] Bot40 moved forward to (3,3)
[14:35:45.005] Bot40 executed MOVE_FORWARD
[14:35:45.005] Starting turn for Bot3
[14:35:45.005] Starting turn for Bot40
[14:35:45.005] Bot40 rotated left to face EAST
[14:35:45.005] Bot40 executed ROTATE_LEFT
[14:35:45.005] Starting turn for Bot3
[14:35:45.005] Starting turn for Bot40
[14:35:45.005] Starting turn for Bot3
[14:35:45.005] Starting turn for Bot40
[14:35:45.005] Bot40 rotated left to face NORTH
[14:35:45.005] Bot40 executed ROTATE_LEFT
[14:35:45.005] Bot40 moved forward to (2,3)
[14:35:45.005] Bot40 executed MOVE_FORWARD
[14:35:45.005] Starting turn for Bot3
[14:35:45.005] Starting turn for Bot40
[14:35:45.005] Bot40 rotated left to face WEST
[14:35:45.005] Bot40 executed ROTATE_LEFT
[14:35:45.005] Bot40 rotated left to face SOUTH
[14:35:45.005] Bot40 executed ROTATE_LEFT
[14:35:45.005] Bot40 moved forward to (3,3)
[14:35:45.005] Bot40 executed MOVE_FORWARD
[14:35:45.005] Starting turn for Bot3
[14:35:45.005] Starting turn for Bot40
[14:35:45.005] Bot40 rotated left to face EAST
[14:35:45.005] Bot40 executed ROTATE_LEFT
[14:35:45.005] Starting turn for Bot3
[14:35:45.005] Starting turn for Bot40
[14:35:45.005] Starting turn for Bot3
[14:35:45.005] Starting turn for Bot40
[14:35:45.005] Bot40 rotated left to face NORTH
[14:35:45.005] Bot40 executed ROTATE_LEFT
[14:35:45.005] Bot40 moved forward to (2,3)
[14:35:45.005] Bot40 executed MOVE_FORWARD
[14:35:45.005] Starting turn for Bot3
[14:35:45.005] Starting turn for Bot40
[14:35:45.005] Bot40 rotated left to face WEST
[14:35:45.005] Bot40 executed ROTATE_LEFT
[14:35:45.005] Bot40 rotated left to face SOUTH
[14:35:45.005] Bot40 executed ROTATE_LEFT
[14:35:45.005] Bot40 moved forward to (3,3)
[14:35:45.005] Bot40 executed MOVE_FORWARD
[14:35:45.005] Starting turn for Bot3
[14:35:45.005] Starting turn for Bot40
[14:35:45.005] Bot40 rotated left to face EAST
[14:35:45.005] Bot40 executed ROTATE_LEFT
[14:35:45.005] Starting turn for Bot3
[14:35:45.005] Stalemate detected: State repeated 10 times, unchanged for 1 turns
[14:35:45.005] Game Over! Stalemate detected!
[14:35:45.005] Stalemate detected: State repeated 10 times, unchanged for 1 turns
