[14:36:07.742] === Game Started at 2025-02-04_14-36-07 ===
[14:36:07.742] Game initialized with 2 players
[14:36:07.742] Board size: 10
[14:36:07.742] Obstacle density: 0.05
[14:36:07.742] Max turns: 1000
[14:36:07.742] Player Bot34 starting at position (0,0) facing NORTH
[14:36:07.742] Player Bot20 starting at position (9,9) facing SOUTH
[14:36:07.742] Obstacles at positions: (2,5) (3,0) (3,2) (4,4) (7,7)
[14:36:07.742] Starting turn for Bot34
[14:36:07.742] Bot34 rotated right to face EAST
[14:36:07.742] Bot34 executed ROTATE_RIGHT
[14:36:07.742] Bot34 moved forward to (0,1)
[14:36:07.742] Bot34 executed MOVE_FORWARD
[14:36:07.742] Starting turn for Bot20
[14:36:07.742] Bot20 rotated right to face WEST
[14:36:07.742] Bot20 executed ROTATE_RIGHT
[14:36:07.742] Bot20 moved forward to (9,8)
[14:36:07.742] Bot20 executed MOVE_FORWARD
[14:36:07.742] Starting turn for Bot34
[14:36:07.742] Bot34 rotated right to face SOUTH
[14:36:07.742] Bot34 executed ROTATE_RIGHT
[14:36:07.742] Bot34 moved forward to (1,1)
[14:36:07.742] Bot34 executed MOVE_FORWARD
[14:36:07.742] Starting turn for Bot20
[14:36:07.742] Bot20 rotated right to face NORTH
[14:36:07.742] Bot20 executed ROTATE_RIGHT
[14:36:07.742] Bot20 moved forward to (8,8)
[14:36:07.742] Bot20 executed MOVE_FORWARD
[14:36:07.742] Starting turn for Bot34
[14:36:07.742] Bot34 rotated left to face EAST
[14:36:07.742] Bot34 executed ROTATE_LEFT
[14:36:07.742] Bot34 moved forward to (1,2)
[14:36:07.742] Bot34 executed MOVE_FORWARD
[14:36:07.742] Starting turn for Bot20
[14:36:07.742] Bot20 rotated left to face WEST
[14:36:07.742] Bot20 executed ROTATE_LEFT
[14:36:07.742] Bot20 moved forward to (8,7)
[14:36:07.742] Bot20 executed MOVE_FORWARD
[14:36:07.742] Starting turn for Bot34
[14:36:07.742] Bot34 rotated right to face SOUTH
[14:36:07.742] Bot34 executed ROTATE_RIGHT
[14:36:07.742] Bot34 moved forward to (2,2)
[14:36:07.742] Bot34 executed MOVE_FORWARD
[14:36:07.742] Starting turn for Bot20
[14:36:07.742] Bot20 rotated right to face NORTH
[14:36:07.742] Bot20 executed ROTATE_RIGHT
[14:36:07.742] Starting turn for Bot34
[14:36:07.742] Bot34 rotated left to face EAST
[14:36:07.742] Bot34 executed ROTATE_LEFT
[14:36:07.742] Bot34 moved forward to (2,3)
[14:36:07.742] Bot34 executed MOVE_FORWARD
[14:36:07.742] Starting turn for Bot20
[14:36:07.742] Starting turn for Bot34
[14:36:07.742] Bot34 rotated right to face SOUTH
[14:36:07.742] Bot34 executed ROTATE_RIGHT
[14:36:07.742] Bot34 moved forward to (3,3)
[14:36:07.742] Bot34 executed MOVE_FORWARD
[14:36:07.742] Starting turn for Bot20
[14:36:07.742] Bot20 rotated right to face EAST
[14:36:07.742] Bot20 executed ROTATE_RIGHT
[14:36:07.742] Bot20 moved forward to (8,8)
[14:36:07.742] Bot20 executed MOVE_FORWARD
[14:36:07.742] Starting turn for Bot34
[14:36:07.742] Bot34 rotated left to face EAST
[14:36:07.742] Bot34 executed ROTATE_LEFT
[14:36:07.742] Bot34 moved forward to (3,4)
[14:36:07.742] Bot34 executed MOVE_FORWARD
[14:36:07.742] Starting turn for Bot20
[14:36:07.742] Bot20 rotated left to face NORTH
[14:36:07.742] Bot20 executed ROTATE_LEFT
[14:36:07.742] Bot20 rotated left to face WEST
[14:36:07.742] Bot20 executed ROTATE_LEFT
[14:36:07.742] Bot20 moved forward to (8,7)
[14:36:07.742] Bot20 executed MOVE_FORWARD
[14:36:07.742] Starting turn for Bot34
[14:36:07.742] Bot34 rotated right to face SOUTH
[14:36:07.742] Bot34 executed ROTATE_RIGHT
[14:36:07.742] Starting turn for Bot20
[14:36:07.742] Bot20 rotated right to face NORTH
[14:36:07.742] Bot20 executed ROTATE_RIGHT
[14:36:07.742] Starting turn for Bot34
[14:36:07.742] Starting turn for Bot20
[14:36:07.742] Starting turn for Bot34
[14:36:07.742] Bot34 rotated left to face EAST
[14:36:07.742] Bot34 executed ROTATE_LEFT
[14:36:07.742] Bot34 rotated left to face NORTH
[14:36:07.742] Bot34 executed ROTATE_LEFT
[14:36:07.742] Bot34 moved forward to (2,4)
[14:36:07.742] Bot34 executed MOVE_FORWARD
[14:36:07.742] Starting turn for Bot20
[14:36:07.742] Bot20 rotated right to face EAST
[14:36:07.742] Bot20 executed ROTATE_RIGHT
[14:36:07.742] Bot20 moved forward to (8,8)
[14:36:07.742] Bot20 executed MOVE_FORWARD
[14:36:07.742] Starting turn for Bot34
[14:36:07.742] Bot34 rotated left to face WEST
[14:36:07.742] Bot34 executed ROTATE_LEFT
[14:36:07.742] Bot34 rotated left to face SOUTH
[14:36:07.742] Bot34 executed ROTATE_LEFT
[14:36:07.742] Bot34 moved forward to (3,4)
[14:36:07.742] Bot34 executed MOVE_FORWARD
[14:36:07.742] Starting turn for Bot20
[14:36:07.742] Bot20 rotated left to face NORTH
[14:36:07.742] Bot20 executed ROTATE_LEFT
[14:36:07.742] Bot20 rotated left to face WEST
[14:36:07.742] Bot20 executed ROTATE_LEFT
[14:36:07.742] Bot20 moved forward to (8,7)
[14:36:07.742] Bot20 executed MOVE_FORWARD
[14:36:07.742] Starting turn for Bot34
[14:36:07.742] Starting turn for Bot20
[14:36:07.742] Bot20 rotated right to face NORTH
[14:36:07.742] Bot20 executed ROTATE_RIGHT
[14:36:07.742] Starting turn for Bot34
[14:36:07.742] Starting turn for Bot20
[14:36:07.742] Starting turn for Bot34
[14:36:07.742] Bot34 rotated left to face EAST
[14:36:07.742] Bot34 executed ROTATE_LEFT
[14:36:07.742] Bot34 rotated left to face NORTH
[14:36:07.742] Bot34 executed ROTATE_LEFT
[14:36:07.742] Bot34 moved forward to (2,4)
[14:36:07.742] Bot34 executed MOVE_FORWARD
[14:36:07.742] Starting turn for Bot20
[14:36:07.742] Bot20 rotated right to face EAST
[14:36:07.742] Bot20 executed ROTATE_RIGHT
[14:36:07.742] Bot20 moved forward to (8,8)
[14:36:07.742] Bot20 executed MOVE_FORWARD
[14:36:07.742] Starting turn for Bot34
[14:36:07.742] Bot34 rotated left to face WEST
[14:36:07.742] Bot34 executed ROTATE_LEFT
[14:36:07.742] Bot34 rotated left to face SOUTH
[14:36:07.742] Bot34 executed ROTATE_LEFT
[14:36:07.742] Bot34 moved forward to (3,4)
[14:36:07.742] Bot34 executed MOVE_FORWARD
[14:36:07.742] Starting turn for Bot20
[14:36:07.742] Bot20 rotated left to face NORTH
[14:36:07.742] Bot20 executed ROTATE_LEFT
[14:36:07.742] Bot20 rotated left to face WEST
[14:36:07.742] Bot20 executed ROTATE_LEFT
[14:36:07.742] Bot20 moved forward to (8,7)
[14:36:07.742] Bot20 executed MOVE_FORWARD
[14:36:07.742] Starting turn for Bot34
[14:36:07.742] Starting turn for Bot20
[14:36:07.742] Bot20 rotated right to face NORTH
[14:36:07.742] Bot20 executed ROTATE_RIGHT
[14:36:07.742] Starting turn for Bot34
[14:36:07.742] Starting turn for Bot20
[14:36:07.742] Starting turn for Bot34
[14:36:07.742] Bot34 rotated left to face EAST
[14:36:07.742] Bot34 executed ROTATE_LEFT
[14:36:07.742] Bot34 rotated left to face NORTH
[14:36:07.742] Bot34 executed ROTATE_LEFT
[14:36:07.742] Bot34 moved forward to (2,4)
[14:36:07.742] Bot34 executed MOVE_FORWARD
[14:36:07.742] Starting turn for Bot20
[14:36:07.742] Bot20 rotated right to face EAST
[14:36:07.742] Bot20 executed ROTATE_RIGHT
[14:36:07.742] Bot20 moved forward to (8,8)
[14:36:07.742] Bot20 executed MOVE_FORWARD
[14:36:07.742] Starting turn for Bot34
[14:36:07.742] Bot34 rotated left to face WEST
[14:36:07.742] Bot34 executed ROTATE_LEFT
[14:36:07.742] Bot34 rotated left to face SOUTH
[14:36:07.742] Bot34 executed ROTATE_LEFT
[14:36:07.742] Bot34 moved forward to (3,4)
[14:36:07.742] Bot34 executed MOVE_FORWARD
[14:36:07.742] Starting turn for Bot20
[14:36:07.742] Bot20 rotated left to face NORTH
[14:36:07.742] Bot20 executed ROTATE_LEFT
[14:36:07.742] Bot20 rotated left to face WEST
[14:36:07.742] Bot20 executed ROTATE_LEFT
[14:36:07.742] Bot20 moved forward to (8,7)
[14:36:07.742] Bot20 executed MOVE_FORWARD
[14:36:07.742] Starting turn for Bot34
[14:36:07.742] Starting turn for Bot20
[14:36:07.742] Bot20 rotated right to face NORTH
[14:36:07.742] Bot20 executed ROTATE_RIGHT
[14:36:07.742] Starting turn for Bot34
[14:36:07.742] Stalemate detected: State repeated 10 times, unchanged for 3 turns
[14:36:07.742] Game Over! Stalemate detected!
[14:36:07.742] Stalemate detected: State repeated 10 times, unchanged for 3 turns
