[14:36:07.451] === Game Started at 2025-02-04_14-36-07 ===
[14:36:07.451] Game initialized with 2 players
[14:36:07.451] Board size: 10
[14:36:07.451] Obstacle density: 0.05
[14:36:07.451] Max turns: 1000
[14:36:07.451] Player Bot29 starting at position (0,0) facing NORTH
[14:36:07.451] Player Bot20 starting at position (9,9) facing NORTH
[14:36:07.451] Obstacles at positions: (0,8) (2,3) (4,8) (6,4) (6,6)
[14:36:07.451] Starting turn for Bot29
[14:36:07.451] Bot29 rotated right to face EAST
[14:36:07.451] Bot29 executed ROTATE_RIGHT
[14:36:07.451] Bot29 moved forward to (0,1)
[14:36:07.451] Bot29 executed MOVE_FORWARD
[14:36:07.451] Starting turn for Bot20
[14:36:07.451] Bot20 rotated left to face WEST
[14:36:07.451] Bot20 executed ROTATE_LEFT
[14:36:07.451] Bot20 moved forward to (9,8)
[14:36:07.451] Bot20 executed MOVE_FORWARD
[14:36:07.451] Starting turn for Bot29
[14:36:07.451] Bot29 rotated right to face SOUTH
[14:36:07.451] Bot29 executed ROTATE_RIGHT
[14:36:07.451] Bot29 moved forward to (1,1)
[14:36:07.451] Bot29 executed MOVE_FORWARD
[14:36:07.451] Starting turn for Bot20
[14:36:07.451] Bot20 rotated right to face NORTH
[14:36:07.451] Bot20 executed ROTATE_RIGHT
[14:36:07.451] Bot20 moved forward to (8,8)
[14:36:07.451] Bot20 executed MOVE_FORWARD
[14:36:07.451] Starting turn for Bot29
[14:36:07.451] Bot29 rotated left to face EAST
[14:36:07.451] Bot29 executed ROTATE_LEFT
[14:36:07.451] Bot29 moved forward to (1,2)
[14:36:07.451] Bot29 executed MOVE_FORWARD
[14:36:07.451] Starting turn for Bot20
[14:36:07.451] Bot20 rotated left to face WEST
[14:36:07.451] Bot20 executed ROTATE_LEFT
[14:36:07.451] Bot20 moved forward to (8,7)
[14:36:07.451] Bot20 executed MOVE_FORWARD
[14:36:07.451] Starting turn for Bot29
[14:36:07.451] Bot29 rotated right to face SOUTH
[14:36:07.451] Bot29 executed ROTATE_RIGHT
[14:36:07.451] Bot29 moved forward to (2,2)
[14:36:07.451] Bot29 executed MOVE_FORWARD
[14:36:07.451] Starting turn for Bot20
[14:36:07.451] Bot20 rotated right to face NORTH
[14:36:07.451] Bot20 executed ROTATE_RIGHT
[14:36:07.451] Bot20 moved forward to (7,7)
[14:36:07.451] Bot20 executed MOVE_FORWARD
[14:36:07.451] Starting turn for Bot29
[14:36:07.451] Bot29 rotated left to face EAST
[14:36:07.451] Bot29 executed ROTATE_LEFT
[14:36:07.451] Starting turn for Bot20
[14:36:07.451] Bot20 rotated left to face WEST
[14:36:07.451] Bot20 executed ROTATE_LEFT
[14:36:07.451] Bot20 moved forward to (7,6)
[14:36:07.451] Bot20 executed MOVE_FORWARD
[14:36:07.451] Starting turn for Bot29
[14:36:07.451] Starting turn for Bot20
[14:36:07.451] Bot20 rotated right to face NORTH
[14:36:07.451] Bot20 executed ROTATE_RIGHT
[14:36:07.451] Starting turn for Bot29
[14:36:07.451] Bot29 rotated left to face NORTH
[14:36:07.451] Bot29 executed ROTATE_LEFT
[14:36:07.451] Bot29 moved forward to (1,2)
[14:36:07.451] Bot29 executed MOVE_FORWARD
[14:36:07.451] Starting turn for Bot20
[14:36:07.451] Starting turn for Bot29
[14:36:07.451] Bot29 rotated left to face WEST
[14:36:07.451] Bot29 executed ROTATE_LEFT
[14:36:07.451] Bot29 rotated left to face SOUTH
[14:36:07.451] Bot29 executed ROTATE_LEFT
[14:36:07.451] Bot29 moved forward to (2,2)
[14:36:07.451] Bot29 executed MOVE_FORWARD
[14:36:07.451] Starting turn for Bot20
[14:36:07.451] Bot20 rotated right to face EAST
[14:36:07.451] Bot20 executed ROTATE_RIGHT
[14:36:07.451] Bot20 moved forward to (7,7)
[14:36:07.451] Bot20 executed MOVE_FORWARD
[14:36:07.451] Starting turn for Bot29
[14:36:07.451] Bot29 rotated left to face EAST
[14:36:07.451] Bot29 executed ROTATE_LEFT
[14:36:07.451] Starting turn for Bot20
[14:36:07.451] Bot20 rotated left to face NORTH
[14:36:07.451] Bot20 executed ROTATE_LEFT
[14:36:07.451] Bot20 rotated left to face WEST
[14:36:07.451] Bot20 executed ROTATE_LEFT
[14:36:07.451] Bot20 moved forward to (7,6)
[14:36:07.451] Bot20 executed MOVE_FORWARD
[14:36:07.451] Starting turn for Bot29
[14:36:07.451] Starting turn for Bot20
[14:36:07.451] Bot20 rotated right to face NORTH
[14:36:07.451] Bot20 executed ROTATE_RIGHT
[14:36:07.451] Starting turn for Bot29
[14:36:07.451] Bot29 rotated left to face NORTH
[14:36:07.451] Bot29 executed ROTATE_LEFT
[14:36:07.451] Bot29 moved forward to (1,2)
[14:36:07.452] Bot29 executed MOVE_FORWARD
[14:36:07.452] Starting turn for Bot20
[14:36:07.452] Starting turn for Bot29
[14:36:07.452] Bot29 rotated left to face WEST
[14:36:07.452] Bot29 executed ROTATE_LEFT
[14:36:07.452] Bot29 rotated left to face SOUTH
[14:36:07.452] Bot29 executed ROTATE_LEFT
[14:36:07.452] Bot29 moved forward to (2,2)
[14:36:07.452] Bot29 executed MOVE_FORWARD
[14:36:07.452] Starting turn for Bot20
[14:36:07.452] Bot20 rotated right to face EAST
[14:36:07.452] Bot20 executed ROTATE_RIGHT
[14:36:07.452] Bot20 moved forward to (7,7)
[14:36:07.452] Bot20 executed MOVE_FORWARD
[14:36:07.452] Starting turn for Bot29
[14:36:07.452] Bot29 rotated left to face EAST
[14:36:07.452] Bot29 executed ROTATE_LEFT
[14:36:07.452] Starting turn for Bot20
[14:36:07.452] Bot20 rotated left to face NORTH
[14:36:07.452] Bot20 executed ROTATE_LEFT
[14:36:07.452] Bot20 rotated left to face WEST
[14:36:07.452] Bot20 executed ROTATE_LEFT
[14:36:07.452] Bot20 moved forward to (7,6)
[14:36:07.452] Bot20 executed MOVE_FORWARD
[14:36:07.452] Starting turn for Bot29
[14:36:07.452] Starting turn for Bot20
[14:36:07.452] Bot20 rotated right to face NORTH
[14:36:07.452] Bot20 executed ROTATE_RIGHT
[14:36:07.452] Starting turn for Bot29
[14:36:07.452] Bot29 rotated left to face NORTH
[14:36:07.452] Bot29 executed ROTATE_LEFT
[14:36:07.452] Bot29 moved forward to (1,2)
[14:36:07.452] Bot29 executed MOVE_FORWARD
[14:36:07.452] Starting turn for Bot20
[14:36:07.452] Starting turn for Bot29
[14:36:07.452] Bot29 rotated left to face WEST
[14:36:07.452] Bot29 executed ROTATE_LEFT
[14:36:07.452] Bot29 rotated left to face SOUTH
[14:36:07.452] Bot29 executed ROTATE_LEFT
[14:36:07.452] Bot29 moved forward to (2,2)
[14:36:07.452] Bot29 executed MOVE_FORWARD
[14:36:07.452] Starting turn for Bot20
[14:36:07.452] Bot20 rotated right to face EAST
[14:36:07.452] Bot20 executed ROTATE_RIGHT
[14:36:07.452] Bot20 moved forward to (7,7)
[14:36:07.452] Bot20 executed MOVE_FORWARD
[14:36:07.452] Starting turn for Bot29
[14:36:07.452] Bot29 rotated left to face EAST
[14:36:07.452] Bot29 executed ROTATE_LEFT
[14:36:07.452] Starting turn for Bot20
[14:36:07.452] Bot20 rotated left to face NORTH
[14:36:07.452] Bot20 executed ROTATE_LEFT
[14:36:07.452] Bot20 rotated left to face WEST
[14:36:07.452] Bot20 executed ROTATE_LEFT
[14:36:07.452] Bot20 moved forward to (7,6)
[14:36:07.452] Bot20 executed MOVE_FORWARD
[14:36:07.452] Starting turn for Bot29
[14:36:07.452] Starting turn for Bot20
[14:36:07.452] Bot20 rotated right to face NORTH
[14:36:07.452] Bot20 executed ROTATE_RIGHT
[14:36:07.452] Starting turn for Bot29
[14:36:07.452] Bot29 rotated left to face NORTH
[14:36:07.452] Bot29 executed ROTATE_LEFT
[14:36:07.452] Bot29 moved forward to (1,2)
[14:36:07.452] Bot29 executed MOVE_FORWARD
[14:36:07.452] Starting turn for Bot20
[14:36:07.452] Starting turn for Bot29
[14:36:07.452] Bot29 rotated left to face WEST
[14:36:07.452] Bot29 executed ROTATE_LEFT
[14:36:07.452] Bot29 rotated left to face SOUTH
[14:36:07.452] Bot29 executed ROTATE_LEFT
[14:36:07.452] Bot29 moved forward to (2,2)
[14:36:07.452] Bot29 executed MOVE_FORWARD
[14:36:07.452] Starting turn for Bot20
[14:36:07.452] Bot20 rotated right to face EAST
[14:36:07.452] Bot20 executed ROTATE_RIGHT
[14:36:07.452] Bot20 moved forward to (7,7)
[14:36:07.452] Bot20 executed MOVE_FORWARD
[14:36:07.452] Starting turn for Bot29
[14:36:07.452] Bot29 rotated left to face EAST
[14:36:07.452] Bot29 executed ROTATE_LEFT
[14:36:07.452] Starting turn for Bot20
[14:36:07.452] Bot20 rotated left to face NORTH
[14:36:07.452] Bot20 executed ROTATE_LEFT
[14:36:07.452] Bot20 rotated left to face WEST
[14:36:07.452] Bot20 executed ROTATE_LEFT
[14:36:07.452] Bot20 moved forward to (7,6)
[14:36:07.452] Bot20 executed MOVE_FORWARD
[14:36:07.452] Starting turn for Bot29
[14:36:07.452] Starting turn for Bot20
[14:36:07.452] Stalemate detected: State repeated 10 times, unchanged for 2 turns
[14:36:07.452] Game Over! Stalemate detected!
[14:36:07.452] Stalemate detected: State repeated 10 times, unchanged for 2 turns
