[14:35:41.998] === Game Started at 2025-02-04_14-35-41 ===
[14:35:41.998] Game initialized with 2 players
[14:35:41.998] Board size: 10
[14:35:41.998] Obstacle density: 0.05
[14:35:41.998] Max turns: 1000
[14:35:41.999] Player Bot23 starting at position (0,0) facing SOUTH
[14:35:41.999] Player Bot2 starting at position (9,9) facing SOUTH
[14:35:41.999] Obstacles at positions: (2,3) (3,1) (6,9) (7,3) (7,8)
[14:35:41.999] Starting turn for Bot23
[14:35:41.999] Bot23 rotated left to face EAST
[14:35:41.999] Bot23 executed ROTATE_LEFT
[14:35:41.999] Bot23 moved forward to (0,1)
[14:35:41.999] Bot23 executed MOVE_FORWARD
[14:35:41.999] Starting turn for Bot2
[14:35:41.999] Bot2 rotated right to face WEST
[14:35:41.999] Bot2 executed ROTATE_RIGHT
[14:35:41.999] Bot2 moved forward to (9,8)
[14:35:41.999] Bot2 executed MOVE_FORWARD
[14:35:41.999] Starting turn for Bot23
[14:35:41.999] Bot23 rotated right to face SOUTH
[14:35:41.999] Bot23 executed ROTATE_RIGHT
[14:35:41.999] Bot23 moved forward to (1,1)
[14:35:41.999] Bot23 executed MOVE_FORWARD
[14:35:41.999] Starting turn for Bot2
[14:35:41.999] Bot2 rotated right to face NORTH
[14:35:41.999] Bot2 executed ROTATE_RIGHT
[14:35:41.999] Bot2 moved forward to (8,8)
[14:35:41.999] Bot2 executed MOVE_FORWARD
[14:35:41.999] Starting turn for Bot23
[14:35:41.999] Bot23 rotated left to face EAST
[14:35:41.999] Bot23 executed ROTATE_LEFT
[14:35:41.999] Bot23 moved forward to (1,2)
[14:35:41.999] Bot23 executed MOVE_FORWARD
[14:35:41.999] Starting turn for Bot2
[14:35:41.999] Bot2 rotated left to face WEST
[14:35:41.999] Bot2 executed ROTATE_LEFT
[14:35:41.999] Bot2 moved forward to (8,7)
[14:35:41.999] Bot2 executed MOVE_FORWARD
[14:35:41.999] Starting turn for Bot23
[14:35:41.999] Bot23 rotated right to face SOUTH
[14:35:41.999] Bot23 executed ROTATE_RIGHT
[14:35:41.999] Bot23 moved forward to (2,2)
[14:35:41.999] Bot23 executed MOVE_FORWARD
[14:35:41.999] Starting turn for Bot2
[14:35:41.999] Bot2 rotated right to face NORTH
[14:35:41.999] Bot2 executed ROTATE_RIGHT
[14:35:41.999] Bot2 moved forward to (7,7)
[14:35:41.999] Bot2 executed MOVE_FORWARD
[14:35:41.999] Starting turn for Bot23
[14:35:41.999] Bot23 rotated left to face EAST
[14:35:41.999] Bot23 executed ROTATE_LEFT
[14:35:41.999] Starting turn for Bot2
[14:35:41.999] Bot2 rotated left to face WEST
[14:35:41.999] Bot2 executed ROTATE_LEFT
[14:35:41.999] Bot2 moved forward to (7,6)
[14:35:41.999] Bot2 executed MOVE_FORWARD
[14:35:41.999] Starting turn for Bot23
[14:35:41.999] Starting turn for Bot2
[14:35:41.999] Bot2 rotated right to face NORTH
[14:35:41.999] Bot2 executed ROTATE_RIGHT
[14:35:41.999] Bot2 moved forward to (6,6)
[14:35:41.999] Bot2 executed MOVE_FORWARD
[14:35:41.999] Starting turn for Bot23
[14:35:41.999] Bot23 rotated left to face NORTH
[14:35:41.999] Bot23 executed ROTATE_LEFT
[14:35:41.999] Bot23 moved forward to (1,2)
[14:35:41.999] Bot23 executed MOVE_FORWARD
[14:35:41.999] Starting turn for Bot2
[14:35:41.999] Bot2 rotated left to face WEST
[14:35:41.999] Bot2 executed ROTATE_LEFT
[14:35:41.999] Bot2 moved forward to (6,5)
[14:35:41.999] Bot2 executed MOVE_FORWARD
[14:35:41.999] Starting turn for Bot23
[14:35:41.999] Bot23 rotated left to face WEST
[14:35:41.999] Bot23 executed ROTATE_LEFT
[14:35:41.999] Bot23 rotated left to face SOUTH
[14:35:41.999] Bot23 executed ROTATE_LEFT
[14:35:41.999] Bot23 moved forward to (2,2)
[14:35:41.999] Bot23 executed MOVE_FORWARD
[14:35:41.999] Starting turn for Bot2
[14:35:41.999] Bot2 rotated right to face NORTH
[14:35:41.999] Bot2 executed ROTATE_RIGHT
[14:35:41.999] Bot2 moved forward to (5,5)
[14:35:41.999] Bot2 executed MOVE_FORWARD
[14:35:41.999] Starting turn for Bot23
[14:35:41.999] Bot23 rotated left to face EAST
[14:35:41.999] Bot23 executed ROTATE_LEFT
[14:35:41.999] Starting turn for Bot2
[14:35:41.999] Starting turn for Bot23
[14:35:41.999] Starting turn for Bot2
[14:35:41.999] Starting turn for Bot23
[14:35:41.999] Bot23 rotated left to face NORTH
[14:35:41.999] Bot23 executed ROTATE_LEFT
[14:35:41.999] Bot23 moved forward to (1,2)
[14:35:41.999] Bot23 executed MOVE_FORWARD
[14:35:41.999] Starting turn for Bot2
[14:35:41.999] Starting turn for Bot23
[14:35:41.999] Bot23 rotated left to face WEST
[14:35:41.999] Bot23 executed ROTATE_LEFT
[14:35:41.999] Bot23 rotated left to face SOUTH
[14:35:41.999] Bot23 executed ROTATE_LEFT
[14:35:41.999] Bot23 moved forward to (2,2)
[14:35:41.999] Bot23 executed MOVE_FORWARD
[14:35:41.999] Starting turn for Bot2
[14:35:41.999] Starting turn for Bot23
[14:35:41.999] Bot23 rotated left to face EAST
[14:35:41.999] Bot23 executed ROTATE_LEFT
[14:35:41.999] Starting turn for Bot2
[14:35:41.999] Starting turn for Bot23
[14:35:41.999] Starting turn for Bot2
[14:35:41.999] Starting turn for Bot23
[14:35:41.999] Bot23 rotated left to face NORTH
[14:35:41.999] Bot23 executed ROTATE_LEFT
[14:35:41.999] Bot23 moved forward to (1,2)
[14:35:41.999] Bot23 executed MOVE_FORWARD
[14:35:41.999] Starting turn for Bot2
[14:35:41.999] Starting turn for Bot23
[14:35:41.999] Bot23 rotated left to face WEST
[14:35:41.999] Bot23 executed ROTATE_LEFT
[14:35:41.999] Bot23 rotated left to face SOUTH
[14:35:41.999] Bot23 executed ROTATE_LEFT
[14:35:41.999] Bot23 moved forward to (2,2)
[14:35:41.999] Bot23 executed MOVE_FORWARD
[14:35:41.999] Starting turn for Bot2
[14:35:41.999] Starting turn for Bot23
[14:35:41.999] Bot23 rotated left to face EAST
[14:35:41.999] Bot23 executed ROTATE_LEFT
[14:35:41.999] Starting turn for Bot2
[14:35:41.999] Starting turn for Bot23
[14:35:41.999] Starting turn for Bot2
[14:35:41.999] Starting turn for Bot23
[14:35:41.999] Bot23 rotated left to face NORTH
[14:35:41.999] Bot23 executed ROTATE_LEFT
[14:35:41.999] Bot23 moved forward to (1,2)
[14:35:41.999] Bot23 executed MOVE_FORWARD
[14:35:41.999] Starting turn for Bot2
[14:35:41.999] Starting turn for Bot23
[14:35:41.999] Bot23 rotated left to face WEST
[14:35:41.999] Bot23 executed ROTATE_LEFT
[14:35:41.999] Bot23 rotated left to face SOUTH
[14:35:41.999] Bot23 executed ROTATE_LEFT
[14:35:41.999] Bot23 moved forward to (2,2)
[14:35:41.999] Bot23 executed MOVE_FORWARD
[14:35:41.999] Starting turn for Bot2
[14:35:41.999] Starting turn for Bot23
[14:35:41.999] Bot23 rotated left to face EAST
[14:35:41.999] Bot23 executed ROTATE_LEFT
[14:35:41.999] Starting turn for Bot2
[14:35:41.999] Stalemate detected: State repeated 10 times, unchanged for 1 turns
[14:35:41.999] Game Over! Stalemate detected!
[14:35:41.999] Stalemate detected: State repeated 10 times, unchanged for 1 turns
