[14:36:15.948] === Game Started at 2025-02-04_14-36-15 ===
[14:36:15.948] Game initialized with 2 players
[14:36:15.948] Board size: 10
[14:36:15.948] Obstacle density: 0.05
[14:36:15.948] Max turns: 1000
[14:36:15.948] Player Bot35 starting at position (0,0) facing WEST
[14:36:15.948] Player Bot40 starting at position (9,9) facing EAST
[14:36:15.948] Obstacles at positions: (0,3) (2,2) (2,8) (6,3) (9,4)
[14:36:15.948] Starting turn for Bot35
[14:36:15.948] Bot35 rotated left to face SOUTH
[14:36:15.948] Bot35 executed ROTATE_LEFT
[14:36:15.948] Bot35 rotated left to face EAST
[14:36:15.948] Bot35 executed ROTATE_LEFT
[14:36:15.948] Bot35 moved forward to (0,1)
[14:36:15.948] Bot35 executed MOVE_FORWARD
[14:36:15.948] Starting turn for Bot40
[14:36:15.948] Bot40 rotated left to face NORTH
[14:36:15.948] Bot40 executed ROTATE_LEFT
[14:36:15.948] Bot40 rotated left to face WEST
[14:36:15.948] Bot40 executed ROTATE_LEFT
[14:36:15.948] Bot40 moved forward to (9,8)
[14:36:15.948] Bot40 executed MOVE_FORWARD
[14:36:15.948] Starting turn for Bot35
[14:36:15.948] Bot35 rotated right to face SOUTH
[14:36:15.948] Bot35 executed ROTATE_RIGHT
[14:36:15.948] Bot35 moved forward to (1,1)
[14:36:15.948] Bot35 executed MOVE_FORWARD
[14:36:15.948] Starting turn for Bot40
[14:36:15.948] Bot40 rotated right to face NORTH
[14:36:15.948] Bot40 executed ROTATE_RIGHT
[14:36:15.948] Bot40 moved forward to (8,8)
[14:36:15.948] Bot40 executed MOVE_FORWARD
[14:36:15.948] Starting turn for Bot35
[14:36:15.948] Bot35 rotated left to face EAST
[14:36:15.948] Bot35 executed ROTATE_LEFT
[14:36:15.948] Bot35 moved forward to (1,2)
[14:36:15.948] Bot35 executed MOVE_FORWARD
[14:36:15.948] Starting turn for Bot40
[14:36:15.948] Bot40 rotated left to face WEST
[14:36:15.948] Bot40 executed ROTATE_LEFT
[14:36:15.948] Bot40 moved forward to (8,7)
[14:36:15.948] Bot40 executed MOVE_FORWARD
[14:36:15.948] Starting turn for Bot35
[14:36:15.948] Bot35 rotated right to face SOUTH
[14:36:15.948] Bot35 executed ROTATE_RIGHT
[14:36:15.948] Starting turn for Bot40
[14:36:15.948] Bot40 rotated right to face NORTH
[14:36:15.948] Bot40 executed ROTATE_RIGHT
[14:36:15.948] Bot40 moved forward to (7,7)
[14:36:15.948] Bot40 executed MOVE_FORWARD
[14:36:15.948] Starting turn for Bot35
[14:36:15.948] Starting turn for Bot40
[14:36:15.948] Bot40 rotated left to face WEST
[14:36:15.948] Bot40 executed ROTATE_LEFT
[14:36:15.948] Bot40 moved forward to (7,6)
[14:36:15.948] Bot40 executed MOVE_FORWARD
[14:36:15.948] Starting turn for Bot35
[14:36:15.948] Bot35 rotated left to face EAST
[14:36:15.948] Bot35 executed ROTATE_LEFT
[14:36:15.948] Bot35 rotated left to face NORTH
[14:36:15.948] Bot35 executed ROTATE_LEFT
[14:36:15.948] Bot35 moved forward to (0,2)
[14:36:15.948] Bot35 executed MOVE_FORWARD
[14:36:15.948] Starting turn for Bot40
[14:36:15.948] Bot40 rotated right to face NORTH
[14:36:15.948] Bot40 executed ROTATE_RIGHT
[14:36:15.948] Bot40 moved forward to (6,6)
[14:36:15.948] Bot40 executed MOVE_FORWARD
[14:36:15.948] Starting turn for Bot35
[14:36:15.948] Bot35 rotated left to face WEST
[14:36:15.948] Bot35 executed ROTATE_LEFT
[14:36:15.948] Bot35 rotated left to face SOUTH
[14:36:15.948] Bot35 executed ROTATE_LEFT
[14:36:15.948] Bot35 moved forward to (1,2)
[14:36:15.948] Bot35 executed MOVE_FORWARD
[14:36:15.948] Starting turn for Bot40
[14:36:15.948] Bot40 rotated left to face WEST
[14:36:15.948] Bot40 executed ROTATE_LEFT
[14:36:15.948] Bot40 moved forward to (6,5)
[14:36:15.948] Bot40 executed MOVE_FORWARD
[14:36:15.948] Starting turn for Bot35
[14:36:15.948] Starting turn for Bot40
[14:36:15.948] Bot40 rotated right to face NORTH
[14:36:15.948] Bot40 executed ROTATE_RIGHT
[14:36:15.948] Bot40 moved forward to (5,5)
[14:36:15.948] Bot40 executed MOVE_FORWARD
[14:36:15.948] Starting turn for Bot35
[14:36:15.948] Starting turn for Bot40
[14:36:15.949] Starting turn for Bot35
[14:36:15.949] Bot35 rotated left to face EAST
[14:36:15.949] Bot35 executed ROTATE_LEFT
[14:36:15.949] Bot35 rotated left to face NORTH
[14:36:15.949] Bot35 executed ROTATE_LEFT
[14:36:15.949] Bot35 moved forward to (0,2)
[14:36:15.949] Bot35 executed MOVE_FORWARD
[14:36:15.949] Starting turn for Bot40
[14:36:15.949] Starting turn for Bot35
[14:36:15.949] Bot35 rotated left to face WEST
[14:36:15.949] Bot35 executed ROTATE_LEFT
[14:36:15.949] Bot35 rotated left to face SOUTH
[14:36:15.949] Bot35 executed ROTATE_LEFT
[14:36:15.949] Bot35 moved forward to (1,2)
[14:36:15.949] Bot35 executed MOVE_FORWARD
[14:36:15.949] Starting turn for Bot40
[14:36:15.949] Starting turn for Bot35
[14:36:15.949] Starting turn for Bot40
[14:36:15.949] Starting turn for Bot35
[14:36:15.949] Starting turn for Bot40
[14:36:15.949] Starting turn for Bot35
[14:36:15.949] Bot35 rotated left to face EAST
[14:36:15.949] Bot35 executed ROTATE_LEFT
[14:36:15.949] Bot35 rotated left to face NORTH
[14:36:15.949] Bot35 executed ROTATE_LEFT
[14:36:15.949] Bot35 moved forward to (0,2)
[14:36:15.949] Bot35 executed MOVE_FORWARD
[14:36:15.949] Starting turn for Bot40
[14:36:15.949] Starting turn for Bot35
[14:36:15.949] Bot35 rotated left to face WEST
[14:36:15.949] Bot35 executed ROTATE_LEFT
[14:36:15.949] Bot35 rotated left to face SOUTH
[14:36:15.949] Bot35 executed ROTATE_LEFT
[14:36:15.949] Bot35 moved forward to (1,2)
[14:36:15.949] Bot35 executed MOVE_FORWARD
[14:36:15.949] Starting turn for Bot40
[14:36:15.949] Starting turn for Bot35
[14:36:15.949] Starting turn for Bot40
[14:36:15.949] Starting turn for Bot35
[14:36:15.949] Starting turn for Bot40
[14:36:15.949] Starting turn for Bot35
[14:36:15.949] Bot35 rotated left to face EAST
[14:36:15.949] Bot35 executed ROTATE_LEFT
[14:36:15.949] Bot35 rotated left to face NORTH
[14:36:15.949] Bot35 executed ROTATE_LEFT
[14:36:15.949] Bot35 moved forward to (0,2)
[14:36:15.949] Bot35 executed MOVE_FORWARD
[14:36:15.949] Starting turn for Bot40
[14:36:15.949] Starting turn for Bot35
[14:36:15.949] Bot35 rotated left to face WEST
[14:36:15.949] Bot35 executed ROTATE_LEFT
[14:36:15.949] Bot35 rotated left to face SOUTH
[14:36:15.949] Bot35 executed ROTATE_LEFT
[14:36:15.949] Bot35 moved forward to (1,2)
[14:36:15.949] Bot35 executed MOVE_FORWARD
[14:36:15.949] Starting turn for Bot40
[14:36:15.949] Starting turn for Bot35
[14:36:15.949] Starting turn for Bot40
[14:36:15.949] Stalemate detected: State repeated 10 times, unchanged for 1 turns
[14:36:15.949] Game Over! Stalemate detected!
[14:36:15.949] Stalemate detected: State repeated 10 times, unchanged for 1 turns
