[14:35:56.957] === Game Started at 2025-02-04_14-35-56 ===
[14:35:56.957] Game initialized with 2 players
[14:35:56.957] Board size: 10
[14:35:56.957] Obstacle density: 0.05
[14:35:56.957] Max turns: 1000
[14:35:56.957] Player Bot40 starting at position (0,0) facing EAST
[14:35:56.957] Player Bot10 starting at position (9,9) facing WEST
[14:35:56.957] Obstacles at positions: (0,8) (2,2) (3,8) (6,1) (6,6)
[14:35:56.957] Starting turn for Bot40
[14:35:56.957] Bot40 moved forward to (0,1)
[14:35:56.957] Bot40 executed MOVE_FORWARD
[14:35:56.957] Starting turn for Bot10
[14:35:56.958] Bot10 moved forward to (9,8)
[14:35:56.958] Bot10 executed MOVE_FORWARD
[14:35:56.958] Starting turn for Bot40
[14:35:56.958] Bot40 rotated right to face SOUTH
[14:35:56.958] Bot40 executed ROTATE_RIGHT
[14:35:56.958] Bot40 moved forward to (1,1)
[14:35:56.958] Bot40 executed MOVE_FORWARD
[14:35:56.958] Starting turn for Bot10
[14:35:56.958] Bot10 rotated right to face NORTH
[14:35:56.958] Bot10 executed ROTATE_RIGHT
[14:35:56.958] Bot10 moved forward to (8,8)
[14:35:56.958] Bot10 executed MOVE_FORWARD
[14:35:56.958] Starting turn for Bot40
[14:35:56.958] Bot40 rotated left to face EAST
[14:35:56.958] Bot40 executed ROTATE_LEFT
[14:35:56.958] Bot40 moved forward to (1,2)
[14:35:56.958] Bot40 executed MOVE_FORWARD
[14:35:56.958] Starting turn for Bot10
[14:35:56.958] Bot10 rotated left to face WEST
[14:35:56.958] Bot10 executed ROTATE_LEFT
[14:35:56.958] Bot10 moved forward to (8,7)
[14:35:56.958] Bot10 executed MOVE_FORWARD
[14:35:56.958] Starting turn for Bot40
[14:35:56.958] Bot40 rotated right to face SOUTH
[14:35:56.958] Bot40 executed ROTATE_RIGHT
[14:35:56.958] Starting turn for Bot10
[14:35:56.958] Bot10 rotated right to face NORTH
[14:35:56.958] Bot10 executed ROTATE_RIGHT
[14:35:56.958] Bot10 moved forward to (7,7)
[14:35:56.958] Bot10 executed MOVE_FORWARD
[14:35:56.958] Starting turn for Bot40
[14:35:56.958] Starting turn for Bot10
[14:35:56.958] Bot10 rotated left to face WEST
[14:35:56.958] Bot10 executed ROTATE_LEFT
[14:35:56.958] Bot10 moved forward to (7,6)
[14:35:56.958] Bot10 executed MOVE_FORWARD
[14:35:56.958] Starting turn for Bot40
[14:35:56.958] Bot40 rotated left to face EAST
[14:35:56.958] Bot40 executed ROTATE_LEFT
[14:35:56.958] Bot40 rotated left to face NORTH
[14:35:56.958] Bot40 executed ROTATE_LEFT
[14:35:56.958] Bot40 moved forward to (0,2)
[14:35:56.958] Bot40 executed MOVE_FORWARD
[14:35:56.958] Starting turn for Bot10
[14:35:56.958] Bot10 rotated right to face NORTH
[14:35:56.958] Bot10 executed ROTATE_RIGHT
[14:35:56.958] Starting turn for Bot40
[14:35:56.958] Bot40 rotated left to face WEST
[14:35:56.958] Bot40 executed ROTATE_LEFT
[14:35:56.958] Bot40 rotated left to face SOUTH
[14:35:56.958] Bot40 executed ROTATE_LEFT
[14:35:56.958] Bot40 moved forward to (1,2)
[14:35:56.958] Bot40 executed MOVE_FORWARD
[14:35:56.958] Starting turn for Bot10
[14:35:56.958] Starting turn for Bot40
[14:35:56.958] Starting turn for Bot10
[14:35:56.958] Bot10 rotated right to face EAST
[14:35:56.958] Bot10 executed ROTATE_RIGHT
[14:35:56.958] Bot10 moved forward to (7,7)
[14:35:56.958] Bot10 executed MOVE_FORWARD
[14:35:56.958] Starting turn for Bot40
[14:35:56.958] Starting turn for Bot10
[14:35:56.958] Bot10 rotated left to face NORTH
[14:35:56.958] Bot10 executed ROTATE_LEFT
[14:35:56.958] Bot10 rotated left to face WEST
[14:35:56.958] Bot10 executed ROTATE_LEFT
[14:35:56.958] Bot10 moved forward to (7,6)
[14:35:56.958] Bot10 executed MOVE_FORWARD
[14:35:56.958] Starting turn for Bot40
[14:35:56.958] Bot40 rotated left to face EAST
[14:35:56.958] Bot40 executed ROTATE_LEFT
[14:35:56.958] Bot40 rotated left to face NORTH
[14:35:56.958] Bot40 executed ROTATE_LEFT
[14:35:56.958] Bot40 moved forward to (0,2)
[14:35:56.958] Bot40 executed MOVE_FORWARD
[14:35:56.958] Starting turn for Bot10
[14:35:56.958] Bot10 rotated right to face NORTH
[14:35:56.958] Bot10 executed ROTATE_RIGHT
[14:35:56.958] Starting turn for Bot40
[14:35:56.958] Bot40 rotated left to face WEST
[14:35:56.958] Bot40 executed ROTATE_LEFT
[14:35:56.958] Bot40 rotated left to face SOUTH
[14:35:56.958] Bot40 executed ROTATE_LEFT
[14:35:56.958] Bot40 moved forward to (1,2)
[14:35:56.958] Bot40 executed MOVE_FORWARD
[14:35:56.958] Starting turn for Bot10
[14:35:56.958] Starting turn for Bot40
[14:35:56.958] Starting turn for Bot10
[14:35:56.958] Bot10 rotated right to face EAST
[14:35:56.958] Bot10 executed ROTATE_RIGHT
[14:35:56.958] Bot10 moved forward to (7,7)
[14:35:56.958] Bot10 executed MOVE_FORWARD
[14:35:56.958] Starting turn for Bot40
[14:35:56.958] Starting turn for Bot10
[14:35:56.958] Bot10 rotated left to face NORTH
[14:35:56.958] Bot10 executed ROTATE_LEFT
[14:35:56.958] Bot10 rotated left to face WEST
[14:35:56.958] Bot10 executed ROTATE_LEFT
[14:35:56.958] Bot10 moved forward to (7,6)
[14:35:56.958] Bot10 executed MOVE_FORWARD
[14:35:56.958] Starting turn for Bot40
[14:35:56.958] Bot40 rotated left to face EAST
[14:35:56.958] Bot40 executed ROTATE_LEFT
[14:35:56.958] Bot40 rotated left to face NORTH
[14:35:56.958] Bot40 executed ROTATE_LEFT
[14:35:56.958] Bot40 moved forward to (0,2)
[14:35:56.958] Bot40 executed MOVE_FORWARD
[14:35:56.958] Starting turn for Bot10
[14:35:56.958] Bot10 rotated right to face NORTH
[14:35:56.958] Bot10 executed ROTATE_RIGHT
[14:35:56.958] Starting turn for Bot40
[14:35:56.958] Bot40 rotated left to face WEST
[14:35:56.958] Bot40 executed ROTATE_LEFT
[14:35:56.958] Bot40 rotated left to face SOUTH
[14:35:56.958] Bot40 executed ROTATE_LEFT
[14:35:56.958] Bot40 moved forward to (1,2)
[14:35:56.958] Bot40 executed MOVE_FORWARD
[14:35:56.958] Starting turn for Bot10
[14:35:56.958] Starting turn for Bot40
[14:35:56.958] Starting turn for Bot10
[14:35:56.958] Bot10 rotated right to face EAST
[14:35:56.958] Bot10 executed ROTATE_RIGHT
[14:35:56.958] Bot10 moved forward to (7,7)
[14:35:56.958] Bot10 executed MOVE_FORWARD
[14:35:56.958] Starting turn for Bot40
[14:35:56.958] Starting turn for Bot10
[14:35:56.958] Bot10 rotated left to face NORTH
[14:35:56.958] Bot10 executed ROTATE_LEFT
[14:35:56.958] Bot10 rotated left to face WEST
[14:35:56.958] Bot10 executed ROTATE_LEFT
[14:35:56.958] Bot10 moved forward to (7,6)
[14:35:56.958] Bot10 executed MOVE_FORWARD
[14:35:56.958] Starting turn for Bot40
[14:35:56.958] Bot40 rotated left to face EAST
[14:35:56.958] Bot40 executed ROTATE_LEFT
[14:35:56.958] Bot40 rotated left to face NORTH
[14:35:56.958] Bot40 executed ROTATE_LEFT
[14:35:56.958] Bot40 moved forward to (0,2)
[14:35:56.958] Bot40 executed MOVE_FORWARD
[14:35:56.958] Starting turn for Bot10
[14:35:56.958] Bot10 rotated right to face NORTH
[14:35:56.958] Bot10 executed ROTATE_RIGHT
[14:35:56.958] Starting turn for Bot40
[14:35:56.958] Bot40 rotated left to face WEST
[14:35:56.958] Bot40 executed ROTATE_LEFT
[14:35:56.958] Bot40 rotated left to face SOUTH
[14:35:56.958] Bot40 executed ROTATE_LEFT
[14:35:56.958] Bot40 moved forward to (1,2)
[14:35:56.958] Bot40 executed MOVE_FORWARD
[14:35:56.958] Starting turn for Bot10
[14:35:56.958] Starting turn for Bot40
[14:35:56.958] Starting turn for Bot10
[14:35:56.958] Stalemate detected: State repeated 10 times, unchanged for 1 turns
[14:35:56.958] Game Over! Stalemate detected!
[14:35:56.958] Stalemate detected: State repeated 10 times, unchanged for 1 turns
