[14:36:14.173] === Game Started at 2025-02-04_14-36-14 ===
[14:36:14.173] Game initialized with 2 players
[14:36:14.173] Board size: 10
[14:36:14.173] Obstacle density: 0.05
[14:36:14.173] Max turns: 1000
[14:36:14.173] Player Bot36 starting at position (0,0) facing NORTH
[14:36:14.173] Player Bot30 starting at position (9,9) facing NORTH
[14:36:14.173] Obstacles at positions: (0,2) (2,3) (3,5) (4,6) (4,7)
[14:36:14.173] Starting turn for Bot36
[14:36:14.173] Bot36 rotated right to face EAST
[14:36:14.173] Bot36 executed ROTATE_RIGHT
[14:36:14.173] Bot36 moved forward to (0,1)
[14:36:14.173] Bot36 executed MOVE_FORWARD
[14:36:14.173] Starting turn for Bot30
[14:36:14.173] Bot30 rotated left to face WEST
[14:36:14.173] Bot30 executed ROTATE_LEFT
[14:36:14.173] Bot30 moved forward to (9,8)
[14:36:14.173] Bot30 executed MOVE_FORWARD
[14:36:14.173] Starting turn for Bot36
[14:36:14.173] Bot36 rotated right to face SOUTH
[14:36:14.173] Bot36 executed ROTATE_RIGHT
[14:36:14.173] Bot36 moved forward to (1,1)
[14:36:14.173] Bot36 executed MOVE_FORWARD
[14:36:14.173] Starting turn for Bot30
[14:36:14.173] Bot30 rotated right to face NORTH
[14:36:14.173] Bot30 executed ROTATE_RIGHT
[14:36:14.173] Bot30 moved forward to (8,8)
[14:36:14.173] Bot30 executed MOVE_FORWARD
[14:36:14.173] Starting turn for Bot36
[14:36:14.173] Bot36 rotated left to face EAST
[14:36:14.173] Bot36 executed ROTATE_LEFT
[14:36:14.173] Bot36 moved forward to (1,2)
[14:36:14.173] Bot36 executed MOVE_FORWARD
[14:36:14.173] Starting turn for Bot30
[14:36:14.173] Bot30 rotated left to face WEST
[14:36:14.173] Bot30 executed ROTATE_LEFT
[14:36:14.173] Bot30 moved forward to (8,7)
[14:36:14.173] Bot30 executed MOVE_FORWARD
[14:36:14.173] Starting turn for Bot36
[14:36:14.173] Bot36 rotated right to face SOUTH
[14:36:14.173] Bot36 executed ROTATE_RIGHT
[14:36:14.173] Bot36 moved forward to (2,2)
[14:36:14.173] Bot36 executed MOVE_FORWARD
[14:36:14.173] Starting turn for Bot30
[14:36:14.173] Bot30 rotated right to face NORTH
[14:36:14.173] Bot30 executed ROTATE_RIGHT
[14:36:14.173] Bot30 moved forward to (7,7)
[14:36:14.173] Bot30 executed MOVE_FORWARD
[14:36:14.173] Starting turn for Bot36
[14:36:14.173] Bot36 rotated left to face EAST
[14:36:14.173] Bot36 executed ROTATE_LEFT
[14:36:14.173] Starting turn for Bot30
[14:36:14.173] Bot30 rotated left to face WEST
[14:36:14.173] Bot30 executed ROTATE_LEFT
[14:36:14.173] Bot30 moved forward to (7,6)
[14:36:14.173] Bot30 executed MOVE_FORWARD
[14:36:14.173] Starting turn for Bot36
[14:36:14.173] Starting turn for Bot30
[14:36:14.173] Bot30 rotated right to face NORTH
[14:36:14.173] Bot30 executed ROTATE_RIGHT
[14:36:14.173] Bot30 moved forward to (6,6)
[14:36:14.173] Bot30 executed MOVE_FORWARD
[14:36:14.173] Starting turn for Bot36
[14:36:14.173] Bot36 rotated left to face NORTH
[14:36:14.173] Bot36 executed ROTATE_LEFT
[14:36:14.173] Bot36 moved forward to (1,2)
[14:36:14.173] Bot36 executed MOVE_FORWARD
[14:36:14.173] Starting turn for Bot30
[14:36:14.173] Bot30 rotated left to face WEST
[14:36:14.173] Bot30 executed ROTATE_LEFT
[14:36:14.173] Bot30 moved forward to (6,5)
[14:36:14.173] Bot30 executed MOVE_FORWARD
[14:36:14.173] Starting turn for Bot36
[14:36:14.173] Bot36 rotated left to face WEST
[14:36:14.173] Bot36 executed ROTATE_LEFT
[14:36:14.173] Bot36 rotated left to face SOUTH
[14:36:14.173] Bot36 executed ROTATE_LEFT
[14:36:14.173] Bot36 moved forward to (2,2)
[14:36:14.173] Bot36 executed MOVE_FORWARD
[14:36:14.173] Starting turn for Bot30
[14:36:14.173] Bot30 rotated right to face NORTH
[14:36:14.173] Bot30 executed ROTATE_RIGHT
[14:36:14.173] Bot30 moved forward to (5,5)
[14:36:14.173] Bot30 executed MOVE_FORWARD
[14:36:14.173] Starting turn for Bot36
[14:36:14.173] Bot36 rotated left to face EAST
[14:36:14.173] Bot36 executed ROTATE_LEFT
[14:36:14.173] Starting turn for Bot30
[14:36:14.173] Starting turn for Bot36
[14:36:14.173] Starting turn for Bot30
[14:36:14.173] Starting turn for Bot36
[14:36:14.173] Bot36 rotated left to face NORTH
[14:36:14.173] Bot36 executed ROTATE_LEFT
[14:36:14.173] Bot36 moved forward to (1,2)
[14:36:14.173] Bot36 executed MOVE_FORWARD
[14:36:14.173] Starting turn for Bot30
[14:36:14.173] Starting turn for Bot36
[14:36:14.173] Bot36 rotated left to face WEST
[14:36:14.173] Bot36 executed ROTATE_LEFT
[14:36:14.173] Bot36 rotated left to face SOUTH
[14:36:14.173] Bot36 executed ROTATE_LEFT
[14:36:14.173] Bot36 moved forward to (2,2)
[14:36:14.173] Bot36 executed MOVE_FORWARD
[14:36:14.173] Starting turn for Bot30
[14:36:14.173] Starting turn for Bot36
[14:36:14.173] Bot36 rotated left to face EAST
[14:36:14.173] Bot36 executed ROTATE_LEFT
[14:36:14.173] Starting turn for Bot30
[14:36:14.173] Starting turn for Bot36
[14:36:14.173] Starting turn for Bot30
[14:36:14.173] Starting turn for Bot36
[14:36:14.173] Bot36 rotated left to face NORTH
[14:36:14.173] Bot36 executed ROTATE_LEFT
[14:36:14.173] Bot36 moved forward to (1,2)
[14:36:14.173] Bot36 executed MOVE_FORWARD
[14:36:14.173] Starting turn for Bot30
[14:36:14.173] Starting turn for Bot36
[14:36:14.173] Bot36 rotated left to face WEST
[14:36:14.173] Bot36 executed ROTATE_LEFT
[14:36:14.173] Bot36 rotated left to face SOUTH
[14:36:14.173] Bot36 executed ROTATE_LEFT
[14:36:14.173] Bot36 moved forward to (2,2)
[14:36:14.173] Bot36 executed MOVE_FORWARD
[14:36:14.173] Starting turn for Bot30
[14:36:14.173] Starting turn for Bot36
[14:36:14.173] Bot36 rotated left to face EAST
[14:36:14.173] Bot36 executed ROTATE_LEFT
[14:36:14.174] Starting turn for Bot30
[14:36:14.174] Starting turn for Bot36
[14:36:14.174] Starting turn for Bot30
[14:36:14.174] Starting turn for Bot36
[14:36:14.174] Bot36 rotated left to face NORTH
[14:36:14.174] Bot36 executed ROTATE_LEFT
[14:36:14.174] Bot36 moved forward to (1,2)
[14:36:14.174] Bot36 executed MOVE_FORWARD
[14:36:14.174] Starting turn for Bot30
[14:36:14.174] Starting turn for Bot36
[14:36:14.174] Bot36 rotated left to face WEST
[14:36:14.174] Bot36 executed ROTATE_LEFT
[14:36:14.174] Bot36 rotated left to face SOUTH
[14:36:14.174] Bot36 executed ROTATE_LEFT
[14:36:14.174] Bot36 moved forward to (2,2)
[14:36:14.174] Bot36 executed MOVE_FORWARD
[14:36:14.174] Starting turn for Bot30
[14:36:14.174] Starting turn for Bot36
[14:36:14.174] Bot36 rotated left to face EAST
[14:36:14.174] Bot36 executed ROTATE_LEFT
[14:36:14.174] Starting turn for Bot30
[14:36:14.174] Stalemate detected: State repeated 10 times, unchanged for 1 turns
[14:36:14.174] Game Over! Stalemate detected!
[14:36:14.174] Stalemate detected: State repeated 10 times, unchanged for 1 turns
