[14:35:52.685] === Game Started at 2025-02-04_14-35-52 ===
[14:35:52.685] Game initialized with 2 players
[14:35:52.685] Board size: 10
[14:35:52.685] Obstacle density: 0.05
[14:35:52.685] Max turns: 1000
[14:35:52.685] Player Bot8 starting at position (0,0) facing NORTH
[14:35:52.685] Player Bot11 starting at position (9,9) facing SOUTH
[14:35:52.685] Obstacles at positions: (0,7) (1,9) (4,8) (5,8) (8,2)
[14:35:52.685] Starting turn for Bot8
[14:35:52.685] Bot8 rotated right to face EAST
[14:35:52.685] Bot8 executed ROTATE_RIGHT
[14:35:52.685] Bot8 moved forward to (0,1)
[14:35:52.685] Bot8 executed MOVE_FORWARD
[14:35:52.685] Starting turn for Bot11
[14:35:52.685] Bot11 rotated right to face WEST
[14:35:52.685] Bot11 executed ROTATE_RIGHT
[14:35:52.685] Bot11 moved forward to (9,8)
[14:35:52.685] Bot11 executed MOVE_FORWARD
[14:35:52.685] Starting turn for Bot8
[14:35:52.685] Bot8 rotated right to face SOUTH
[14:35:52.685] Bot8 executed ROTATE_RIGHT
[14:35:52.685] Bot8 moved forward to (1,1)
[14:35:52.685] Bot8 executed MOVE_FORWARD
[14:35:52.685] Starting turn for Bot11
[14:35:52.685] Bot11 rotated right to face NORTH
[14:35:52.685] Bot11 executed ROTATE_RIGHT
[14:35:52.685] Bot11 moved forward to (8,8)
[14:35:52.685] Bot11 executed MOVE_FORWARD
[14:35:52.685] Starting turn for Bot8
[14:35:52.685] Bot8 rotated left to face EAST
[14:35:52.685] Bot8 executed ROTATE_LEFT
[14:35:52.685] Bot8 moved forward to (1,2)
[14:35:52.685] Bot8 executed MOVE_FORWARD
[14:35:52.685] Starting turn for Bot11
[14:35:52.685] Bot11 rotated left to face WEST
[14:35:52.685] Bot11 executed ROTATE_LEFT
[14:35:52.685] Bot11 moved forward to (8,7)
[14:35:52.685] Bot11 executed MOVE_FORWARD
[14:35:52.685] Starting turn for Bot8
[14:35:52.685] Bot8 rotated right to face SOUTH
[14:35:52.685] Bot8 executed ROTATE_RIGHT
[14:35:52.685] Bot8 moved forward to (2,2)
[14:35:52.685] Bot8 executed MOVE_FORWARD
[14:35:52.685] Starting turn for Bot11
[14:35:52.685] Bot11 rotated right to face NORTH
[14:35:52.685] Bot11 executed ROTATE_RIGHT
[14:35:52.685] Bot11 moved forward to (7,7)
[14:35:52.685] Bot11 executed MOVE_FORWARD
[14:35:52.685] Starting turn for Bot8
[14:35:52.685] Bot8 rotated left to face EAST
[14:35:52.685] Bot8 executed ROTATE_LEFT
[14:35:52.685] Bot8 moved forward to (2,3)
[14:35:52.685] Bot8 executed MOVE_FORWARD
[14:35:52.685] Starting turn for Bot11
[14:35:52.685] Bot11 rotated left to face WEST
[14:35:52.685] Bot11 executed ROTATE_LEFT
[14:35:52.685] Bot11 moved forward to (7,6)
[14:35:52.685] Bot11 executed MOVE_FORWARD
[14:35:52.685] Starting turn for Bot8
[14:35:52.685] Bot8 rotated right to face SOUTH
[14:35:52.685] Bot8 executed ROTATE_RIGHT
[14:35:52.685] Bot8 moved forward to (3,3)
[14:35:52.685] Bot8 executed MOVE_FORWARD
[14:35:52.685] Starting turn for Bot11
[14:35:52.685] Bot11 rotated right to face NORTH
[14:35:52.685] Bot11 executed ROTATE_RIGHT
[14:35:52.685] Bot11 moved forward to (6,6)
[14:35:52.685] Bot11 executed MOVE_FORWARD
[14:35:52.685] Starting turn for Bot8
[14:35:52.685] Bot8 rotated left to face EAST
[14:35:52.685] Bot8 executed ROTATE_LEFT
[14:35:52.685] Bot8 moved forward to (3,4)
[14:35:52.685] Bot8 executed MOVE_FORWARD
[14:35:52.685] Starting turn for Bot11
[14:35:52.685] Bot11 rotated left to face WEST
[14:35:52.685] Bot11 executed ROTATE_LEFT
[14:35:52.685] Bot11 moved forward to (6,5)
[14:35:52.685] Bot11 executed MOVE_FORWARD
[14:35:52.685] Starting turn for Bot8
[14:35:52.685] Bot8 rotated right to face SOUTH
[14:35:52.685] Bot8 executed ROTATE_RIGHT
[14:35:52.685] Bot8 moved forward to (4,4)
[14:35:52.685] Bot8 executed MOVE_FORWARD
[14:35:52.685] Starting turn for Bot11
[14:35:52.685] Bot11 rotated right to face NORTH
[14:35:52.685] Bot11 executed ROTATE_RIGHT
[14:35:52.685] Bot11 moved forward to (5,5)
[14:35:52.685] Bot11 executed MOVE_FORWARD
[14:35:52.685] Starting turn for Bot8
[14:35:52.685] Bot8 rotated left to face EAST
[14:35:52.685] Bot8 executed ROTATE_LEFT
[14:35:52.685] Bot8 moved forward to (4,5)
[14:35:52.685] Bot8 executed MOVE_FORWARD
[14:35:52.685] Starting turn for Bot11
[14:35:52.685] Bot11 shooting in direction NORTH
[14:35:52.685] Bot11 hit Bot8 for 25 damage (health: 100 -> 75)
[14:35:52.685] Bot11 executed SHOOT
[14:35:52.685] Starting turn for Bot8
[14:35:52.685] Bot8 rotated right to face SOUTH
[14:35:52.685] Bot8 executed ROTATE_RIGHT
[14:35:52.685] Starting turn for Bot11
[14:35:52.685] Bot11 shooting in direction NORTH
[14:35:52.685] Bot11 hit Bot8 for 25 damage (health: 75 -> 50)
[14:35:52.685] Bot11 executed SHOOT
[14:35:52.685] Starting turn for Bot8
[14:35:52.685] Bot8 shooting in direction SOUTH
[14:35:52.685] Bot8 hit Bot11 for 25 damage (health: 100 -> 75)
[14:35:52.685] Bot8 executed SHOOT
[14:35:52.685] Starting turn for Bot11
[14:35:52.685] Bot11 shooting in direction NORTH
[14:35:52.685] Bot11 hit Bot8 for 25 damage (health: 50 -> 25)
[14:35:52.685] Bot11 executed SHOOT
[14:35:52.685] Starting turn for Bot8
[14:35:52.685] Bot8 shooting in direction SOUTH
[14:35:52.685] Bot8 hit Bot11 for 25 damage (health: 75 -> 50)
[14:35:52.685] Bot8 executed SHOOT
[14:35:52.685] Starting turn for Bot11
[14:35:52.685] Bot11 shooting in direction NORTH
[14:35:52.685] Bot11 hit Bot8 for 25 damage (health: 25 -> 0)
[14:35:52.685] Bot8 was destroyed!
[14:35:52.685] Bot11 is the last tank standing!
[14:35:52.685] Bot11 executed SHOOT
[14:35:52.685] Game Over! Bot11 wins!
[14:35:52.685] === Game Ended ===
