[14:36:00.808] === Game Started at 2025-02-04_14-36-00 ===
[14:36:00.808] Game initialized with 2 players
[14:36:00.808] Board size: 10
[14:36:00.808] Obstacle density: 0.05
[14:36:00.808] Max turns: 1000
[14:36:00.808] Player Bot21 starting at position (0,0) facing WEST
[14:36:00.808] Player Bot14 starting at position (9,9) facing NORTH
[14:36:00.808] Obstacles at positions: (3,1) (7,1) (7,9) (8,8) (8,9)
[14:36:00.808] Starting turn for Bot21
[14:36:00.808] Bot21 rotated left to face SOUTH
[14:36:00.808] Bot21 executed ROTATE_LEFT
[14:36:00.808] Bot21 rotated left to face EAST
[14:36:00.808] Bot21 executed ROTATE_LEFT
[14:36:00.808] Bot21 moved forward to (0,1)
[14:36:00.808] Bot21 executed MOVE_FORWARD
[14:36:00.808] Starting turn for Bot14
[14:36:00.808] Bot14 rotated left to face WEST
[14:36:00.808] Bot14 executed ROTATE_LEFT
[14:36:00.808] Bot14 moved forward to (9,8)
[14:36:00.808] Bot14 executed MOVE_FORWARD
[14:36:00.808] Starting turn for Bot21
[14:36:00.808] Bot21 rotated right to face SOUTH
[14:36:00.808] Bot21 executed ROTATE_RIGHT
[14:36:00.808] Bot21 moved forward to (1,1)
[14:36:00.808] Bot21 executed MOVE_FORWARD
[14:36:00.808] Starting turn for Bot14
[14:36:00.808] Bot14 rotated right to face NORTH
[14:36:00.808] Bot14 executed ROTATE_RIGHT
[14:36:00.808] Starting turn for Bot21
[14:36:00.808] Bot21 rotated left to face EAST
[14:36:00.808] Bot21 executed ROTATE_LEFT
[14:36:00.808] Bot21 moved forward to (1,2)
[14:36:00.808] Bot21 executed MOVE_FORWARD
[14:36:00.808] Starting turn for Bot14
[14:36:00.808] Starting turn for Bot21
[14:36:00.808] Bot21 rotated right to face SOUTH
[14:36:00.808] Bot21 executed ROTATE_RIGHT
[14:36:00.808] Bot21 moved forward to (2,2)
[14:36:00.808] Bot21 executed MOVE_FORWARD
[14:36:00.808] Starting turn for Bot14
[14:36:00.808] Bot14 rotated right to face EAST
[14:36:00.808] Bot14 executed ROTATE_RIGHT
[14:36:00.808] Bot14 moved forward to (9,9)
[14:36:00.808] Bot14 executed MOVE_FORWARD
[14:36:00.808] Starting turn for Bot21
[14:36:00.808] Bot21 rotated left to face EAST
[14:36:00.808] Bot21 executed ROTATE_LEFT
[14:36:00.808] Bot21 moved forward to (2,3)
[14:36:00.808] Bot21 executed MOVE_FORWARD
[14:36:00.808] Starting turn for Bot14
[14:36:00.808] Bot14 rotated left to face NORTH
[14:36:00.808] Bot14 executed ROTATE_LEFT
[14:36:00.808] Bot14 rotated left to face WEST
[14:36:00.808] Bot14 executed ROTATE_LEFT
[14:36:00.808] Bot14 moved forward to (9,8)
[14:36:00.808] Bot14 executed MOVE_FORWARD
[14:36:00.808] Starting turn for Bot21
[14:36:00.808] Bot21 rotated right to face SOUTH
[14:36:00.808] Bot21 executed ROTATE_RIGHT
[14:36:00.808] Bot21 moved forward to (3,3)
[14:36:00.808] Bot21 executed MOVE_FORWARD
[14:36:00.808] Starting turn for Bot14
[14:36:00.808] Bot14 rotated right to face NORTH
[14:36:00.808] Bot14 executed ROTATE_RIGHT
[14:36:00.808] Starting turn for Bot21
[14:36:00.808] Bot21 rotated left to face EAST
[14:36:00.808] Bot21 executed ROTATE_LEFT
[14:36:00.808] Bot21 moved forward to (3,4)
[14:36:00.808] Bot21 executed MOVE_FORWARD
[14:36:00.808] Starting turn for Bot14
[14:36:00.808] Starting turn for Bot21
[14:36:00.808] Bot21 rotated right to face SOUTH
[14:36:00.808] Bot21 executed ROTATE_RIGHT
[14:36:00.808] Bot21 moved forward to (4,4)
[14:36:00.808] Bot21 executed MOVE_FORWARD
[14:36:00.808] Starting turn for Bot14
[14:36:00.808] Bot14 rotated right to face EAST
[14:36:00.808] Bot14 executed ROTATE_RIGHT
[14:36:00.808] Bot14 moved forward to (9,9)
[14:36:00.808] Bot14 executed MOVE_FORWARD
[14:36:00.808] Starting turn for Bot21
[14:36:00.808] Bot21 rotated left to face EAST
[14:36:00.808] Bot21 executed ROTATE_LEFT
[14:36:00.808] Bot21 moved forward to (4,5)
[14:36:00.809] Bot21 executed MOVE_FORWARD
[14:36:00.809] Starting turn for Bot14
[14:36:00.809] Bot14 rotated left to face NORTH
[14:36:00.809] Bot14 executed ROTATE_LEFT
[14:36:00.809] Bot14 rotated left to face WEST
[14:36:00.809] Bot14 executed ROTATE_LEFT
[14:36:00.809] Bot14 moved forward to (9,8)
[14:36:00.809] Bot14 executed MOVE_FORWARD
[14:36:00.809] Starting turn for Bot21
[14:36:00.809] Bot21 rotated right to face SOUTH
[14:36:00.809] Bot21 executed ROTATE_RIGHT
[14:36:00.809] Bot21 moved forward to (5,5)
[14:36:00.809] Bot21 executed MOVE_FORWARD
[14:36:00.809] Starting turn for Bot14
[14:36:00.809] Bot14 rotated right to face NORTH
[14:36:00.809] Bot14 executed ROTATE_RIGHT
[14:36:00.809] Starting turn for Bot21
[14:36:00.809] Starting turn for Bot14
[14:36:00.809] Starting turn for Bot21
[14:36:00.809] Starting turn for Bot14
[14:36:00.809] Bot14 rotated right to face EAST
[14:36:00.809] Bot14 executed ROTATE_RIGHT
[14:36:00.809] Bot14 moved forward to (9,9)
[14:36:00.809] Bot14 executed MOVE_FORWARD
[14:36:00.809] Starting turn for Bot21
[14:36:00.809] Starting turn for Bot14
[14:36:00.809] Bot14 rotated left to face NORTH
[14:36:00.809] Bot14 executed ROTATE_LEFT
[14:36:00.809] Bot14 rotated left to face WEST
[14:36:00.809] Bot14 executed ROTATE_LEFT
[14:36:00.809] Bot14 moved forward to (9,8)
[14:36:00.809] Bot14 executed MOVE_FORWARD
[14:36:00.809] Starting turn for Bot21
[14:36:00.809] Starting turn for Bot14
[14:36:00.809] Bot14 rotated right to face NORTH
[14:36:00.809] Bot14 executed ROTATE_RIGHT
[14:36:00.809] Starting turn for Bot21
[14:36:00.809] Starting turn for Bot14
[14:36:00.809] Starting turn for Bot21
[14:36:00.809] Starting turn for Bot14
[14:36:00.809] Bot14 rotated right to face EAST
[14:36:00.809] Bot14 executed ROTATE_RIGHT
[14:36:00.809] Bot14 moved forward to (9,9)
[14:36:00.809] Bot14 executed MOVE_FORWARD
[14:36:00.809] Starting turn for Bot21
[14:36:00.809] Starting turn for Bot14
[14:36:00.809] Bot14 rotated left to face NORTH
[14:36:00.809] Bot14 executed ROTATE_LEFT
[14:36:00.809] Bot14 rotated left to face WEST
[14:36:00.809] Bot14 executed ROTATE_LEFT
[14:36:00.809] Bot14 moved forward to (9,8)
[14:36:00.809] Bot14 executed MOVE_FORWARD
[14:36:00.809] Starting turn for Bot21
[14:36:00.809] Starting turn for Bot14
[14:36:00.809] Bot14 rotated right to face NORTH
[14:36:00.809] Bot14 executed ROTATE_RIGHT
[14:36:00.809] Starting turn for Bot21
[14:36:00.809] Starting turn for Bot14
[14:36:00.809] Starting turn for Bot21
[14:36:00.809] Starting turn for Bot14
[14:36:00.809] Stalemate detected: State repeated 10 times, unchanged for 2 turns
[14:36:00.809] Game Over! Stalemate detected!
[14:36:00.809] Stalemate detected: State repeated 10 times, unchanged for 2 turns
