[14:35:58.171] === Game Started at 2025-02-04_14-35-58 ===
[14:35:58.171] Game initialized with 2 players
[14:35:58.171] Board size: 10
[14:35:58.171] Obstacle density: 0.05
[14:35:58.171] Max turns: 1000
[14:35:58.171] Player Bot14 starting at position (0,0) facing EAST
[14:35:58.171] Player Bot12 starting at position (9,9) facing NORTH
[14:35:58.171] Obstacles at positions: (4,3) (4,4) (5,4) (6,6) (9,4)
[14:35:58.171] Starting turn for Bot14
[14:35:58.171] Bot14 moved forward to (0,1)
[14:35:58.171] Bot14 executed MOVE_FORWARD
[14:35:58.171] Starting turn for Bot12
[14:35:58.171] Bot12 rotated left to face WEST
[14:35:58.171] Bot12 executed ROTATE_LEFT
[14:35:58.171] Bot12 moved forward to (9,8)
[14:35:58.171] Bot12 executed MOVE_FORWARD
[14:35:58.171] Starting turn for Bot14
[14:35:58.171] Bot14 rotated right to face SOUTH
[14:35:58.171] Bot14 executed ROTATE_RIGHT
[14:35:58.171] Bot14 moved forward to (1,1)
[14:35:58.171] Bot14 executed MOVE_FORWARD
[14:35:58.171] Starting turn for Bot12
[14:35:58.171] Bot12 rotated right to face NORTH
[14:35:58.172] Bot12 executed ROTATE_RIGHT
[14:35:58.172] Bot12 moved forward to (8,8)
[14:35:58.172] Bot12 executed MOVE_FORWARD
[14:35:58.172] Starting turn for Bot14
[14:35:58.172] Bot14 rotated left to face EAST
[14:35:58.172] Bot14 executed ROTATE_LEFT
[14:35:58.172] Bot14 moved forward to (1,2)
[14:35:58.172] Bot14 executed MOVE_FORWARD
[14:35:58.172] Starting turn for Bot12
[14:35:58.172] Bot12 rotated left to face WEST
[14:35:58.172] Bot12 executed ROTATE_LEFT
[14:35:58.172] Bot12 moved forward to (8,7)
[14:35:58.172] Bot12 executed MOVE_FORWARD
[14:35:58.172] Starting turn for Bot14
[14:35:58.172] Bot14 rotated right to face SOUTH
[14:35:58.172] Bot14 executed ROTATE_RIGHT
[14:35:58.172] Bot14 moved forward to (2,2)
[14:35:58.172] Bot14 executed MOVE_FORWARD
[14:35:58.172] Starting turn for Bot12
[14:35:58.172] Bot12 rotated right to face NORTH
[14:35:58.172] Bot12 executed ROTATE_RIGHT
[14:35:58.172] Bot12 moved forward to (7,7)
[14:35:58.172] Bot12 executed MOVE_FORWARD
[14:35:58.172] Starting turn for Bot14
[14:35:58.172] Bot14 rotated left to face EAST
[14:35:58.172] Bot14 executed ROTATE_LEFT
[14:35:58.172] Bot14 moved forward to (2,3)
[14:35:58.172] Bot14 executed MOVE_FORWARD
[14:35:58.172] Starting turn for Bot12
[14:35:58.172] Bot12 rotated left to face WEST
[14:35:58.172] Bot12 executed ROTATE_LEFT
[14:35:58.172] Bot12 moved forward to (7,6)
[14:35:58.172] Bot12 executed MOVE_FORWARD
[14:35:58.172] Starting turn for Bot14
[14:35:58.172] Bot14 rotated right to face SOUTH
[14:35:58.172] Bot14 executed ROTATE_RIGHT
[14:35:58.172] Bot14 moved forward to (3,3)
[14:35:58.172] Bot14 executed MOVE_FORWARD
[14:35:58.172] Starting turn for Bot12
[14:35:58.172] Bot12 rotated right to face NORTH
[14:35:58.172] Bot12 executed ROTATE_RIGHT
[14:35:58.172] Starting turn for Bot14
[14:35:58.172] Bot14 rotated left to face EAST
[14:35:58.172] Bot14 executed ROTATE_LEFT
[14:35:58.172] Bot14 moved forward to (3,4)
[14:35:58.172] Bot14 executed MOVE_FORWARD
[14:35:58.172] Starting turn for Bot12
[14:35:58.172] Starting turn for Bot14
[14:35:58.172] Bot14 rotated right to face SOUTH
[14:35:58.172] Bot14 executed ROTATE_RIGHT
[14:35:58.172] Starting turn for Bot12
[14:35:58.172] Bot12 rotated right to face EAST
[14:35:58.172] Bot12 executed ROTATE_RIGHT
[14:35:58.172] Bot12 moved forward to (7,7)
[14:35:58.172] Bot12 executed MOVE_FORWARD
[14:35:58.172] Starting turn for Bot14
[14:35:58.172] Starting turn for Bot12
[14:35:58.172] Bot12 rotated left to face NORTH
[14:35:58.172] Bot12 executed ROTATE_LEFT
[14:35:58.172] Bot12 rotated left to face WEST
[14:35:58.172] Bot12 executed ROTATE_LEFT
[14:35:58.172] Bot12 moved forward to (7,6)
[14:35:58.172] Bot12 executed MOVE_FORWARD
[14:35:58.172] Starting turn for Bot14
[14:35:58.172] Bot14 rotated left to face EAST
[14:35:58.172] Bot14 executed ROTATE_LEFT
[14:35:58.172] Bot14 rotated left to face NORTH
[14:35:58.172] Bot14 executed ROTATE_LEFT
[14:35:58.172] Bot14 moved forward to (2,4)
[14:35:58.172] Bot14 executed MOVE_FORWARD
[14:35:58.172] Starting turn for Bot12
[14:35:58.172] Bot12 rotated right to face NORTH
[14:35:58.172] Bot12 executed ROTATE_RIGHT
[14:35:58.172] Starting turn for Bot14
[14:35:58.172] Bot14 rotated left to face WEST
[14:35:58.172] Bot14 executed ROTATE_LEFT
[14:35:58.172] Bot14 rotated left to face SOUTH
[14:35:58.172] Bot14 executed ROTATE_LEFT
[14:35:58.172] Bot14 moved forward to (3,4)
[14:35:58.172] Bot14 executed MOVE_FORWARD
[14:35:58.172] Starting turn for Bot12
[14:35:58.172] Starting turn for Bot14
[14:35:58.172] Starting turn for Bot12
[14:35:58.172] Bot12 rotated right to face EAST
[14:35:58.172] Bot12 executed ROTATE_RIGHT
[14:35:58.172] Bot12 moved forward to (7,7)
[14:35:58.172] Bot12 executed MOVE_FORWARD
[14:35:58.172] Starting turn for Bot14
[14:35:58.172] Starting turn for Bot12
[14:35:58.172] Bot12 rotated left to face NORTH
[14:35:58.172] Bot12 executed ROTATE_LEFT
[14:35:58.172] Bot12 rotated left to face WEST
[14:35:58.172] Bot12 executed ROTATE_LEFT
[14:35:58.172] Bot12 moved forward to (7,6)
[14:35:58.172] Bot12 executed MOVE_FORWARD
[14:35:58.172] Starting turn for Bot14
[14:35:58.172] Bot14 rotated left to face EAST
[14:35:58.172] Bot14 executed ROTATE_LEFT
[14:35:58.172] Bot14 rotated left to face NORTH
[14:35:58.172] Bot14 executed ROTATE_LEFT
[14:35:58.172] Bot14 moved forward to (2,4)
[14:35:58.172] Bot14 executed MOVE_FORWARD
[14:35:58.172] Starting turn for Bot12
[14:35:58.172] Bot12 rotated right to face NORTH
[14:35:58.172] Bot12 executed ROTATE_RIGHT
[14:35:58.172] Starting turn for Bot14
[14:35:58.172] Bot14 rotated left to face WEST
[14:35:58.172] Bot14 executed ROTATE_LEFT
[14:35:58.172] Bot14 rotated left to face SOUTH
[14:35:58.172] Bot14 executed ROTATE_LEFT
[14:35:58.172] Bot14 moved forward to (3,4)
[14:35:58.172] Bot14 executed MOVE_FORWARD
[14:35:58.172] Starting turn for Bot12
[14:35:58.172] Starting turn for Bot14
[14:35:58.172] Starting turn for Bot12
[14:35:58.172] Bot12 rotated right to face EAST
[14:35:58.172] Bot12 executed ROTATE_RIGHT
[14:35:58.172] Bot12 moved forward to (7,7)
[14:35:58.172] Bot12 executed MOVE_FORWARD
[14:35:58.172] Starting turn for Bot14
[14:35:58.172] Starting turn for Bot12
[14:35:58.172] Bot12 rotated left to face NORTH
[14:35:58.172] Bot12 executed ROTATE_LEFT
[14:35:58.172] Bot12 rotated left to face WEST
[14:35:58.172] Bot12 executed ROTATE_LEFT
[14:35:58.172] Bot12 moved forward to (7,6)
[14:35:58.172] Bot12 executed MOVE_FORWARD
[14:35:58.172] Starting turn for Bot14
[14:35:58.172] Bot14 rotated left to face EAST
[14:35:58.172] Bot14 executed ROTATE_LEFT
[14:35:58.172] Bot14 rotated left to face NORTH
[14:35:58.172] Bot14 executed ROTATE_LEFT
[14:35:58.172] Bot14 moved forward to (2,4)
[14:35:58.172] Bot14 executed MOVE_FORWARD
[14:35:58.172] Starting turn for Bot12
[14:35:58.172] Bot12 rotated right to face NORTH
[14:35:58.172] Bot12 executed ROTATE_RIGHT
[14:35:58.172] Starting turn for Bot14
[14:35:58.172] Bot14 rotated left to face WEST
[14:35:58.172] Bot14 executed ROTATE_LEFT
[14:35:58.172] Bot14 rotated left to face SOUTH
[14:35:58.172] Bot14 executed ROTATE_LEFT
[14:35:58.172] Bot14 moved forward to (3,4)
[14:35:58.172] Bot14 executed MOVE_FORWARD
[14:35:58.172] Starting turn for Bot12
[14:35:58.172] Starting turn for Bot14
[14:35:58.172] Starting turn for Bot12
[14:35:58.172] Stalemate detected: State repeated 10 times, unchanged for 1 turns
[14:35:58.172] Game Over! Stalemate detected!
[14:35:58.172] Stalemate detected: State repeated 10 times, unchanged for 1 turns
