[14:35:56.435] === Game Started at 2025-02-04_14-35-56 ===
[14:35:56.435] Game initialized with 2 players
[14:35:56.435] Board size: 10
[14:35:56.435] Obstacle density: 0.05
[14:35:56.435] Max turns: 1000
[14:35:56.435] Player Bot26 starting at position (0,0) facing EAST
[14:35:56.435] Player Bot10 starting at position (9,9) facing NORTH
[14:35:56.435] Obstacles at positions: (3,3) (3,8) (7,1) (7,7) (9,3)
[14:35:56.435] Starting turn for Bot26
[14:35:56.435] Bot26 moved forward to (0,1)
[14:35:56.435] Bot26 executed MOVE_FORWARD
[14:35:56.435] Starting turn for Bot10
[14:35:56.435] Bot10 rotated left to face WEST
[14:35:56.435] Bot10 executed ROTATE_LEFT
[14:35:56.435] Bot10 moved forward to (9,8)
[14:35:56.435] Bot10 executed MOVE_FORWARD
[14:35:56.435] Starting turn for Bot26
[14:35:56.435] Bot26 rotated right to face SOUTH
[14:35:56.435] Bot26 executed ROTATE_RIGHT
[14:35:56.435] Bot26 moved forward to (1,1)
[14:35:56.435] Bot26 executed MOVE_FORWARD
[14:35:56.435] Starting turn for Bot10
[14:35:56.435] Bot10 rotated right to face NORTH
[14:35:56.435] Bot10 executed ROTATE_RIGHT
[14:35:56.435] Bot10 moved forward to (8,8)
[14:35:56.435] Bot10 executed MOVE_FORWARD
[14:35:56.435] Starting turn for Bot26
[14:35:56.435] Bot26 rotated left to face EAST
[14:35:56.435] Bot26 executed ROTATE_LEFT
[14:35:56.435] Bot26 moved forward to (1,2)
[14:35:56.435] Bot26 executed MOVE_FORWARD
[14:35:56.435] Starting turn for Bot10
[14:35:56.435] Bot10 rotated left to face WEST
[14:35:56.435] Bot10 executed ROTATE_LEFT
[14:35:56.435] Bot10 moved forward to (8,7)
[14:35:56.435] Bot10 executed MOVE_FORWARD
[14:35:56.435] Starting turn for Bot26
[14:35:56.435] Bot26 rotated right to face SOUTH
[14:35:56.435] Bot26 executed ROTATE_RIGHT
[14:35:56.435] Bot26 moved forward to (2,2)
[14:35:56.435] Bot26 executed MOVE_FORWARD
[14:35:56.435] Starting turn for Bot10
[14:35:56.435] Bot10 rotated right to face NORTH
[14:35:56.435] Bot10 executed ROTATE_RIGHT
[14:35:56.435] Starting turn for Bot26
[14:35:56.435] Bot26 rotated left to face EAST
[14:35:56.435] Bot26 executed ROTATE_LEFT
[14:35:56.435] Bot26 moved forward to (2,3)
[14:35:56.435] Bot26 executed MOVE_FORWARD
[14:35:56.435] Starting turn for Bot10
[14:35:56.435] Starting turn for Bot26
[14:35:56.435] Bot26 rotated right to face SOUTH
[14:35:56.435] Bot26 executed ROTATE_RIGHT
[14:35:56.435] Starting turn for Bot10
[14:35:56.435] Bot10 rotated right to face EAST
[14:35:56.435] Bot10 executed ROTATE_RIGHT
[14:35:56.435] Bot10 moved forward to (8,8)
[14:35:56.435] Bot10 executed MOVE_FORWARD
[14:35:56.435] Starting turn for Bot26
[14:35:56.435] Starting turn for Bot10
[14:35:56.435] Bot10 rotated left to face NORTH
[14:35:56.435] Bot10 executed ROTATE_LEFT
[14:35:56.435] Bot10 rotated left to face WEST
[14:35:56.435] Bot10 executed ROTATE_LEFT
[14:35:56.435] Bot10 moved forward to (8,7)
[14:35:56.435] Bot10 executed MOVE_FORWARD
[14:35:56.435] Starting turn for Bot26
[14:35:56.435] Bot26 rotated left to face EAST
[14:35:56.435] Bot26 executed ROTATE_LEFT
[14:35:56.435] Bot26 rotated left to face NORTH
[14:35:56.435] Bot26 executed ROTATE_LEFT
[14:35:56.435] Bot26 moved forward to (1,3)
[14:35:56.435] Bot26 executed MOVE_FORWARD
[14:35:56.435] Starting turn for Bot10
[14:35:56.435] Bot10 rotated right to face NORTH
[14:35:56.435] Bot10 executed ROTATE_RIGHT
[14:35:56.435] Starting turn for Bot26
[14:35:56.435] Bot26 rotated left to face WEST
[14:35:56.435] Bot26 executed ROTATE_LEFT
[14:35:56.435] Bot26 rotated left to face SOUTH
[14:35:56.435] Bot26 executed ROTATE_LEFT
[14:35:56.435] Bot26 moved forward to (2,3)
[14:35:56.435] Bot26 executed MOVE_FORWARD
[14:35:56.436] Starting turn for Bot10
[14:35:56.436] Starting turn for Bot26
[14:35:56.436] Starting turn for Bot10
[14:35:56.436] Bot10 rotated right to face EAST
[14:35:56.436] Bot10 executed ROTATE_RIGHT
[14:35:56.436] Bot10 moved forward to (8,8)
[14:35:56.436] Bot10 executed MOVE_FORWARD
[14:35:56.436] Starting turn for Bot26
[14:35:56.436] Starting turn for Bot10
[14:35:56.436] Bot10 rotated left to face NORTH
[14:35:56.436] Bot10 executed ROTATE_LEFT
[14:35:56.436] Bot10 rotated left to face WEST
[14:35:56.436] Bot10 executed ROTATE_LEFT
[14:35:56.436] Bot10 moved forward to (8,7)
[14:35:56.436] Bot10 executed MOVE_FORWARD
[14:35:56.436] Starting turn for Bot26
[14:35:56.436] Bot26 rotated left to face EAST
[14:35:56.436] Bot26 executed ROTATE_LEFT
[14:35:56.436] Bot26 rotated left to face NORTH
[14:35:56.436] Bot26 executed ROTATE_LEFT
[14:35:56.436] Bot26 moved forward to (1,3)
[14:35:56.436] Bot26 executed MOVE_FORWARD
[14:35:56.436] Starting turn for Bot10
[14:35:56.436] Bot10 rotated right to face NORTH
[14:35:56.436] Bot10 executed ROTATE_RIGHT
[14:35:56.436] Starting turn for Bot26
[14:35:56.436] Bot26 rotated left to face WEST
[14:35:56.436] Bot26 executed ROTATE_LEFT
[14:35:56.436] Bot26 rotated left to face SOUTH
[14:35:56.436] Bot26 executed ROTATE_LEFT
[14:35:56.436] Bot26 moved forward to (2,3)
[14:35:56.436] Bot26 executed MOVE_FORWARD
[14:35:56.436] Starting turn for Bot10
[14:35:56.436] Starting turn for Bot26
[14:35:56.436] Starting turn for Bot10
[14:35:56.436] Bot10 rotated right to face EAST
[14:35:56.436] Bot10 executed ROTATE_RIGHT
[14:35:56.436] Bot10 moved forward to (8,8)
[14:35:56.436] Bot10 executed MOVE_FORWARD
[14:35:56.436] Starting turn for Bot26
[14:35:56.436] Starting turn for Bot10
[14:35:56.436] Bot10 rotated left to face NORTH
[14:35:56.436] Bot10 executed ROTATE_LEFT
[14:35:56.436] Bot10 rotated left to face WEST
[14:35:56.436] Bot10 executed ROTATE_LEFT
[14:35:56.436] Bot10 moved forward to (8,7)
[14:35:56.436] Bot10 executed MOVE_FORWARD
[14:35:56.436] Starting turn for Bot26
[14:35:56.436] Bot26 rotated left to face EAST
[14:35:56.436] Bot26 executed ROTATE_LEFT
[14:35:56.436] Bot26 rotated left to face NORTH
[14:35:56.436] Bot26 executed ROTATE_LEFT
[14:35:56.436] Bot26 moved forward to (1,3)
[14:35:56.436] Bot26 executed MOVE_FORWARD
[14:35:56.436] Starting turn for Bot10
[14:35:56.436] Bot10 rotated right to face NORTH
[14:35:56.436] Bot10 executed ROTATE_RIGHT
[14:35:56.436] Starting turn for Bot26
[14:35:56.436] Bot26 rotated left to face WEST
[14:35:56.436] Bot26 executed ROTATE_LEFT
[14:35:56.436] Bot26 rotated left to face SOUTH
[14:35:56.436] Bot26 executed ROTATE_LEFT
[14:35:56.436] Bot26 moved forward to (2,3)
[14:35:56.436] Bot26 executed MOVE_FORWARD
[14:35:56.436] Starting turn for Bot10
[14:35:56.436] Starting turn for Bot26
[14:35:56.436] Starting turn for Bot10
[14:35:56.436] Bot10 rotated right to face EAST
[14:35:56.436] Bot10 executed ROTATE_RIGHT
[14:35:56.436] Bot10 moved forward to (8,8)
[14:35:56.436] Bot10 executed MOVE_FORWARD
[14:35:56.436] Starting turn for Bot26
[14:35:56.436] Starting turn for Bot10
[14:35:56.436] Bot10 rotated left to face NORTH
[14:35:56.436] Bot10 executed ROTATE_LEFT
[14:35:56.436] Bot10 rotated left to face WEST
[14:35:56.436] Bot10 executed ROTATE_LEFT
[14:35:56.436] Bot10 moved forward to (8,7)
[14:35:56.436] Bot10 executed MOVE_FORWARD
[14:35:56.436] Starting turn for Bot26
[14:35:56.436] Bot26 rotated left to face EAST
[14:35:56.436] Bot26 executed ROTATE_LEFT
[14:35:56.436] Bot26 rotated left to face NORTH
[14:35:56.436] Bot26 executed ROTATE_LEFT
[14:35:56.436] Bot26 moved forward to (1,3)
[14:35:56.436] Bot26 executed MOVE_FORWARD
[14:35:56.436] Starting turn for Bot10
[14:35:56.436] Bot10 rotated right to face NORTH
[14:35:56.436] Bot10 executed ROTATE_RIGHT
[14:35:56.436] Starting turn for Bot26
[14:35:56.436] Bot26 rotated left to face WEST
[14:35:56.436] Bot26 executed ROTATE_LEFT
[14:35:56.436] Bot26 rotated left to face SOUTH
[14:35:56.436] Bot26 executed ROTATE_LEFT
[14:35:56.436] Bot26 moved forward to (2,3)
[14:35:56.436] Bot26 executed MOVE_FORWARD
[14:35:56.436] Starting turn for Bot10
[14:35:56.436] Stalemate detected: State repeated 10 times, unchanged for 3 turns
[14:35:56.436] Game Over! Stalemate detected!
[14:35:56.436] Stalemate detected: State repeated 10 times, unchanged for 3 turns
