[14:35:51.761] === Game Started at 2025-02-04_14-35-51 ===
[14:35:51.761] Game initialized with 2 players
[14:35:51.761] Board size: 10
[14:35:51.761] Obstacle density: 0.05
[14:35:51.761] Max turns: 1000
[14:35:51.761] Player Bot24 starting at position (0,0) facing SOUTH
[14:35:51.761] Player Bot7 starting at position (9,9) facing SOUTH
[14:35:51.761] Obstacles at positions: (0,2) (1,3) (5,0) (5,5) (9,5)
[14:35:51.761] Starting turn for Bot24
[14:35:51.761] Bot24 rotated left to face EAST
[14:35:51.761] Bot24 executed ROTATE_LEFT
[14:35:51.761] Bot24 moved forward to (0,1)
[14:35:51.761] Bot24 executed MOVE_FORWARD
[14:35:51.761] Starting turn for Bot7
[14:35:51.761] Bot7 rotated right to face WEST
[14:35:51.761] Bot7 executed ROTATE_RIGHT
[14:35:51.761] Bot7 moved forward to (9,8)
[14:35:51.761] Bot7 executed MOVE_FORWARD
[14:35:51.761] Starting turn for Bot24
[14:35:51.761] Bot24 rotated right to face SOUTH
[14:35:51.761] Bot24 executed ROTATE_RIGHT
[14:35:51.761] Bot24 moved forward to (1,1)
[14:35:51.761] Bot24 executed MOVE_FORWARD
[14:35:51.761] Starting turn for Bot7
[14:35:51.761] Bot7 rotated right to face NORTH
[14:35:51.761] Bot7 executed ROTATE_RIGHT
[14:35:51.761] Bot7 moved forward to (8,8)
[14:35:51.761] Bot7 executed MOVE_FORWARD
[14:35:51.761] Starting turn for Bot24
[14:35:51.761] Bot24 rotated left to face EAST
[14:35:51.761] Bot24 executed ROTATE_LEFT
[14:35:51.761] Bot24 moved forward to (1,2)
[14:35:51.761] Bot24 executed MOVE_FORWARD
[14:35:51.761] Starting turn for Bot7
[14:35:51.761] Bot7 rotated left to face WEST
[14:35:51.761] Bot7 executed ROTATE_LEFT
[14:35:51.761] Bot7 moved forward to (8,7)
[14:35:51.761] Bot7 executed MOVE_FORWARD
[14:35:51.761] Starting turn for Bot24
[14:35:51.761] Bot24 rotated right to face SOUTH
[14:35:51.761] Bot24 executed ROTATE_RIGHT
[14:35:51.761] Bot24 moved forward to (2,2)
[14:35:51.761] Bot24 executed MOVE_FORWARD
[14:35:51.761] Starting turn for Bot7
[14:35:51.761] Bot7 rotated right to face NORTH
[14:35:51.761] Bot7 executed ROTATE_RIGHT
[14:35:51.761] Bot7 moved forward to (7,7)
[14:35:51.761] Bot7 executed MOVE_FORWARD
[14:35:51.761] Starting turn for Bot24
[14:35:51.761] Bot24 rotated left to face EAST
[14:35:51.761] Bot24 executed ROTATE_LEFT
[14:35:51.761] Bot24 moved forward to (2,3)
[14:35:51.761] Bot24 executed MOVE_FORWARD
[14:35:51.761] Starting turn for Bot7
[14:35:51.761] Bot7 rotated left to face WEST
[14:35:51.761] Bot7 executed ROTATE_LEFT
[14:35:51.761] Bot7 moved forward to (7,6)
[14:35:51.761] Bot7 executed MOVE_FORWARD
[14:35:51.761] Starting turn for Bot24
[14:35:51.761] Bot24 rotated right to face SOUTH
[14:35:51.761] Bot24 executed ROTATE_RIGHT
[14:35:51.761] Bot24 moved forward to (3,3)
[14:35:51.761] Bot24 executed MOVE_FORWARD
[14:35:51.761] Starting turn for Bot7
[14:35:51.761] Bot7 rotated right to face NORTH
[14:35:51.761] Bot7 executed ROTATE_RIGHT
[14:35:51.761] Bot7 moved forward to (6,6)
[14:35:51.761] Bot7 executed MOVE_FORWARD
[14:35:51.761] Starting turn for Bot24
[14:35:51.761] Bot24 rotated left to face EAST
[14:35:51.761] Bot24 executed ROTATE_LEFT
[14:35:51.761] Bot24 moved forward to (3,4)
[14:35:51.761] Bot24 executed MOVE_FORWARD
[14:35:51.761] Starting turn for Bot7
[14:35:51.761] Bot7 rotated left to face WEST
[14:35:51.761] Bot7 executed ROTATE_LEFT
[14:35:51.761] Bot7 moved forward to (6,5)
[14:35:51.761] Bot7 executed MOVE_FORWARD
[14:35:51.761] Starting turn for Bot24
[14:35:51.761] Bot24 rotated right to face SOUTH
[14:35:51.761] Bot24 executed ROTATE_RIGHT
[14:35:51.761] Bot24 moved forward to (4,4)
[14:35:51.761] Bot24 executed MOVE_FORWARD
[14:35:51.761] Starting turn for Bot7
[14:35:51.761] Bot7 rotated right to face NORTH
[14:35:51.761] Bot7 executed ROTATE_RIGHT
[14:35:51.761] Starting turn for Bot24
[14:35:51.761] Bot24 rotated left to face EAST
[14:35:51.761] Bot24 executed ROTATE_LEFT
[14:35:51.761] Bot24 moved forward to (4,5)
[14:35:51.761] Bot24 executed MOVE_FORWARD
[14:35:51.761] Starting turn for Bot7
[14:35:51.761] Starting turn for Bot24
[14:35:51.761] Bot24 rotated right to face SOUTH
[14:35:51.761] Bot24 executed ROTATE_RIGHT
[14:35:51.761] Starting turn for Bot7
[14:35:51.761] Bot7 rotated right to face EAST
[14:35:51.761] Bot7 executed ROTATE_RIGHT
[14:35:51.761] Bot7 moved forward to (6,6)
[14:35:51.761] Bot7 executed MOVE_FORWARD
[14:35:51.761] Starting turn for Bot24
[14:35:51.761] Starting turn for Bot7
[14:35:51.761] Bot7 rotated left to face NORTH
[14:35:51.761] Bot7 executed ROTATE_LEFT
[14:35:51.761] Bot7 rotated left to face WEST
[14:35:51.761] Bot7 executed ROTATE_LEFT
[14:35:51.761] Bot7 moved forward to (6,5)
[14:35:51.761] Bot7 executed MOVE_FORWARD
[14:35:51.761] Starting turn for Bot24
[14:35:51.761] Bot24 rotated left to face EAST
[14:35:51.761] Bot24 executed ROTATE_LEFT
[14:35:51.761] Bot24 rotated left to face NORTH
[14:35:51.761] Bot24 executed ROTATE_LEFT
[14:35:51.761] Bot24 moved forward to (3,5)
[14:35:51.761] Bot24 executed MOVE_FORWARD
[14:35:51.761] Starting turn for Bot7
[14:35:51.761] Bot7 rotated right to face NORTH
[14:35:51.761] Bot7 executed ROTATE_RIGHT
[14:35:51.761] Starting turn for Bot24
[14:35:51.761] Bot24 rotated left to face WEST
[14:35:51.761] Bot24 executed ROTATE_LEFT
[14:35:51.761] Bot24 rotated left to face SOUTH
[14:35:51.761] Bot24 executed ROTATE_LEFT
[14:35:51.761] Bot24 moved forward to (4,5)
[14:35:51.761] Bot24 executed MOVE_FORWARD
[14:35:51.761] Starting turn for Bot7
[14:35:51.761] Starting turn for Bot24
[14:35:51.761] Starting turn for Bot7
[14:35:51.762] Bot7 rotated right to face EAST
[14:35:51.762] Bot7 executed ROTATE_RIGHT
[14:35:51.762] Bot7 moved forward to (6,6)
[14:35:51.762] Bot7 executed MOVE_FORWARD
[14:35:51.762] Starting turn for Bot24
[14:35:51.762] Starting turn for Bot7
[14:35:51.762] Bot7 rotated left to face NORTH
[14:35:51.762] Bot7 executed ROTATE_LEFT
[14:35:51.762] Bot7 rotated left to face WEST
[14:35:51.762] Bot7 executed ROTATE_LEFT
[14:35:51.762] Bot7 moved forward to (6,5)
[14:35:51.762] Bot7 executed MOVE_FORWARD
[14:35:51.762] Starting turn for Bot24
[14:35:51.762] Bot24 rotated left to face EAST
[14:35:51.762] Bot24 executed ROTATE_LEFT
[14:35:51.762] Bot24 rotated left to face NORTH
[14:35:51.762] Bot24 executed ROTATE_LEFT
[14:35:51.762] Bot24 moved forward to (3,5)
[14:35:51.762] Bot24 executed MOVE_FORWARD
[14:35:51.762] Starting turn for Bot7
[14:35:51.762] Bot7 rotated right to face NORTH
[14:35:51.762] Bot7 executed ROTATE_RIGHT
[14:35:51.762] Starting turn for Bot24
[14:35:51.762] Bot24 rotated left to face WEST
[14:35:51.762] Bot24 executed ROTATE_LEFT
[14:35:51.762] Bot24 rotated left to face SOUTH
[14:35:51.762] Bot24 executed ROTATE_LEFT
[14:35:51.762] Bot24 moved forward to (4,5)
[14:35:51.762] Bot24 executed MOVE_FORWARD
[14:35:51.762] Starting turn for Bot7
[14:35:51.762] Starting turn for Bot24
[14:35:51.762] Starting turn for Bot7
[14:35:51.762] Bot7 rotated right to face EAST
[14:35:51.762] Bot7 executed ROTATE_RIGHT
[14:35:51.762] Bot7 moved forward to (6,6)
[14:35:51.762] Bot7 executed MOVE_FORWARD
[14:35:51.762] Starting turn for Bot24
[14:35:51.762] Starting turn for Bot7
[14:35:51.762] Bot7 rotated left to face NORTH
[14:35:51.762] Bot7 executed ROTATE_LEFT
[14:35:51.762] Bot7 rotated left to face WEST
[14:35:51.762] Bot7 executed ROTATE_LEFT
[14:35:51.762] Bot7 moved forward to (6,5)
[14:35:51.762] Bot7 executed MOVE_FORWARD
[14:35:51.762] Starting turn for Bot24
[14:35:51.762] Bot24 rotated left to face EAST
[14:35:51.762] Bot24 executed ROTATE_LEFT
[14:35:51.762] Bot24 rotated left to face NORTH
[14:35:51.762] Bot24 executed ROTATE_LEFT
[14:35:51.762] Bot24 moved forward to (3,5)
[14:35:51.762] Bot24 executed MOVE_FORWARD
[14:35:51.762] Starting turn for Bot7
[14:35:51.762] Bot7 rotated right to face NORTH
[14:35:51.762] Bot7 executed ROTATE_RIGHT
[14:35:51.762] Starting turn for Bot24
[14:35:51.762] Bot24 rotated left to face WEST
[14:35:51.762] Bot24 executed ROTATE_LEFT
[14:35:51.762] Bot24 rotated left to face SOUTH
[14:35:51.762] Bot24 executed ROTATE_LEFT
[14:35:51.762] Bot24 moved forward to (4,5)
[14:35:51.762] Bot24 executed MOVE_FORWARD
[14:35:51.762] Starting turn for Bot7
[14:35:51.762] Starting turn for Bot24
[14:35:51.762] Starting turn for Bot7
[14:35:51.762] Stalemate detected: State repeated 10 times, unchanged for 1 turns
[14:35:51.762] Game Over! Stalemate detected!
[14:35:51.762] Stalemate detected: State repeated 10 times, unchanged for 1 turns
