[14:36:12.648] === Game Started at 2025-02-04_14-36-12 ===
[14:36:12.648] Game initialized with 2 players
[14:36:12.648] Board size: 10
[14:36:12.648] Obstacle density: 0.05
[14:36:12.648] Max turns: 1000
[14:36:12.648] Player Bot35 starting at position (0,0) facing EAST
[14:36:12.648] Player Bot27 starting at position (9,9) facing SOUTH
[14:36:12.648] Obstacles at positions: (0,2) (6,7) (7,7) (8,3) (9,7)
[14:36:12.648] Starting turn for Bot35
[14:36:12.648] Bot35 moved forward to (0,1)
[14:36:12.648] Bot35 executed MOVE_FORWARD
[14:36:12.648] Starting turn for Bot27
[14:36:12.649] Bot27 rotated right to face WEST
[14:36:12.649] Bot27 executed ROTATE_RIGHT
[14:36:12.649] Bot27 moved forward to (9,8)
[14:36:12.649] Bot27 executed MOVE_FORWARD
[14:36:12.649] Starting turn for Bot35
[14:36:12.649] Bot35 rotated right to face SOUTH
[14:36:12.649] Bot35 executed ROTATE_RIGHT
[14:36:12.649] Bot35 moved forward to (1,1)
[14:36:12.649] Bot35 executed MOVE_FORWARD
[14:36:12.649] Starting turn for Bot27
[14:36:12.649] Bot27 rotated right to face NORTH
[14:36:12.649] Bot27 executed ROTATE_RIGHT
[14:36:12.649] Bot27 moved forward to (8,8)
[14:36:12.649] Bot27 executed MOVE_FORWARD
[14:36:12.649] Starting turn for Bot35
[14:36:12.649] Bot35 rotated left to face EAST
[14:36:12.649] Bot35 executed ROTATE_LEFT
[14:36:12.649] Bot35 moved forward to (1,2)
[14:36:12.649] Bot35 executed MOVE_FORWARD
[14:36:12.649] Starting turn for Bot27
[14:36:12.649] Bot27 rotated left to face WEST
[14:36:12.649] Bot27 executed ROTATE_LEFT
[14:36:12.649] Bot27 moved forward to (8,7)
[14:36:12.649] Bot27 executed MOVE_FORWARD
[14:36:12.649] Starting turn for Bot35
[14:36:12.649] Bot35 rotated right to face SOUTH
[14:36:12.649] Bot35 executed ROTATE_RIGHT
[14:36:12.649] Bot35 moved forward to (2,2)
[14:36:12.649] Bot35 executed MOVE_FORWARD
[14:36:12.649] Starting turn for Bot27
[14:36:12.649] Bot27 rotated right to face NORTH
[14:36:12.649] Bot27 executed ROTATE_RIGHT
[14:36:12.649] Starting turn for Bot35
[14:36:12.649] Bot35 rotated left to face EAST
[14:36:12.649] Bot35 executed ROTATE_LEFT
[14:36:12.649] Bot35 moved forward to (2,3)
[14:36:12.649] Bot35 executed MOVE_FORWARD
[14:36:12.649] Starting turn for Bot27
[14:36:12.649] Starting turn for Bot35
[14:36:12.649] Bot35 rotated right to face SOUTH
[14:36:12.649] Bot35 executed ROTATE_RIGHT
[14:36:12.649] Bot35 moved forward to (3,3)
[14:36:12.649] Bot35 executed MOVE_FORWARD
[14:36:12.649] Starting turn for Bot27
[14:36:12.649] Bot27 rotated right to face EAST
[14:36:12.649] Bot27 executed ROTATE_RIGHT
[14:36:12.649] Bot27 moved forward to (8,8)
[14:36:12.649] Bot27 executed MOVE_FORWARD
[14:36:12.649] Starting turn for Bot35
[14:36:12.649] Bot35 rotated left to face EAST
[14:36:12.649] Bot35 executed ROTATE_LEFT
[14:36:12.649] Bot35 moved forward to (3,4)
[14:36:12.649] Bot35 executed MOVE_FORWARD
[14:36:12.649] Starting turn for Bot27
[14:36:12.649] Bot27 rotated left to face NORTH
[14:36:12.649] Bot27 executed ROTATE_LEFT
[14:36:12.649] Bot27 rotated left to face WEST
[14:36:12.649] Bot27 executed ROTATE_LEFT
[14:36:12.649] Bot27 moved forward to (8,7)
[14:36:12.649] Bot27 executed MOVE_FORWARD
[14:36:12.649] Starting turn for Bot35
[14:36:12.649] Bot35 rotated right to face SOUTH
[14:36:12.649] Bot35 executed ROTATE_RIGHT
[14:36:12.649] Bot35 moved forward to (4,4)
[14:36:12.649] Bot35 executed MOVE_FORWARD
[14:36:12.649] Starting turn for Bot27
[14:36:12.649] Bot27 rotated right to face NORTH
[14:36:12.649] Bot27 executed ROTATE_RIGHT
[14:36:12.649] Starting turn for Bot35
[14:36:12.649] Bot35 rotated left to face EAST
[14:36:12.649] Bot35 executed ROTATE_LEFT
[14:36:12.649] Bot35 moved forward to (4,5)
[14:36:12.649] Bot35 executed MOVE_FORWARD
[14:36:12.649] Starting turn for Bot27
[14:36:12.649] Starting turn for Bot35
[14:36:12.649] Bot35 rotated right to face SOUTH
[14:36:12.649] Bot35 executed ROTATE_RIGHT
[14:36:12.649] Bot35 moved forward to (5,5)
[14:36:12.649] Bot35 executed MOVE_FORWARD
[14:36:12.649] Starting turn for Bot27
[14:36:12.649] Bot27 rotated right to face EAST
[14:36:12.649] Bot27 executed ROTATE_RIGHT
[14:36:12.649] Bot27 moved forward to (8,8)
[14:36:12.649] Bot27 executed MOVE_FORWARD
[14:36:12.649] Starting turn for Bot35
[14:36:12.649] Starting turn for Bot27
[14:36:12.649] Bot27 rotated left to face NORTH
[14:36:12.649] Bot27 executed ROTATE_LEFT
[14:36:12.649] Bot27 rotated left to face WEST
[14:36:12.649] Bot27 executed ROTATE_LEFT
[14:36:12.649] Bot27 moved forward to (8,7)
[14:36:12.649] Bot27 executed MOVE_FORWARD
[14:36:12.649] Starting turn for Bot35
[14:36:12.649] Starting turn for Bot27
[14:36:12.649] Bot27 rotated right to face NORTH
[14:36:12.649] Bot27 executed ROTATE_RIGHT
[14:36:12.649] Starting turn for Bot35
[14:36:12.649] Starting turn for Bot27
[14:36:12.649] Starting turn for Bot35
[14:36:12.649] Starting turn for Bot27
[14:36:12.649] Bot27 rotated right to face EAST
[14:36:12.649] Bot27 executed ROTATE_RIGHT
[14:36:12.649] Bot27 moved forward to (8,8)
[14:36:12.649] Bot27 executed MOVE_FORWARD
[14:36:12.649] Starting turn for Bot35
[14:36:12.649] Starting turn for Bot27
[14:36:12.649] Bot27 rotated left to face NORTH
[14:36:12.649] Bot27 executed ROTATE_LEFT
[14:36:12.649] Bot27 rotated left to face WEST
[14:36:12.649] Bot27 executed ROTATE_LEFT
[14:36:12.649] Bot27 moved forward to (8,7)
[14:36:12.649] Bot27 executed MOVE_FORWARD
[14:36:12.649] Starting turn for Bot35
[14:36:12.649] Starting turn for Bot27
[14:36:12.649] Bot27 rotated right to face NORTH
[14:36:12.649] Bot27 executed ROTATE_RIGHT
[14:36:12.649] Starting turn for Bot35
[14:36:12.649] Starting turn for Bot27
[14:36:12.649] Starting turn for Bot35
[14:36:12.649] Starting turn for Bot27
[14:36:12.649] Bot27 rotated right to face EAST
[14:36:12.649] Bot27 executed ROTATE_RIGHT
[14:36:12.649] Bot27 moved forward to (8,8)
[14:36:12.649] Bot27 executed MOVE_FORWARD
[14:36:12.649] Starting turn for Bot35
[14:36:12.649] Starting turn for Bot27
[14:36:12.649] Bot27 rotated left to face NORTH
[14:36:12.649] Bot27 executed ROTATE_LEFT
[14:36:12.649] Bot27 rotated left to face WEST
[14:36:12.649] Bot27 executed ROTATE_LEFT
[14:36:12.649] Bot27 moved forward to (8,7)
[14:36:12.649] Bot27 executed MOVE_FORWARD
[14:36:12.649] Starting turn for Bot35
[14:36:12.649] Starting turn for Bot27
[14:36:12.649] Bot27 rotated right to face NORTH
[14:36:12.649] Bot27 executed ROTATE_RIGHT
[14:36:12.649] Starting turn for Bot35
[14:36:12.649] Stalemate detected: State repeated 10 times, unchanged for 1 turns
[14:36:12.649] Game Over! Stalemate detected!
[14:36:12.649] Stalemate detected: State repeated 10 times, unchanged for 1 turns
