[14:36:10.032] === Game Started at 2025-02-04_14-36-10 ===
[14:36:10.032] Game initialized with 2 players
[14:36:10.032] Board size: 10
[14:36:10.032] Obstacle density: 0.05
[14:36:10.032] Max turns: 1000
[14:36:10.032] Player Bot36 starting at position (0,0) facing WEST
[14:36:10.032] Player Bot23 starting at position (9,9) facing WEST
[14:36:10.032] Obstacles at positions: (0,5) (1,2) (4,4) (4,9) (8,2)
[14:36:10.032] Starting turn for Bot36
[14:36:10.032] Bot36 rotated left to face SOUTH
[14:36:10.032] Bot36 executed ROTATE_LEFT
[14:36:10.032] Bot36 rotated left to face EAST
[14:36:10.032] Bot36 executed ROTATE_LEFT
[14:36:10.032] Bot36 moved forward to (0,1)
[14:36:10.032] Bot36 executed MOVE_FORWARD
[14:36:10.032] Starting turn for Bot23
[14:36:10.032] Bot23 moved forward to (9,8)
[14:36:10.032] Bot23 executed MOVE_FORWARD
[14:36:10.032] Starting turn for Bot36
[14:36:10.032] Bot36 rotated right to face SOUTH
[14:36:10.032] Bot36 executed ROTATE_RIGHT
[14:36:10.032] Bot36 moved forward to (1,1)
[14:36:10.032] Bot36 executed MOVE_FORWARD
[14:36:10.032] Starting turn for Bot23
[14:36:10.032] Bot23 rotated right to face NORTH
[14:36:10.032] Bot23 executed ROTATE_RIGHT
[14:36:10.032] Bot23 moved forward to (8,8)
[14:36:10.032] Bot23 executed MOVE_FORWARD
[14:36:10.032] Starting turn for Bot36
[14:36:10.032] Bot36 rotated left to face EAST
[14:36:10.032] Bot36 executed ROTATE_LEFT
[14:36:10.032] Starting turn for Bot23
[14:36:10.032] Bot23 rotated left to face WEST
[14:36:10.032] Bot23 executed ROTATE_LEFT
[14:36:10.032] Bot23 moved forward to (8,7)
[14:36:10.032] Bot23 executed MOVE_FORWARD
[14:36:10.032] Starting turn for Bot36
[14:36:10.032] Starting turn for Bot23
[14:36:10.032] Bot23 rotated right to face NORTH
[14:36:10.032] Bot23 executed ROTATE_RIGHT
[14:36:10.032] Bot23 moved forward to (7,7)
[14:36:10.032] Bot23 executed MOVE_FORWARD
[14:36:10.032] Starting turn for Bot36
[14:36:10.032] Bot36 rotated left to face NORTH
[14:36:10.032] Bot36 executed ROTATE_LEFT
[14:36:10.032] Bot36 moved forward to (0,1)
[14:36:10.032] Bot36 executed MOVE_FORWARD
[14:36:10.032] Starting turn for Bot23
[14:36:10.032] Bot23 rotated left to face WEST
[14:36:10.032] Bot23 executed ROTATE_LEFT
[14:36:10.032] Bot23 moved forward to (7,6)
[14:36:10.032] Bot23 executed MOVE_FORWARD
[14:36:10.032] Starting turn for Bot36
[14:36:10.032] Bot36 rotated left to face WEST
[14:36:10.032] Bot36 executed ROTATE_LEFT
[14:36:10.032] Bot36 rotated left to face SOUTH
[14:36:10.032] Bot36 executed ROTATE_LEFT
[14:36:10.032] Bot36 moved forward to (1,1)
[14:36:10.032] Bot36 executed MOVE_FORWARD
[14:36:10.032] Starting turn for Bot23
[14:36:10.032] Bot23 rotated right to face NORTH
[14:36:10.032] Bot23 executed ROTATE_RIGHT
[14:36:10.032] Bot23 moved forward to (6,6)
[14:36:10.032] Bot23 executed MOVE_FORWARD
[14:36:10.032] Starting turn for Bot36
[14:36:10.032] Bot36 rotated left to face EAST
[14:36:10.032] Bot36 executed ROTATE_LEFT
[14:36:10.032] Starting turn for Bot23
[14:36:10.032] Bot23 rotated left to face WEST
[14:36:10.032] Bot23 executed ROTATE_LEFT
[14:36:10.032] Bot23 moved forward to (6,5)
[14:36:10.032] Bot23 executed MOVE_FORWARD
[14:36:10.032] Starting turn for Bot36
[14:36:10.032] Starting turn for Bot23
[14:36:10.032] Bot23 rotated right to face NORTH
[14:36:10.032] Bot23 executed ROTATE_RIGHT
[14:36:10.032] Bot23 moved forward to (5,5)
[14:36:10.032] Bot23 executed MOVE_FORWARD
[14:36:10.032] Starting turn for Bot36
[14:36:10.032] Bot36 rotated left to face NORTH
[14:36:10.033] Bot36 executed ROTATE_LEFT
[14:36:10.033] Bot36 moved forward to (0,1)
[14:36:10.033] Bot36 executed MOVE_FORWARD
[14:36:10.033] Starting turn for Bot23
[14:36:10.033] Starting turn for Bot36
[14:36:10.033] Bot36 rotated left to face WEST
[14:36:10.033] Bot36 executed ROTATE_LEFT
[14:36:10.033] Bot36 rotated left to face SOUTH
[14:36:10.033] Bot36 executed ROTATE_LEFT
[14:36:10.033] Bot36 moved forward to (1,1)
[14:36:10.033] Bot36 executed MOVE_FORWARD
[14:36:10.033] Starting turn for Bot23
[14:36:10.033] Starting turn for Bot36
[14:36:10.033] Bot36 rotated left to face EAST
[14:36:10.033] Bot36 executed ROTATE_LEFT
[14:36:10.033] Starting turn for Bot23
[14:36:10.033] Starting turn for Bot36
[14:36:10.033] Starting turn for Bot23
[14:36:10.033] Starting turn for Bot36
[14:36:10.033] Bot36 rotated left to face NORTH
[14:36:10.033] Bot36 executed ROTATE_LEFT
[14:36:10.033] Bot36 moved forward to (0,1)
[14:36:10.033] Bot36 executed MOVE_FORWARD
[14:36:10.033] Starting turn for Bot23
[14:36:10.033] Starting turn for Bot36
[14:36:10.033] Bot36 rotated left to face WEST
[14:36:10.033] Bot36 executed ROTATE_LEFT
[14:36:10.033] Bot36 rotated left to face SOUTH
[14:36:10.033] Bot36 executed ROTATE_LEFT
[14:36:10.033] Bot36 moved forward to (1,1)
[14:36:10.033] Bot36 executed MOVE_FORWARD
[14:36:10.033] Starting turn for Bot23
[14:36:10.033] Starting turn for Bot36
[14:36:10.033] Bot36 rotated left to face EAST
[14:36:10.033] Bot36 executed ROTATE_LEFT
[14:36:10.033] Starting turn for Bot23
[14:36:10.033] Starting turn for Bot36
[14:36:10.033] Starting turn for Bot23
[14:36:10.033] Starting turn for Bot36
[14:36:10.033] Bot36 rotated left to face NORTH
[14:36:10.033] Bot36 executed ROTATE_LEFT
[14:36:10.033] Bot36 moved forward to (0,1)
[14:36:10.033] Bot36 executed MOVE_FORWARD
[14:36:10.033] Starting turn for Bot23
[14:36:10.033] Starting turn for Bot36
[14:36:10.033] Bot36 rotated left to face WEST
[14:36:10.033] Bot36 executed ROTATE_LEFT
[14:36:10.033] Bot36 rotated left to face SOUTH
[14:36:10.033] Bot36 executed ROTATE_LEFT
[14:36:10.033] Bot36 moved forward to (1,1)
[14:36:10.033] Bot36 executed MOVE_FORWARD
[14:36:10.033] Starting turn for Bot23
[14:36:10.033] Starting turn for Bot36
[14:36:10.033] Bot36 rotated left to face EAST
[14:36:10.033] Bot36 executed ROTATE_LEFT
[14:36:10.033] Starting turn for Bot23
[14:36:10.033] Starting turn for Bot36
[14:36:10.033] Starting turn for Bot23
[14:36:10.033] Stalemate detected: State repeated 10 times, unchanged for 3 turns
[14:36:10.033] Game Over! Stalemate detected!
[14:36:10.033] Stalemate detected: State repeated 10 times, unchanged for 3 turns
