[14:36:01.216] === Game Started at 2025-02-04_14-36-01 ===
[14:36:01.216] Game initialized with 2 players
[14:36:01.216] Board size: 10
[14:36:01.216] Obstacle density: 0.05
[14:36:01.216] Max turns: 1000
[14:36:01.216] Player Bot29 starting at position (0,0) facing SOUTH
[14:36:01.216] Player Bot14 starting at position (9,9) facing NORTH
[14:36:01.216] Obstacles at positions: (0,5) (3,4) (3,9) (5,5) (6,6)
[14:36:01.216] Starting turn for Bot29
[14:36:01.216] Bot29 rotated left to face EAST
[14:36:01.216] Bot29 executed ROTATE_LEFT
[14:36:01.216] Bot29 moved forward to (0,1)
[14:36:01.216] Bot29 executed MOVE_FORWARD
[14:36:01.216] Starting turn for Bot14
[14:36:01.216] Bot14 rotated left to face WEST
[14:36:01.216] Bot14 executed ROTATE_LEFT
[14:36:01.216] Bot14 moved forward to (9,8)
[14:36:01.216] Bot14 executed MOVE_FORWARD
[14:36:01.216] Starting turn for Bot29
[14:36:01.216] Bot29 rotated right to face SOUTH
[14:36:01.216] Bot29 executed ROTATE_RIGHT
[14:36:01.216] Bot29 moved forward to (1,1)
[14:36:01.216] Bot29 executed MOVE_FORWARD
[14:36:01.216] Starting turn for Bot14
[14:36:01.216] Bot14 rotated right to face NORTH
[14:36:01.216] Bot14 executed ROTATE_RIGHT
[14:36:01.216] Bot14 moved forward to (8,8)
[14:36:01.216] Bot14 executed MOVE_FORWARD
[14:36:01.216] Starting turn for Bot29
[14:36:01.216] Bot29 rotated left to face EAST
[14:36:01.216] Bot29 executed ROTATE_LEFT
[14:36:01.216] Bot29 moved forward to (1,2)
[14:36:01.216] Bot29 executed MOVE_FORWARD
[14:36:01.216] Starting turn for Bot14
[14:36:01.216] Bot14 rotated left to face WEST
[14:36:01.216] Bot14 executed ROTATE_LEFT
[14:36:01.216] Bot14 moved forward to (8,7)
[14:36:01.216] Bot14 executed MOVE_FORWARD
[14:36:01.216] Starting turn for Bot29
[14:36:01.216] Bot29 rotated right to face SOUTH
[14:36:01.216] Bot29 executed ROTATE_RIGHT
[14:36:01.216] Bot29 moved forward to (2,2)
[14:36:01.216] Bot29 executed MOVE_FORWARD
[14:36:01.216] Starting turn for Bot14
[14:36:01.216] Bot14 rotated right to face NORTH
[14:36:01.216] Bot14 executed ROTATE_RIGHT
[14:36:01.216] Bot14 moved forward to (7,7)
[14:36:01.216] Bot14 executed MOVE_FORWARD
[14:36:01.216] Starting turn for Bot29
[14:36:01.216] Bot29 rotated left to face EAST
[14:36:01.216] Bot29 executed ROTATE_LEFT
[14:36:01.216] Bot29 moved forward to (2,3)
[14:36:01.216] Bot29 executed MOVE_FORWARD
[14:36:01.216] Starting turn for Bot14
[14:36:01.216] Bot14 rotated left to face WEST
[14:36:01.216] Bot14 executed ROTATE_LEFT
[14:36:01.216] Bot14 moved forward to (7,6)
[14:36:01.216] Bot14 executed MOVE_FORWARD
[14:36:01.216] Starting turn for Bot29
[14:36:01.216] Bot29 rotated right to face SOUTH
[14:36:01.216] Bot29 executed ROTATE_RIGHT
[14:36:01.216] Bot29 moved forward to (3,3)
[14:36:01.216] Bot29 executed MOVE_FORWARD
[14:36:01.216] Starting turn for Bot14
[14:36:01.216] Bot14 rotated right to face NORTH
[14:36:01.216] Bot14 executed ROTATE_RIGHT
[14:36:01.216] Starting turn for Bot29
[14:36:01.216] Bot29 rotated left to face EAST
[14:36:01.216] Bot29 executed ROTATE_LEFT
[14:36:01.216] Starting turn for Bot14
[14:36:01.216] Starting turn for Bot29
[14:36:01.216] Starting turn for Bot14
[14:36:01.216] Bot14 rotated right to face EAST
[14:36:01.216] Bot14 executed ROTATE_RIGHT
[14:36:01.216] Bot14 moved forward to (7,7)
[14:36:01.216] Bot14 executed MOVE_FORWARD
[14:36:01.216] Starting turn for Bot29
[14:36:01.216] Bot29 rotated left to face NORTH
[14:36:01.216] Bot29 executed ROTATE_LEFT
[14:36:01.216] Bot29 moved forward to (2,3)
[14:36:01.216] Bot29 executed MOVE_FORWARD
[14:36:01.216] Starting turn for Bot14
[14:36:01.216] Bot14 rotated left to face NORTH
[14:36:01.216] Bot14 executed ROTATE_LEFT
[14:36:01.216] Bot14 rotated left to face WEST
[14:36:01.216] Bot14 executed ROTATE_LEFT
[14:36:01.216] Bot14 moved forward to (7,6)
[14:36:01.216] Bot14 executed MOVE_FORWARD
[14:36:01.216] Starting turn for Bot29
[14:36:01.216] Bot29 rotated left to face WEST
[14:36:01.216] Bot29 executed ROTATE_LEFT
[14:36:01.216] Bot29 rotated left to face SOUTH
[14:36:01.216] Bot29 executed ROTATE_LEFT
[14:36:01.216] Bot29 moved forward to (3,3)
[14:36:01.216] Bot29 executed MOVE_FORWARD
[14:36:01.216] Starting turn for Bot14
[14:36:01.216] Bot14 rotated right to face NORTH
[14:36:01.216] Bot14 executed ROTATE_RIGHT
[14:36:01.216] Starting turn for Bot29
[14:36:01.216] Bot29 rotated left to face EAST
[14:36:01.216] Bot29 executed ROTATE_LEFT
[14:36:01.216] Starting turn for Bot14
[14:36:01.216] Starting turn for Bot29
[14:36:01.216] Starting turn for Bot14
[14:36:01.216] Bot14 rotated right to face EAST
[14:36:01.216] Bot14 executed ROTATE_RIGHT
[14:36:01.216] Bot14 moved forward to (7,7)
[14:36:01.216] Bot14 executed MOVE_FORWARD
[14:36:01.216] Starting turn for Bot29
[14:36:01.216] Bot29 rotated left to face NORTH
[14:36:01.216] Bot29 executed ROTATE_LEFT
[14:36:01.216] Bot29 moved forward to (2,3)
[14:36:01.216] Bot29 executed MOVE_FORWARD
[14:36:01.216] Starting turn for Bot14
[14:36:01.216] Bot14 rotated left to face NORTH
[14:36:01.216] Bot14 executed ROTATE_LEFT
[14:36:01.216] Bot14 rotated left to face WEST
[14:36:01.216] Bot14 executed ROTATE_LEFT
[14:36:01.216] Bot14 moved forward to (7,6)
[14:36:01.216] Bot14 executed MOVE_FORWARD
[14:36:01.216] Starting turn for Bot29
[14:36:01.216] Bot29 rotated left to face WEST
[14:36:01.216] Bot29 executed ROTATE_LEFT
[14:36:01.216] Bot29 rotated left to face SOUTH
[14:36:01.216] Bot29 executed ROTATE_LEFT
[14:36:01.216] Bot29 moved forward to (3,3)
[14:36:01.216] Bot29 executed MOVE_FORWARD
[14:36:01.216] Starting turn for Bot14
[14:36:01.216] Bot14 rotated right to face NORTH
[14:36:01.216] Bot14 executed ROTATE_RIGHT
[14:36:01.216] Starting turn for Bot29
[14:36:01.216] Bot29 rotated left to face EAST
[14:36:01.216] Bot29 executed ROTATE_LEFT
[14:36:01.216] Starting turn for Bot14
[14:36:01.216] Starting turn for Bot29
[14:36:01.216] Starting turn for Bot14
[14:36:01.216] Bot14 rotated right to face EAST
[14:36:01.216] Bot14 executed ROTATE_RIGHT
[14:36:01.216] Bot14 moved forward to (7,7)
[14:36:01.216] Bot14 executed MOVE_FORWARD
[14:36:01.216] Starting turn for Bot29
[14:36:01.216] Bot29 rotated left to face NORTH
[14:36:01.216] Bot29 executed ROTATE_LEFT
[14:36:01.216] Bot29 moved forward to (2,3)
[14:36:01.216] Bot29 executed MOVE_FORWARD
[14:36:01.216] Starting turn for Bot14
[14:36:01.216] Bot14 rotated left to face NORTH
[14:36:01.216] Bot14 executed ROTATE_LEFT
[14:36:01.216] Bot14 rotated left to face WEST
[14:36:01.216] Bot14 executed ROTATE_LEFT
[14:36:01.216] Bot14 moved forward to (7,6)
[14:36:01.216] Bot14 executed MOVE_FORWARD
[14:36:01.216] Starting turn for Bot29
[14:36:01.216] Bot29 rotated left to face WEST
[14:36:01.216] Bot29 executed ROTATE_LEFT
[14:36:01.216] Bot29 rotated left to face SOUTH
[14:36:01.216] Bot29 executed ROTATE_LEFT
[14:36:01.216] Bot29 moved forward to (3,3)
[14:36:01.216] Bot29 executed MOVE_FORWARD
[14:36:01.216] Starting turn for Bot14
[14:36:01.216] Bot14 rotated right to face NORTH
[14:36:01.216] Bot14 executed ROTATE_RIGHT
[14:36:01.216] Starting turn for Bot29
[14:36:01.216] Bot29 rotated left to face EAST
[14:36:01.216] Bot29 executed ROTATE_LEFT
[14:36:01.216] Starting turn for Bot14
[14:36:01.216] Starting turn for Bot29
[14:36:01.216] Starting turn for Bot14
[14:36:01.216] Stalemate detected: State repeated 10 times, unchanged for 1 turns
[14:36:01.216] Game Over! Stalemate detected!
[14:36:01.216] Stalemate detected: State repeated 10 times, unchanged for 1 turns
