[14:35:59.097] === Game Started at 2025-02-04_14-35-59 ===
[14:35:59.097] Game initialized with 2 players
[14:35:59.098] Board size: 10
[14:35:59.098] Obstacle density: 0.05
[14:35:59.098] Max turns: 1000
[14:35:59.098] Player Bot12 starting at position (0,0) facing WEST
[14:35:59.098] Player Bot37 starting at position (9,9) facing WEST
[14:35:59.098] Obstacles at positions: (4,2) (5,5) (6,4) (8,3) (9,8)
[14:35:59.098] Starting turn for Bot12
[14:35:59.098] Bot12 rotated left to face SOUTH
[14:35:59.098] Bot12 executed ROTATE_LEFT
[14:35:59.098] Bot12 rotated left to face EAST
[14:35:59.098] Bot12 executed ROTATE_LEFT
[14:35:59.098] Bot12 moved forward to (0,1)
[14:35:59.098] Bot12 executed MOVE_FORWARD
[14:35:59.098] Starting turn for Bot37
[14:35:59.098] Starting turn for Bot12
[14:35:59.098] Bot12 rotated right to face SOUTH
[14:35:59.098] Bot12 executed ROTATE_RIGHT
[14:35:59.098] Bot12 moved forward to (1,1)
[14:35:59.098] Bot12 executed MOVE_FORWARD
[14:35:59.098] Starting turn for Bot37
[14:35:59.098] Starting turn for Bot12
[14:35:59.098] Bot12 rotated left to face EAST
[14:35:59.098] Bot12 executed ROTATE_LEFT
[14:35:59.098] Bot12 moved forward to (1,2)
[14:35:59.098] Bot12 executed MOVE_FORWARD
[14:35:59.098] Starting turn for Bot37
[14:35:59.098] Bot37 rotated right to face NORTH
[14:35:59.098] Bot37 executed ROTATE_RIGHT
[14:35:59.098] Bot37 moved forward to (8,9)
[14:35:59.098] Bot37 executed MOVE_FORWARD
[14:35:59.098] Starting turn for Bot12
[14:35:59.098] Bot12 rotated right to face SOUTH
[14:35:59.098] Bot12 executed ROTATE_RIGHT
[14:35:59.098] Bot12 moved forward to (2,2)
[14:35:59.098] Bot12 executed MOVE_FORWARD
[14:35:59.098] Starting turn for Bot37
[14:35:59.098] Bot37 rotated left to face WEST
[14:35:59.098] Bot37 executed ROTATE_LEFT
[14:35:59.098] Bot37 moved forward to (8,8)
[14:35:59.098] Bot37 executed MOVE_FORWARD
[14:35:59.098] Starting turn for Bot12
[14:35:59.098] Bot12 rotated left to face EAST
[14:35:59.098] Bot12 executed ROTATE_LEFT
[14:35:59.098] Bot12 moved forward to (2,3)
[14:35:59.098] Bot12 executed MOVE_FORWARD
[14:35:59.098] Starting turn for Bot37
[14:35:59.098] Bot37 moved forward to (8,7)
[14:35:59.098] Bot37 executed MOVE_FORWARD
[14:35:59.098] Starting turn for Bot12
[14:35:59.098] Bot12 rotated right to face SOUTH
[14:35:59.098] Bot12 executed ROTATE_RIGHT
[14:35:59.098] Bot12 moved forward to (3,3)
[14:35:59.098] Bot12 executed MOVE_FORWARD
[14:35:59.098] Starting turn for Bot37
[14:35:59.098] Bot37 rotated right to face NORTH
[14:35:59.098] Bot37 executed ROTATE_RIGHT
[14:35:59.098] Bot37 moved forward to (7,7)
[14:35:59.098] Bot37 executed MOVE_FORWARD
[14:35:59.098] Starting turn for Bot12
[14:35:59.098] Bot12 rotated left to face EAST
[14:35:59.098] Bot12 executed ROTATE_LEFT
[14:35:59.098] Bot12 moved forward to (3,4)
[14:35:59.098] Bot12 executed MOVE_FORWARD
[14:35:59.098] Starting turn for Bot37
[14:35:59.098] Bot37 rotated left to face WEST
[14:35:59.098] Bot37 executed ROTATE_LEFT
[14:35:59.098] Bot37 moved forward to (7,6)
[14:35:59.098] Bot37 executed MOVE_FORWARD
[14:35:59.098] Starting turn for Bot12
[14:35:59.098] Bot12 rotated right to face SOUTH
[14:35:59.098] Bot12 executed ROTATE_RIGHT
[14:35:59.098] Bot12 moved forward to (4,4)
[14:35:59.098] Bot12 executed MOVE_FORWARD
[14:35:59.098] Starting turn for Bot37
[14:35:59.098] Bot37 rotated right to face NORTH
[14:35:59.098] Bot37 executed ROTATE_RIGHT
[14:35:59.098] Bot37 moved forward to (6,6)
[14:35:59.098] Bot37 executed MOVE_FORWARD
[14:35:59.098] Starting turn for Bot12
[14:35:59.098] Bot12 rotated left to face EAST
[14:35:59.098] Bot12 executed ROTATE_LEFT
[14:35:59.098] Bot12 moved forward to (4,5)
[14:35:59.098] Bot12 executed MOVE_FORWARD
[14:35:59.098] Starting turn for Bot37
[14:35:59.098] Bot37 rotated left to face WEST
[14:35:59.098] Bot37 executed ROTATE_LEFT
[14:35:59.098] Bot37 moved forward to (6,5)
[14:35:59.098] Bot37 executed MOVE_FORWARD
[14:35:59.098] Starting turn for Bot12
[14:35:59.098] Bot12 rotated right to face SOUTH
[14:35:59.098] Bot12 executed ROTATE_RIGHT
[14:35:59.098] Starting turn for Bot37
[14:35:59.098] Bot37 rotated right to face NORTH
[14:35:59.098] Bot37 executed ROTATE_RIGHT
[14:35:59.098] Starting turn for Bot12
[14:35:59.098] Starting turn for Bot37
[14:35:59.098] Starting turn for Bot12
[14:35:59.098] Bot12 rotated left to face EAST
[14:35:59.098] Bot12 executed ROTATE_LEFT
[14:35:59.098] Bot12 rotated left to face NORTH
[14:35:59.098] Bot12 executed ROTATE_LEFT
[14:35:59.098] Bot12 moved forward to (3,5)
[14:35:59.098] Bot12 executed MOVE_FORWARD
[14:35:59.098] Starting turn for Bot37
[14:35:59.098] Bot37 rotated right to face EAST
[14:35:59.098] Bot37 executed ROTATE_RIGHT
[14:35:59.098] Bot37 moved forward to (6,6)
[14:35:59.098] Bot37 executed MOVE_FORWARD
[14:35:59.098] Starting turn for Bot12
[14:35:59.098] Bot12 rotated left to face WEST
[14:35:59.098] Bot12 executed ROTATE_LEFT
[14:35:59.098] Bot12 rotated left to face SOUTH
[14:35:59.098] Bot12 executed ROTATE_LEFT
[14:35:59.098] Bot12 moved forward to (4,5)
[14:35:59.098] Bot12 executed MOVE_FORWARD
[14:35:59.098] Starting turn for Bot37
[14:35:59.098] Bot37 rotated left to face NORTH
[14:35:59.098] Bot37 executed ROTATE_LEFT
[14:35:59.098] Bot37 rotated left to face WEST
[14:35:59.098] Bot37 executed ROTATE_LEFT
[14:35:59.098] Bot37 moved forward to (6,5)
[14:35:59.098] Bot37 executed MOVE_FORWARD
[14:35:59.098] Starting turn for Bot12
[14:35:59.098] Starting turn for Bot37
[14:35:59.098] Bot37 rotated right to face NORTH
[14:35:59.098] Bot37 executed ROTATE_RIGHT
[14:35:59.098] Starting turn for Bot12
[14:35:59.098] Starting turn for Bot37
[14:35:59.098] Starting turn for Bot12
[14:35:59.098] Bot12 rotated left to face EAST
[14:35:59.098] Bot12 executed ROTATE_LEFT
[14:35:59.098] Bot12 rotated left to face NORTH
[14:35:59.098] Bot12 executed ROTATE_LEFT
[14:35:59.098] Bot12 moved forward to (3,5)
[14:35:59.098] Bot12 executed MOVE_FORWARD
[14:35:59.098] Starting turn for Bot37
[14:35:59.098] Bot37 rotated right to face EAST
[14:35:59.098] Bot37 executed ROTATE_RIGHT
[14:35:59.098] Bot37 moved forward to (6,6)
[14:35:59.098] Bot37 executed MOVE_FORWARD
[14:35:59.098] Starting turn for Bot12
[14:35:59.098] Bot12 rotated left to face WEST
[14:35:59.098] Bot12 executed ROTATE_LEFT
[14:35:59.098] Bot12 rotated left to face SOUTH
[14:35:59.098] Bot12 executed ROTATE_LEFT
[14:35:59.098] Bot12 moved forward to (4,5)
[14:35:59.098] Bot12 executed MOVE_FORWARD
[14:35:59.098] Starting turn for Bot37
[14:35:59.098] Bot37 rotated left to face NORTH
[14:35:59.098] Bot37 executed ROTATE_LEFT
[14:35:59.098] Bot37 rotated left to face WEST
[14:35:59.098] Bot37 executed ROTATE_LEFT
[14:35:59.098] Bot37 moved forward to (6,5)
[14:35:59.098] Bot37 executed MOVE_FORWARD
[14:35:59.098] Starting turn for Bot12
[14:35:59.098] Starting turn for Bot37
[14:35:59.098] Bot37 rotated right to face NORTH
[14:35:59.098] Bot37 executed ROTATE_RIGHT
[14:35:59.098] Starting turn for Bot12
[14:35:59.098] Starting turn for Bot37
[14:35:59.098] Starting turn for Bot12
[14:35:59.098] Bot12 rotated left to face EAST
[14:35:59.098] Bot12 executed ROTATE_LEFT
[14:35:59.098] Bot12 rotated left to face NORTH
[14:35:59.098] Bot12 executed ROTATE_LEFT
[14:35:59.098] Bot12 moved forward to (3,5)
[14:35:59.098] Bot12 executed MOVE_FORWARD
[14:35:59.098] Starting turn for Bot37
[14:35:59.098] Bot37 rotated right to face EAST
[14:35:59.098] Bot37 executed ROTATE_RIGHT
[14:35:59.098] Bot37 moved forward to (6,6)
[14:35:59.098] Bot37 executed MOVE_FORWARD
[14:35:59.098] Starting turn for Bot12
[14:35:59.098] Bot12 rotated left to face WEST
[14:35:59.098] Bot12 executed ROTATE_LEFT
[14:35:59.098] Bot12 rotated left to face SOUTH
[14:35:59.098] Bot12 executed ROTATE_LEFT
[14:35:59.098] Bot12 moved forward to (4,5)
[14:35:59.098] Bot12 executed MOVE_FORWARD
[14:35:59.098] Starting turn for Bot37
[14:35:59.098] Bot37 rotated left to face NORTH
[14:35:59.098] Bot37 executed ROTATE_LEFT
[14:35:59.098] Bot37 rotated left to face WEST
[14:35:59.098] Bot37 executed ROTATE_LEFT
[14:35:59.098] Bot37 moved forward to (6,5)
[14:35:59.098] Bot37 executed MOVE_FORWARD
[14:35:59.098] Starting turn for Bot12
[14:35:59.098] Starting turn for Bot37
[14:35:59.098] Bot37 rotated right to face NORTH
[14:35:59.098] Bot37 executed ROTATE_RIGHT
[14:35:59.098] Starting turn for Bot12
[14:35:59.098] Stalemate detected: State repeated 10 times, unchanged for 3 turns
[14:35:59.098] Game Over! Stalemate detected!
[14:35:59.098] Stalemate detected: State repeated 10 times, unchanged for 3 turns
