[14:36:03.809] === Game Started at 2025-02-04_14-36-03 ===
[14:36:03.809] Game initialized with 2 players
[14:36:03.809] Board size: 10
[14:36:03.809] Obstacle density: 0.05
[14:36:03.809] Max turns: 1000
[14:36:03.809] Player Bot34 starting at position (0,0) facing NORTH
[14:36:03.809] Player Bot16 starting at position (9,9) facing NORTH
[14:36:03.809] Obstacles at positions: (1,3) (5,0) (6,6) (8,6) (9,2)
[14:36:03.809] Starting turn for Bot34
[14:36:03.809] Bot34 rotated right to face EAST
[14:36:03.809] Bot34 executed ROTATE_RIGHT
[14:36:03.809] Bot34 moved forward to (0,1)
[14:36:03.809] Bot34 executed MOVE_FORWARD
[14:36:03.809] Starting turn for Bot16
[14:36:03.809] Bot16 rotated left to face WEST
[14:36:03.809] Bot16 executed ROTATE_LEFT
[14:36:03.809] Bot16 moved forward to (9,8)
[14:36:03.809] Bot16 executed MOVE_FORWARD
[14:36:03.809] Starting turn for Bot34
[14:36:03.809] Bot34 rotated right to face SOUTH
[14:36:03.809] Bot34 executed ROTATE_RIGHT
[14:36:03.809] Bot34 moved forward to (1,1)
[14:36:03.809] Bot34 executed MOVE_FORWARD
[14:36:03.809] Starting turn for Bot16
[14:36:03.809] Bot16 rotated right to face NORTH
[14:36:03.809] Bot16 executed ROTATE_RIGHT
[14:36:03.809] Bot16 moved forward to (8,8)
[14:36:03.809] Bot16 executed MOVE_FORWARD
[14:36:03.809] Starting turn for Bot34
[14:36:03.809] Bot34 rotated left to face EAST
[14:36:03.809] Bot34 executed ROTATE_LEFT
[14:36:03.809] Bot34 moved forward to (1,2)
[14:36:03.809] Bot34 executed MOVE_FORWARD
[14:36:03.809] Starting turn for Bot16
[14:36:03.809] Bot16 rotated left to face WEST
[14:36:03.809] Bot16 executed ROTATE_LEFT
[14:36:03.809] Bot16 moved forward to (8,7)
[14:36:03.809] Bot16 executed MOVE_FORWARD
[14:36:03.809] Starting turn for Bot34
[14:36:03.809] Bot34 rotated right to face SOUTH
[14:36:03.809] Bot34 executed ROTATE_RIGHT
[14:36:03.809] Bot34 moved forward to (2,2)
[14:36:03.809] Bot34 executed MOVE_FORWARD
[14:36:03.809] Starting turn for Bot16
[14:36:03.809] Bot16 rotated right to face NORTH
[14:36:03.809] Bot16 executed ROTATE_RIGHT
[14:36:03.809] Bot16 moved forward to (7,7)
[14:36:03.809] Bot16 executed MOVE_FORWARD
[14:36:03.809] Starting turn for Bot34
[14:36:03.809] Bot34 rotated left to face EAST
[14:36:03.809] Bot34 executed ROTATE_LEFT
[14:36:03.809] Bot34 moved forward to (2,3)
[14:36:03.809] Bot34 executed MOVE_FORWARD
[14:36:03.809] Starting turn for Bot16
[14:36:03.809] Bot16 rotated left to face WEST
[14:36:03.809] Bot16 executed ROTATE_LEFT
[14:36:03.809] Bot16 moved forward to (7,6)
[14:36:03.809] Bot16 executed MOVE_FORWARD
[14:36:03.809] Starting turn for Bot34
[14:36:03.809] Bot34 rotated right to face SOUTH
[14:36:03.809] Bot34 executed ROTATE_RIGHT
[14:36:03.809] Bot34 moved forward to (3,3)
[14:36:03.809] Bot34 executed MOVE_FORWARD
[14:36:03.809] Starting turn for Bot16
[14:36:03.809] Bot16 rotated right to face NORTH
[14:36:03.809] Bot16 executed ROTATE_RIGHT
[14:36:03.809] Starting turn for Bot34
[14:36:03.809] Bot34 rotated left to face EAST
[14:36:03.809] Bot34 executed ROTATE_LEFT
[14:36:03.809] Bot34 moved forward to (3,4)
[14:36:03.809] Bot34 executed MOVE_FORWARD
[14:36:03.809] Starting turn for Bot16
[14:36:03.809] Starting turn for Bot34
[14:36:03.809] Bot34 rotated right to face SOUTH
[14:36:03.809] Bot34 executed ROTATE_RIGHT
[14:36:03.809] Bot34 moved forward to (4,4)
[14:36:03.809] Bot34 executed MOVE_FORWARD
[14:36:03.809] Starting turn for Bot16
[14:36:03.809] Bot16 rotated right to face EAST
[14:36:03.809] Bot16 executed ROTATE_RIGHT
[14:36:03.809] Bot16 moved forward to (7,7)
[14:36:03.809] Bot16 executed MOVE_FORWARD
[14:36:03.809] Starting turn for Bot34
[14:36:03.809] Bot34 rotated left to face EAST
[14:36:03.809] Bot34 executed ROTATE_LEFT
[14:36:03.809] Bot34 moved forward to (4,5)
[14:36:03.809] Bot34 executed MOVE_FORWARD
[14:36:03.809] Starting turn for Bot16
[14:36:03.809] Bot16 rotated left to face NORTH
[14:36:03.809] Bot16 executed ROTATE_LEFT
[14:36:03.809] Bot16 rotated left to face WEST
[14:36:03.809] Bot16 executed ROTATE_LEFT
[14:36:03.810] Bot16 moved forward to (7,6)
[14:36:03.810] Bot16 executed MOVE_FORWARD
[14:36:03.810] Starting turn for Bot34
[14:36:03.810] Bot34 rotated right to face SOUTH
[14:36:03.810] Bot34 executed ROTATE_RIGHT
[14:36:03.810] Bot34 moved forward to (5,5)
[14:36:03.810] Bot34 executed MOVE_FORWARD
[14:36:03.810] Starting turn for Bot16
[14:36:03.810] Bot16 rotated right to face NORTH
[14:36:03.810] Bot16 executed ROTATE_RIGHT
[14:36:03.810] Starting turn for Bot34
[14:36:03.810] Starting turn for Bot16
[14:36:03.810] Starting turn for Bot34
[14:36:03.810] Starting turn for Bot16
[14:36:03.810] Bot16 rotated right to face EAST
[14:36:03.810] Bot16 executed ROTATE_RIGHT
[14:36:03.810] Bot16 moved forward to (7,7)
[14:36:03.810] Bot16 executed MOVE_FORWARD
[14:36:03.810] Starting turn for Bot34
[14:36:03.810] Starting turn for Bot16
[14:36:03.810] Bot16 rotated left to face NORTH
[14:36:03.810] Bot16 executed ROTATE_LEFT
[14:36:03.810] Bot16 rotated left to face WEST
[14:36:03.810] Bot16 executed ROTATE_LEFT
[14:36:03.810] Bot16 moved forward to (7,6)
[14:36:03.810] Bot16 executed MOVE_FORWARD
[14:36:03.810] Starting turn for Bot34
[14:36:03.810] Starting turn for Bot16
[14:36:03.810] Bot16 rotated right to face NORTH
[14:36:03.810] Bot16 executed ROTATE_RIGHT
[14:36:03.810] Starting turn for Bot34
[14:36:03.810] Starting turn for Bot16
[14:36:03.810] Starting turn for Bot34
[14:36:03.810] Starting turn for Bot16
[14:36:03.810] Bot16 rotated right to face EAST
[14:36:03.810] Bot16 executed ROTATE_RIGHT
[14:36:03.810] Bot16 moved forward to (7,7)
[14:36:03.810] Bot16 executed MOVE_FORWARD
[14:36:03.810] Starting turn for Bot34
[14:36:03.810] Starting turn for Bot16
[14:36:03.810] Bot16 rotated left to face NORTH
[14:36:03.810] Bot16 executed ROTATE_LEFT
[14:36:03.810] Bot16 rotated left to face WEST
[14:36:03.810] Bot16 executed ROTATE_LEFT
[14:36:03.810] Bot16 moved forward to (7,6)
[14:36:03.810] Bot16 executed MOVE_FORWARD
[14:36:03.810] Starting turn for Bot34
[14:36:03.810] Starting turn for Bot16
[14:36:03.810] Bot16 rotated right to face NORTH
[14:36:03.810] Bot16 executed ROTATE_RIGHT
[14:36:03.810] Starting turn for Bot34
[14:36:03.810] Starting turn for Bot16
[14:36:03.810] Starting turn for Bot34
[14:36:03.810] Starting turn for Bot16
[14:36:03.810] Stalemate detected: State repeated 10 times, unchanged for 2 turns
[14:36:03.810] Game Over! Stalemate detected!
[14:36:03.810] Stalemate detected: State repeated 10 times, unchanged for 2 turns
