[14:35:54.135] === Game Started at 2025-02-04_14-35-54 ===
[14:35:54.135] Game initialized with 2 players
[14:35:54.135] Board size: 10
[14:35:54.135] Obstacle density: 0.05
[14:35:54.135] Max turns: 1000
[14:35:54.135] Player Bot8 starting at position (0,0) facing WEST
[14:35:54.135] Player Bot40 starting at position (9,9) facing EAST
[14:35:54.135] Obstacles at positions: (1,4) (3,4) (7,5) (8,4) (8,6)
[14:35:54.135] Starting turn for Bot8
[14:35:54.135] Bot8 rotated left to face SOUTH
[14:35:54.135] Bot8 executed ROTATE_LEFT
[14:35:54.135] Bot8 rotated left to face EAST
[14:35:54.135] Bot8 executed ROTATE_LEFT
[14:35:54.135] Bot8 moved forward to (0,1)
[14:35:54.135] Bot8 executed MOVE_FORWARD
[14:35:54.135] Starting turn for Bot40
[14:35:54.135] Bot40 rotated left to face NORTH
[14:35:54.135] Bot40 executed ROTATE_LEFT
[14:35:54.135] Bot40 rotated left to face WEST
[14:35:54.135] Bot40 executed ROTATE_LEFT
[14:35:54.135] Bot40 moved forward to (9,8)
[14:35:54.135] Bot40 executed MOVE_FORWARD
[14:35:54.135] Starting turn for Bot8
[14:35:54.135] Bot8 rotated right to face SOUTH
[14:35:54.135] Bot8 executed ROTATE_RIGHT
[14:35:54.135] Bot8 moved forward to (1,1)
[14:35:54.135] Bot8 executed MOVE_FORWARD
[14:35:54.135] Starting turn for Bot40
[14:35:54.135] Bot40 rotated right to face NORTH
[14:35:54.135] Bot40 executed ROTATE_RIGHT
[14:35:54.135] Bot40 moved forward to (8,8)
[14:35:54.135] Bot40 executed MOVE_FORWARD
[14:35:54.135] Starting turn for Bot8
[14:35:54.135] Bot8 rotated left to face EAST
[14:35:54.135] Bot8 executed ROTATE_LEFT
[14:35:54.135] Bot8 moved forward to (1,2)
[14:35:54.135] Bot8 executed MOVE_FORWARD
[14:35:54.135] Starting turn for Bot40
[14:35:54.135] Bot40 rotated left to face WEST
[14:35:54.135] Bot40 executed ROTATE_LEFT
[14:35:54.135] Bot40 moved forward to (8,7)
[14:35:54.135] Bot40 executed MOVE_FORWARD
[14:35:54.135] Starting turn for Bot8
[14:35:54.135] Bot8 rotated right to face SOUTH
[14:35:54.135] Bot8 executed ROTATE_RIGHT
[14:35:54.135] Bot8 moved forward to (2,2)
[14:35:54.135] Bot8 executed MOVE_FORWARD
[14:35:54.135] Starting turn for Bot40
[14:35:54.135] Bot40 rotated right to face NORTH
[14:35:54.135] Bot40 executed ROTATE_RIGHT
[14:35:54.135] Bot40 moved forward to (7,7)
[14:35:54.135] Bot40 executed MOVE_FORWARD
[14:35:54.135] Starting turn for Bot8
[14:35:54.135] Bot8 rotated left to face EAST
[14:35:54.135] Bot8 executed ROTATE_LEFT
[14:35:54.135] Bot8 moved forward to (2,3)
[14:35:54.135] Bot8 executed MOVE_FORWARD
[14:35:54.135] Starting turn for Bot40
[14:35:54.135] Bot40 rotated left to face WEST
[14:35:54.135] Bot40 executed ROTATE_LEFT
[14:35:54.136] Bot40 moved forward to (7,6)
[14:35:54.136] Bot40 executed MOVE_FORWARD
[14:35:54.136] Starting turn for Bot8
[14:35:54.136] Bot8 rotated right to face SOUTH
[14:35:54.136] Bot8 executed ROTATE_RIGHT
[14:35:54.136] Bot8 moved forward to (3,3)
[14:35:54.136] Bot8 executed MOVE_FORWARD
[14:35:54.136] Starting turn for Bot40
[14:35:54.136] Bot40 rotated right to face NORTH
[14:35:54.136] Bot40 executed ROTATE_RIGHT
[14:35:54.136] Bot40 moved forward to (6,6)
[14:35:54.136] Bot40 executed MOVE_FORWARD
[14:35:54.136] Starting turn for Bot8
[14:35:54.136] Bot8 rotated left to face EAST
[14:35:54.136] Bot8 executed ROTATE_LEFT
[14:35:54.136] Starting turn for Bot40
[14:35:54.136] Bot40 rotated left to face WEST
[14:35:54.136] Bot40 executed ROTATE_LEFT
[14:35:54.136] Bot40 moved forward to (6,5)
[14:35:54.136] Bot40 executed MOVE_FORWARD
[14:35:54.136] Starting turn for Bot8
[14:35:54.136] Starting turn for Bot40
[14:35:54.136] Bot40 rotated right to face NORTH
[14:35:54.136] Bot40 executed ROTATE_RIGHT
[14:35:54.136] Bot40 moved forward to (5,5)
[14:35:54.136] Bot40 executed MOVE_FORWARD
[14:35:54.136] Starting turn for Bot8
[14:35:54.136] Bot8 rotated left to face NORTH
[14:35:54.136] Bot8 executed ROTATE_LEFT
[14:35:54.136] Bot8 moved forward to (2,3)
[14:35:54.136] Bot8 executed MOVE_FORWARD
[14:35:54.136] Starting turn for Bot40
[14:35:54.136] Starting turn for Bot8
[14:35:54.136] Bot8 rotated left to face WEST
[14:35:54.136] Bot8 executed ROTATE_LEFT
[14:35:54.136] Bot8 rotated left to face SOUTH
[14:35:54.136] Bot8 executed ROTATE_LEFT
[14:35:54.136] Bot8 moved forward to (3,3)
[14:35:54.136] Bot8 executed MOVE_FORWARD
[14:35:54.136] Starting turn for Bot40
[14:35:54.136] Starting turn for Bot8
[14:35:54.136] Bot8 rotated left to face EAST
[14:35:54.136] Bot8 executed ROTATE_LEFT
[14:35:54.136] Starting turn for Bot40
[14:35:54.136] Starting turn for Bot8
[14:35:54.136] Starting turn for Bot40
[14:35:54.136] Starting turn for Bot8
[14:35:54.136] Bot8 rotated left to face NORTH
[14:35:54.136] Bot8 executed ROTATE_LEFT
[14:35:54.136] Bot8 moved forward to (2,3)
[14:35:54.136] Bot8 executed MOVE_FORWARD
[14:35:54.136] Starting turn for Bot40
[14:35:54.136] Starting turn for Bot8
[14:35:54.136] Bot8 rotated left to face WEST
[14:35:54.136] Bot8 executed ROTATE_LEFT
[14:35:54.136] Bot8 rotated left to face SOUTH
[14:35:54.136] Bot8 executed ROTATE_LEFT
[14:35:54.136] Bot8 moved forward to (3,3)
[14:35:54.136] Bot8 executed MOVE_FORWARD
[14:35:54.136] Starting turn for Bot40
[14:35:54.136] Starting turn for Bot8
[14:35:54.136] Bot8 rotated left to face EAST
[14:35:54.136] Bot8 executed ROTATE_LEFT
[14:35:54.136] Starting turn for Bot40
[14:35:54.136] Starting turn for Bot8
[14:35:54.136] Starting turn for Bot40
[14:35:54.136] Starting turn for Bot8
[14:35:54.136] Bot8 rotated left to face NORTH
[14:35:54.136] Bot8 executed ROTATE_LEFT
[14:35:54.136] Bot8 moved forward to (2,3)
[14:35:54.136] Bot8 executed MOVE_FORWARD
[14:35:54.136] Starting turn for Bot40
[14:35:54.136] Starting turn for Bot8
[14:35:54.136] Bot8 rotated left to face WEST
[14:35:54.136] Bot8 executed ROTATE_LEFT
[14:35:54.136] Bot8 rotated left to face SOUTH
[14:35:54.136] Bot8 executed ROTATE_LEFT
[14:35:54.136] Bot8 moved forward to (3,3)
[14:35:54.136] Bot8 executed MOVE_FORWARD
[14:35:54.136] Starting turn for Bot40
[14:35:54.136] Starting turn for Bot8
[14:35:54.136] Bot8 rotated left to face EAST
[14:35:54.136] Bot8 executed ROTATE_LEFT
[14:35:54.136] Starting turn for Bot40
[14:35:54.136] Starting turn for Bot8
[14:35:54.136] Starting turn for Bot40
[14:35:54.136] Stalemate detected: State repeated 10 times, unchanged for 3 turns
[14:35:54.136] Game Over! Stalemate detected!
[14:35:54.136] Stalemate detected: State repeated 10 times, unchanged for 3 turns
