[14:35:46.615] === Game Started at 2025-02-04_14-35-46 ===
[14:35:46.615] Game initialized with 2 players
[14:35:46.615] Board size: 10
[14:35:46.615] Obstacle density: 0.05
[14:35:46.615] Max turns: 1000
[14:35:46.615] Player Bot4 starting at position (0,0) facing NORTH
[14:35:46.615] Player Bot31 starting at position (9,9) facing NORTH
[14:35:46.615] Obstacles at positions: (5,5) (6,1) (6,6) (7,4) (8,9)
[14:35:46.615] Starting turn for Bot4
[14:35:46.615] Bot4 rotated right to face EAST
[14:35:46.615] Bot4 executed ROTATE_RIGHT
[14:35:46.615] Bot4 moved forward to (0,1)
[14:35:46.615] Bot4 executed MOVE_FORWARD
[14:35:46.615] Starting turn for Bot31
[14:35:46.615] Bot31 rotated left to face WEST
[14:35:46.615] Bot31 executed ROTATE_LEFT
[14:35:46.615] Bot31 moved forward to (9,8)
[14:35:46.615] Bot31 executed MOVE_FORWARD
[14:35:46.615] Starting turn for Bot4
[14:35:46.615] Bot4 rotated right to face SOUTH
[14:35:46.615] Bot4 executed ROTATE_RIGHT
[14:35:46.615] Bot4 moved forward to (1,1)
[14:35:46.615] Bot4 executed MOVE_FORWARD
[14:35:46.615] Starting turn for Bot31
[14:35:46.615] Bot31 rotated right to face NORTH
[14:35:46.615] Bot31 executed ROTATE_RIGHT
[14:35:46.615] Bot31 moved forward to (8,8)
[14:35:46.615] Bot31 executed MOVE_FORWARD
[14:35:46.615] Starting turn for Bot4
[14:35:46.615] Bot4 rotated left to face EAST
[14:35:46.615] Bot4 executed ROTATE_LEFT
[14:35:46.615] Bot4 moved forward to (1,2)
[14:35:46.615] Bot4 executed MOVE_FORWARD
[14:35:46.615] Starting turn for Bot31
[14:35:46.615] Bot31 rotated left to face WEST
[14:35:46.615] Bot31 executed ROTATE_LEFT
[14:35:46.615] Bot31 moved forward to (8,7)
[14:35:46.615] Bot31 executed MOVE_FORWARD
[14:35:46.615] Starting turn for Bot4
[14:35:46.615] Bot4 rotated right to face SOUTH
[14:35:46.615] Bot4 executed ROTATE_RIGHT
[14:35:46.615] Bot4 moved forward to (2,2)
[14:35:46.615] Bot4 executed MOVE_FORWARD
[14:35:46.615] Starting turn for Bot31
[14:35:46.615] Bot31 rotated right to face NORTH
[14:35:46.615] Bot31 executed ROTATE_RIGHT
[14:35:46.615] Bot31 moved forward to (7,7)
[14:35:46.615] Bot31 executed MOVE_FORWARD
[14:35:46.615] Starting turn for Bot4
[14:35:46.615] Bot4 rotated left to face EAST
[14:35:46.615] Bot4 executed ROTATE_LEFT
[14:35:46.615] Bot4 moved forward to (2,3)
[14:35:46.615] Bot4 executed MOVE_FORWARD
[14:35:46.615] Starting turn for Bot31
[14:35:46.615] Bot31 rotated left to face WEST
[14:35:46.615] Bot31 executed ROTATE_LEFT
[14:35:46.615] Bot31 moved forward to (7,6)
[14:35:46.615] Bot31 executed MOVE_FORWARD
[14:35:46.615] Starting turn for Bot4
[14:35:46.615] Bot4 rotated right to face SOUTH
[14:35:46.615] Bot4 executed ROTATE_RIGHT
[14:35:46.615] Bot4 moved forward to (3,3)
[14:35:46.615] Bot4 executed MOVE_FORWARD
[14:35:46.616] Starting turn for Bot31
[14:35:46.616] Bot31 rotated right to face NORTH
[14:35:46.616] Bot31 executed ROTATE_RIGHT
[14:35:46.616] Starting turn for Bot4
[14:35:46.616] Bot4 rotated left to face EAST
[14:35:46.616] Bot4 executed ROTATE_LEFT
[14:35:46.616] Bot4 moved forward to (3,4)
[14:35:46.616] Bot4 executed MOVE_FORWARD
[14:35:46.616] Starting turn for Bot31
[14:35:46.616] Starting turn for Bot4
[14:35:46.616] Bot4 rotated right to face SOUTH
[14:35:46.616] Bot4 executed ROTATE_RIGHT
[14:35:46.616] Bot4 moved forward to (4,4)
[14:35:46.616] Bot4 executed MOVE_FORWARD
[14:35:46.616] Starting turn for Bot31
[14:35:46.616] Bot31 rotated right to face EAST
[14:35:46.616] Bot31 executed ROTATE_RIGHT
[14:35:46.616] Bot31 moved forward to (7,7)
[14:35:46.616] Bot31 executed MOVE_FORWARD
[14:35:46.616] Starting turn for Bot4
[14:35:46.616] Bot4 rotated left to face EAST
[14:35:46.616] Bot4 executed ROTATE_LEFT
[14:35:46.616] Bot4 moved forward to (4,5)
[14:35:46.616] Bot4 executed MOVE_FORWARD
[14:35:46.616] Starting turn for Bot31
[14:35:46.616] Bot31 rotated left to face NORTH
[14:35:46.616] Bot31 executed ROTATE_LEFT
[14:35:46.616] Bot31 rotated left to face WEST
[14:35:46.616] Bot31 executed ROTATE_LEFT
[14:35:46.616] Bot31 moved forward to (7,6)
[14:35:46.616] Bot31 executed MOVE_FORWARD
[14:35:46.616] Starting turn for Bot4
[14:35:46.616] Bot4 rotated right to face SOUTH
[14:35:46.616] Bot4 executed ROTATE_RIGHT
[14:35:46.616] Starting turn for Bot31
[14:35:46.616] Bot31 rotated right to face NORTH
[14:35:46.616] Bot31 executed ROTATE_RIGHT
[14:35:46.616] Starting turn for Bot4
[14:35:46.616] Starting turn for Bot31
[14:35:46.616] Starting turn for Bot4
[14:35:46.616] Bot4 rotated left to face EAST
[14:35:46.616] Bot4 executed ROTATE_LEFT
[14:35:46.616] Bot4 rotated left to face NORTH
[14:35:46.616] Bot4 executed ROTATE_LEFT
[14:35:46.616] Bot4 moved forward to (3,5)
[14:35:46.616] Bot4 executed MOVE_FORWARD
[14:35:46.616] Starting turn for Bot31
[14:35:46.616] Bot31 rotated right to face EAST
[14:35:46.616] Bot31 executed ROTATE_RIGHT
[14:35:46.616] Bot31 moved forward to (7,7)
[14:35:46.616] Bot31 executed MOVE_FORWARD
[14:35:46.616] Starting turn for Bot4
[14:35:46.616] Bot4 rotated left to face WEST
[14:35:46.616] Bot4 executed ROTATE_LEFT
[14:35:46.616] Bot4 rotated left to face SOUTH
[14:35:46.616] Bot4 executed ROTATE_LEFT
[14:35:46.616] Bot4 moved forward to (4,5)
[14:35:46.616] Bot4 executed MOVE_FORWARD
[14:35:46.616] Starting turn for Bot31
[14:35:46.616] Bot31 rotated left to face NORTH
[14:35:46.616] Bot31 executed ROTATE_LEFT
[14:35:46.616] Bot31 rotated left to face WEST
[14:35:46.616] Bot31 executed ROTATE_LEFT
[14:35:46.616] Bot31 moved forward to (7,6)
[14:35:46.616] Bot31 executed MOVE_FORWARD
[14:35:46.616] Starting turn for Bot4
[14:35:46.616] Starting turn for Bot31
[14:35:46.616] Bot31 rotated right to face NORTH
[14:35:46.616] Bot31 executed ROTATE_RIGHT
[14:35:46.616] Starting turn for Bot4
[14:35:46.617] Starting turn for Bot31
[14:35:46.617] Starting turn for Bot4
[14:35:46.617] Bot4 rotated left to face EAST
[14:35:46.617] Bot4 executed ROTATE_LEFT
[14:35:46.617] Bot4 rotated left to face NORTH
[14:35:46.617] Bot4 executed ROTATE_LEFT
[14:35:46.617] Bot4 moved forward to (3,5)
[14:35:46.617] Bot4 executed MOVE_FORWARD
[14:35:46.617] Starting turn for Bot31
[14:35:46.617] Bot31 rotated right to face EAST
[14:35:46.617] Bot31 executed ROTATE_RIGHT
[14:35:46.617] Bot31 moved forward to (7,7)
[14:35:46.617] Bot31 executed MOVE_FORWARD
[14:35:46.617] Starting turn for Bot4
[14:35:46.617] Bot4 rotated left to face WEST
[14:35:46.617] Bot4 executed ROTATE_LEFT
[14:35:46.617] Bot4 rotated left to face SOUTH
[14:35:46.617] Bot4 executed ROTATE_LEFT
[14:35:46.617] Bot4 moved forward to (4,5)
[14:35:46.617] Bot4 executed MOVE_FORWARD
[14:35:46.617] Starting turn for Bot31
[14:35:46.617] Bot31 rotated left to face NORTH
[14:35:46.617] Bot31 executed ROTATE_LEFT
[14:35:46.617] Bot31 rotated left to face WEST
[14:35:46.617] Bot31 executed ROTATE_LEFT
[14:35:46.617] Bot31 moved forward to (7,6)
[14:35:46.617] Bot31 executed MOVE_FORWARD
[14:35:46.617] Starting turn for Bot4
[14:35:46.617] Starting turn for Bot31
[14:35:46.617] Bot31 rotated right to face NORTH
[14:35:46.617] Bot31 executed ROTATE_RIGHT
[14:35:46.617] Starting turn for Bot4
[14:35:46.617] Starting turn for Bot31
[14:35:46.617] Starting turn for Bot4
[14:35:46.617] Bot4 rotated left to face EAST
[14:35:46.617] Bot4 executed ROTATE_LEFT
[14:35:46.617] Bot4 rotated left to face NORTH
[14:35:46.617] Bot4 executed ROTATE_LEFT
[14:35:46.617] Bot4 moved forward to (3,5)
[14:35:46.617] Bot4 executed MOVE_FORWARD
[14:35:46.617] Starting turn for Bot31
[14:35:46.617] Bot31 rotated right to face EAST
[14:35:46.617] Bot31 executed ROTATE_RIGHT
[14:35:46.617] Bot31 moved forward to (7,7)
[14:35:46.617] Bot31 executed MOVE_FORWARD
[14:35:46.617] Starting turn for Bot4
[14:35:46.617] Bot4 rotated left to face WEST
[14:35:46.617] Bot4 executed ROTATE_LEFT
[14:35:46.617] Bot4 rotated left to face SOUTH
[14:35:46.617] Bot4 executed ROTATE_LEFT
[14:35:46.617] Bot4 moved forward to (4,5)
[14:35:46.617] Bot4 executed MOVE_FORWARD
[14:35:46.617] Starting turn for Bot31
[14:35:46.617] Bot31 rotated left to face NORTH
[14:35:46.617] Bot31 executed ROTATE_LEFT
[14:35:46.617] Bot31 rotated left to face WEST
[14:35:46.617] Bot31 executed ROTATE_LEFT
[14:35:46.617] Bot31 moved forward to (7,6)
[14:35:46.617] Bot31 executed MOVE_FORWARD
[14:35:46.617] Starting turn for Bot4
[14:35:46.617] Starting turn for Bot31
[14:35:46.617] Bot31 rotated right to face NORTH
[14:35:46.617] Bot31 executed ROTATE_RIGHT
[14:35:46.617] Starting turn for Bot4
[14:35:46.617] Stalemate detected: State repeated 10 times, unchanged for 3 turns
[14:35:46.617] Game Over! Stalemate detected!
[14:35:46.617] Stalemate detected: State repeated 10 times, unchanged for 3 turns
