[14:35:39.741] === Game Started at 2025-02-04_14-35-39 ===
[14:35:39.741] Game initialized with 2 players
[14:35:39.741] Board size: 10
[14:35:39.741] Obstacle density: 0.05
[14:35:39.741] Max turns: 1000
[14:35:39.741] Player Bot17 starting at position (0,0) facing WEST
[14:35:39.741] Player Bot1 starting at position (9,9) facing NORTH
[14:35:39.741] Obstacles at positions: (0,4) (2,6) (2,9) (8,6) (9,4)
[14:35:39.741] Starting turn for Bot17
[14:35:39.741] Bot17 rotated left to face SOUTH
[14:35:39.741] Bot17 executed ROTATE_LEFT
[14:35:39.741] Bot17 rotated left to face EAST
[14:35:39.741] Bot17 executed ROTATE_LEFT
[14:35:39.741] Bot17 moved forward to (0,1)
[14:35:39.741] Bot17 executed MOVE_FORWARD
[14:35:39.741] Starting turn for Bot1
[14:35:39.741] Bot1 rotated left to face WEST
[14:35:39.741] Bot1 executed ROTATE_LEFT
[14:35:39.741] Bot1 moved forward to (9,8)
[14:35:39.741] Bot1 executed MOVE_FORWARD
[14:35:39.741] Starting turn for Bot17
[14:35:39.741] Bot17 rotated right to face SOUTH
[14:35:39.741] Bot17 executed ROTATE_RIGHT
[14:35:39.741] Bot17 moved forward to (1,1)
[14:35:39.741] Bot17 executed MOVE_FORWARD
[14:35:39.741] Starting turn for Bot1
[14:35:39.741] Bot1 rotated right to face NORTH
[14:35:39.741] Bot1 executed ROTATE_RIGHT
[14:35:39.741] Bot1 moved forward to (8,8)
[14:35:39.741] Bot1 executed MOVE_FORWARD
[14:35:39.741] Starting turn for Bot17
[14:35:39.742] Bot17 rotated left to face EAST
[14:35:39.742] Bot17 executed ROTATE_LEFT
[14:35:39.742] Bot17 moved forward to (1,2)
[14:35:39.742] Bot17 executed MOVE_FORWARD
[14:35:39.742] Starting turn for Bot1
[14:35:39.742] Bot1 rotated left to face WEST
[14:35:39.742] Bot1 executed ROTATE_LEFT
[14:35:39.742] Bot1 moved forward to (8,7)
[14:35:39.742] Bot1 executed MOVE_FORWARD
[14:35:39.742] Starting turn for Bot17
[14:35:39.742] Bot17 rotated right to face SOUTH
[14:35:39.742] Bot17 executed ROTATE_RIGHT
[14:35:39.742] Bot17 moved forward to (2,2)
[14:35:39.742] Bot17 executed MOVE_FORWARD
[14:35:39.742] Starting turn for Bot1
[14:35:39.742] Bot1 rotated right to face NORTH
[14:35:39.742] Bot1 executed ROTATE_RIGHT
[14:35:39.742] Bot1 moved forward to (7,7)
[14:35:39.742] Bot1 executed MOVE_FORWARD
[14:35:39.742] Starting turn for Bot17
[14:35:39.742] Bot17 rotated left to face EAST
[14:35:39.742] Bot17 executed ROTATE_LEFT
[14:35:39.742] Bot17 moved forward to (2,3)
[14:35:39.742] Bot17 executed MOVE_FORWARD
[14:35:39.742] Starting turn for Bot1
[14:35:39.742] Bot1 rotated left to face WEST
[14:35:39.742] Bot1 executed ROTATE_LEFT
[14:35:39.742] Bot1 moved forward to (7,6)
[14:35:39.742] Bot1 executed MOVE_FORWARD
[14:35:39.742] Starting turn for Bot17
[14:35:39.742] Bot17 rotated right to face SOUTH
[14:35:39.742] Bot17 executed ROTATE_RIGHT
[14:35:39.742] Bot17 moved forward to (3,3)
[14:35:39.742] Bot17 executed MOVE_FORWARD
[14:35:39.742] Starting turn for Bot1
[14:35:39.742] Bot1 rotated right to face NORTH
[14:35:39.742] Bot1 executed ROTATE_RIGHT
[14:35:39.742] Bot1 moved forward to (6,6)
[14:35:39.742] Bot1 executed MOVE_FORWARD
[14:35:39.742] Starting turn for Bot17
[14:35:39.742] Bot17 rotated left to face EAST
[14:35:39.742] Bot17 executed ROTATE_LEFT
[14:35:39.742] Bot17 moved forward to (3,4)
[14:35:39.742] Bot17 executed MOVE_FORWARD
[14:35:39.742] Starting turn for Bot1
[14:35:39.742] Bot1 rotated left to face WEST
[14:35:39.742] Bot1 executed ROTATE_LEFT
[14:35:39.742] Bot1 moved forward to (6,5)
[14:35:39.742] Bot1 executed MOVE_FORWARD
[14:35:39.742] Starting turn for Bot17
[14:35:39.742] Bot17 rotated right to face SOUTH
[14:35:39.742] Bot17 executed ROTATE_RIGHT
[14:35:39.742] Bot17 moved forward to (4,4)
[14:35:39.742] Bot17 executed MOVE_FORWARD
[14:35:39.742] Starting turn for Bot1
[14:35:39.742] Bot1 rotated right to face NORTH
[14:35:39.742] Bot1 executed ROTATE_RIGHT
[14:35:39.742] Bot1 moved forward to (5,5)
[14:35:39.742] Bot1 executed MOVE_FORWARD
[14:35:39.742] Starting turn for Bot17
[14:35:39.742] Bot17 rotated left to face EAST
[14:35:39.742] Bot17 executed ROTATE_LEFT
[14:35:39.742] Bot17 moved forward to (4,5)
[14:35:39.742] Bot17 executed MOVE_FORWARD
[14:35:39.742] Starting turn for Bot1
[14:35:39.742] Bot1 shooting in direction NORTH
[14:35:39.742] Bot1 hit Bot17 for 25 damage (health: 100 -> 75)
[14:35:39.742] Bot1 executed SHOOT
[14:35:39.742] Starting turn for Bot17
[14:35:39.742] Bot17 rotated right to face SOUTH
[14:35:39.742] Bot17 executed ROTATE_RIGHT
[14:35:39.742] Starting turn for Bot1
[14:35:39.742] Bot1 shooting in direction NORTH
[14:35:39.742] Bot1 hit Bot17 for 25 damage (health: 75 -> 50)
[14:35:39.742] Bot1 executed SHOOT
[14:35:39.742] Starting turn for Bot17
[14:35:39.742] Bot17 shooting in direction SOUTH
[14:35:39.742] Bot17 hit Bot1 for 25 damage (health: 100 -> 75)
[14:35:39.742] Bot17 executed SHOOT
[14:35:39.742] Starting turn for Bot1
[14:35:39.742] Bot1 shooting in direction NORTH
[14:35:39.742] Bot1 hit Bot17 for 25 damage (health: 50 -> 25)
[14:35:39.742] Bot1 executed SHOOT
[14:35:39.742] Starting turn for Bot17
[14:35:39.742] Bot17 shooting in direction SOUTH
[14:35:39.742] Bot17 hit Bot1 for 25 damage (health: 75 -> 50)
[14:35:39.742] Bot17 executed SHOOT
[14:35:39.742] Starting turn for Bot1
[14:35:39.742] Bot1 shooting in direction NORTH
[14:35:39.742] Bot1 hit Bot17 for 25 damage (health: 25 -> 0)
[14:35:39.742] Bot17 was destroyed!
[14:35:39.742] Bot1 is the last tank standing!
[14:35:39.742] Bot1 executed SHOOT
[14:35:39.742] Game Over! Bot1 wins!
[14:35:39.742] === Game Ended ===
