[14:35:44.397] === Game Started at 2025-02-04_14-35-44 ===
[14:35:44.397] Game initialized with 2 players
[14:35:44.397] Board size: 10
[14:35:44.397] Obstacle density: 0.05
[14:35:44.397] Max turns: 1000
[14:35:44.397] Player Bot28 starting at position (0,0) facing WEST
[14:35:44.397] Player Bot3 starting at position (9,9) facing WEST
[14:35:44.397] Obstacles at positions: (1,3) (2,1) (2,7) (4,0) (8,8)
[14:35:44.397] Starting turn for Bot28
[14:35:44.397] Bot28 rotated left to face SOUTH
[14:35:44.397] Bot28 executed ROTATE_LEFT
[14:35:44.397] Bot28 rotated left to face EAST
[14:35:44.397] Bot28 executed ROTATE_LEFT
[14:35:44.397] Bot28 moved forward to (0,1)
[14:35:44.397] Bot28 executed MOVE_FORWARD
[14:35:44.397] Starting turn for Bot3
[14:35:44.397] Bot3 moved forward to (9,8)
[14:35:44.397] Bot3 executed MOVE_FORWARD
[14:35:44.397] Starting turn for Bot28
[14:35:44.397] Bot28 rotated right to face SOUTH
[14:35:44.397] Bot28 executed ROTATE_RIGHT
[14:35:44.397] Bot28 moved forward to (1,1)
[14:35:44.397] Bot28 executed MOVE_FORWARD
[14:35:44.397] Starting turn for Bot3
[14:35:44.397] Bot3 rotated right to face NORTH
[14:35:44.397] Bot3 executed ROTATE_RIGHT
[14:35:44.397] Starting turn for Bot28
[14:35:44.397] Bot28 rotated left to face EAST
[14:35:44.397] Bot28 executed ROTATE_LEFT
[14:35:44.397] Bot28 moved forward to (1,2)
[14:35:44.397] Bot28 executed MOVE_FORWARD
[14:35:44.397] Starting turn for Bot3
[14:35:44.397] Starting turn for Bot28
[14:35:44.397] Bot28 rotated right to face SOUTH
[14:35:44.397] Bot28 executed ROTATE_RIGHT
[14:35:44.397] Bot28 moved forward to (2,2)
[14:35:44.397] Bot28 executed MOVE_FORWARD
[14:35:44.397] Starting turn for Bot3
[14:35:44.397] Bot3 rotated right to face EAST
[14:35:44.397] Bot3 executed ROTATE_RIGHT
[14:35:44.397] Bot3 moved forward to (9,9)
[14:35:44.397] Bot3 executed MOVE_FORWARD
[14:35:44.397] Starting turn for Bot28
[14:35:44.397] Bot28 rotated left to face EAST
[14:35:44.397] Bot28 executed ROTATE_LEFT
[14:35:44.397] Bot28 moved forward to (2,3)
[14:35:44.397] Bot28 executed MOVE_FORWARD
[14:35:44.397] Starting turn for Bot3
[14:35:44.397] Bot3 rotated left to face NORTH
[14:35:44.397] Bot3 executed ROTATE_LEFT
[14:35:44.397] Bot3 rotated left to face WEST
[14:35:44.397] Bot3 executed ROTATE_LEFT
[14:35:44.397] Bot3 moved forward to (9,8)
[14:35:44.397] Bot3 executed MOVE_FORWARD
[14:35:44.397] Starting turn for Bot28
[14:35:44.397] Bot28 rotated right to face SOUTH
[14:35:44.397] Bot28 executed ROTATE_RIGHT
[14:35:44.397] Bot28 moved forward to (3,3)
[14:35:44.397] Bot28 executed MOVE_FORWARD
[14:35:44.397] Starting turn for Bot3
[14:35:44.397] Bot3 rotated right to face NORTH
[14:35:44.397] Bot3 executed ROTATE_RIGHT
[14:35:44.397] Starting turn for Bot28
[14:35:44.397] Bot28 rotated left to face EAST
[14:35:44.397] Bot28 executed ROTATE_LEFT
[14:35:44.397] Bot28 moved forward to (3,4)
[14:35:44.397] Bot28 executed MOVE_FORWARD
[14:35:44.397] Starting turn for Bot3
[14:35:44.397] Starting turn for Bot28
[14:35:44.397] Bot28 rotated right to face SOUTH
[14:35:44.397] Bot28 executed ROTATE_RIGHT
[14:35:44.397] Bot28 moved forward to (4,4)
[14:35:44.397] Bot28 executed MOVE_FORWARD
[14:35:44.397] Starting turn for Bot3
[14:35:44.397] Bot3 rotated right to face EAST
[14:35:44.397] Bot3 executed ROTATE_RIGHT
[14:35:44.397] Bot3 moved forward to (9,9)
[14:35:44.397] Bot3 executed MOVE_FORWARD
[14:35:44.397] Starting turn for Bot28
[14:35:44.397] Bot28 rotated left to face EAST
[14:35:44.397] Bot28 executed ROTATE_LEFT
[14:35:44.397] Bot28 moved forward to (4,5)
[14:35:44.397] Bot28 executed MOVE_FORWARD
[14:35:44.397] Starting turn for Bot3
[14:35:44.397] Bot3 rotated left to face NORTH
[14:35:44.397] Bot3 executed ROTATE_LEFT
[14:35:44.397] Bot3 rotated left to face WEST
[14:35:44.397] Bot3 executed ROTATE_LEFT
[14:35:44.397] Bot3 moved forward to (9,8)
[14:35:44.397] Bot3 executed MOVE_FORWARD
[14:35:44.397] Starting turn for Bot28
[14:35:44.397] Bot28 rotated right to face SOUTH
[14:35:44.397] Bot28 executed ROTATE_RIGHT
[14:35:44.397] Bot28 moved forward to (5,5)
[14:35:44.397] Bot28 executed MOVE_FORWARD
[14:35:44.397] Starting turn for Bot3
[14:35:44.397] Bot3 rotated right to face NORTH
[14:35:44.397] Bot3 executed ROTATE_RIGHT
[14:35:44.397] Starting turn for Bot28
[14:35:44.397] Starting turn for Bot3
[14:35:44.397] Starting turn for Bot28
[14:35:44.397] Starting turn for Bot3
[14:35:44.397] Bot3 rotated right to face EAST
[14:35:44.397] Bot3 executed ROTATE_RIGHT
[14:35:44.397] Bot3 moved forward to (9,9)
[14:35:44.397] Bot3 executed MOVE_FORWARD
[14:35:44.397] Starting turn for Bot28
[14:35:44.397] Starting turn for Bot3
[14:35:44.397] Bot3 rotated left to face NORTH
[14:35:44.397] Bot3 executed ROTATE_LEFT
[14:35:44.397] Bot3 rotated left to face WEST
[14:35:44.397] Bot3 executed ROTATE_LEFT
[14:35:44.397] Bot3 moved forward to (9,8)
[14:35:44.397] Bot3 executed MOVE_FORWARD
[14:35:44.397] Starting turn for Bot28
[14:35:44.397] Starting turn for Bot3
[14:35:44.397] Bot3 rotated right to face NORTH
[14:35:44.397] Bot3 executed ROTATE_RIGHT
[14:35:44.397] Starting turn for Bot28
[14:35:44.397] Starting turn for Bot3
[14:35:44.397] Starting turn for Bot28
[14:35:44.397] Starting turn for Bot3
[14:35:44.397] Bot3 rotated right to face EAST
[14:35:44.397] Bot3 executed ROTATE_RIGHT
[14:35:44.397] Bot3 moved forward to (9,9)
[14:35:44.397] Bot3 executed MOVE_FORWARD
[14:35:44.397] Starting turn for Bot28
[14:35:44.397] Starting turn for Bot3
[14:35:44.397] Bot3 rotated left to face NORTH
[14:35:44.397] Bot3 executed ROTATE_LEFT
[14:35:44.397] Bot3 rotated left to face WEST
[14:35:44.397] Bot3 executed ROTATE_LEFT
[14:35:44.397] Bot3 moved forward to (9,8)
[14:35:44.397] Bot3 executed MOVE_FORWARD
[14:35:44.397] Starting turn for Bot28
[14:35:44.397] Starting turn for Bot3
[14:35:44.397] Bot3 rotated right to face NORTH
[14:35:44.397] Bot3 executed ROTATE_RIGHT
[14:35:44.397] Starting turn for Bot28
[14:35:44.397] Starting turn for Bot3
[14:35:44.397] Starting turn for Bot28
[14:35:44.397] Starting turn for Bot3
[14:35:44.397] Stalemate detected: State repeated 10 times, unchanged for 2 turns
[14:35:44.397] Game Over! Stalemate detected!
[14:35:44.397] Stalemate detected: State repeated 10 times, unchanged for 2 turns
