[14:35:50.080] === Game Started at 2025-02-04_14-35-50 ===
[14:35:50.080] Game initialized with 2 players
[14:35:50.080] Board size: 10
[14:35:50.080] Obstacle density: 0.05
[14:35:50.080] Max turns: 1000
[14:35:50.080] Player Bot6 starting at position (0,0) facing NORTH
[14:35:50.080] Player Bot26 starting at position (9,9) facing WEST
[14:35:50.080] Obstacles at positions: (0,8) (1,2) (1,3) (3,2) (7,1)
[14:35:50.080] Starting turn for Bot6
[14:35:50.080] Bot6 rotated right to face EAST
[14:35:50.080] Bot6 executed ROTATE_RIGHT
[14:35:50.080] Bot6 moved forward to (0,1)
[14:35:50.080] Bot6 executed MOVE_FORWARD
[14:35:50.080] Starting turn for Bot26
[14:35:50.080] Bot26 moved forward to (9,8)
[14:35:50.080] Bot26 executed MOVE_FORWARD
[14:35:50.080] Starting turn for Bot6
[14:35:50.080] Bot6 rotated right to face SOUTH
[14:35:50.080] Bot6 executed ROTATE_RIGHT
[14:35:50.080] Bot6 moved forward to (1,1)
[14:35:50.080] Bot6 executed MOVE_FORWARD
[14:35:50.080] Starting turn for Bot26
[14:35:50.080] Bot26 rotated right to face NORTH
[14:35:50.080] Bot26 executed ROTATE_RIGHT
[14:35:50.080] Bot26 moved forward to (8,8)
[14:35:50.080] Bot26 executed MOVE_FORWARD
[14:35:50.080] Starting turn for Bot6
[14:35:50.080] Bot6 rotated left to face EAST
[14:35:50.080] Bot6 executed ROTATE_LEFT
[14:35:50.080] Starting turn for Bot26
[14:35:50.081] Bot26 rotated left to face WEST
[14:35:50.081] Bot26 executed ROTATE_LEFT
[14:35:50.081] Bot26 moved forward to (8,7)
[14:35:50.081] Bot26 executed MOVE_FORWARD
[14:35:50.081] Starting turn for Bot6
[14:35:50.081] Starting turn for Bot26
[14:35:50.081] Bot26 rotated right to face NORTH
[14:35:50.081] Bot26 executed ROTATE_RIGHT
[14:35:50.081] Bot26 moved forward to (7,7)
[14:35:50.081] Bot26 executed MOVE_FORWARD
[14:35:50.081] Starting turn for Bot6
[14:35:50.081] Bot6 rotated left to face NORTH
[14:35:50.081] Bot6 executed ROTATE_LEFT
[14:35:50.081] Bot6 moved forward to (0,1)
[14:35:50.081] Bot6 executed MOVE_FORWARD
[14:35:50.081] Starting turn for Bot26
[14:35:50.081] Bot26 rotated left to face WEST
[14:35:50.081] Bot26 executed ROTATE_LEFT
[14:35:50.081] Bot26 moved forward to (7,6)
[14:35:50.081] Bot26 executed MOVE_FORWARD
[14:35:50.081] Starting turn for Bot6
[14:35:50.081] Bot6 rotated left to face WEST
[14:35:50.081] Bot6 executed ROTATE_LEFT
[14:35:50.081] Bot6 rotated left to face SOUTH
[14:35:50.081] Bot6 executed ROTATE_LEFT
[14:35:50.081] Bot6 moved forward to (1,1)
[14:35:50.081] Bot6 executed MOVE_FORWARD
[14:35:50.081] Starting turn for Bot26
[14:35:50.081] Bot26 rotated right to face NORTH
[14:35:50.081] Bot26 executed ROTATE_RIGHT
[14:35:50.081] Bot26 moved forward to (6,6)
[14:35:50.081] Bot26 executed MOVE_FORWARD
[14:35:50.081] Starting turn for Bot6
[14:35:50.081] Bot6 rotated left to face EAST
[14:35:50.081] Bot6 executed ROTATE_LEFT
[14:35:50.081] Starting turn for Bot26
[14:35:50.081] Bot26 rotated left to face WEST
[14:35:50.081] Bot26 executed ROTATE_LEFT
[14:35:50.081] Bot26 moved forward to (6,5)
[14:35:50.081] Bot26 executed MOVE_FORWARD
[14:35:50.081] Starting turn for Bot6
[14:35:50.081] Starting turn for Bot26
[14:35:50.081] Bot26 rotated right to face NORTH
[14:35:50.081] Bot26 executed ROTATE_RIGHT
[14:35:50.081] Bot26 moved forward to (5,5)
[14:35:50.081] Bot26 executed MOVE_FORWARD
[14:35:50.081] Starting turn for Bot6
[14:35:50.081] Bot6 rotated left to face NORTH
[14:35:50.081] Bot6 executed ROTATE_LEFT
[14:35:50.081] Bot6 moved forward to (0,1)
[14:35:50.081] Bot6 executed MOVE_FORWARD
[14:35:50.081] Starting turn for Bot26
[14:35:50.081] Starting turn for Bot6
[14:35:50.081] Bot6 rotated left to face WEST
[14:35:50.081] Bot6 executed ROTATE_LEFT
[14:35:50.081] Bot6 rotated left to face SOUTH
[14:35:50.081] Bot6 executed ROTATE_LEFT
[14:35:50.081] Bot6 moved forward to (1,1)
[14:35:50.081] Bot6 executed MOVE_FORWARD
[14:35:50.081] Starting turn for Bot26
[14:35:50.081] Starting turn for Bot6
[14:35:50.081] Bot6 rotated left to face EAST
[14:35:50.081] Bot6 executed ROTATE_LEFT
[14:35:50.081] Starting turn for Bot26
[14:35:50.081] Starting turn for Bot6
[14:35:50.081] Starting turn for Bot26
[14:35:50.081] Starting turn for Bot6
[14:35:50.081] Bot6 rotated left to face NORTH
[14:35:50.081] Bot6 executed ROTATE_LEFT
[14:35:50.081] Bot6 moved forward to (0,1)
[14:35:50.081] Bot6 executed MOVE_FORWARD
[14:35:50.081] Starting turn for Bot26
[14:35:50.081] Starting turn for Bot6
[14:35:50.081] Bot6 rotated left to face WEST
[14:35:50.081] Bot6 executed ROTATE_LEFT
[14:35:50.081] Bot6 rotated left to face SOUTH
[14:35:50.081] Bot6 executed ROTATE_LEFT
[14:35:50.081] Bot6 moved forward to (1,1)
[14:35:50.081] Bot6 executed MOVE_FORWARD
[14:35:50.081] Starting turn for Bot26
[14:35:50.081] Starting turn for Bot6
[14:35:50.081] Bot6 rotated left to face EAST
[14:35:50.081] Bot6 executed ROTATE_LEFT
[14:35:50.081] Starting turn for Bot26
[14:35:50.081] Starting turn for Bot6
[14:35:50.081] Starting turn for Bot26
[14:35:50.081] Starting turn for Bot6
[14:35:50.081] Bot6 rotated left to face NORTH
[14:35:50.081] Bot6 executed ROTATE_LEFT
[14:35:50.081] Bot6 moved forward to (0,1)
[14:35:50.081] Bot6 executed MOVE_FORWARD
[14:35:50.081] Starting turn for Bot26
[14:35:50.081] Starting turn for Bot6
[14:35:50.081] Bot6 rotated left to face WEST
[14:35:50.081] Bot6 executed ROTATE_LEFT
[14:35:50.081] Bot6 rotated left to face SOUTH
[14:35:50.081] Bot6 executed ROTATE_LEFT
[14:35:50.081] Bot6 moved forward to (1,1)
[14:35:50.081] Bot6 executed MOVE_FORWARD
[14:35:50.081] Starting turn for Bot26
[14:35:50.081] Starting turn for Bot6
[14:35:50.081] Bot6 rotated left to face EAST
[14:35:50.081] Bot6 executed ROTATE_LEFT
[14:35:50.081] Starting turn for Bot26
[14:35:50.081] Starting turn for Bot6
[14:35:50.081] Starting turn for Bot26
[14:35:50.081] Stalemate detected: State repeated 10 times, unchanged for 3 turns
[14:35:50.081] Game Over! Stalemate detected!
[14:35:50.081] Stalemate detected: State repeated 10 times, unchanged for 3 turns
