[14:36:13.424] === Game Started at 2025-02-04_14-36-13 ===
[14:36:13.424] Game initialized with 2 players
[14:36:13.424] Board size: 10
[14:36:13.424] Obstacle density: 0.05
[14:36:13.424] Max turns: 1000
[14:36:13.424] Player Bot31 starting at position (0,0) facing SOUTH
[14:36:13.424] Player Bot29 starting at position (9,9) facing NORTH
[14:36:13.424] Obstacles at positions: (5,5) (6,4) (7,4) (7,8) (8,7)
[14:36:13.424] Starting turn for Bot31
[14:36:13.424] Bot31 rotated left to face EAST
[14:36:13.424] Bot31 executed ROTATE_LEFT
[14:36:13.424] Bot31 moved forward to (0,1)
[14:36:13.424] Bot31 executed MOVE_FORWARD
[14:36:13.424] Starting turn for Bot29
[14:36:13.424] Bot29 rotated left to face WEST
[14:36:13.424] Bot29 executed ROTATE_LEFT
[14:36:13.424] Bot29 moved forward to (9,8)
[14:36:13.424] Bot29 executed MOVE_FORWARD
[14:36:13.424] Starting turn for Bot31
[14:36:13.424] Bot31 rotated right to face SOUTH
[14:36:13.424] Bot31 executed ROTATE_RIGHT
[14:36:13.424] Bot31 moved forward to (1,1)
[14:36:13.424] Bot31 executed MOVE_FORWARD
[14:36:13.424] Starting turn for Bot29
[14:36:13.424] Bot29 rotated right to face NORTH
[14:36:13.424] Bot29 executed ROTATE_RIGHT
[14:36:13.424] Bot29 moved forward to (8,8)
[14:36:13.424] Bot29 executed MOVE_FORWARD
[14:36:13.424] Starting turn for Bot31
[14:36:13.424] Bot31 rotated left to face EAST
[14:36:13.424] Bot31 executed ROTATE_LEFT
[14:36:13.424] Bot31 moved forward to (1,2)
[14:36:13.424] Bot31 executed MOVE_FORWARD
[14:36:13.424] Starting turn for Bot29
[14:36:13.424] Bot29 rotated left to face WEST
[14:36:13.424] Bot29 executed ROTATE_LEFT
[14:36:13.424] Starting turn for Bot31
[14:36:13.424] Bot31 rotated right to face SOUTH
[14:36:13.424] Bot31 executed ROTATE_RIGHT
[14:36:13.424] Bot31 moved forward to (2,2)
[14:36:13.424] Bot31 executed MOVE_FORWARD
[14:36:13.424] Starting turn for Bot29
[14:36:13.424] Starting turn for Bot31
[14:36:13.424] Bot31 rotated left to face EAST
[14:36:13.424] Bot31 executed ROTATE_LEFT
[14:36:13.424] Bot31 moved forward to (2,3)
[14:36:13.424] Bot31 executed MOVE_FORWARD
[14:36:13.425] Starting turn for Bot29
[14:36:13.425] Bot29 rotated left to face SOUTH
[14:36:13.425] Bot29 executed ROTATE_LEFT
[14:36:13.425] Bot29 rotated left to face EAST
[14:36:13.425] Bot29 executed ROTATE_LEFT
[14:36:13.425] Bot29 moved forward to (8,9)
[14:36:13.425] Bot29 executed MOVE_FORWARD
[14:36:13.425] Starting turn for Bot31
[14:36:13.425] Bot31 rotated right to face SOUTH
[14:36:13.425] Bot31 executed ROTATE_RIGHT
[14:36:13.425] Bot31 moved forward to (3,3)
[14:36:13.425] Bot31 executed MOVE_FORWARD
[14:36:13.425] Starting turn for Bot29
[14:36:13.425] Bot29 rotated left to face NORTH
[14:36:13.425] Bot29 executed ROTATE_LEFT
[14:36:13.425] Bot29 rotated left to face WEST
[14:36:13.425] Bot29 executed ROTATE_LEFT
[14:36:13.425] Bot29 moved forward to (8,8)
[14:36:13.425] Bot29 executed MOVE_FORWARD
[14:36:13.425] Starting turn for Bot31
[14:36:13.425] Bot31 rotated left to face EAST
[14:36:13.425] Bot31 executed ROTATE_LEFT
[14:36:13.425] Bot31 moved forward to (3,4)
[14:36:13.425] Bot31 executed MOVE_FORWARD
[14:36:13.425] Starting turn for Bot29
[14:36:13.425] Starting turn for Bot31
[14:36:13.425] Bot31 rotated right to face SOUTH
[14:36:13.425] Bot31 executed ROTATE_RIGHT
[14:36:13.425] Bot31 moved forward to (4,4)
[14:36:13.425] Bot31 executed MOVE_FORWARD
[14:36:13.425] Starting turn for Bot29
[14:36:13.425] Starting turn for Bot31
[14:36:13.425] Bot31 rotated left to face EAST
[14:36:13.425] Bot31 executed ROTATE_LEFT
[14:36:13.425] Bot31 moved forward to (4,5)
[14:36:13.425] Bot31 executed MOVE_FORWARD
[14:36:13.425] Starting turn for Bot29
[14:36:13.425] Bot29 rotated left to face SOUTH
[14:36:13.425] Bot29 executed ROTATE_LEFT
[14:36:13.425] Bot29 rotated left to face EAST
[14:36:13.425] Bot29 executed ROTATE_LEFT
[14:36:13.425] Bot29 moved forward to (8,9)
[14:36:13.425] Bot29 executed MOVE_FORWARD
[14:36:13.425] Starting turn for Bot31
[14:36:13.425] Bot31 rotated right to face SOUTH
[14:36:13.425] Bot31 executed ROTATE_RIGHT
[14:36:13.425] Starting turn for Bot29
[14:36:13.425] Bot29 rotated left to face NORTH
[14:36:13.425] Bot29 executed ROTATE_LEFT
[14:36:13.425] Bot29 rotated left to face WEST
[14:36:13.425] Bot29 executed ROTATE_LEFT
[14:36:13.425] Bot29 moved forward to (8,8)
[14:36:13.425] Bot29 executed MOVE_FORWARD
[14:36:13.425] Starting turn for Bot31
[14:36:13.425] Starting turn for Bot29
[14:36:13.425] Starting turn for Bot31
[14:36:13.425] Bot31 rotated left to face EAST
[14:36:13.425] Bot31 executed ROTATE_LEFT
[14:36:13.425] Bot31 rotated left to face NORTH
[14:36:13.425] Bot31 executed ROTATE_LEFT
[14:36:13.425] Bot31 moved forward to (3,5)
[14:36:13.425] Bot31 executed MOVE_FORWARD
[14:36:13.425] Starting turn for Bot29
[14:36:13.425] Starting turn for Bot31
[14:36:13.425] Bot31 rotated left to face WEST
[14:36:13.425] Bot31 executed ROTATE_LEFT
[14:36:13.425] Bot31 rotated left to face SOUTH
[14:36:13.425] Bot31 executed ROTATE_LEFT
[14:36:13.425] Bot31 moved forward to (4,5)
[14:36:13.425] Bot31 executed MOVE_FORWARD
[14:36:13.425] Starting turn for Bot29
[14:36:13.425] Bot29 rotated left to face SOUTH
[14:36:13.425] Bot29 executed ROTATE_LEFT
[14:36:13.425] Bot29 rotated left to face EAST
[14:36:13.425] Bot29 executed ROTATE_LEFT
[14:36:13.425] Bot29 moved forward to (8,9)
[14:36:13.425] Bot29 executed MOVE_FORWARD
[14:36:13.425] Starting turn for Bot31
[14:36:13.425] Starting turn for Bot29
[14:36:13.425] Bot29 rotated left to face NORTH
[14:36:13.425] Bot29 executed ROTATE_LEFT
[14:36:13.425] Bot29 rotated left to face WEST
[14:36:13.425] Bot29 executed ROTATE_LEFT
[14:36:13.425] Bot29 moved forward to (8,8)
[14:36:13.425] Bot29 executed MOVE_FORWARD
[14:36:13.425] Starting turn for Bot31
[14:36:13.425] Starting turn for Bot29
[14:36:13.425] Starting turn for Bot31
[14:36:13.425] Bot31 rotated left to face EAST
[14:36:13.425] Bot31 executed ROTATE_LEFT
[14:36:13.425] Bot31 rotated left to face NORTH
[14:36:13.425] Bot31 executed ROTATE_LEFT
[14:36:13.425] Bot31 moved forward to (3,5)
[14:36:13.425] Bot31 executed MOVE_FORWARD
[14:36:13.425] Starting turn for Bot29
[14:36:13.425] Starting turn for Bot31
[14:36:13.425] Bot31 rotated left to face WEST
[14:36:13.425] Bot31 executed ROTATE_LEFT
[14:36:13.425] Bot31 rotated left to face SOUTH
[14:36:13.425] Bot31 executed ROTATE_LEFT
[14:36:13.425] Bot31 moved forward to (4,5)
[14:36:13.425] Bot31 executed MOVE_FORWARD
[14:36:13.425] Starting turn for Bot29
[14:36:13.425] Bot29 rotated left to face SOUTH
[14:36:13.425] Bot29 executed ROTATE_LEFT
[14:36:13.425] Bot29 rotated left to face EAST
[14:36:13.425] Bot29 executed ROTATE_LEFT
[14:36:13.425] Bot29 moved forward to (8,9)
[14:36:13.425] Bot29 executed MOVE_FORWARD
[14:36:13.425] Starting turn for Bot31
[14:36:13.425] Starting turn for Bot29
[14:36:13.425] Bot29 rotated left to face NORTH
[14:36:13.425] Bot29 executed ROTATE_LEFT
[14:36:13.425] Bot29 rotated left to face WEST
[14:36:13.425] Bot29 executed ROTATE_LEFT
[14:36:13.425] Bot29 moved forward to (8,8)
[14:36:13.425] Bot29 executed MOVE_FORWARD
[14:36:13.425] Starting turn for Bot31
[14:36:13.425] Starting turn for Bot29
[14:36:13.425] Starting turn for Bot31
[14:36:13.425] Bot31 rotated left to face EAST
[14:36:13.425] Bot31 executed ROTATE_LEFT
[14:36:13.425] Bot31 rotated left to face NORTH
[14:36:13.425] Bot31 executed ROTATE_LEFT
[14:36:13.425] Bot31 moved forward to (3,5)
[14:36:13.425] Bot31 executed MOVE_FORWARD
[14:36:13.425] Starting turn for Bot29
[14:36:13.425] Starting turn for Bot31
[14:36:13.425] Bot31 rotated left to face WEST
[14:36:13.425] Bot31 executed ROTATE_LEFT
[14:36:13.425] Bot31 rotated left to face SOUTH
[14:36:13.425] Bot31 executed ROTATE_LEFT
[14:36:13.425] Bot31 moved forward to (4,5)
[14:36:13.425] Bot31 executed MOVE_FORWARD
[14:36:13.425] Starting turn for Bot29
[14:36:13.425] Stalemate detected: State repeated 10 times, unchanged for 1 turns
[14:36:13.425] Game Over! Stalemate detected!
[14:36:13.425] Stalemate detected: State repeated 10 times, unchanged for 1 turns
