[14:35:57.037] === Game Started at 2025-02-04_14-35-57 ===
[14:35:57.037] Game initialized with 2 players
[14:35:57.037] Board size: 10
[14:35:57.037] Obstacle density: 0.05
[14:35:57.037] Max turns: 1000
[14:35:57.037] Player Bot14 starting at position (0,0) facing EAST
[14:35:57.037] Player Bot11 starting at position (9,9) facing SOUTH
[14:35:57.037] Obstacles at positions: (1,3) (4,4) (5,4) (5,5) (8,4)
[14:35:57.037] Starting turn for Bot14
[14:35:57.037] Bot14 moved forward to (0,1)
[14:35:57.037] Bot14 executed MOVE_FORWARD
[14:35:57.037] Starting turn for Bot11
[14:35:57.037] Bot11 rotated right to face WEST
[14:35:57.037] Bot11 executed ROTATE_RIGHT
[14:35:57.037] Bot11 moved forward to (9,8)
[14:35:57.037] Bot11 executed MOVE_FORWARD
[14:35:57.037] Starting turn for Bot14
[14:35:57.037] Bot14 rotated right to face SOUTH
[14:35:57.037] Bot14 executed ROTATE_RIGHT
[14:35:57.037] Bot14 moved forward to (1,1)
[14:35:57.037] Bot14 executed MOVE_FORWARD
[14:35:57.037] Starting turn for Bot11
[14:35:57.037] Bot11 rotated right to face NORTH
[14:35:57.037] Bot11 executed ROTATE_RIGHT
[14:35:57.037] Bot11 moved forward to (8,8)
[14:35:57.037] Bot11 executed MOVE_FORWARD
[14:35:57.037] Starting turn for Bot14
[14:35:57.037] Bot14 rotated left to face EAST
[14:35:57.037] Bot14 executed ROTATE_LEFT
[14:35:57.037] Bot14 moved forward to (1,2)
[14:35:57.037] Bot14 executed MOVE_FORWARD
[14:35:57.037] Starting turn for Bot11
[14:35:57.037] Bot11 rotated left to face WEST
[14:35:57.037] Bot11 executed ROTATE_LEFT
[14:35:57.037] Bot11 moved forward to (8,7)
[14:35:57.037] Bot11 executed MOVE_FORWARD
[14:35:57.037] Starting turn for Bot14
[14:35:57.037] Bot14 rotated right to face SOUTH
[14:35:57.037] Bot14 executed ROTATE_RIGHT
[14:35:57.037] Bot14 moved forward to (2,2)
[14:35:57.037] Bot14 executed MOVE_FORWARD
[14:35:57.037] Starting turn for Bot11
[14:35:57.037] Bot11 rotated right to face NORTH
[14:35:57.037] Bot11 executed ROTATE_RIGHT
[14:35:57.037] Bot11 moved forward to (7,7)
[14:35:57.037] Bot11 executed MOVE_FORWARD
[14:35:57.037] Starting turn for Bot14
[14:35:57.037] Bot14 rotated left to face EAST
[14:35:57.037] Bot14 executed ROTATE_LEFT
[14:35:57.037] Bot14 moved forward to (2,3)
[14:35:57.037] Bot14 executed MOVE_FORWARD
[14:35:57.037] Starting turn for Bot11
[14:35:57.037] Bot11 rotated left to face WEST
[14:35:57.037] Bot11 executed ROTATE_LEFT
[14:35:57.037] Bot11 moved forward to (7,6)
[14:35:57.037] Bot11 executed MOVE_FORWARD
[14:35:57.037] Starting turn for Bot14
[14:35:57.037] Bot14 rotated right to face SOUTH
[14:35:57.037] Bot14 executed ROTATE_RIGHT
[14:35:57.037] Bot14 moved forward to (3,3)
[14:35:57.037] Bot14 executed MOVE_FORWARD
[14:35:57.037] Starting turn for Bot11
[14:35:57.037] Bot11 rotated right to face NORTH
[14:35:57.037] Bot11 executed ROTATE_RIGHT
[14:35:57.037] Bot11 moved forward to (6,6)
[14:35:57.037] Bot11 executed MOVE_FORWARD
[14:35:57.037] Starting turn for Bot14
[14:35:57.037] Bot14 rotated left to face EAST
[14:35:57.037] Bot14 executed ROTATE_LEFT
[14:35:57.037] Bot14 moved forward to (3,4)
[14:35:57.037] Bot14 executed MOVE_FORWARD
[14:35:57.037] Starting turn for Bot11
[14:35:57.037] Bot11 rotated left to face WEST
[14:35:57.037] Bot11 executed ROTATE_LEFT
[14:35:57.037] Bot11 moved forward to (6,5)
[14:35:57.037] Bot11 executed MOVE_FORWARD
[14:35:57.037] Starting turn for Bot14
[14:35:57.037] Bot14 rotated right to face SOUTH
[14:35:57.037] Bot14 executed ROTATE_RIGHT
[14:35:57.037] Starting turn for Bot11
[14:35:57.037] Bot11 rotated right to face NORTH
[14:35:57.037] Bot11 executed ROTATE_RIGHT
[14:35:57.037] Starting turn for Bot14
[14:35:57.037] Starting turn for Bot11
[14:35:57.037] Starting turn for Bot14
[14:35:57.037] Bot14 rotated left to face EAST
[14:35:57.037] Bot14 executed ROTATE_LEFT
[14:35:57.037] Bot14 rotated left to face NORTH
[14:35:57.037] Bot14 executed ROTATE_LEFT
[14:35:57.037] Bot14 moved forward to (2,4)
[14:35:57.037] Bot14 executed MOVE_FORWARD
[14:35:57.037] Starting turn for Bot11
[14:35:57.037] Bot11 rotated right to face EAST
[14:35:57.037] Bot11 executed ROTATE_RIGHT
[14:35:57.037] Bot11 moved forward to (6,6)
[14:35:57.037] Bot11 executed MOVE_FORWARD
[14:35:57.037] Starting turn for Bot14
[14:35:57.037] Bot14 rotated left to face WEST
[14:35:57.037] Bot14 executed ROTATE_LEFT
[14:35:57.037] Bot14 rotated left to face SOUTH
[14:35:57.037] Bot14 executed ROTATE_LEFT
[14:35:57.037] Bot14 moved forward to (3,4)
[14:35:57.037] Bot14 executed MOVE_FORWARD
[14:35:57.037] Starting turn for Bot11
[14:35:57.037] Bot11 rotated left to face NORTH
[14:35:57.037] Bot11 executed ROTATE_LEFT
[14:35:57.037] Bot11 rotated left to face WEST
[14:35:57.038] Bot11 executed ROTATE_LEFT
[14:35:57.038] Bot11 moved forward to (6,5)
[14:35:57.038] Bot11 executed MOVE_FORWARD
[14:35:57.038] Starting turn for Bot14
[14:35:57.038] Starting turn for Bot11
[14:35:57.038] Bot11 rotated right to face NORTH
[14:35:57.038] Bot11 executed ROTATE_RIGHT
[14:35:57.038] Starting turn for Bot14
[14:35:57.038] Starting turn for Bot11
[14:35:57.038] Starting turn for Bot14
[14:35:57.038] Bot14 rotated left to face EAST
[14:35:57.038] Bot14 executed ROTATE_LEFT
[14:35:57.038] Bot14 rotated left to face NORTH
[14:35:57.038] Bot14 executed ROTATE_LEFT
[14:35:57.038] Bot14 moved forward to (2,4)
[14:35:57.038] Bot14 executed MOVE_FORWARD
[14:35:57.038] Starting turn for Bot11
[14:35:57.038] Bot11 rotated right to face EAST
[14:35:57.038] Bot11 executed ROTATE_RIGHT
[14:35:57.038] Bot11 moved forward to (6,6)
[14:35:57.038] Bot11 executed MOVE_FORWARD
[14:35:57.038] Starting turn for Bot14
[14:35:57.038] Bot14 rotated left to face WEST
[14:35:57.038] Bot14 executed ROTATE_LEFT
[14:35:57.038] Bot14 rotated left to face SOUTH
[14:35:57.038] Bot14 executed ROTATE_LEFT
[14:35:57.038] Bot14 moved forward to (3,4)
[14:35:57.038] Bot14 executed MOVE_FORWARD
[14:35:57.038] Starting turn for Bot11
[14:35:57.038] Bot11 rotated left to face NORTH
[14:35:57.038] Bot11 executed ROTATE_LEFT
[14:35:57.038] Bot11 rotated left to face WEST
[14:35:57.038] Bot11 executed ROTATE_LEFT
[14:35:57.038] Bot11 moved forward to (6,5)
[14:35:57.038] Bot11 executed MOVE_FORWARD
[14:35:57.038] Starting turn for Bot14
[14:35:57.038] Starting turn for Bot11
[14:35:57.038] Bot11 rotated right to face NORTH
[14:35:57.038] Bot11 executed ROTATE_RIGHT
[14:35:57.038] Starting turn for Bot14
[14:35:57.038] Starting turn for Bot11
[14:35:57.038] Starting turn for Bot14
[14:35:57.038] Bot14 rotated left to face EAST
[14:35:57.038] Bot14 executed ROTATE_LEFT
[14:35:57.038] Bot14 rotated left to face NORTH
[14:35:57.038] Bot14 executed ROTATE_LEFT
[14:35:57.038] Bot14 moved forward to (2,4)
[14:35:57.038] Bot14 executed MOVE_FORWARD
[14:35:57.038] Starting turn for Bot11
[14:35:57.038] Bot11 rotated right to face EAST
[14:35:57.038] Bot11 executed ROTATE_RIGHT
[14:35:57.038] Bot11 moved forward to (6,6)
[14:35:57.038] Bot11 executed MOVE_FORWARD
[14:35:57.038] Starting turn for Bot14
[14:35:57.038] Bot14 rotated left to face WEST
[14:35:57.038] Bot14 executed ROTATE_LEFT
[14:35:57.038] Bot14 rotated left to face SOUTH
[14:35:57.038] Bot14 executed ROTATE_LEFT
[14:35:57.038] Bot14 moved forward to (3,4)
[14:35:57.038] Bot14 executed MOVE_FORWARD
[14:35:57.038] Starting turn for Bot11
[14:35:57.038] Bot11 rotated left to face NORTH
[14:35:57.038] Bot11 executed ROTATE_LEFT
[14:35:57.038] Bot11 rotated left to face WEST
[14:35:57.038] Bot11 executed ROTATE_LEFT
[14:35:57.038] Bot11 moved forward to (6,5)
[14:35:57.038] Bot11 executed MOVE_FORWARD
[14:35:57.038] Starting turn for Bot14
[14:35:57.038] Starting turn for Bot11
[14:35:57.038] Bot11 rotated right to face NORTH
[14:35:57.038] Bot11 executed ROTATE_RIGHT
[14:35:57.038] Starting turn for Bot14
[14:35:57.038] Stalemate detected: State repeated 10 times, unchanged for 3 turns
[14:35:57.038] Game Over! Stalemate detected!
[14:35:57.038] Stalemate detected: State repeated 10 times, unchanged for 3 turns
