[14:35:43.188] === Game Started at 2025-02-04_14-35-43 ===
[14:35:43.188] Game initialized with 2 players
[14:35:43.188] Board size: 10
[14:35:43.188] Obstacle density: 0.05
[14:35:43.188] Max turns: 1000
[14:35:43.188] Player Bot6 starting at position (0,0) facing SOUTH
[14:35:43.188] Player Bot3 starting at position (9,9) facing SOUTH
[14:35:43.188] Obstacles at positions: (0,4) (1,2) (5,8) (7,7) (8,5)
[14:35:43.188] Starting turn for Bot6
[14:35:43.188] Bot6 rotated left to face EAST
[14:35:43.188] Bot6 executed ROTATE_LEFT
[14:35:43.188] Bot6 moved forward to (0,1)
[14:35:43.188] Bot6 executed MOVE_FORWARD
[14:35:43.188] Starting turn for Bot3
[14:35:43.188] Bot3 rotated right to face WEST
[14:35:43.188] Bot3 executed ROTATE_RIGHT
[14:35:43.188] Bot3 moved forward to (9,8)
[14:35:43.188] Bot3 executed MOVE_FORWARD
[14:35:43.188] Starting turn for Bot6
[14:35:43.188] Bot6 rotated right to face SOUTH
[14:35:43.188] Bot6 executed ROTATE_RIGHT
[14:35:43.188] Bot6 moved forward to (1,1)
[14:35:43.188] Bot6 executed MOVE_FORWARD
[14:35:43.188] Starting turn for Bot3
[14:35:43.188] Bot3 rotated right to face NORTH
[14:35:43.188] Bot3 executed ROTATE_RIGHT
[14:35:43.188] Bot3 moved forward to (8,8)
[14:35:43.188] Bot3 executed MOVE_FORWARD
[14:35:43.188] Starting turn for Bot6
[14:35:43.188] Bot6 rotated left to face EAST
[14:35:43.188] Bot6 executed ROTATE_LEFT
[14:35:43.188] Starting turn for Bot3
[14:35:43.188] Bot3 rotated left to face WEST
[14:35:43.188] Bot3 executed ROTATE_LEFT
[14:35:43.188] Bot3 moved forward to (8,7)
[14:35:43.188] Bot3 executed MOVE_FORWARD
[14:35:43.188] Starting turn for Bot6
[14:35:43.188] Starting turn for Bot3
[14:35:43.188] Bot3 rotated right to face NORTH
[14:35:43.188] Bot3 executed ROTATE_RIGHT
[14:35:43.188] Starting turn for Bot6
[14:35:43.188] Bot6 rotated left to face NORTH
[14:35:43.188] Bot6 executed ROTATE_LEFT
[14:35:43.188] Bot6 moved forward to (0,1)
[14:35:43.188] Bot6 executed MOVE_FORWARD
[14:35:43.188] Starting turn for Bot3
[14:35:43.188] Starting turn for Bot6
[14:35:43.188] Bot6 rotated left to face WEST
[14:35:43.188] Bot6 executed ROTATE_LEFT
[14:35:43.188] Bot6 rotated left to face SOUTH
[14:35:43.188] Bot6 executed ROTATE_LEFT
[14:35:43.188] Bot6 moved forward to (1,1)
[14:35:43.188] Bot6 executed MOVE_FORWARD
[14:35:43.188] Starting turn for Bot3
[14:35:43.188] Bot3 rotated right to face EAST
[14:35:43.188] Bot3 executed ROTATE_RIGHT
[14:35:43.188] Bot3 moved forward to (8,8)
[14:35:43.188] Bot3 executed MOVE_FORWARD
[14:35:43.188] Starting turn for Bot6
[14:35:43.188] Bot6 rotated left to face EAST
[14:35:43.188] Bot6 executed ROTATE_LEFT
[14:35:43.188] Starting turn for Bot3
[14:35:43.188] Bot3 rotated left to face NORTH
[14:35:43.188] Bot3 executed ROTATE_LEFT
[14:35:43.188] Bot3 rotated left to face WEST
[14:35:43.188] Bot3 executed ROTATE_LEFT
[14:35:43.188] Bot3 moved forward to (8,7)
[14:35:43.188] Bot3 executed MOVE_FORWARD
[14:35:43.188] Starting turn for Bot6
[14:35:43.188] Starting turn for Bot3
[14:35:43.188] Bot3 rotated right to face NORTH
[14:35:43.188] Bot3 executed ROTATE_RIGHT
[14:35:43.188] Starting turn for Bot6
[14:35:43.188] Bot6 rotated left to face NORTH
[14:35:43.188] Bot6 executed ROTATE_LEFT
[14:35:43.188] Bot6 moved forward to (0,1)
[14:35:43.188] Bot6 executed MOVE_FORWARD
[14:35:43.188] Starting turn for Bot3
[14:35:43.188] Starting turn for Bot6
[14:35:43.188] Bot6 rotated left to face WEST
[14:35:43.188] Bot6 executed ROTATE_LEFT
[14:35:43.188] Bot6 rotated left to face SOUTH
[14:35:43.188] Bot6 executed ROTATE_LEFT
[14:35:43.188] Bot6 moved forward to (1,1)
[14:35:43.188] Bot6 executed MOVE_FORWARD
[14:35:43.188] Starting turn for Bot3
[14:35:43.188] Bot3 rotated right to face EAST
[14:35:43.188] Bot3 executed ROTATE_RIGHT
[14:35:43.188] Bot3 moved forward to (8,8)
[14:35:43.188] Bot3 executed MOVE_FORWARD
[14:35:43.188] Starting turn for Bot6
[14:35:43.188] Bot6 rotated left to face EAST
[14:35:43.188] Bot6 executed ROTATE_LEFT
[14:35:43.188] Starting turn for Bot3
[14:35:43.188] Bot3 rotated left to face NORTH
[14:35:43.188] Bot3 executed ROTATE_LEFT
[14:35:43.188] Bot3 rotated left to face WEST
[14:35:43.188] Bot3 executed ROTATE_LEFT
[14:35:43.188] Bot3 moved forward to (8,7)
[14:35:43.188] Bot3 executed MOVE_FORWARD
[14:35:43.188] Starting turn for Bot6
[14:35:43.188] Starting turn for Bot3
[14:35:43.188] Bot3 rotated right to face NORTH
[14:35:43.188] Bot3 executed ROTATE_RIGHT
[14:35:43.188] Starting turn for Bot6
[14:35:43.188] Bot6 rotated left to face NORTH
[14:35:43.188] Bot6 executed ROTATE_LEFT
[14:35:43.188] Bot6 moved forward to (0,1)
[14:35:43.188] Bot6 executed MOVE_FORWARD
[14:35:43.188] Starting turn for Bot3
[14:35:43.188] Starting turn for Bot6
[14:35:43.188] Bot6 rotated left to face WEST
[14:35:43.188] Bot6 executed ROTATE_LEFT
[14:35:43.188] Bot6 rotated left to face SOUTH
[14:35:43.188] Bot6 executed ROTATE_LEFT
[14:35:43.188] Bot6 moved forward to (1,1)
[14:35:43.188] Bot6 executed MOVE_FORWARD
[14:35:43.188] Starting turn for Bot3
[14:35:43.188] Bot3 rotated right to face EAST
[14:35:43.188] Bot3 executed ROTATE_RIGHT
[14:35:43.188] Bot3 moved forward to (8,8)
[14:35:43.188] Bot3 executed MOVE_FORWARD
[14:35:43.188] Starting turn for Bot6
[14:35:43.188] Bot6 rotated left to face EAST
[14:35:43.188] Bot6 executed ROTATE_LEFT
[14:35:43.188] Starting turn for Bot3
[14:35:43.188] Bot3 rotated left to face NORTH
[14:35:43.188] Bot3 executed ROTATE_LEFT
[14:35:43.188] Bot3 rotated left to face WEST
[14:35:43.188] Bot3 executed ROTATE_LEFT
[14:35:43.188] Bot3 moved forward to (8,7)
[14:35:43.188] Bot3 executed MOVE_FORWARD
[14:35:43.188] Starting turn for Bot6
[14:35:43.188] Starting turn for Bot3
[14:35:43.188] Bot3 rotated right to face NORTH
[14:35:43.188] Bot3 executed ROTATE_RIGHT
[14:35:43.188] Starting turn for Bot6
[14:35:43.188] Bot6 rotated left to face NORTH
[14:35:43.188] Bot6 executed ROTATE_LEFT
[14:35:43.188] Bot6 moved forward to (0,1)
[14:35:43.188] Bot6 executed MOVE_FORWARD
[14:35:43.188] Starting turn for Bot3
[14:35:43.188] Starting turn for Bot6
[14:35:43.188] Bot6 rotated left to face WEST
[14:35:43.188] Bot6 executed ROTATE_LEFT
[14:35:43.188] Bot6 rotated left to face SOUTH
[14:35:43.188] Bot6 executed ROTATE_LEFT
[14:35:43.188] Bot6 moved forward to (1,1)
[14:35:43.188] Bot6 executed MOVE_FORWARD
[14:35:43.188] Starting turn for Bot3
[14:35:43.188] Bot3 rotated right to face EAST
[14:35:43.188] Bot3 executed ROTATE_RIGHT
[14:35:43.188] Bot3 moved forward to (8,8)
[14:35:43.188] Bot3 executed MOVE_FORWARD
[14:35:43.188] Starting turn for Bot6
[14:35:43.188] Bot6 rotated left to face EAST
[14:35:43.188] Bot6 executed ROTATE_LEFT
[14:35:43.188] Starting turn for Bot3
[14:35:43.188] Bot3 rotated left to face NORTH
[14:35:43.188] Bot3 executed ROTATE_LEFT
[14:35:43.188] Bot3 rotated left to face WEST
[14:35:43.188] Bot3 executed ROTATE_LEFT
[14:35:43.188] Bot3 moved forward to (8,7)
[14:35:43.188] Bot3 executed MOVE_FORWARD
[14:35:43.188] Starting turn for Bot6
[14:35:43.188] Starting turn for Bot3
[14:35:43.188] Stalemate detected: State repeated 10 times, unchanged for 2 turns
[14:35:43.188] Game Over! Stalemate detected!
[14:35:43.188] Stalemate detected: State repeated 10 times, unchanged for 2 turns
