[14:36:00.129] === Game Started at 2025-02-04_14-36-00 ===
[14:36:00.129] Game initialized with 2 players
[14:36:00.129] Board size: 10
[14:36:00.129] Obstacle density: 0.05
[14:36:00.129] Max turns: 1000
[14:36:00.129] Player Bot32 starting at position (0,0) facing EAST
[14:36:00.129] Player Bot13 starting at position (9,9) facing SOUTH
[14:36:00.129] Obstacles at positions: (0,7) (1,1) (1,8) (4,0) (7,9)
[14:36:00.129] Starting turn for Bot32
[14:36:00.129] Bot32 moved forward to (0,1)
[14:36:00.129] Bot32 executed MOVE_FORWARD
[14:36:00.129] Starting turn for Bot13
[14:36:00.129] Bot13 rotated right to face WEST
[14:36:00.129] Bot13 executed ROTATE_RIGHT
[14:36:00.129] Bot13 moved forward to (9,8)
[14:36:00.129] Bot13 executed MOVE_FORWARD
[14:36:00.129] Starting turn for Bot32
[14:36:00.129] Bot32 rotated right to face SOUTH
[14:36:00.129] Bot32 executed ROTATE_RIGHT
[14:36:00.129] Starting turn for Bot13
[14:36:00.129] Bot13 rotated right to face NORTH
[14:36:00.129] Bot13 executed ROTATE_RIGHT
[14:36:00.129] Bot13 moved forward to (8,8)
[14:36:00.129] Bot13 executed MOVE_FORWARD
[14:36:00.129] Starting turn for Bot32
[14:36:00.129] Starting turn for Bot13
[14:36:00.129] Bot13 rotated left to face WEST
[14:36:00.129] Bot13 executed ROTATE_LEFT
[14:36:00.129] Bot13 moved forward to (8,7)
[14:36:00.129] Bot13 executed MOVE_FORWARD
[14:36:00.129] Starting turn for Bot32
[14:36:00.129] Bot32 rotated left to face EAST
[14:36:00.129] Bot32 executed ROTATE_LEFT
[14:36:00.129] Bot32 moved forward to (0,2)
[14:36:00.129] Bot32 executed MOVE_FORWARD
[14:36:00.129] Starting turn for Bot13
[14:36:00.129] Bot13 rotated right to face NORTH
[14:36:00.129] Bot13 executed ROTATE_RIGHT
[14:36:00.129] Bot13 moved forward to (7,7)
[14:36:00.129] Bot13 executed MOVE_FORWARD
[14:36:00.129] Starting turn for Bot32
[14:36:00.129] Bot32 rotated right to face SOUTH
[14:36:00.129] Bot32 executed ROTATE_RIGHT
[14:36:00.129] Bot32 moved forward to (1,2)
[14:36:00.129] Bot32 executed MOVE_FORWARD
[14:36:00.129] Starting turn for Bot13
[14:36:00.129] Bot13 rotated left to face WEST
[14:36:00.129] Bot13 executed ROTATE_LEFT
[14:36:00.129] Bot13 moved forward to (7,6)
[14:36:00.129] Bot13 executed MOVE_FORWARD
[14:36:00.129] Starting turn for Bot32
[14:36:00.129] Bot32 moved forward to (2,2)
[14:36:00.129] Bot32 executed MOVE_FORWARD
[14:36:00.129] Starting turn for Bot13
[14:36:00.129] Bot13 rotated right to face NORTH
[14:36:00.129] Bot13 executed ROTATE_RIGHT
[14:36:00.129] Bot13 moved forward to (6,6)
[14:36:00.129] Bot13 executed MOVE_FORWARD
[14:36:00.129] Starting turn for Bot32
[14:36:00.129] Bot32 rotated left to face EAST
[14:36:00.129] Bot32 executed ROTATE_LEFT
[14:36:00.129] Bot32 moved forward to (2,3)
[14:36:00.129] Bot32 executed MOVE_FORWARD
[14:36:00.129] Starting turn for Bot13
[14:36:00.129] Bot13 rotated left to face WEST
[14:36:00.129] Bot13 executed ROTATE_LEFT
[14:36:00.129] Bot13 moved forward to (6,5)
[14:36:00.129] Bot13 executed MOVE_FORWARD
[14:36:00.129] Starting turn for Bot32
[14:36:00.129] Bot32 rotated right to face SOUTH
[14:36:00.129] Bot32 executed ROTATE_RIGHT
[14:36:00.129] Bot32 moved forward to (3,3)
[14:36:00.129] Bot32 executed MOVE_FORWARD
[14:36:00.129] Starting turn for Bot13
[14:36:00.129] Bot13 rotated right to face NORTH
[14:36:00.129] Bot13 executed ROTATE_RIGHT
[14:36:00.129] Bot13 moved forward to (5,5)
[14:36:00.129] Bot13 executed MOVE_FORWARD
[14:36:00.129] Starting turn for Bot32
[14:36:00.129] Bot32 rotated left to face EAST
[14:36:00.129] Bot32 executed ROTATE_LEFT
[14:36:00.129] Bot32 moved forward to (3,4)
[14:36:00.129] Bot32 executed MOVE_FORWARD
[14:36:00.129] Starting turn for Bot13
[14:36:00.129] Starting turn for Bot32
[14:36:00.129] Bot32 rotated right to face SOUTH
[14:36:00.129] Bot32 executed ROTATE_RIGHT
[14:36:00.129] Bot32 moved forward to (4,4)
[14:36:00.129] Bot32 executed MOVE_FORWARD
[14:36:00.129] Starting turn for Bot13
[14:36:00.129] Starting turn for Bot32
[14:36:00.129] Bot32 rotated left to face EAST
[14:36:00.129] Bot32 executed ROTATE_LEFT
[14:36:00.129] Bot32 moved forward to (4,5)
[14:36:00.129] Bot32 executed MOVE_FORWARD
[14:36:00.129] Starting turn for Bot13
[14:36:00.129] Bot13 shooting in direction NORTH
[14:36:00.129] Bot13 hit Bot32 for 25 damage (health: 100 -> 75)
[14:36:00.129] Bot13 executed SHOOT
[14:36:00.129] Starting turn for Bot32
[14:36:00.129] Bot32 rotated right to face SOUTH
[14:36:00.129] Bot32 executed ROTATE_RIGHT
[14:36:00.129] Starting turn for Bot13
[14:36:00.130] Bot13 shooting in direction NORTH
[14:36:00.130] Bot13 hit Bot32 for 25 damage (health: 75 -> 50)
[14:36:00.130] Bot13 executed SHOOT
[14:36:00.130] Starting turn for Bot32
[14:36:00.130] Bot32 shooting in direction SOUTH
[14:36:00.130] Bot32 hit Bot13 for 25 damage (health: 100 -> 75)
[14:36:00.130] Bot32 executed SHOOT
[14:36:00.130] Starting turn for Bot13
[14:36:00.130] Bot13 shooting in direction NORTH
[14:36:00.130] Bot13 hit Bot32 for 25 damage (health: 50 -> 25)
[14:36:00.130] Bot13 executed SHOOT
[14:36:00.130] Starting turn for Bot32
[14:36:00.130] Bot32 shooting in direction SOUTH
[14:36:00.130] Bot32 hit Bot13 for 25 damage (health: 75 -> 50)
[14:36:00.130] Bot32 executed SHOOT
[14:36:00.130] Starting turn for Bot13
[14:36:00.130] Bot13 shooting in direction NORTH
[14:36:00.130] Bot13 hit Bot32 for 25 damage (health: 25 -> 0)
[14:36:00.130] Bot32 was destroyed!
[14:36:00.130] Bot13 is the last tank standing!
[14:36:00.130] Bot13 executed SHOOT
[14:36:00.130] Game Over! Bot13 wins!
[14:36:00.130] === Game Ended ===
