[14:35:49.635] === Game Started at 2025-02-04_14-35-49 ===
[14:35:49.635] Game initialized with 2 players
[14:35:49.635] Board size: 10
[14:35:49.635] Obstacle density: 0.05
[14:35:49.635] Max turns: 1000
[14:35:49.635] Player Bot6 starting at position (0,0) facing NORTH
[14:35:49.635] Player Bot17 starting at position (9,9) facing SOUTH
[14:35:49.635] Obstacles at positions: (1,4) (3,0) (4,4) (6,2) (8,8)
[14:35:49.635] Starting turn for Bot6
[14:35:49.635] Bot6 rotated right to face EAST
[14:35:49.635] Bot6 executed ROTATE_RIGHT
[14:35:49.635] Bot6 moved forward to (0,1)
[14:35:49.635] Bot6 executed MOVE_FORWARD
[14:35:49.635] Starting turn for Bot17
[14:35:49.635] Bot17 rotated right to face WEST
[14:35:49.635] Bot17 executed ROTATE_RIGHT
[14:35:49.635] Bot17 moved forward to (9,8)
[14:35:49.635] Bot17 executed MOVE_FORWARD
[14:35:49.635] Starting turn for Bot6
[14:35:49.635] Bot6 rotated right to face SOUTH
[14:35:49.635] Bot6 executed ROTATE_RIGHT
[14:35:49.635] Bot6 moved forward to (1,1)
[14:35:49.635] Bot6 executed MOVE_FORWARD
[14:35:49.635] Starting turn for Bot17
[14:35:49.635] Bot17 rotated right to face NORTH
[14:35:49.635] Bot17 executed ROTATE_RIGHT
[14:35:49.635] Starting turn for Bot6
[14:35:49.635] Bot6 rotated left to face EAST
[14:35:49.635] Bot6 executed ROTATE_LEFT
[14:35:49.635] Bot6 moved forward to (1,2)
[14:35:49.635] Bot6 executed MOVE_FORWARD
[14:35:49.635] Starting turn for Bot17
[14:35:49.635] Starting turn for Bot6
[14:35:49.635] Bot6 rotated right to face SOUTH
[14:35:49.635] Bot6 executed ROTATE_RIGHT
[14:35:49.635] Bot6 moved forward to (2,2)
[14:35:49.635] Bot6 executed MOVE_FORWARD
[14:35:49.635] Starting turn for Bot17
[14:35:49.635] Bot17 rotated right to face EAST
[14:35:49.635] Bot17 executed ROTATE_RIGHT
[14:35:49.635] Bot17 moved forward to (9,9)
[14:35:49.635] Bot17 executed MOVE_FORWARD
[14:35:49.635] Starting turn for Bot6
[14:35:49.635] Bot6 rotated left to face EAST
[14:35:49.635] Bot6 executed ROTATE_LEFT
[14:35:49.635] Bot6 moved forward to (2,3)
[14:35:49.635] Bot6 executed MOVE_FORWARD
[14:35:49.635] Starting turn for Bot17
[14:35:49.635] Bot17 rotated left to face NORTH
[14:35:49.635] Bot17 executed ROTATE_LEFT
[14:35:49.635] Bot17 rotated left to face WEST
[14:35:49.635] Bot17 executed ROTATE_LEFT
[14:35:49.635] Bot17 moved forward to (9,8)
[14:35:49.635] Bot17 executed MOVE_FORWARD
[14:35:49.635] Starting turn for Bot6
[14:35:49.635] Bot6 rotated right to face SOUTH
[14:35:49.635] Bot6 executed ROTATE_RIGHT
[14:35:49.635] Bot6 moved forward to (3,3)
[14:35:49.635] Bot6 executed MOVE_FORWARD
[14:35:49.635] Starting turn for Bot17
[14:35:49.635] Bot17 rotated right to face NORTH
[14:35:49.635] Bot17 executed ROTATE_RIGHT
[14:35:49.635] Starting turn for Bot6
[14:35:49.635] Bot6 rotated left to face EAST
[14:35:49.635] Bot6 executed ROTATE_LEFT
[14:35:49.635] Bot6 moved forward to (3,4)
[14:35:49.635] Bot6 executed MOVE_FORWARD
[14:35:49.635] Starting turn for Bot17
[14:35:49.635] Starting turn for Bot6
[14:35:49.635] Bot6 rotated right to face SOUTH
[14:35:49.635] Bot6 executed ROTATE_RIGHT
[14:35:49.635] Starting turn for Bot17
[14:35:49.635] Bot17 rotated right to face EAST
[14:35:49.635] Bot17 executed ROTATE_RIGHT
[14:35:49.635] Bot17 moved forward to (9,9)
[14:35:49.635] Bot17 executed MOVE_FORWARD
[14:35:49.635] Starting turn for Bot6
[14:35:49.635] Starting turn for Bot17
[14:35:49.635] Bot17 rotated left to face NORTH
[14:35:49.635] Bot17 executed ROTATE_LEFT
[14:35:49.635] Bot17 rotated left to face WEST
[14:35:49.635] Bot17 executed ROTATE_LEFT
[14:35:49.635] Bot17 moved forward to (9,8)
[14:35:49.635] Bot17 executed MOVE_FORWARD
[14:35:49.635] Starting turn for Bot6
[14:35:49.635] Bot6 rotated left to face EAST
[14:35:49.635] Bot6 executed ROTATE_LEFT
[14:35:49.635] Bot6 rotated left to face NORTH
[14:35:49.635] Bot6 executed ROTATE_LEFT
[14:35:49.635] Bot6 moved forward to (2,4)
[14:35:49.635] Bot6 executed MOVE_FORWARD
[14:35:49.635] Starting turn for Bot17
[14:35:49.635] Bot17 rotated right to face NORTH
[14:35:49.635] Bot17 executed ROTATE_RIGHT
[14:35:49.635] Starting turn for Bot6
[14:35:49.635] Bot6 rotated left to face WEST
[14:35:49.635] Bot6 executed ROTATE_LEFT
[14:35:49.635] Bot6 rotated left to face SOUTH
[14:35:49.635] Bot6 executed ROTATE_LEFT
[14:35:49.635] Bot6 moved forward to (3,4)
[14:35:49.635] Bot6 executed MOVE_FORWARD
[14:35:49.635] Starting turn for Bot17
[14:35:49.635] Starting turn for Bot6
[14:35:49.635] Starting turn for Bot17
[14:35:49.635] Bot17 rotated right to face EAST
[14:35:49.635] Bot17 executed ROTATE_RIGHT
[14:35:49.635] Bot17 moved forward to (9,9)
[14:35:49.635] Bot17 executed MOVE_FORWARD
[14:35:49.635] Starting turn for Bot6
[14:35:49.635] Starting turn for Bot17
[14:35:49.635] Bot17 rotated left to face NORTH
[14:35:49.635] Bot17 executed ROTATE_LEFT
[14:35:49.635] Bot17 rotated left to face WEST
[14:35:49.635] Bot17 executed ROTATE_LEFT
[14:35:49.635] Bot17 moved forward to (9,8)
[14:35:49.635] Bot17 executed MOVE_FORWARD
[14:35:49.635] Starting turn for Bot6
[14:35:49.635] Bot6 rotated left to face EAST
[14:35:49.635] Bot6 executed ROTATE_LEFT
[14:35:49.635] Bot6 rotated left to face NORTH
[14:35:49.635] Bot6 executed ROTATE_LEFT
[14:35:49.635] Bot6 moved forward to (2,4)
[14:35:49.635] Bot6 executed MOVE_FORWARD
[14:35:49.635] Starting turn for Bot17
[14:35:49.635] Bot17 rotated right to face NORTH
[14:35:49.635] Bot17 executed ROTATE_RIGHT
[14:35:49.635] Starting turn for Bot6
[14:35:49.635] Bot6 rotated left to face WEST
[14:35:49.635] Bot6 executed ROTATE_LEFT
[14:35:49.635] Bot6 rotated left to face SOUTH
[14:35:49.635] Bot6 executed ROTATE_LEFT
[14:35:49.635] Bot6 moved forward to (3,4)
[14:35:49.635] Bot6 executed MOVE_FORWARD
[14:35:49.635] Starting turn for Bot17
[14:35:49.635] Starting turn for Bot6
[14:35:49.635] Starting turn for Bot17
[14:35:49.635] Bot17 rotated right to face EAST
[14:35:49.635] Bot17 executed ROTATE_RIGHT
[14:35:49.635] Bot17 moved forward to (9,9)
[14:35:49.635] Bot17 executed MOVE_FORWARD
[14:35:49.635] Starting turn for Bot6
[14:35:49.635] Starting turn for Bot17
[14:35:49.635] Bot17 rotated left to face NORTH
[14:35:49.635] Bot17 executed ROTATE_LEFT
[14:35:49.635] Bot17 rotated left to face WEST
[14:35:49.635] Bot17 executed ROTATE_LEFT
[14:35:49.635] Bot17 moved forward to (9,8)
[14:35:49.635] Bot17 executed MOVE_FORWARD
[14:35:49.635] Starting turn for Bot6
[14:35:49.635] Bot6 rotated left to face EAST
[14:35:49.635] Bot6 executed ROTATE_LEFT
[14:35:49.635] Bot6 rotated left to face NORTH
[14:35:49.635] Bot6 executed ROTATE_LEFT
[14:35:49.635] Bot6 moved forward to (2,4)
[14:35:49.636] Bot6 executed MOVE_FORWARD
[14:35:49.636] Starting turn for Bot17
[14:35:49.636] Bot17 rotated right to face NORTH
[14:35:49.636] Bot17 executed ROTATE_RIGHT
[14:35:49.636] Starting turn for Bot6
[14:35:49.636] Bot6 rotated left to face WEST
[14:35:49.636] Bot6 executed ROTATE_LEFT
[14:35:49.636] Bot6 rotated left to face SOUTH
[14:35:49.636] Bot6 executed ROTATE_LEFT
[14:35:49.636] Bot6 moved forward to (3,4)
[14:35:49.636] Bot6 executed MOVE_FORWARD
[14:35:49.636] Starting turn for Bot17
[14:35:49.636] Starting turn for Bot6
[14:35:49.636] Starting turn for Bot17
[14:35:49.636] Stalemate detected: State repeated 10 times, unchanged for 1 turns
[14:35:49.636] Game Over! Stalemate detected!
[14:35:49.636] Stalemate detected: State repeated 10 times, unchanged for 1 turns
