[14:36:01.343] === Game Started at 2025-02-04_14-36-01 ===
[14:36:01.343] Game initialized with 2 players
[14:36:01.343] Board size: 10
[14:36:01.343] Obstacle density: 0.05
[14:36:01.343] Max turns: 1000
[14:36:01.343] Player Bot31 starting at position (0,0) facing SOUTH
[14:36:01.343] Player Bot14 starting at position (9,9) facing EAST
[14:36:01.343] Obstacles at positions: (7,2) (7,8) (8,4) (8,7) (9,8)
[14:36:01.343] Starting turn for Bot31
[14:36:01.343] Bot31 rotated left to face EAST
[14:36:01.343] Bot31 executed ROTATE_LEFT
[14:36:01.343] Bot31 moved forward to (0,1)
[14:36:01.344] Bot31 executed MOVE_FORWARD
[14:36:01.344] Starting turn for Bot14
[14:36:01.344] Bot14 rotated left to face NORTH
[14:36:01.344] Bot14 executed ROTATE_LEFT
[14:36:01.344] Bot14 rotated left to face WEST
[14:36:01.344] Bot14 executed ROTATE_LEFT
[14:36:01.344] Starting turn for Bot31
[14:36:01.344] Bot31 rotated right to face SOUTH
[14:36:01.344] Bot31 executed ROTATE_RIGHT
[14:36:01.344] Bot31 moved forward to (1,1)
[14:36:01.344] Bot31 executed MOVE_FORWARD
[14:36:01.344] Starting turn for Bot14
[14:36:01.344] Starting turn for Bot31
[14:36:01.344] Bot31 rotated left to face EAST
[14:36:01.344] Bot31 executed ROTATE_LEFT
[14:36:01.344] Bot31 moved forward to (1,2)
[14:36:01.344] Bot31 executed MOVE_FORWARD
[14:36:01.344] Starting turn for Bot14
[14:36:01.344] Bot14 rotated right to face NORTH
[14:36:01.344] Bot14 executed ROTATE_RIGHT
[14:36:01.344] Bot14 moved forward to (8,9)
[14:36:01.344] Bot14 executed MOVE_FORWARD
[14:36:01.344] Starting turn for Bot31
[14:36:01.344] Bot31 rotated right to face SOUTH
[14:36:01.344] Bot31 executed ROTATE_RIGHT
[14:36:01.344] Bot31 moved forward to (2,2)
[14:36:01.344] Bot31 executed MOVE_FORWARD
[14:36:01.344] Starting turn for Bot14
[14:36:01.344] Bot14 rotated left to face WEST
[14:36:01.344] Bot14 executed ROTATE_LEFT
[14:36:01.344] Bot14 moved forward to (8,8)
[14:36:01.344] Bot14 executed MOVE_FORWARD
[14:36:01.344] Starting turn for Bot31
[14:36:01.344] Bot31 rotated left to face EAST
[14:36:01.344] Bot31 executed ROTATE_LEFT
[14:36:01.344] Bot31 moved forward to (2,3)
[14:36:01.344] Bot31 executed MOVE_FORWARD
[14:36:01.344] Starting turn for Bot14
[14:36:01.344] Starting turn for Bot31
[14:36:01.344] Bot31 rotated right to face SOUTH
[14:36:01.344] Bot31 executed ROTATE_RIGHT
[14:36:01.344] Bot31 moved forward to (3,3)
[14:36:01.344] Bot31 executed MOVE_FORWARD
[14:36:01.344] Starting turn for Bot14
[14:36:01.344] Starting turn for Bot31
[14:36:01.344] Bot31 rotated left to face EAST
[14:36:01.344] Bot31 executed ROTATE_LEFT
[14:36:01.344] Bot31 moved forward to (3,4)
[14:36:01.344] Bot31 executed MOVE_FORWARD
[14:36:01.344] Starting turn for Bot14
[14:36:01.344] Bot14 rotated left to face SOUTH
[14:36:01.344] Bot14 executed ROTATE_LEFT
[14:36:01.344] Bot14 rotated left to face EAST
[14:36:01.344] Bot14 executed ROTATE_LEFT
[14:36:01.344] Bot14 moved forward to (8,9)
[14:36:01.344] Bot14 executed MOVE_FORWARD
[14:36:01.344] Starting turn for Bot31
[14:36:01.344] Bot31 rotated right to face SOUTH
[14:36:01.344] Bot31 executed ROTATE_RIGHT
[14:36:01.344] Bot31 moved forward to (4,4)
[14:36:01.344] Bot31 executed MOVE_FORWARD
[14:36:01.344] Starting turn for Bot14
[14:36:01.344] Bot14 rotated left to face NORTH
[14:36:01.344] Bot14 executed ROTATE_LEFT
[14:36:01.344] Bot14 rotated left to face WEST
[14:36:01.344] Bot14 executed ROTATE_LEFT
[14:36:01.344] Bot14 moved forward to (8,8)
[14:36:01.344] Bot14 executed MOVE_FORWARD
[14:36:01.344] Starting turn for Bot31
[14:36:01.344] Bot31 rotated left to face EAST
[14:36:01.344] Bot31 executed ROTATE_LEFT
[14:36:01.344] Bot31 moved forward to (4,5)
[14:36:01.344] Bot31 executed MOVE_FORWARD
[14:36:01.344] Starting turn for Bot14
[14:36:01.344] Starting turn for Bot31
[14:36:01.344] Bot31 rotated right to face SOUTH
[14:36:01.344] Bot31 executed ROTATE_RIGHT
[14:36:01.344] Bot31 moved forward to (5,5)
[14:36:01.344] Bot31 executed MOVE_FORWARD
[14:36:01.344] Starting turn for Bot14
[14:36:01.344] Starting turn for Bot31
[14:36:01.344] Starting turn for Bot14
[14:36:01.344] Bot14 rotated left to face SOUTH
[14:36:01.344] Bot14 executed ROTATE_LEFT
[14:36:01.344] Bot14 rotated left to face EAST
[14:36:01.344] Bot14 executed ROTATE_LEFT
[14:36:01.344] Bot14 moved forward to (8,9)
[14:36:01.344] Bot14 executed MOVE_FORWARD
[14:36:01.344] Starting turn for Bot31
[14:36:01.344] Starting turn for Bot14
[14:36:01.344] Bot14 rotated left to face NORTH
[14:36:01.344] Bot14 executed ROTATE_LEFT
[14:36:01.344] Bot14 rotated left to face WEST
[14:36:01.344] Bot14 executed ROTATE_LEFT
[14:36:01.344] Bot14 moved forward to (8,8)
[14:36:01.344] Bot14 executed MOVE_FORWARD
[14:36:01.344] Starting turn for Bot31
[14:36:01.344] Starting turn for Bot14
[14:36:01.344] Starting turn for Bot31
[14:36:01.344] Starting turn for Bot14
[14:36:01.344] Starting turn for Bot31
[14:36:01.344] Starting turn for Bot14
[14:36:01.344] Bot14 rotated left to face SOUTH
[14:36:01.344] Bot14 executed ROTATE_LEFT
[14:36:01.344] Bot14 rotated left to face EAST
[14:36:01.344] Bot14 executed ROTATE_LEFT
[14:36:01.344] Bot14 moved forward to (8,9)
[14:36:01.344] Bot14 executed MOVE_FORWARD
[14:36:01.344] Starting turn for Bot31
[14:36:01.344] Starting turn for Bot14
[14:36:01.344] Bot14 rotated left to face NORTH
[14:36:01.344] Bot14 executed ROTATE_LEFT
[14:36:01.344] Bot14 rotated left to face WEST
[14:36:01.344] Bot14 executed ROTATE_LEFT
[14:36:01.344] Bot14 moved forward to (8,8)
[14:36:01.344] Bot14 executed MOVE_FORWARD
[14:36:01.344] Starting turn for Bot31
[14:36:01.344] Starting turn for Bot14
[14:36:01.344] Starting turn for Bot31
[14:36:01.344] Starting turn for Bot14
[14:36:01.344] Starting turn for Bot31
[14:36:01.344] Starting turn for Bot14
[14:36:01.344] Bot14 rotated left to face SOUTH
[14:36:01.344] Bot14 executed ROTATE_LEFT
[14:36:01.344] Bot14 rotated left to face EAST
[14:36:01.344] Bot14 executed ROTATE_LEFT
[14:36:01.344] Bot14 moved forward to (8,9)
[14:36:01.344] Bot14 executed MOVE_FORWARD
[14:36:01.344] Starting turn for Bot31
[14:36:01.344] Starting turn for Bot14
[14:36:01.344] Bot14 rotated left to face NORTH
[14:36:01.344] Bot14 executed ROTATE_LEFT
[14:36:01.344] Bot14 rotated left to face WEST
[14:36:01.344] Bot14 executed ROTATE_LEFT
[14:36:01.344] Bot14 moved forward to (8,8)
[14:36:01.344] Bot14 executed MOVE_FORWARD
[14:36:01.344] Starting turn for Bot31
[14:36:01.344] Stalemate detected: State repeated 10 times, unchanged for 3 turns
[14:36:01.344] Game Over! Stalemate detected!
[14:36:01.344] Stalemate detected: State repeated 10 times, unchanged for 3 turns
