[14:35:52.965] === Game Started at 2025-02-04_14-35-52 ===
[14:35:52.965] Game initialized with 2 players
[14:35:52.965] Board size: 10
[14:35:52.965] Obstacle density: 0.05
[14:35:52.965] Max turns: 1000
[14:35:52.965] Player Bot16 starting at position (0,0) facing EAST
[14:35:52.965] Player Bot8 starting at position (9,9) facing EAST
[14:35:52.965] Obstacles at positions: (3,7) (6,0) (8,1) (8,9) (9,6)
[14:35:52.965] Starting turn for Bot16
[14:35:52.965] Bot16 moved forward to (0,1)
[14:35:52.965] Bot16 executed MOVE_FORWARD
[14:35:52.965] Starting turn for Bot8
[14:35:52.965] Bot8 rotated left to face NORTH
[14:35:52.965] Bot8 executed ROTATE_LEFT
[14:35:52.965] Bot8 rotated left to face WEST
[14:35:52.965] Bot8 executed ROTATE_LEFT
[14:35:52.965] Bot8 moved forward to (9,8)
[14:35:52.965] Bot8 executed MOVE_FORWARD
[14:35:52.965] Starting turn for Bot16
[14:35:52.965] Bot16 rotated right to face SOUTH
[14:35:52.965] Bot16 executed ROTATE_RIGHT
[14:35:52.965] Bot16 moved forward to (1,1)
[14:35:52.965] Bot16 executed MOVE_FORWARD
[14:35:52.965] Starting turn for Bot8
[14:35:52.965] Bot8 rotated right to face NORTH
[14:35:52.965] Bot8 executed ROTATE_RIGHT
[14:35:52.965] Bot8 moved forward to (8,8)
[14:35:52.965] Bot8 executed MOVE_FORWARD
[14:35:52.965] Starting turn for Bot16
[14:35:52.965] Bot16 rotated left to face EAST
[14:35:52.965] Bot16 executed ROTATE_LEFT
[14:35:52.965] Bot16 moved forward to (1,2)
[14:35:52.965] Bot16 executed MOVE_FORWARD
[14:35:52.965] Starting turn for Bot8
[14:35:52.965] Bot8 rotated left to face WEST
[14:35:52.965] Bot8 executed ROTATE_LEFT
[14:35:52.965] Bot8 moved forward to (8,7)
[14:35:52.965] Bot8 executed MOVE_FORWARD
[14:35:52.965] Starting turn for Bot16
[14:35:52.965] Bot16 rotated right to face SOUTH
[14:35:52.965] Bot16 executed ROTATE_RIGHT
[14:35:52.965] Bot16 moved forward to (2,2)
[14:35:52.965] Bot16 executed MOVE_FORWARD
[14:35:52.965] Starting turn for Bot8
[14:35:52.965] Bot8 rotated right to face NORTH
[14:35:52.965] Bot8 executed ROTATE_RIGHT
[14:35:52.965] Bot8 moved forward to (7,7)
[14:35:52.965] Bot8 executed MOVE_FORWARD
[14:35:52.965] Starting turn for Bot16
[14:35:52.965] Bot16 rotated left to face EAST
[14:35:52.965] Bot16 executed ROTATE_LEFT
[14:35:52.965] Bot16 moved forward to (2,3)
[14:35:52.965] Bot16 executed MOVE_FORWARD
[14:35:52.965] Starting turn for Bot8
[14:35:52.965] Bot8 rotated left to face WEST
[14:35:52.965] Bot8 executed ROTATE_LEFT
[14:35:52.965] Bot8 moved forward to (7,6)
[14:35:52.965] Bot8 executed MOVE_FORWARD
[14:35:52.965] Starting turn for Bot16
[14:35:52.965] Bot16 rotated right to face SOUTH
[14:35:52.965] Bot16 executed ROTATE_RIGHT
[14:35:52.965] Bot16 moved forward to (3,3)
[14:35:52.965] Bot16 executed MOVE_FORWARD
[14:35:52.965] Starting turn for Bot8
[14:35:52.965] Bot8 rotated right to face NORTH
[14:35:52.965] Bot8 executed ROTATE_RIGHT
[14:35:52.965] Bot8 moved forward to (6,6)
[14:35:52.965] Bot8 executed MOVE_FORWARD
[14:35:52.965] Starting turn for Bot16
[14:35:52.965] Bot16 rotated left to face EAST
[14:35:52.965] Bot16 executed ROTATE_LEFT
[14:35:52.965] Bot16 moved forward to (3,4)
[14:35:52.966] Bot16 executed MOVE_FORWARD
[14:35:52.966] Starting turn for Bot8
[14:35:52.966] Bot8 rotated left to face WEST
[14:35:52.966] Bot8 executed ROTATE_LEFT
[14:35:52.966] Bot8 moved forward to (6,5)
[14:35:52.966] Bot8 executed MOVE_FORWARD
[14:35:52.966] Starting turn for Bot16
[14:35:52.966] Bot16 rotated right to face SOUTH
[14:35:52.966] Bot16 executed ROTATE_RIGHT
[14:35:52.966] Bot16 moved forward to (4,4)
[14:35:52.966] Bot16 executed MOVE_FORWARD
[14:35:52.966] Starting turn for Bot8
[14:35:52.966] Bot8 rotated right to face NORTH
[14:35:52.966] Bot8 executed ROTATE_RIGHT
[14:35:52.966] Bot8 moved forward to (5,5)
[14:35:52.966] Bot8 executed MOVE_FORWARD
[14:35:52.966] Starting turn for Bot16
[14:35:52.966] Bot16 rotated left to face EAST
[14:35:52.966] Bot16 executed ROTATE_LEFT
[14:35:52.966] Bot16 moved forward to (4,5)
[14:35:52.966] Bot16 executed MOVE_FORWARD
[14:35:52.966] Starting turn for Bot8
[14:35:52.966] Bot8 shooting in direction NORTH
[14:35:52.966] Bot8 hit Bot16 for 25 damage (health: 100 -> 75)
[14:35:52.966] Bot8 executed SHOOT
[14:35:52.966] Starting turn for Bot16
[14:35:52.966] Bot16 rotated right to face SOUTH
[14:35:52.966] Bot16 executed ROTATE_RIGHT
[14:35:52.966] Starting turn for Bot8
[14:35:52.966] Bot8 shooting in direction NORTH
[14:35:52.966] Bot8 hit Bot16 for 25 damage (health: 75 -> 50)
[14:35:52.966] Bot8 executed SHOOT
[14:35:52.966] Starting turn for Bot16
[14:35:52.966] Bot16 shooting in direction SOUTH
[14:35:52.966] Bot16 hit Bot8 for 25 damage (health: 100 -> 75)
[14:35:52.966] Bot16 executed SHOOT
[14:35:52.966] Starting turn for Bot8
[14:35:52.966] Bot8 shooting in direction NORTH
[14:35:52.966] Bot8 hit Bot16 for 25 damage (health: 50 -> 25)
[14:35:52.966] Bot8 executed SHOOT
[14:35:52.966] Starting turn for Bot16
[14:35:52.966] Bot16 shooting in direction SOUTH
[14:35:52.966] Bot16 hit Bot8 for 25 damage (health: 75 -> 50)
[14:35:52.966] Bot16 executed SHOOT
[14:35:52.966] Starting turn for Bot8
[14:35:52.966] Bot8 shooting in direction NORTH
[14:35:52.966] Bot8 hit Bot16 for 25 damage (health: 25 -> 0)
[14:35:52.966] Bot16 was destroyed!
[14:35:52.966] Bot8 is the last tank standing!
[14:35:52.966] Bot8 executed SHOOT
[14:35:52.966] Game Over! Bot8 wins!
[14:35:52.966] === Game Ended ===
