[14:36:01.943] === Game Started at 2025-02-04_14-36-01 ===
[14:36:01.944] Game initialized with 2 players
[14:36:01.944] Board size: 10
[14:36:01.944] Obstacle density: 0.05
[14:36:01.944] Max turns: 1000
[14:36:01.944] Player Bot15 starting at position (0,0) facing SOUTH
[14:36:01.944] Player Bot19 starting at position (9,9) facing EAST
[14:36:01.944] Obstacles at positions: (5,5) (6,3) (6,7) (7,4) (8,1)
[14:36:01.944] Starting turn for Bot15
[14:36:01.944] Bot15 rotated left to face EAST
[14:36:01.944] Bot15 executed ROTATE_LEFT
[14:36:01.944] Bot15 moved forward to (0,1)
[14:36:01.944] Bot15 executed MOVE_FORWARD
[14:36:01.944] Starting turn for Bot19
[14:36:01.944] Bot19 rotated left to face NORTH
[14:36:01.944] Bot19 executed ROTATE_LEFT
[14:36:01.944] Bot19 rotated left to face WEST
[14:36:01.944] Bot19 executed ROTATE_LEFT
[14:36:01.944] Bot19 moved forward to (9,8)
[14:36:01.944] Bot19 executed MOVE_FORWARD
[14:36:01.944] Starting turn for Bot15
[14:36:01.944] Bot15 rotated right to face SOUTH
[14:36:01.944] Bot15 executed ROTATE_RIGHT
[14:36:01.944] Bot15 moved forward to (1,1)
[14:36:01.944] Bot15 executed MOVE_FORWARD
[14:36:01.944] Starting turn for Bot19
[14:36:01.944] Bot19 rotated right to face NORTH
[14:36:01.944] Bot19 executed ROTATE_RIGHT
[14:36:01.944] Bot19 moved forward to (8,8)
[14:36:01.944] Bot19 executed MOVE_FORWARD
[14:36:01.944] Starting turn for Bot15
[14:36:01.944] Bot15 rotated left to face EAST
[14:36:01.944] Bot15 executed ROTATE_LEFT
[14:36:01.944] Bot15 moved forward to (1,2)
[14:36:01.944] Bot15 executed MOVE_FORWARD
[14:36:01.944] Starting turn for Bot19
[14:36:01.944] Bot19 rotated left to face WEST
[14:36:01.944] Bot19 executed ROTATE_LEFT
[14:36:01.944] Bot19 moved forward to (8,7)
[14:36:01.944] Bot19 executed MOVE_FORWARD
[14:36:01.944] Starting turn for Bot15
[14:36:01.944] Bot15 rotated right to face SOUTH
[14:36:01.944] Bot15 executed ROTATE_RIGHT
[14:36:01.944] Bot15 moved forward to (2,2)
[14:36:01.944] Bot15 executed MOVE_FORWARD
[14:36:01.944] Starting turn for Bot19
[14:36:01.944] Bot19 rotated right to face NORTH
[14:36:01.944] Bot19 executed ROTATE_RIGHT
[14:36:01.944] Bot19 moved forward to (7,7)
[14:36:01.944] Bot19 executed MOVE_FORWARD
[14:36:01.944] Starting turn for Bot15
[14:36:01.944] Bot15 rotated left to face EAST
[14:36:01.944] Bot15 executed ROTATE_LEFT
[14:36:01.944] Bot15 moved forward to (2,3)
[14:36:01.944] Bot15 executed MOVE_FORWARD
[14:36:01.944] Starting turn for Bot19
[14:36:01.944] Bot19 rotated left to face WEST
[14:36:01.944] Bot19 executed ROTATE_LEFT
[14:36:01.944] Bot19 moved forward to (7,6)
[14:36:01.944] Bot19 executed MOVE_FORWARD
[14:36:01.944] Starting turn for Bot15
[14:36:01.944] Bot15 rotated right to face SOUTH
[14:36:01.944] Bot15 executed ROTATE_RIGHT
[14:36:01.944] Bot15 moved forward to (3,3)
[14:36:01.944] Bot15 executed MOVE_FORWARD
[14:36:01.944] Starting turn for Bot19
[14:36:01.944] Bot19 rotated right to face NORTH
[14:36:01.944] Bot19 executed ROTATE_RIGHT
[14:36:01.944] Bot19 moved forward to (6,6)
[14:36:01.944] Bot19 executed MOVE_FORWARD
[14:36:01.944] Starting turn for Bot15
[14:36:01.944] Bot15 rotated left to face EAST
[14:36:01.944] Bot15 executed ROTATE_LEFT
[14:36:01.944] Bot15 moved forward to (3,4)
[14:36:01.944] Bot15 executed MOVE_FORWARD
[14:36:01.944] Starting turn for Bot19
[14:36:01.944] Bot19 rotated left to face WEST
[14:36:01.944] Bot19 executed ROTATE_LEFT
[14:36:01.944] Bot19 moved forward to (6,5)
[14:36:01.944] Bot19 executed MOVE_FORWARD
[14:36:01.944] Starting turn for Bot15
[14:36:01.944] Bot15 rotated right to face SOUTH
[14:36:01.944] Bot15 executed ROTATE_RIGHT
[14:36:01.944] Bot15 moved forward to (4,4)
[14:36:01.944] Bot15 executed MOVE_FORWARD
[14:36:01.944] Starting turn for Bot19
[14:36:01.944] Bot19 rotated right to face NORTH
[14:36:01.944] Bot19 executed ROTATE_RIGHT
[14:36:01.944] Starting turn for Bot15
[14:36:01.944] Bot15 rotated left to face EAST
[14:36:01.944] Bot15 executed ROTATE_LEFT
[14:36:01.944] Bot15 moved forward to (4,5)
[14:36:01.944] Bot15 executed MOVE_FORWARD
[14:36:01.944] Starting turn for Bot19
[14:36:01.944] Starting turn for Bot15
[14:36:01.944] Bot15 rotated right to face SOUTH
[14:36:01.944] Bot15 executed ROTATE_RIGHT
[14:36:01.944] Starting turn for Bot19
[14:36:01.944] Bot19 rotated right to face EAST
[14:36:01.944] Bot19 executed ROTATE_RIGHT
[14:36:01.944] Bot19 moved forward to (6,6)
[14:36:01.944] Bot19 executed MOVE_FORWARD
[14:36:01.944] Starting turn for Bot15
[14:36:01.944] Starting turn for Bot19
[14:36:01.944] Bot19 rotated left to face NORTH
[14:36:01.944] Bot19 executed ROTATE_LEFT
[14:36:01.944] Bot19 rotated left to face WEST
[14:36:01.944] Bot19 executed ROTATE_LEFT
[14:36:01.944] Bot19 moved forward to (6,5)
[14:36:01.944] Bot19 executed MOVE_FORWARD
[14:36:01.944] Starting turn for Bot15
[14:36:01.944] Bot15 rotated left to face EAST
[14:36:01.944] Bot15 executed ROTATE_LEFT
[14:36:01.944] Bot15 rotated left to face NORTH
[14:36:01.944] Bot15 executed ROTATE_LEFT
[14:36:01.944] Bot15 moved forward to (3,5)
[14:36:01.944] Bot15 executed MOVE_FORWARD
[14:36:01.944] Starting turn for Bot19
[14:36:01.944] Bot19 rotated right to face NORTH
[14:36:01.944] Bot19 executed ROTATE_RIGHT
[14:36:01.944] Starting turn for Bot15
[14:36:01.944] Bot15 rotated left to face WEST
[14:36:01.944] Bot15 executed ROTATE_LEFT
[14:36:01.944] Bot15 rotated left to face SOUTH
[14:36:01.944] Bot15 executed ROTATE_LEFT
[14:36:01.944] Bot15 moved forward to (4,5)
[14:36:01.944] Bot15 executed MOVE_FORWARD
[14:36:01.944] Starting turn for Bot19
[14:36:01.944] Starting turn for Bot15
[14:36:01.944] Starting turn for Bot19
[14:36:01.944] Bot19 rotated right to face EAST
[14:36:01.944] Bot19 executed ROTATE_RIGHT
[14:36:01.944] Bot19 moved forward to (6,6)
[14:36:01.944] Bot19 executed MOVE_FORWARD
[14:36:01.944] Starting turn for Bot15
[14:36:01.944] Starting turn for Bot19
[14:36:01.944] Bot19 rotated left to face NORTH
[14:36:01.944] Bot19 executed ROTATE_LEFT
[14:36:01.944] Bot19 rotated left to face WEST
[14:36:01.944] Bot19 executed ROTATE_LEFT
[14:36:01.944] Bot19 moved forward to (6,5)
[14:36:01.944] Bot19 executed MOVE_FORWARD
[14:36:01.944] Starting turn for Bot15
[14:36:01.944] Bot15 rotated left to face EAST
[14:36:01.944] Bot15 executed ROTATE_LEFT
[14:36:01.944] Bot15 rotated left to face NORTH
[14:36:01.944] Bot15 executed ROTATE_LEFT
[14:36:01.944] Bot15 moved forward to (3,5)
[14:36:01.944] Bot15 executed MOVE_FORWARD
[14:36:01.944] Starting turn for Bot19
[14:36:01.944] Bot19 rotated right to face NORTH
[14:36:01.944] Bot19 executed ROTATE_RIGHT
[14:36:01.944] Starting turn for Bot15
[14:36:01.944] Bot15 rotated left to face WEST
[14:36:01.944] Bot15 executed ROTATE_LEFT
[14:36:01.944] Bot15 rotated left to face SOUTH
[14:36:01.944] Bot15 executed ROTATE_LEFT
[14:36:01.944] Bot15 moved forward to (4,5)
[14:36:01.944] Bot15 executed MOVE_FORWARD
[14:36:01.944] Starting turn for Bot19
[14:36:01.944] Starting turn for Bot15
[14:36:01.944] Starting turn for Bot19
[14:36:01.944] Bot19 rotated right to face EAST
[14:36:01.944] Bot19 executed ROTATE_RIGHT
[14:36:01.944] Bot19 moved forward to (6,6)
[14:36:01.944] Bot19 executed MOVE_FORWARD
[14:36:01.944] Starting turn for Bot15
[14:36:01.944] Starting turn for Bot19
[14:36:01.944] Bot19 rotated left to face NORTH
[14:36:01.944] Bot19 executed ROTATE_LEFT
[14:36:01.944] Bot19 rotated left to face WEST
[14:36:01.944] Bot19 executed ROTATE_LEFT
[14:36:01.944] Bot19 moved forward to (6,5)
[14:36:01.944] Bot19 executed MOVE_FORWARD
[14:36:01.944] Starting turn for Bot15
[14:36:01.944] Bot15 rotated left to face EAST
[14:36:01.944] Bot15 executed ROTATE_LEFT
[14:36:01.944] Bot15 rotated left to face NORTH
[14:36:01.944] Bot15 executed ROTATE_LEFT
[14:36:01.944] Bot15 moved forward to (3,5)
[14:36:01.944] Bot15 executed MOVE_FORWARD
[14:36:01.944] Starting turn for Bot19
[14:36:01.944] Bot19 rotated right to face NORTH
[14:36:01.944] Bot19 executed ROTATE_RIGHT
[14:36:01.944] Starting turn for Bot15
[14:36:01.944] Bot15 rotated left to face WEST
[14:36:01.944] Bot15 executed ROTATE_LEFT
[14:36:01.944] Bot15 rotated left to face SOUTH
[14:36:01.944] Bot15 executed ROTATE_LEFT
[14:36:01.945] Bot15 moved forward to (4,5)
[14:36:01.945] Bot15 executed MOVE_FORWARD
[14:36:01.945] Starting turn for Bot19
[14:36:01.945] Starting turn for Bot15
[14:36:01.945] Starting turn for Bot19
[14:36:01.945] Stalemate detected: State repeated 10 times, unchanged for 1 turns
[14:36:01.945] Game Over! Stalemate detected!
[14:36:01.945] Stalemate detected: State repeated 10 times, unchanged for 1 turns
