[19:20:39.342] === Game Started at 2025-01-16_19-20-39 ===
[19:20:39.343] Game initialized with 2 players
[19:20:39.343] Board size: 10
[19:20:39.343] Obstacle density: 0.05
[19:20:39.343] Max turns: 1000
[19:20:39.343] Player Bot2 starting at position (0,0) facing EAST
[19:20:39.343] Player Bot1 starting at position (9,9) facing NORTH
[19:20:39.343] Obstacles at positions: (2,1) (3,3) (7,2) (8,1) (8,7)
[19:20:39.343] Starting turn for Bot2
[19:20:39.343] Bot2 moved forward to (0,1)
[19:20:39.343] Bot2 executed MOVE_FORWARD
[19:20:39.343] Starting turn for Bot1
[19:20:39.343] Bot1 rotated left to face WEST
[19:20:39.343] Bot1 executed ROTATE_LEFT
[19:20:39.343] Bot1 moved forward to (9,8)
[19:20:39.343] Bot1 executed MOVE_FORWARD
[19:20:39.343] Starting turn for Bot2
[19:20:39.343] Bot2 rotated right to face SOUTH
[19:20:39.343] Bot2 executed ROTATE_RIGHT
[19:20:39.343] Bot2 moved forward to (1,1)
[19:20:39.343] Bot2 executed MOVE_FORWARD
[19:20:39.343] Starting turn for Bot1
[19:20:39.344] Bot1 rotated right to face NORTH
[19:20:39.344] Bot1 executed ROTATE_RIGHT
[19:20:39.344] Bot1 moved forward to (8,8)
[19:20:39.344] Bot1 executed MOVE_FORWARD
[19:20:39.344] Starting turn for Bot2
[19:20:39.344] Bot2 rotated left to face EAST
[19:20:39.344] Bot2 executed ROTATE_LEFT
[19:20:39.344] Bot2 moved forward to (1,2)
[19:20:39.344] Bot2 executed MOVE_FORWARD
[19:20:39.344] Starting turn for Bot1
[19:20:39.344] Bot1 rotated left to face WEST
[19:20:39.344] Bot1 executed ROTATE_LEFT
[19:20:39.344] Starting turn for Bot2
[19:20:39.344] Bot2 rotated right to face SOUTH
[19:20:39.344] Bot2 executed ROTATE_RIGHT
[19:20:39.344] Bot2 moved forward to (2,2)
[19:20:39.344] Bot2 executed MOVE_FORWARD
[19:20:39.344] Starting turn for Bot1
[19:20:39.344] Starting turn for Bot2
[19:20:39.344] Bot2 rotated left to face EAST
[19:20:39.344] Bot2 executed ROTATE_LEFT
[19:20:39.344] Bot2 moved forward to (2,3)
[19:20:39.344] Bot2 executed MOVE_FORWARD
[19:20:39.344] Starting turn for Bot1
[19:20:39.344] Bot1 rotated right to face NORTH
[19:20:39.344] Bot1 executed ROTATE_RIGHT
[19:20:39.344] Bot1 moved forward to (7,8)
[19:20:39.344] Bot1 executed MOVE_FORWARD
[19:20:39.344] Starting turn for Bot2
[19:20:39.344] Bot2 rotated right to face SOUTH
[19:20:39.344] Bot2 executed ROTATE_RIGHT
[19:20:39.344] Starting turn for Bot1
[19:20:39.345] Bot1 rotated left to face WEST
[19:20:39.345] Bot1 executed ROTATE_LEFT
[19:20:39.345] Bot1 moved forward to (7,7)
[19:20:39.345] Bot1 executed MOVE_FORWARD
[19:20:39.345] Starting turn for Bot2
[19:20:39.345] Starting turn for Bot1
[19:20:39.345] Bot1 moved forward to (7,6)
[19:20:39.345] Bot1 executed MOVE_FORWARD
[19:20:39.345] Starting turn for Bot2
[19:20:39.345] Bot2 rotated left to face EAST
[19:20:39.345] Bot2 executed ROTATE_LEFT
[19:20:39.345] Bot2 rotated left to face NORTH
[19:20:39.345] Bot2 executed ROTATE_LEFT
[19:20:39.345] Bot2 moved forward to (1,3)
[19:20:39.345] Bot2 executed MOVE_FORWARD
[19:20:39.345] Starting turn for Bot1
[19:20:39.345] Bot1 rotated right to face NORTH
[19:20:39.345] Bot1 executed ROTATE_RIGHT
[19:20:39.345] Bot1 moved forward to (6,6)
[19:20:39.345] Bot1 executed MOVE_FORWARD
[19:20:39.345] Starting turn for Bot2
[19:20:39.345] Bot2 rotated left to face WEST
[19:20:39.345] Bot2 executed ROTATE_LEFT
[19:20:39.345] Bot2 rotated left to face SOUTH
[19:20:39.345] Bot2 executed ROTATE_LEFT
[19:20:39.345] Bot2 moved forward to (2,3)
[19:20:39.345] Bot2 executed MOVE_FORWARD
[19:20:39.345] Starting turn for Bot1
[19:20:39.345] Bot1 rotated left to face WEST
[19:20:39.345] Bot1 executed ROTATE_LEFT
[19:20:39.345] Bot1 moved forward to (6,5)
[19:20:39.345] Bot1 executed MOVE_FORWARD
[19:20:39.345] Starting turn for Bot2
[19:20:39.345] Starting turn for Bot1
[19:20:39.345] Bot1 rotated right to face NORTH
[19:20:39.346] Bot1 executed ROTATE_RIGHT
[19:20:39.346] Bot1 moved forward to (5,5)
[19:20:39.346] Bot1 executed MOVE_FORWARD
[19:20:39.346] Starting turn for Bot2
[19:20:39.346] Starting turn for Bot1
[19:20:39.346] Starting turn for Bot2
[19:20:39.346] Bot2 rotated left to face EAST
[19:20:39.346] Bot2 executed ROTATE_LEFT
[19:20:39.346] Bot2 rotated left to face NORTH
[19:20:39.346] Bot2 executed ROTATE_LEFT
[19:20:39.346] Bot2 moved forward to (1,3)
[19:20:39.346] Bot2 executed MOVE_FORWARD
[19:20:39.346] Starting turn for Bot1
[19:20:39.346] Starting turn for Bot2
[19:20:39.346] Bot2 rotated left to face WEST
[19:20:39.346] Bot2 executed ROTATE_LEFT
[19:20:39.346] Bot2 rotated left to face SOUTH
[19:20:39.346] Bot2 executed ROTATE_LEFT
[19:20:39.346] Bot2 moved forward to (2,3)
[19:20:39.346] Bot2 executed MOVE_FORWARD
[19:20:39.346] Starting turn for Bot1
[19:20:39.346] Starting turn for Bot2
[19:20:39.346] Starting turn for Bot1
[19:20:39.346] Starting turn for Bot2
[19:20:39.346] Starting turn for Bot1
[19:20:39.346] Starting turn for Bot2
[19:20:39.346] Bot2 rotated left to face EAST
[19:20:39.346] Bot2 executed ROTATE_LEFT
[19:20:39.346] Bot2 rotated left to face NORTH
[19:20:39.346] Bot2 executed ROTATE_LEFT
[19:20:39.347] Bot2 moved forward to (1,3)
[19:20:39.347] Bot2 executed MOVE_FORWARD
[19:20:39.347] Starting turn for Bot1
[19:20:39.347] Starting turn for Bot2
[19:20:39.347] Bot2 rotated left to face WEST
[19:20:39.347] Bot2 executed ROTATE_LEFT
[19:20:39.347] Bot2 rotated left to face SOUTH
[19:20:39.347] Bot2 executed ROTATE_LEFT
[19:20:39.347] Bot2 moved forward to (2,3)
[19:20:39.347] Bot2 executed MOVE_FORWARD
[19:20:39.347] Starting turn for Bot1
[19:20:39.347] Starting turn for Bot2
[19:20:39.347] Starting turn for Bot1
[19:20:39.347] Starting turn for Bot2
[19:20:39.347] Starting turn for Bot1
[19:20:39.347] Starting turn for Bot2
[19:20:39.348] Bot2 rotated left to face EAST
[19:20:39.348] Bot2 executed ROTATE_LEFT
[19:20:39.348] Bot2 rotated left to face NORTH
[19:20:39.348] Bot2 executed ROTATE_LEFT
[19:20:39.348] Bot2 moved forward to (1,3)
[19:20:39.348] Bot2 executed MOVE_FORWARD
[19:20:39.348] Starting turn for Bot1
[19:20:39.348] Starting turn for Bot2
[19:20:39.348] Bot2 rotated left to face WEST
[19:20:39.348] Bot2 executed ROTATE_LEFT
[19:20:39.348] Bot2 rotated left to face SOUTH
[19:20:39.348] Bot2 executed ROTATE_LEFT
[19:20:39.348] Bot2 moved forward to (2,3)
[19:20:39.348] Bot2 executed MOVE_FORWARD
[19:20:39.348] Starting turn for Bot1
[19:20:39.348] Stalemate detected: State repeated 10 times, unchanged for 3 turns
[19:20:39.348] Game Over! Stalemate detected!
[19:20:39.348] Stalemate detected: State repeated 10 times, unchanged for 3 turns
