[14:35:59.642] === Game Started at 2025-02-04_14-35-59 ===
[14:35:59.642] Game initialized with 2 players
[14:35:59.642] Board size: 10
[14:35:59.642] Obstacle density: 0.05
[14:35:59.642] Max turns: 1000
[14:35:59.642] Player Bot13 starting at position (0,0) facing WEST
[14:35:59.642] Player Bot22 starting at position (9,9) facing WEST
[14:35:59.642] Obstacles at positions: (0,6) (2,0) (4,5) (5,7) (8,2)
[14:35:59.642] Starting turn for Bot13
[14:35:59.642] Bot13 rotated left to face SOUTH
[14:35:59.642] Bot13 executed ROTATE_LEFT
[14:35:59.642] Bot13 rotated left to face EAST
[14:35:59.642] Bot13 executed ROTATE_LEFT
[14:35:59.642] Bot13 moved forward to (0,1)
[14:35:59.642] Bot13 executed MOVE_FORWARD
[14:35:59.642] Starting turn for Bot22
[14:35:59.642] Bot22 moved forward to (9,8)
[14:35:59.642] Bot22 executed MOVE_FORWARD
[14:35:59.642] Starting turn for Bot13
[14:35:59.642] Bot13 rotated right to face SOUTH
[14:35:59.642] Bot13 executed ROTATE_RIGHT
[14:35:59.642] Bot13 moved forward to (1,1)
[14:35:59.642] Bot13 executed MOVE_FORWARD
[14:35:59.642] Starting turn for Bot22
[14:35:59.642] Bot22 rotated right to face NORTH
[14:35:59.642] Bot22 executed ROTATE_RIGHT
[14:35:59.642] Bot22 moved forward to (8,8)
[14:35:59.642] Bot22 executed MOVE_FORWARD
[14:35:59.642] Starting turn for Bot13
[14:35:59.642] Bot13 rotated left to face EAST
[14:35:59.642] Bot13 executed ROTATE_LEFT
[14:35:59.642] Bot13 moved forward to (1,2)
[14:35:59.642] Bot13 executed MOVE_FORWARD
[14:35:59.642] Starting turn for Bot22
[14:35:59.642] Bot22 rotated left to face WEST
[14:35:59.642] Bot22 executed ROTATE_LEFT
[14:35:59.642] Bot22 moved forward to (8,7)
[14:35:59.642] Bot22 executed MOVE_FORWARD
[14:35:59.642] Starting turn for Bot13
[14:35:59.642] Bot13 rotated right to face SOUTH
[14:35:59.642] Bot13 executed ROTATE_RIGHT
[14:35:59.642] Bot13 moved forward to (2,2)
[14:35:59.642] Bot13 executed MOVE_FORWARD
[14:35:59.642] Starting turn for Bot22
[14:35:59.642] Bot22 rotated right to face NORTH
[14:35:59.642] Bot22 executed ROTATE_RIGHT
[14:35:59.642] Bot22 moved forward to (7,7)
[14:35:59.642] Bot22 executed MOVE_FORWARD
[14:35:59.642] Starting turn for Bot13
[14:35:59.642] Bot13 rotated left to face EAST
[14:35:59.642] Bot13 executed ROTATE_LEFT
[14:35:59.642] Bot13 moved forward to (2,3)
[14:35:59.642] Bot13 executed MOVE_FORWARD
[14:35:59.642] Starting turn for Bot22
[14:35:59.642] Bot22 rotated left to face WEST
[14:35:59.642] Bot22 executed ROTATE_LEFT
[14:35:59.642] Bot22 moved forward to (7,6)
[14:35:59.642] Bot22 executed MOVE_FORWARD
[14:35:59.642] Starting turn for Bot13
[14:35:59.642] Bot13 rotated right to face SOUTH
[14:35:59.642] Bot13 executed ROTATE_RIGHT
[14:35:59.642] Bot13 moved forward to (3,3)
[14:35:59.642] Bot13 executed MOVE_FORWARD
[14:35:59.642] Starting turn for Bot22
[14:35:59.642] Bot22 rotated right to face NORTH
[14:35:59.642] Bot22 executed ROTATE_RIGHT
[14:35:59.642] Bot22 moved forward to (6,6)
[14:35:59.642] Bot22 executed MOVE_FORWARD
[14:35:59.642] Starting turn for Bot13
[14:35:59.642] Bot13 rotated left to face EAST
[14:35:59.642] Bot13 executed ROTATE_LEFT
[14:35:59.642] Bot13 moved forward to (3,4)
[14:35:59.642] Bot13 executed MOVE_FORWARD
[14:35:59.642] Starting turn for Bot22
[14:35:59.642] Bot22 rotated left to face WEST
[14:35:59.642] Bot22 executed ROTATE_LEFT
[14:35:59.642] Bot22 moved forward to (6,5)
[14:35:59.642] Bot22 executed MOVE_FORWARD
[14:35:59.642] Starting turn for Bot13
[14:35:59.642] Bot13 rotated right to face SOUTH
[14:35:59.642] Bot13 executed ROTATE_RIGHT
[14:35:59.642] Bot13 moved forward to (4,4)
[14:35:59.642] Bot13 executed MOVE_FORWARD
[14:35:59.642] Starting turn for Bot22
[14:35:59.642] Bot22 rotated right to face NORTH
[14:35:59.642] Bot22 executed ROTATE_RIGHT
[14:35:59.642] Bot22 moved forward to (5,5)
[14:35:59.642] Bot22 executed MOVE_FORWARD
[14:35:59.642] Starting turn for Bot13
[14:35:59.642] Bot13 rotated left to face EAST
[14:35:59.642] Bot13 executed ROTATE_LEFT
[14:35:59.642] Starting turn for Bot22
[14:35:59.642] Starting turn for Bot13
[14:35:59.642] Starting turn for Bot22
[14:35:59.642] Starting turn for Bot13
[14:35:59.642] Bot13 rotated left to face NORTH
[14:35:59.642] Bot13 executed ROTATE_LEFT
[14:35:59.642] Bot13 moved forward to (3,4)
[14:35:59.642] Bot13 executed MOVE_FORWARD
[14:35:59.642] Starting turn for Bot22
[14:35:59.642] Starting turn for Bot13
[14:35:59.642] Bot13 rotated left to face WEST
[14:35:59.642] Bot13 executed ROTATE_LEFT
[14:35:59.642] Bot13 rotated left to face SOUTH
[14:35:59.642] Bot13 executed ROTATE_LEFT
[14:35:59.642] Bot13 moved forward to (4,4)
[14:35:59.642] Bot13 executed MOVE_FORWARD
[14:35:59.642] Starting turn for Bot22
[14:35:59.642] Starting turn for Bot13
[14:35:59.642] Bot13 rotated left to face EAST
[14:35:59.642] Bot13 executed ROTATE_LEFT
[14:35:59.642] Starting turn for Bot22
[14:35:59.642] Starting turn for Bot13
[14:35:59.642] Starting turn for Bot22
[14:35:59.642] Starting turn for Bot13
[14:35:59.642] Bot13 rotated left to face NORTH
[14:35:59.642] Bot13 executed ROTATE_LEFT
[14:35:59.642] Bot13 moved forward to (3,4)
[14:35:59.642] Bot13 executed MOVE_FORWARD
[14:35:59.642] Starting turn for Bot22
[14:35:59.642] Starting turn for Bot13
[14:35:59.642] Bot13 rotated left to face WEST
[14:35:59.642] Bot13 executed ROTATE_LEFT
[14:35:59.642] Bot13 rotated left to face SOUTH
[14:35:59.642] Bot13 executed ROTATE_LEFT
[14:35:59.642] Bot13 moved forward to (4,4)
[14:35:59.642] Bot13 executed MOVE_FORWARD
[14:35:59.642] Starting turn for Bot22
[14:35:59.642] Starting turn for Bot13
[14:35:59.642] Bot13 rotated left to face EAST
[14:35:59.642] Bot13 executed ROTATE_LEFT
[14:35:59.642] Starting turn for Bot22
[14:35:59.642] Starting turn for Bot13
[14:35:59.642] Starting turn for Bot22
[14:35:59.642] Starting turn for Bot13
[14:35:59.642] Bot13 rotated left to face NORTH
[14:35:59.642] Bot13 executed ROTATE_LEFT
[14:35:59.642] Bot13 moved forward to (3,4)
[14:35:59.642] Bot13 executed MOVE_FORWARD
[14:35:59.642] Starting turn for Bot22
[14:35:59.642] Starting turn for Bot13
[14:35:59.642] Bot13 rotated left to face WEST
[14:35:59.642] Bot13 executed ROTATE_LEFT
[14:35:59.642] Bot13 rotated left to face SOUTH
[14:35:59.642] Bot13 executed ROTATE_LEFT
[14:35:59.642] Bot13 moved forward to (4,4)
[14:35:59.642] Bot13 executed MOVE_FORWARD
[14:35:59.642] Starting turn for Bot22
[14:35:59.642] Starting turn for Bot13
[14:35:59.642] Bot13 rotated left to face EAST
[14:35:59.642] Bot13 executed ROTATE_LEFT
[14:35:59.642] Starting turn for Bot22
[14:35:59.642] Stalemate detected: State repeated 10 times, unchanged for 1 turns
[14:35:59.642] Game Over! Stalemate detected!
[14:35:59.642] Stalemate detected: State repeated 10 times, unchanged for 1 turns
