[14:35:56.175] === Game Started at 2025-02-04_14-35-56 ===
[14:35:56.175] Game initialized with 2 players
[14:35:56.175] Board size: 10
[14:35:56.175] Obstacle density: 0.05
[14:35:56.175] Max turns: 1000
[14:35:56.175] Player Bot10 starting at position (0,0) facing WEST
[14:35:56.175] Player Bot19 starting at position (9,9) facing SOUTH
[14:35:56.175] Obstacles at positions: (0,1) (1,0) (7,5) (7,8) (9,8)
[14:35:56.175] Starting turn for Bot10
[14:35:56.175] Bot10 rotated left to face SOUTH
[14:35:56.175] Bot10 executed ROTATE_LEFT
[14:35:56.175] Bot10 rotated left to face EAST
[14:35:56.175] Bot10 executed ROTATE_LEFT
[14:35:56.175] Starting turn for Bot19
[14:35:56.175] Bot19 rotated right to face WEST
[14:35:56.175] Bot19 executed ROTATE_RIGHT
[14:35:56.175] Starting turn for Bot10
[14:35:56.175] Starting turn for Bot19
[14:35:56.175] Starting turn for Bot10
[14:35:56.175] Bot10 rotated right to face SOUTH
[14:35:56.175] Bot10 executed ROTATE_RIGHT
[14:35:56.175] Starting turn for Bot19
[14:35:56.175] Bot19 rotated right to face NORTH
[14:35:56.175] Bot19 executed ROTATE_RIGHT
[14:35:56.175] Bot19 moved forward to (8,9)
[14:35:56.175] Bot19 executed MOVE_FORWARD
[14:35:56.175] Starting turn for Bot10
[14:35:56.175] Bot10 rotated left to face EAST
[14:35:56.175] Bot10 executed ROTATE_LEFT
[14:35:56.175] Starting turn for Bot19
[14:35:56.175] Bot19 rotated left to face WEST
[14:35:56.175] Bot19 executed ROTATE_LEFT
[14:35:56.175] Bot19 moved forward to (8,8)
[14:35:56.175] Bot19 executed MOVE_FORWARD
[14:35:56.175] Starting turn for Bot10
[14:35:56.175] Starting turn for Bot19
[14:35:56.175] Bot19 moved forward to (8,7)
[14:35:56.175] Bot19 executed MOVE_FORWARD
[14:35:56.175] Starting turn for Bot10
[14:35:56.175] Bot10 rotated right to face SOUTH
[14:35:56.175] Bot10 executed ROTATE_RIGHT
[14:35:56.175] Starting turn for Bot19
[14:35:56.175] Bot19 rotated right to face NORTH
[14:35:56.175] Bot19 executed ROTATE_RIGHT
[14:35:56.175] Bot19 moved forward to (7,7)
[14:35:56.175] Bot19 executed MOVE_FORWARD
[14:35:56.175] Starting turn for Bot10
[14:35:56.175] Bot10 rotated left to face EAST
[14:35:56.175] Bot10 executed ROTATE_LEFT
[14:35:56.175] Starting turn for Bot19
[14:35:56.175] Bot19 rotated left to face WEST
[14:35:56.175] Bot19 executed ROTATE_LEFT
[14:35:56.175] Bot19 moved forward to (7,6)
[14:35:56.175] Bot19 executed MOVE_FORWARD
[14:35:56.175] Starting turn for Bot10
[14:35:56.175] Starting turn for Bot19
[14:35:56.175] Bot19 rotated right to face NORTH
[14:35:56.175] Bot19 executed ROTATE_RIGHT
[14:35:56.175] Bot19 moved forward to (6,6)
[14:35:56.175] Bot19 executed MOVE_FORWARD
[14:35:56.175] Starting turn for Bot10
[14:35:56.175] Bot10 rotated right to face SOUTH
[14:35:56.175] Bot10 executed ROTATE_RIGHT
[14:35:56.175] Starting turn for Bot19
[14:35:56.175] Bot19 rotated left to face WEST
[14:35:56.175] Bot19 executed ROTATE_LEFT
[14:35:56.175] Bot19 moved forward to (6,5)
[14:35:56.175] Bot19 executed MOVE_FORWARD
[14:35:56.175] Starting turn for Bot10
[14:35:56.175] Bot10 rotated left to face EAST
[14:35:56.175] Bot10 executed ROTATE_LEFT
[14:35:56.175] Starting turn for Bot19
[14:35:56.175] Bot19 rotated right to face NORTH
[14:35:56.175] Bot19 executed ROTATE_RIGHT
[14:35:56.175] Bot19 moved forward to (5,5)
[14:35:56.175] Bot19 executed MOVE_FORWARD
[14:35:56.175] Starting turn for Bot10
[14:35:56.175] Starting turn for Bot19
[14:35:56.175] Starting turn for Bot10
[14:35:56.175] Bot10 rotated right to face SOUTH
[14:35:56.175] Bot10 executed ROTATE_RIGHT
[14:35:56.175] Starting turn for Bot19
[14:35:56.175] Starting turn for Bot10
[14:35:56.175] Bot10 rotated left to face EAST
[14:35:56.175] Bot10 executed ROTATE_LEFT
[14:35:56.175] Starting turn for Bot19
[14:35:56.175] Starting turn for Bot10
[14:35:56.175] Starting turn for Bot19
[14:35:56.175] Starting turn for Bot10
[14:35:56.175] Bot10 rotated right to face SOUTH
[14:35:56.175] Bot10 executed ROTATE_RIGHT
[14:35:56.175] Starting turn for Bot19
[14:35:56.175] Starting turn for Bot10
[14:35:56.175] Bot10 rotated left to face EAST
[14:35:56.175] Bot10 executed ROTATE_LEFT
[14:35:56.175] Starting turn for Bot19
[14:35:56.175] Starting turn for Bot10
[14:35:56.175] Starting turn for Bot19
[14:35:56.175] Starting turn for Bot10
[14:35:56.175] Bot10 rotated right to face SOUTH
[14:35:56.175] Bot10 executed ROTATE_RIGHT
[14:35:56.175] Starting turn for Bot19
[14:35:56.175] Starting turn for Bot10
[14:35:56.175] Bot10 rotated left to face EAST
[14:35:56.175] Bot10 executed ROTATE_LEFT
[14:35:56.175] Starting turn for Bot19
[14:35:56.175] Starting turn for Bot10
[14:35:56.175] Starting turn for Bot19
[14:35:56.175] Stalemate detected: State repeated 10 times, unchanged for 3 turns
[14:35:56.175] Game Over! Stalemate detected!
[14:35:56.175] Stalemate detected: State repeated 10 times, unchanged for 3 turns
