[14:35:50.795] === Game Started at 2025-02-04_14-35-50 ===
[14:35:50.795] Game initialized with 2 players
[14:35:50.795] Board size: 10
[14:35:50.795] Obstacle density: 0.05
[14:35:50.795] Max turns: 1000
[14:35:50.795] Player Bot39 starting at position (0,0) facing NORTH
[14:35:50.795] Player Bot6 starting at position (9,9) facing SOUTH
[14:35:50.795] Obstacles at positions: (0,3) (0,7) (3,4) (7,8) (9,2)
[14:35:50.795] Starting turn for Bot39
[14:35:50.795] Bot39 rotated right to face EAST
[14:35:50.795] Bot39 executed ROTATE_RIGHT
[14:35:50.795] Bot39 moved forward to (0,1)
[14:35:50.795] Bot39 executed MOVE_FORWARD
[14:35:50.795] Starting turn for Bot6
[14:35:50.795] Bot6 rotated right to face WEST
[14:35:50.795] Bot6 executed ROTATE_RIGHT
[14:35:50.795] Bot6 moved forward to (9,8)
[14:35:50.795] Bot6 executed MOVE_FORWARD
[14:35:50.795] Starting turn for Bot39
[14:35:50.795] Bot39 rotated right to face SOUTH
[14:35:50.795] Bot39 executed ROTATE_RIGHT
[14:35:50.795] Bot39 moved forward to (1,1)
[14:35:50.795] Bot39 executed MOVE_FORWARD
[14:35:50.795] Starting turn for Bot6
[14:35:50.795] Bot6 rotated right to face NORTH
[14:35:50.795] Bot6 executed ROTATE_RIGHT
[14:35:50.795] Bot6 moved forward to (8,8)
[14:35:50.795] Bot6 executed MOVE_FORWARD
[14:35:50.795] Starting turn for Bot39
[14:35:50.795] Bot39 rotated left to face EAST
[14:35:50.795] Bot39 executed ROTATE_LEFT
[14:35:50.795] Bot39 moved forward to (1,2)
[14:35:50.795] Bot39 executed MOVE_FORWARD
[14:35:50.795] Starting turn for Bot6
[14:35:50.795] Bot6 rotated left to face WEST
[14:35:50.795] Bot6 executed ROTATE_LEFT
[14:35:50.795] Bot6 moved forward to (8,7)
[14:35:50.795] Bot6 executed MOVE_FORWARD
[14:35:50.795] Starting turn for Bot39
[14:35:50.795] Bot39 rotated right to face SOUTH
[14:35:50.796] Bot39 executed ROTATE_RIGHT
[14:35:50.796] Bot39 moved forward to (2,2)
[14:35:50.796] Bot39 executed MOVE_FORWARD
[14:35:50.796] Starting turn for Bot6
[14:35:50.796] Bot6 rotated right to face NORTH
[14:35:50.796] Bot6 executed ROTATE_RIGHT
[14:35:50.796] Bot6 moved forward to (7,7)
[14:35:50.796] Bot6 executed MOVE_FORWARD
[14:35:50.796] Starting turn for Bot39
[14:35:50.796] Bot39 rotated left to face EAST
[14:35:50.796] Bot39 executed ROTATE_LEFT
[14:35:50.796] Bot39 moved forward to (2,3)
[14:35:50.796] Bot39 executed MOVE_FORWARD
[14:35:50.796] Starting turn for Bot6
[14:35:50.796] Bot6 rotated left to face WEST
[14:35:50.796] Bot6 executed ROTATE_LEFT
[14:35:50.796] Bot6 moved forward to (7,6)
[14:35:50.796] Bot6 executed MOVE_FORWARD
[14:35:50.796] Starting turn for Bot39
[14:35:50.796] Bot39 rotated right to face SOUTH
[14:35:50.796] Bot39 executed ROTATE_RIGHT
[14:35:50.796] Bot39 moved forward to (3,3)
[14:35:50.796] Bot39 executed MOVE_FORWARD
[14:35:50.796] Starting turn for Bot6
[14:35:50.796] Bot6 rotated right to face NORTH
[14:35:50.796] Bot6 executed ROTATE_RIGHT
[14:35:50.796] Bot6 moved forward to (6,6)
[14:35:50.796] Bot6 executed MOVE_FORWARD
[14:35:50.796] Starting turn for Bot39
[14:35:50.796] Bot39 rotated left to face EAST
[14:35:50.796] Bot39 executed ROTATE_LEFT
[14:35:50.796] Starting turn for Bot6
[14:35:50.796] Bot6 rotated left to face WEST
[14:35:50.796] Bot6 executed ROTATE_LEFT
[14:35:50.796] Bot6 moved forward to (6,5)
[14:35:50.796] Bot6 executed MOVE_FORWARD
[14:35:50.796] Starting turn for Bot39
[14:35:50.796] Starting turn for Bot6
[14:35:50.796] Bot6 rotated right to face NORTH
[14:35:50.796] Bot6 executed ROTATE_RIGHT
[14:35:50.796] Bot6 moved forward to (5,5)
[14:35:50.796] Bot6 executed MOVE_FORWARD
[14:35:50.796] Starting turn for Bot39
[14:35:50.796] Bot39 rotated left to face NORTH
[14:35:50.796] Bot39 executed ROTATE_LEFT
[14:35:50.796] Bot39 moved forward to (2,3)
[14:35:50.796] Bot39 executed MOVE_FORWARD
[14:35:50.796] Starting turn for Bot6
[14:35:50.796] Starting turn for Bot39
[14:35:50.796] Bot39 rotated left to face WEST
[14:35:50.796] Bot39 executed ROTATE_LEFT
[14:35:50.796] Bot39 rotated left to face SOUTH
[14:35:50.796] Bot39 executed ROTATE_LEFT
[14:35:50.796] Bot39 moved forward to (3,3)
[14:35:50.796] Bot39 executed MOVE_FORWARD
[14:35:50.796] Starting turn for Bot6
[14:35:50.796] Starting turn for Bot39
[14:35:50.796] Bot39 rotated left to face EAST
[14:35:50.796] Bot39 executed ROTATE_LEFT
[14:35:50.796] Starting turn for Bot6
[14:35:50.796] Starting turn for Bot39
[14:35:50.796] Starting turn for Bot6
[14:35:50.796] Starting turn for Bot39
[14:35:50.796] Bot39 rotated left to face NORTH
[14:35:50.796] Bot39 executed ROTATE_LEFT
[14:35:50.796] Bot39 moved forward to (2,3)
[14:35:50.796] Bot39 executed MOVE_FORWARD
[14:35:50.796] Starting turn for Bot6
[14:35:50.796] Starting turn for Bot39
[14:35:50.796] Bot39 rotated left to face WEST
[14:35:50.796] Bot39 executed ROTATE_LEFT
[14:35:50.796] Bot39 rotated left to face SOUTH
[14:35:50.796] Bot39 executed ROTATE_LEFT
[14:35:50.796] Bot39 moved forward to (3,3)
[14:35:50.796] Bot39 executed MOVE_FORWARD
[14:35:50.796] Starting turn for Bot6
[14:35:50.796] Starting turn for Bot39
[14:35:50.796] Bot39 rotated left to face EAST
[14:35:50.796] Bot39 executed ROTATE_LEFT
[14:35:50.796] Starting turn for Bot6
[14:35:50.796] Starting turn for Bot39
[14:35:50.796] Starting turn for Bot6
[14:35:50.796] Starting turn for Bot39
[14:35:50.796] Bot39 rotated left to face NORTH
[14:35:50.796] Bot39 executed ROTATE_LEFT
[14:35:50.796] Bot39 moved forward to (2,3)
[14:35:50.796] Bot39 executed MOVE_FORWARD
[14:35:50.796] Starting turn for Bot6
[14:35:50.796] Starting turn for Bot39
[14:35:50.796] Bot39 rotated left to face WEST
[14:35:50.796] Bot39 executed ROTATE_LEFT
[14:35:50.796] Bot39 rotated left to face SOUTH
[14:35:50.796] Bot39 executed ROTATE_LEFT
[14:35:50.796] Bot39 moved forward to (3,3)
[14:35:50.796] Bot39 executed MOVE_FORWARD
[14:35:50.796] Starting turn for Bot6
[14:35:50.796] Starting turn for Bot39
[14:35:50.796] Bot39 rotated left to face EAST
[14:35:50.796] Bot39 executed ROTATE_LEFT
[14:35:50.796] Starting turn for Bot6
[14:35:50.796] Starting turn for Bot39
[14:35:50.796] Starting turn for Bot6
[14:35:50.796] Stalemate detected: State repeated 10 times, unchanged for 3 turns
[14:35:50.796] Game Over! Stalemate detected!
[14:35:50.796] Stalemate detected: State repeated 10 times, unchanged for 3 turns
