[14:35:50.028] === Game Started at 2025-02-04_14-35-50 ===
[14:35:50.028] Game initialized with 2 players
[14:35:50.028] Board size: 10
[14:35:50.028] Obstacle density: 0.05
[14:35:50.028] Max turns: 1000
[14:35:50.028] Player Bot6 starting at position (0,0) facing NORTH
[14:35:50.028] Player Bot24 starting at position (9,9) facing NORTH
[14:35:50.028] Obstacles at positions: (2,0) (2,2) (5,0) (8,8) (9,5)
[14:35:50.028] Starting turn for Bot6
[14:35:50.028] Bot6 rotated right to face EAST
[14:35:50.028] Bot6 executed ROTATE_RIGHT
[14:35:50.028] Bot6 moved forward to (0,1)
[14:35:50.028] Bot6 executed MOVE_FORWARD
[14:35:50.028] Starting turn for Bot24
[14:35:50.028] Bot24 rotated left to face WEST
[14:35:50.028] Bot24 executed ROTATE_LEFT
[14:35:50.028] Bot24 moved forward to (9,8)
[14:35:50.028] Bot24 executed MOVE_FORWARD
[14:35:50.028] Starting turn for Bot6
[14:35:50.028] Bot6 rotated right to face SOUTH
[14:35:50.028] Bot6 executed ROTATE_RIGHT
[14:35:50.028] Bot6 moved forward to (1,1)
[14:35:50.028] Bot6 executed MOVE_FORWARD
[14:35:50.028] Starting turn for Bot24
[14:35:50.028] Bot24 rotated right to face NORTH
[14:35:50.028] Bot24 executed ROTATE_RIGHT
[14:35:50.028] Starting turn for Bot6
[14:35:50.028] Bot6 rotated left to face EAST
[14:35:50.028] Bot6 executed ROTATE_LEFT
[14:35:50.028] Bot6 moved forward to (1,2)
[14:35:50.028] Bot6 executed MOVE_FORWARD
[14:35:50.028] Starting turn for Bot24
[14:35:50.028] Starting turn for Bot6
[14:35:50.028] Bot6 rotated right to face SOUTH
[14:35:50.028] Bot6 executed ROTATE_RIGHT
[14:35:50.028] Starting turn for Bot24
[14:35:50.028] Bot24 rotated right to face EAST
[14:35:50.028] Bot24 executed ROTATE_RIGHT
[14:35:50.028] Bot24 moved forward to (9,9)
[14:35:50.028] Bot24 executed MOVE_FORWARD
[14:35:50.028] Starting turn for Bot6
[14:35:50.028] Starting turn for Bot24
[14:35:50.028] Bot24 rotated left to face NORTH
[14:35:50.028] Bot24 executed ROTATE_LEFT
[14:35:50.028] Bot24 rotated left to face WEST
[14:35:50.028] Bot24 executed ROTATE_LEFT
[14:35:50.028] Bot24 moved forward to (9,8)
[14:35:50.028] Bot24 executed MOVE_FORWARD
[14:35:50.028] Starting turn for Bot6
[14:35:50.028] Bot6 rotated left to face EAST
[14:35:50.028] Bot6 executed ROTATE_LEFT
[14:35:50.028] Bot6 rotated left to face NORTH
[14:35:50.028] Bot6 executed ROTATE_LEFT
[14:35:50.028] Bot6 moved forward to (0,2)
[14:35:50.028] Bot6 executed MOVE_FORWARD
[14:35:50.028] Starting turn for Bot24
[14:35:50.028] Bot24 rotated right to face NORTH
[14:35:50.028] Bot24 executed ROTATE_RIGHT
[14:35:50.028] Starting turn for Bot6
[14:35:50.028] Bot6 rotated left to face WEST
[14:35:50.028] Bot6 executed ROTATE_LEFT
[14:35:50.028] Bot6 rotated left to face SOUTH
[14:35:50.028] Bot6 executed ROTATE_LEFT
[14:35:50.028] Bot6 moved forward to (1,2)
[14:35:50.028] Bot6 executed MOVE_FORWARD
[14:35:50.028] Starting turn for Bot24
[14:35:50.028] Starting turn for Bot6
[14:35:50.028] Starting turn for Bot24
[14:35:50.028] Bot24 rotated right to face EAST
[14:35:50.028] Bot24 executed ROTATE_RIGHT
[14:35:50.028] Bot24 moved forward to (9,9)
[14:35:50.028] Bot24 executed MOVE_FORWARD
[14:35:50.028] Starting turn for Bot6
[14:35:50.028] Starting turn for Bot24
[14:35:50.028] Bot24 rotated left to face NORTH
[14:35:50.028] Bot24 executed ROTATE_LEFT
[14:35:50.028] Bot24 rotated left to face WEST
[14:35:50.028] Bot24 executed ROTATE_LEFT
[14:35:50.029] Bot24 moved forward to (9,8)
[14:35:50.029] Bot24 executed MOVE_FORWARD
[14:35:50.029] Starting turn for Bot6
[14:35:50.029] Bot6 rotated left to face EAST
[14:35:50.029] Bot6 executed ROTATE_LEFT
[14:35:50.029] Bot6 rotated left to face NORTH
[14:35:50.029] Bot6 executed ROTATE_LEFT
[14:35:50.029] Bot6 moved forward to (0,2)
[14:35:50.029] Bot6 executed MOVE_FORWARD
[14:35:50.029] Starting turn for Bot24
[14:35:50.029] Bot24 rotated right to face NORTH
[14:35:50.029] Bot24 executed ROTATE_RIGHT
[14:35:50.029] Starting turn for Bot6
[14:35:50.029] Bot6 rotated left to face WEST
[14:35:50.029] Bot6 executed ROTATE_LEFT
[14:35:50.029] Bot6 rotated left to face SOUTH
[14:35:50.029] Bot6 executed ROTATE_LEFT
[14:35:50.029] Bot6 moved forward to (1,2)
[14:35:50.029] Bot6 executed MOVE_FORWARD
[14:35:50.029] Starting turn for Bot24
[14:35:50.029] Starting turn for Bot6
[14:35:50.029] Starting turn for Bot24
[14:35:50.029] Bot24 rotated right to face EAST
[14:35:50.029] Bot24 executed ROTATE_RIGHT
[14:35:50.029] Bot24 moved forward to (9,9)
[14:35:50.029] Bot24 executed MOVE_FORWARD
[14:35:50.029] Starting turn for Bot6
[14:35:50.029] Starting turn for Bot24
[14:35:50.029] Bot24 rotated left to face NORTH
[14:35:50.029] Bot24 executed ROTATE_LEFT
[14:35:50.029] Bot24 rotated left to face WEST
[14:35:50.029] Bot24 executed ROTATE_LEFT
[14:35:50.029] Bot24 moved forward to (9,8)
[14:35:50.029] Bot24 executed MOVE_FORWARD
[14:35:50.029] Starting turn for Bot6
[14:35:50.029] Bot6 rotated left to face EAST
[14:35:50.029] Bot6 executed ROTATE_LEFT
[14:35:50.029] Bot6 rotated left to face NORTH
[14:35:50.029] Bot6 executed ROTATE_LEFT
[14:35:50.029] Bot6 moved forward to (0,2)
[14:35:50.029] Bot6 executed MOVE_FORWARD
[14:35:50.029] Starting turn for Bot24
[14:35:50.029] Bot24 rotated right to face NORTH
[14:35:50.029] Bot24 executed ROTATE_RIGHT
[14:35:50.029] Starting turn for Bot6
[14:35:50.029] Bot6 rotated left to face WEST
[14:35:50.029] Bot6 executed ROTATE_LEFT
[14:35:50.029] Bot6 rotated left to face SOUTH
[14:35:50.029] Bot6 executed ROTATE_LEFT
[14:35:50.029] Bot6 moved forward to (1,2)
[14:35:50.029] Bot6 executed MOVE_FORWARD
[14:35:50.029] Starting turn for Bot24
[14:35:50.029] Starting turn for Bot6
[14:35:50.029] Starting turn for Bot24
[14:35:50.029] Bot24 rotated right to face EAST
[14:35:50.029] Bot24 executed ROTATE_RIGHT
[14:35:50.029] Bot24 moved forward to (9,9)
[14:35:50.029] Bot24 executed MOVE_FORWARD
[14:35:50.029] Starting turn for Bot6
[14:35:50.029] Starting turn for Bot24
[14:35:50.029] Bot24 rotated left to face NORTH
[14:35:50.029] Bot24 executed ROTATE_LEFT
[14:35:50.029] Bot24 rotated left to face WEST
[14:35:50.029] Bot24 executed ROTATE_LEFT
[14:35:50.029] Bot24 moved forward to (9,8)
[14:35:50.029] Bot24 executed MOVE_FORWARD
[14:35:50.029] Starting turn for Bot6
[14:35:50.029] Bot6 rotated left to face EAST
[14:35:50.029] Bot6 executed ROTATE_LEFT
[14:35:50.029] Bot6 rotated left to face NORTH
[14:35:50.029] Bot6 executed ROTATE_LEFT
[14:35:50.029] Bot6 moved forward to (0,2)
[14:35:50.029] Bot6 executed MOVE_FORWARD
[14:35:50.029] Starting turn for Bot24
[14:35:50.029] Bot24 rotated right to face NORTH
[14:35:50.029] Bot24 executed ROTATE_RIGHT
[14:35:50.029] Starting turn for Bot6
[14:35:50.029] Bot6 rotated left to face WEST
[14:35:50.029] Bot6 executed ROTATE_LEFT
[14:35:50.029] Bot6 rotated left to face SOUTH
[14:35:50.029] Bot6 executed ROTATE_LEFT
[14:35:50.029] Bot6 moved forward to (1,2)
[14:35:50.029] Bot6 executed MOVE_FORWARD
[14:35:50.029] Starting turn for Bot24
[14:35:50.029] Starting turn for Bot6
[14:35:50.029] Starting turn for Bot24
[14:35:50.029] Stalemate detected: State repeated 10 times, unchanged for 1 turns
[14:35:50.029] Game Over! Stalemate detected!
[14:35:50.029] Stalemate detected: State repeated 10 times, unchanged for 1 turns
