[14:35:47.636] === Game Started at 2025-02-04_14-35-47 ===
[14:35:47.636] Game initialized with 2 players
[14:35:47.636] Board size: 10
[14:35:47.636] Obstacle density: 0.05
[14:35:47.636] Max turns: 1000
[14:35:47.636] Player Bot13 starting at position (0,0) facing EAST
[14:35:47.636] Player Bot5 starting at position (9,9) facing WEST
[14:35:47.636] Obstacles at positions: (1,3) (2,9) (7,4) (7,7) (8,4)
[14:35:47.636] Starting turn for Bot13
[14:35:47.636] Bot13 moved forward to (0,1)
[14:35:47.636] Bot13 executed MOVE_FORWARD
[14:35:47.636] Starting turn for Bot5
[14:35:47.636] Bot5 moved forward to (9,8)
[14:35:47.636] Bot5 executed MOVE_FORWARD
[14:35:47.636] Starting turn for Bot13
[14:35:47.636] Bot13 rotated right to face SOUTH
[14:35:47.636] Bot13 executed ROTATE_RIGHT
[14:35:47.636] Bot13 moved forward to (1,1)
[14:35:47.636] Bot13 executed MOVE_FORWARD
[14:35:47.636] Starting turn for Bot5
[14:35:47.636] Bot5 rotated right to face NORTH
[14:35:47.636] Bot5 executed ROTATE_RIGHT
[14:35:47.636] Bot5 moved forward to (8,8)
[14:35:47.636] Bot5 executed MOVE_FORWARD
[14:35:47.636] Starting turn for Bot13
[14:35:47.636] Bot13 rotated left to face EAST
[14:35:47.636] Bot13 executed ROTATE_LEFT
[14:35:47.636] Bot13 moved forward to (1,2)
[14:35:47.636] Bot13 executed MOVE_FORWARD
[14:35:47.637] Starting turn for Bot5
[14:35:47.637] Bot5 rotated left to face WEST
[14:35:47.637] Bot5 executed ROTATE_LEFT
[14:35:47.637] Bot5 moved forward to (8,7)
[14:35:47.637] Bot5 executed MOVE_FORWARD
[14:35:47.637] Starting turn for Bot13
[14:35:47.637] Bot13 rotated right to face SOUTH
[14:35:47.637] Bot13 executed ROTATE_RIGHT
[14:35:47.637] Bot13 moved forward to (2,2)
[14:35:47.637] Bot13 executed MOVE_FORWARD
[14:35:47.637] Starting turn for Bot5
[14:35:47.637] Bot5 rotated right to face NORTH
[14:35:47.637] Bot5 executed ROTATE_RIGHT
[14:35:47.637] Starting turn for Bot13
[14:35:47.637] Bot13 rotated left to face EAST
[14:35:47.637] Bot13 executed ROTATE_LEFT
[14:35:47.637] Bot13 moved forward to (2,3)
[14:35:47.637] Bot13 executed MOVE_FORWARD
[14:35:47.637] Starting turn for Bot5
[14:35:47.637] Starting turn for Bot13
[14:35:47.637] Bot13 rotated right to face SOUTH
[14:35:47.637] Bot13 executed ROTATE_RIGHT
[14:35:47.637] Bot13 moved forward to (3,3)
[14:35:47.637] Bot13 executed MOVE_FORWARD
[14:35:47.637] Starting turn for Bot5
[14:35:47.637] Bot5 rotated right to face EAST
[14:35:47.637] Bot5 executed ROTATE_RIGHT
[14:35:47.637] Bot5 moved forward to (8,8)
[14:35:47.637] Bot5 executed MOVE_FORWARD
[14:35:47.637] Starting turn for Bot13
[14:35:47.637] Bot13 rotated left to face EAST
[14:35:47.637] Bot13 executed ROTATE_LEFT
[14:35:47.637] Bot13 moved forward to (3,4)
[14:35:47.637] Bot13 executed MOVE_FORWARD
[14:35:47.637] Starting turn for Bot5
[14:35:47.637] Bot5 rotated left to face NORTH
[14:35:47.637] Bot5 executed ROTATE_LEFT
[14:35:47.637] Bot5 rotated left to face WEST
[14:35:47.637] Bot5 executed ROTATE_LEFT
[14:35:47.637] Bot5 moved forward to (8,7)
[14:35:47.637] Bot5 executed MOVE_FORWARD
[14:35:47.637] Starting turn for Bot13
[14:35:47.637] Bot13 rotated right to face SOUTH
[14:35:47.637] Bot13 executed ROTATE_RIGHT
[14:35:47.637] Bot13 moved forward to (4,4)
[14:35:47.637] Bot13 executed MOVE_FORWARD
[14:35:47.637] Starting turn for Bot5
[14:35:47.637] Bot5 rotated right to face NORTH
[14:35:47.637] Bot5 executed ROTATE_RIGHT
[14:35:47.637] Starting turn for Bot13
[14:35:47.637] Bot13 rotated left to face EAST
[14:35:47.637] Bot13 executed ROTATE_LEFT
[14:35:47.637] Bot13 moved forward to (4,5)
[14:35:47.637] Bot13 executed MOVE_FORWARD
[14:35:47.637] Starting turn for Bot5
[14:35:47.637] Starting turn for Bot13
[14:35:47.637] Bot13 rotated right to face SOUTH
[14:35:47.637] Bot13 executed ROTATE_RIGHT
[14:35:47.637] Bot13 moved forward to (5,5)
[14:35:47.637] Bot13 executed MOVE_FORWARD
[14:35:47.637] Starting turn for Bot5
[14:35:47.637] Bot5 rotated right to face EAST
[14:35:47.637] Bot5 executed ROTATE_RIGHT
[14:35:47.637] Bot5 moved forward to (8,8)
[14:35:47.637] Bot5 executed MOVE_FORWARD
[14:35:47.637] Starting turn for Bot13
[14:35:47.637] Starting turn for Bot5
[14:35:47.637] Bot5 rotated left to face NORTH
[14:35:47.637] Bot5 executed ROTATE_LEFT
[14:35:47.637] Bot5 rotated left to face WEST
[14:35:47.637] Bot5 executed ROTATE_LEFT
[14:35:47.637] Bot5 moved forward to (8,7)
[14:35:47.637] Bot5 executed MOVE_FORWARD
[14:35:47.637] Starting turn for Bot13
[14:35:47.637] Starting turn for Bot5
[14:35:47.637] Bot5 rotated right to face NORTH
[14:35:47.637] Bot5 executed ROTATE_RIGHT
[14:35:47.637] Starting turn for Bot13
[14:35:47.637] Starting turn for Bot5
[14:35:47.637] Starting turn for Bot13
[14:35:47.637] Starting turn for Bot5
[14:35:47.637] Bot5 rotated right to face EAST
[14:35:47.637] Bot5 executed ROTATE_RIGHT
[14:35:47.637] Bot5 moved forward to (8,8)
[14:35:47.637] Bot5 executed MOVE_FORWARD
[14:35:47.637] Starting turn for Bot13
[14:35:47.637] Starting turn for Bot5
[14:35:47.637] Bot5 rotated left to face NORTH
[14:35:47.637] Bot5 executed ROTATE_LEFT
[14:35:47.637] Bot5 rotated left to face WEST
[14:35:47.637] Bot5 executed ROTATE_LEFT
[14:35:47.637] Bot5 moved forward to (8,7)
[14:35:47.637] Bot5 executed MOVE_FORWARD
[14:35:47.637] Starting turn for Bot13
[14:35:47.637] Starting turn for Bot5
[14:35:47.637] Bot5 rotated right to face NORTH
[14:35:47.637] Bot5 executed ROTATE_RIGHT
[14:35:47.637] Starting turn for Bot13
[14:35:47.637] Starting turn for Bot5
[14:35:47.637] Starting turn for Bot13
[14:35:47.637] Starting turn for Bot5
[14:35:47.637] Bot5 rotated right to face EAST
[14:35:47.637] Bot5 executed ROTATE_RIGHT
[14:35:47.637] Bot5 moved forward to (8,8)
[14:35:47.637] Bot5 executed MOVE_FORWARD
[14:35:47.637] Starting turn for Bot13
[14:35:47.637] Starting turn for Bot5
[14:35:47.637] Bot5 rotated left to face NORTH
[14:35:47.637] Bot5 executed ROTATE_LEFT
[14:35:47.637] Bot5 rotated left to face WEST
[14:35:47.637] Bot5 executed ROTATE_LEFT
[14:35:47.637] Bot5 moved forward to (8,7)
[14:35:47.637] Bot5 executed MOVE_FORWARD
[14:35:47.637] Starting turn for Bot13
[14:35:47.637] Starting turn for Bot5
[14:35:47.637] Bot5 rotated right to face NORTH
[14:35:47.637] Bot5 executed ROTATE_RIGHT
[14:35:47.637] Starting turn for Bot13
[14:35:47.637] Stalemate detected: State repeated 10 times, unchanged for 1 turns
[14:35:47.637] Game Over! Stalemate detected!
[14:35:47.637] Stalemate detected: State repeated 10 times, unchanged for 1 turns
