[14:35:43.864] === Game Started at 2025-02-04_14-35-43 ===
[14:35:43.864] Game initialized with 2 players
[14:35:43.864] Board size: 10
[14:35:43.864] Obstacle density: 0.05
[14:35:43.864] Max turns: 1000
[14:35:43.864] Player Bot3 starting at position (0,0) facing WEST
[14:35:43.864] Player Bot19 starting at position (9,9) facing EAST
[14:35:43.864] Obstacles at positions: (1,5) (2,2) (4,6) (6,8) (8,6)
[14:35:43.864] Starting turn for Bot3
[14:35:43.864] Bot3 rotated left to face SOUTH
[14:35:43.864] Bot3 executed ROTATE_LEFT
[14:35:43.864] Bot3 rotated left to face EAST
[14:35:43.864] Bot3 executed ROTATE_LEFT
[14:35:43.864] Bot3 moved forward to (0,1)
[14:35:43.864] Bot3 executed MOVE_FORWARD
[14:35:43.864] Starting turn for Bot19
[14:35:43.864] Bot19 rotated left to face NORTH
[14:35:43.864] Bot19 executed ROTATE_LEFT
[14:35:43.864] Bot19 rotated left to face WEST
[14:35:43.864] Bot19 executed ROTATE_LEFT
[14:35:43.864] Bot19 moved forward to (9,8)
[14:35:43.864] Bot19 executed MOVE_FORWARD
[14:35:43.864] Starting turn for Bot3
[14:35:43.864] Bot3 rotated right to face SOUTH
[14:35:43.864] Bot3 executed ROTATE_RIGHT
[14:35:43.864] Bot3 moved forward to (1,1)
[14:35:43.864] Bot3 executed MOVE_FORWARD
[14:35:43.864] Starting turn for Bot19
[14:35:43.864] Bot19 rotated right to face NORTH
[14:35:43.864] Bot19 executed ROTATE_RIGHT
[14:35:43.864] Bot19 moved forward to (8,8)
[14:35:43.864] Bot19 executed MOVE_FORWARD
[14:35:43.864] Starting turn for Bot3
[14:35:43.864] Bot3 rotated left to face EAST
[14:35:43.864] Bot3 executed ROTATE_LEFT
[14:35:43.864] Bot3 moved forward to (1,2)
[14:35:43.864] Bot3 executed MOVE_FORWARD
[14:35:43.864] Starting turn for Bot19
[14:35:43.864] Bot19 rotated left to face WEST
[14:35:43.864] Bot19 executed ROTATE_LEFT
[14:35:43.864] Bot19 moved forward to (8,7)
[14:35:43.864] Bot19 executed MOVE_FORWARD
[14:35:43.864] Starting turn for Bot3
[14:35:43.864] Bot3 rotated right to face SOUTH
[14:35:43.864] Bot3 executed ROTATE_RIGHT
[14:35:43.864] Starting turn for Bot19
[14:35:43.864] Bot19 rotated right to face NORTH
[14:35:43.864] Bot19 executed ROTATE_RIGHT
[14:35:43.864] Bot19 moved forward to (7,7)
[14:35:43.864] Bot19 executed MOVE_FORWARD
[14:35:43.864] Starting turn for Bot3
[14:35:43.864] Starting turn for Bot19
[14:35:43.864] Bot19 rotated left to face WEST
[14:35:43.864] Bot19 executed ROTATE_LEFT
[14:35:43.864] Bot19 moved forward to (7,6)
[14:35:43.864] Bot19 executed MOVE_FORWARD
[14:35:43.864] Starting turn for Bot3
[14:35:43.864] Bot3 rotated left to face EAST
[14:35:43.864] Bot3 executed ROTATE_LEFT
[14:35:43.864] Bot3 rotated left to face NORTH
[14:35:43.864] Bot3 executed ROTATE_LEFT
[14:35:43.864] Bot3 moved forward to (0,2)
[14:35:43.864] Bot3 executed MOVE_FORWARD
[14:35:43.864] Starting turn for Bot19
[14:35:43.864] Bot19 rotated right to face NORTH
[14:35:43.864] Bot19 executed ROTATE_RIGHT
[14:35:43.864] Bot19 moved forward to (6,6)
[14:35:43.864] Bot19 executed MOVE_FORWARD
[14:35:43.864] Starting turn for Bot3
[14:35:43.864] Bot3 rotated left to face WEST
[14:35:43.864] Bot3 executed ROTATE_LEFT
[14:35:43.864] Bot3 rotated left to face SOUTH
[14:35:43.864] Bot3 executed ROTATE_LEFT
[14:35:43.864] Bot3 moved forward to (1,2)
[14:35:43.864] Bot3 executed MOVE_FORWARD
[14:35:43.864] Starting turn for Bot19
[14:35:43.864] Bot19 rotated left to face WEST
[14:35:43.864] Bot19 executed ROTATE_LEFT
[14:35:43.864] Bot19 moved forward to (6,5)
[14:35:43.864] Bot19 executed MOVE_FORWARD
[14:35:43.864] Starting turn for Bot3
[14:35:43.864] Starting turn for Bot19
[14:35:43.864] Bot19 rotated right to face NORTH
[14:35:43.864] Bot19 executed ROTATE_RIGHT
[14:35:43.864] Bot19 moved forward to (5,5)
[14:35:43.864] Bot19 executed MOVE_FORWARD
[14:35:43.864] Starting turn for Bot3
[14:35:43.864] Starting turn for Bot19
[14:35:43.864] Starting turn for Bot3
[14:35:43.864] Bot3 rotated left to face EAST
[14:35:43.864] Bot3 executed ROTATE_LEFT
[14:35:43.864] Bot3 rotated left to face NORTH
[14:35:43.864] Bot3 executed ROTATE_LEFT
[14:35:43.864] Bot3 moved forward to (0,2)
[14:35:43.864] Bot3 executed MOVE_FORWARD
[14:35:43.864] Starting turn for Bot19
[14:35:43.864] Starting turn for Bot3
[14:35:43.864] Bot3 rotated left to face WEST
[14:35:43.864] Bot3 executed ROTATE_LEFT
[14:35:43.864] Bot3 rotated left to face SOUTH
[14:35:43.864] Bot3 executed ROTATE_LEFT
[14:35:43.864] Bot3 moved forward to (1,2)
[14:35:43.864] Bot3 executed MOVE_FORWARD
[14:35:43.864] Starting turn for Bot19
[14:35:43.864] Starting turn for Bot3
[14:35:43.864] Starting turn for Bot19
[14:35:43.864] Starting turn for Bot3
[14:35:43.864] Starting turn for Bot19
[14:35:43.864] Starting turn for Bot3
[14:35:43.864] Bot3 rotated left to face EAST
[14:35:43.864] Bot3 executed ROTATE_LEFT
[14:35:43.864] Bot3 rotated left to face NORTH
[14:35:43.864] Bot3 executed ROTATE_LEFT
[14:35:43.864] Bot3 moved forward to (0,2)
[14:35:43.864] Bot3 executed MOVE_FORWARD
[14:35:43.864] Starting turn for Bot19
[14:35:43.864] Starting turn for Bot3
[14:35:43.864] Bot3 rotated left to face WEST
[14:35:43.864] Bot3 executed ROTATE_LEFT
[14:35:43.864] Bot3 rotated left to face SOUTH
[14:35:43.864] Bot3 executed ROTATE_LEFT
[14:35:43.864] Bot3 moved forward to (1,2)
[14:35:43.864] Bot3 executed MOVE_FORWARD
[14:35:43.864] Starting turn for Bot19
[14:35:43.864] Starting turn for Bot3
[14:35:43.864] Starting turn for Bot19
[14:35:43.864] Starting turn for Bot3
[14:35:43.864] Starting turn for Bot19
[14:35:43.864] Starting turn for Bot3
[14:35:43.864] Bot3 rotated left to face EAST
[14:35:43.864] Bot3 executed ROTATE_LEFT
[14:35:43.864] Bot3 rotated left to face NORTH
[14:35:43.864] Bot3 executed ROTATE_LEFT
[14:35:43.864] Bot3 moved forward to (0,2)
[14:35:43.864] Bot3 executed MOVE_FORWARD
[14:35:43.864] Starting turn for Bot19
[14:35:43.864] Starting turn for Bot3
[14:35:43.864] Bot3 rotated left to face WEST
[14:35:43.864] Bot3 executed ROTATE_LEFT
[14:35:43.864] Bot3 rotated left to face SOUTH
[14:35:43.864] Bot3 executed ROTATE_LEFT
[14:35:43.864] Bot3 moved forward to (1,2)
[14:35:43.864] Bot3 executed MOVE_FORWARD
[14:35:43.864] Starting turn for Bot19
[14:35:43.864] Starting turn for Bot3
[14:35:43.864] Starting turn for Bot19
[14:35:43.864] Stalemate detected: State repeated 10 times, unchanged for 1 turns
[14:35:43.864] Game Over! Stalemate detected!
[14:35:43.864] Stalemate detected: State repeated 10 times, unchanged for 1 turns
