[14:35:48.502] === Game Started at 2025-02-04_14-35-48 ===
[14:35:48.502] Game initialized with 2 players
[14:35:48.502] Board size: 10
[14:35:48.502] Obstacle density: 0.05
[14:35:48.502] Max turns: 1000
[14:35:48.502] Player Bot30 starting at position (0,0) facing SOUTH
[14:35:48.502] Player Bot5 starting at position (9,9) facing SOUTH
[14:35:48.502] Obstacles at positions: (1,9) (4,6) (7,8) (7,9) (8,7)
[14:35:48.502] Starting turn for Bot30
[14:35:48.502] Bot30 rotated left to face EAST
[14:35:48.502] Bot30 executed ROTATE_LEFT
[14:35:48.502] Bot30 moved forward to (0,1)
[14:35:48.502] Bot30 executed MOVE_FORWARD
[14:35:48.502] Starting turn for Bot5
[14:35:48.502] Bot5 rotated right to face WEST
[14:35:48.502] Bot5 executed ROTATE_RIGHT
[14:35:48.502] Bot5 moved forward to (9,8)
[14:35:48.502] Bot5 executed MOVE_FORWARD
[14:35:48.502] Starting turn for Bot30
[14:35:48.502] Bot30 rotated right to face SOUTH
[14:35:48.502] Bot30 executed ROTATE_RIGHT
[14:35:48.502] Bot30 moved forward to (1,1)
[14:35:48.502] Bot30 executed MOVE_FORWARD
[14:35:48.502] Starting turn for Bot5
[14:35:48.502] Bot5 rotated right to face NORTH
[14:35:48.502] Bot5 executed ROTATE_RIGHT
[14:35:48.503] Bot5 moved forward to (8,8)
[14:35:48.503] Bot5 executed MOVE_FORWARD
[14:35:48.503] Starting turn for Bot30
[14:35:48.503] Bot30 rotated left to face EAST
[14:35:48.503] Bot30 executed ROTATE_LEFT
[14:35:48.503] Bot30 moved forward to (1,2)
[14:35:48.503] Bot30 executed MOVE_FORWARD
[14:35:48.503] Starting turn for Bot5
[14:35:48.503] Bot5 rotated left to face WEST
[14:35:48.503] Bot5 executed ROTATE_LEFT
[14:35:48.503] Starting turn for Bot30
[14:35:48.503] Bot30 rotated right to face SOUTH
[14:35:48.503] Bot30 executed ROTATE_RIGHT
[14:35:48.503] Bot30 moved forward to (2,2)
[14:35:48.503] Bot30 executed MOVE_FORWARD
[14:35:48.503] Starting turn for Bot5
[14:35:48.503] Starting turn for Bot30
[14:35:48.503] Bot30 rotated left to face EAST
[14:35:48.503] Bot30 executed ROTATE_LEFT
[14:35:48.503] Bot30 moved forward to (2,3)
[14:35:48.503] Bot30 executed MOVE_FORWARD
[14:35:48.503] Starting turn for Bot5
[14:35:48.503] Bot5 rotated left to face SOUTH
[14:35:48.503] Bot5 executed ROTATE_LEFT
[14:35:48.503] Bot5 rotated left to face EAST
[14:35:48.503] Bot5 executed ROTATE_LEFT
[14:35:48.503] Bot5 moved forward to (8,9)
[14:35:48.503] Bot5 executed MOVE_FORWARD
[14:35:48.503] Starting turn for Bot30
[14:35:48.503] Bot30 rotated right to face SOUTH
[14:35:48.503] Bot30 executed ROTATE_RIGHT
[14:35:48.503] Bot30 moved forward to (3,3)
[14:35:48.503] Bot30 executed MOVE_FORWARD
[14:35:48.503] Starting turn for Bot5
[14:35:48.503] Bot5 rotated left to face NORTH
[14:35:48.503] Bot5 executed ROTATE_LEFT
[14:35:48.503] Bot5 rotated left to face WEST
[14:35:48.503] Bot5 executed ROTATE_LEFT
[14:35:48.503] Bot5 moved forward to (8,8)
[14:35:48.503] Bot5 executed MOVE_FORWARD
[14:35:48.503] Starting turn for Bot30
[14:35:48.503] Bot30 rotated left to face EAST
[14:35:48.503] Bot30 executed ROTATE_LEFT
[14:35:48.503] Bot30 moved forward to (3,4)
[14:35:48.503] Bot30 executed MOVE_FORWARD
[14:35:48.503] Starting turn for Bot5
[14:35:48.503] Starting turn for Bot30
[14:35:48.503] Bot30 rotated right to face SOUTH
[14:35:48.503] Bot30 executed ROTATE_RIGHT
[14:35:48.503] Bot30 moved forward to (4,4)
[14:35:48.503] Bot30 executed MOVE_FORWARD
[14:35:48.503] Starting turn for Bot5
[14:35:48.503] Starting turn for Bot30
[14:35:48.503] Bot30 rotated left to face EAST
[14:35:48.503] Bot30 executed ROTATE_LEFT
[14:35:48.503] Bot30 moved forward to (4,5)
[14:35:48.503] Bot30 executed MOVE_FORWARD
[14:35:48.503] Starting turn for Bot5
[14:35:48.503] Bot5 rotated left to face SOUTH
[14:35:48.503] Bot5 executed ROTATE_LEFT
[14:35:48.503] Bot5 rotated left to face EAST
[14:35:48.503] Bot5 executed ROTATE_LEFT
[14:35:48.503] Bot5 moved forward to (8,9)
[14:35:48.503] Bot5 executed MOVE_FORWARD
[14:35:48.503] Starting turn for Bot30
[14:35:48.503] Bot30 rotated right to face SOUTH
[14:35:48.503] Bot30 executed ROTATE_RIGHT
[14:35:48.503] Bot30 moved forward to (5,5)
[14:35:48.503] Bot30 executed MOVE_FORWARD
[14:35:48.503] Starting turn for Bot5
[14:35:48.503] Bot5 rotated left to face NORTH
[14:35:48.503] Bot5 executed ROTATE_LEFT
[14:35:48.503] Bot5 rotated left to face WEST
[14:35:48.503] Bot5 executed ROTATE_LEFT
[14:35:48.503] Bot5 moved forward to (8,8)
[14:35:48.503] Bot5 executed MOVE_FORWARD
[14:35:48.503] Starting turn for Bot30
[14:35:48.503] Starting turn for Bot5
[14:35:48.503] Starting turn for Bot30
[14:35:48.503] Starting turn for Bot5
[14:35:48.503] Starting turn for Bot30
[14:35:48.503] Starting turn for Bot5
[14:35:48.503] Bot5 rotated left to face SOUTH
[14:35:48.503] Bot5 executed ROTATE_LEFT
[14:35:48.503] Bot5 rotated left to face EAST
[14:35:48.503] Bot5 executed ROTATE_LEFT
[14:35:48.503] Bot5 moved forward to (8,9)
[14:35:48.503] Bot5 executed MOVE_FORWARD
[14:35:48.503] Starting turn for Bot30
[14:35:48.503] Starting turn for Bot5
[14:35:48.503] Bot5 rotated left to face NORTH
[14:35:48.503] Bot5 executed ROTATE_LEFT
[14:35:48.503] Bot5 rotated left to face WEST
[14:35:48.503] Bot5 executed ROTATE_LEFT
[14:35:48.503] Bot5 moved forward to (8,8)
[14:35:48.503] Bot5 executed MOVE_FORWARD
[14:35:48.503] Starting turn for Bot30
[14:35:48.503] Starting turn for Bot5
[14:35:48.503] Starting turn for Bot30
[14:35:48.503] Starting turn for Bot5
[14:35:48.503] Starting turn for Bot30
[14:35:48.503] Starting turn for Bot5
[14:35:48.503] Bot5 rotated left to face SOUTH
[14:35:48.503] Bot5 executed ROTATE_LEFT
[14:35:48.503] Bot5 rotated left to face EAST
[14:35:48.503] Bot5 executed ROTATE_LEFT
[14:35:48.503] Bot5 moved forward to (8,9)
[14:35:48.503] Bot5 executed MOVE_FORWARD
[14:35:48.503] Starting turn for Bot30
[14:35:48.503] Starting turn for Bot5
[14:35:48.503] Bot5 rotated left to face NORTH
[14:35:48.503] Bot5 executed ROTATE_LEFT
[14:35:48.503] Bot5 rotated left to face WEST
[14:35:48.503] Bot5 executed ROTATE_LEFT
[14:35:48.503] Bot5 moved forward to (8,8)
[14:35:48.503] Bot5 executed MOVE_FORWARD
[14:35:48.503] Starting turn for Bot30
[14:35:48.503] Starting turn for Bot5
[14:35:48.503] Starting turn for Bot30
[14:35:48.503] Starting turn for Bot5
[14:35:48.503] Stalemate detected: State repeated 10 times, unchanged for 6 turns
[14:35:48.503] Game Over! Stalemate detected!
[14:35:48.503] Stalemate detected: State repeated 10 times, unchanged for 6 turns
