[14:35:38.933] === Game Started at 2025-02-04_14-35-38 ===
[14:35:38.934] Game initialized with 2 players
[14:35:38.934] Board size: 10
[14:35:38.934] Obstacle density: 0.05
[14:35:38.934] Max turns: 1000
[14:35:38.934] Player Bot1 starting at position (0,0) facing WEST
[14:35:38.934] Player Bot3 starting at position (9,9) facing EAST
[14:35:38.934] Obstacles at positions: (1,2) (2,9) (3,2) (3,8) (8,0)
[14:35:38.934] Starting turn for Bot1
[14:35:38.934] Bot1 rotated left to face SOUTH
[14:35:38.934] Bot1 executed ROTATE_LEFT
[14:35:38.934] Bot1 rotated left to face EAST
[14:35:38.934] Bot1 executed ROTATE_LEFT
[14:35:38.934] Bot1 moved forward to (0,1)
[14:35:38.934] Bot1 executed MOVE_FORWARD
[14:35:38.934] Starting turn for Bot3
[14:35:38.934] Bot3 rotated left to face NORTH
[14:35:38.934] Bot3 executed ROTATE_LEFT
[14:35:38.935] Bot3 rotated left to face WEST
[14:35:38.935] Bot3 executed ROTATE_LEFT
[14:35:38.935] Bot3 moved forward to (9,8)
[14:35:38.935] Bot3 executed MOVE_FORWARD
[14:35:38.935] Starting turn for Bot1
[14:35:38.935] Bot1 rotated right to face SOUTH
[14:35:38.935] Bot1 executed ROTATE_RIGHT
[14:35:38.935] Bot1 moved forward to (1,1)
[14:35:38.935] Bot1 executed MOVE_FORWARD
[14:35:38.935] Starting turn for Bot3
[14:35:38.935] Bot3 rotated right to face NORTH
[14:35:38.935] Bot3 executed ROTATE_RIGHT
[14:35:38.935] Bot3 moved forward to (8,8)
[14:35:38.935] Bot3 executed MOVE_FORWARD
[14:35:38.935] Starting turn for Bot1
[14:35:38.935] Bot1 rotated left to face EAST
[14:35:38.935] Bot1 executed ROTATE_LEFT
[14:35:38.935] Starting turn for Bot3
[14:35:38.935] Bot3 rotated left to face WEST
[14:35:38.935] Bot3 executed ROTATE_LEFT
[14:35:38.935] Bot3 moved forward to (8,7)
[14:35:38.935] Bot3 executed MOVE_FORWARD
[14:35:38.935] Starting turn for Bot1
[14:35:38.935] Starting turn for Bot3
[14:35:38.935] Bot3 rotated right to face NORTH
[14:35:38.935] Bot3 executed ROTATE_RIGHT
[14:35:38.935] Bot3 moved forward to (7,7)
[14:35:38.935] Bot3 executed MOVE_FORWARD
[14:35:38.935] Starting turn for Bot1
[14:35:38.935] Bot1 rotated left to face NORTH
[14:35:38.935] Bot1 executed ROTATE_LEFT
[14:35:38.935] Bot1 moved forward to (0,1)
[14:35:38.935] Bot1 executed MOVE_FORWARD
[14:35:38.935] Starting turn for Bot3
[14:35:38.935] Bot3 rotated left to face WEST
[14:35:38.935] Bot3 executed ROTATE_LEFT
[14:35:38.935] Bot3 moved forward to (7,6)
[14:35:38.935] Bot3 executed MOVE_FORWARD
[14:35:38.936] Starting turn for Bot1
[14:35:38.936] Bot1 rotated left to face WEST
[14:35:38.936] Bot1 executed ROTATE_LEFT
[14:35:38.936] Bot1 rotated left to face SOUTH
[14:35:38.936] Bot1 executed ROTATE_LEFT
[14:35:38.936] Bot1 moved forward to (1,1)
[14:35:38.936] Bot1 executed MOVE_FORWARD
[14:35:38.936] Starting turn for Bot3
[14:35:38.936] Bot3 rotated right to face NORTH
[14:35:38.936] Bot3 executed ROTATE_RIGHT
[14:35:38.936] Bot3 moved forward to (6,6)
[14:35:38.936] Bot3 executed MOVE_FORWARD
[14:35:38.936] Starting turn for Bot1
[14:35:38.936] Bot1 rotated left to face EAST
[14:35:38.936] Bot1 executed ROTATE_LEFT
[14:35:38.936] Starting turn for Bot3
[14:35:38.936] Bot3 rotated left to face WEST
[14:35:38.936] Bot3 executed ROTATE_LEFT
[14:35:38.936] Bot3 moved forward to (6,5)
[14:35:38.936] Bot3 executed MOVE_FORWARD
[14:35:38.936] Starting turn for Bot1
[14:35:38.936] Starting turn for Bot3
[14:35:38.936] Bot3 rotated right to face NORTH
[14:35:38.936] Bot3 executed ROTATE_RIGHT
[14:35:38.937] Bot3 moved forward to (5,5)
[14:35:38.937] Bot3 executed MOVE_FORWARD
[14:35:38.937] Starting turn for Bot1
[14:35:38.937] Bot1 rotated left to face NORTH
[14:35:38.937] Bot1 executed ROTATE_LEFT
[14:35:38.937] Bot1 moved forward to (0,1)
[14:35:38.937] Bot1 executed MOVE_FORWARD
[14:35:38.937] Starting turn for Bot3
[14:35:38.937] Starting turn for Bot1
[14:35:38.937] Bot1 rotated left to face WEST
[14:35:38.937] Bot1 executed ROTATE_LEFT
[14:35:38.937] Bot1 rotated left to face SOUTH
[14:35:38.937] Bot1 executed ROTATE_LEFT
[14:35:38.937] Bot1 moved forward to (1,1)
[14:35:38.937] Bot1 executed MOVE_FORWARD
[14:35:38.937] Starting turn for Bot3
[14:35:38.937] Starting turn for Bot1
[14:35:38.937] Bot1 rotated left to face EAST
[14:35:38.937] Bot1 executed ROTATE_LEFT
[14:35:38.937] Starting turn for Bot3
[14:35:38.937] Starting turn for Bot1
[14:35:38.937] Starting turn for Bot3
[14:35:38.937] Starting turn for Bot1
[14:35:38.937] Bot1 rotated left to face NORTH
[14:35:38.937] Bot1 executed ROTATE_LEFT
[14:35:38.937] Bot1 moved forward to (0,1)
[14:35:38.937] Bot1 executed MOVE_FORWARD
[14:35:38.937] Starting turn for Bot3
[14:35:38.937] Starting turn for Bot1
[14:35:38.937] Bot1 rotated left to face WEST
[14:35:38.937] Bot1 executed ROTATE_LEFT
[14:35:38.937] Bot1 rotated left to face SOUTH
[14:35:38.937] Bot1 executed ROTATE_LEFT
[14:35:38.937] Bot1 moved forward to (1,1)
[14:35:38.937] Bot1 executed MOVE_FORWARD
[14:35:38.937] Starting turn for Bot3
[14:35:38.937] Starting turn for Bot1
[14:35:38.937] Bot1 rotated left to face EAST
[14:35:38.937] Bot1 executed ROTATE_LEFT
[14:35:38.938] Starting turn for Bot3
[14:35:38.938] Starting turn for Bot1
[14:35:38.938] Starting turn for Bot3
[14:35:38.938] Starting turn for Bot1
[14:35:38.938] Bot1 rotated left to face NORTH
[14:35:38.938] Bot1 executed ROTATE_LEFT
[14:35:38.938] Bot1 moved forward to (0,1)
[14:35:38.938] Bot1 executed MOVE_FORWARD
[14:35:38.938] Starting turn for Bot3
[14:35:38.938] Starting turn for Bot1
[14:35:38.938] Bot1 rotated left to face WEST
[14:35:38.938] Bot1 executed ROTATE_LEFT
[14:35:38.938] Bot1 rotated left to face SOUTH
[14:35:38.938] Bot1 executed ROTATE_LEFT
[14:35:38.938] Bot1 moved forward to (1,1)
[14:35:38.938] Bot1 executed MOVE_FORWARD
[14:35:38.938] Starting turn for Bot3
[14:35:38.938] Starting turn for Bot1
[14:35:38.938] Bot1 rotated left to face EAST
[14:35:38.938] Bot1 executed ROTATE_LEFT
[14:35:38.938] Starting turn for Bot3
[14:35:38.938] Starting turn for Bot1
[14:35:38.938] Starting turn for Bot3
[14:35:38.938] Stalemate detected: State repeated 10 times, unchanged for 3 turns
[14:35:38.938] Game Over! Stalemate detected!
[14:35:38.939] Stalemate detected: State repeated 10 times, unchanged for 3 turns
