[14:36:09.360] === Game Started at 2025-02-04_14-36-09 ===
[14:36:09.360] Game initialized with 2 players
[14:36:09.360] Board size: 10
[14:36:09.360] Obstacle density: 0.05
[14:36:09.360] Max turns: 1000
[14:36:09.360] Player Bot38 starting at position (0,0) facing SOUTH
[14:36:09.360] Player Bot22 starting at position (9,9) facing SOUTH
[14:36:09.360] Obstacles at positions: (3,3) (5,5) (7,6) (8,3) (9,7)
[14:36:09.360] Starting turn for Bot38
[14:36:09.360] Bot38 rotated left to face EAST
[14:36:09.360] Bot38 executed ROTATE_LEFT
[14:36:09.360] Bot38 moved forward to (0,1)
[14:36:09.360] Bot38 executed MOVE_FORWARD
[14:36:09.360] Starting turn for Bot22
[14:36:09.360] Bot22 rotated right to face WEST
[14:36:09.360] Bot22 executed ROTATE_RIGHT
[14:36:09.360] Bot22 moved forward to (9,8)
[14:36:09.360] Bot22 executed MOVE_FORWARD
[14:36:09.360] Starting turn for Bot38
[14:36:09.360] Bot38 rotated right to face SOUTH
[14:36:09.360] Bot38 executed ROTATE_RIGHT
[14:36:09.360] Bot38 moved forward to (1,1)
[14:36:09.360] Bot38 executed MOVE_FORWARD
[14:36:09.360] Starting turn for Bot22
[14:36:09.360] Bot22 rotated right to face NORTH
[14:36:09.360] Bot22 executed ROTATE_RIGHT
[14:36:09.360] Bot22 moved forward to (8,8)
[14:36:09.360] Bot22 executed MOVE_FORWARD
[14:36:09.360] Starting turn for Bot38
[14:36:09.360] Bot38 rotated left to face EAST
[14:36:09.360] Bot38 executed ROTATE_LEFT
[14:36:09.360] Bot38 moved forward to (1,2)
[14:36:09.360] Bot38 executed MOVE_FORWARD
[14:36:09.360] Starting turn for Bot22
[14:36:09.360] Bot22 rotated left to face WEST
[14:36:09.360] Bot22 executed ROTATE_LEFT
[14:36:09.360] Bot22 moved forward to (8,7)
[14:36:09.360] Bot22 executed MOVE_FORWARD
[14:36:09.360] Starting turn for Bot38
[14:36:09.360] Bot38 rotated right to face SOUTH
[14:36:09.360] Bot38 executed ROTATE_RIGHT
[14:36:09.360] Bot38 moved forward to (2,2)
[14:36:09.360] Bot38 executed MOVE_FORWARD
[14:36:09.360] Starting turn for Bot22
[14:36:09.360] Bot22 rotated right to face NORTH
[14:36:09.360] Bot22 executed ROTATE_RIGHT
[14:36:09.360] Bot22 moved forward to (7,7)
[14:36:09.360] Bot22 executed MOVE_FORWARD
[14:36:09.360] Starting turn for Bot38
[14:36:09.360] Bot38 rotated left to face EAST
[14:36:09.360] Bot38 executed ROTATE_LEFT
[14:36:09.360] Bot38 moved forward to (2,3)
[14:36:09.360] Bot38 executed MOVE_FORWARD
[14:36:09.360] Starting turn for Bot22
[14:36:09.360] Bot22 rotated left to face WEST
[14:36:09.360] Bot22 executed ROTATE_LEFT
[14:36:09.360] Starting turn for Bot38
[14:36:09.360] Bot38 rotated right to face SOUTH
[14:36:09.360] Bot38 executed ROTATE_RIGHT
[14:36:09.360] Starting turn for Bot22
[14:36:09.360] Starting turn for Bot38
[14:36:09.360] Starting turn for Bot22
[14:36:09.360] Bot22 rotated right to face NORTH
[14:36:09.360] Bot22 executed ROTATE_RIGHT
[14:36:09.360] Bot22 moved forward to (6,7)
[14:36:09.360] Bot22 executed MOVE_FORWARD
[14:36:09.360] Starting turn for Bot38
[14:36:09.360] Bot38 rotated left to face EAST
[14:36:09.360] Bot38 executed ROTATE_LEFT
[14:36:09.360] Bot38 rotated left to face NORTH
[14:36:09.360] Bot38 executed ROTATE_LEFT
[14:36:09.360] Bot38 moved forward to (1,3)
[14:36:09.360] Bot38 executed MOVE_FORWARD
[14:36:09.360] Starting turn for Bot22
[14:36:09.360] Bot22 rotated left to face WEST
[14:36:09.360] Bot22 executed ROTATE_LEFT
[14:36:09.360] Bot22 moved forward to (6,6)
[14:36:09.360] Bot22 executed MOVE_FORWARD
[14:36:09.360] Starting turn for Bot38
[14:36:09.360] Bot38 rotated left to face WEST
[14:36:09.360] Bot38 executed ROTATE_LEFT
[14:36:09.360] Bot38 rotated left to face SOUTH
[14:36:09.360] Bot38 executed ROTATE_LEFT
[14:36:09.360] Bot38 moved forward to (2,3)
[14:36:09.360] Bot38 executed MOVE_FORWARD
[14:36:09.360] Starting turn for Bot22
[14:36:09.360] Bot22 moved forward to (6,5)
[14:36:09.360] Bot22 executed MOVE_FORWARD
[14:36:09.360] Starting turn for Bot38
[14:36:09.360] Starting turn for Bot22
[14:36:09.360] Bot22 rotated right to face NORTH
[14:36:09.360] Bot22 executed ROTATE_RIGHT
[14:36:09.360] Starting turn for Bot38
[14:36:09.360] Starting turn for Bot22
[14:36:09.360] Starting turn for Bot38
[14:36:09.360] Bot38 rotated left to face EAST
[14:36:09.360] Bot38 executed ROTATE_LEFT
[14:36:09.360] Bot38 rotated left to face NORTH
[14:36:09.360] Bot38 executed ROTATE_LEFT
[14:36:09.360] Bot38 moved forward to (1,3)
[14:36:09.360] Bot38 executed MOVE_FORWARD
[14:36:09.360] Starting turn for Bot22
[14:36:09.360] Bot22 rotated right to face EAST
[14:36:09.360] Bot22 executed ROTATE_RIGHT
[14:36:09.360] Bot22 moved forward to (6,6)
[14:36:09.360] Bot22 executed MOVE_FORWARD
[14:36:09.360] Starting turn for Bot38
[14:36:09.360] Bot38 rotated left to face WEST
[14:36:09.360] Bot38 executed ROTATE_LEFT
[14:36:09.360] Bot38 rotated left to face SOUTH
[14:36:09.360] Bot38 executed ROTATE_LEFT
[14:36:09.360] Bot38 moved forward to (2,3)
[14:36:09.360] Bot38 executed MOVE_FORWARD
[14:36:09.360] Starting turn for Bot22
[14:36:09.360] Bot22 rotated left to face NORTH
[14:36:09.360] Bot22 executed ROTATE_LEFT
[14:36:09.360] Bot22 rotated left to face WEST
[14:36:09.360] Bot22 executed ROTATE_LEFT
[14:36:09.360] Bot22 moved forward to (6,5)
[14:36:09.360] Bot22 executed MOVE_FORWARD
[14:36:09.360] Starting turn for Bot38
[14:36:09.360] Starting turn for Bot22
[14:36:09.360] Bot22 rotated right to face NORTH
[14:36:09.360] Bot22 executed ROTATE_RIGHT
[14:36:09.360] Starting turn for Bot38
[14:36:09.360] Starting turn for Bot22
[14:36:09.360] Starting turn for Bot38
[14:36:09.360] Bot38 rotated left to face EAST
[14:36:09.360] Bot38 executed ROTATE_LEFT
[14:36:09.360] Bot38 rotated left to face NORTH
[14:36:09.360] Bot38 executed ROTATE_LEFT
[14:36:09.360] Bot38 moved forward to (1,3)
[14:36:09.360] Bot38 executed MOVE_FORWARD
[14:36:09.360] Starting turn for Bot22
[14:36:09.360] Bot22 rotated right to face EAST
[14:36:09.360] Bot22 executed ROTATE_RIGHT
[14:36:09.360] Bot22 moved forward to (6,6)
[14:36:09.360] Bot22 executed MOVE_FORWARD
[14:36:09.360] Starting turn for Bot38
[14:36:09.360] Bot38 rotated left to face WEST
[14:36:09.360] Bot38 executed ROTATE_LEFT
[14:36:09.360] Bot38 rotated left to face SOUTH
[14:36:09.360] Bot38 executed ROTATE_LEFT
[14:36:09.360] Bot38 moved forward to (2,3)
[14:36:09.360] Bot38 executed MOVE_FORWARD
[14:36:09.360] Starting turn for Bot22
[14:36:09.360] Bot22 rotated left to face NORTH
[14:36:09.360] Bot22 executed ROTATE_LEFT
[14:36:09.360] Bot22 rotated left to face WEST
[14:36:09.360] Bot22 executed ROTATE_LEFT
[14:36:09.360] Bot22 moved forward to (6,5)
[14:36:09.360] Bot22 executed MOVE_FORWARD
[14:36:09.360] Starting turn for Bot38
[14:36:09.360] Starting turn for Bot22
[14:36:09.360] Bot22 rotated right to face NORTH
[14:36:09.360] Bot22 executed ROTATE_RIGHT
[14:36:09.360] Starting turn for Bot38
[14:36:09.360] Starting turn for Bot22
[14:36:09.360] Starting turn for Bot38
[14:36:09.360] Bot38 rotated left to face EAST
[14:36:09.360] Bot38 executed ROTATE_LEFT
[14:36:09.360] Bot38 rotated left to face NORTH
[14:36:09.360] Bot38 executed ROTATE_LEFT
[14:36:09.360] Bot38 moved forward to (1,3)
[14:36:09.360] Bot38 executed MOVE_FORWARD
[14:36:09.360] Starting turn for Bot22
[14:36:09.360] Bot22 rotated right to face EAST
[14:36:09.360] Bot22 executed ROTATE_RIGHT
[14:36:09.360] Bot22 moved forward to (6,6)
[14:36:09.360] Bot22 executed MOVE_FORWARD
[14:36:09.360] Starting turn for Bot38
[14:36:09.360] Bot38 rotated left to face WEST
[14:36:09.360] Bot38 executed ROTATE_LEFT
[14:36:09.360] Bot38 rotated left to face SOUTH
[14:36:09.360] Bot38 executed ROTATE_LEFT
[14:36:09.360] Bot38 moved forward to (2,3)
[14:36:09.360] Bot38 executed MOVE_FORWARD
[14:36:09.360] Starting turn for Bot22
[14:36:09.360] Bot22 rotated left to face NORTH
[14:36:09.360] Bot22 executed ROTATE_LEFT
[14:36:09.360] Bot22 rotated left to face WEST
[14:36:09.360] Bot22 executed ROTATE_LEFT
[14:36:09.361] Bot22 moved forward to (6,5)
[14:36:09.361] Bot22 executed MOVE_FORWARD
[14:36:09.361] Starting turn for Bot38
[14:36:09.361] Starting turn for Bot22
[14:36:09.361] Bot22 rotated right to face NORTH
[14:36:09.361] Bot22 executed ROTATE_RIGHT
[14:36:09.361] Starting turn for Bot38
[14:36:09.361] Stalemate detected: State repeated 10 times, unchanged for 3 turns
[14:36:09.361] Game Over! Stalemate detected!
[14:36:09.361] Stalemate detected: State repeated 10 times, unchanged for 3 turns
