[14:36:03.823] === Game Started at 2025-02-04_14-36-03 ===
[14:36:03.823] Game initialized with 2 players
[14:36:03.823] Board size: 10
[14:36:03.823] Obstacle density: 0.05
[14:36:03.823] Max turns: 1000
[14:36:03.823] Player Bot16 starting at position (0,0) facing WEST
[14:36:03.823] Player Bot35 starting at position (9,9) facing NORTH
[14:36:03.823] Obstacles at positions: (4,0) (7,7) (9,2) (9,6) (9,8)
[14:36:03.823] Starting turn for Bot16
[14:36:03.823] Bot16 rotated left to face SOUTH
[14:36:03.823] Bot16 executed ROTATE_LEFT
[14:36:03.823] Bot16 rotated left to face EAST
[14:36:03.823] Bot16 executed ROTATE_LEFT
[14:36:03.823] Bot16 moved forward to (0,1)
[14:36:03.823] Bot16 executed MOVE_FORWARD
[14:36:03.823] Starting turn for Bot35
[14:36:03.823] Bot35 rotated left to face WEST
[14:36:03.823] Bot35 executed ROTATE_LEFT
[14:36:03.823] Starting turn for Bot16
[14:36:03.823] Bot16 rotated right to face SOUTH
[14:36:03.823] Bot16 executed ROTATE_RIGHT
[14:36:03.823] Bot16 moved forward to (1,1)
[14:36:03.823] Bot16 executed MOVE_FORWARD
[14:36:03.823] Starting turn for Bot35
[14:36:03.823] Starting turn for Bot16
[14:36:03.823] Bot16 rotated left to face EAST
[14:36:03.823] Bot16 executed ROTATE_LEFT
[14:36:03.823] Bot16 moved forward to (1,2)
[14:36:03.823] Bot16 executed MOVE_FORWARD
[14:36:03.823] Starting turn for Bot35
[14:36:03.823] Bot35 rotated right to face NORTH
[14:36:03.823] Bot35 executed ROTATE_RIGHT
[14:36:03.823] Bot35 moved forward to (8,9)
[14:36:03.823] Bot35 executed MOVE_FORWARD
[14:36:03.823] Starting turn for Bot16
[14:36:03.823] Bot16 rotated right to face SOUTH
[14:36:03.823] Bot16 executed ROTATE_RIGHT
[14:36:03.823] Bot16 moved forward to (2,2)
[14:36:03.823] Bot16 executed MOVE_FORWARD
[14:36:03.823] Starting turn for Bot35
[14:36:03.823] Bot35 rotated left to face WEST
[14:36:03.823] Bot35 executed ROTATE_LEFT
[14:36:03.823] Bot35 moved forward to (8,8)
[14:36:03.823] Bot35 executed MOVE_FORWARD
[14:36:03.823] Starting turn for Bot16
[14:36:03.823] Bot16 rotated left to face EAST
[14:36:03.823] Bot16 executed ROTATE_LEFT
[14:36:03.823] Bot16 moved forward to (2,3)
[14:36:03.823] Bot16 executed MOVE_FORWARD
[14:36:03.823] Starting turn for Bot35
[14:36:03.823] Bot35 moved forward to (8,7)
[14:36:03.823] Bot35 executed MOVE_FORWARD
[14:36:03.823] Starting turn for Bot16
[14:36:03.823] Bot16 rotated right to face SOUTH
[14:36:03.823] Bot16 executed ROTATE_RIGHT
[14:36:03.823] Bot16 moved forward to (3,3)
[14:36:03.823] Bot16 executed MOVE_FORWARD
[14:36:03.823] Starting turn for Bot35
[14:36:03.823] Bot35 rotated right to face NORTH
[14:36:03.823] Bot35 executed ROTATE_RIGHT
[14:36:03.823] Starting turn for Bot16
[14:36:03.823] Bot16 rotated left to face EAST
[14:36:03.823] Bot16 executed ROTATE_LEFT
[14:36:03.823] Bot16 moved forward to (3,4)
[14:36:03.823] Bot16 executed MOVE_FORWARD
[14:36:03.823] Starting turn for Bot35
[14:36:03.823] Starting turn for Bot16
[14:36:03.823] Bot16 rotated right to face SOUTH
[14:36:03.823] Bot16 executed ROTATE_RIGHT
[14:36:03.823] Bot16 moved forward to (4,4)
[14:36:03.823] Bot16 executed MOVE_FORWARD
[14:36:03.823] Starting turn for Bot35
[14:36:03.823] Bot35 rotated right to face EAST
[14:36:03.823] Bot35 executed ROTATE_RIGHT
[14:36:03.823] Bot35 moved forward to (8,8)
[14:36:03.823] Bot35 executed MOVE_FORWARD
[14:36:03.823] Starting turn for Bot16
[14:36:03.823] Bot16 rotated left to face EAST
[14:36:03.823] Bot16 executed ROTATE_LEFT
[14:36:03.823] Bot16 moved forward to (4,5)
[14:36:03.823] Bot16 executed MOVE_FORWARD
[14:36:03.823] Starting turn for Bot35
[14:36:03.823] Bot35 rotated left to face NORTH
[14:36:03.823] Bot35 executed ROTATE_LEFT
[14:36:03.823] Bot35 rotated left to face WEST
[14:36:03.823] Bot35 executed ROTATE_LEFT
[14:36:03.823] Bot35 moved forward to (8,7)
[14:36:03.823] Bot35 executed MOVE_FORWARD
[14:36:03.823] Starting turn for Bot16
[14:36:03.823] Bot16 rotated right to face SOUTH
[14:36:03.823] Bot16 executed ROTATE_RIGHT
[14:36:03.823] Bot16 moved forward to (5,5)
[14:36:03.823] Bot16 executed MOVE_FORWARD
[14:36:03.823] Starting turn for Bot35
[14:36:03.823] Bot35 rotated right to face NORTH
[14:36:03.823] Bot35 executed ROTATE_RIGHT
[14:36:03.823] Starting turn for Bot16
[14:36:03.823] Starting turn for Bot35
[14:36:03.823] Starting turn for Bot16
[14:36:03.823] Starting turn for Bot35
[14:36:03.823] Bot35 rotated right to face EAST
[14:36:03.823] Bot35 executed ROTATE_RIGHT
[14:36:03.823] Bot35 moved forward to (8,8)
[14:36:03.823] Bot35 executed MOVE_FORWARD
[14:36:03.823] Starting turn for Bot16
[14:36:03.823] Starting turn for Bot35
[14:36:03.823] Bot35 rotated left to face NORTH
[14:36:03.823] Bot35 executed ROTATE_LEFT
[14:36:03.823] Bot35 rotated left to face WEST
[14:36:03.823] Bot35 executed ROTATE_LEFT
[14:36:03.823] Bot35 moved forward to (8,7)
[14:36:03.823] Bot35 executed MOVE_FORWARD
[14:36:03.823] Starting turn for Bot16
[14:36:03.823] Starting turn for Bot35
[14:36:03.823] Bot35 rotated right to face NORTH
[14:36:03.823] Bot35 executed ROTATE_RIGHT
[14:36:03.823] Starting turn for Bot16
[14:36:03.823] Starting turn for Bot35
[14:36:03.823] Starting turn for Bot16
[14:36:03.823] Starting turn for Bot35
[14:36:03.823] Bot35 rotated right to face EAST
[14:36:03.823] Bot35 executed ROTATE_RIGHT
[14:36:03.823] Bot35 moved forward to (8,8)
[14:36:03.823] Bot35 executed MOVE_FORWARD
[14:36:03.823] Starting turn for Bot16
[14:36:03.823] Starting turn for Bot35
[14:36:03.823] Bot35 rotated left to face NORTH
[14:36:03.823] Bot35 executed ROTATE_LEFT
[14:36:03.823] Bot35 rotated left to face WEST
[14:36:03.823] Bot35 executed ROTATE_LEFT
[14:36:03.823] Bot35 moved forward to (8,7)
[14:36:03.823] Bot35 executed MOVE_FORWARD
[14:36:03.823] Starting turn for Bot16
[14:36:03.824] Starting turn for Bot35
[14:36:03.824] Bot35 rotated right to face NORTH
[14:36:03.824] Bot35 executed ROTATE_RIGHT
[14:36:03.824] Starting turn for Bot16
[14:36:03.824] Starting turn for Bot35
[14:36:03.824] Starting turn for Bot16
[14:36:03.824] Starting turn for Bot35
[14:36:03.824] Stalemate detected: State repeated 10 times, unchanged for 2 turns
[14:36:03.824] Game Over! Stalemate detected!
[14:36:03.824] Stalemate detected: State repeated 10 times, unchanged for 2 turns
