[14:36:00.322] === Game Started at 2025-02-04_14-36-00 ===
[14:36:00.322] Game initialized with 2 players
[14:36:00.322] Board size: 10
[14:36:00.322] Obstacle density: 0.05
[14:36:00.322] Max turns: 1000
[14:36:00.322] Player Bot37 starting at position (0,0) facing WEST
[14:36:00.322] Player Bot13 starting at position (9,9) facing SOUTH
[14:36:00.322] Obstacles at positions: (0,5) (2,2) (2,9) (7,3) (9,7)
[14:36:00.322] Starting turn for Bot37
[14:36:00.322] Bot37 rotated left to face SOUTH
[14:36:00.322] Bot37 executed ROTATE_LEFT
[14:36:00.322] Bot37 rotated left to face EAST
[14:36:00.322] Bot37 executed ROTATE_LEFT
[14:36:00.322] Bot37 moved forward to (0,1)
[14:36:00.322] Bot37 executed MOVE_FORWARD
[14:36:00.322] Starting turn for Bot13
[14:36:00.322] Bot13 rotated right to face WEST
[14:36:00.322] Bot13 executed ROTATE_RIGHT
[14:36:00.322] Bot13 moved forward to (9,8)
[14:36:00.322] Bot13 executed MOVE_FORWARD
[14:36:00.322] Starting turn for Bot37
[14:36:00.322] Bot37 rotated right to face SOUTH
[14:36:00.322] Bot37 executed ROTATE_RIGHT
[14:36:00.322] Bot37 moved forward to (1,1)
[14:36:00.322] Bot37 executed MOVE_FORWARD
[14:36:00.322] Starting turn for Bot13
[14:36:00.322] Bot13 rotated right to face NORTH
[14:36:00.322] Bot13 executed ROTATE_RIGHT
[14:36:00.322] Bot13 moved forward to (8,8)
[14:36:00.322] Bot13 executed MOVE_FORWARD
[14:36:00.322] Starting turn for Bot37
[14:36:00.322] Bot37 rotated left to face EAST
[14:36:00.322] Bot37 executed ROTATE_LEFT
[14:36:00.322] Bot37 moved forward to (1,2)
[14:36:00.322] Bot37 executed MOVE_FORWARD
[14:36:00.322] Starting turn for Bot13
[14:36:00.322] Bot13 rotated left to face WEST
[14:36:00.322] Bot13 executed ROTATE_LEFT
[14:36:00.322] Bot13 moved forward to (8,7)
[14:36:00.322] Bot13 executed MOVE_FORWARD
[14:36:00.322] Starting turn for Bot37
[14:36:00.322] Bot37 rotated right to face SOUTH
[14:36:00.322] Bot37 executed ROTATE_RIGHT
[14:36:00.322] Starting turn for Bot13
[14:36:00.322] Bot13 rotated right to face NORTH
[14:36:00.322] Bot13 executed ROTATE_RIGHT
[14:36:00.322] Bot13 moved forward to (7,7)
[14:36:00.322] Bot13 executed MOVE_FORWARD
[14:36:00.322] Starting turn for Bot37
[14:36:00.322] Starting turn for Bot13
[14:36:00.322] Bot13 rotated left to face WEST
[14:36:00.322] Bot13 executed ROTATE_LEFT
[14:36:00.322] Bot13 moved forward to (7,6)
[14:36:00.322] Bot13 executed MOVE_FORWARD
[14:36:00.322] Starting turn for Bot37
[14:36:00.322] Bot37 rotated left to face EAST
[14:36:00.322] Bot37 executed ROTATE_LEFT
[14:36:00.322] Bot37 rotated left to face NORTH
[14:36:00.322] Bot37 executed ROTATE_LEFT
[14:36:00.322] Bot37 moved forward to (0,2)
[14:36:00.322] Bot37 executed MOVE_FORWARD
[14:36:00.322] Starting turn for Bot13
[14:36:00.322] Bot13 rotated right to face NORTH
[14:36:00.322] Bot13 executed ROTATE_RIGHT
[14:36:00.322] Bot13 moved forward to (6,6)
[14:36:00.322] Bot13 executed MOVE_FORWARD
[14:36:00.322] Starting turn for Bot37
[14:36:00.322] Bot37 rotated left to face WEST
[14:36:00.322] Bot37 executed ROTATE_LEFT
[14:36:00.322] Bot37 rotated left to face SOUTH
[14:36:00.322] Bot37 executed ROTATE_LEFT
[14:36:00.322] Bot37 moved forward to (1,2)
[14:36:00.322] Bot37 executed MOVE_FORWARD
[14:36:00.322] Starting turn for Bot13
[14:36:00.322] Bot13 rotated left to face WEST
[14:36:00.322] Bot13 executed ROTATE_LEFT
[14:36:00.322] Bot13 moved forward to (6,5)
[14:36:00.322] Bot13 executed MOVE_FORWARD
[14:36:00.322] Starting turn for Bot37
[14:36:00.322] Starting turn for Bot13
[14:36:00.322] Bot13 rotated right to face NORTH
[14:36:00.322] Bot13 executed ROTATE_RIGHT
[14:36:00.322] Bot13 moved forward to (5,5)
[14:36:00.322] Bot13 executed MOVE_FORWARD
[14:36:00.322] Starting turn for Bot37
[14:36:00.322] Starting turn for Bot13
[14:36:00.322] Starting turn for Bot37
[14:36:00.322] Bot37 rotated left to face EAST
[14:36:00.322] Bot37 executed ROTATE_LEFT
[14:36:00.322] Bot37 rotated left to face NORTH
[14:36:00.322] Bot37 executed ROTATE_LEFT
[14:36:00.322] Bot37 moved forward to (0,2)
[14:36:00.322] Bot37 executed MOVE_FORWARD
[14:36:00.322] Starting turn for Bot13
[14:36:00.322] Starting turn for Bot37
[14:36:00.322] Bot37 rotated left to face WEST
[14:36:00.322] Bot37 executed ROTATE_LEFT
[14:36:00.322] Bot37 rotated left to face SOUTH
[14:36:00.322] Bot37 executed ROTATE_LEFT
[14:36:00.322] Bot37 moved forward to (1,2)
[14:36:00.322] Bot37 executed MOVE_FORWARD
[14:36:00.322] Starting turn for Bot13
[14:36:00.322] Starting turn for Bot37
[14:36:00.322] Starting turn for Bot13
[14:36:00.322] Starting turn for Bot37
[14:36:00.322] Starting turn for Bot13
[14:36:00.322] Starting turn for Bot37
[14:36:00.322] Bot37 rotated left to face EAST
[14:36:00.322] Bot37 executed ROTATE_LEFT
[14:36:00.322] Bot37 rotated left to face NORTH
[14:36:00.322] Bot37 executed ROTATE_LEFT
[14:36:00.322] Bot37 moved forward to (0,2)
[14:36:00.322] Bot37 executed MOVE_FORWARD
[14:36:00.322] Starting turn for Bot13
[14:36:00.322] Starting turn for Bot37
[14:36:00.322] Bot37 rotated left to face WEST
[14:36:00.322] Bot37 executed ROTATE_LEFT
[14:36:00.322] Bot37 rotated left to face SOUTH
[14:36:00.322] Bot37 executed ROTATE_LEFT
[14:36:00.322] Bot37 moved forward to (1,2)
[14:36:00.322] Bot37 executed MOVE_FORWARD
[14:36:00.322] Starting turn for Bot13
[14:36:00.322] Starting turn for Bot37
[14:36:00.322] Starting turn for Bot13
[14:36:00.322] Starting turn for Bot37
[14:36:00.322] Starting turn for Bot13
[14:36:00.322] Starting turn for Bot37
[14:36:00.322] Bot37 rotated left to face EAST
[14:36:00.322] Bot37 executed ROTATE_LEFT
[14:36:00.322] Bot37 rotated left to face NORTH
[14:36:00.322] Bot37 executed ROTATE_LEFT
[14:36:00.322] Bot37 moved forward to (0,2)
[14:36:00.322] Bot37 executed MOVE_FORWARD
[14:36:00.322] Starting turn for Bot13
[14:36:00.322] Starting turn for Bot37
[14:36:00.322] Bot37 rotated left to face WEST
[14:36:00.322] Bot37 executed ROTATE_LEFT
[14:36:00.322] Bot37 rotated left to face SOUTH
[14:36:00.322] Bot37 executed ROTATE_LEFT
[14:36:00.322] Bot37 moved forward to (1,2)
[14:36:00.322] Bot37 executed MOVE_FORWARD
[14:36:00.322] Starting turn for Bot13
[14:36:00.322] Starting turn for Bot37
[14:36:00.322] Starting turn for Bot13
[14:36:00.322] Stalemate detected: State repeated 10 times, unchanged for 1 turns
[14:36:00.322] Game Over! Stalemate detected!
[14:36:00.323] Stalemate detected: State repeated 10 times, unchanged for 1 turns
