[14:35:39.723] === Game Started at 2025-02-04_14-35-39 ===
[14:35:39.723] Game initialized with 2 players
[14:35:39.723] Board size: 10
[14:35:39.724] Obstacle density: 0.05
[14:35:39.724] Max turns: 1000
[14:35:39.724] Player Bot1 starting at position (0,0) facing WEST
[14:35:39.724] Player Bot17 starting at position (9,9) facing NORTH
[14:35:39.724] Obstacles at positions: (1,7) (2,0) (3,3) (4,2) (4,5)
[14:35:39.724] Starting turn for Bot1
[14:35:39.724] Bot1 rotated left to face SOUTH
[14:35:39.724] Bot1 executed ROTATE_LEFT
[14:35:39.724] Bot1 rotated left to face EAST
[14:35:39.724] Bot1 executed ROTATE_LEFT
[14:35:39.724] Bot1 moved forward to (0,1)
[14:35:39.724] Bot1 executed MOVE_FORWARD
[14:35:39.724] Starting turn for Bot17
[14:35:39.724] Bot17 rotated left to face WEST
[14:35:39.724] Bot17 executed ROTATE_LEFT
[14:35:39.724] Bot17 moved forward to (9,8)
[14:35:39.724] Bot17 executed MOVE_FORWARD
[14:35:39.724] Starting turn for Bot1
[14:35:39.724] Bot1 rotated right to face SOUTH
[14:35:39.724] Bot1 executed ROTATE_RIGHT
[14:35:39.724] Bot1 moved forward to (1,1)
[14:35:39.724] Bot1 executed MOVE_FORWARD
[14:35:39.724] Starting turn for Bot17
[14:35:39.724] Bot17 rotated right to face NORTH
[14:35:39.724] Bot17 executed ROTATE_RIGHT
[14:35:39.724] Bot17 moved forward to (8,8)
[14:35:39.724] Bot17 executed MOVE_FORWARD
[14:35:39.724] Starting turn for Bot1
[14:35:39.724] Bot1 rotated left to face EAST
[14:35:39.724] Bot1 executed ROTATE_LEFT
[14:35:39.724] Bot1 moved forward to (1,2)
[14:35:39.724] Bot1 executed MOVE_FORWARD
[14:35:39.724] Starting turn for Bot17
[14:35:39.724] Bot17 rotated left to face WEST
[14:35:39.724] Bot17 executed ROTATE_LEFT
[14:35:39.724] Bot17 moved forward to (8,7)
[14:35:39.724] Bot17 executed MOVE_FORWARD
[14:35:39.724] Starting turn for Bot1
[14:35:39.724] Bot1 rotated right to face SOUTH
[14:35:39.724] Bot1 executed ROTATE_RIGHT
[14:35:39.724] Bot1 moved forward to (2,2)
[14:35:39.724] Bot1 executed MOVE_FORWARD
[14:35:39.724] Starting turn for Bot17
[14:35:39.724] Bot17 rotated right to face NORTH
[14:35:39.724] Bot17 executed ROTATE_RIGHT
[14:35:39.724] Bot17 moved forward to (7,7)
[14:35:39.724] Bot17 executed MOVE_FORWARD
[14:35:39.724] Starting turn for Bot1
[14:35:39.724] Bot1 rotated left to face EAST
[14:35:39.724] Bot1 executed ROTATE_LEFT
[14:35:39.724] Bot1 moved forward to (2,3)
[14:35:39.724] Bot1 executed MOVE_FORWARD
[14:35:39.724] Starting turn for Bot17
[14:35:39.724] Bot17 rotated left to face WEST
[14:35:39.724] Bot17 executed ROTATE_LEFT
[14:35:39.724] Bot17 moved forward to (7,6)
[14:35:39.724] Bot17 executed MOVE_FORWARD
[14:35:39.724] Starting turn for Bot1
[14:35:39.724] Bot1 rotated right to face SOUTH
[14:35:39.724] Bot1 executed ROTATE_RIGHT
[14:35:39.724] Starting turn for Bot17
[14:35:39.724] Bot17 rotated right to face NORTH
[14:35:39.724] Bot17 executed ROTATE_RIGHT
[14:35:39.724] Bot17 moved forward to (6,6)
[14:35:39.724] Bot17 executed MOVE_FORWARD
[14:35:39.724] Starting turn for Bot1
[14:35:39.724] Starting turn for Bot17
[14:35:39.724] Bot17 rotated left to face WEST
[14:35:39.724] Bot17 executed ROTATE_LEFT
[14:35:39.724] Bot17 moved forward to (6,5)
[14:35:39.724] Bot17 executed MOVE_FORWARD
[14:35:39.724] Starting turn for Bot1
[14:35:39.724] Bot1 rotated left to face EAST
[14:35:39.724] Bot1 executed ROTATE_LEFT
[14:35:39.724] Bot1 rotated left to face NORTH
[14:35:39.724] Bot1 executed ROTATE_LEFT
[14:35:39.724] Bot1 moved forward to (1,3)
[14:35:39.724] Bot1 executed MOVE_FORWARD
[14:35:39.724] Starting turn for Bot17
[14:35:39.724] Bot17 rotated right to face NORTH
[14:35:39.724] Bot17 executed ROTATE_RIGHT
[14:35:39.724] Bot17 moved forward to (5,5)
[14:35:39.724] Bot17 executed MOVE_FORWARD
[14:35:39.724] Starting turn for Bot1
[14:35:39.724] Bot1 rotated left to face WEST
[14:35:39.724] Bot1 executed ROTATE_LEFT
[14:35:39.724] Bot1 rotated left to face SOUTH
[14:35:39.724] Bot1 executed ROTATE_LEFT
[14:35:39.724] Bot1 moved forward to (2,3)
[14:35:39.724] Bot1 executed MOVE_FORWARD
[14:35:39.724] Starting turn for Bot17
[14:35:39.724] Starting turn for Bot1
[14:35:39.724] Starting turn for Bot17
[14:35:39.724] Starting turn for Bot1
[14:35:39.724] Starting turn for Bot17
[14:35:39.724] Starting turn for Bot1
[14:35:39.724] Bot1 rotated left to face EAST
[14:35:39.724] Bot1 executed ROTATE_LEFT
[14:35:39.724] Bot1 rotated left to face NORTH
[14:35:39.724] Bot1 executed ROTATE_LEFT
[14:35:39.724] Bot1 moved forward to (1,3)
[14:35:39.724] Bot1 executed MOVE_FORWARD
[14:35:39.724] Starting turn for Bot17
[14:35:39.724] Starting turn for Bot1
[14:35:39.724] Bot1 rotated left to face WEST
[14:35:39.724] Bot1 executed ROTATE_LEFT
[14:35:39.724] Bot1 rotated left to face SOUTH
[14:35:39.724] Bot1 executed ROTATE_LEFT
[14:35:39.724] Bot1 moved forward to (2,3)
[14:35:39.724] Bot1 executed MOVE_FORWARD
[14:35:39.724] Starting turn for Bot17
[14:35:39.724] Starting turn for Bot1
[14:35:39.724] Starting turn for Bot17
[14:35:39.724] Starting turn for Bot1
[14:35:39.724] Starting turn for Bot17
[14:35:39.724] Starting turn for Bot1
[14:35:39.724] Bot1 rotated left to face EAST
[14:35:39.724] Bot1 executed ROTATE_LEFT
[14:35:39.724] Bot1 rotated left to face NORTH
[14:35:39.724] Bot1 executed ROTATE_LEFT
[14:35:39.724] Bot1 moved forward to (1,3)
[14:35:39.724] Bot1 executed MOVE_FORWARD
[14:35:39.724] Starting turn for Bot17
[14:35:39.724] Starting turn for Bot1
[14:35:39.724] Bot1 rotated left to face WEST
[14:35:39.724] Bot1 executed ROTATE_LEFT
[14:35:39.724] Bot1 rotated left to face SOUTH
[14:35:39.724] Bot1 executed ROTATE_LEFT
[14:35:39.724] Bot1 moved forward to (2,3)
[14:35:39.724] Bot1 executed MOVE_FORWARD
[14:35:39.724] Starting turn for Bot17
[14:35:39.724] Starting turn for Bot1
[14:35:39.724] Starting turn for Bot17
[14:35:39.724] Starting turn for Bot1
[14:35:39.724] Starting turn for Bot17
[14:35:39.724] Starting turn for Bot1
[14:35:39.724] Bot1 rotated left to face EAST
[14:35:39.724] Bot1 executed ROTATE_LEFT
[14:35:39.724] Bot1 rotated left to face NORTH
[14:35:39.724] Bot1 executed ROTATE_LEFT
[14:35:39.724] Bot1 moved forward to (1,3)
[14:35:39.724] Bot1 executed MOVE_FORWARD
[14:35:39.724] Starting turn for Bot17
[14:35:39.724] Starting turn for Bot1
[14:35:39.724] Bot1 rotated left to face WEST
[14:35:39.724] Bot1 executed ROTATE_LEFT
[14:35:39.724] Bot1 rotated left to face SOUTH
[14:35:39.724] Bot1 executed ROTATE_LEFT
[14:35:39.724] Bot1 moved forward to (2,3)
[14:35:39.724] Bot1 executed MOVE_FORWARD
[14:35:39.724] Starting turn for Bot17
[14:35:39.724] Stalemate detected: State repeated 10 times, unchanged for 3 turns
[14:35:39.724] Game Over! Stalemate detected!
[14:35:39.724] Stalemate detected: State repeated 10 times, unchanged for 3 turns
