[14:36:07.427] === Game Started at 2025-02-04_14-36-07 ===
[14:36:07.427] Game initialized with 2 players
[14:36:07.427] Board size: 10
[14:36:07.427] Obstacle density: 0.05
[14:36:07.427] Max turns: 1000
[14:36:07.427] Player Bot28 starting at position (0,0) facing NORTH
[14:36:07.427] Player Bot20 starting at position (9,9) facing WEST
[14:36:07.427] Obstacles at positions: (1,9) (2,6) (5,7) (8,8) (9,7)
[14:36:07.427] Starting turn for Bot28
[14:36:07.427] Bot28 rotated right to face EAST
[14:36:07.427] Bot28 executed ROTATE_RIGHT
[14:36:07.427] Bot28 moved forward to (0,1)
[14:36:07.427] Bot28 executed MOVE_FORWARD
[14:36:07.427] Starting turn for Bot20
[14:36:07.427] Bot20 moved forward to (9,8)
[14:36:07.427] Bot20 executed MOVE_FORWARD
[14:36:07.427] Starting turn for Bot28
[14:36:07.427] Bot28 rotated right to face SOUTH
[14:36:07.427] Bot28 executed ROTATE_RIGHT
[14:36:07.427] Bot28 moved forward to (1,1)
[14:36:07.427] Bot28 executed MOVE_FORWARD
[14:36:07.427] Starting turn for Bot20
[14:36:07.427] Bot20 rotated right to face NORTH
[14:36:07.427] Bot20 executed ROTATE_RIGHT
[14:36:07.427] Starting turn for Bot28
[14:36:07.427] Bot28 rotated left to face EAST
[14:36:07.427] Bot28 executed ROTATE_LEFT
[14:36:07.427] Bot28 moved forward to (1,2)
[14:36:07.427] Bot28 executed MOVE_FORWARD
[14:36:07.427] Starting turn for Bot20
[14:36:07.427] Starting turn for Bot28
[14:36:07.427] Bot28 rotated right to face SOUTH
[14:36:07.427] Bot28 executed ROTATE_RIGHT
[14:36:07.427] Bot28 moved forward to (2,2)
[14:36:07.427] Bot28 executed MOVE_FORWARD
[14:36:07.427] Starting turn for Bot20
[14:36:07.427] Bot20 rotated right to face EAST
[14:36:07.427] Bot20 executed ROTATE_RIGHT
[14:36:07.427] Bot20 moved forward to (9,9)
[14:36:07.427] Bot20 executed MOVE_FORWARD
[14:36:07.427] Starting turn for Bot28
[14:36:07.427] Bot28 rotated left to face EAST
[14:36:07.427] Bot28 executed ROTATE_LEFT
[14:36:07.427] Bot28 moved forward to (2,3)
[14:36:07.427] Bot28 executed MOVE_FORWARD
[14:36:07.427] Starting turn for Bot20
[14:36:07.427] Bot20 rotated left to face NORTH
[14:36:07.427] Bot20 executed ROTATE_LEFT
[14:36:07.427] Bot20 rotated left to face WEST
[14:36:07.427] Bot20 executed ROTATE_LEFT
[14:36:07.427] Bot20 moved forward to (9,8)
[14:36:07.427] Bot20 executed MOVE_FORWARD
[14:36:07.427] Starting turn for Bot28
[14:36:07.427] Bot28 rotated right to face SOUTH
[14:36:07.427] Bot28 executed ROTATE_RIGHT
[14:36:07.427] Bot28 moved forward to (3,3)
[14:36:07.427] Bot28 executed MOVE_FORWARD
[14:36:07.427] Starting turn for Bot20
[14:36:07.427] Bot20 rotated right to face NORTH
[14:36:07.427] Bot20 executed ROTATE_RIGHT
[14:36:07.427] Starting turn for Bot28
[14:36:07.427] Bot28 rotated left to face EAST
[14:36:07.427] Bot28 executed ROTATE_LEFT
[14:36:07.427] Bot28 moved forward to (3,4)
[14:36:07.427] Bot28 executed MOVE_FORWARD
[14:36:07.427] Starting turn for Bot20
[14:36:07.427] Starting turn for Bot28
[14:36:07.427] Bot28 rotated right to face SOUTH
[14:36:07.427] Bot28 executed ROTATE_RIGHT
[14:36:07.427] Bot28 moved forward to (4,4)
[14:36:07.427] Bot28 executed MOVE_FORWARD
[14:36:07.427] Starting turn for Bot20
[14:36:07.427] Bot20 rotated right to face EAST
[14:36:07.427] Bot20 executed ROTATE_RIGHT
[14:36:07.427] Bot20 moved forward to (9,9)
[14:36:07.427] Bot20 executed MOVE_FORWARD
[14:36:07.427] Starting turn for Bot28
[14:36:07.427] Bot28 rotated left to face EAST
[14:36:07.427] Bot28 executed ROTATE_LEFT
[14:36:07.427] Bot28 moved forward to (4,5)
[14:36:07.427] Bot28 executed MOVE_FORWARD
[14:36:07.427] Starting turn for Bot20
[14:36:07.427] Bot20 rotated left to face NORTH
[14:36:07.427] Bot20 executed ROTATE_LEFT
[14:36:07.427] Bot20 rotated left to face WEST
[14:36:07.427] Bot20 executed ROTATE_LEFT
[14:36:07.427] Bot20 moved forward to (9,8)
[14:36:07.427] Bot20 executed MOVE_FORWARD
[14:36:07.427] Starting turn for Bot28
[14:36:07.427] Bot28 rotated right to face SOUTH
[14:36:07.427] Bot28 executed ROTATE_RIGHT
[14:36:07.427] Bot28 moved forward to (5,5)
[14:36:07.427] Bot28 executed MOVE_FORWARD
[14:36:07.427] Starting turn for Bot20
[14:36:07.427] Bot20 rotated right to face NORTH
[14:36:07.427] Bot20 executed ROTATE_RIGHT
[14:36:07.427] Starting turn for Bot28
[14:36:07.427] Starting turn for Bot20
[14:36:07.427] Starting turn for Bot28
[14:36:07.427] Starting turn for Bot20
[14:36:07.427] Bot20 rotated right to face EAST
[14:36:07.427] Bot20 executed ROTATE_RIGHT
[14:36:07.427] Bot20 moved forward to (9,9)
[14:36:07.427] Bot20 executed MOVE_FORWARD
[14:36:07.427] Starting turn for Bot28
[14:36:07.427] Starting turn for Bot20
[14:36:07.427] Bot20 rotated left to face NORTH
[14:36:07.427] Bot20 executed ROTATE_LEFT
[14:36:07.427] Bot20 rotated left to face WEST
[14:36:07.427] Bot20 executed ROTATE_LEFT
[14:36:07.427] Bot20 moved forward to (9,8)
[14:36:07.427] Bot20 executed MOVE_FORWARD
[14:36:07.427] Starting turn for Bot28
[14:36:07.427] Starting turn for Bot20
[14:36:07.427] Bot20 rotated right to face NORTH
[14:36:07.427] Bot20 executed ROTATE_RIGHT
[14:36:07.427] Starting turn for Bot28
[14:36:07.427] Starting turn for Bot20
[14:36:07.427] Starting turn for Bot28
[14:36:07.427] Starting turn for Bot20
[14:36:07.427] Bot20 rotated right to face EAST
[14:36:07.427] Bot20 executed ROTATE_RIGHT
[14:36:07.427] Bot20 moved forward to (9,9)
[14:36:07.427] Bot20 executed MOVE_FORWARD
[14:36:07.427] Starting turn for Bot28
[14:36:07.427] Starting turn for Bot20
[14:36:07.427] Bot20 rotated left to face NORTH
[14:36:07.427] Bot20 executed ROTATE_LEFT
[14:36:07.427] Bot20 rotated left to face WEST
[14:36:07.427] Bot20 executed ROTATE_LEFT
[14:36:07.427] Bot20 moved forward to (9,8)
[14:36:07.427] Bot20 executed MOVE_FORWARD
[14:36:07.427] Starting turn for Bot28
[14:36:07.427] Starting turn for Bot20
[14:36:07.427] Bot20 rotated right to face NORTH
[14:36:07.427] Bot20 executed ROTATE_RIGHT
[14:36:07.427] Starting turn for Bot28
[14:36:07.427] Starting turn for Bot20
[14:36:07.427] Starting turn for Bot28
[14:36:07.427] Starting turn for Bot20
[14:36:07.427] Stalemate detected: State repeated 10 times, unchanged for 2 turns
[14:36:07.427] Game Over! Stalemate detected!
[14:36:07.427] Stalemate detected: State repeated 10 times, unchanged for 2 turns
