[14:35:53.653] === Game Started at 2025-02-04_14-35-53 ===
[14:35:53.653] Game initialized with 2 players
[14:35:53.653] Board size: 10
[14:35:53.653] Obstacle density: 0.05
[14:35:53.653] Max turns: 1000
[14:35:53.653] Player Bot29 starting at position (0,0) facing WEST
[14:35:53.653] Player Bot8 starting at position (9,9) facing EAST
[14:35:53.653] Obstacles at positions: (2,5) (3,0) (5,9) (6,6) (8,1)
[14:35:53.653] Starting turn for Bot29
[14:35:53.653] Bot29 rotated left to face SOUTH
[14:35:53.653] Bot29 executed ROTATE_LEFT
[14:35:53.653] Bot29 rotated left to face EAST
[14:35:53.653] Bot29 executed ROTATE_LEFT
[14:35:53.653] Bot29 moved forward to (0,1)
[14:35:53.653] Bot29 executed MOVE_FORWARD
[14:35:53.653] Starting turn for Bot8
[14:35:53.653] Bot8 rotated left to face NORTH
[14:35:53.653] Bot8 executed ROTATE_LEFT
[14:35:53.653] Bot8 rotated left to face WEST
[14:35:53.653] Bot8 executed ROTATE_LEFT
[14:35:53.653] Bot8 moved forward to (9,8)
[14:35:53.653] Bot8 executed MOVE_FORWARD
[14:35:53.653] Starting turn for Bot29
[14:35:53.653] Bot29 rotated right to face SOUTH
[14:35:53.653] Bot29 executed ROTATE_RIGHT
[14:35:53.653] Bot29 moved forward to (1,1)
[14:35:53.653] Bot29 executed MOVE_FORWARD
[14:35:53.653] Starting turn for Bot8
[14:35:53.653] Bot8 rotated right to face NORTH
[14:35:53.653] Bot8 executed ROTATE_RIGHT
[14:35:53.653] Bot8 moved forward to (8,8)
[14:35:53.653] Bot8 executed MOVE_FORWARD
[14:35:53.653] Starting turn for Bot29
[14:35:53.653] Bot29 rotated left to face EAST
[14:35:53.653] Bot29 executed ROTATE_LEFT
[14:35:53.653] Bot29 moved forward to (1,2)
[14:35:53.653] Bot29 executed MOVE_FORWARD
[14:35:53.653] Starting turn for Bot8
[14:35:53.653] Bot8 rotated left to face WEST
[14:35:53.653] Bot8 executed ROTATE_LEFT
[14:35:53.653] Bot8 moved forward to (8,7)
[14:35:53.653] Bot8 executed MOVE_FORWARD
[14:35:53.653] Starting turn for Bot29
[14:35:53.653] Bot29 rotated right to face SOUTH
[14:35:53.653] Bot29 executed ROTATE_RIGHT
[14:35:53.653] Bot29 moved forward to (2,2)
[14:35:53.653] Bot29 executed MOVE_FORWARD
[14:35:53.653] Starting turn for Bot8
[14:35:53.653] Bot8 rotated right to face NORTH
[14:35:53.653] Bot8 executed ROTATE_RIGHT
[14:35:53.653] Bot8 moved forward to (7,7)
[14:35:53.653] Bot8 executed MOVE_FORWARD
[14:35:53.653] Starting turn for Bot29
[14:35:53.653] Bot29 rotated left to face EAST
[14:35:53.653] Bot29 executed ROTATE_LEFT
[14:35:53.653] Bot29 moved forward to (2,3)
[14:35:53.653] Bot29 executed MOVE_FORWARD
[14:35:53.653] Starting turn for Bot8
[14:35:53.653] Bot8 rotated left to face WEST
[14:35:53.653] Bot8 executed ROTATE_LEFT
[14:35:53.653] Bot8 moved forward to (7,6)
[14:35:53.653] Bot8 executed MOVE_FORWARD
[14:35:53.653] Starting turn for Bot29
[14:35:53.653] Bot29 rotated right to face SOUTH
[14:35:53.653] Bot29 executed ROTATE_RIGHT
[14:35:53.653] Bot29 moved forward to (3,3)
[14:35:53.653] Bot29 executed MOVE_FORWARD
[14:35:53.653] Starting turn for Bot8
[14:35:53.653] Bot8 rotated right to face NORTH
[14:35:53.653] Bot8 executed ROTATE_RIGHT
[14:35:53.653] Starting turn for Bot29
[14:35:53.653] Bot29 rotated left to face EAST
[14:35:53.653] Bot29 executed ROTATE_LEFT
[14:35:53.653] Bot29 moved forward to (3,4)
[14:35:53.653] Bot29 executed MOVE_FORWARD
[14:35:53.653] Starting turn for Bot8
[14:35:53.653] Starting turn for Bot29
[14:35:53.653] Bot29 rotated right to face SOUTH
[14:35:53.653] Bot29 executed ROTATE_RIGHT
[14:35:53.653] Bot29 moved forward to (4,4)
[14:35:53.653] Bot29 executed MOVE_FORWARD
[14:35:53.653] Starting turn for Bot8
[14:35:53.653] Bot8 rotated right to face EAST
[14:35:53.653] Bot8 executed ROTATE_RIGHT
[14:35:53.653] Bot8 moved forward to (7,7)
[14:35:53.653] Bot8 executed MOVE_FORWARD
[14:35:53.653] Starting turn for Bot29
[14:35:53.653] Bot29 rotated left to face EAST
[14:35:53.653] Bot29 executed ROTATE_LEFT
[14:35:53.653] Bot29 moved forward to (4,5)
[14:35:53.653] Bot29 executed MOVE_FORWARD
[14:35:53.653] Starting turn for Bot8
[14:35:53.653] Bot8 rotated left to face NORTH
[14:35:53.653] Bot8 executed ROTATE_LEFT
[14:35:53.653] Bot8 rotated left to face WEST
[14:35:53.653] Bot8 executed ROTATE_LEFT
[14:35:53.653] Bot8 moved forward to (7,6)
[14:35:53.653] Bot8 executed MOVE_FORWARD
[14:35:53.653] Starting turn for Bot29
[14:35:53.653] Bot29 rotated right to face SOUTH
[14:35:53.653] Bot29 executed ROTATE_RIGHT
[14:35:53.653] Bot29 moved forward to (5,5)
[14:35:53.653] Bot29 executed MOVE_FORWARD
[14:35:53.653] Starting turn for Bot8
[14:35:53.653] Bot8 rotated right to face NORTH
[14:35:53.653] Bot8 executed ROTATE_RIGHT
[14:35:53.653] Starting turn for Bot29
[14:35:53.653] Starting turn for Bot8
[14:35:53.653] Starting turn for Bot29
[14:35:53.653] Starting turn for Bot8
[14:35:53.653] Bot8 rotated right to face EAST
[14:35:53.653] Bot8 executed ROTATE_RIGHT
[14:35:53.653] Bot8 moved forward to (7,7)
[14:35:53.653] Bot8 executed MOVE_FORWARD
[14:35:53.653] Starting turn for Bot29
[14:35:53.653] Starting turn for Bot8
[14:35:53.653] Bot8 rotated left to face NORTH
[14:35:53.653] Bot8 executed ROTATE_LEFT
[14:35:53.653] Bot8 rotated left to face WEST
[14:35:53.653] Bot8 executed ROTATE_LEFT
[14:35:53.653] Bot8 moved forward to (7,6)
[14:35:53.653] Bot8 executed MOVE_FORWARD
[14:35:53.653] Starting turn for Bot29
[14:35:53.653] Starting turn for Bot8
[14:35:53.653] Bot8 rotated right to face NORTH
[14:35:53.653] Bot8 executed ROTATE_RIGHT
[14:35:53.653] Starting turn for Bot29
[14:35:53.653] Starting turn for Bot8
[14:35:53.653] Starting turn for Bot29
[14:35:53.653] Starting turn for Bot8
[14:35:53.653] Bot8 rotated right to face EAST
[14:35:53.653] Bot8 executed ROTATE_RIGHT
[14:35:53.653] Bot8 moved forward to (7,7)
[14:35:53.653] Bot8 executed MOVE_FORWARD
[14:35:53.653] Starting turn for Bot29
[14:35:53.653] Starting turn for Bot8
[14:35:53.653] Bot8 rotated left to face NORTH
[14:35:53.653] Bot8 executed ROTATE_LEFT
[14:35:53.653] Bot8 rotated left to face WEST
[14:35:53.654] Bot8 executed ROTATE_LEFT
[14:35:53.654] Bot8 moved forward to (7,6)
[14:35:53.654] Bot8 executed MOVE_FORWARD
[14:35:53.654] Starting turn for Bot29
[14:35:53.654] Starting turn for Bot8
[14:35:53.654] Bot8 rotated right to face NORTH
[14:35:53.654] Bot8 executed ROTATE_RIGHT
[14:35:53.654] Starting turn for Bot29
[14:35:53.654] Starting turn for Bot8
[14:35:53.654] Starting turn for Bot29
[14:35:53.654] Starting turn for Bot8
[14:35:53.654] Stalemate detected: State repeated 10 times, unchanged for 2 turns
[14:35:53.654] Game Over! Stalemate detected!
[14:35:53.654] Stalemate detected: State repeated 10 times, unchanged for 2 turns
