[14:35:53.928] === Game Started at 2025-02-04_14-35-53 ===
[14:35:53.928] Game initialized with 2 players
[14:35:53.928] Board size: 10
[14:35:53.928] Obstacle density: 0.05
[14:35:53.928] Max turns: 1000
[14:35:53.928] Player Bot34 starting at position (0,0) facing SOUTH
[14:35:53.928] Player Bot8 starting at position (9,9) facing SOUTH
[14:35:53.928] Obstacles at positions: (1,3) (4,3) (4,5) (5,5) (9,8)
[14:35:53.928] Starting turn for Bot34
[14:35:53.928] Bot34 rotated left to face EAST
[14:35:53.928] Bot34 executed ROTATE_LEFT
[14:35:53.928] Bot34 moved forward to (0,1)
[14:35:53.929] Bot34 executed MOVE_FORWARD
[14:35:53.929] Starting turn for Bot8
[14:35:53.929] Bot8 rotated left to face EAST
[14:35:53.929] Bot8 executed ROTATE_LEFT
[14:35:53.929] Bot8 rotated left to face NORTH
[14:35:53.929] Bot8 executed ROTATE_LEFT
[14:35:53.929] Bot8 moved forward to (8,9)
[14:35:53.929] Bot8 executed MOVE_FORWARD
[14:35:53.929] Starting turn for Bot34
[14:35:53.929] Bot34 rotated right to face SOUTH
[14:35:53.929] Bot34 executed ROTATE_RIGHT
[14:35:53.929] Bot34 moved forward to (1,1)
[14:35:53.929] Bot34 executed MOVE_FORWARD
[14:35:53.929] Starting turn for Bot8
[14:35:53.929] Bot8 rotated left to face WEST
[14:35:53.929] Bot8 executed ROTATE_LEFT
[14:35:53.929] Bot8 moved forward to (8,8)
[14:35:53.929] Bot8 executed MOVE_FORWARD
[14:35:53.929] Starting turn for Bot34
[14:35:53.929] Bot34 rotated left to face EAST
[14:35:53.929] Bot34 executed ROTATE_LEFT
[14:35:53.929] Bot34 moved forward to (1,2)
[14:35:53.929] Bot34 executed MOVE_FORWARD
[14:35:53.929] Starting turn for Bot8
[14:35:53.929] Bot8 moved forward to (8,7)
[14:35:53.929] Bot8 executed MOVE_FORWARD
[14:35:53.929] Starting turn for Bot34
[14:35:53.929] Bot34 rotated right to face SOUTH
[14:35:53.929] Bot34 executed ROTATE_RIGHT
[14:35:53.929] Bot34 moved forward to (2,2)
[14:35:53.929] Bot34 executed MOVE_FORWARD
[14:35:53.929] Starting turn for Bot8
[14:35:53.929] Bot8 rotated right to face NORTH
[14:35:53.929] Bot8 executed ROTATE_RIGHT
[14:35:53.929] Bot8 moved forward to (7,7)
[14:35:53.929] Bot8 executed MOVE_FORWARD
[14:35:53.929] Starting turn for Bot34
[14:35:53.929] Bot34 rotated left to face EAST
[14:35:53.929] Bot34 executed ROTATE_LEFT
[14:35:53.929] Bot34 moved forward to (2,3)
[14:35:53.929] Bot34 executed MOVE_FORWARD
[14:35:53.929] Starting turn for Bot8
[14:35:53.929] Bot8 rotated left to face WEST
[14:35:53.929] Bot8 executed ROTATE_LEFT
[14:35:53.929] Bot8 moved forward to (7,6)
[14:35:53.929] Bot8 executed MOVE_FORWARD
[14:35:53.929] Starting turn for Bot34
[14:35:53.929] Bot34 rotated right to face SOUTH
[14:35:53.929] Bot34 executed ROTATE_RIGHT
[14:35:53.929] Bot34 moved forward to (3,3)
[14:35:53.929] Bot34 executed MOVE_FORWARD
[14:35:53.929] Starting turn for Bot8
[14:35:53.929] Bot8 rotated right to face NORTH
[14:35:53.929] Bot8 executed ROTATE_RIGHT
[14:35:53.929] Bot8 moved forward to (6,6)
[14:35:53.929] Bot8 executed MOVE_FORWARD
[14:35:53.929] Starting turn for Bot34
[14:35:53.929] Bot34 rotated left to face EAST
[14:35:53.929] Bot34 executed ROTATE_LEFT
[14:35:53.929] Bot34 moved forward to (3,4)
[14:35:53.929] Bot34 executed MOVE_FORWARD
[14:35:53.929] Starting turn for Bot8
[14:35:53.929] Bot8 rotated left to face WEST
[14:35:53.929] Bot8 executed ROTATE_LEFT
[14:35:53.929] Bot8 moved forward to (6,5)
[14:35:53.929] Bot8 executed MOVE_FORWARD
[14:35:53.929] Starting turn for Bot34
[14:35:53.929] Bot34 rotated right to face SOUTH
[14:35:53.929] Bot34 executed ROTATE_RIGHT
[14:35:53.929] Bot34 moved forward to (4,4)
[14:35:53.929] Bot34 executed MOVE_FORWARD
[14:35:53.929] Starting turn for Bot8
[14:35:53.929] Bot8 rotated right to face NORTH
[14:35:53.929] Bot8 executed ROTATE_RIGHT
[14:35:53.929] Starting turn for Bot34
[14:35:53.929] Bot34 rotated left to face EAST
[14:35:53.929] Bot34 executed ROTATE_LEFT
[14:35:53.929] Starting turn for Bot8
[14:35:53.929] Starting turn for Bot34
[14:35:53.929] Starting turn for Bot8
[14:35:53.929] Bot8 rotated right to face EAST
[14:35:53.929] Bot8 executed ROTATE_RIGHT
[14:35:53.929] Bot8 moved forward to (6,6)
[14:35:53.929] Bot8 executed MOVE_FORWARD
[14:35:53.929] Starting turn for Bot34
[14:35:53.929] Bot34 rotated left to face NORTH
[14:35:53.929] Bot34 executed ROTATE_LEFT
[14:35:53.929] Bot34 moved forward to (3,4)
[14:35:53.929] Bot34 executed MOVE_FORWARD
[14:35:53.929] Starting turn for Bot8
[14:35:53.929] Bot8 rotated left to face NORTH
[14:35:53.929] Bot8 executed ROTATE_LEFT
[14:35:53.929] Bot8 rotated left to face WEST
[14:35:53.929] Bot8 executed ROTATE_LEFT
[14:35:53.929] Bot8 moved forward to (6,5)
[14:35:53.929] Bot8 executed MOVE_FORWARD
[14:35:53.929] Starting turn for Bot34
[14:35:53.929] Bot34 rotated left to face WEST
[14:35:53.929] Bot34 executed ROTATE_LEFT
[14:35:53.929] Bot34 rotated left to face SOUTH
[14:35:53.929] Bot34 executed ROTATE_LEFT
[14:35:53.929] Bot34 moved forward to (4,4)
[14:35:53.929] Bot34 executed MOVE_FORWARD
[14:35:53.929] Starting turn for Bot8
[14:35:53.929] Bot8 rotated right to face NORTH
[14:35:53.929] Bot8 executed ROTATE_RIGHT
[14:35:53.929] Starting turn for Bot34
[14:35:53.929] Bot34 rotated left to face EAST
[14:35:53.929] Bot34 executed ROTATE_LEFT
[14:35:53.929] Starting turn for Bot8
[14:35:53.929] Starting turn for Bot34
[14:35:53.929] Starting turn for Bot8
[14:35:53.929] Bot8 rotated right to face EAST
[14:35:53.929] Bot8 executed ROTATE_RIGHT
[14:35:53.929] Bot8 moved forward to (6,6)
[14:35:53.929] Bot8 executed MOVE_FORWARD
[14:35:53.929] Starting turn for Bot34
[14:35:53.929] Bot34 rotated left to face NORTH
[14:35:53.929] Bot34 executed ROTATE_LEFT
[14:35:53.929] Bot34 moved forward to (3,4)
[14:35:53.929] Bot34 executed MOVE_FORWARD
[14:35:53.929] Starting turn for Bot8
[14:35:53.929] Bot8 rotated left to face NORTH
[14:35:53.929] Bot8 executed ROTATE_LEFT
[14:35:53.929] Bot8 rotated left to face WEST
[14:35:53.929] Bot8 executed ROTATE_LEFT
[14:35:53.929] Bot8 moved forward to (6,5)
[14:35:53.929] Bot8 executed MOVE_FORWARD
[14:35:53.929] Starting turn for Bot34
[14:35:53.929] Bot34 rotated left to face WEST
[14:35:53.929] Bot34 executed ROTATE_LEFT
[14:35:53.929] Bot34 rotated left to face SOUTH
[14:35:53.929] Bot34 executed ROTATE_LEFT
[14:35:53.929] Bot34 moved forward to (4,4)
[14:35:53.929] Bot34 executed MOVE_FORWARD
[14:35:53.929] Starting turn for Bot8
[14:35:53.929] Bot8 rotated right to face NORTH
[14:35:53.929] Bot8 executed ROTATE_RIGHT
[14:35:53.929] Starting turn for Bot34
[14:35:53.929] Bot34 rotated left to face EAST
[14:35:53.929] Bot34 executed ROTATE_LEFT
[14:35:53.929] Starting turn for Bot8
[14:35:53.929] Starting turn for Bot34
[14:35:53.929] Starting turn for Bot8
[14:35:53.929] Bot8 rotated right to face EAST
[14:35:53.929] Bot8 executed ROTATE_RIGHT
[14:35:53.929] Bot8 moved forward to (6,6)
[14:35:53.929] Bot8 executed MOVE_FORWARD
[14:35:53.929] Starting turn for Bot34
[14:35:53.929] Bot34 rotated left to face NORTH
[14:35:53.929] Bot34 executed ROTATE_LEFT
[14:35:53.929] Bot34 moved forward to (3,4)
[14:35:53.929] Bot34 executed MOVE_FORWARD
[14:35:53.929] Starting turn for Bot8
[14:35:53.929] Bot8 rotated left to face NORTH
[14:35:53.929] Bot8 executed ROTATE_LEFT
[14:35:53.929] Bot8 rotated left to face WEST
[14:35:53.929] Bot8 executed ROTATE_LEFT
[14:35:53.929] Bot8 moved forward to (6,5)
[14:35:53.929] Bot8 executed MOVE_FORWARD
[14:35:53.929] Starting turn for Bot34
[14:35:53.929] Bot34 rotated left to face WEST
[14:35:53.929] Bot34 executed ROTATE_LEFT
[14:35:53.929] Bot34 rotated left to face SOUTH
[14:35:53.929] Bot34 executed ROTATE_LEFT
[14:35:53.929] Bot34 moved forward to (4,4)
[14:35:53.929] Bot34 executed MOVE_FORWARD
[14:35:53.929] Starting turn for Bot8
[14:35:53.929] Bot8 rotated right to face NORTH
[14:35:53.929] Bot8 executed ROTATE_RIGHT
[14:35:53.929] Starting turn for Bot34
[14:35:53.929] Bot34 rotated left to face EAST
[14:35:53.929] Bot34 executed ROTATE_LEFT
[14:35:53.929] Starting turn for Bot8
[14:35:53.929] Stalemate detected: State repeated 10 times, unchanged for 3 turns
[14:35:53.929] Game Over! Stalemate detected!
[14:35:53.929] Stalemate detected: State repeated 10 times, unchanged for 3 turns
