[14:35:44.280] === Game Started at 2025-02-04_14-35-44 ===
[14:35:44.280] Game initialized with 2 players
[14:35:44.280] Board size: 10
[14:35:44.280] Obstacle density: 0.05
[14:35:44.280] Max turns: 1000
[14:35:44.280] Player Bot26 starting at position (0,0) facing NORTH
[14:35:44.280] Player Bot3 starting at position (9,9) facing NORTH
[14:35:44.280] Obstacles at positions: (0,6) (4,8) (7,7) (8,1) (9,2)
[14:35:44.280] Starting turn for Bot26
[14:35:44.280] Bot26 rotated right to face EAST
[14:35:44.280] Bot26 executed ROTATE_RIGHT
[14:35:44.280] Bot26 moved forward to (0,1)
[14:35:44.280] Bot26 executed MOVE_FORWARD
[14:35:44.280] Starting turn for Bot3
[14:35:44.280] Bot3 rotated left to face WEST
[14:35:44.280] Bot3 executed ROTATE_LEFT
[14:35:44.280] Bot3 moved forward to (9,8)
[14:35:44.280] Bot3 executed MOVE_FORWARD
[14:35:44.280] Starting turn for Bot26
[14:35:44.280] Bot26 rotated right to face SOUTH
[14:35:44.280] Bot26 executed ROTATE_RIGHT
[14:35:44.280] Bot26 moved forward to (1,1)
[14:35:44.280] Bot26 executed MOVE_FORWARD
[14:35:44.280] Starting turn for Bot3
[14:35:44.280] Bot3 rotated right to face NORTH
[14:35:44.280] Bot3 executed ROTATE_RIGHT
[14:35:44.280] Bot3 moved forward to (8,8)
[14:35:44.280] Bot3 executed MOVE_FORWARD
[14:35:44.280] Starting turn for Bot26
[14:35:44.280] Bot26 rotated left to face EAST
[14:35:44.280] Bot26 executed ROTATE_LEFT
[14:35:44.280] Bot26 moved forward to (1,2)
[14:35:44.280] Bot26 executed MOVE_FORWARD
[14:35:44.280] Starting turn for Bot3
[14:35:44.280] Bot3 rotated left to face WEST
[14:35:44.280] Bot3 executed ROTATE_LEFT
[14:35:44.280] Bot3 moved forward to (8,7)
[14:35:44.280] Bot3 executed MOVE_FORWARD
[14:35:44.280] Starting turn for Bot26
[14:35:44.280] Bot26 rotated right to face SOUTH
[14:35:44.280] Bot26 executed ROTATE_RIGHT
[14:35:44.280] Bot26 moved forward to (2,2)
[14:35:44.280] Bot26 executed MOVE_FORWARD
[14:35:44.280] Starting turn for Bot3
[14:35:44.280] Bot3 rotated right to face NORTH
[14:35:44.280] Bot3 executed ROTATE_RIGHT
[14:35:44.280] Starting turn for Bot26
[14:35:44.280] Bot26 rotated left to face EAST
[14:35:44.280] Bot26 executed ROTATE_LEFT
[14:35:44.280] Bot26 moved forward to (2,3)
[14:35:44.280] Bot26 executed MOVE_FORWARD
[14:35:44.280] Starting turn for Bot3
[14:35:44.280] Starting turn for Bot26
[14:35:44.280] Bot26 rotated right to face SOUTH
[14:35:44.280] Bot26 executed ROTATE_RIGHT
[14:35:44.280] Bot26 moved forward to (3,3)
[14:35:44.280] Bot26 executed MOVE_FORWARD
[14:35:44.281] Starting turn for Bot3
[14:35:44.281] Bot3 rotated right to face EAST
[14:35:44.281] Bot3 executed ROTATE_RIGHT
[14:35:44.281] Bot3 moved forward to (8,8)
[14:35:44.281] Bot3 executed MOVE_FORWARD
[14:35:44.281] Starting turn for Bot26
[14:35:44.281] Bot26 rotated left to face EAST
[14:35:44.281] Bot26 executed ROTATE_LEFT
[14:35:44.281] Bot26 moved forward to (3,4)
[14:35:44.281] Bot26 executed MOVE_FORWARD
[14:35:44.281] Starting turn for Bot3
[14:35:44.281] Bot3 rotated left to face NORTH
[14:35:44.281] Bot3 executed ROTATE_LEFT
[14:35:44.281] Bot3 rotated left to face WEST
[14:35:44.281] Bot3 executed ROTATE_LEFT
[14:35:44.281] Bot3 moved forward to (8,7)
[14:35:44.281] Bot3 executed MOVE_FORWARD
[14:35:44.281] Starting turn for Bot26
[14:35:44.281] Bot26 rotated right to face SOUTH
[14:35:44.281] Bot26 executed ROTATE_RIGHT
[14:35:44.281] Bot26 moved forward to (4,4)
[14:35:44.281] Bot26 executed MOVE_FORWARD
[14:35:44.281] Starting turn for Bot3
[14:35:44.281] Bot3 rotated right to face NORTH
[14:35:44.281] Bot3 executed ROTATE_RIGHT
[14:35:44.281] Starting turn for Bot26
[14:35:44.281] Bot26 rotated left to face EAST
[14:35:44.281] Bot26 executed ROTATE_LEFT
[14:35:44.281] Bot26 moved forward to (4,5)
[14:35:44.281] Bot26 executed MOVE_FORWARD
[14:35:44.281] Starting turn for Bot3
[14:35:44.281] Starting turn for Bot26
[14:35:44.281] Bot26 rotated right to face SOUTH
[14:35:44.281] Bot26 executed ROTATE_RIGHT
[14:35:44.281] Bot26 moved forward to (5,5)
[14:35:44.281] Bot26 executed MOVE_FORWARD
[14:35:44.281] Starting turn for Bot3
[14:35:44.281] Bot3 rotated right to face EAST
[14:35:44.281] Bot3 executed ROTATE_RIGHT
[14:35:44.281] Bot3 moved forward to (8,8)
[14:35:44.281] Bot3 executed MOVE_FORWARD
[14:35:44.281] Starting turn for Bot26
[14:35:44.281] Starting turn for Bot3
[14:35:44.281] Bot3 rotated left to face NORTH
[14:35:44.281] Bot3 executed ROTATE_LEFT
[14:35:44.281] Bot3 rotated left to face WEST
[14:35:44.281] Bot3 executed ROTATE_LEFT
[14:35:44.281] Bot3 moved forward to (8,7)
[14:35:44.281] Bot3 executed MOVE_FORWARD
[14:35:44.281] Starting turn for Bot26
[14:35:44.281] Starting turn for Bot3
[14:35:44.281] Bot3 rotated right to face NORTH
[14:35:44.281] Bot3 executed ROTATE_RIGHT
[14:35:44.281] Starting turn for Bot26
[14:35:44.281] Starting turn for Bot3
[14:35:44.281] Starting turn for Bot26
[14:35:44.281] Starting turn for Bot3
[14:35:44.281] Bot3 rotated right to face EAST
[14:35:44.281] Bot3 executed ROTATE_RIGHT
[14:35:44.281] Bot3 moved forward to (8,8)
[14:35:44.281] Bot3 executed MOVE_FORWARD
[14:35:44.281] Starting turn for Bot26
[14:35:44.281] Starting turn for Bot3
[14:35:44.281] Bot3 rotated left to face NORTH
[14:35:44.281] Bot3 executed ROTATE_LEFT
[14:35:44.281] Bot3 rotated left to face WEST
[14:35:44.281] Bot3 executed ROTATE_LEFT
[14:35:44.281] Bot3 moved forward to (8,7)
[14:35:44.281] Bot3 executed MOVE_FORWARD
[14:35:44.281] Starting turn for Bot26
[14:35:44.281] Starting turn for Bot3
[14:35:44.281] Bot3 rotated right to face NORTH
[14:35:44.281] Bot3 executed ROTATE_RIGHT
[14:35:44.281] Starting turn for Bot26
[14:35:44.281] Starting turn for Bot3
[14:35:44.281] Starting turn for Bot26
[14:35:44.281] Starting turn for Bot3
[14:35:44.281] Bot3 rotated right to face EAST
[14:35:44.281] Bot3 executed ROTATE_RIGHT
[14:35:44.281] Bot3 moved forward to (8,8)
[14:35:44.281] Bot3 executed MOVE_FORWARD
[14:35:44.281] Starting turn for Bot26
[14:35:44.281] Starting turn for Bot3
[14:35:44.281] Bot3 rotated left to face NORTH
[14:35:44.281] Bot3 executed ROTATE_LEFT
[14:35:44.281] Bot3 rotated left to face WEST
[14:35:44.281] Bot3 executed ROTATE_LEFT
[14:35:44.281] Bot3 moved forward to (8,7)
[14:35:44.281] Bot3 executed MOVE_FORWARD
[14:35:44.281] Starting turn for Bot26
[14:35:44.281] Starting turn for Bot3
[14:35:44.281] Bot3 rotated right to face NORTH
[14:35:44.281] Bot3 executed ROTATE_RIGHT
[14:35:44.281] Starting turn for Bot26
[14:35:44.281] Stalemate detected: State repeated 10 times, unchanged for 1 turns
[14:35:44.281] Game Over! Stalemate detected!
[14:35:44.281] Stalemate detected: State repeated 10 times, unchanged for 1 turns
