[14:35:39.582] === Game Started at 2025-02-04_14-35-39 ===
[14:35:39.583] Game initialized with 2 players
[14:35:39.583] Board size: 10
[14:35:39.583] Obstacle density: 0.05
[14:35:39.583] Max turns: 1000
[14:35:39.583] Player Bot14 starting at position (0,0) facing SOUTH
[14:35:39.583] Player Bot1 starting at position (9,9) facing NORTH
[14:35:39.583] Obstacles at positions: (1,0) (1,6) (3,4) (8,8) (9,3)
[14:35:39.583] Starting turn for Bot14
[14:35:39.583] Bot14 rotated left to face EAST
[14:35:39.583] Bot14 executed ROTATE_LEFT
[14:35:39.583] Bot14 moved forward to (0,1)
[14:35:39.583] Bot14 executed MOVE_FORWARD
[14:35:39.583] Starting turn for Bot1
[14:35:39.583] Bot1 rotated left to face WEST
[14:35:39.583] Bot1 executed ROTATE_LEFT
[14:35:39.583] Bot1 moved forward to (9,8)
[14:35:39.583] Bot1 executed MOVE_FORWARD
[14:35:39.583] Starting turn for Bot14
[14:35:39.583] Bot14 rotated right to face SOUTH
[14:35:39.583] Bot14 executed ROTATE_RIGHT
[14:35:39.583] Bot14 moved forward to (1,1)
[14:35:39.583] Bot14 executed MOVE_FORWARD
[14:35:39.583] Starting turn for Bot1
[14:35:39.583] Bot1 rotated right to face NORTH
[14:35:39.583] Bot1 executed ROTATE_RIGHT
[14:35:39.583] Starting turn for Bot14
[14:35:39.583] Bot14 rotated left to face EAST
[14:35:39.583] Bot14 executed ROTATE_LEFT
[14:35:39.583] Bot14 moved forward to (1,2)
[14:35:39.583] Bot14 executed MOVE_FORWARD
[14:35:39.583] Starting turn for Bot1
[14:35:39.583] Starting turn for Bot14
[14:35:39.583] Bot14 rotated right to face SOUTH
[14:35:39.583] Bot14 executed ROTATE_RIGHT
[14:35:39.583] Bot14 moved forward to (2,2)
[14:35:39.583] Bot14 executed MOVE_FORWARD
[14:35:39.583] Starting turn for Bot1
[14:35:39.583] Bot1 rotated right to face EAST
[14:35:39.583] Bot1 executed ROTATE_RIGHT
[14:35:39.583] Bot1 moved forward to (9,9)
[14:35:39.583] Bot1 executed MOVE_FORWARD
[14:35:39.583] Starting turn for Bot14
[14:35:39.583] Bot14 rotated left to face EAST
[14:35:39.583] Bot14 executed ROTATE_LEFT
[14:35:39.583] Bot14 moved forward to (2,3)
[14:35:39.583] Bot14 executed MOVE_FORWARD
[14:35:39.583] Starting turn for Bot1
[14:35:39.583] Bot1 rotated left to face NORTH
[14:35:39.583] Bot1 executed ROTATE_LEFT
[14:35:39.583] Bot1 rotated left to face WEST
[14:35:39.583] Bot1 executed ROTATE_LEFT
[14:35:39.583] Bot1 moved forward to (9,8)
[14:35:39.583] Bot1 executed MOVE_FORWARD
[14:35:39.583] Starting turn for Bot14
[14:35:39.583] Bot14 rotated right to face SOUTH
[14:35:39.583] Bot14 executed ROTATE_RIGHT
[14:35:39.583] Bot14 moved forward to (3,3)
[14:35:39.583] Bot14 executed MOVE_FORWARD
[14:35:39.583] Starting turn for Bot1
[14:35:39.583] Bot1 rotated right to face NORTH
[14:35:39.583] Bot1 executed ROTATE_RIGHT
[14:35:39.583] Starting turn for Bot14
[14:35:39.583] Bot14 rotated left to face EAST
[14:35:39.583] Bot14 executed ROTATE_LEFT
[14:35:39.583] Starting turn for Bot1
[14:35:39.583] Starting turn for Bot14
[14:35:39.583] Starting turn for Bot1
[14:35:39.583] Bot1 rotated right to face EAST
[14:35:39.583] Bot1 executed ROTATE_RIGHT
[14:35:39.583] Bot1 moved forward to (9,9)
[14:35:39.583] Bot1 executed MOVE_FORWARD
[14:35:39.583] Starting turn for Bot14
[14:35:39.583] Bot14 rotated left to face NORTH
[14:35:39.583] Bot14 executed ROTATE_LEFT
[14:35:39.583] Bot14 moved forward to (2,3)
[14:35:39.583] Bot14 executed MOVE_FORWARD
[14:35:39.583] Starting turn for Bot1
[14:35:39.583] Bot1 rotated left to face NORTH
[14:35:39.583] Bot1 executed ROTATE_LEFT
[14:35:39.583] Bot1 rotated left to face WEST
[14:35:39.583] Bot1 executed ROTATE_LEFT
[14:35:39.583] Bot1 moved forward to (9,8)
[14:35:39.583] Bot1 executed MOVE_FORWARD
[14:35:39.583] Starting turn for Bot14
[14:35:39.583] Bot14 rotated left to face WEST
[14:35:39.583] Bot14 executed ROTATE_LEFT
[14:35:39.583] Bot14 rotated left to face SOUTH
[14:35:39.583] Bot14 executed ROTATE_LEFT
[14:35:39.583] Bot14 moved forward to (3,3)
[14:35:39.583] Bot14 executed MOVE_FORWARD
[14:35:39.583] Starting turn for Bot1
[14:35:39.583] Bot1 rotated right to face NORTH
[14:35:39.583] Bot1 executed ROTATE_RIGHT
[14:35:39.583] Starting turn for Bot14
[14:35:39.583] Bot14 rotated left to face EAST
[14:35:39.583] Bot14 executed ROTATE_LEFT
[14:35:39.583] Starting turn for Bot1
[14:35:39.583] Starting turn for Bot14
[14:35:39.583] Starting turn for Bot1
[14:35:39.583] Bot1 rotated right to face EAST
[14:35:39.583] Bot1 executed ROTATE_RIGHT
[14:35:39.583] Bot1 moved forward to (9,9)
[14:35:39.583] Bot1 executed MOVE_FORWARD
[14:35:39.583] Starting turn for Bot14
[14:35:39.583] Bot14 rotated left to face NORTH
[14:35:39.583] Bot14 executed ROTATE_LEFT
[14:35:39.583] Bot14 moved forward to (2,3)
[14:35:39.583] Bot14 executed MOVE_FORWARD
[14:35:39.583] Starting turn for Bot1
[14:35:39.583] Bot1 rotated left to face NORTH
[14:35:39.583] Bot1 executed ROTATE_LEFT
[14:35:39.583] Bot1 rotated left to face WEST
[14:35:39.583] Bot1 executed ROTATE_LEFT
[14:35:39.583] Bot1 moved forward to (9,8)
[14:35:39.583] Bot1 executed MOVE_FORWARD
[14:35:39.583] Starting turn for Bot14
[14:35:39.583] Bot14 rotated left to face WEST
[14:35:39.583] Bot14 executed ROTATE_LEFT
[14:35:39.583] Bot14 rotated left to face SOUTH
[14:35:39.583] Bot14 executed ROTATE_LEFT
[14:35:39.583] Bot14 moved forward to (3,3)
[14:35:39.583] Bot14 executed MOVE_FORWARD
[14:35:39.583] Starting turn for Bot1
[14:35:39.583] Bot1 rotated right to face NORTH
[14:35:39.583] Bot1 executed ROTATE_RIGHT
[14:35:39.583] Starting turn for Bot14
[14:35:39.583] Bot14 rotated left to face EAST
[14:35:39.583] Bot14 executed ROTATE_LEFT
[14:35:39.583] Starting turn for Bot1
[14:35:39.583] Starting turn for Bot14
[14:35:39.583] Starting turn for Bot1
[14:35:39.583] Bot1 rotated right to face EAST
[14:35:39.583] Bot1 executed ROTATE_RIGHT
[14:35:39.583] Bot1 moved forward to (9,9)
[14:35:39.583] Bot1 executed MOVE_FORWARD
[14:35:39.583] Starting turn for Bot14
[14:35:39.583] Bot14 rotated left to face NORTH
[14:35:39.583] Bot14 executed ROTATE_LEFT
[14:35:39.583] Bot14 moved forward to (2,3)
[14:35:39.583] Bot14 executed MOVE_FORWARD
[14:35:39.583] Starting turn for Bot1
[14:35:39.583] Bot1 rotated left to face NORTH
[14:35:39.583] Bot1 executed ROTATE_LEFT
[14:35:39.583] Bot1 rotated left to face WEST
[14:35:39.583] Bot1 executed ROTATE_LEFT
[14:35:39.583] Bot1 moved forward to (9,8)
[14:35:39.583] Bot1 executed MOVE_FORWARD
[14:35:39.583] Starting turn for Bot14
[14:35:39.583] Bot14 rotated left to face WEST
[14:35:39.583] Bot14 executed ROTATE_LEFT
[14:35:39.583] Bot14 rotated left to face SOUTH
[14:35:39.583] Bot14 executed ROTATE_LEFT
[14:35:39.583] Bot14 moved forward to (3,3)
[14:35:39.583] Bot14 executed MOVE_FORWARD
[14:35:39.583] Starting turn for Bot1
[14:35:39.583] Bot1 rotated right to face NORTH
[14:35:39.583] Bot1 executed ROTATE_RIGHT
[14:35:39.583] Starting turn for Bot14
[14:35:39.583] Bot14 rotated left to face EAST
[14:35:39.583] Bot14 executed ROTATE_LEFT
[14:35:39.583] Starting turn for Bot1
[14:35:39.583] Starting turn for Bot14
[14:35:39.583] Starting turn for Bot1
[14:35:39.583] Stalemate detected: State repeated 10 times, unchanged for 1 turns
[14:35:39.583] Game Over! Stalemate detected!
[14:35:39.583] Stalemate detected: State repeated 10 times, unchanged for 1 turns
