[14:35:45.646] === Game Started at 2025-02-04_14-35-45 ===
[14:35:45.646] Game initialized with 2 players
[14:35:45.646] Board size: 10
[14:35:45.646] Obstacle density: 0.05
[14:35:45.646] Max turns: 1000
[14:35:45.646] Player Bot15 starting at position (0,0) facing WEST
[14:35:45.646] Player Bot4 starting at position (9,9) facing WEST
[14:35:45.646] Obstacles at positions: (0,2) (2,3) (5,6) (6,6) (7,1)
[14:35:45.646] Starting turn for Bot15
[14:35:45.646] Bot15 rotated left to face SOUTH
[14:35:45.646] Bot15 executed ROTATE_LEFT
[14:35:45.646] Bot15 rotated left to face EAST
[14:35:45.646] Bot15 executed ROTATE_LEFT
[14:35:45.646] Bot15 moved forward to (0,1)
[14:35:45.646] Bot15 executed MOVE_FORWARD
[14:35:45.646] Starting turn for Bot4
[14:35:45.646] Bot4 moved forward to (9,8)
[14:35:45.646] Bot4 executed MOVE_FORWARD
[14:35:45.646] Starting turn for Bot15
[14:35:45.646] Bot15 rotated right to face SOUTH
[14:35:45.646] Bot15 executed ROTATE_RIGHT
[14:35:45.646] Bot15 moved forward to (1,1)
[14:35:45.646] Bot15 executed MOVE_FORWARD
[14:35:45.646] Starting turn for Bot4
[14:35:45.646] Bot4 rotated right to face NORTH
[14:35:45.646] Bot4 executed ROTATE_RIGHT
[14:35:45.646] Bot4 moved forward to (8,8)
[14:35:45.646] Bot4 executed MOVE_FORWARD
[14:35:45.646] Starting turn for Bot15
[14:35:45.646] Bot15 rotated left to face EAST
[14:35:45.646] Bot15 executed ROTATE_LEFT
[14:35:45.646] Bot15 moved forward to (1,2)
[14:35:45.646] Bot15 executed MOVE_FORWARD
[14:35:45.646] Starting turn for Bot4
[14:35:45.646] Bot4 rotated left to face WEST
[14:35:45.646] Bot4 executed ROTATE_LEFT
[14:35:45.646] Bot4 moved forward to (8,7)
[14:35:45.646] Bot4 executed MOVE_FORWARD
[14:35:45.646] Starting turn for Bot15
[14:35:45.646] Bot15 rotated right to face SOUTH
[14:35:45.646] Bot15 executed ROTATE_RIGHT
[14:35:45.646] Bot15 moved forward to (2,2)
[14:35:45.646] Bot15 executed MOVE_FORWARD
[14:35:45.646] Starting turn for Bot4
[14:35:45.646] Bot4 rotated right to face NORTH
[14:35:45.646] Bot4 executed ROTATE_RIGHT
[14:35:45.646] Bot4 moved forward to (7,7)
[14:35:45.646] Bot4 executed MOVE_FORWARD
[14:35:45.646] Starting turn for Bot15
[14:35:45.646] Bot15 rotated left to face EAST
[14:35:45.646] Bot15 executed ROTATE_LEFT
[14:35:45.646] Starting turn for Bot4
[14:35:45.646] Bot4 rotated left to face WEST
[14:35:45.646] Bot4 executed ROTATE_LEFT
[14:35:45.646] Bot4 moved forward to (7,6)
[14:35:45.646] Bot4 executed MOVE_FORWARD
[14:35:45.646] Starting turn for Bot15
[14:35:45.646] Starting turn for Bot4
[14:35:45.646] Bot4 rotated right to face NORTH
[14:35:45.646] Bot4 executed ROTATE_RIGHT
[14:35:45.646] Starting turn for Bot15
[14:35:45.646] Bot15 rotated left to face NORTH
[14:35:45.646] Bot15 executed ROTATE_LEFT
[14:35:45.646] Bot15 moved forward to (1,2)
[14:35:45.646] Bot15 executed MOVE_FORWARD
[14:35:45.646] Starting turn for Bot4
[14:35:45.646] Starting turn for Bot15
[14:35:45.646] Bot15 rotated left to face WEST
[14:35:45.646] Bot15 executed ROTATE_LEFT
[14:35:45.646] Bot15 rotated left to face SOUTH
[14:35:45.646] Bot15 executed ROTATE_LEFT
[14:35:45.646] Bot15 moved forward to (2,2)
[14:35:45.646] Bot15 executed MOVE_FORWARD
[14:35:45.646] Starting turn for Bot4
[14:35:45.646] Bot4 rotated right to face EAST
[14:35:45.646] Bot4 executed ROTATE_RIGHT
[14:35:45.646] Bot4 moved forward to (7,7)
[14:35:45.646] Bot4 executed MOVE_FORWARD
[14:35:45.646] Starting turn for Bot15
[14:35:45.646] Bot15 rotated left to face EAST
[14:35:45.646] Bot15 executed ROTATE_LEFT
[14:35:45.646] Starting turn for Bot4
[14:35:45.646] Bot4 rotated left to face NORTH
[14:35:45.646] Bot4 executed ROTATE_LEFT
[14:35:45.646] Bot4 rotated left to face WEST
[14:35:45.646] Bot4 executed ROTATE_LEFT
[14:35:45.646] Bot4 moved forward to (7,6)
[14:35:45.646] Bot4 executed MOVE_FORWARD
[14:35:45.646] Starting turn for Bot15
[14:35:45.646] Starting turn for Bot4
[14:35:45.646] Bot4 rotated right to face NORTH
[14:35:45.646] Bot4 executed ROTATE_RIGHT
[14:35:45.646] Starting turn for Bot15
[14:35:45.646] Bot15 rotated left to face NORTH
[14:35:45.646] Bot15 executed ROTATE_LEFT
[14:35:45.646] Bot15 moved forward to (1,2)
[14:35:45.646] Bot15 executed MOVE_FORWARD
[14:35:45.646] Starting turn for Bot4
[14:35:45.646] Starting turn for Bot15
[14:35:45.646] Bot15 rotated left to face WEST
[14:35:45.646] Bot15 executed ROTATE_LEFT
[14:35:45.646] Bot15 rotated left to face SOUTH
[14:35:45.646] Bot15 executed ROTATE_LEFT
[14:35:45.646] Bot15 moved forward to (2,2)
[14:35:45.646] Bot15 executed MOVE_FORWARD
[14:35:45.646] Starting turn for Bot4
[14:35:45.646] Bot4 rotated right to face EAST
[14:35:45.646] Bot4 executed ROTATE_RIGHT
[14:35:45.646] Bot4 moved forward to (7,7)
[14:35:45.646] Bot4 executed MOVE_FORWARD
[14:35:45.646] Starting turn for Bot15
[14:35:45.646] Bot15 rotated left to face EAST
[14:35:45.646] Bot15 executed ROTATE_LEFT
[14:35:45.646] Starting turn for Bot4
[14:35:45.646] Bot4 rotated left to face NORTH
[14:35:45.646] Bot4 executed ROTATE_LEFT
[14:35:45.646] Bot4 rotated left to face WEST
[14:35:45.646] Bot4 executed ROTATE_LEFT
[14:35:45.646] Bot4 moved forward to (7,6)
[14:35:45.646] Bot4 executed MOVE_FORWARD
[14:35:45.646] Starting turn for Bot15
[14:35:45.646] Starting turn for Bot4
[14:35:45.646] Bot4 rotated right to face NORTH
[14:35:45.646] Bot4 executed ROTATE_RIGHT
[14:35:45.647] Starting turn for Bot15
[14:35:45.647] Bot15 rotated left to face NORTH
[14:35:45.647] Bot15 executed ROTATE_LEFT
[14:35:45.647] Bot15 moved forward to (1,2)
[14:35:45.647] Bot15 executed MOVE_FORWARD
[14:35:45.647] Starting turn for Bot4
[14:35:45.647] Starting turn for Bot15
[14:35:45.647] Bot15 rotated left to face WEST
[14:35:45.647] Bot15 executed ROTATE_LEFT
[14:35:45.647] Bot15 rotated left to face SOUTH
[14:35:45.647] Bot15 executed ROTATE_LEFT
[14:35:45.647] Bot15 moved forward to (2,2)
[14:35:45.647] Bot15 executed MOVE_FORWARD
[14:35:45.647] Starting turn for Bot4
[14:35:45.647] Bot4 rotated right to face EAST
[14:35:45.647] Bot4 executed ROTATE_RIGHT
[14:35:45.647] Bot4 moved forward to (7,7)
[14:35:45.647] Bot4 executed MOVE_FORWARD
[14:35:45.647] Starting turn for Bot15
[14:35:45.647] Bot15 rotated left to face EAST
[14:35:45.647] Bot15 executed ROTATE_LEFT
[14:35:45.647] Starting turn for Bot4
[14:35:45.647] Bot4 rotated left to face NORTH
[14:35:45.647] Bot4 executed ROTATE_LEFT
[14:35:45.647] Bot4 rotated left to face WEST
[14:35:45.647] Bot4 executed ROTATE_LEFT
[14:35:45.647] Bot4 moved forward to (7,6)
[14:35:45.647] Bot4 executed MOVE_FORWARD
[14:35:45.647] Starting turn for Bot15
[14:35:45.647] Starting turn for Bot4
[14:35:45.647] Bot4 rotated right to face NORTH
[14:35:45.647] Bot4 executed ROTATE_RIGHT
[14:35:45.647] Starting turn for Bot15
[14:35:45.647] Bot15 rotated left to face NORTH
[14:35:45.647] Bot15 executed ROTATE_LEFT
[14:35:45.647] Bot15 moved forward to (1,2)
[14:35:45.647] Bot15 executed MOVE_FORWARD
[14:35:45.647] Starting turn for Bot4
[14:35:45.647] Starting turn for Bot15
[14:35:45.647] Bot15 rotated left to face WEST
[14:35:45.647] Bot15 executed ROTATE_LEFT
[14:35:45.647] Bot15 rotated left to face SOUTH
[14:35:45.647] Bot15 executed ROTATE_LEFT
[14:35:45.647] Bot15 moved forward to (2,2)
[14:35:45.647] Bot15 executed MOVE_FORWARD
[14:35:45.647] Starting turn for Bot4
[14:35:45.647] Bot4 rotated right to face EAST
[14:35:45.647] Bot4 executed ROTATE_RIGHT
[14:35:45.647] Bot4 moved forward to (7,7)
[14:35:45.647] Bot4 executed MOVE_FORWARD
[14:35:45.647] Starting turn for Bot15
[14:35:45.647] Bot15 rotated left to face EAST
[14:35:45.647] Bot15 executed ROTATE_LEFT
[14:35:45.647] Starting turn for Bot4
[14:35:45.647] Bot4 rotated left to face NORTH
[14:35:45.647] Bot4 executed ROTATE_LEFT
[14:35:45.647] Bot4 rotated left to face WEST
[14:35:45.647] Bot4 executed ROTATE_LEFT
[14:35:45.647] Bot4 moved forward to (7,6)
[14:35:45.647] Bot4 executed MOVE_FORWARD
[14:35:45.647] Starting turn for Bot15
[14:35:45.647] Starting turn for Bot4
[14:35:45.647] Stalemate detected: State repeated 10 times, unchanged for 2 turns
[14:35:45.647] Game Over! Stalemate detected!
[14:35:45.647] Stalemate detected: State repeated 10 times, unchanged for 2 turns
