[14:36:08.033] === Game Started at 2025-02-04_14-36-08 ===
[14:36:08.033] Game initialized with 2 players
[14:36:08.033] Board size: 10
[14:36:08.033] Obstacle density: 0.05
[14:36:08.033] Max turns: 1000
[14:36:08.033] Player Bot24 starting at position (0,0) facing SOUTH
[14:36:08.033] Player Bot21 starting at position (9,9) facing WEST
[14:36:08.033] Obstacles at positions: (1,2) (3,8) (5,4) (7,4) (9,6)
[14:36:08.033] Starting turn for Bot24
[14:36:08.033] Bot24 rotated left to face EAST
[14:36:08.033] Bot24 executed ROTATE_LEFT
[14:36:08.033] Bot24 moved forward to (0,1)
[14:36:08.033] Bot24 executed MOVE_FORWARD
[14:36:08.033] Starting turn for Bot21
[14:36:08.033] Bot21 moved forward to (9,8)
[14:36:08.033] Bot21 executed MOVE_FORWARD
[14:36:08.033] Starting turn for Bot24
[14:36:08.033] Bot24 rotated right to face SOUTH
[14:36:08.033] Bot24 executed ROTATE_RIGHT
[14:36:08.033] Bot24 moved forward to (1,1)
[14:36:08.033] Bot24 executed MOVE_FORWARD
[14:36:08.033] Starting turn for Bot21
[14:36:08.033] Bot21 rotated right to face NORTH
[14:36:08.033] Bot21 executed ROTATE_RIGHT
[14:36:08.033] Bot21 moved forward to (8,8)
[14:36:08.033] Bot21 executed MOVE_FORWARD
[14:36:08.033] Starting turn for Bot24
[14:36:08.033] Bot24 rotated left to face EAST
[14:36:08.033] Bot24 executed ROTATE_LEFT
[14:36:08.033] Starting turn for Bot21
[14:36:08.033] Bot21 rotated left to face WEST
[14:36:08.033] Bot21 executed ROTATE_LEFT
[14:36:08.033] Bot21 moved forward to (8,7)
[14:36:08.033] Bot21 executed MOVE_FORWARD
[14:36:08.033] Starting turn for Bot24
[14:36:08.033] Starting turn for Bot21
[14:36:08.033] Bot21 rotated right to face NORTH
[14:36:08.033] Bot21 executed ROTATE_RIGHT
[14:36:08.033] Bot21 moved forward to (7,7)
[14:36:08.033] Bot21 executed MOVE_FORWARD
[14:36:08.033] Starting turn for Bot24
[14:36:08.033] Bot24 rotated left to face NORTH
[14:36:08.033] Bot24 executed ROTATE_LEFT
[14:36:08.033] Bot24 moved forward to (0,1)
[14:36:08.033] Bot24 executed MOVE_FORWARD
[14:36:08.033] Starting turn for Bot21
[14:36:08.033] Bot21 rotated left to face WEST
[14:36:08.033] Bot21 executed ROTATE_LEFT
[14:36:08.033] Bot21 moved forward to (7,6)
[14:36:08.033] Bot21 executed MOVE_FORWARD
[14:36:08.033] Starting turn for Bot24
[14:36:08.033] Bot24 rotated left to face WEST
[14:36:08.033] Bot24 executed ROTATE_LEFT
[14:36:08.033] Bot24 rotated left to face SOUTH
[14:36:08.033] Bot24 executed ROTATE_LEFT
[14:36:08.033] Bot24 moved forward to (1,1)
[14:36:08.033] Bot24 executed MOVE_FORWARD
[14:36:08.033] Starting turn for Bot21
[14:36:08.033] Bot21 rotated right to face NORTH
[14:36:08.033] Bot21 executed ROTATE_RIGHT
[14:36:08.033] Bot21 moved forward to (6,6)
[14:36:08.033] Bot21 executed MOVE_FORWARD
[14:36:08.033] Starting turn for Bot24
[14:36:08.033] Bot24 rotated left to face EAST
[14:36:08.033] Bot24 executed ROTATE_LEFT
[14:36:08.033] Starting turn for Bot21
[14:36:08.033] Bot21 rotated left to face WEST
[14:36:08.033] Bot21 executed ROTATE_LEFT
[14:36:08.033] Bot21 moved forward to (6,5)
[14:36:08.033] Bot21 executed MOVE_FORWARD
[14:36:08.033] Starting turn for Bot24
[14:36:08.033] Starting turn for Bot21
[14:36:08.033] Bot21 rotated right to face NORTH
[14:36:08.033] Bot21 executed ROTATE_RIGHT
[14:36:08.033] Bot21 moved forward to (5,5)
[14:36:08.033] Bot21 executed MOVE_FORWARD
[14:36:08.033] Starting turn for Bot24
[14:36:08.033] Bot24 rotated left to face NORTH
[14:36:08.033] Bot24 executed ROTATE_LEFT
[14:36:08.033] Bot24 moved forward to (0,1)
[14:36:08.033] Bot24 executed MOVE_FORWARD
[14:36:08.033] Starting turn for Bot21
[14:36:08.033] Starting turn for Bot24
[14:36:08.033] Bot24 rotated left to face WEST
[14:36:08.033] Bot24 executed ROTATE_LEFT
[14:36:08.033] Bot24 rotated left to face SOUTH
[14:36:08.033] Bot24 executed ROTATE_LEFT
[14:36:08.033] Bot24 moved forward to (1,1)
[14:36:08.033] Bot24 executed MOVE_FORWARD
[14:36:08.033] Starting turn for Bot21
[14:36:08.033] Starting turn for Bot24
[14:36:08.033] Bot24 rotated left to face EAST
[14:36:08.033] Bot24 executed ROTATE_LEFT
[14:36:08.033] Starting turn for Bot21
[14:36:08.033] Starting turn for Bot24
[14:36:08.033] Starting turn for Bot21
[14:36:08.033] Starting turn for Bot24
[14:36:08.033] Bot24 rotated left to face NORTH
[14:36:08.033] Bot24 executed ROTATE_LEFT
[14:36:08.033] Bot24 moved forward to (0,1)
[14:36:08.033] Bot24 executed MOVE_FORWARD
[14:36:08.033] Starting turn for Bot21
[14:36:08.033] Starting turn for Bot24
[14:36:08.033] Bot24 rotated left to face WEST
[14:36:08.033] Bot24 executed ROTATE_LEFT
[14:36:08.033] Bot24 rotated left to face SOUTH
[14:36:08.033] Bot24 executed ROTATE_LEFT
[14:36:08.033] Bot24 moved forward to (1,1)
[14:36:08.033] Bot24 executed MOVE_FORWARD
[14:36:08.033] Starting turn for Bot21
[14:36:08.033] Starting turn for Bot24
[14:36:08.033] Bot24 rotated left to face EAST
[14:36:08.033] Bot24 executed ROTATE_LEFT
[14:36:08.033] Starting turn for Bot21
[14:36:08.033] Starting turn for Bot24
[14:36:08.033] Starting turn for Bot21
[14:36:08.033] Starting turn for Bot24
[14:36:08.033] Bot24 rotated left to face NORTH
[14:36:08.033] Bot24 executed ROTATE_LEFT
[14:36:08.033] Bot24 moved forward to (0,1)
[14:36:08.033] Bot24 executed MOVE_FORWARD
[14:36:08.033] Starting turn for Bot21
[14:36:08.033] Starting turn for Bot24
[14:36:08.033] Bot24 rotated left to face WEST
[14:36:08.033] Bot24 executed ROTATE_LEFT
[14:36:08.033] Bot24 rotated left to face SOUTH
[14:36:08.033] Bot24 executed ROTATE_LEFT
[14:36:08.033] Bot24 moved forward to (1,1)
[14:36:08.033] Bot24 executed MOVE_FORWARD
[14:36:08.033] Starting turn for Bot21
[14:36:08.033] Starting turn for Bot24
[14:36:08.033] Bot24 rotated left to face EAST
[14:36:08.033] Bot24 executed ROTATE_LEFT
[14:36:08.033] Starting turn for Bot21
[14:36:08.033] Starting turn for Bot24
[14:36:08.033] Starting turn for Bot21
[14:36:08.033] Stalemate detected: State repeated 10 times, unchanged for 3 turns
[14:36:08.033] Game Over! Stalemate detected!
[14:36:08.033] Stalemate detected: State repeated 10 times, unchanged for 3 turns
