[14:35:52.020] === Game Started at 2025-02-04_14-35-52 ===
[14:35:52.020] Game initialized with 2 players
[14:35:52.020] Board size: 10
[14:35:52.020] Obstacle density: 0.05
[14:35:52.020] Max turns: 1000
[14:35:52.020] Player Bot28 starting at position (0,0) facing SOUTH
[14:35:52.020] Player Bot7 starting at position (9,9) facing EAST
[14:35:52.020] Obstacles at positions: (1,9) (3,7) (5,2) (5,8) (6,6)
[14:35:52.020] Starting turn for Bot28
[14:35:52.020] Bot28 rotated left to face EAST
[14:35:52.020] Bot28 executed ROTATE_LEFT
[14:35:52.020] Bot28 moved forward to (0,1)
[14:35:52.020] Bot28 executed MOVE_FORWARD
[14:35:52.020] Starting turn for Bot7
[14:35:52.020] Bot7 rotated left to face NORTH
[14:35:52.020] Bot7 executed ROTATE_LEFT
[14:35:52.020] Bot7 rotated left to face WEST
[14:35:52.020] Bot7 executed ROTATE_LEFT
[14:35:52.020] Bot7 moved forward to (9,8)
[14:35:52.020] Bot7 executed MOVE_FORWARD
[14:35:52.020] Starting turn for Bot28
[14:35:52.020] Bot28 rotated right to face SOUTH
[14:35:52.020] Bot28 executed ROTATE_RIGHT
[14:35:52.020] Bot28 moved forward to (1,1)
[14:35:52.020] Bot28 executed MOVE_FORWARD
[14:35:52.020] Starting turn for Bot7
[14:35:52.020] Bot7 rotated right to face NORTH
[14:35:52.020] Bot7 executed ROTATE_RIGHT
[14:35:52.020] Bot7 moved forward to (8,8)
[14:35:52.020] Bot7 executed MOVE_FORWARD
[14:35:52.020] Starting turn for Bot28
[14:35:52.020] Bot28 rotated left to face EAST
[14:35:52.020] Bot28 executed ROTATE_LEFT
[14:35:52.020] Bot28 moved forward to (1,2)
[14:35:52.020] Bot28 executed MOVE_FORWARD
[14:35:52.020] Starting turn for Bot7
[14:35:52.020] Bot7 rotated left to face WEST
[14:35:52.020] Bot7 executed ROTATE_LEFT
[14:35:52.020] Bot7 moved forward to (8,7)
[14:35:52.020] Bot7 executed MOVE_FORWARD
[14:35:52.020] Starting turn for Bot28
[14:35:52.020] Bot28 rotated right to face SOUTH
[14:35:52.020] Bot28 executed ROTATE_RIGHT
[14:35:52.020] Bot28 moved forward to (2,2)
[14:35:52.020] Bot28 executed MOVE_FORWARD
[14:35:52.020] Starting turn for Bot7
[14:35:52.020] Bot7 rotated right to face NORTH
[14:35:52.020] Bot7 executed ROTATE_RIGHT
[14:35:52.020] Bot7 moved forward to (7,7)
[14:35:52.020] Bot7 executed MOVE_FORWARD
[14:35:52.020] Starting turn for Bot28
[14:35:52.020] Bot28 rotated left to face EAST
[14:35:52.020] Bot28 executed ROTATE_LEFT
[14:35:52.020] Bot28 moved forward to (2,3)
[14:35:52.020] Bot28 executed MOVE_FORWARD
[14:35:52.020] Starting turn for Bot7
[14:35:52.020] Bot7 rotated left to face WEST
[14:35:52.020] Bot7 executed ROTATE_LEFT
[14:35:52.020] Bot7 moved forward to (7,6)
[14:35:52.020] Bot7 executed MOVE_FORWARD
[14:35:52.020] Starting turn for Bot28
[14:35:52.020] Bot28 rotated right to face SOUTH
[14:35:52.020] Bot28 executed ROTATE_RIGHT
[14:35:52.020] Bot28 moved forward to (3,3)
[14:35:52.020] Bot28 executed MOVE_FORWARD
[14:35:52.020] Starting turn for Bot7
[14:35:52.020] Bot7 rotated right to face NORTH
[14:35:52.020] Bot7 executed ROTATE_RIGHT
[14:35:52.020] Starting turn for Bot28
[14:35:52.020] Bot28 rotated left to face EAST
[14:35:52.020] Bot28 executed ROTATE_LEFT
[14:35:52.020] Bot28 moved forward to (3,4)
[14:35:52.020] Bot28 executed MOVE_FORWARD
[14:35:52.020] Starting turn for Bot7
[14:35:52.020] Starting turn for Bot28
[14:35:52.020] Bot28 rotated right to face SOUTH
[14:35:52.020] Bot28 executed ROTATE_RIGHT
[14:35:52.020] Bot28 moved forward to (4,4)
[14:35:52.020] Bot28 executed MOVE_FORWARD
[14:35:52.020] Starting turn for Bot7
[14:35:52.020] Bot7 rotated right to face EAST
[14:35:52.021] Bot7 executed ROTATE_RIGHT
[14:35:52.021] Bot7 moved forward to (7,7)
[14:35:52.021] Bot7 executed MOVE_FORWARD
[14:35:52.021] Starting turn for Bot28
[14:35:52.021] Bot28 rotated left to face EAST
[14:35:52.021] Bot28 executed ROTATE_LEFT
[14:35:52.021] Bot28 moved forward to (4,5)
[14:35:52.021] Bot28 executed MOVE_FORWARD
[14:35:52.021] Starting turn for Bot7
[14:35:52.021] Bot7 rotated left to face NORTH
[14:35:52.021] Bot7 executed ROTATE_LEFT
[14:35:52.021] Bot7 rotated left to face WEST
[14:35:52.021] Bot7 executed ROTATE_LEFT
[14:35:52.021] Bot7 moved forward to (7,6)
[14:35:52.021] Bot7 executed MOVE_FORWARD
[14:35:52.021] Starting turn for Bot28
[14:35:52.021] Bot28 rotated right to face SOUTH
[14:35:52.021] Bot28 executed ROTATE_RIGHT
[14:35:52.021] Bot28 moved forward to (5,5)
[14:35:52.021] Bot28 executed MOVE_FORWARD
[14:35:52.021] Starting turn for Bot7
[14:35:52.021] Bot7 rotated right to face NORTH
[14:35:52.021] Bot7 executed ROTATE_RIGHT
[14:35:52.021] Starting turn for Bot28
[14:35:52.021] Starting turn for Bot7
[14:35:52.021] Starting turn for Bot28
[14:35:52.021] Starting turn for Bot7
[14:35:52.021] Bot7 rotated right to face EAST
[14:35:52.021] Bot7 executed ROTATE_RIGHT
[14:35:52.021] Bot7 moved forward to (7,7)
[14:35:52.021] Bot7 executed MOVE_FORWARD
[14:35:52.021] Starting turn for Bot28
[14:35:52.021] Starting turn for Bot7
[14:35:52.021] Bot7 rotated left to face NORTH
[14:35:52.021] Bot7 executed ROTATE_LEFT
[14:35:52.021] Bot7 rotated left to face WEST
[14:35:52.021] Bot7 executed ROTATE_LEFT
[14:35:52.021] Bot7 moved forward to (7,6)
[14:35:52.021] Bot7 executed MOVE_FORWARD
[14:35:52.021] Starting turn for Bot28
[14:35:52.021] Starting turn for Bot7
[14:35:52.021] Bot7 rotated right to face NORTH
[14:35:52.021] Bot7 executed ROTATE_RIGHT
[14:35:52.021] Starting turn for Bot28
[14:35:52.021] Starting turn for Bot7
[14:35:52.021] Starting turn for Bot28
[14:35:52.021] Starting turn for Bot7
[14:35:52.021] Bot7 rotated right to face EAST
[14:35:52.021] Bot7 executed ROTATE_RIGHT
[14:35:52.021] Bot7 moved forward to (7,7)
[14:35:52.021] Bot7 executed MOVE_FORWARD
[14:35:52.021] Starting turn for Bot28
[14:35:52.021] Starting turn for Bot7
[14:35:52.021] Bot7 rotated left to face NORTH
[14:35:52.021] Bot7 executed ROTATE_LEFT
[14:35:52.021] Bot7 rotated left to face WEST
[14:35:52.021] Bot7 executed ROTATE_LEFT
[14:35:52.021] Bot7 moved forward to (7,6)
[14:35:52.021] Bot7 executed MOVE_FORWARD
[14:35:52.021] Starting turn for Bot28
[14:35:52.021] Starting turn for Bot7
[14:35:52.021] Bot7 rotated right to face NORTH
[14:35:52.021] Bot7 executed ROTATE_RIGHT
[14:35:52.021] Starting turn for Bot28
[14:35:52.021] Starting turn for Bot7
[14:35:52.021] Starting turn for Bot28
[14:35:52.021] Starting turn for Bot7
[14:35:52.021] Stalemate detected: State repeated 10 times, unchanged for 2 turns
[14:35:52.021] Game Over! Stalemate detected!
[14:35:52.021] Stalemate detected: State repeated 10 times, unchanged for 2 turns
