[14:35:48.856] === Game Started at 2025-02-04_14-35-48 ===
[14:35:48.856] Game initialized with 2 players
[14:35:48.856] Board size: 10
[14:35:48.856] Obstacle density: 0.05
[14:35:48.856] Max turns: 1000
[14:35:48.856] Player Bot5 starting at position (0,0) facing NORTH
[14:35:48.856] Player Bot38 starting at position (9,9) facing NORTH
[14:35:48.856] Obstacles at positions: (2,3) (5,9) (6,2) (6,7) (7,9)
[14:35:48.856] Starting turn for Bot5
[14:35:48.856] Bot5 rotated right to face EAST
[14:35:48.856] Bot5 executed ROTATE_RIGHT
[14:35:48.856] Bot5 moved forward to (0,1)
[14:35:48.857] Bot5 executed MOVE_FORWARD
[14:35:48.857] Starting turn for Bot38
[14:35:48.857] Bot38 rotated left to face WEST
[14:35:48.857] Bot38 executed ROTATE_LEFT
[14:35:48.857] Bot38 moved forward to (9,8)
[14:35:48.857] Bot38 executed MOVE_FORWARD
[14:35:48.857] Starting turn for Bot5
[14:35:48.857] Bot5 rotated right to face SOUTH
[14:35:48.857] Bot5 executed ROTATE_RIGHT
[14:35:48.857] Bot5 moved forward to (1,1)
[14:35:48.857] Bot5 executed MOVE_FORWARD
[14:35:48.857] Starting turn for Bot38
[14:35:48.857] Bot38 rotated right to face NORTH
[14:35:48.857] Bot38 executed ROTATE_RIGHT
[14:35:48.857] Bot38 moved forward to (8,8)
[14:35:48.857] Bot38 executed MOVE_FORWARD
[14:35:48.857] Starting turn for Bot5
[14:35:48.857] Bot5 rotated left to face EAST
[14:35:48.857] Bot5 executed ROTATE_LEFT
[14:35:48.857] Bot5 moved forward to (1,2)
[14:35:48.857] Bot5 executed MOVE_FORWARD
[14:35:48.857] Starting turn for Bot38
[14:35:48.857] Bot38 rotated left to face WEST
[14:35:48.857] Bot38 executed ROTATE_LEFT
[14:35:48.857] Bot38 moved forward to (8,7)
[14:35:48.857] Bot38 executed MOVE_FORWARD
[14:35:48.857] Starting turn for Bot5
[14:35:48.857] Bot5 rotated right to face SOUTH
[14:35:48.857] Bot5 executed ROTATE_RIGHT
[14:35:48.857] Bot5 moved forward to (2,2)
[14:35:48.857] Bot5 executed MOVE_FORWARD
[14:35:48.857] Starting turn for Bot38
[14:35:48.857] Bot38 rotated right to face NORTH
[14:35:48.857] Bot38 executed ROTATE_RIGHT
[14:35:48.857] Bot38 moved forward to (7,7)
[14:35:48.857] Bot38 executed MOVE_FORWARD
[14:35:48.857] Starting turn for Bot5
[14:35:48.857] Bot5 rotated left to face EAST
[14:35:48.857] Bot5 executed ROTATE_LEFT
[14:35:48.857] Starting turn for Bot38
[14:35:48.857] Bot38 rotated left to face WEST
[14:35:48.857] Bot38 executed ROTATE_LEFT
[14:35:48.857] Bot38 moved forward to (7,6)
[14:35:48.857] Bot38 executed MOVE_FORWARD
[14:35:48.857] Starting turn for Bot5
[14:35:48.857] Starting turn for Bot38
[14:35:48.857] Bot38 rotated right to face NORTH
[14:35:48.857] Bot38 executed ROTATE_RIGHT
[14:35:48.857] Bot38 moved forward to (6,6)
[14:35:48.857] Bot38 executed MOVE_FORWARD
[14:35:48.857] Starting turn for Bot5
[14:35:48.857] Bot5 rotated left to face NORTH
[14:35:48.857] Bot5 executed ROTATE_LEFT
[14:35:48.857] Bot5 moved forward to (1,2)
[14:35:48.857] Bot5 executed MOVE_FORWARD
[14:35:48.857] Starting turn for Bot38
[14:35:48.857] Bot38 rotated left to face WEST
[14:35:48.857] Bot38 executed ROTATE_LEFT
[14:35:48.857] Bot38 moved forward to (6,5)
[14:35:48.857] Bot38 executed MOVE_FORWARD
[14:35:48.857] Starting turn for Bot5
[14:35:48.857] Bot5 rotated left to face WEST
[14:35:48.857] Bot5 executed ROTATE_LEFT
[14:35:48.857] Bot5 rotated left to face SOUTH
[14:35:48.857] Bot5 executed ROTATE_LEFT
[14:35:48.857] Bot5 moved forward to (2,2)
[14:35:48.857] Bot5 executed MOVE_FORWARD
[14:35:48.857] Starting turn for Bot38
[14:35:48.857] Bot38 rotated right to face NORTH
[14:35:48.857] Bot38 executed ROTATE_RIGHT
[14:35:48.857] Bot38 moved forward to (5,5)
[14:35:48.857] Bot38 executed MOVE_FORWARD
[14:35:48.857] Starting turn for Bot5
[14:35:48.857] Bot5 rotated left to face EAST
[14:35:48.857] Bot5 executed ROTATE_LEFT
[14:35:48.857] Starting turn for Bot38
[14:35:48.857] Starting turn for Bot5
[14:35:48.857] Starting turn for Bot38
[14:35:48.857] Starting turn for Bot5
[14:35:48.857] Bot5 rotated left to face NORTH
[14:35:48.857] Bot5 executed ROTATE_LEFT
[14:35:48.857] Bot5 moved forward to (1,2)
[14:35:48.857] Bot5 executed MOVE_FORWARD
[14:35:48.857] Starting turn for Bot38
[14:35:48.857] Starting turn for Bot5
[14:35:48.857] Bot5 rotated left to face WEST
[14:35:48.857] Bot5 executed ROTATE_LEFT
[14:35:48.857] Bot5 rotated left to face SOUTH
[14:35:48.857] Bot5 executed ROTATE_LEFT
[14:35:48.857] Bot5 moved forward to (2,2)
[14:35:48.857] Bot5 executed MOVE_FORWARD
[14:35:48.857] Starting turn for Bot38
[14:35:48.857] Starting turn for Bot5
[14:35:48.857] Bot5 rotated left to face EAST
[14:35:48.857] Bot5 executed ROTATE_LEFT
[14:35:48.857] Starting turn for Bot38
[14:35:48.857] Starting turn for Bot5
[14:35:48.857] Starting turn for Bot38
[14:35:48.857] Starting turn for Bot5
[14:35:48.857] Bot5 rotated left to face NORTH
[14:35:48.857] Bot5 executed ROTATE_LEFT
[14:35:48.857] Bot5 moved forward to (1,2)
[14:35:48.857] Bot5 executed MOVE_FORWARD
[14:35:48.857] Starting turn for Bot38
[14:35:48.857] Starting turn for Bot5
[14:35:48.857] Bot5 rotated left to face WEST
[14:35:48.857] Bot5 executed ROTATE_LEFT
[14:35:48.857] Bot5 rotated left to face SOUTH
[14:35:48.857] Bot5 executed ROTATE_LEFT
[14:35:48.857] Bot5 moved forward to (2,2)
[14:35:48.857] Bot5 executed MOVE_FORWARD
[14:35:48.857] Starting turn for Bot38
[14:35:48.857] Starting turn for Bot5
[14:35:48.857] Bot5 rotated left to face EAST
[14:35:48.857] Bot5 executed ROTATE_LEFT
[14:35:48.857] Starting turn for Bot38
[14:35:48.857] Starting turn for Bot5
[14:35:48.857] Starting turn for Bot38
[14:35:48.857] Starting turn for Bot5
[14:35:48.857] Bot5 rotated left to face NORTH
[14:35:48.857] Bot5 executed ROTATE_LEFT
[14:35:48.857] Bot5 moved forward to (1,2)
[14:35:48.857] Bot5 executed MOVE_FORWARD
[14:35:48.857] Starting turn for Bot38
[14:35:48.857] Starting turn for Bot5
[14:35:48.857] Bot5 rotated left to face WEST
[14:35:48.857] Bot5 executed ROTATE_LEFT
[14:35:48.857] Bot5 rotated left to face SOUTH
[14:35:48.857] Bot5 executed ROTATE_LEFT
[14:35:48.857] Bot5 moved forward to (2,2)
[14:35:48.857] Bot5 executed MOVE_FORWARD
[14:35:48.857] Starting turn for Bot38
[14:35:48.857] Starting turn for Bot5
[14:35:48.858] Bot5 rotated left to face EAST
[14:35:48.858] Bot5 executed ROTATE_LEFT
[14:35:48.858] Starting turn for Bot38
[14:35:48.858] Stalemate detected: State repeated 10 times, unchanged for 1 turns
[14:35:48.858] Game Over! Stalemate detected!
[14:35:48.858] Stalemate detected: State repeated 10 times, unchanged for 1 turns
