[14:35:44.116] === Game Started at 2025-02-04_14-35-44 ===
[14:35:44.116] Game initialized with 2 players
[14:35:44.116] Board size: 10
[14:35:44.116] Obstacle density: 0.05
[14:35:44.116] Max turns: 1000
[14:35:44.116] Player Bot3 starting at position (0,0) facing NORTH
[14:35:44.116] Player Bot23 starting at position (9,9) facing NORTH
[14:35:44.116] Obstacles at positions: (3,4) (4,4) (5,9) (7,4) (7,9)
[14:35:44.116] Starting turn for Bot3
[14:35:44.116] Bot3 rotated right to face EAST
[14:35:44.116] Bot3 executed ROTATE_RIGHT
[14:35:44.116] Bot3 moved forward to (0,1)
[14:35:44.116] Bot3 executed MOVE_FORWARD
[14:35:44.116] Starting turn for Bot23
[14:35:44.116] Bot23 rotated left to face WEST
[14:35:44.116] Bot23 executed ROTATE_LEFT
[14:35:44.116] Bot23 moved forward to (9,8)
[14:35:44.116] Bot23 executed MOVE_FORWARD
[14:35:44.116] Starting turn for Bot3
[14:35:44.116] Bot3 rotated right to face SOUTH
[14:35:44.116] Bot3 executed ROTATE_RIGHT
[14:35:44.116] Bot3 moved forward to (1,1)
[14:35:44.116] Bot3 executed MOVE_FORWARD
[14:35:44.116] Starting turn for Bot23
[14:35:44.116] Bot23 rotated right to face NORTH
[14:35:44.116] Bot23 executed ROTATE_RIGHT
[14:35:44.116] Bot23 moved forward to (8,8)
[14:35:44.116] Bot23 executed MOVE_FORWARD
[14:35:44.116] Starting turn for Bot3
[14:35:44.116] Bot3 rotated left to face EAST
[14:35:44.116] Bot3 executed ROTATE_LEFT
[14:35:44.116] Bot3 moved forward to (1,2)
[14:35:44.116] Bot3 executed MOVE_FORWARD
[14:35:44.116] Starting turn for Bot23
[14:35:44.116] Bot23 rotated left to face WEST
[14:35:44.116] Bot23 executed ROTATE_LEFT
[14:35:44.116] Bot23 moved forward to (8,7)
[14:35:44.116] Bot23 executed MOVE_FORWARD
[14:35:44.116] Starting turn for Bot3
[14:35:44.116] Bot3 rotated right to face SOUTH
[14:35:44.116] Bot3 executed ROTATE_RIGHT
[14:35:44.116] Bot3 moved forward to (2,2)
[14:35:44.116] Bot3 executed MOVE_FORWARD
[14:35:44.116] Starting turn for Bot23
[14:35:44.116] Bot23 rotated right to face NORTH
[14:35:44.116] Bot23 executed ROTATE_RIGHT
[14:35:44.116] Bot23 moved forward to (7,7)
[14:35:44.116] Bot23 executed MOVE_FORWARD
[14:35:44.116] Starting turn for Bot3
[14:35:44.116] Bot3 rotated left to face EAST
[14:35:44.116] Bot3 executed ROTATE_LEFT
[14:35:44.116] Bot3 moved forward to (2,3)
[14:35:44.116] Bot3 executed MOVE_FORWARD
[14:35:44.116] Starting turn for Bot23
[14:35:44.116] Bot23 rotated left to face WEST
[14:35:44.116] Bot23 executed ROTATE_LEFT
[14:35:44.116] Bot23 moved forward to (7,6)
[14:35:44.116] Bot23 executed MOVE_FORWARD
[14:35:44.116] Starting turn for Bot3
[14:35:44.116] Bot3 rotated right to face SOUTH
[14:35:44.116] Bot3 executed ROTATE_RIGHT
[14:35:44.116] Bot3 moved forward to (3,3)
[14:35:44.116] Bot3 executed MOVE_FORWARD
[14:35:44.116] Starting turn for Bot23
[14:35:44.116] Bot23 rotated right to face NORTH
[14:35:44.116] Bot23 executed ROTATE_RIGHT
[14:35:44.116] Bot23 moved forward to (6,6)
[14:35:44.116] Bot23 executed MOVE_FORWARD
[14:35:44.117] Starting turn for Bot3
[14:35:44.117] Bot3 rotated left to face EAST
[14:35:44.117] Bot3 executed ROTATE_LEFT
[14:35:44.117] Starting turn for Bot23
[14:35:44.117] Bot23 rotated left to face WEST
[14:35:44.117] Bot23 executed ROTATE_LEFT
[14:35:44.117] Bot23 moved forward to (6,5)
[14:35:44.117] Bot23 executed MOVE_FORWARD
[14:35:44.117] Starting turn for Bot3
[14:35:44.117] Starting turn for Bot23
[14:35:44.117] Bot23 rotated right to face NORTH
[14:35:44.117] Bot23 executed ROTATE_RIGHT
[14:35:44.117] Bot23 moved forward to (5,5)
[14:35:44.117] Bot23 executed MOVE_FORWARD
[14:35:44.117] Starting turn for Bot3
[14:35:44.117] Bot3 rotated left to face NORTH
[14:35:44.117] Bot3 executed ROTATE_LEFT
[14:35:44.117] Bot3 moved forward to (2,3)
[14:35:44.117] Bot3 executed MOVE_FORWARD
[14:35:44.117] Starting turn for Bot23
[14:35:44.117] Starting turn for Bot3
[14:35:44.117] Bot3 rotated left to face WEST
[14:35:44.117] Bot3 executed ROTATE_LEFT
[14:35:44.117] Bot3 rotated left to face SOUTH
[14:35:44.117] Bot3 executed ROTATE_LEFT
[14:35:44.117] Bot3 moved forward to (3,3)
[14:35:44.117] Bot3 executed MOVE_FORWARD
[14:35:44.117] Starting turn for Bot23
[14:35:44.117] Starting turn for Bot3
[14:35:44.117] Bot3 rotated left to face EAST
[14:35:44.117] Bot3 executed ROTATE_LEFT
[14:35:44.117] Starting turn for Bot23
[14:35:44.117] Starting turn for Bot3
[14:35:44.117] Starting turn for Bot23
[14:35:44.117] Starting turn for Bot3
[14:35:44.117] Bot3 rotated left to face NORTH
[14:35:44.117] Bot3 executed ROTATE_LEFT
[14:35:44.117] Bot3 moved forward to (2,3)
[14:35:44.117] Bot3 executed MOVE_FORWARD
[14:35:44.117] Starting turn for Bot23
[14:35:44.117] Starting turn for Bot3
[14:35:44.117] Bot3 rotated left to face WEST
[14:35:44.117] Bot3 executed ROTATE_LEFT
[14:35:44.117] Bot3 rotated left to face SOUTH
[14:35:44.117] Bot3 executed ROTATE_LEFT
[14:35:44.117] Bot3 moved forward to (3,3)
[14:35:44.117] Bot3 executed MOVE_FORWARD
[14:35:44.117] Starting turn for Bot23
[14:35:44.117] Starting turn for Bot3
[14:35:44.117] Bot3 rotated left to face EAST
[14:35:44.117] Bot3 executed ROTATE_LEFT
[14:35:44.117] Starting turn for Bot23
[14:35:44.117] Starting turn for Bot3
[14:35:44.117] Starting turn for Bot23
[14:35:44.117] Starting turn for Bot3
[14:35:44.117] Bot3 rotated left to face NORTH
[14:35:44.117] Bot3 executed ROTATE_LEFT
[14:35:44.117] Bot3 moved forward to (2,3)
[14:35:44.117] Bot3 executed MOVE_FORWARD
[14:35:44.117] Starting turn for Bot23
[14:35:44.117] Starting turn for Bot3
[14:35:44.117] Bot3 rotated left to face WEST
[14:35:44.117] Bot3 executed ROTATE_LEFT
[14:35:44.117] Bot3 rotated left to face SOUTH
[14:35:44.117] Bot3 executed ROTATE_LEFT
[14:35:44.117] Bot3 moved forward to (3,3)
[14:35:44.117] Bot3 executed MOVE_FORWARD
[14:35:44.117] Starting turn for Bot23
[14:35:44.117] Starting turn for Bot3
[14:35:44.117] Bot3 rotated left to face EAST
[14:35:44.117] Bot3 executed ROTATE_LEFT
[14:35:44.117] Starting turn for Bot23
[14:35:44.117] Starting turn for Bot3
[14:35:44.117] Starting turn for Bot23
[14:35:44.117] Stalemate detected: State repeated 10 times, unchanged for 3 turns
[14:35:44.117] Game Over! Stalemate detected!
[14:35:44.117] Stalemate detected: State repeated 10 times, unchanged for 3 turns
