[14:35:48.734] === Game Started at 2025-02-04_14-35-48 ===
[14:35:48.734] Game initialized with 2 players
[14:35:48.734] Board size: 10
[14:35:48.734] Obstacle density: 0.05
[14:35:48.734] Max turns: 1000
[14:35:48.734] Player Bot5 starting at position (0,0) facing WEST
[14:35:48.734] Player Bot36 starting at position (9,9) facing SOUTH
[14:35:48.734] Obstacles at positions: (0,2) (2,0) (3,9) (4,4) (6,0)
[14:35:48.734] Starting turn for Bot5
[14:35:48.734] Bot5 rotated left to face SOUTH
[14:35:48.734] Bot5 executed ROTATE_LEFT
[14:35:48.734] Bot5 rotated left to face EAST
[14:35:48.734] Bot5 executed ROTATE_LEFT
[14:35:48.734] Bot5 moved forward to (0,1)
[14:35:48.734] Bot5 executed MOVE_FORWARD
[14:35:48.734] Starting turn for Bot36
[14:35:48.734] Bot36 rotated right to face WEST
[14:35:48.734] Bot36 executed ROTATE_RIGHT
[14:35:48.734] Bot36 moved forward to (9,8)
[14:35:48.734] Bot36 executed MOVE_FORWARD
[14:35:48.734] Starting turn for Bot5
[14:35:48.734] Bot5 rotated right to face SOUTH
[14:35:48.734] Bot5 executed ROTATE_RIGHT
[14:35:48.734] Bot5 moved forward to (1,1)
[14:35:48.734] Bot5 executed MOVE_FORWARD
[14:35:48.734] Starting turn for Bot36
[14:35:48.734] Bot36 rotated right to face NORTH
[14:35:48.734] Bot36 executed ROTATE_RIGHT
[14:35:48.734] Bot36 moved forward to (8,8)
[14:35:48.734] Bot36 executed MOVE_FORWARD
[14:35:48.734] Starting turn for Bot5
[14:35:48.734] Bot5 rotated left to face EAST
[14:35:48.734] Bot5 executed ROTATE_LEFT
[14:35:48.734] Bot5 moved forward to (1,2)
[14:35:48.734] Bot5 executed MOVE_FORWARD
[14:35:48.734] Starting turn for Bot36
[14:35:48.734] Bot36 rotated left to face WEST
[14:35:48.734] Bot36 executed ROTATE_LEFT
[14:35:48.734] Bot36 moved forward to (8,7)
[14:35:48.734] Bot36 executed MOVE_FORWARD
[14:35:48.734] Starting turn for Bot5
[14:35:48.734] Bot5 rotated right to face SOUTH
[14:35:48.734] Bot5 executed ROTATE_RIGHT
[14:35:48.734] Bot5 moved forward to (2,2)
[14:35:48.734] Bot5 executed MOVE_FORWARD
[14:35:48.734] Starting turn for Bot36
[14:35:48.734] Bot36 rotated right to face NORTH
[14:35:48.734] Bot36 executed ROTATE_RIGHT
[14:35:48.734] Bot36 moved forward to (7,7)
[14:35:48.734] Bot36 executed MOVE_FORWARD
[14:35:48.734] Starting turn for Bot5
[14:35:48.734] Bot5 rotated left to face EAST
[14:35:48.734] Bot5 executed ROTATE_LEFT
[14:35:48.734] Bot5 moved forward to (2,3)
[14:35:48.734] Bot5 executed MOVE_FORWARD
[14:35:48.734] Starting turn for Bot36
[14:35:48.734] Bot36 rotated left to face WEST
[14:35:48.734] Bot36 executed ROTATE_LEFT
[14:35:48.734] Bot36 moved forward to (7,6)
[14:35:48.734] Bot36 executed MOVE_FORWARD
[14:35:48.734] Starting turn for Bot5
[14:35:48.734] Bot5 rotated right to face SOUTH
[14:35:48.734] Bot5 executed ROTATE_RIGHT
[14:35:48.734] Bot5 moved forward to (3,3)
[14:35:48.734] Bot5 executed MOVE_FORWARD
[14:35:48.734] Starting turn for Bot36
[14:35:48.734] Bot36 rotated right to face NORTH
[14:35:48.734] Bot36 executed ROTATE_RIGHT
[14:35:48.734] Bot36 moved forward to (6,6)
[14:35:48.734] Bot36 executed MOVE_FORWARD
[14:35:48.734] Starting turn for Bot5
[14:35:48.734] Bot5 rotated left to face EAST
[14:35:48.734] Bot5 executed ROTATE_LEFT
[14:35:48.734] Bot5 moved forward to (3,4)
[14:35:48.734] Bot5 executed MOVE_FORWARD
[14:35:48.734] Starting turn for Bot36
[14:35:48.734] Bot36 rotated left to face WEST
[14:35:48.734] Bot36 executed ROTATE_LEFT
[14:35:48.734] Bot36 moved forward to (6,5)
[14:35:48.734] Bot36 executed MOVE_FORWARD
[14:35:48.734] Starting turn for Bot5
[14:35:48.734] Bot5 rotated right to face SOUTH
[14:35:48.734] Bot5 executed ROTATE_RIGHT
[14:35:48.734] Starting turn for Bot36
[14:35:48.734] Bot36 rotated right to face NORTH
[14:35:48.734] Bot36 executed ROTATE_RIGHT
[14:35:48.734] Bot36 moved forward to (5,5)
[14:35:48.735] Bot36 executed MOVE_FORWARD
[14:35:48.735] Starting turn for Bot5
[14:35:48.735] Starting turn for Bot36
[14:35:48.735] Starting turn for Bot5
[14:35:48.735] Bot5 rotated left to face EAST
[14:35:48.735] Bot5 executed ROTATE_LEFT
[14:35:48.735] Bot5 rotated left to face NORTH
[14:35:48.735] Bot5 executed ROTATE_LEFT
[14:35:48.735] Bot5 moved forward to (2,4)
[14:35:48.735] Bot5 executed MOVE_FORWARD
[14:35:48.735] Starting turn for Bot36
[14:35:48.735] Starting turn for Bot5
[14:35:48.735] Bot5 rotated left to face WEST
[14:35:48.735] Bot5 executed ROTATE_LEFT
[14:35:48.735] Bot5 rotated left to face SOUTH
[14:35:48.735] Bot5 executed ROTATE_LEFT
[14:35:48.735] Bot5 moved forward to (3,4)
[14:35:48.735] Bot5 executed MOVE_FORWARD
[14:35:48.735] Starting turn for Bot36
[14:35:48.735] Starting turn for Bot5
[14:35:48.735] Starting turn for Bot36
[14:35:48.735] Starting turn for Bot5
[14:35:48.735] Starting turn for Bot36
[14:35:48.735] Starting turn for Bot5
[14:35:48.735] Bot5 rotated left to face EAST
[14:35:48.735] Bot5 executed ROTATE_LEFT
[14:35:48.735] Bot5 rotated left to face NORTH
[14:35:48.735] Bot5 executed ROTATE_LEFT
[14:35:48.735] Bot5 moved forward to (2,4)
[14:35:48.735] Bot5 executed MOVE_FORWARD
[14:35:48.735] Starting turn for Bot36
[14:35:48.735] Starting turn for Bot5
[14:35:48.735] Bot5 rotated left to face WEST
[14:35:48.735] Bot5 executed ROTATE_LEFT
[14:35:48.735] Bot5 rotated left to face SOUTH
[14:35:48.735] Bot5 executed ROTATE_LEFT
[14:35:48.735] Bot5 moved forward to (3,4)
[14:35:48.735] Bot5 executed MOVE_FORWARD
[14:35:48.735] Starting turn for Bot36
[14:35:48.735] Starting turn for Bot5
[14:35:48.735] Starting turn for Bot36
[14:35:48.735] Starting turn for Bot5
[14:35:48.735] Starting turn for Bot36
[14:35:48.735] Starting turn for Bot5
[14:35:48.735] Bot5 rotated left to face EAST
[14:35:48.735] Bot5 executed ROTATE_LEFT
[14:35:48.735] Bot5 rotated left to face NORTH
[14:35:48.735] Bot5 executed ROTATE_LEFT
[14:35:48.735] Bot5 moved forward to (2,4)
[14:35:48.735] Bot5 executed MOVE_FORWARD
[14:35:48.735] Starting turn for Bot36
[14:35:48.735] Starting turn for Bot5
[14:35:48.735] Bot5 rotated left to face WEST
[14:35:48.735] Bot5 executed ROTATE_LEFT
[14:35:48.735] Bot5 rotated left to face SOUTH
[14:35:48.735] Bot5 executed ROTATE_LEFT
[14:35:48.735] Bot5 moved forward to (3,4)
[14:35:48.735] Bot5 executed MOVE_FORWARD
[14:35:48.735] Starting turn for Bot36
[14:35:48.735] Starting turn for Bot5
[14:35:48.735] Starting turn for Bot36
[14:35:48.735] Stalemate detected: State repeated 10 times, unchanged for 1 turns
[14:35:48.735] Game Over! Stalemate detected!
[14:35:48.735] Stalemate detected: State repeated 10 times, unchanged for 1 turns
