[14:35:57.153] === Game Started at 2025-02-04_14-35-57 ===
[14:35:57.153] Game initialized with 2 players
[14:35:57.153] Board size: 10
[14:35:57.153] Obstacle density: 0.05
[14:35:57.153] Max turns: 1000
[14:35:57.153] Player Bot16 starting at position (0,0) facing WEST
[14:35:57.153] Player Bot11 starting at position (9,9) facing WEST
[14:35:57.153] Obstacles at positions: (3,7) (6,6) (8,4) (9,1) (9,8)
[14:35:57.153] Starting turn for Bot16
[14:35:57.153] Bot16 rotated left to face SOUTH
[14:35:57.153] Bot16 executed ROTATE_LEFT
[14:35:57.153] Bot16 rotated left to face EAST
[14:35:57.153] Bot16 executed ROTATE_LEFT
[14:35:57.153] Bot16 moved forward to (0,1)
[14:35:57.153] Bot16 executed MOVE_FORWARD
[14:35:57.153] Starting turn for Bot11
[14:35:57.153] Starting turn for Bot16
[14:35:57.153] Bot16 rotated right to face SOUTH
[14:35:57.153] Bot16 executed ROTATE_RIGHT
[14:35:57.153] Bot16 moved forward to (1,1)
[14:35:57.153] Bot16 executed MOVE_FORWARD
[14:35:57.153] Starting turn for Bot11
[14:35:57.153] Starting turn for Bot16
[14:35:57.153] Bot16 rotated left to face EAST
[14:35:57.153] Bot16 executed ROTATE_LEFT
[14:35:57.153] Bot16 moved forward to (1,2)
[14:35:57.153] Bot16 executed MOVE_FORWARD
[14:35:57.153] Starting turn for Bot11
[14:35:57.153] Bot11 rotated right to face NORTH
[14:35:57.153] Bot11 executed ROTATE_RIGHT
[14:35:57.153] Bot11 moved forward to (8,9)
[14:35:57.153] Bot11 executed MOVE_FORWARD
[14:35:57.153] Starting turn for Bot16
[14:35:57.153] Bot16 rotated right to face SOUTH
[14:35:57.153] Bot16 executed ROTATE_RIGHT
[14:35:57.153] Bot16 moved forward to (2,2)
[14:35:57.153] Bot16 executed MOVE_FORWARD
[14:35:57.153] Starting turn for Bot11
[14:35:57.153] Bot11 rotated left to face WEST
[14:35:57.153] Bot11 executed ROTATE_LEFT
[14:35:57.153] Bot11 moved forward to (8,8)
[14:35:57.153] Bot11 executed MOVE_FORWARD
[14:35:57.153] Starting turn for Bot16
[14:35:57.153] Bot16 rotated left to face EAST
[14:35:57.153] Bot16 executed ROTATE_LEFT
[14:35:57.153] Bot16 moved forward to (2,3)
[14:35:57.153] Bot16 executed MOVE_FORWARD
[14:35:57.153] Starting turn for Bot11
[14:35:57.153] Bot11 moved forward to (8,7)
[14:35:57.153] Bot11 executed MOVE_FORWARD
[14:35:57.153] Starting turn for Bot16
[14:35:57.153] Bot16 rotated right to face SOUTH
[14:35:57.153] Bot16 executed ROTATE_RIGHT
[14:35:57.153] Bot16 moved forward to (3,3)
[14:35:57.153] Bot16 executed MOVE_FORWARD
[14:35:57.153] Starting turn for Bot11
[14:35:57.153] Bot11 rotated right to face NORTH
[14:35:57.153] Bot11 executed ROTATE_RIGHT
[14:35:57.153] Bot11 moved forward to (7,7)
[14:35:57.153] Bot11 executed MOVE_FORWARD
[14:35:57.153] Starting turn for Bot16
[14:35:57.153] Bot16 rotated left to face EAST
[14:35:57.153] Bot16 executed ROTATE_LEFT
[14:35:57.153] Bot16 moved forward to (3,4)
[14:35:57.153] Bot16 executed MOVE_FORWARD
[14:35:57.153] Starting turn for Bot11
[14:35:57.153] Bot11 rotated left to face WEST
[14:35:57.153] Bot11 executed ROTATE_LEFT
[14:35:57.153] Bot11 moved forward to (7,6)
[14:35:57.153] Bot11 executed MOVE_FORWARD
[14:35:57.153] Starting turn for Bot16
[14:35:57.153] Bot16 rotated right to face SOUTH
[14:35:57.153] Bot16 executed ROTATE_RIGHT
[14:35:57.153] Bot16 moved forward to (4,4)
[14:35:57.153] Bot16 executed MOVE_FORWARD
[14:35:57.153] Starting turn for Bot11
[14:35:57.153] Bot11 rotated right to face NORTH
[14:35:57.153] Bot11 executed ROTATE_RIGHT
[14:35:57.153] Starting turn for Bot16
[14:35:57.153] Bot16 rotated left to face EAST
[14:35:57.153] Bot16 executed ROTATE_LEFT
[14:35:57.153] Bot16 moved forward to (4,5)
[14:35:57.153] Bot16 executed MOVE_FORWARD
[14:35:57.153] Starting turn for Bot11
[14:35:57.153] Starting turn for Bot16
[14:35:57.153] Bot16 rotated right to face SOUTH
[14:35:57.153] Bot16 executed ROTATE_RIGHT
[14:35:57.153] Bot16 moved forward to (5,5)
[14:35:57.153] Bot16 executed MOVE_FORWARD
[14:35:57.153] Starting turn for Bot11
[14:35:57.153] Bot11 rotated right to face EAST
[14:35:57.153] Bot11 executed ROTATE_RIGHT
[14:35:57.153] Bot11 moved forward to (7,7)
[14:35:57.153] Bot11 executed MOVE_FORWARD
[14:35:57.153] Starting turn for Bot16
[14:35:57.153] Starting turn for Bot11
[14:35:57.153] Bot11 rotated left to face NORTH
[14:35:57.153] Bot11 executed ROTATE_LEFT
[14:35:57.153] Bot11 rotated left to face WEST
[14:35:57.153] Bot11 executed ROTATE_LEFT
[14:35:57.153] Bot11 moved forward to (7,6)
[14:35:57.153] Bot11 executed MOVE_FORWARD
[14:35:57.153] Starting turn for Bot16
[14:35:57.153] Starting turn for Bot11
[14:35:57.153] Bot11 rotated right to face NORTH
[14:35:57.153] Bot11 executed ROTATE_RIGHT
[14:35:57.153] Starting turn for Bot16
[14:35:57.153] Starting turn for Bot11
[14:35:57.153] Starting turn for Bot16
[14:35:57.153] Starting turn for Bot11
[14:35:57.153] Bot11 rotated right to face EAST
[14:35:57.153] Bot11 executed ROTATE_RIGHT
[14:35:57.153] Bot11 moved forward to (7,7)
[14:35:57.153] Bot11 executed MOVE_FORWARD
[14:35:57.153] Starting turn for Bot16
[14:35:57.153] Starting turn for Bot11
[14:35:57.153] Bot11 rotated left to face NORTH
[14:35:57.153] Bot11 executed ROTATE_LEFT
[14:35:57.153] Bot11 rotated left to face WEST
[14:35:57.153] Bot11 executed ROTATE_LEFT
[14:35:57.153] Bot11 moved forward to (7,6)
[14:35:57.153] Bot11 executed MOVE_FORWARD
[14:35:57.153] Starting turn for Bot16
[14:35:57.153] Starting turn for Bot11
[14:35:57.153] Bot11 rotated right to face NORTH
[14:35:57.153] Bot11 executed ROTATE_RIGHT
[14:35:57.153] Starting turn for Bot16
[14:35:57.153] Starting turn for Bot11
[14:35:57.153] Starting turn for Bot16
[14:35:57.153] Starting turn for Bot11
[14:35:57.153] Bot11 rotated right to face EAST
[14:35:57.153] Bot11 executed ROTATE_RIGHT
[14:35:57.153] Bot11 moved forward to (7,7)
[14:35:57.154] Bot11 executed MOVE_FORWARD
[14:35:57.154] Starting turn for Bot16
[14:35:57.154] Starting turn for Bot11
[14:35:57.154] Bot11 rotated left to face NORTH
[14:35:57.154] Bot11 executed ROTATE_LEFT
[14:35:57.154] Bot11 rotated left to face WEST
[14:35:57.154] Bot11 executed ROTATE_LEFT
[14:35:57.154] Bot11 moved forward to (7,6)
[14:35:57.154] Bot11 executed MOVE_FORWARD
[14:35:57.154] Starting turn for Bot16
[14:35:57.154] Starting turn for Bot11
[14:35:57.154] Bot11 rotated right to face NORTH
[14:35:57.154] Bot11 executed ROTATE_RIGHT
[14:35:57.154] Starting turn for Bot16
[14:35:57.154] Stalemate detected: State repeated 10 times, unchanged for 1 turns
[14:35:57.154] Game Over! Stalemate detected!
[14:35:57.154] Stalemate detected: State repeated 10 times, unchanged for 1 turns
