[14:35:40.946] === Game Started at 2025-02-04_14-35-40 ===
[14:35:40.946] Game initialized with 2 players
[14:35:40.946] Board size: 10
[14:35:40.946] Obstacle density: 0.05
[14:35:40.946] Max turns: 1000
[14:35:40.946] Player Bot2 starting at position (0,0) facing WEST
[14:35:40.946] Player Bot6 starting at position (9,9) facing WEST
[14:35:40.946] Obstacles at positions: (1,3) (2,9) (5,5) (7,3) (7,7)
[14:35:40.947] Starting turn for Bot2
[14:35:40.947] Bot2 rotated left to face SOUTH
[14:35:40.947] Bot2 executed ROTATE_LEFT
[14:35:40.947] Bot2 rotated left to face EAST
[14:35:40.947] Bot2 executed ROTATE_LEFT
[14:35:40.947] Bot2 moved forward to (0,1)
[14:35:40.947] Bot2 executed MOVE_FORWARD
[14:35:40.947] Starting turn for Bot6
[14:35:40.947] Bot6 moved forward to (9,8)
[14:35:40.947] Bot6 executed MOVE_FORWARD
[14:35:40.947] Starting turn for Bot2
[14:35:40.947] Bot2 rotated right to face SOUTH
[14:35:40.947] Bot2 executed ROTATE_RIGHT
[14:35:40.947] Bot2 moved forward to (1,1)
[14:35:40.947] Bot2 executed MOVE_FORWARD
[14:35:40.947] Starting turn for Bot6
[14:35:40.947] Bot6 rotated right to face NORTH
[14:35:40.947] Bot6 executed ROTATE_RIGHT
[14:35:40.947] Bot6 moved forward to (8,8)
[14:35:40.947] Bot6 executed MOVE_FORWARD
[14:35:40.947] Starting turn for Bot2
[14:35:40.947] Bot2 rotated left to face EAST
[14:35:40.947] Bot2 executed ROTATE_LEFT
[14:35:40.947] Bot2 moved forward to (1,2)
[14:35:40.947] Bot2 executed MOVE_FORWARD
[14:35:40.947] Starting turn for Bot6
[14:35:40.947] Bot6 rotated left to face WEST
[14:35:40.947] Bot6 executed ROTATE_LEFT
[14:35:40.947] Bot6 moved forward to (8,7)
[14:35:40.947] Bot6 executed MOVE_FORWARD
[14:35:40.947] Starting turn for Bot2
[14:35:40.947] Bot2 rotated right to face SOUTH
[14:35:40.947] Bot2 executed ROTATE_RIGHT
[14:35:40.947] Bot2 moved forward to (2,2)
[14:35:40.947] Bot2 executed MOVE_FORWARD
[14:35:40.947] Starting turn for Bot6
[14:35:40.947] Bot6 rotated right to face NORTH
[14:35:40.947] Bot6 executed ROTATE_RIGHT
[14:35:40.947] Starting turn for Bot2
[14:35:40.947] Bot2 rotated left to face EAST
[14:35:40.947] Bot2 executed ROTATE_LEFT
[14:35:40.947] Bot2 moved forward to (2,3)
[14:35:40.947] Bot2 executed MOVE_FORWARD
[14:35:40.947] Starting turn for Bot6
[14:35:40.947] Starting turn for Bot2
[14:35:40.947] Bot2 rotated right to face SOUTH
[14:35:40.947] Bot2 executed ROTATE_RIGHT
[14:35:40.947] Bot2 moved forward to (3,3)
[14:35:40.947] Bot2 executed MOVE_FORWARD
[14:35:40.947] Starting turn for Bot6
[14:35:40.947] Bot6 rotated right to face EAST
[14:35:40.947] Bot6 executed ROTATE_RIGHT
[14:35:40.947] Bot6 moved forward to (8,8)
[14:35:40.947] Bot6 executed MOVE_FORWARD
[14:35:40.947] Starting turn for Bot2
[14:35:40.947] Bot2 rotated left to face EAST
[14:35:40.947] Bot2 executed ROTATE_LEFT
[14:35:40.947] Bot2 moved forward to (3,4)
[14:35:40.947] Bot2 executed MOVE_FORWARD
[14:35:40.947] Starting turn for Bot6
[14:35:40.947] Bot6 rotated left to face NORTH
[14:35:40.947] Bot6 executed ROTATE_LEFT
[14:35:40.947] Bot6 rotated left to face WEST
[14:35:40.947] Bot6 executed ROTATE_LEFT
[14:35:40.947] Bot6 moved forward to (8,7)
[14:35:40.947] Bot6 executed MOVE_FORWARD
[14:35:40.947] Starting turn for Bot2
[14:35:40.947] Bot2 rotated right to face SOUTH
[14:35:40.947] Bot2 executed ROTATE_RIGHT
[14:35:40.947] Bot2 moved forward to (4,4)
[14:35:40.947] Bot2 executed MOVE_FORWARD
[14:35:40.947] Starting turn for Bot6
[14:35:40.947] Bot6 rotated right to face NORTH
[14:35:40.947] Bot6 executed ROTATE_RIGHT
[14:35:40.947] Starting turn for Bot2
[14:35:40.947] Bot2 rotated left to face EAST
[14:35:40.947] Bot2 executed ROTATE_LEFT
[14:35:40.947] Bot2 moved forward to (4,5)
[14:35:40.947] Bot2 executed MOVE_FORWARD
[14:35:40.947] Starting turn for Bot6
[14:35:40.947] Starting turn for Bot2
[14:35:40.947] Bot2 rotated right to face SOUTH
[14:35:40.947] Bot2 executed ROTATE_RIGHT
[14:35:40.947] Starting turn for Bot6
[14:35:40.947] Bot6 rotated right to face EAST
[14:35:40.947] Bot6 executed ROTATE_RIGHT
[14:35:40.947] Bot6 moved forward to (8,8)
[14:35:40.947] Bot6 executed MOVE_FORWARD
[14:35:40.947] Starting turn for Bot2
[14:35:40.947] Starting turn for Bot6
[14:35:40.947] Bot6 rotated left to face NORTH
[14:35:40.947] Bot6 executed ROTATE_LEFT
[14:35:40.947] Bot6 rotated left to face WEST
[14:35:40.947] Bot6 executed ROTATE_LEFT
[14:35:40.947] Bot6 moved forward to (8,7)
[14:35:40.947] Bot6 executed MOVE_FORWARD
[14:35:40.947] Starting turn for Bot2
[14:35:40.947] Bot2 rotated left to face EAST
[14:35:40.947] Bot2 executed ROTATE_LEFT
[14:35:40.947] Bot2 rotated left to face NORTH
[14:35:40.947] Bot2 executed ROTATE_LEFT
[14:35:40.947] Bot2 moved forward to (3,5)
[14:35:40.947] Bot2 executed MOVE_FORWARD
[14:35:40.947] Starting turn for Bot6
[14:35:40.947] Bot6 rotated right to face NORTH
[14:35:40.947] Bot6 executed ROTATE_RIGHT
[14:35:40.947] Starting turn for Bot2
[14:35:40.947] Bot2 rotated left to face WEST
[14:35:40.947] Bot2 executed ROTATE_LEFT
[14:35:40.947] Bot2 rotated left to face SOUTH
[14:35:40.947] Bot2 executed ROTATE_LEFT
[14:35:40.947] Bot2 moved forward to (4,5)
[14:35:40.947] Bot2 executed MOVE_FORWARD
[14:35:40.947] Starting turn for Bot6
[14:35:40.947] Starting turn for Bot2
[14:35:40.947] Starting turn for Bot6
[14:35:40.947] Bot6 rotated right to face EAST
[14:35:40.947] Bot6 executed ROTATE_RIGHT
[14:35:40.947] Bot6 moved forward to (8,8)
[14:35:40.947] Bot6 executed MOVE_FORWARD
[14:35:40.947] Starting turn for Bot2
[14:35:40.947] Starting turn for Bot6
[14:35:40.947] Bot6 rotated left to face NORTH
[14:35:40.947] Bot6 executed ROTATE_LEFT
[14:35:40.947] Bot6 rotated left to face WEST
[14:35:40.947] Bot6 executed ROTATE_LEFT
[14:35:40.947] Bot6 moved forward to (8,7)
[14:35:40.947] Bot6 executed MOVE_FORWARD
[14:35:40.947] Starting turn for Bot2
[14:35:40.947] Bot2 rotated left to face EAST
[14:35:40.947] Bot2 executed ROTATE_LEFT
[14:35:40.947] Bot2 rotated left to face NORTH
[14:35:40.947] Bot2 executed ROTATE_LEFT
[14:35:40.947] Bot2 moved forward to (3,5)
[14:35:40.947] Bot2 executed MOVE_FORWARD
[14:35:40.947] Starting turn for Bot6
[14:35:40.947] Bot6 rotated right to face NORTH
[14:35:40.947] Bot6 executed ROTATE_RIGHT
[14:35:40.947] Starting turn for Bot2
[14:35:40.947] Bot2 rotated left to face WEST
[14:35:40.947] Bot2 executed ROTATE_LEFT
[14:35:40.947] Bot2 rotated left to face SOUTH
[14:35:40.947] Bot2 executed ROTATE_LEFT
[14:35:40.947] Bot2 moved forward to (4,5)
[14:35:40.947] Bot2 executed MOVE_FORWARD
[14:35:40.947] Starting turn for Bot6
[14:35:40.947] Starting turn for Bot2
[14:35:40.947] Starting turn for Bot6
[14:35:40.947] Bot6 rotated right to face EAST
[14:35:40.947] Bot6 executed ROTATE_RIGHT
[14:35:40.947] Bot6 moved forward to (8,8)
[14:35:40.947] Bot6 executed MOVE_FORWARD
[14:35:40.947] Starting turn for Bot2
[14:35:40.947] Starting turn for Bot6
[14:35:40.947] Bot6 rotated left to face NORTH
[14:35:40.947] Bot6 executed ROTATE_LEFT
[14:35:40.947] Bot6 rotated left to face WEST
[14:35:40.947] Bot6 executed ROTATE_LEFT
[14:35:40.947] Bot6 moved forward to (8,7)
[14:35:40.947] Bot6 executed MOVE_FORWARD
[14:35:40.947] Starting turn for Bot2
[14:35:40.947] Bot2 rotated left to face EAST
[14:35:40.947] Bot2 executed ROTATE_LEFT
[14:35:40.947] Bot2 rotated left to face NORTH
[14:35:40.947] Bot2 executed ROTATE_LEFT
[14:35:40.947] Bot2 moved forward to (3,5)
[14:35:40.947] Bot2 executed MOVE_FORWARD
[14:35:40.947] Starting turn for Bot6
[14:35:40.947] Bot6 rotated right to face NORTH
[14:35:40.947] Bot6 executed ROTATE_RIGHT
[14:35:40.947] Starting turn for Bot2
[14:35:40.947] Bot2 rotated left to face WEST
[14:35:40.947] Bot2 executed ROTATE_LEFT
[14:35:40.947] Bot2 rotated left to face SOUTH
[14:35:40.947] Bot2 executed ROTATE_LEFT
[14:35:40.947] Bot2 moved forward to (4,5)
[14:35:40.947] Bot2 executed MOVE_FORWARD
[14:35:40.947] Starting turn for Bot6
[14:35:40.947] Starting turn for Bot2
[14:35:40.947] Starting turn for Bot6
[14:35:40.947] Stalemate detected: State repeated 10 times, unchanged for 1 turns
[14:35:40.947] Game Over! Stalemate detected!
[14:35:40.947] Stalemate detected: State repeated 10 times, unchanged for 1 turns
