[14:36:11.667] === Game Started at 2025-02-04_14-36-11 ===
[14:36:11.667] Game initialized with 2 players
[14:36:11.667] Board size: 10
[14:36:11.667] Obstacle density: 0.05
[14:36:11.667] Max turns: 1000
[14:36:11.667] Player Bot40 starting at position (0,0) facing EAST
[14:36:11.667] Player Bot25 starting at position (9,9) facing NORTH
[14:36:11.667] Obstacles at positions: (0,4) (1,9) (3,4) (6,8) (7,4)
[14:36:11.667] Starting turn for Bot40
[14:36:11.667] Bot40 moved forward to (0,1)
[14:36:11.667] Bot40 executed MOVE_FORWARD
[14:36:11.667] Starting turn for Bot25
[14:36:11.667] Bot25 rotated left to face WEST
[14:36:11.667] Bot25 executed ROTATE_LEFT
[14:36:11.667] Bot25 moved forward to (9,8)
[14:36:11.667] Bot25 executed MOVE_FORWARD
[14:36:11.667] Starting turn for Bot40
[14:36:11.667] Bot40 rotated right to face SOUTH
[14:36:11.667] Bot40 executed ROTATE_RIGHT
[14:36:11.667] Bot40 moved forward to (1,1)
[14:36:11.667] Bot40 executed MOVE_FORWARD
[14:36:11.667] Starting turn for Bot25
[14:36:11.667] Bot25 rotated right to face NORTH
[14:36:11.667] Bot25 executed ROTATE_RIGHT
[14:36:11.667] Bot25 moved forward to (8,8)
[14:36:11.667] Bot25 executed MOVE_FORWARD
[14:36:11.667] Starting turn for Bot40
[14:36:11.667] Bot40 rotated left to face EAST
[14:36:11.667] Bot40 executed ROTATE_LEFT
[14:36:11.667] Bot40 moved forward to (1,2)
[14:36:11.667] Bot40 executed MOVE_FORWARD
[14:36:11.667] Starting turn for Bot25
[14:36:11.667] Bot25 rotated left to face WEST
[14:36:11.667] Bot25 executed ROTATE_LEFT
[14:36:11.667] Bot25 moved forward to (8,7)
[14:36:11.667] Bot25 executed MOVE_FORWARD
[14:36:11.667] Starting turn for Bot40
[14:36:11.667] Bot40 rotated right to face SOUTH
[14:36:11.667] Bot40 executed ROTATE_RIGHT
[14:36:11.667] Bot40 moved forward to (2,2)
[14:36:11.667] Bot40 executed MOVE_FORWARD
[14:36:11.667] Starting turn for Bot25
[14:36:11.667] Bot25 rotated right to face NORTH
[14:36:11.667] Bot25 executed ROTATE_RIGHT
[14:36:11.667] Bot25 moved forward to (7,7)
[14:36:11.667] Bot25 executed MOVE_FORWARD
[14:36:11.667] Starting turn for Bot40
[14:36:11.667] Bot40 rotated left to face EAST
[14:36:11.667] Bot40 executed ROTATE_LEFT
[14:36:11.667] Bot40 moved forward to (2,3)
[14:36:11.667] Bot40 executed MOVE_FORWARD
[14:36:11.667] Starting turn for Bot25
[14:36:11.667] Bot25 rotated left to face WEST
[14:36:11.667] Bot25 executed ROTATE_LEFT
[14:36:11.667] Bot25 moved forward to (7,6)
[14:36:11.667] Bot25 executed MOVE_FORWARD
[14:36:11.667] Starting turn for Bot40
[14:36:11.667] Bot40 rotated right to face SOUTH
[14:36:11.667] Bot40 executed ROTATE_RIGHT
[14:36:11.667] Bot40 moved forward to (3,3)
[14:36:11.667] Bot40 executed MOVE_FORWARD
[14:36:11.667] Starting turn for Bot25
[14:36:11.667] Bot25 rotated right to face NORTH
[14:36:11.667] Bot25 executed ROTATE_RIGHT
[14:36:11.667] Bot25 moved forward to (6,6)
[14:36:11.667] Bot25 executed MOVE_FORWARD
[14:36:11.667] Starting turn for Bot40
[14:36:11.667] Bot40 rotated left to face EAST
[14:36:11.667] Bot40 executed ROTATE_LEFT
[14:36:11.667] Starting turn for Bot25
[14:36:11.667] Bot25 rotated left to face WEST
[14:36:11.667] Bot25 executed ROTATE_LEFT
[14:36:11.667] Bot25 moved forward to (6,5)
[14:36:11.667] Bot25 executed MOVE_FORWARD
[14:36:11.667] Starting turn for Bot40
[14:36:11.667] Starting turn for Bot25
[14:36:11.667] Bot25 rotated right to face NORTH
[14:36:11.667] Bot25 executed ROTATE_RIGHT
[14:36:11.667] Bot25 moved forward to (5,5)
[14:36:11.667] Bot25 executed MOVE_FORWARD
[14:36:11.667] Starting turn for Bot40
[14:36:11.667] Bot40 rotated left to face NORTH
[14:36:11.667] Bot40 executed ROTATE_LEFT
[14:36:11.667] Bot40 moved forward to (2,3)
[14:36:11.667] Bot40 executed MOVE_FORWARD
[14:36:11.667] Starting turn for Bot25
[14:36:11.667] Starting turn for Bot40
[14:36:11.667] Bot40 rotated left to face WEST
[14:36:11.667] Bot40 executed ROTATE_LEFT
[14:36:11.667] Bot40 rotated left to face SOUTH
[14:36:11.667] Bot40 executed ROTATE_LEFT
[14:36:11.667] Bot40 moved forward to (3,3)
[14:36:11.667] Bot40 executed MOVE_FORWARD
[14:36:11.667] Starting turn for Bot25
[14:36:11.667] Starting turn for Bot40
[14:36:11.667] Bot40 rotated left to face EAST
[14:36:11.667] Bot40 executed ROTATE_LEFT
[14:36:11.667] Starting turn for Bot25
[14:36:11.667] Starting turn for Bot40
[14:36:11.667] Starting turn for Bot25
[14:36:11.667] Starting turn for Bot40
[14:36:11.667] Bot40 rotated left to face NORTH
[14:36:11.667] Bot40 executed ROTATE_LEFT
[14:36:11.667] Bot40 moved forward to (2,3)
[14:36:11.667] Bot40 executed MOVE_FORWARD
[14:36:11.667] Starting turn for Bot25
[14:36:11.667] Starting turn for Bot40
[14:36:11.667] Bot40 rotated left to face WEST
[14:36:11.667] Bot40 executed ROTATE_LEFT
[14:36:11.667] Bot40 rotated left to face SOUTH
[14:36:11.667] Bot40 executed ROTATE_LEFT
[14:36:11.667] Bot40 moved forward to (3,3)
[14:36:11.667] Bot40 executed MOVE_FORWARD
[14:36:11.667] Starting turn for Bot25
[14:36:11.667] Starting turn for Bot40
[14:36:11.667] Bot40 rotated left to face EAST
[14:36:11.667] Bot40 executed ROTATE_LEFT
[14:36:11.667] Starting turn for Bot25
[14:36:11.667] Starting turn for Bot40
[14:36:11.667] Starting turn for Bot25
[14:36:11.667] Starting turn for Bot40
[14:36:11.667] Bot40 rotated left to face NORTH
[14:36:11.667] Bot40 executed ROTATE_LEFT
[14:36:11.667] Bot40 moved forward to (2,3)
[14:36:11.667] Bot40 executed MOVE_FORWARD
[14:36:11.667] Starting turn for Bot25
[14:36:11.667] Starting turn for Bot40
[14:36:11.667] Bot40 rotated left to face WEST
[14:36:11.667] Bot40 executed ROTATE_LEFT
[14:36:11.667] Bot40 rotated left to face SOUTH
[14:36:11.667] Bot40 executed ROTATE_LEFT
[14:36:11.667] Bot40 moved forward to (3,3)
[14:36:11.667] Bot40 executed MOVE_FORWARD
[14:36:11.667] Starting turn for Bot25
[14:36:11.667] Starting turn for Bot40
[14:36:11.667] Bot40 rotated left to face EAST
[14:36:11.667] Bot40 executed ROTATE_LEFT
[14:36:11.667] Starting turn for Bot25
[14:36:11.667] Starting turn for Bot40
[14:36:11.667] Starting turn for Bot25
[14:36:11.667] Stalemate detected: State repeated 10 times, unchanged for 3 turns
[14:36:11.667] Game Over! Stalemate detected!
[14:36:11.667] Stalemate detected: State repeated 10 times, unchanged for 3 turns
