[14:35:59.087] === Game Started at 2025-02-04_14-35-59 ===
[14:35:59.087] Game initialized with 2 players
[14:35:59.087] Board size: 10
[14:35:59.087] Obstacle density: 0.05
[14:35:59.087] Max turns: 1000
[14:35:59.087] Player Bot36 starting at position (0,0) facing WEST
[14:35:59.087] Player Bot12 starting at position (9,9) facing EAST
[14:35:59.087] Obstacles at positions: (0,8) (1,2) (1,4) (5,9) (6,0)
[14:35:59.087] Starting turn for Bot36
[14:35:59.087] Bot36 rotated left to face SOUTH
[14:35:59.087] Bot36 executed ROTATE_LEFT
[14:35:59.087] Bot36 rotated left to face EAST
[14:35:59.087] Bot36 executed ROTATE_LEFT
[14:35:59.087] Bot36 moved forward to (0,1)
[14:35:59.087] Bot36 executed MOVE_FORWARD
[14:35:59.087] Starting turn for Bot12
[14:35:59.087] Bot12 rotated left to face NORTH
[14:35:59.087] Bot12 executed ROTATE_LEFT
[14:35:59.087] Bot12 rotated left to face WEST
[14:35:59.087] Bot12 executed ROTATE_LEFT
[14:35:59.087] Bot12 moved forward to (9,8)
[14:35:59.087] Bot12 executed MOVE_FORWARD
[14:35:59.087] Starting turn for Bot36
[14:35:59.087] Bot36 rotated right to face SOUTH
[14:35:59.087] Bot36 executed ROTATE_RIGHT
[14:35:59.087] Bot36 moved forward to (1,1)
[14:35:59.087] Bot36 executed MOVE_FORWARD
[14:35:59.087] Starting turn for Bot12
[14:35:59.087] Bot12 rotated right to face NORTH
[14:35:59.087] Bot12 executed ROTATE_RIGHT
[14:35:59.087] Bot12 moved forward to (8,8)
[14:35:59.087] Bot12 executed MOVE_FORWARD
[14:35:59.087] Starting turn for Bot36
[14:35:59.087] Bot36 rotated left to face EAST
[14:35:59.087] Bot36 executed ROTATE_LEFT
[14:35:59.087] Starting turn for Bot12
[14:35:59.087] Bot12 rotated left to face WEST
[14:35:59.087] Bot12 executed ROTATE_LEFT
[14:35:59.087] Bot12 moved forward to (8,7)
[14:35:59.087] Bot12 executed MOVE_FORWARD
[14:35:59.087] Starting turn for Bot36
[14:35:59.087] Starting turn for Bot12
[14:35:59.087] Bot12 rotated right to face NORTH
[14:35:59.087] Bot12 executed ROTATE_RIGHT
[14:35:59.087] Bot12 moved forward to (7,7)
[14:35:59.087] Bot12 executed MOVE_FORWARD
[14:35:59.087] Starting turn for Bot36
[14:35:59.087] Bot36 rotated left to face NORTH
[14:35:59.087] Bot36 executed ROTATE_LEFT
[14:35:59.087] Bot36 moved forward to (0,1)
[14:35:59.087] Bot36 executed MOVE_FORWARD
[14:35:59.087] Starting turn for Bot12
[14:35:59.087] Bot12 rotated left to face WEST
[14:35:59.087] Bot12 executed ROTATE_LEFT
[14:35:59.087] Bot12 moved forward to (7,6)
[14:35:59.087] Bot12 executed MOVE_FORWARD
[14:35:59.087] Starting turn for Bot36
[14:35:59.087] Bot36 rotated left to face WEST
[14:35:59.087] Bot36 executed ROTATE_LEFT
[14:35:59.087] Bot36 rotated left to face SOUTH
[14:35:59.087] Bot36 executed ROTATE_LEFT
[14:35:59.087] Bot36 moved forward to (1,1)
[14:35:59.087] Bot36 executed MOVE_FORWARD
[14:35:59.087] Starting turn for Bot12
[14:35:59.087] Bot12 rotated right to face NORTH
[14:35:59.087] Bot12 executed ROTATE_RIGHT
[14:35:59.087] Bot12 moved forward to (6,6)
[14:35:59.087] Bot12 executed MOVE_FORWARD
[14:35:59.087] Starting turn for Bot36
[14:35:59.087] Bot36 rotated left to face EAST
[14:35:59.087] Bot36 executed ROTATE_LEFT
[14:35:59.087] Starting turn for Bot12
[14:35:59.087] Bot12 rotated left to face WEST
[14:35:59.087] Bot12 executed ROTATE_LEFT
[14:35:59.087] Bot12 moved forward to (6,5)
[14:35:59.087] Bot12 executed MOVE_FORWARD
[14:35:59.087] Starting turn for Bot36
[14:35:59.087] Starting turn for Bot12
[14:35:59.087] Bot12 rotated right to face NORTH
[14:35:59.087] Bot12 executed ROTATE_RIGHT
[14:35:59.087] Bot12 moved forward to (5,5)
[14:35:59.087] Bot12 executed MOVE_FORWARD
[14:35:59.087] Starting turn for Bot36
[14:35:59.087] Bot36 rotated left to face NORTH
[14:35:59.087] Bot36 executed ROTATE_LEFT
[14:35:59.087] Bot36 moved forward to (0,1)
[14:35:59.087] Bot36 executed MOVE_FORWARD
[14:35:59.087] Starting turn for Bot12
[14:35:59.087] Starting turn for Bot36
[14:35:59.087] Bot36 rotated left to face WEST
[14:35:59.087] Bot36 executed ROTATE_LEFT
[14:35:59.087] Bot36 rotated left to face SOUTH
[14:35:59.087] Bot36 executed ROTATE_LEFT
[14:35:59.087] Bot36 moved forward to (1,1)
[14:35:59.087] Bot36 executed MOVE_FORWARD
[14:35:59.087] Starting turn for Bot12
[14:35:59.087] Starting turn for Bot36
[14:35:59.087] Bot36 rotated left to face EAST
[14:35:59.087] Bot36 executed ROTATE_LEFT
[14:35:59.087] Starting turn for Bot12
[14:35:59.087] Starting turn for Bot36
[14:35:59.087] Starting turn for Bot12
[14:35:59.087] Starting turn for Bot36
[14:35:59.087] Bot36 rotated left to face NORTH
[14:35:59.087] Bot36 executed ROTATE_LEFT
[14:35:59.087] Bot36 moved forward to (0,1)
[14:35:59.087] Bot36 executed MOVE_FORWARD
[14:35:59.087] Starting turn for Bot12
[14:35:59.087] Starting turn for Bot36
[14:35:59.087] Bot36 rotated left to face WEST
[14:35:59.087] Bot36 executed ROTATE_LEFT
[14:35:59.087] Bot36 rotated left to face SOUTH
[14:35:59.087] Bot36 executed ROTATE_LEFT
[14:35:59.087] Bot36 moved forward to (1,1)
[14:35:59.087] Bot36 executed MOVE_FORWARD
[14:35:59.087] Starting turn for Bot12
[14:35:59.087] Starting turn for Bot36
[14:35:59.087] Bot36 rotated left to face EAST
[14:35:59.087] Bot36 executed ROTATE_LEFT
[14:35:59.087] Starting turn for Bot12
[14:35:59.087] Starting turn for Bot36
[14:35:59.087] Starting turn for Bot12
[14:35:59.087] Starting turn for Bot36
[14:35:59.087] Bot36 rotated left to face NORTH
[14:35:59.087] Bot36 executed ROTATE_LEFT
[14:35:59.087] Bot36 moved forward to (0,1)
[14:35:59.087] Bot36 executed MOVE_FORWARD
[14:35:59.087] Starting turn for Bot12
[14:35:59.087] Starting turn for Bot36
[14:35:59.087] Bot36 rotated left to face WEST
[14:35:59.087] Bot36 executed ROTATE_LEFT
[14:35:59.087] Bot36 rotated left to face SOUTH
[14:35:59.087] Bot36 executed ROTATE_LEFT
[14:35:59.087] Bot36 moved forward to (1,1)
[14:35:59.087] Bot36 executed MOVE_FORWARD
[14:35:59.087] Starting turn for Bot12
[14:35:59.087] Starting turn for Bot36
[14:35:59.087] Bot36 rotated left to face EAST
[14:35:59.087] Bot36 executed ROTATE_LEFT
[14:35:59.087] Starting turn for Bot12
[14:35:59.087] Starting turn for Bot36
[14:35:59.087] Starting turn for Bot12
[14:35:59.087] Stalemate detected: State repeated 10 times, unchanged for 3 turns
[14:35:59.087] Game Over! Stalemate detected!
[14:35:59.087] Stalemate detected: State repeated 10 times, unchanged for 3 turns
