[14:35:46.152] === Game Started at 2025-02-04_14-35-46 ===
[14:35:46.152] Game initialized with 2 players
[14:35:46.152] Board size: 10
[14:35:46.152] Obstacle density: 0.05
[14:35:46.152] Max turns: 1000
[14:35:46.152] Player Bot4 starting at position (0,0) facing NORTH
[14:35:46.152] Player Bot24 starting at position (9,9) facing WEST
[14:35:46.152] Obstacles at positions: (2,3) (2,7) (4,1) (5,3) (5,6)
[14:35:46.152] Starting turn for Bot4
[14:35:46.152] Bot4 rotated right to face EAST
[14:35:46.152] Bot4 executed ROTATE_RIGHT
[14:35:46.152] Bot4 moved forward to (0,1)
[14:35:46.152] Bot4 executed MOVE_FORWARD
[14:35:46.152] Starting turn for Bot24
[14:35:46.152] Bot24 moved forward to (9,8)
[14:35:46.152] Bot24 executed MOVE_FORWARD
[14:35:46.152] Starting turn for Bot4
[14:35:46.152] Bot4 rotated right to face SOUTH
[14:35:46.152] Bot4 executed ROTATE_RIGHT
[14:35:46.152] Bot4 moved forward to (1,1)
[14:35:46.152] Bot4 executed MOVE_FORWARD
[14:35:46.152] Starting turn for Bot24
[14:35:46.152] Bot24 rotated right to face NORTH
[14:35:46.152] Bot24 executed ROTATE_RIGHT
[14:35:46.152] Bot24 moved forward to (8,8)
[14:35:46.152] Bot24 executed MOVE_FORWARD
[14:35:46.152] Starting turn for Bot4
[14:35:46.152] Bot4 rotated left to face EAST
[14:35:46.152] Bot4 executed ROTATE_LEFT
[14:35:46.152] Bot4 moved forward to (1,2)
[14:35:46.152] Bot4 executed MOVE_FORWARD
[14:35:46.152] Starting turn for Bot24
[14:35:46.152] Bot24 rotated left to face WEST
[14:35:46.152] Bot24 executed ROTATE_LEFT
[14:35:46.152] Bot24 moved forward to (8,7)
[14:35:46.152] Bot24 executed MOVE_FORWARD
[14:35:46.152] Starting turn for Bot4
[14:35:46.152] Bot4 rotated right to face SOUTH
[14:35:46.152] Bot4 executed ROTATE_RIGHT
[14:35:46.152] Bot4 moved forward to (2,2)
[14:35:46.152] Bot4 executed MOVE_FORWARD
[14:35:46.152] Starting turn for Bot24
[14:35:46.152] Bot24 rotated right to face NORTH
[14:35:46.152] Bot24 executed ROTATE_RIGHT
[14:35:46.152] Bot24 moved forward to (7,7)
[14:35:46.152] Bot24 executed MOVE_FORWARD
[14:35:46.152] Starting turn for Bot4
[14:35:46.152] Bot4 rotated left to face EAST
[14:35:46.152] Bot4 executed ROTATE_LEFT
[14:35:46.152] Starting turn for Bot24
[14:35:46.152] Bot24 rotated left to face WEST
[14:35:46.152] Bot24 executed ROTATE_LEFT
[14:35:46.152] Bot24 moved forward to (7,6)
[14:35:46.152] Bot24 executed MOVE_FORWARD
[14:35:46.152] Starting turn for Bot4
[14:35:46.152] Starting turn for Bot24
[14:35:46.152] Bot24 rotated right to face NORTH
[14:35:46.152] Bot24 executed ROTATE_RIGHT
[14:35:46.152] Bot24 moved forward to (6,6)
[14:35:46.152] Bot24 executed MOVE_FORWARD
[14:35:46.152] Starting turn for Bot4
[14:35:46.152] Bot4 rotated left to face NORTH
[14:35:46.152] Bot4 executed ROTATE_LEFT
[14:35:46.152] Bot4 moved forward to (1,2)
[14:35:46.152] Bot4 executed MOVE_FORWARD
[14:35:46.152] Starting turn for Bot24
[14:35:46.152] Bot24 rotated left to face WEST
[14:35:46.152] Bot24 executed ROTATE_LEFT
[14:35:46.152] Bot24 moved forward to (6,5)
[14:35:46.152] Bot24 executed MOVE_FORWARD
[14:35:46.152] Starting turn for Bot4
[14:35:46.152] Bot4 rotated left to face WEST
[14:35:46.152] Bot4 executed ROTATE_LEFT
[14:35:46.152] Bot4 rotated left to face SOUTH
[14:35:46.152] Bot4 executed ROTATE_LEFT
[14:35:46.152] Bot4 moved forward to (2,2)
[14:35:46.152] Bot4 executed MOVE_FORWARD
[14:35:46.152] Starting turn for Bot24
[14:35:46.152] Bot24 rotated right to face NORTH
[14:35:46.152] Bot24 executed ROTATE_RIGHT
[14:35:46.153] Bot24 moved forward to (5,5)
[14:35:46.153] Bot24 executed MOVE_FORWARD
[14:35:46.153] Starting turn for Bot4
[14:35:46.153] Bot4 rotated left to face EAST
[14:35:46.153] Bot4 executed ROTATE_LEFT
[14:35:46.153] Starting turn for Bot24
[14:35:46.153] Starting turn for Bot4
[14:35:46.153] Starting turn for Bot24
[14:35:46.153] Starting turn for Bot4
[14:35:46.153] Bot4 rotated left to face NORTH
[14:35:46.153] Bot4 executed ROTATE_LEFT
[14:35:46.153] Bot4 moved forward to (1,2)
[14:35:46.153] Bot4 executed MOVE_FORWARD
[14:35:46.153] Starting turn for Bot24
[14:35:46.153] Starting turn for Bot4
[14:35:46.153] Bot4 rotated left to face WEST
[14:35:46.153] Bot4 executed ROTATE_LEFT
[14:35:46.153] Bot4 rotated left to face SOUTH
[14:35:46.153] Bot4 executed ROTATE_LEFT
[14:35:46.153] Bot4 moved forward to (2,2)
[14:35:46.153] Bot4 executed MOVE_FORWARD
[14:35:46.153] Starting turn for Bot24
[14:35:46.153] Starting turn for Bot4
[14:35:46.153] Bot4 rotated left to face EAST
[14:35:46.153] Bot4 executed ROTATE_LEFT
[14:35:46.153] Starting turn for Bot24
[14:35:46.153] Starting turn for Bot4
[14:35:46.153] Starting turn for Bot24
[14:35:46.153] Starting turn for Bot4
[14:35:46.153] Bot4 rotated left to face NORTH
[14:35:46.153] Bot4 executed ROTATE_LEFT
[14:35:46.153] Bot4 moved forward to (1,2)
[14:35:46.153] Bot4 executed MOVE_FORWARD
[14:35:46.153] Starting turn for Bot24
[14:35:46.153] Starting turn for Bot4
[14:35:46.153] Bot4 rotated left to face WEST
[14:35:46.153] Bot4 executed ROTATE_LEFT
[14:35:46.153] Bot4 rotated left to face SOUTH
[14:35:46.153] Bot4 executed ROTATE_LEFT
[14:35:46.153] Bot4 moved forward to (2,2)
[14:35:46.153] Bot4 executed MOVE_FORWARD
[14:35:46.153] Starting turn for Bot24
[14:35:46.153] Starting turn for Bot4
[14:35:46.153] Bot4 rotated left to face EAST
[14:35:46.153] Bot4 executed ROTATE_LEFT
[14:35:46.153] Starting turn for Bot24
[14:35:46.153] Starting turn for Bot4
[14:35:46.153] Starting turn for Bot24
[14:35:46.153] Starting turn for Bot4
[14:35:46.153] Bot4 rotated left to face NORTH
[14:35:46.153] Bot4 executed ROTATE_LEFT
[14:35:46.153] Bot4 moved forward to (1,2)
[14:35:46.153] Bot4 executed MOVE_FORWARD
[14:35:46.153] Starting turn for Bot24
[14:35:46.153] Starting turn for Bot4
[14:35:46.153] Bot4 rotated left to face WEST
[14:35:46.153] Bot4 executed ROTATE_LEFT
[14:35:46.153] Bot4 rotated left to face SOUTH
[14:35:46.153] Bot4 executed ROTATE_LEFT
[14:35:46.153] Bot4 moved forward to (2,2)
[14:35:46.153] Bot4 executed MOVE_FORWARD
[14:35:46.153] Starting turn for Bot24
[14:35:46.153] Starting turn for Bot4
[14:35:46.153] Bot4 rotated left to face EAST
[14:35:46.153] Bot4 executed ROTATE_LEFT
[14:35:46.153] Starting turn for Bot24
[14:35:46.153] Stalemate detected: State repeated 10 times, unchanged for 1 turns
[14:35:46.153] Game Over! Stalemate detected!
[14:35:46.153] Stalemate detected: State repeated 10 times, unchanged for 1 turns
