[14:36:07.938] === Game Started at 2025-02-04_14-36-07 ===
[14:36:07.938] Game initialized with 2 players
[14:36:07.938] Board size: 10
[14:36:07.938] Obstacle density: 0.05
[14:36:07.938] Max turns: 1000
[14:36:07.938] Player Bot39 starting at position (0,0) facing EAST
[14:36:07.938] Player Bot20 starting at position (9,9) facing WEST
[14:36:07.938] Obstacles at positions: (3,4) (3,9) (6,9) (9,5) (9,6)
[14:36:07.938] Starting turn for Bot39
[14:36:07.938] Bot39 moved forward to (0,1)
[14:36:07.938] Bot39 executed MOVE_FORWARD
[14:36:07.938] Starting turn for Bot20
[14:36:07.938] Bot20 moved forward to (9,8)
[14:36:07.938] Bot20 executed MOVE_FORWARD
[14:36:07.938] Starting turn for Bot39
[14:36:07.938] Bot39 rotated right to face SOUTH
[14:36:07.938] Bot39 executed ROTATE_RIGHT
[14:36:07.938] Bot39 moved forward to (1,1)
[14:36:07.938] Bot39 executed MOVE_FORWARD
[14:36:07.938] Starting turn for Bot20
[14:36:07.938] Bot20 rotated right to face NORTH
[14:36:07.938] Bot20 executed ROTATE_RIGHT
[14:36:07.938] Bot20 moved forward to (8,8)
[14:36:07.938] Bot20 executed MOVE_FORWARD
[14:36:07.938] Starting turn for Bot39
[14:36:07.938] Bot39 rotated left to face EAST
[14:36:07.938] Bot39 executed ROTATE_LEFT
[14:36:07.938] Bot39 moved forward to (1,2)
[14:36:07.938] Bot39 executed MOVE_FORWARD
[14:36:07.938] Starting turn for Bot20
[14:36:07.938] Bot20 rotated left to face WEST
[14:36:07.938] Bot20 executed ROTATE_LEFT
[14:36:07.938] Bot20 moved forward to (8,7)
[14:36:07.938] Bot20 executed MOVE_FORWARD
[14:36:07.938] Starting turn for Bot39
[14:36:07.938] Bot39 rotated right to face SOUTH
[14:36:07.938] Bot39 executed ROTATE_RIGHT
[14:36:07.938] Bot39 moved forward to (2,2)
[14:36:07.938] Bot39 executed MOVE_FORWARD
[14:36:07.938] Starting turn for Bot20
[14:36:07.938] Bot20 rotated right to face NORTH
[14:36:07.938] Bot20 executed ROTATE_RIGHT
[14:36:07.938] Bot20 moved forward to (7,7)
[14:36:07.938] Bot20 executed MOVE_FORWARD
[14:36:07.938] Starting turn for Bot39
[14:36:07.938] Bot39 rotated left to face EAST
[14:36:07.938] Bot39 executed ROTATE_LEFT
[14:36:07.938] Bot39 moved forward to (2,3)
[14:36:07.938] Bot39 executed MOVE_FORWARD
[14:36:07.938] Starting turn for Bot20
[14:36:07.938] Bot20 rotated left to face WEST
[14:36:07.938] Bot20 executed ROTATE_LEFT
[14:36:07.938] Bot20 moved forward to (7,6)
[14:36:07.938] Bot20 executed MOVE_FORWARD
[14:36:07.938] Starting turn for Bot39
[14:36:07.938] Bot39 rotated right to face SOUTH
[14:36:07.939] Bot39 executed ROTATE_RIGHT
[14:36:07.939] Bot39 moved forward to (3,3)
[14:36:07.939] Bot39 executed MOVE_FORWARD
[14:36:07.939] Starting turn for Bot20
[14:36:07.939] Bot20 rotated right to face NORTH
[14:36:07.939] Bot20 executed ROTATE_RIGHT
[14:36:07.939] Bot20 moved forward to (6,6)
[14:36:07.939] Bot20 executed MOVE_FORWARD
[14:36:07.939] Starting turn for Bot39
[14:36:07.939] Bot39 rotated left to face EAST
[14:36:07.939] Bot39 executed ROTATE_LEFT
[14:36:07.939] Starting turn for Bot20
[14:36:07.939] Bot20 rotated left to face WEST
[14:36:07.939] Bot20 executed ROTATE_LEFT
[14:36:07.939] Bot20 moved forward to (6,5)
[14:36:07.939] Bot20 executed MOVE_FORWARD
[14:36:07.939] Starting turn for Bot39
[14:36:07.939] Starting turn for Bot20
[14:36:07.939] Bot20 rotated right to face NORTH
[14:36:07.939] Bot20 executed ROTATE_RIGHT
[14:36:07.939] Bot20 moved forward to (5,5)
[14:36:07.939] Bot20 executed MOVE_FORWARD
[14:36:07.939] Starting turn for Bot39
[14:36:07.939] Bot39 rotated left to face NORTH
[14:36:07.939] Bot39 executed ROTATE_LEFT
[14:36:07.939] Bot39 moved forward to (2,3)
[14:36:07.939] Bot39 executed MOVE_FORWARD
[14:36:07.939] Starting turn for Bot20
[14:36:07.939] Starting turn for Bot39
[14:36:07.939] Bot39 rotated left to face WEST
[14:36:07.939] Bot39 executed ROTATE_LEFT
[14:36:07.939] Bot39 rotated left to face SOUTH
[14:36:07.939] Bot39 executed ROTATE_LEFT
[14:36:07.939] Bot39 moved forward to (3,3)
[14:36:07.939] Bot39 executed MOVE_FORWARD
[14:36:07.939] Starting turn for Bot20
[14:36:07.939] Starting turn for Bot39
[14:36:07.939] Bot39 rotated left to face EAST
[14:36:07.939] Bot39 executed ROTATE_LEFT
[14:36:07.939] Starting turn for Bot20
[14:36:07.939] Starting turn for Bot39
[14:36:07.939] Starting turn for Bot20
[14:36:07.939] Starting turn for Bot39
[14:36:07.939] Bot39 rotated left to face NORTH
[14:36:07.939] Bot39 executed ROTATE_LEFT
[14:36:07.939] Bot39 moved forward to (2,3)
[14:36:07.939] Bot39 executed MOVE_FORWARD
[14:36:07.939] Starting turn for Bot20
[14:36:07.939] Starting turn for Bot39
[14:36:07.939] Bot39 rotated left to face WEST
[14:36:07.939] Bot39 executed ROTATE_LEFT
[14:36:07.939] Bot39 rotated left to face SOUTH
[14:36:07.939] Bot39 executed ROTATE_LEFT
[14:36:07.939] Bot39 moved forward to (3,3)
[14:36:07.939] Bot39 executed MOVE_FORWARD
[14:36:07.939] Starting turn for Bot20
[14:36:07.939] Starting turn for Bot39
[14:36:07.939] Bot39 rotated left to face EAST
[14:36:07.939] Bot39 executed ROTATE_LEFT
[14:36:07.939] Starting turn for Bot20
[14:36:07.939] Starting turn for Bot39
[14:36:07.939] Starting turn for Bot20
[14:36:07.939] Starting turn for Bot39
[14:36:07.939] Bot39 rotated left to face NORTH
[14:36:07.939] Bot39 executed ROTATE_LEFT
[14:36:07.939] Bot39 moved forward to (2,3)
[14:36:07.939] Bot39 executed MOVE_FORWARD
[14:36:07.939] Starting turn for Bot20
[14:36:07.939] Starting turn for Bot39
[14:36:07.939] Bot39 rotated left to face WEST
[14:36:07.939] Bot39 executed ROTATE_LEFT
[14:36:07.939] Bot39 rotated left to face SOUTH
[14:36:07.939] Bot39 executed ROTATE_LEFT
[14:36:07.939] Bot39 moved forward to (3,3)
[14:36:07.939] Bot39 executed MOVE_FORWARD
[14:36:07.939] Starting turn for Bot20
[14:36:07.939] Starting turn for Bot39
[14:36:07.939] Bot39 rotated left to face EAST
[14:36:07.939] Bot39 executed ROTATE_LEFT
[14:36:07.939] Starting turn for Bot20
[14:36:07.939] Starting turn for Bot39
[14:36:07.939] Starting turn for Bot20
[14:36:07.939] Stalemate detected: State repeated 10 times, unchanged for 3 turns
[14:36:07.939] Game Over! Stalemate detected!
[14:36:07.939] Stalemate detected: State repeated 10 times, unchanged for 3 turns
