[14:35:42.018] === Game Started at 2025-02-04_14-35-42 ===
[14:35:42.018] Game initialized with 2 players
[14:35:42.018] Board size: 10
[14:35:42.018] Obstacle density: 0.05
[14:35:42.018] Max turns: 1000
[14:35:42.018] Player Bot2 starting at position (0,0) facing NORTH
[14:35:42.018] Player Bot24 starting at position (9,9) facing SOUTH
[14:35:42.018] Obstacles at positions: (1,2) (3,1) (6,4) (7,8) (9,8)
[14:35:42.018] Starting turn for Bot2
[14:35:42.018] Bot2 rotated right to face EAST
[14:35:42.018] Bot2 executed ROTATE_RIGHT
[14:35:42.018] Bot2 moved forward to (0,1)
[14:35:42.018] Bot2 executed MOVE_FORWARD
[14:35:42.018] Starting turn for Bot24
[14:35:42.018] Bot24 rotated right to face WEST
[14:35:42.018] Bot24 executed ROTATE_RIGHT
[14:35:42.018] Starting turn for Bot2
[14:35:42.018] Bot2 rotated right to face SOUTH
[14:35:42.018] Bot2 executed ROTATE_RIGHT
[14:35:42.018] Bot2 moved forward to (1,1)
[14:35:42.018] Bot2 executed MOVE_FORWARD
[14:35:42.018] Starting turn for Bot24
[14:35:42.018] Starting turn for Bot2
[14:35:42.018] Bot2 rotated left to face EAST
[14:35:42.018] Bot2 executed ROTATE_LEFT
[14:35:42.018] Starting turn for Bot24
[14:35:42.018] Bot24 rotated right to face NORTH
[14:35:42.018] Bot24 executed ROTATE_RIGHT
[14:35:42.018] Bot24 moved forward to (8,9)
[14:35:42.018] Bot24 executed MOVE_FORWARD
[14:35:42.018] Starting turn for Bot2
[14:35:42.018] Starting turn for Bot24
[14:35:42.018] Bot24 rotated left to face WEST
[14:35:42.018] Bot24 executed ROTATE_LEFT
[14:35:42.018] Bot24 moved forward to (8,8)
[14:35:42.018] Bot24 executed MOVE_FORWARD
[14:35:42.018] Starting turn for Bot2
[14:35:42.018] Bot2 rotated left to face NORTH
[14:35:42.018] Bot2 executed ROTATE_LEFT
[14:35:42.018] Bot2 moved forward to (0,1)
[14:35:42.018] Bot2 executed MOVE_FORWARD
[14:35:42.018] Starting turn for Bot24
[14:35:42.018] Bot24 moved forward to (8,7)
[14:35:42.018] Bot24 executed MOVE_FORWARD
[14:35:42.018] Starting turn for Bot2
[14:35:42.018] Bot2 rotated left to face WEST
[14:35:42.018] Bot2 executed ROTATE_LEFT
[14:35:42.018] Bot2 rotated left to face SOUTH
[14:35:42.018] Bot2 executed ROTATE_LEFT
[14:35:42.018] Bot2 moved forward to (1,1)
[14:35:42.018] Bot2 executed MOVE_FORWARD
[14:35:42.018] Starting turn for Bot24
[14:35:42.018] Bot24 rotated right to face NORTH
[14:35:42.018] Bot24 executed ROTATE_RIGHT
[14:35:42.018] Bot24 moved forward to (7,7)
[14:35:42.018] Bot24 executed MOVE_FORWARD
[14:35:42.018] Starting turn for Bot2
[14:35:42.018] Bot2 rotated left to face EAST
[14:35:42.018] Bot2 executed ROTATE_LEFT
[14:35:42.018] Starting turn for Bot24
[14:35:42.018] Bot24 rotated left to face WEST
[14:35:42.018] Bot24 executed ROTATE_LEFT
[14:35:42.018] Bot24 moved forward to (7,6)
[14:35:42.018] Bot24 executed MOVE_FORWARD
[14:35:42.018] Starting turn for Bot2
[14:35:42.018] Starting turn for Bot24
[14:35:42.018] Bot24 rotated right to face NORTH
[14:35:42.018] Bot24 executed ROTATE_RIGHT
[14:35:42.018] Bot24 moved forward to (6,6)
[14:35:42.018] Bot24 executed MOVE_FORWARD
[14:35:42.018] Starting turn for Bot2
[14:35:42.018] Bot2 rotated left to face NORTH
[14:35:42.018] Bot2 executed ROTATE_LEFT
[14:35:42.018] Bot2 moved forward to (0,1)
[14:35:42.018] Bot2 executed MOVE_FORWARD
[14:35:42.018] Starting turn for Bot24
[14:35:42.018] Bot24 rotated left to face WEST
[14:35:42.018] Bot24 executed ROTATE_LEFT
[14:35:42.018] Bot24 moved forward to (6,5)
[14:35:42.018] Bot24 executed MOVE_FORWARD
[14:35:42.018] Starting turn for Bot2
[14:35:42.018] Bot2 rotated left to face WEST
[14:35:42.018] Bot2 executed ROTATE_LEFT
[14:35:42.018] Bot2 rotated left to face SOUTH
[14:35:42.018] Bot2 executed ROTATE_LEFT
[14:35:42.018] Bot2 moved forward to (1,1)
[14:35:42.018] Bot2 executed MOVE_FORWARD
[14:35:42.018] Starting turn for Bot24
[14:35:42.018] Bot24 rotated right to face NORTH
[14:35:42.018] Bot24 executed ROTATE_RIGHT
[14:35:42.018] Bot24 moved forward to (5,5)
[14:35:42.018] Bot24 executed MOVE_FORWARD
[14:35:42.018] Starting turn for Bot2
[14:35:42.018] Bot2 rotated left to face EAST
[14:35:42.018] Bot2 executed ROTATE_LEFT
[14:35:42.018] Starting turn for Bot24
[14:35:42.018] Starting turn for Bot2
[14:35:42.018] Starting turn for Bot24
[14:35:42.018] Starting turn for Bot2
[14:35:42.018] Bot2 rotated left to face NORTH
[14:35:42.018] Bot2 executed ROTATE_LEFT
[14:35:42.018] Bot2 moved forward to (0,1)
[14:35:42.018] Bot2 executed MOVE_FORWARD
[14:35:42.018] Starting turn for Bot24
[14:35:42.018] Starting turn for Bot2
[14:35:42.018] Bot2 rotated left to face WEST
[14:35:42.018] Bot2 executed ROTATE_LEFT
[14:35:42.019] Bot2 rotated left to face SOUTH
[14:35:42.019] Bot2 executed ROTATE_LEFT
[14:35:42.019] Bot2 moved forward to (1,1)
[14:35:42.019] Bot2 executed MOVE_FORWARD
[14:35:42.019] Starting turn for Bot24
[14:35:42.019] Starting turn for Bot2
[14:35:42.019] Bot2 rotated left to face EAST
[14:35:42.019] Bot2 executed ROTATE_LEFT
[14:35:42.019] Starting turn for Bot24
[14:35:42.019] Starting turn for Bot2
[14:35:42.019] Starting turn for Bot24
[14:35:42.019] Starting turn for Bot2
[14:35:42.019] Bot2 rotated left to face NORTH
[14:35:42.019] Bot2 executed ROTATE_LEFT
[14:35:42.019] Bot2 moved forward to (0,1)
[14:35:42.019] Bot2 executed MOVE_FORWARD
[14:35:42.019] Starting turn for Bot24
[14:35:42.019] Starting turn for Bot2
[14:35:42.019] Bot2 rotated left to face WEST
[14:35:42.019] Bot2 executed ROTATE_LEFT
[14:35:42.019] Bot2 rotated left to face SOUTH
[14:35:42.019] Bot2 executed ROTATE_LEFT
[14:35:42.019] Bot2 moved forward to (1,1)
[14:35:42.019] Bot2 executed MOVE_FORWARD
[14:35:42.019] Starting turn for Bot24
[14:35:42.019] Starting turn for Bot2
[14:35:42.019] Bot2 rotated left to face EAST
[14:35:42.019] Bot2 executed ROTATE_LEFT
[14:35:42.019] Starting turn for Bot24
[14:35:42.019] Starting turn for Bot2
[14:35:42.019] Starting turn for Bot24
[14:35:42.019] Stalemate detected: State repeated 10 times, unchanged for 3 turns
[14:35:42.019] Game Over! Stalemate detected!
[14:35:42.019] Stalemate detected: State repeated 10 times, unchanged for 3 turns
