[14:35:39.865] === Game Started at 2025-02-04_14-35-39 ===
[14:35:39.865] Game initialized with 2 players
[14:35:39.865] Board size: 10
[14:35:39.865] Obstacle density: 0.05
[14:35:39.865] Max turns: 1000
[14:35:39.865] Player Bot21 starting at position (0,0) facing EAST
[14:35:39.865] Player Bot1 starting at position (9,9) facing SOUTH
[14:35:39.865] Obstacles at positions: (0,2) (3,4) (5,5) (8,2) (8,9)
[14:35:39.865] Starting turn for Bot21
[14:35:39.865] Bot21 moved forward to (0,1)
[14:35:39.865] Bot21 executed MOVE_FORWARD
[14:35:39.865] Starting turn for Bot1
[14:35:39.865] Bot1 rotated right to face WEST
[14:35:39.865] Bot1 executed ROTATE_RIGHT
[14:35:39.865] Bot1 moved forward to (9,8)
[14:35:39.865] Bot1 executed MOVE_FORWARD
[14:35:39.865] Starting turn for Bot21
[14:35:39.865] Bot21 rotated right to face SOUTH
[14:35:39.865] Bot21 executed ROTATE_RIGHT
[14:35:39.865] Bot21 moved forward to (1,1)
[14:35:39.865] Bot21 executed MOVE_FORWARD
[14:35:39.865] Starting turn for Bot1
[14:35:39.865] Bot1 rotated right to face NORTH
[14:35:39.865] Bot1 executed ROTATE_RIGHT
[14:35:39.865] Bot1 moved forward to (8,8)
[14:35:39.865] Bot1 executed MOVE_FORWARD
[14:35:39.865] Starting turn for Bot21
[14:35:39.865] Bot21 rotated left to face EAST
[14:35:39.865] Bot21 executed ROTATE_LEFT
[14:35:39.865] Bot21 moved forward to (1,2)
[14:35:39.865] Bot21 executed MOVE_FORWARD
[14:35:39.865] Starting turn for Bot1
[14:35:39.865] Bot1 rotated left to face WEST
[14:35:39.865] Bot1 executed ROTATE_LEFT
[14:35:39.865] Bot1 moved forward to (8,7)
[14:35:39.865] Bot1 executed MOVE_FORWARD
[14:35:39.865] Starting turn for Bot21
[14:35:39.865] Bot21 rotated right to face SOUTH
[14:35:39.865] Bot21 executed ROTATE_RIGHT
[14:35:39.865] Bot21 moved forward to (2,2)
[14:35:39.865] Bot21 executed MOVE_FORWARD
[14:35:39.865] Starting turn for Bot1
[14:35:39.865] Bot1 rotated right to face NORTH
[14:35:39.865] Bot1 executed ROTATE_RIGHT
[14:35:39.865] Bot1 moved forward to (7,7)
[14:35:39.865] Bot1 executed MOVE_FORWARD
[14:35:39.865] Starting turn for Bot21
[14:35:39.865] Bot21 rotated left to face EAST
[14:35:39.865] Bot21 executed ROTATE_LEFT
[14:35:39.865] Bot21 moved forward to (2,3)
[14:35:39.865] Bot21 executed MOVE_FORWARD
[14:35:39.865] Starting turn for Bot1
[14:35:39.865] Bot1 rotated left to face WEST
[14:35:39.865] Bot1 executed ROTATE_LEFT
[14:35:39.865] Bot1 moved forward to (7,6)
[14:35:39.865] Bot1 executed MOVE_FORWARD
[14:35:39.865] Starting turn for Bot21
[14:35:39.865] Bot21 rotated right to face SOUTH
[14:35:39.865] Bot21 executed ROTATE_RIGHT
[14:35:39.865] Bot21 moved forward to (3,3)
[14:35:39.865] Bot21 executed MOVE_FORWARD
[14:35:39.865] Starting turn for Bot1
[14:35:39.865] Bot1 rotated right to face NORTH
[14:35:39.865] Bot1 executed ROTATE_RIGHT
[14:35:39.865] Bot1 moved forward to (6,6)
[14:35:39.865] Bot1 executed MOVE_FORWARD
[14:35:39.865] Starting turn for Bot21
[14:35:39.865] Bot21 rotated left to face EAST
[14:35:39.865] Bot21 executed ROTATE_LEFT
[14:35:39.865] Starting turn for Bot1
[14:35:39.865] Bot1 rotated left to face WEST
[14:35:39.865] Bot1 executed ROTATE_LEFT
[14:35:39.865] Bot1 moved forward to (6,5)
[14:35:39.865] Bot1 executed MOVE_FORWARD
[14:35:39.865] Starting turn for Bot21
[14:35:39.865] Starting turn for Bot1
[14:35:39.865] Bot1 rotated right to face NORTH
[14:35:39.865] Bot1 executed ROTATE_RIGHT
[14:35:39.865] Starting turn for Bot21
[14:35:39.865] Bot21 rotated left to face NORTH
[14:35:39.865] Bot21 executed ROTATE_LEFT
[14:35:39.865] Bot21 moved forward to (2,3)
[14:35:39.865] Bot21 executed MOVE_FORWARD
[14:35:39.865] Starting turn for Bot1
[14:35:39.865] Starting turn for Bot21
[14:35:39.865] Bot21 rotated left to face WEST
[14:35:39.865] Bot21 executed ROTATE_LEFT
[14:35:39.865] Bot21 rotated left to face SOUTH
[14:35:39.865] Bot21 executed ROTATE_LEFT
[14:35:39.865] Bot21 moved forward to (3,3)
[14:35:39.865] Bot21 executed MOVE_FORWARD
[14:35:39.865] Starting turn for Bot1
[14:35:39.865] Bot1 rotated right to face EAST
[14:35:39.865] Bot1 executed ROTATE_RIGHT
[14:35:39.865] Bot1 moved forward to (6,6)
[14:35:39.865] Bot1 executed MOVE_FORWARD
[14:35:39.865] Starting turn for Bot21
[14:35:39.865] Bot21 rotated left to face EAST
[14:35:39.865] Bot21 executed ROTATE_LEFT
[14:35:39.865] Starting turn for Bot1
[14:35:39.865] Bot1 rotated left to face NORTH
[14:35:39.865] Bot1 executed ROTATE_LEFT
[14:35:39.865] Bot1 rotated left to face WEST
[14:35:39.865] Bot1 executed ROTATE_LEFT
[14:35:39.865] Bot1 moved forward to (6,5)
[14:35:39.865] Bot1 executed MOVE_FORWARD
[14:35:39.865] Starting turn for Bot21
[14:35:39.865] Starting turn for Bot1
[14:35:39.865] Bot1 rotated right to face NORTH
[14:35:39.865] Bot1 executed ROTATE_RIGHT
[14:35:39.865] Starting turn for Bot21
[14:35:39.865] Bot21 rotated left to face NORTH
[14:35:39.865] Bot21 executed ROTATE_LEFT
[14:35:39.865] Bot21 moved forward to (2,3)
[14:35:39.865] Bot21 executed MOVE_FORWARD
[14:35:39.865] Starting turn for Bot1
[14:35:39.865] Starting turn for Bot21
[14:35:39.865] Bot21 rotated left to face WEST
[14:35:39.865] Bot21 executed ROTATE_LEFT
[14:35:39.865] Bot21 rotated left to face SOUTH
[14:35:39.865] Bot21 executed ROTATE_LEFT
[14:35:39.865] Bot21 moved forward to (3,3)
[14:35:39.865] Bot21 executed MOVE_FORWARD
[14:35:39.865] Starting turn for Bot1
[14:35:39.865] Bot1 rotated right to face EAST
[14:35:39.865] Bot1 executed ROTATE_RIGHT
[14:35:39.865] Bot1 moved forward to (6,6)
[14:35:39.865] Bot1 executed MOVE_FORWARD
[14:35:39.865] Starting turn for Bot21
[14:35:39.865] Bot21 rotated left to face EAST
[14:35:39.865] Bot21 executed ROTATE_LEFT
[14:35:39.865] Starting turn for Bot1
[14:35:39.865] Bot1 rotated left to face NORTH
[14:35:39.865] Bot1 executed ROTATE_LEFT
[14:35:39.865] Bot1 rotated left to face WEST
[14:35:39.865] Bot1 executed ROTATE_LEFT
[14:35:39.865] Bot1 moved forward to (6,5)
[14:35:39.865] Bot1 executed MOVE_FORWARD
[14:35:39.865] Starting turn for Bot21
[14:35:39.865] Starting turn for Bot1
[14:35:39.866] Bot1 rotated right to face NORTH
[14:35:39.866] Bot1 executed ROTATE_RIGHT
[14:35:39.866] Starting turn for Bot21
[14:35:39.866] Bot21 rotated left to face NORTH
[14:35:39.866] Bot21 executed ROTATE_LEFT
[14:35:39.866] Bot21 moved forward to (2,3)
[14:35:39.866] Bot21 executed MOVE_FORWARD
[14:35:39.866] Starting turn for Bot1
[14:35:39.866] Starting turn for Bot21
[14:35:39.866] Bot21 rotated left to face WEST
[14:35:39.866] Bot21 executed ROTATE_LEFT
[14:35:39.866] Bot21 rotated left to face SOUTH
[14:35:39.866] Bot21 executed ROTATE_LEFT
[14:35:39.866] Bot21 moved forward to (3,3)
[14:35:39.866] Bot21 executed MOVE_FORWARD
[14:35:39.866] Starting turn for Bot1
[14:35:39.866] Bot1 rotated right to face EAST
[14:35:39.866] Bot1 executed ROTATE_RIGHT
[14:35:39.866] Bot1 moved forward to (6,6)
[14:35:39.866] Bot1 executed MOVE_FORWARD
[14:35:39.866] Starting turn for Bot21
[14:35:39.866] Bot21 rotated left to face EAST
[14:35:39.866] Bot21 executed ROTATE_LEFT
[14:35:39.866] Starting turn for Bot1
[14:35:39.866] Bot1 rotated left to face NORTH
[14:35:39.866] Bot1 executed ROTATE_LEFT
[14:35:39.866] Bot1 rotated left to face WEST
[14:35:39.866] Bot1 executed ROTATE_LEFT
[14:35:39.866] Bot1 moved forward to (6,5)
[14:35:39.866] Bot1 executed MOVE_FORWARD
[14:35:39.866] Starting turn for Bot21
[14:35:39.866] Starting turn for Bot1
[14:35:39.866] Bot1 rotated right to face NORTH
[14:35:39.866] Bot1 executed ROTATE_RIGHT
[14:35:39.866] Starting turn for Bot21
[14:35:39.866] Bot21 rotated left to face NORTH
[14:35:39.866] Bot21 executed ROTATE_LEFT
[14:35:39.866] Bot21 moved forward to (2,3)
[14:35:39.866] Bot21 executed MOVE_FORWARD
[14:35:39.866] Starting turn for Bot1
[14:35:39.866] Starting turn for Bot21
[14:35:39.866] Bot21 rotated left to face WEST
[14:35:39.866] Bot21 executed ROTATE_LEFT
[14:35:39.866] Bot21 rotated left to face SOUTH
[14:35:39.866] Bot21 executed ROTATE_LEFT
[14:35:39.866] Bot21 moved forward to (3,3)
[14:35:39.866] Bot21 executed MOVE_FORWARD
[14:35:39.866] Starting turn for Bot1
[14:35:39.866] Bot1 rotated right to face EAST
[14:35:39.866] Bot1 executed ROTATE_RIGHT
[14:35:39.866] Bot1 moved forward to (6,6)
[14:35:39.866] Bot1 executed MOVE_FORWARD
[14:35:39.866] Starting turn for Bot21
[14:35:39.866] Bot21 rotated left to face EAST
[14:35:39.866] Bot21 executed ROTATE_LEFT
[14:35:39.866] Starting turn for Bot1
[14:35:39.866] Bot1 rotated left to face NORTH
[14:35:39.866] Bot1 executed ROTATE_LEFT
[14:35:39.866] Bot1 rotated left to face WEST
[14:35:39.866] Bot1 executed ROTATE_LEFT
[14:35:39.866] Bot1 moved forward to (6,5)
[14:35:39.866] Bot1 executed MOVE_FORWARD
[14:35:39.866] Starting turn for Bot21
[14:35:39.866] Starting turn for Bot1
[14:35:39.866] Stalemate detected: State repeated 10 times, unchanged for 2 turns
[14:35:39.866] Game Over! Stalemate detected!
[14:35:39.866] Stalemate detected: State repeated 10 times, unchanged for 2 turns
