[14:36:09.169] === Game Started at 2025-02-04_14-36-09 ===
[14:36:09.169] Game initialized with 2 players
[14:36:09.169] Board size: 10
[14:36:09.169] Obstacle density: 0.05
[14:36:09.169] Max turns: 1000
[14:36:09.169] Player Bot33 starting at position (0,0) facing EAST
[14:36:09.169] Player Bot22 starting at position (9,9) facing SOUTH
[14:36:09.169] Obstacles at positions: (0,1) (2,7) (6,0) (6,2) (7,4)
[14:36:09.169] Starting turn for Bot33
[14:36:09.169] Starting turn for Bot22
[14:36:09.169] Bot22 rotated right to face WEST
[14:36:09.169] Bot22 executed ROTATE_RIGHT
[14:36:09.169] Bot22 moved forward to (9,8)
[14:36:09.169] Bot22 executed MOVE_FORWARD
[14:36:09.169] Starting turn for Bot33
[14:36:09.169] Bot33 rotated right to face SOUTH
[14:36:09.169] Bot33 executed ROTATE_RIGHT
[14:36:09.169] Bot33 moved forward to (1,0)
[14:36:09.169] Bot33 executed MOVE_FORWARD
[14:36:09.169] Starting turn for Bot22
[14:36:09.169] Bot22 rotated right to face NORTH
[14:36:09.169] Bot22 executed ROTATE_RIGHT
[14:36:09.169] Bot22 moved forward to (8,8)
[14:36:09.169] Bot22 executed MOVE_FORWARD
[14:36:09.169] Starting turn for Bot33
[14:36:09.169] Bot33 rotated left to face EAST
[14:36:09.169] Bot33 executed ROTATE_LEFT
[14:36:09.169] Bot33 moved forward to (1,1)
[14:36:09.169] Bot33 executed MOVE_FORWARD
[14:36:09.169] Starting turn for Bot22
[14:36:09.169] Bot22 rotated left to face WEST
[14:36:09.169] Bot22 executed ROTATE_LEFT
[14:36:09.169] Bot22 moved forward to (8,7)
[14:36:09.169] Bot22 executed MOVE_FORWARD
[14:36:09.169] Starting turn for Bot33
[14:36:09.169] Bot33 moved forward to (1,2)
[14:36:09.169] Bot33 executed MOVE_FORWARD
[14:36:09.169] Starting turn for Bot22
[14:36:09.169] Bot22 rotated right to face NORTH
[14:36:09.169] Bot22 executed ROTATE_RIGHT
[14:36:09.169] Bot22 moved forward to (7,7)
[14:36:09.169] Bot22 executed MOVE_FORWARD
[14:36:09.169] Starting turn for Bot33
[14:36:09.169] Bot33 rotated right to face SOUTH
[14:36:09.169] Bot33 executed ROTATE_RIGHT
[14:36:09.169] Bot33 moved forward to (2,2)
[14:36:09.169] Bot33 executed MOVE_FORWARD
[14:36:09.169] Starting turn for Bot22
[14:36:09.169] Bot22 rotated left to face WEST
[14:36:09.169] Bot22 executed ROTATE_LEFT
[14:36:09.169] Bot22 moved forward to (7,6)
[14:36:09.169] Bot22 executed MOVE_FORWARD
[14:36:09.169] Starting turn for Bot33
[14:36:09.169] Bot33 rotated left to face EAST
[14:36:09.169] Bot33 executed ROTATE_LEFT
[14:36:09.169] Bot33 moved forward to (2,3)
[14:36:09.169] Bot33 executed MOVE_FORWARD
[14:36:09.169] Starting turn for Bot22
[14:36:09.169] Bot22 rotated right to face NORTH
[14:36:09.169] Bot22 executed ROTATE_RIGHT
[14:36:09.169] Bot22 moved forward to (6,6)
[14:36:09.169] Bot22 executed MOVE_FORWARD
[14:36:09.169] Starting turn for Bot33
[14:36:09.169] Bot33 rotated right to face SOUTH
[14:36:09.169] Bot33 executed ROTATE_RIGHT
[14:36:09.169] Bot33 moved forward to (3,3)
[14:36:09.169] Bot33 executed MOVE_FORWARD
[14:36:09.169] Starting turn for Bot22
[14:36:09.169] Bot22 rotated left to face WEST
[14:36:09.169] Bot22 executed ROTATE_LEFT
[14:36:09.169] Bot22 moved forward to (6,5)
[14:36:09.169] Bot22 executed MOVE_FORWARD
[14:36:09.169] Starting turn for Bot33
[14:36:09.169] Bot33 rotated left to face EAST
[14:36:09.169] Bot33 executed ROTATE_LEFT
[14:36:09.169] Bot33 moved forward to (3,4)
[14:36:09.169] Bot33 executed MOVE_FORWARD
[14:36:09.169] Starting turn for Bot22
[14:36:09.169] Bot22 rotated right to face NORTH
[14:36:09.169] Bot22 executed ROTATE_RIGHT
[14:36:09.169] Bot22 moved forward to (5,5)
[14:36:09.169] Bot22 executed MOVE_FORWARD
[14:36:09.169] Starting turn for Bot33
[14:36:09.169] Bot33 rotated right to face SOUTH
[14:36:09.169] Bot33 executed ROTATE_RIGHT
[14:36:09.169] Bot33 moved forward to (4,4)
[14:36:09.169] Bot33 executed MOVE_FORWARD
[14:36:09.169] Starting turn for Bot22
[14:36:09.169] Starting turn for Bot33
[14:36:09.169] Bot33 rotated left to face EAST
[14:36:09.169] Bot33 executed ROTATE_LEFT
[14:36:09.169] Bot33 moved forward to (4,5)
[14:36:09.169] Bot33 executed MOVE_FORWARD
[14:36:09.169] Starting turn for Bot22
[14:36:09.169] Bot22 shooting in direction NORTH
[14:36:09.169] Bot22 hit Bot33 for 25 damage (health: 100 -> 75)
[14:36:09.169] Bot22 executed SHOOT
[14:36:09.169] Starting turn for Bot33
[14:36:09.169] Bot33 rotated right to face SOUTH
[14:36:09.169] Bot33 executed ROTATE_RIGHT
[14:36:09.169] Starting turn for Bot22
[14:36:09.169] Bot22 shooting in direction NORTH
[14:36:09.169] Bot22 hit Bot33 for 25 damage (health: 75 -> 50)
[14:36:09.169] Bot22 executed SHOOT
[14:36:09.169] Starting turn for Bot33
[14:36:09.169] Bot33 shooting in direction SOUTH
[14:36:09.169] Bot33 hit Bot22 for 25 damage (health: 100 -> 75)
[14:36:09.169] Bot33 executed SHOOT
[14:36:09.169] Starting turn for Bot22
[14:36:09.169] Bot22 shooting in direction NORTH
[14:36:09.169] Bot22 hit Bot33 for 25 damage (health: 50 -> 25)
[14:36:09.169] Bot22 executed SHOOT
[14:36:09.169] Starting turn for Bot33
[14:36:09.169] Bot33 shooting in direction SOUTH
[14:36:09.169] Bot33 hit Bot22 for 25 damage (health: 75 -> 50)
[14:36:09.169] Bot33 executed SHOOT
[14:36:09.169] Starting turn for Bot22
[14:36:09.169] Bot22 shooting in direction NORTH
[14:36:09.169] Bot22 hit Bot33 for 25 damage (health: 25 -> 0)
[14:36:09.169] Bot33 was destroyed!
[14:36:09.169] Bot22 is the last tank standing!
[14:36:09.169] Bot22 executed SHOOT
[14:36:09.169] Game Over! Bot22 wins!
[14:36:09.169] === Game Ended ===
