[14:35:45.156] === Game Started at 2025-02-04_14-35-45 ===
[14:35:45.156] Game initialized with 2 players
[14:35:45.156] Board size: 10
[14:35:45.156] Obstacle density: 0.05
[14:35:45.156] Max turns: 1000
[14:35:45.156] Player Bot4 starting at position (0,0) facing EAST
[14:35:45.156] Player Bot8 starting at position (9,9) facing SOUTH
[14:35:45.156] Obstacles at positions: (3,0) (8,1) (8,8) (9,2) (9,4)
[14:35:45.156] Starting turn for Bot4
[14:35:45.156] Bot4 moved forward to (0,1)
[14:35:45.156] Bot4 executed MOVE_FORWARD
[14:35:45.156] Starting turn for Bot8
[14:35:45.157] Bot8 rotated right to face WEST
[14:35:45.157] Bot8 executed ROTATE_RIGHT
[14:35:45.157] Bot8 moved forward to (9,8)
[14:35:45.157] Bot8 executed MOVE_FORWARD
[14:35:45.157] Starting turn for Bot4
[14:35:45.157] Bot4 rotated right to face SOUTH
[14:35:45.157] Bot4 executed ROTATE_RIGHT
[14:35:45.157] Bot4 moved forward to (1,1)
[14:35:45.157] Bot4 executed MOVE_FORWARD
[14:35:45.157] Starting turn for Bot8
[14:35:45.157] Bot8 rotated right to face NORTH
[14:35:45.157] Bot8 executed ROTATE_RIGHT
[14:35:45.157] Starting turn for Bot4
[14:35:45.157] Bot4 rotated left to face EAST
[14:35:45.157] Bot4 executed ROTATE_LEFT
[14:35:45.157] Bot4 moved forward to (1,2)
[14:35:45.157] Bot4 executed MOVE_FORWARD
[14:35:45.157] Starting turn for Bot8
[14:35:45.157] Starting turn for Bot4
[14:35:45.157] Bot4 rotated right to face SOUTH
[14:35:45.157] Bot4 executed ROTATE_RIGHT
[14:35:45.157] Bot4 moved forward to (2,2)
[14:35:45.157] Bot4 executed MOVE_FORWARD
[14:35:45.157] Starting turn for Bot8
[14:35:45.157] Bot8 rotated right to face EAST
[14:35:45.157] Bot8 executed ROTATE_RIGHT
[14:35:45.157] Bot8 moved forward to (9,9)
[14:35:45.157] Bot8 executed MOVE_FORWARD
[14:35:45.157] Starting turn for Bot4
[14:35:45.157] Bot4 rotated left to face EAST
[14:35:45.157] Bot4 executed ROTATE_LEFT
[14:35:45.157] Bot4 moved forward to (2,3)
[14:35:45.157] Bot4 executed MOVE_FORWARD
[14:35:45.157] Starting turn for Bot8
[14:35:45.157] Bot8 rotated left to face NORTH
[14:35:45.157] Bot8 executed ROTATE_LEFT
[14:35:45.157] Bot8 rotated left to face WEST
[14:35:45.157] Bot8 executed ROTATE_LEFT
[14:35:45.157] Bot8 moved forward to (9,8)
[14:35:45.157] Bot8 executed MOVE_FORWARD
[14:35:45.157] Starting turn for Bot4
[14:35:45.157] Bot4 rotated right to face SOUTH
[14:35:45.157] Bot4 executed ROTATE_RIGHT
[14:35:45.157] Bot4 moved forward to (3,3)
[14:35:45.157] Bot4 executed MOVE_FORWARD
[14:35:45.157] Starting turn for Bot8
[14:35:45.157] Bot8 rotated right to face NORTH
[14:35:45.157] Bot8 executed ROTATE_RIGHT
[14:35:45.157] Starting turn for Bot4
[14:35:45.157] Bot4 rotated left to face EAST
[14:35:45.157] Bot4 executed ROTATE_LEFT
[14:35:45.157] Bot4 moved forward to (3,4)
[14:35:45.157] Bot4 executed MOVE_FORWARD
[14:35:45.157] Starting turn for Bot8
[14:35:45.157] Starting turn for Bot4
[14:35:45.157] Bot4 rotated right to face SOUTH
[14:35:45.157] Bot4 executed ROTATE_RIGHT
[14:35:45.157] Bot4 moved forward to (4,4)
[14:35:45.157] Bot4 executed MOVE_FORWARD
[14:35:45.157] Starting turn for Bot8
[14:35:45.157] Bot8 rotated right to face EAST
[14:35:45.157] Bot8 executed ROTATE_RIGHT
[14:35:45.157] Bot8 moved forward to (9,9)
[14:35:45.157] Bot8 executed MOVE_FORWARD
[14:35:45.157] Starting turn for Bot4
[14:35:45.157] Bot4 rotated left to face EAST
[14:35:45.157] Bot4 executed ROTATE_LEFT
[14:35:45.157] Bot4 moved forward to (4,5)
[14:35:45.157] Bot4 executed MOVE_FORWARD
[14:35:45.157] Starting turn for Bot8
[14:35:45.157] Bot8 rotated left to face NORTH
[14:35:45.157] Bot8 executed ROTATE_LEFT
[14:35:45.157] Bot8 rotated left to face WEST
[14:35:45.157] Bot8 executed ROTATE_LEFT
[14:35:45.157] Bot8 moved forward to (9,8)
[14:35:45.157] Bot8 executed MOVE_FORWARD
[14:35:45.157] Starting turn for Bot4
[14:35:45.157] Bot4 rotated right to face SOUTH
[14:35:45.157] Bot4 executed ROTATE_RIGHT
[14:35:45.157] Bot4 moved forward to (5,5)
[14:35:45.157] Bot4 executed MOVE_FORWARD
[14:35:45.157] Starting turn for Bot8
[14:35:45.157] Bot8 rotated right to face NORTH
[14:35:45.157] Bot8 executed ROTATE_RIGHT
[14:35:45.157] Starting turn for Bot4
[14:35:45.157] Starting turn for Bot8
[14:35:45.157] Starting turn for Bot4
[14:35:45.157] Starting turn for Bot8
[14:35:45.157] Bot8 rotated right to face EAST
[14:35:45.157] Bot8 executed ROTATE_RIGHT
[14:35:45.157] Bot8 moved forward to (9,9)
[14:35:45.157] Bot8 executed MOVE_FORWARD
[14:35:45.157] Starting turn for Bot4
[14:35:45.157] Starting turn for Bot8
[14:35:45.157] Bot8 rotated left to face NORTH
[14:35:45.157] Bot8 executed ROTATE_LEFT
[14:35:45.157] Bot8 rotated left to face WEST
[14:35:45.157] Bot8 executed ROTATE_LEFT
[14:35:45.157] Bot8 moved forward to (9,8)
[14:35:45.157] Bot8 executed MOVE_FORWARD
[14:35:45.157] Starting turn for Bot4
[14:35:45.157] Starting turn for Bot8
[14:35:45.157] Bot8 rotated right to face NORTH
[14:35:45.157] Bot8 executed ROTATE_RIGHT
[14:35:45.157] Starting turn for Bot4
[14:35:45.157] Starting turn for Bot8
[14:35:45.157] Starting turn for Bot4
[14:35:45.157] Starting turn for Bot8
[14:35:45.157] Bot8 rotated right to face EAST
[14:35:45.157] Bot8 executed ROTATE_RIGHT
[14:35:45.157] Bot8 moved forward to (9,9)
[14:35:45.157] Bot8 executed MOVE_FORWARD
[14:35:45.157] Starting turn for Bot4
[14:35:45.157] Starting turn for Bot8
[14:35:45.157] Bot8 rotated left to face NORTH
[14:35:45.157] Bot8 executed ROTATE_LEFT
[14:35:45.157] Bot8 rotated left to face WEST
[14:35:45.157] Bot8 executed ROTATE_LEFT
[14:35:45.157] Bot8 moved forward to (9,8)
[14:35:45.157] Bot8 executed MOVE_FORWARD
[14:35:45.157] Starting turn for Bot4
[14:35:45.157] Starting turn for Bot8
[14:35:45.157] Bot8 rotated right to face NORTH
[14:35:45.157] Bot8 executed ROTATE_RIGHT
[14:35:45.157] Starting turn for Bot4
[14:35:45.157] Starting turn for Bot8
[14:35:45.157] Starting turn for Bot4
[14:35:45.157] Starting turn for Bot8
[14:35:45.157] Stalemate detected: State repeated 10 times, unchanged for 2 turns
[14:35:45.157] Game Over! Stalemate detected!
[14:35:45.157] Stalemate detected: State repeated 10 times, unchanged for 2 turns
