[14:35:48.345] === Game Started at 2025-02-04_14-35-48 ===
[14:35:48.345] Game initialized with 2 players
[14:35:48.345] Board size: 10
[14:35:48.345] Obstacle density: 0.05
[14:35:48.345] Max turns: 1000
[14:35:48.345] Player Bot5 starting at position (0,0) facing WEST
[14:35:48.345] Player Bot27 starting at position (9,9) facing SOUTH
[14:35:48.345] Obstacles at positions: (4,8) (5,5) (6,9) (7,9) (8,5)
[14:35:48.345] Starting turn for Bot5
[14:35:48.345] Bot5 rotated left to face SOUTH
[14:35:48.345] Bot5 executed ROTATE_LEFT
[14:35:48.345] Bot5 rotated left to face EAST
[14:35:48.345] Bot5 executed ROTATE_LEFT
[14:35:48.345] Bot5 moved forward to (0,1)
[14:35:48.345] Bot5 executed MOVE_FORWARD
[14:35:48.345] Starting turn for Bot27
[14:35:48.345] Bot27 rotated right to face WEST
[14:35:48.345] Bot27 executed ROTATE_RIGHT
[14:35:48.345] Bot27 moved forward to (9,8)
[14:35:48.345] Bot27 executed MOVE_FORWARD
[14:35:48.345] Starting turn for Bot5
[14:35:48.345] Bot5 rotated right to face SOUTH
[14:35:48.345] Bot5 executed ROTATE_RIGHT
[14:35:48.345] Bot5 moved forward to (1,1)
[14:35:48.345] Bot5 executed MOVE_FORWARD
[14:35:48.345] Starting turn for Bot27
[14:35:48.345] Bot27 rotated right to face NORTH
[14:35:48.345] Bot27 executed ROTATE_RIGHT
[14:35:48.345] Bot27 moved forward to (8,8)
[14:35:48.345] Bot27 executed MOVE_FORWARD
[14:35:48.345] Starting turn for Bot5
[14:35:48.345] Bot5 rotated left to face EAST
[14:35:48.345] Bot5 executed ROTATE_LEFT
[14:35:48.345] Bot5 moved forward to (1,2)
[14:35:48.345] Bot5 executed MOVE_FORWARD
[14:35:48.345] Starting turn for Bot27
[14:35:48.345] Bot27 rotated left to face WEST
[14:35:48.345] Bot27 executed ROTATE_LEFT
[14:35:48.345] Bot27 moved forward to (8,7)
[14:35:48.345] Bot27 executed MOVE_FORWARD
[14:35:48.345] Starting turn for Bot5
[14:35:48.345] Bot5 rotated right to face SOUTH
[14:35:48.345] Bot5 executed ROTATE_RIGHT
[14:35:48.345] Bot5 moved forward to (2,2)
[14:35:48.345] Bot5 executed MOVE_FORWARD
[14:35:48.345] Starting turn for Bot27
[14:35:48.345] Bot27 rotated right to face NORTH
[14:35:48.345] Bot27 executed ROTATE_RIGHT
[14:35:48.345] Bot27 moved forward to (7,7)
[14:35:48.345] Bot27 executed MOVE_FORWARD
[14:35:48.345] Starting turn for Bot5
[14:35:48.345] Bot5 rotated left to face EAST
[14:35:48.345] Bot5 executed ROTATE_LEFT
[14:35:48.345] Bot5 moved forward to (2,3)
[14:35:48.345] Bot5 executed MOVE_FORWARD
[14:35:48.345] Starting turn for Bot27
[14:35:48.345] Bot27 rotated left to face WEST
[14:35:48.345] Bot27 executed ROTATE_LEFT
[14:35:48.345] Bot27 moved forward to (7,6)
[14:35:48.345] Bot27 executed MOVE_FORWARD
[14:35:48.345] Starting turn for Bot5
[14:35:48.345] Bot5 rotated right to face SOUTH
[14:35:48.345] Bot5 executed ROTATE_RIGHT
[14:35:48.345] Bot5 moved forward to (3,3)
[14:35:48.345] Bot5 executed MOVE_FORWARD
[14:35:48.345] Starting turn for Bot27
[14:35:48.345] Bot27 rotated right to face NORTH
[14:35:48.345] Bot27 executed ROTATE_RIGHT
[14:35:48.345] Bot27 moved forward to (6,6)
[14:35:48.345] Bot27 executed MOVE_FORWARD
[14:35:48.345] Starting turn for Bot5
[14:35:48.345] Bot5 rotated left to face EAST
[14:35:48.345] Bot5 executed ROTATE_LEFT
[14:35:48.345] Bot5 moved forward to (3,4)
[14:35:48.345] Bot5 executed MOVE_FORWARD
[14:35:48.345] Starting turn for Bot27
[14:35:48.345] Bot27 rotated left to face WEST
[14:35:48.345] Bot27 executed ROTATE_LEFT
[14:35:48.345] Bot27 moved forward to (6,5)
[14:35:48.345] Bot27 executed MOVE_FORWARD
[14:35:48.345] Starting turn for Bot5
[14:35:48.345] Bot5 rotated right to face SOUTH
[14:35:48.345] Bot5 executed ROTATE_RIGHT
[14:35:48.345] Bot5 moved forward to (4,4)
[14:35:48.345] Bot5 executed MOVE_FORWARD
[14:35:48.345] Starting turn for Bot27
[14:35:48.345] Bot27 rotated right to face NORTH
[14:35:48.345] Bot27 executed ROTATE_RIGHT
[14:35:48.345] Starting turn for Bot5
[14:35:48.345] Bot5 rotated left to face EAST
[14:35:48.345] Bot5 executed ROTATE_LEFT
[14:35:48.345] Bot5 moved forward to (4,5)
[14:35:48.345] Bot5 executed MOVE_FORWARD
[14:35:48.345] Starting turn for Bot27
[14:35:48.345] Starting turn for Bot5
[14:35:48.345] Bot5 rotated right to face SOUTH
[14:35:48.345] Bot5 executed ROTATE_RIGHT
[14:35:48.345] Starting turn for Bot27
[14:35:48.345] Bot27 rotated right to face EAST
[14:35:48.345] Bot27 executed ROTATE_RIGHT
[14:35:48.345] Bot27 moved forward to (6,6)
[14:35:48.345] Bot27 executed MOVE_FORWARD
[14:35:48.345] Starting turn for Bot5
[14:35:48.345] Starting turn for Bot27
[14:35:48.345] Bot27 rotated left to face NORTH
[14:35:48.345] Bot27 executed ROTATE_LEFT
[14:35:48.345] Bot27 rotated left to face WEST
[14:35:48.345] Bot27 executed ROTATE_LEFT
[14:35:48.345] Bot27 moved forward to (6,5)
[14:35:48.345] Bot27 executed MOVE_FORWARD
[14:35:48.345] Starting turn for Bot5
[14:35:48.345] Bot5 rotated left to face EAST
[14:35:48.345] Bot5 executed ROTATE_LEFT
[14:35:48.345] Bot5 rotated left to face NORTH
[14:35:48.345] Bot5 executed ROTATE_LEFT
[14:35:48.345] Bot5 moved forward to (3,5)
[14:35:48.345] Bot5 executed MOVE_FORWARD
[14:35:48.345] Starting turn for Bot27
[14:35:48.345] Bot27 rotated right to face NORTH
[14:35:48.345] Bot27 executed ROTATE_RIGHT
[14:35:48.345] Starting turn for Bot5
[14:35:48.345] Bot5 rotated left to face WEST
[14:35:48.345] Bot5 executed ROTATE_LEFT
[14:35:48.345] Bot5 rotated left to face SOUTH
[14:35:48.345] Bot5 executed ROTATE_LEFT
[14:35:48.345] Bot5 moved forward to (4,5)
[14:35:48.345] Bot5 executed MOVE_FORWARD
[14:35:48.345] Starting turn for Bot27
[14:35:48.345] Starting turn for Bot5
[14:35:48.345] Starting turn for Bot27
[14:35:48.345] Bot27 rotated right to face EAST
[14:35:48.345] Bot27 executed ROTATE_RIGHT
[14:35:48.345] Bot27 moved forward to (6,6)
[14:35:48.345] Bot27 executed MOVE_FORWARD
[14:35:48.345] Starting turn for Bot5
[14:35:48.345] Starting turn for Bot27
[14:35:48.345] Bot27 rotated left to face NORTH
[14:35:48.345] Bot27 executed ROTATE_LEFT
[14:35:48.345] Bot27 rotated left to face WEST
[14:35:48.345] Bot27 executed ROTATE_LEFT
[14:35:48.345] Bot27 moved forward to (6,5)
[14:35:48.345] Bot27 executed MOVE_FORWARD
[14:35:48.345] Starting turn for Bot5
[14:35:48.345] Bot5 rotated left to face EAST
[14:35:48.345] Bot5 executed ROTATE_LEFT
[14:35:48.345] Bot5 rotated left to face NORTH
[14:35:48.345] Bot5 executed ROTATE_LEFT
[14:35:48.345] Bot5 moved forward to (3,5)
[14:35:48.345] Bot5 executed MOVE_FORWARD
[14:35:48.345] Starting turn for Bot27
[14:35:48.345] Bot27 rotated right to face NORTH
[14:35:48.345] Bot27 executed ROTATE_RIGHT
[14:35:48.345] Starting turn for Bot5
[14:35:48.345] Bot5 rotated left to face WEST
[14:35:48.345] Bot5 executed ROTATE_LEFT
[14:35:48.345] Bot5 rotated left to face SOUTH
[14:35:48.345] Bot5 executed ROTATE_LEFT
[14:35:48.345] Bot5 moved forward to (4,5)
[14:35:48.345] Bot5 executed MOVE_FORWARD
[14:35:48.345] Starting turn for Bot27
[14:35:48.345] Starting turn for Bot5
[14:35:48.345] Starting turn for Bot27
[14:35:48.345] Bot27 rotated right to face EAST
[14:35:48.345] Bot27 executed ROTATE_RIGHT
[14:35:48.345] Bot27 moved forward to (6,6)
[14:35:48.345] Bot27 executed MOVE_FORWARD
[14:35:48.345] Starting turn for Bot5
[14:35:48.345] Starting turn for Bot27
[14:35:48.345] Bot27 rotated left to face NORTH
[14:35:48.345] Bot27 executed ROTATE_LEFT
[14:35:48.345] Bot27 rotated left to face WEST
[14:35:48.345] Bot27 executed ROTATE_LEFT
[14:35:48.345] Bot27 moved forward to (6,5)
[14:35:48.345] Bot27 executed MOVE_FORWARD
[14:35:48.345] Starting turn for Bot5
[14:35:48.345] Bot5 rotated left to face EAST
[14:35:48.345] Bot5 executed ROTATE_LEFT
[14:35:48.345] Bot5 rotated left to face NORTH
[14:35:48.345] Bot5 executed ROTATE_LEFT
[14:35:48.345] Bot5 moved forward to (3,5)
[14:35:48.345] Bot5 executed MOVE_FORWARD
[14:35:48.345] Starting turn for Bot27
[14:35:48.345] Bot27 rotated right to face NORTH
[14:35:48.345] Bot27 executed ROTATE_RIGHT
[14:35:48.345] Starting turn for Bot5
[14:35:48.345] Bot5 rotated left to face WEST
[14:35:48.345] Bot5 executed ROTATE_LEFT
[14:35:48.345] Bot5 rotated left to face SOUTH
[14:35:48.345] Bot5 executed ROTATE_LEFT
[14:35:48.345] Bot5 moved forward to (4,5)
[14:35:48.345] Bot5 executed MOVE_FORWARD
[14:35:48.345] Starting turn for Bot27
[14:35:48.345] Starting turn for Bot5
[14:35:48.345] Starting turn for Bot27
[14:35:48.345] Stalemate detected: State repeated 10 times, unchanged for 1 turns
[14:35:48.345] Game Over! Stalemate detected!
[14:35:48.345] Stalemate detected: State repeated 10 times, unchanged for 1 turns
