[14:35:44.962] === Game Started at 2025-02-04_14-35-44 ===
[14:35:44.963] Game initialized with 2 players
[14:35:44.963] Board size: 10
[14:35:44.963] Obstacle density: 0.05
[14:35:44.963] Max turns: 1000
[14:35:44.963] Player Bot39 starting at position (0,0) facing SOUTH
[14:35:44.963] Player Bot3 starting at position (9,9) facing EAST
[14:35:44.963] Obstacles at positions: (0,6) (1,1) (1,2) (3,5) (9,8)
[14:35:44.963] Starting turn for Bot39
[14:35:44.963] Bot39 rotated left to face EAST
[14:35:44.963] Bot39 executed ROTATE_LEFT
[14:35:44.963] Bot39 moved forward to (0,1)
[14:35:44.963] Bot39 executed MOVE_FORWARD
[14:35:44.963] Starting turn for Bot3
[14:35:44.963] Bot3 rotated left to face NORTH
[14:35:44.963] Bot3 executed ROTATE_LEFT
[14:35:44.963] Bot3 rotated left to face WEST
[14:35:44.963] Bot3 executed ROTATE_LEFT
[14:35:44.963] Starting turn for Bot39
[14:35:44.963] Bot39 rotated right to face SOUTH
[14:35:44.963] Bot39 executed ROTATE_RIGHT
[14:35:44.963] Starting turn for Bot3
[14:35:44.963] Starting turn for Bot39
[14:35:44.963] Starting turn for Bot3
[14:35:44.963] Bot3 rotated right to face NORTH
[14:35:44.963] Bot3 executed ROTATE_RIGHT
[14:35:44.963] Bot3 moved forward to (8,9)
[14:35:44.963] Bot3 executed MOVE_FORWARD
[14:35:44.963] Starting turn for Bot39
[14:35:44.963] Bot39 rotated left to face EAST
[14:35:44.963] Bot39 executed ROTATE_LEFT
[14:35:44.963] Bot39 moved forward to (0,2)
[14:35:44.963] Bot39 executed MOVE_FORWARD
[14:35:44.963] Starting turn for Bot3
[14:35:44.963] Bot3 rotated left to face WEST
[14:35:44.963] Bot3 executed ROTATE_LEFT
[14:35:44.963] Bot3 moved forward to (8,8)
[14:35:44.963] Bot3 executed MOVE_FORWARD
[14:35:44.963] Starting turn for Bot39
[14:35:44.963] Bot39 moved forward to (0,3)
[14:35:44.963] Bot39 executed MOVE_FORWARD
[14:35:44.963] Starting turn for Bot3
[14:35:44.963] Bot3 moved forward to (8,7)
[14:35:44.963] Bot3 executed MOVE_FORWARD
[14:35:44.963] Starting turn for Bot39
[14:35:44.963] Bot39 rotated right to face SOUTH
[14:35:44.963] Bot39 executed ROTATE_RIGHT
[14:35:44.963] Bot39 moved forward to (1,3)
[14:35:44.963] Bot39 executed MOVE_FORWARD
[14:35:44.963] Starting turn for Bot3
[14:35:44.963] Bot3 rotated right to face NORTH
[14:35:44.963] Bot3 executed ROTATE_RIGHT
[14:35:44.963] Bot3 moved forward to (7,7)
[14:35:44.963] Bot3 executed MOVE_FORWARD
[14:35:44.963] Starting turn for Bot39
[14:35:44.963] Bot39 moved forward to (2,3)
[14:35:44.963] Bot39 executed MOVE_FORWARD
[14:35:44.963] Starting turn for Bot3
[14:35:44.963] Bot3 rotated left to face WEST
[14:35:44.963] Bot3 executed ROTATE_LEFT
[14:35:44.963] Bot3 moved forward to (7,6)
[14:35:44.963] Bot3 executed MOVE_FORWARD
[14:35:44.963] Starting turn for Bot39
[14:35:44.963] Bot39 moved forward to (3,3)
[14:35:44.963] Bot39 executed MOVE_FORWARD
[14:35:44.963] Starting turn for Bot3
[14:35:44.963] Bot3 rotated right to face NORTH
[14:35:44.963] Bot3 executed ROTATE_RIGHT
[14:35:44.963] Bot3 moved forward to (6,6)
[14:35:44.963] Bot3 executed MOVE_FORWARD
[14:35:44.963] Starting turn for Bot39
[14:35:44.963] Bot39 rotated left to face EAST
[14:35:44.963] Bot39 executed ROTATE_LEFT
[14:35:44.963] Bot39 moved forward to (3,4)
[14:35:44.963] Bot39 executed MOVE_FORWARD
[14:35:44.963] Starting turn for Bot3
[14:35:44.963] Bot3 rotated left to face WEST
[14:35:44.963] Bot3 executed ROTATE_LEFT
[14:35:44.963] Bot3 moved forward to (6,5)
[14:35:44.963] Bot3 executed MOVE_FORWARD
[14:35:44.963] Starting turn for Bot39
[14:35:44.963] Bot39 rotated right to face SOUTH
[14:35:44.963] Bot39 executed ROTATE_RIGHT
[14:35:44.963] Bot39 moved forward to (4,4)
[14:35:44.963] Bot39 executed MOVE_FORWARD
[14:35:44.963] Starting turn for Bot3
[14:35:44.963] Bot3 rotated right to face NORTH
[14:35:44.963] Bot3 executed ROTATE_RIGHT
[14:35:44.963] Bot3 moved forward to (5,5)
[14:35:44.963] Bot3 executed MOVE_FORWARD
[14:35:44.963] Starting turn for Bot39
[14:35:44.963] Bot39 rotated left to face EAST
[14:35:44.963] Bot39 executed ROTATE_LEFT
[14:35:44.963] Bot39 moved forward to (4,5)
[14:35:44.963] Bot39 executed MOVE_FORWARD
[14:35:44.963] Starting turn for Bot3
[14:35:44.963] Bot3 shooting in direction NORTH
[14:35:44.963] Bot3 hit Bot39 for 25 damage (health: 100 -> 75)
[14:35:44.963] Bot3 executed SHOOT
[14:35:44.963] Starting turn for Bot39
[14:35:44.963] Bot39 rotated right to face SOUTH
[14:35:44.963] Bot39 executed ROTATE_RIGHT
[14:35:44.963] Starting turn for Bot3
[14:35:44.963] Bot3 shooting in direction NORTH
[14:35:44.963] Bot3 hit Bot39 for 25 damage (health: 75 -> 50)
[14:35:44.963] Bot3 executed SHOOT
[14:35:44.963] Starting turn for Bot39
[14:35:44.963] Bot39 shooting in direction SOUTH
[14:35:44.963] Bot39 hit Bot3 for 25 damage (health: 100 -> 75)
[14:35:44.963] Bot39 executed SHOOT
[14:35:44.963] Starting turn for Bot3
[14:35:44.963] Bot3 shooting in direction NORTH
[14:35:44.963] Bot3 hit Bot39 for 25 damage (health: 50 -> 25)
[14:35:44.963] Bot3 executed SHOOT
[14:35:44.963] Starting turn for Bot39
[14:35:44.963] Bot39 shooting in direction SOUTH
[14:35:44.963] Bot39 hit Bot3 for 25 damage (health: 75 -> 50)
[14:35:44.963] Bot39 executed SHOOT
[14:35:44.963] Starting turn for Bot3
[14:35:44.963] Bot3 shooting in direction NORTH
[14:35:44.963] Bot3 hit Bot39 for 25 damage (health: 25 -> 0)
[14:35:44.963] Bot39 was destroyed!
[14:35:44.963] Bot3 is the last tank standing!
[14:35:44.963] Bot3 executed SHOOT
[14:35:44.963] Game Over! Bot3 wins!
[14:35:44.963] === Game Ended ===
