[14:36:06.363] === Game Started at 2025-02-04_14-36-06 ===
[14:36:06.363] Game initialized with 2 players
[14:36:06.364] Board size: 10
[14:36:06.364] Obstacle density: 0.05
[14:36:06.364] Max turns: 1000
[14:36:06.364] Player Bot23 starting at position (0,0) facing SOUTH
[14:36:06.364] Player Bot19 starting at position (9,9) facing SOUTH
[14:36:06.364] Obstacles at positions: (0,1) (1,2) (2,2) (4,7) (9,8)
[14:36:06.364] Starting turn for Bot23
[14:36:06.364] Bot23 rotated left to face EAST
[14:36:06.364] Bot23 executed ROTATE_LEFT
[14:36:06.364] Starting turn for Bot19
[14:36:06.364] Bot19 rotated right to face WEST
[14:36:06.364] Bot19 executed ROTATE_RIGHT
[14:36:06.364] Starting turn for Bot23
[14:36:06.364] Bot23 rotated right to face SOUTH
[14:36:06.364] Bot23 executed ROTATE_RIGHT
[14:36:06.364] Bot23 moved forward to (1,0)
[14:36:06.364] Bot23 executed MOVE_FORWARD
[14:36:06.364] Starting turn for Bot19
[14:36:06.364] Starting turn for Bot23
[14:36:06.364] Bot23 rotated left to face EAST
[14:36:06.364] Bot23 executed ROTATE_LEFT
[14:36:06.364] Bot23 moved forward to (1,1)
[14:36:06.364] Bot23 executed MOVE_FORWARD
[14:36:06.364] Starting turn for Bot19
[14:36:06.364] Bot19 rotated right to face NORTH
[14:36:06.364] Bot19 executed ROTATE_RIGHT
[14:36:06.364] Bot19 moved forward to (8,9)
[14:36:06.364] Bot19 executed MOVE_FORWARD
[14:36:06.364] Starting turn for Bot23
[14:36:06.364] Starting turn for Bot19
[14:36:06.364] Bot19 rotated left to face WEST
[14:36:06.364] Bot19 executed ROTATE_LEFT
[14:36:06.364] Bot19 moved forward to (8,8)
[14:36:06.364] Bot19 executed MOVE_FORWARD
[14:36:06.364] Starting turn for Bot23
[14:36:06.364] Starting turn for Bot19
[14:36:06.364] Bot19 moved forward to (8,7)
[14:36:06.364] Bot19 executed MOVE_FORWARD
[14:36:06.364] Starting turn for Bot23
[14:36:06.364] Bot23 rotated right to face SOUTH
[14:36:06.364] Bot23 executed ROTATE_RIGHT
[14:36:06.364] Bot23 moved forward to (2,1)
[14:36:06.364] Bot23 executed MOVE_FORWARD
[14:36:06.364] Starting turn for Bot19
[14:36:06.364] Bot19 rotated right to face NORTH
[14:36:06.364] Bot19 executed ROTATE_RIGHT
[14:36:06.364] Bot19 moved forward to (7,7)
[14:36:06.364] Bot19 executed MOVE_FORWARD
[14:36:06.364] Starting turn for Bot23
[14:36:06.364] Bot23 rotated left to face EAST
[14:36:06.364] Bot23 executed ROTATE_LEFT
[14:36:06.364] Bot23 rotated left to face NORTH
[14:36:06.364] Bot23 executed ROTATE_LEFT
[14:36:06.364] Bot23 moved forward to (1,1)
[14:36:06.364] Bot23 executed MOVE_FORWARD
[14:36:06.364] Starting turn for Bot19
[14:36:06.364] Bot19 rotated left to face WEST
[14:36:06.364] Bot19 executed ROTATE_LEFT
[14:36:06.364] Bot19 moved forward to (7,6)
[14:36:06.364] Bot19 executed MOVE_FORWARD
[14:36:06.364] Starting turn for Bot23
[14:36:06.364] Bot23 rotated left to face WEST
[14:36:06.364] Bot23 executed ROTATE_LEFT
[14:36:06.364] Bot23 rotated left to face SOUTH
[14:36:06.364] Bot23 executed ROTATE_LEFT
[14:36:06.364] Bot23 moved forward to (2,1)
[14:36:06.364] Bot23 executed MOVE_FORWARD
[14:36:06.364] Starting turn for Bot19
[14:36:06.364] Bot19 rotated right to face NORTH
[14:36:06.364] Bot19 executed ROTATE_RIGHT
[14:36:06.364] Bot19 moved forward to (6,6)
[14:36:06.364] Bot19 executed MOVE_FORWARD
[14:36:06.364] Starting turn for Bot23
[14:36:06.364] Bot23 rotated left to face EAST
[14:36:06.364] Bot23 executed ROTATE_LEFT
[14:36:06.364] Bot23 rotated left to face NORTH
[14:36:06.364] Bot23 executed ROTATE_LEFT
[14:36:06.364] Bot23 moved forward to (1,1)
[14:36:06.364] Bot23 executed MOVE_FORWARD
[14:36:06.364] Starting turn for Bot19
[14:36:06.364] Bot19 rotated left to face WEST
[14:36:06.364] Bot19 executed ROTATE_LEFT
[14:36:06.364] Bot19 moved forward to (6,5)
[14:36:06.364] Bot19 executed MOVE_FORWARD
[14:36:06.364] Starting turn for Bot23
[14:36:06.364] Bot23 rotated left to face WEST
[14:36:06.364] Bot23 executed ROTATE_LEFT
[14:36:06.364] Bot23 rotated left to face SOUTH
[14:36:06.364] Bot23 executed ROTATE_LEFT
[14:36:06.364] Bot23 moved forward to (2,1)
[14:36:06.364] Bot23 executed MOVE_FORWARD
[14:36:06.364] Starting turn for Bot19
[14:36:06.364] Bot19 rotated right to face NORTH
[14:36:06.364] Bot19 executed ROTATE_RIGHT
[14:36:06.364] Bot19 moved forward to (5,5)
[14:36:06.364] Bot19 executed MOVE_FORWARD
[14:36:06.364] Starting turn for Bot23
[14:36:06.364] Bot23 rotated left to face EAST
[14:36:06.364] Bot23 executed ROTATE_LEFT
[14:36:06.364] Bot23 rotated left to face NORTH
[14:36:06.364] Bot23 executed ROTATE_LEFT
[14:36:06.364] Bot23 moved forward to (1,1)
[14:36:06.364] Bot23 executed MOVE_FORWARD
[14:36:06.364] Starting turn for Bot19
[14:36:06.364] Starting turn for Bot23
[14:36:06.364] Bot23 rotated left to face WEST
[14:36:06.364] Bot23 executed ROTATE_LEFT
[14:36:06.364] Bot23 rotated left to face SOUTH
[14:36:06.364] Bot23 executed ROTATE_LEFT
[14:36:06.364] Bot23 moved forward to (2,1)
[14:36:06.364] Bot23 executed MOVE_FORWARD
[14:36:06.364] Starting turn for Bot19
[14:36:06.364] Starting turn for Bot23
[14:36:06.364] Bot23 rotated left to face EAST
[14:36:06.364] Bot23 executed ROTATE_LEFT
[14:36:06.364] Bot23 rotated left to face NORTH
[14:36:06.364] Bot23 executed ROTATE_LEFT
[14:36:06.364] Bot23 moved forward to (1,1)
[14:36:06.364] Bot23 executed MOVE_FORWARD
[14:36:06.364] Starting turn for Bot19
[14:36:06.364] Starting turn for Bot23
[14:36:06.364] Bot23 rotated left to face WEST
[14:36:06.364] Bot23 executed ROTATE_LEFT
[14:36:06.364] Bot23 rotated left to face SOUTH
[14:36:06.364] Bot23 executed ROTATE_LEFT
[14:36:06.364] Bot23 moved forward to (2,1)
[14:36:06.364] Bot23 executed MOVE_FORWARD
[14:36:06.364] Starting turn for Bot19
[14:36:06.364] Starting turn for Bot23
[14:36:06.364] Bot23 rotated left to face EAST
[14:36:06.364] Bot23 executed ROTATE_LEFT
[14:36:06.364] Bot23 rotated left to face NORTH
[14:36:06.364] Bot23 executed ROTATE_LEFT
[14:36:06.364] Bot23 moved forward to (1,1)
[14:36:06.364] Bot23 executed MOVE_FORWARD
[14:36:06.364] Starting turn for Bot19
[14:36:06.364] Starting turn for Bot23
[14:36:06.364] Bot23 rotated left to face WEST
[14:36:06.364] Bot23 executed ROTATE_LEFT
[14:36:06.364] Bot23 rotated left to face SOUTH
[14:36:06.364] Bot23 executed ROTATE_LEFT
[14:36:06.364] Bot23 moved forward to (2,1)
[14:36:06.364] Bot23 executed MOVE_FORWARD
[14:36:06.364] Starting turn for Bot19
[14:36:06.364] Starting turn for Bot23
[14:36:06.364] Bot23 rotated left to face EAST
[14:36:06.364] Bot23 executed ROTATE_LEFT
[14:36:06.364] Bot23 rotated left to face NORTH
[14:36:06.364] Bot23 executed ROTATE_LEFT
[14:36:06.364] Bot23 moved forward to (1,1)
[14:36:06.364] Bot23 executed MOVE_FORWARD
[14:36:06.364] Starting turn for Bot19
[14:36:06.364] Starting turn for Bot23
[14:36:06.364] Bot23 rotated left to face WEST
[14:36:06.364] Bot23 executed ROTATE_LEFT
[14:36:06.364] Bot23 rotated left to face SOUTH
[14:36:06.364] Bot23 executed ROTATE_LEFT
[14:36:06.364] Bot23 moved forward to (2,1)
[14:36:06.364] Bot23 executed MOVE_FORWARD
[14:36:06.364] Starting turn for Bot19
[14:36:06.364] Starting turn for Bot23
[14:36:06.364] Bot23 rotated left to face EAST
[14:36:06.364] Bot23 executed ROTATE_LEFT
[14:36:06.364] Bot23 rotated left to face NORTH
[14:36:06.364] Bot23 executed ROTATE_LEFT
[14:36:06.364] Bot23 moved forward to (1,1)
[14:36:06.364] Bot23 executed MOVE_FORWARD
[14:36:06.364] Starting turn for Bot19
[14:36:06.364] Starting turn for Bot23
[14:36:06.364] Bot23 rotated left to face WEST
[14:36:06.364] Bot23 executed ROTATE_LEFT
[14:36:06.364] Bot23 rotated left to face SOUTH
[14:36:06.364] Bot23 executed ROTATE_LEFT
[14:36:06.364] Bot23 moved forward to (2,1)
[14:36:06.364] Bot23 executed MOVE_FORWARD
[14:36:06.364] Starting turn for Bot19
[14:36:06.364] Stalemate detected: State repeated 10 times, unchanged for 1 turns
[14:36:06.364] Game Over! Stalemate detected!
[14:36:06.364] Stalemate detected: State repeated 10 times, unchanged for 1 turns
