[14:35:42.501] === Game Started at 2025-02-04_14-35-42 ===
[14:35:42.501] Game initialized with 2 players
[14:35:42.501] Board size: 10
[14:35:42.501] Obstacle density: 0.05
[14:35:42.501] Max turns: 1000
[14:35:42.501] Player Bot31 starting at position (0,0) facing NORTH
[14:35:42.501] Player Bot2 starting at position (9,9) facing EAST
[14:35:42.501] Obstacles at positions: (0,6) (3,2) (3,3) (6,9) (9,7)
[14:35:42.501] Starting turn for Bot31
[14:35:42.501] Bot31 rotated right to face EAST
[14:35:42.501] Bot31 executed ROTATE_RIGHT
[14:35:42.501] Bot31 moved forward to (0,1)
[14:35:42.501] Bot31 executed MOVE_FORWARD
[14:35:42.501] Starting turn for Bot2
[14:35:42.501] Bot2 rotated left to face NORTH
[14:35:42.501] Bot2 executed ROTATE_LEFT
[14:35:42.501] Bot2 rotated left to face WEST
[14:35:42.501] Bot2 executed ROTATE_LEFT
[14:35:42.501] Bot2 moved forward to (9,8)
[14:35:42.501] Bot2 executed MOVE_FORWARD
[14:35:42.501] Starting turn for Bot31
[14:35:42.501] Bot31 rotated right to face SOUTH
[14:35:42.502] Bot31 executed ROTATE_RIGHT
[14:35:42.502] Bot31 moved forward to (1,1)
[14:35:42.502] Bot31 executed MOVE_FORWARD
[14:35:42.502] Starting turn for Bot2
[14:35:42.502] Bot2 rotated right to face NORTH
[14:35:42.502] Bot2 executed ROTATE_RIGHT
[14:35:42.502] Bot2 moved forward to (8,8)
[14:35:42.502] Bot2 executed MOVE_FORWARD
[14:35:42.502] Starting turn for Bot31
[14:35:42.502] Bot31 rotated left to face EAST
[14:35:42.502] Bot31 executed ROTATE_LEFT
[14:35:42.502] Bot31 moved forward to (1,2)
[14:35:42.502] Bot31 executed MOVE_FORWARD
[14:35:42.502] Starting turn for Bot2
[14:35:42.502] Bot2 rotated left to face WEST
[14:35:42.502] Bot2 executed ROTATE_LEFT
[14:35:42.502] Bot2 moved forward to (8,7)
[14:35:42.502] Bot2 executed MOVE_FORWARD
[14:35:42.502] Starting turn for Bot31
[14:35:42.502] Bot31 rotated right to face SOUTH
[14:35:42.502] Bot31 executed ROTATE_RIGHT
[14:35:42.502] Bot31 moved forward to (2,2)
[14:35:42.502] Bot31 executed MOVE_FORWARD
[14:35:42.502] Starting turn for Bot2
[14:35:42.502] Bot2 rotated right to face NORTH
[14:35:42.502] Bot2 executed ROTATE_RIGHT
[14:35:42.502] Bot2 moved forward to (7,7)
[14:35:42.502] Bot2 executed MOVE_FORWARD
[14:35:42.502] Starting turn for Bot31
[14:35:42.502] Bot31 rotated left to face EAST
[14:35:42.502] Bot31 executed ROTATE_LEFT
[14:35:42.502] Bot31 moved forward to (2,3)
[14:35:42.502] Bot31 executed MOVE_FORWARD
[14:35:42.502] Starting turn for Bot2
[14:35:42.502] Bot2 rotated left to face WEST
[14:35:42.502] Bot2 executed ROTATE_LEFT
[14:35:42.502] Bot2 moved forward to (7,6)
[14:35:42.502] Bot2 executed MOVE_FORWARD
[14:35:42.502] Starting turn for Bot31
[14:35:42.502] Bot31 rotated right to face SOUTH
[14:35:42.502] Bot31 executed ROTATE_RIGHT
[14:35:42.502] Starting turn for Bot2
[14:35:42.502] Bot2 rotated right to face NORTH
[14:35:42.502] Bot2 executed ROTATE_RIGHT
[14:35:42.502] Bot2 moved forward to (6,6)
[14:35:42.502] Bot2 executed MOVE_FORWARD
[14:35:42.502] Starting turn for Bot31
[14:35:42.502] Starting turn for Bot2
[14:35:42.502] Bot2 rotated left to face WEST
[14:35:42.502] Bot2 executed ROTATE_LEFT
[14:35:42.502] Bot2 moved forward to (6,5)
[14:35:42.502] Bot2 executed MOVE_FORWARD
[14:35:42.502] Starting turn for Bot31
[14:35:42.502] Bot31 rotated left to face EAST
[14:35:42.502] Bot31 executed ROTATE_LEFT
[14:35:42.502] Bot31 rotated left to face NORTH
[14:35:42.502] Bot31 executed ROTATE_LEFT
[14:35:42.502] Bot31 moved forward to (1,3)
[14:35:42.502] Bot31 executed MOVE_FORWARD
[14:35:42.502] Starting turn for Bot2
[14:35:42.502] Bot2 rotated right to face NORTH
[14:35:42.502] Bot2 executed ROTATE_RIGHT
[14:35:42.502] Bot2 moved forward to (5,5)
[14:35:42.502] Bot2 executed MOVE_FORWARD
[14:35:42.502] Starting turn for Bot31
[14:35:42.502] Bot31 rotated left to face WEST
[14:35:42.502] Bot31 executed ROTATE_LEFT
[14:35:42.502] Bot31 rotated left to face SOUTH
[14:35:42.502] Bot31 executed ROTATE_LEFT
[14:35:42.502] Bot31 moved forward to (2,3)
[14:35:42.502] Bot31 executed MOVE_FORWARD
[14:35:42.502] Starting turn for Bot2
[14:35:42.502] Starting turn for Bot31
[14:35:42.502] Starting turn for Bot2
[14:35:42.502] Starting turn for Bot31
[14:35:42.502] Starting turn for Bot2
[14:35:42.502] Starting turn for Bot31
[14:35:42.502] Bot31 rotated left to face EAST
[14:35:42.502] Bot31 executed ROTATE_LEFT
[14:35:42.502] Bot31 rotated left to face NORTH
[14:35:42.502] Bot31 executed ROTATE_LEFT
[14:35:42.502] Bot31 moved forward to (1,3)
[14:35:42.502] Bot31 executed MOVE_FORWARD
[14:35:42.502] Starting turn for Bot2
[14:35:42.502] Starting turn for Bot31
[14:35:42.502] Bot31 rotated left to face WEST
[14:35:42.502] Bot31 executed ROTATE_LEFT
[14:35:42.502] Bot31 rotated left to face SOUTH
[14:35:42.502] Bot31 executed ROTATE_LEFT
[14:35:42.502] Bot31 moved forward to (2,3)
[14:35:42.502] Bot31 executed MOVE_FORWARD
[14:35:42.502] Starting turn for Bot2
[14:35:42.502] Starting turn for Bot31
[14:35:42.502] Starting turn for Bot2
[14:35:42.502] Starting turn for Bot31
[14:35:42.502] Starting turn for Bot2
[14:35:42.502] Starting turn for Bot31
[14:35:42.502] Bot31 rotated left to face EAST
[14:35:42.502] Bot31 executed ROTATE_LEFT
[14:35:42.502] Bot31 rotated left to face NORTH
[14:35:42.502] Bot31 executed ROTATE_LEFT
[14:35:42.502] Bot31 moved forward to (1,3)
[14:35:42.502] Bot31 executed MOVE_FORWARD
[14:35:42.502] Starting turn for Bot2
[14:35:42.502] Starting turn for Bot31
[14:35:42.502] Bot31 rotated left to face WEST
[14:35:42.502] Bot31 executed ROTATE_LEFT
[14:35:42.502] Bot31 rotated left to face SOUTH
[14:35:42.502] Bot31 executed ROTATE_LEFT
[14:35:42.502] Bot31 moved forward to (2,3)
[14:35:42.502] Bot31 executed MOVE_FORWARD
[14:35:42.502] Starting turn for Bot2
[14:35:42.502] Starting turn for Bot31
[14:35:42.502] Starting turn for Bot2
[14:35:42.502] Starting turn for Bot31
[14:35:42.502] Starting turn for Bot2
[14:35:42.502] Starting turn for Bot31
[14:35:42.502] Bot31 rotated left to face EAST
[14:35:42.502] Bot31 executed ROTATE_LEFT
[14:35:42.502] Bot31 rotated left to face NORTH
[14:35:42.502] Bot31 executed ROTATE_LEFT
[14:35:42.502] Bot31 moved forward to (1,3)
[14:35:42.502] Bot31 executed MOVE_FORWARD
[14:35:42.502] Starting turn for Bot2
[14:35:42.502] Starting turn for Bot31
[14:35:42.502] Bot31 rotated left to face WEST
[14:35:42.502] Bot31 executed ROTATE_LEFT
[14:35:42.502] Bot31 rotated left to face SOUTH
[14:35:42.502] Bot31 executed ROTATE_LEFT
[14:35:42.502] Bot31 moved forward to (2,3)
[14:35:42.502] Bot31 executed MOVE_FORWARD
[14:35:42.502] Starting turn for Bot2
[14:35:42.502] Stalemate detected: State repeated 10 times, unchanged for 3 turns
[14:35:42.502] Game Over! Stalemate detected!
[14:35:42.502] Stalemate detected: State repeated 10 times, unchanged for 3 turns
