[14:35:55.566] === Game Started at 2025-02-04_14-35-55 ===
[14:35:55.566] Game initialized with 2 players
[14:35:55.566] Board size: 10
[14:35:55.566] Obstacle density: 0.05
[14:35:55.566] Max turns: 1000
[14:35:55.566] Player Bot9 starting at position (0,0) facing SOUTH
[14:35:55.566] Player Bot36 starting at position (9,9) facing NORTH
[14:35:55.566] Obstacles at positions: (0,1) (1,0) (3,3) (5,1) (9,1)
[14:35:55.566] Starting turn for Bot9
[14:35:55.566] Bot9 rotated left to face EAST
[14:35:55.566] Bot9 executed ROTATE_LEFT
[14:35:55.566] Starting turn for Bot36
[14:35:55.566] Bot36 rotated left to face WEST
[14:35:55.566] Bot36 executed ROTATE_LEFT
[14:35:55.566] Bot36 moved forward to (9,8)
[14:35:55.566] Bot36 executed MOVE_FORWARD
[14:35:55.566] Starting turn for Bot9
[14:35:55.566] Starting turn for Bot36
[14:35:55.566] Bot36 rotated right to face NORTH
[14:35:55.566] Bot36 executed ROTATE_RIGHT
[14:35:55.566] Bot36 moved forward to (8,8)
[14:35:55.566] Bot36 executed MOVE_FORWARD
[14:35:55.566] Starting turn for Bot9
[14:35:55.566] Bot9 rotated right to face SOUTH
[14:35:55.566] Bot9 executed ROTATE_RIGHT
[14:35:55.566] Starting turn for Bot36
[14:35:55.566] Bot36 rotated left to face WEST
[14:35:55.566] Bot36 executed ROTATE_LEFT
[14:35:55.566] Bot36 moved forward to (8,7)
[14:35:55.566] Bot36 executed MOVE_FORWARD
[14:35:55.566] Starting turn for Bot9
[14:35:55.566] Bot9 rotated left to face EAST
[14:35:55.566] Bot9 executed ROTATE_LEFT
[14:35:55.566] Starting turn for Bot36
[14:35:55.566] Bot36 rotated right to face NORTH
[14:35:55.566] Bot36 executed ROTATE_RIGHT
[14:35:55.566] Bot36 moved forward to (7,7)
[14:35:55.566] Bot36 executed MOVE_FORWARD
[14:35:55.566] Starting turn for Bot9
[14:35:55.566] Starting turn for Bot36
[14:35:55.566] Bot36 rotated left to face WEST
[14:35:55.566] Bot36 executed ROTATE_LEFT
[14:35:55.566] Bot36 moved forward to (7,6)
[14:35:55.566] Bot36 executed MOVE_FORWARD
[14:35:55.566] Starting turn for Bot9
[14:35:55.566] Bot9 rotated right to face SOUTH
[14:35:55.566] Bot9 executed ROTATE_RIGHT
[14:35:55.566] Starting turn for Bot36
[14:35:55.566] Bot36 rotated right to face NORTH
[14:35:55.566] Bot36 executed ROTATE_RIGHT
[14:35:55.566] Bot36 moved forward to (6,6)
[14:35:55.566] Bot36 executed MOVE_FORWARD
[14:35:55.566] Starting turn for Bot9
[14:35:55.566] Bot9 rotated left to face EAST
[14:35:55.566] Bot9 executed ROTATE_LEFT
[14:35:55.566] Starting turn for Bot36
[14:35:55.566] Bot36 rotated left to face WEST
[14:35:55.566] Bot36 executed ROTATE_LEFT
[14:35:55.566] Bot36 moved forward to (6,5)
[14:35:55.566] Bot36 executed MOVE_FORWARD
[14:35:55.566] Starting turn for Bot9
[14:35:55.566] Starting turn for Bot36
[14:35:55.566] Bot36 rotated right to face NORTH
[14:35:55.566] Bot36 executed ROTATE_RIGHT
[14:35:55.566] Bot36 moved forward to (5,5)
[14:35:55.566] Bot36 executed MOVE_FORWARD
[14:35:55.566] Starting turn for Bot9
[14:35:55.566] Bot9 rotated right to face SOUTH
[14:35:55.566] Bot9 executed ROTATE_RIGHT
[14:35:55.566] Starting turn for Bot36
[14:35:55.566] Starting turn for Bot9
[14:35:55.566] Bot9 rotated left to face EAST
[14:35:55.566] Bot9 executed ROTATE_LEFT
[14:35:55.566] Starting turn for Bot36
[14:35:55.566] Starting turn for Bot9
[14:35:55.566] Starting turn for Bot36
[14:35:55.566] Starting turn for Bot9
[14:35:55.566] Bot9 rotated right to face SOUTH
[14:35:55.566] Bot9 executed ROTATE_RIGHT
[14:35:55.566] Starting turn for Bot36
[14:35:55.566] Starting turn for Bot9
[14:35:55.566] Bot9 rotated left to face EAST
[14:35:55.566] Bot9 executed ROTATE_LEFT
[14:35:55.566] Starting turn for Bot36
[14:35:55.566] Starting turn for Bot9
[14:35:55.566] Starting turn for Bot36
[14:35:55.566] Starting turn for Bot9
[14:35:55.566] Bot9 rotated right to face SOUTH
[14:35:55.566] Bot9 executed ROTATE_RIGHT
[14:35:55.566] Starting turn for Bot36
[14:35:55.566] Starting turn for Bot9
[14:35:55.566] Bot9 rotated left to face EAST
[14:35:55.566] Bot9 executed ROTATE_LEFT
[14:35:55.566] Starting turn for Bot36
[14:35:55.566] Starting turn for Bot9
[14:35:55.566] Starting turn for Bot36
[14:35:55.566] Starting turn for Bot9
[14:35:55.566] Bot9 rotated right to face SOUTH
[14:35:55.566] Bot9 executed ROTATE_RIGHT
[14:35:55.566] Starting turn for Bot36
[14:35:55.566] Starting turn for Bot9
[14:35:55.566] Bot9 rotated left to face EAST
[14:35:55.566] Bot9 executed ROTATE_LEFT
[14:35:55.566] Starting turn for Bot36
[14:35:55.566] Starting turn for Bot9
[14:35:55.566] Starting turn for Bot36
[14:35:55.566] Stalemate detected: State repeated 10 times, unchanged for 3 turns
[14:35:55.566] Game Over! Stalemate detected!
[14:35:55.566] Stalemate detected: State repeated 10 times, unchanged for 3 turns
