[14:35:57.647] === Game Started at 2025-02-04_14-35-57 ===
[14:35:57.647] Game initialized with 2 players
[14:35:57.647] Board size: 10
[14:35:57.647] Obstacle density: 0.05
[14:35:57.647] Max turns: 1000
[14:35:57.647] Player Bot30 starting at position (0,0) facing NORTH
[14:35:57.647] Player Bot11 starting at position (9,9) facing NORTH
[14:35:57.647] Obstacles at positions: (4,2) (5,8) (6,4) (6,6) (9,1)
[14:35:57.647] Starting turn for Bot30
[14:35:57.647] Bot30 rotated right to face EAST
[14:35:57.647] Bot30 executed ROTATE_RIGHT
[14:35:57.647] Bot30 moved forward to (0,1)
[14:35:57.647] Bot30 executed MOVE_FORWARD
[14:35:57.647] Starting turn for Bot11
[14:35:57.647] Bot11 rotated left to face WEST
[14:35:57.647] Bot11 executed ROTATE_LEFT
[14:35:57.647] Bot11 moved forward to (9,8)
[14:35:57.647] Bot11 executed MOVE_FORWARD
[14:35:57.647] Starting turn for Bot30
[14:35:57.647] Bot30 rotated right to face SOUTH
[14:35:57.647] Bot30 executed ROTATE_RIGHT
[14:35:57.647] Bot30 moved forward to (1,1)
[14:35:57.647] Bot30 executed MOVE_FORWARD
[14:35:57.647] Starting turn for Bot11
[14:35:57.647] Bot11 rotated right to face NORTH
[14:35:57.647] Bot11 executed ROTATE_RIGHT
[14:35:57.647] Bot11 moved forward to (8,8)
[14:35:57.647] Bot11 executed MOVE_FORWARD
[14:35:57.647] Starting turn for Bot30
[14:35:57.647] Bot30 rotated left to face EAST
[14:35:57.647] Bot30 executed ROTATE_LEFT
[14:35:57.647] Bot30 moved forward to (1,2)
[14:35:57.647] Bot30 executed MOVE_FORWARD
[14:35:57.647] Starting turn for Bot11
[14:35:57.647] Bot11 rotated left to face WEST
[14:35:57.647] Bot11 executed ROTATE_LEFT
[14:35:57.647] Bot11 moved forward to (8,7)
[14:35:57.647] Bot11 executed MOVE_FORWARD
[14:35:57.647] Starting turn for Bot30
[14:35:57.647] Bot30 rotated right to face SOUTH
[14:35:57.647] Bot30 executed ROTATE_RIGHT
[14:35:57.647] Bot30 moved forward to (2,2)
[14:35:57.647] Bot30 executed MOVE_FORWARD
[14:35:57.647] Starting turn for Bot11
[14:35:57.647] Bot11 rotated right to face NORTH
[14:35:57.647] Bot11 executed ROTATE_RIGHT
[14:35:57.647] Bot11 moved forward to (7,7)
[14:35:57.647] Bot11 executed MOVE_FORWARD
[14:35:57.647] Starting turn for Bot30
[14:35:57.647] Bot30 rotated left to face EAST
[14:35:57.647] Bot30 executed ROTATE_LEFT
[14:35:57.647] Bot30 moved forward to (2,3)
[14:35:57.647] Bot30 executed MOVE_FORWARD
[14:35:57.647] Starting turn for Bot11
[14:35:57.647] Bot11 rotated left to face WEST
[14:35:57.647] Bot11 executed ROTATE_LEFT
[14:35:57.647] Bot11 moved forward to (7,6)
[14:35:57.647] Bot11 executed MOVE_FORWARD
[14:35:57.647] Starting turn for Bot30
[14:35:57.647] Bot30 rotated right to face SOUTH
[14:35:57.647] Bot30 executed ROTATE_RIGHT
[14:35:57.647] Bot30 moved forward to (3,3)
[14:35:57.647] Bot30 executed MOVE_FORWARD
[14:35:57.647] Starting turn for Bot11
[14:35:57.647] Bot11 rotated right to face NORTH
[14:35:57.647] Bot11 executed ROTATE_RIGHT
[14:35:57.647] Starting turn for Bot30
[14:35:57.647] Bot30 rotated left to face EAST
[14:35:57.647] Bot30 executed ROTATE_LEFT
[14:35:57.647] Bot30 moved forward to (3,4)
[14:35:57.647] Bot30 executed MOVE_FORWARD
[14:35:57.647] Starting turn for Bot11
[14:35:57.647] Starting turn for Bot30
[14:35:57.647] Bot30 rotated right to face SOUTH
[14:35:57.647] Bot30 executed ROTATE_RIGHT
[14:35:57.647] Bot30 moved forward to (4,4)
[14:35:57.647] Bot30 executed MOVE_FORWARD
[14:35:57.647] Starting turn for Bot11
[14:35:57.647] Bot11 rotated right to face EAST
[14:35:57.647] Bot11 executed ROTATE_RIGHT
[14:35:57.647] Bot11 moved forward to (7,7)
[14:35:57.647] Bot11 executed MOVE_FORWARD
[14:35:57.647] Starting turn for Bot30
[14:35:57.647] Bot30 rotated left to face EAST
[14:35:57.647] Bot30 executed ROTATE_LEFT
[14:35:57.647] Bot30 moved forward to (4,5)
[14:35:57.647] Bot30 executed MOVE_FORWARD
[14:35:57.647] Starting turn for Bot11
[14:35:57.647] Bot11 rotated left to face NORTH
[14:35:57.647] Bot11 executed ROTATE_LEFT
[14:35:57.647] Bot11 rotated left to face WEST
[14:35:57.647] Bot11 executed ROTATE_LEFT
[14:35:57.647] Bot11 moved forward to (7,6)
[14:35:57.647] Bot11 executed MOVE_FORWARD
[14:35:57.647] Starting turn for Bot30
[14:35:57.647] Bot30 rotated right to face SOUTH
[14:35:57.647] Bot30 executed ROTATE_RIGHT
[14:35:57.647] Bot30 moved forward to (5,5)
[14:35:57.647] Bot30 executed MOVE_FORWARD
[14:35:57.647] Starting turn for Bot11
[14:35:57.647] Bot11 rotated right to face NORTH
[14:35:57.647] Bot11 executed ROTATE_RIGHT
[14:35:57.647] Starting turn for Bot30
[14:35:57.647] Starting turn for Bot11
[14:35:57.647] Starting turn for Bot30
[14:35:57.647] Starting turn for Bot11
[14:35:57.647] Bot11 rotated right to face EAST
[14:35:57.647] Bot11 executed ROTATE_RIGHT
[14:35:57.647] Bot11 moved forward to (7,7)
[14:35:57.647] Bot11 executed MOVE_FORWARD
[14:35:57.647] Starting turn for Bot30
[14:35:57.647] Starting turn for Bot11
[14:35:57.647] Bot11 rotated left to face NORTH
[14:35:57.647] Bot11 executed ROTATE_LEFT
[14:35:57.647] Bot11 rotated left to face WEST
[14:35:57.647] Bot11 executed ROTATE_LEFT
[14:35:57.647] Bot11 moved forward to (7,6)
[14:35:57.647] Bot11 executed MOVE_FORWARD
[14:35:57.647] Starting turn for Bot30
[14:35:57.647] Starting turn for Bot11
[14:35:57.648] Bot11 rotated right to face NORTH
[14:35:57.648] Bot11 executed ROTATE_RIGHT
[14:35:57.648] Starting turn for Bot30
[14:35:57.648] Starting turn for Bot11
[14:35:57.648] Starting turn for Bot30
[14:35:57.648] Starting turn for Bot11
[14:35:57.648] Bot11 rotated right to face EAST
[14:35:57.648] Bot11 executed ROTATE_RIGHT
[14:35:57.648] Bot11 moved forward to (7,7)
[14:35:57.648] Bot11 executed MOVE_FORWARD
[14:35:57.648] Starting turn for Bot30
[14:35:57.648] Starting turn for Bot11
[14:35:57.648] Bot11 rotated left to face NORTH
[14:35:57.648] Bot11 executed ROTATE_LEFT
[14:35:57.648] Bot11 rotated left to face WEST
[14:35:57.648] Bot11 executed ROTATE_LEFT
[14:35:57.648] Bot11 moved forward to (7,6)
[14:35:57.648] Bot11 executed MOVE_FORWARD
[14:35:57.648] Starting turn for Bot30
[14:35:57.648] Starting turn for Bot11
[14:35:57.648] Bot11 rotated right to face NORTH
[14:35:57.648] Bot11 executed ROTATE_RIGHT
[14:35:57.648] Starting turn for Bot30
[14:35:57.648] Starting turn for Bot11
[14:35:57.648] Starting turn for Bot30
[14:35:57.648] Starting turn for Bot11
[14:35:57.648] Stalemate detected: State repeated 10 times, unchanged for 2 turns
[14:35:57.648] Game Over! Stalemate detected!
[14:35:57.648] Stalemate detected: State repeated 10 times, unchanged for 2 turns
