[14:36:08.622] === Game Started at 2025-02-04_14-36-08 ===
[14:36:08.622] Game initialized with 2 players
[14:36:08.622] Board size: 10
[14:36:08.622] Obstacle density: 0.05
[14:36:08.622] Max turns: 1000
[14:36:08.622] Player Bot38 starting at position (0,0) facing NORTH
[14:36:08.622] Player Bot21 starting at position (9,9) facing WEST
[14:36:08.622] Obstacles at positions: (2,3) (3,8) (6,6) (6,7) (8,3)
[14:36:08.622] Starting turn for Bot38
[14:36:08.622] Bot38 rotated right to face EAST
[14:36:08.622] Bot38 executed ROTATE_RIGHT
[14:36:08.622] Bot38 moved forward to (0,1)
[14:36:08.622] Bot38 executed MOVE_FORWARD
[14:36:08.623] Starting turn for Bot21
[14:36:08.623] Bot21 moved forward to (9,8)
[14:36:08.623] Bot21 executed MOVE_FORWARD
[14:36:08.623] Starting turn for Bot38
[14:36:08.623] Bot38 rotated right to face SOUTH
[14:36:08.623] Bot38 executed ROTATE_RIGHT
[14:36:08.623] Bot38 moved forward to (1,1)
[14:36:08.623] Bot38 executed MOVE_FORWARD
[14:36:08.623] Starting turn for Bot21
[14:36:08.623] Bot21 rotated right to face NORTH
[14:36:08.623] Bot21 executed ROTATE_RIGHT
[14:36:08.623] Bot21 moved forward to (8,8)
[14:36:08.623] Bot21 executed MOVE_FORWARD
[14:36:08.623] Starting turn for Bot38
[14:36:08.623] Bot38 rotated left to face EAST
[14:36:08.623] Bot38 executed ROTATE_LEFT
[14:36:08.623] Bot38 moved forward to (1,2)
[14:36:08.623] Bot38 executed MOVE_FORWARD
[14:36:08.623] Starting turn for Bot21
[14:36:08.623] Bot21 rotated left to face WEST
[14:36:08.623] Bot21 executed ROTATE_LEFT
[14:36:08.623] Bot21 moved forward to (8,7)
[14:36:08.623] Bot21 executed MOVE_FORWARD
[14:36:08.623] Starting turn for Bot38
[14:36:08.623] Bot38 rotated right to face SOUTH
[14:36:08.623] Bot38 executed ROTATE_RIGHT
[14:36:08.623] Bot38 moved forward to (2,2)
[14:36:08.623] Bot38 executed MOVE_FORWARD
[14:36:08.623] Starting turn for Bot21
[14:36:08.623] Bot21 rotated right to face NORTH
[14:36:08.623] Bot21 executed ROTATE_RIGHT
[14:36:08.623] Bot21 moved forward to (7,7)
[14:36:08.623] Bot21 executed MOVE_FORWARD
[14:36:08.623] Starting turn for Bot38
[14:36:08.623] Bot38 rotated left to face EAST
[14:36:08.623] Bot38 executed ROTATE_LEFT
[14:36:08.623] Starting turn for Bot21
[14:36:08.623] Bot21 rotated left to face WEST
[14:36:08.623] Bot21 executed ROTATE_LEFT
[14:36:08.623] Bot21 moved forward to (7,6)
[14:36:08.623] Bot21 executed MOVE_FORWARD
[14:36:08.623] Starting turn for Bot38
[14:36:08.623] Starting turn for Bot21
[14:36:08.623] Bot21 rotated right to face NORTH
[14:36:08.623] Bot21 executed ROTATE_RIGHT
[14:36:08.623] Starting turn for Bot38
[14:36:08.623] Bot38 rotated left to face NORTH
[14:36:08.623] Bot38 executed ROTATE_LEFT
[14:36:08.623] Bot38 moved forward to (1,2)
[14:36:08.623] Bot38 executed MOVE_FORWARD
[14:36:08.623] Starting turn for Bot21
[14:36:08.623] Starting turn for Bot38
[14:36:08.623] Bot38 rotated left to face WEST
[14:36:08.623] Bot38 executed ROTATE_LEFT
[14:36:08.623] Bot38 rotated left to face SOUTH
[14:36:08.623] Bot38 executed ROTATE_LEFT
[14:36:08.623] Bot38 moved forward to (2,2)
[14:36:08.623] Bot38 executed MOVE_FORWARD
[14:36:08.623] Starting turn for Bot21
[14:36:08.623] Bot21 rotated right to face EAST
[14:36:08.623] Bot21 executed ROTATE_RIGHT
[14:36:08.623] Bot21 moved forward to (7,7)
[14:36:08.623] Bot21 executed MOVE_FORWARD
[14:36:08.623] Starting turn for Bot38
[14:36:08.623] Bot38 rotated left to face EAST
[14:36:08.623] Bot38 executed ROTATE_LEFT
[14:36:08.623] Starting turn for Bot21
[14:36:08.623] Bot21 rotated left to face NORTH
[14:36:08.623] Bot21 executed ROTATE_LEFT
[14:36:08.623] Bot21 rotated left to face WEST
[14:36:08.623] Bot21 executed ROTATE_LEFT
[14:36:08.623] Bot21 moved forward to (7,6)
[14:36:08.623] Bot21 executed MOVE_FORWARD
[14:36:08.623] Starting turn for Bot38
[14:36:08.623] Starting turn for Bot21
[14:36:08.623] Bot21 rotated right to face NORTH
[14:36:08.623] Bot21 executed ROTATE_RIGHT
[14:36:08.623] Starting turn for Bot38
[14:36:08.623] Bot38 rotated left to face NORTH
[14:36:08.623] Bot38 executed ROTATE_LEFT
[14:36:08.623] Bot38 moved forward to (1,2)
[14:36:08.623] Bot38 executed MOVE_FORWARD
[14:36:08.623] Starting turn for Bot21
[14:36:08.623] Starting turn for Bot38
[14:36:08.623] Bot38 rotated left to face WEST
[14:36:08.623] Bot38 executed ROTATE_LEFT
[14:36:08.623] Bot38 rotated left to face SOUTH
[14:36:08.623] Bot38 executed ROTATE_LEFT
[14:36:08.623] Bot38 moved forward to (2,2)
[14:36:08.623] Bot38 executed MOVE_FORWARD
[14:36:08.623] Starting turn for Bot21
[14:36:08.623] Bot21 rotated right to face EAST
[14:36:08.623] Bot21 executed ROTATE_RIGHT
[14:36:08.623] Bot21 moved forward to (7,7)
[14:36:08.623] Bot21 executed MOVE_FORWARD
[14:36:08.623] Starting turn for Bot38
[14:36:08.623] Bot38 rotated left to face EAST
[14:36:08.623] Bot38 executed ROTATE_LEFT
[14:36:08.623] Starting turn for Bot21
[14:36:08.623] Bot21 rotated left to face NORTH
[14:36:08.623] Bot21 executed ROTATE_LEFT
[14:36:08.623] Bot21 rotated left to face WEST
[14:36:08.623] Bot21 executed ROTATE_LEFT
[14:36:08.623] Bot21 moved forward to (7,6)
[14:36:08.623] Bot21 executed MOVE_FORWARD
[14:36:08.623] Starting turn for Bot38
[14:36:08.623] Starting turn for Bot21
[14:36:08.623] Bot21 rotated right to face NORTH
[14:36:08.623] Bot21 executed ROTATE_RIGHT
[14:36:08.623] Starting turn for Bot38
[14:36:08.623] Bot38 rotated left to face NORTH
[14:36:08.623] Bot38 executed ROTATE_LEFT
[14:36:08.623] Bot38 moved forward to (1,2)
[14:36:08.623] Bot38 executed MOVE_FORWARD
[14:36:08.623] Starting turn for Bot21
[14:36:08.623] Starting turn for Bot38
[14:36:08.623] Bot38 rotated left to face WEST
[14:36:08.623] Bot38 executed ROTATE_LEFT
[14:36:08.623] Bot38 rotated left to face SOUTH
[14:36:08.623] Bot38 executed ROTATE_LEFT
[14:36:08.623] Bot38 moved forward to (2,2)
[14:36:08.623] Bot38 executed MOVE_FORWARD
[14:36:08.623] Starting turn for Bot21
[14:36:08.623] Bot21 rotated right to face EAST
[14:36:08.623] Bot21 executed ROTATE_RIGHT
[14:36:08.623] Bot21 moved forward to (7,7)
[14:36:08.623] Bot21 executed MOVE_FORWARD
[14:36:08.623] Starting turn for Bot38
[14:36:08.623] Bot38 rotated left to face EAST
[14:36:08.623] Bot38 executed ROTATE_LEFT
[14:36:08.623] Starting turn for Bot21
[14:36:08.623] Bot21 rotated left to face NORTH
[14:36:08.623] Bot21 executed ROTATE_LEFT
[14:36:08.623] Bot21 rotated left to face WEST
[14:36:08.623] Bot21 executed ROTATE_LEFT
[14:36:08.623] Bot21 moved forward to (7,6)
[14:36:08.623] Bot21 executed MOVE_FORWARD
[14:36:08.623] Starting turn for Bot38
[14:36:08.623] Starting turn for Bot21
[14:36:08.623] Bot21 rotated right to face NORTH
[14:36:08.623] Bot21 executed ROTATE_RIGHT
[14:36:08.623] Starting turn for Bot38
[14:36:08.623] Bot38 rotated left to face NORTH
[14:36:08.623] Bot38 executed ROTATE_LEFT
[14:36:08.623] Bot38 moved forward to (1,2)
[14:36:08.623] Bot38 executed MOVE_FORWARD
[14:36:08.623] Starting turn for Bot21
[14:36:08.623] Starting turn for Bot38
[14:36:08.623] Bot38 rotated left to face WEST
[14:36:08.623] Bot38 executed ROTATE_LEFT
[14:36:08.623] Bot38 rotated left to face SOUTH
[14:36:08.623] Bot38 executed ROTATE_LEFT
[14:36:08.623] Bot38 moved forward to (2,2)
[14:36:08.623] Bot38 executed MOVE_FORWARD
[14:36:08.623] Starting turn for Bot21
[14:36:08.623] Bot21 rotated right to face EAST
[14:36:08.623] Bot21 executed ROTATE_RIGHT
[14:36:08.623] Bot21 moved forward to (7,7)
[14:36:08.623] Bot21 executed MOVE_FORWARD
[14:36:08.623] Starting turn for Bot38
[14:36:08.623] Bot38 rotated left to face EAST
[14:36:08.623] Bot38 executed ROTATE_LEFT
[14:36:08.623] Starting turn for Bot21
[14:36:08.623] Bot21 rotated left to face NORTH
[14:36:08.623] Bot21 executed ROTATE_LEFT
[14:36:08.623] Bot21 rotated left to face WEST
[14:36:08.623] Bot21 executed ROTATE_LEFT
[14:36:08.623] Bot21 moved forward to (7,6)
[14:36:08.623] Bot21 executed MOVE_FORWARD
[14:36:08.623] Starting turn for Bot38
[14:36:08.623] Starting turn for Bot21
[14:36:08.623] Stalemate detected: State repeated 10 times, unchanged for 2 turns
[14:36:08.623] Game Over! Stalemate detected!
[14:36:08.623] Stalemate detected: State repeated 10 times, unchanged for 2 turns
