[14:35:57.432] === Game Started at 2025-02-04_14-35-57 ===
[14:35:57.432] Game initialized with 2 players
[14:35:57.432] Board size: 10
[14:35:57.432] Obstacle density: 0.05
[14:35:57.432] Max turns: 1000
[14:35:57.432] Player Bot24 starting at position (0,0) facing WEST
[14:35:57.432] Player Bot11 starting at position (9,9) facing WEST
[14:35:57.432] Obstacles at positions: (1,5) (2,2) (3,1) (4,9) (8,8)
[14:35:57.432] Starting turn for Bot24
[14:35:57.432] Bot24 rotated left to face SOUTH
[14:35:57.432] Bot24 executed ROTATE_LEFT
[14:35:57.432] Bot24 rotated left to face EAST
[14:35:57.432] Bot24 executed ROTATE_LEFT
[14:35:57.432] Bot24 moved forward to (0,1)
[14:35:57.432] Bot24 executed MOVE_FORWARD
[14:35:57.432] Starting turn for Bot11
[14:35:57.432] Bot11 moved forward to (9,8)
[14:35:57.432] Bot11 executed MOVE_FORWARD
[14:35:57.432] Starting turn for Bot24
[14:35:57.432] Bot24 rotated right to face SOUTH
[14:35:57.432] Bot24 executed ROTATE_RIGHT
[14:35:57.432] Bot24 moved forward to (1,1)
[14:35:57.432] Bot24 executed MOVE_FORWARD
[14:35:57.432] Starting turn for Bot11
[14:35:57.432] Bot11 rotated right to face NORTH
[14:35:57.432] Bot11 executed ROTATE_RIGHT
[14:35:57.432] Starting turn for Bot24
[14:35:57.432] Bot24 rotated left to face EAST
[14:35:57.432] Bot24 executed ROTATE_LEFT
[14:35:57.432] Bot24 moved forward to (1,2)
[14:35:57.432] Bot24 executed MOVE_FORWARD
[14:35:57.432] Starting turn for Bot11
[14:35:57.432] Starting turn for Bot24
[14:35:57.432] Bot24 rotated right to face SOUTH
[14:35:57.432] Bot24 executed ROTATE_RIGHT
[14:35:57.432] Starting turn for Bot11
[14:35:57.432] Bot11 rotated right to face EAST
[14:35:57.432] Bot11 executed ROTATE_RIGHT
[14:35:57.432] Bot11 moved forward to (9,9)
[14:35:57.432] Bot11 executed MOVE_FORWARD
[14:35:57.432] Starting turn for Bot24
[14:35:57.432] Starting turn for Bot11
[14:35:57.432] Bot11 rotated left to face NORTH
[14:35:57.432] Bot11 executed ROTATE_LEFT
[14:35:57.432] Bot11 rotated left to face WEST
[14:35:57.432] Bot11 executed ROTATE_LEFT
[14:35:57.432] Bot11 moved forward to (9,8)
[14:35:57.432] Bot11 executed MOVE_FORWARD
[14:35:57.432] Starting turn for Bot24
[14:35:57.432] Bot24 rotated left to face EAST
[14:35:57.432] Bot24 executed ROTATE_LEFT
[14:35:57.432] Bot24 rotated left to face NORTH
[14:35:57.432] Bot24 executed ROTATE_LEFT
[14:35:57.432] Bot24 moved forward to (0,2)
[14:35:57.432] Bot24 executed MOVE_FORWARD
[14:35:57.432] Starting turn for Bot11
[14:35:57.432] Bot11 rotated right to face NORTH
[14:35:57.432] Bot11 executed ROTATE_RIGHT
[14:35:57.432] Starting turn for Bot24
[14:35:57.432] Bot24 rotated left to face WEST
[14:35:57.432] Bot24 executed ROTATE_LEFT
[14:35:57.432] Bot24 rotated left to face SOUTH
[14:35:57.432] Bot24 executed ROTATE_LEFT
[14:35:57.432] Bot24 moved forward to (1,2)
[14:35:57.432] Bot24 executed MOVE_FORWARD
[14:35:57.432] Starting turn for Bot11
[14:35:57.432] Starting turn for Bot24
[14:35:57.432] Starting turn for Bot11
[14:35:57.432] Bot11 rotated right to face EAST
[14:35:57.432] Bot11 executed ROTATE_RIGHT
[14:35:57.432] Bot11 moved forward to (9,9)
[14:35:57.432] Bot11 executed MOVE_FORWARD
[14:35:57.432] Starting turn for Bot24
[14:35:57.432] Starting turn for Bot11
[14:35:57.432] Bot11 rotated left to face NORTH
[14:35:57.432] Bot11 executed ROTATE_LEFT
[14:35:57.432] Bot11 rotated left to face WEST
[14:35:57.432] Bot11 executed ROTATE_LEFT
[14:35:57.432] Bot11 moved forward to (9,8)
[14:35:57.432] Bot11 executed MOVE_FORWARD
[14:35:57.432] Starting turn for Bot24
[14:35:57.432] Bot24 rotated left to face EAST
[14:35:57.432] Bot24 executed ROTATE_LEFT
[14:35:57.432] Bot24 rotated left to face NORTH
[14:35:57.432] Bot24 executed ROTATE_LEFT
[14:35:57.432] Bot24 moved forward to (0,2)
[14:35:57.432] Bot24 executed MOVE_FORWARD
[14:35:57.432] Starting turn for Bot11
[14:35:57.432] Bot11 rotated right to face NORTH
[14:35:57.432] Bot11 executed ROTATE_RIGHT
[14:35:57.432] Starting turn for Bot24
[14:35:57.432] Bot24 rotated left to face WEST
[14:35:57.432] Bot24 executed ROTATE_LEFT
[14:35:57.432] Bot24 rotated left to face SOUTH
[14:35:57.432] Bot24 executed ROTATE_LEFT
[14:35:57.432] Bot24 moved forward to (1,2)
[14:35:57.432] Bot24 executed MOVE_FORWARD
[14:35:57.432] Starting turn for Bot11
[14:35:57.432] Starting turn for Bot24
[14:35:57.432] Starting turn for Bot11
[14:35:57.432] Bot11 rotated right to face EAST
[14:35:57.432] Bot11 executed ROTATE_RIGHT
[14:35:57.432] Bot11 moved forward to (9,9)
[14:35:57.432] Bot11 executed MOVE_FORWARD
[14:35:57.432] Starting turn for Bot24
[14:35:57.432] Starting turn for Bot11
[14:35:57.432] Bot11 rotated left to face NORTH
[14:35:57.432] Bot11 executed ROTATE_LEFT
[14:35:57.432] Bot11 rotated left to face WEST
[14:35:57.432] Bot11 executed ROTATE_LEFT
[14:35:57.432] Bot11 moved forward to (9,8)
[14:35:57.432] Bot11 executed MOVE_FORWARD
[14:35:57.432] Starting turn for Bot24
[14:35:57.432] Bot24 rotated left to face EAST
[14:35:57.432] Bot24 executed ROTATE_LEFT
[14:35:57.432] Bot24 rotated left to face NORTH
[14:35:57.432] Bot24 executed ROTATE_LEFT
[14:35:57.432] Bot24 moved forward to (0,2)
[14:35:57.432] Bot24 executed MOVE_FORWARD
[14:35:57.432] Starting turn for Bot11
[14:35:57.432] Bot11 rotated right to face NORTH
[14:35:57.432] Bot11 executed ROTATE_RIGHT
[14:35:57.432] Starting turn for Bot24
[14:35:57.432] Bot24 rotated left to face WEST
[14:35:57.432] Bot24 executed ROTATE_LEFT
[14:35:57.432] Bot24 rotated left to face SOUTH
[14:35:57.432] Bot24 executed ROTATE_LEFT
[14:35:57.432] Bot24 moved forward to (1,2)
[14:35:57.432] Bot24 executed MOVE_FORWARD
[14:35:57.432] Starting turn for Bot11
[14:35:57.432] Starting turn for Bot24
[14:35:57.432] Starting turn for Bot11
[14:35:57.432] Bot11 rotated right to face EAST
[14:35:57.433] Bot11 executed ROTATE_RIGHT
[14:35:57.433] Bot11 moved forward to (9,9)
[14:35:57.433] Bot11 executed MOVE_FORWARD
[14:35:57.433] Starting turn for Bot24
[14:35:57.433] Starting turn for Bot11
[14:35:57.433] Bot11 rotated left to face NORTH
[14:35:57.433] Bot11 executed ROTATE_LEFT
[14:35:57.433] Bot11 rotated left to face WEST
[14:35:57.433] Bot11 executed ROTATE_LEFT
[14:35:57.433] Bot11 moved forward to (9,8)
[14:35:57.433] Bot11 executed MOVE_FORWARD
[14:35:57.433] Starting turn for Bot24
[14:35:57.433] Bot24 rotated left to face EAST
[14:35:57.433] Bot24 executed ROTATE_LEFT
[14:35:57.433] Bot24 rotated left to face NORTH
[14:35:57.433] Bot24 executed ROTATE_LEFT
[14:35:57.433] Bot24 moved forward to (0,2)
[14:35:57.433] Bot24 executed MOVE_FORWARD
[14:35:57.433] Starting turn for Bot11
[14:35:57.433] Bot11 rotated right to face NORTH
[14:35:57.433] Bot11 executed ROTATE_RIGHT
[14:35:57.433] Starting turn for Bot24
[14:35:57.433] Bot24 rotated left to face WEST
[14:35:57.433] Bot24 executed ROTATE_LEFT
[14:35:57.433] Bot24 rotated left to face SOUTH
[14:35:57.433] Bot24 executed ROTATE_LEFT
[14:35:57.433] Bot24 moved forward to (1,2)
[14:35:57.433] Bot24 executed MOVE_FORWARD
[14:35:57.433] Starting turn for Bot11
[14:35:57.433] Starting turn for Bot24
[14:35:57.433] Starting turn for Bot11
[14:35:57.433] Stalemate detected: State repeated 10 times, unchanged for 1 turns
[14:35:57.433] Game Over! Stalemate detected!
[14:35:57.433] Stalemate detected: State repeated 10 times, unchanged for 1 turns
