[14:36:06.947] === Game Started at 2025-02-04_14-36-06 ===
[14:36:06.947] Game initialized with 2 players
[14:36:06.947] Board size: 10
[14:36:06.947] Obstacle density: 0.05
[14:36:06.947] Max turns: 1000
[14:36:06.947] Player Bot19 starting at position (0,0) facing EAST
[14:36:06.947] Player Bot38 starting at position (9,9) facing WEST
[14:36:06.947] Obstacles at positions: (7,0) (7,7) (8,0) (8,8) (8,9)
[14:36:06.947] Starting turn for Bot19
[14:36:06.947] Bot19 moved forward to (0,1)
[14:36:06.947] Bot19 executed MOVE_FORWARD
[14:36:06.947] Starting turn for Bot38
[14:36:06.947] Bot38 moved forward to (9,8)
[14:36:06.947] Bot38 executed MOVE_FORWARD
[14:36:06.947] Starting turn for Bot19
[14:36:06.947] Bot19 rotated right to face SOUTH
[14:36:06.947] Bot19 executed ROTATE_RIGHT
[14:36:06.947] Bot19 moved forward to (1,1)
[14:36:06.947] Bot19 executed MOVE_FORWARD
[14:36:06.947] Starting turn for Bot38
[14:36:06.947] Bot38 rotated right to face NORTH
[14:36:06.947] Bot38 executed ROTATE_RIGHT
[14:36:06.947] Starting turn for Bot19
[14:36:06.947] Bot19 rotated left to face EAST
[14:36:06.947] Bot19 executed ROTATE_LEFT
[14:36:06.947] Bot19 moved forward to (1,2)
[14:36:06.947] Bot19 executed MOVE_FORWARD
[14:36:06.947] Starting turn for Bot38
[14:36:06.947] Starting turn for Bot19
[14:36:06.947] Bot19 rotated right to face SOUTH
[14:36:06.947] Bot19 executed ROTATE_RIGHT
[14:36:06.947] Bot19 moved forward to (2,2)
[14:36:06.947] Bot19 executed MOVE_FORWARD
[14:36:06.947] Starting turn for Bot38
[14:36:06.947] Bot38 rotated right to face EAST
[14:36:06.947] Bot38 executed ROTATE_RIGHT
[14:36:06.947] Bot38 moved forward to (9,9)
[14:36:06.947] Bot38 executed MOVE_FORWARD
[14:36:06.947] Starting turn for Bot19
[14:36:06.947] Bot19 rotated left to face EAST
[14:36:06.947] Bot19 executed ROTATE_LEFT
[14:36:06.947] Bot19 moved forward to (2,3)
[14:36:06.947] Bot19 executed MOVE_FORWARD
[14:36:06.947] Starting turn for Bot38
[14:36:06.947] Bot38 rotated left to face NORTH
[14:36:06.947] Bot38 executed ROTATE_LEFT
[14:36:06.947] Bot38 rotated left to face WEST
[14:36:06.947] Bot38 executed ROTATE_LEFT
[14:36:06.947] Bot38 moved forward to (9,8)
[14:36:06.947] Bot38 executed MOVE_FORWARD
[14:36:06.947] Starting turn for Bot19
[14:36:06.947] Bot19 rotated right to face SOUTH
[14:36:06.947] Bot19 executed ROTATE_RIGHT
[14:36:06.947] Bot19 moved forward to (3,3)
[14:36:06.947] Bot19 executed MOVE_FORWARD
[14:36:06.947] Starting turn for Bot38
[14:36:06.947] Bot38 rotated right to face NORTH
[14:36:06.947] Bot38 executed ROTATE_RIGHT
[14:36:06.947] Starting turn for Bot19
[14:36:06.947] Bot19 rotated left to face EAST
[14:36:06.947] Bot19 executed ROTATE_LEFT
[14:36:06.947] Bot19 moved forward to (3,4)
[14:36:06.947] Bot19 executed MOVE_FORWARD
[14:36:06.947] Starting turn for Bot38
[14:36:06.947] Starting turn for Bot19
[14:36:06.947] Bot19 rotated right to face SOUTH
[14:36:06.947] Bot19 executed ROTATE_RIGHT
[14:36:06.947] Bot19 moved forward to (4,4)
[14:36:06.947] Bot19 executed MOVE_FORWARD
[14:36:06.947] Starting turn for Bot38
[14:36:06.947] Bot38 rotated right to face EAST
[14:36:06.947] Bot38 executed ROTATE_RIGHT
[14:36:06.947] Bot38 moved forward to (9,9)
[14:36:06.947] Bot38 executed MOVE_FORWARD
[14:36:06.947] Starting turn for Bot19
[14:36:06.947] Bot19 rotated left to face EAST
[14:36:06.947] Bot19 executed ROTATE_LEFT
[14:36:06.947] Bot19 moved forward to (4,5)
[14:36:06.947] Bot19 executed MOVE_FORWARD
[14:36:06.947] Starting turn for Bot38
[14:36:06.947] Bot38 rotated left to face NORTH
[14:36:06.947] Bot38 executed ROTATE_LEFT
[14:36:06.947] Bot38 rotated left to face WEST
[14:36:06.947] Bot38 executed ROTATE_LEFT
[14:36:06.947] Bot38 moved forward to (9,8)
[14:36:06.947] Bot38 executed MOVE_FORWARD
[14:36:06.947] Starting turn for Bot19
[14:36:06.947] Bot19 rotated right to face SOUTH
[14:36:06.947] Bot19 executed ROTATE_RIGHT
[14:36:06.947] Bot19 moved forward to (5,5)
[14:36:06.947] Bot19 executed MOVE_FORWARD
[14:36:06.947] Starting turn for Bot38
[14:36:06.947] Bot38 rotated right to face NORTH
[14:36:06.947] Bot38 executed ROTATE_RIGHT
[14:36:06.947] Starting turn for Bot19
[14:36:06.947] Starting turn for Bot38
[14:36:06.947] Starting turn for Bot19
[14:36:06.947] Starting turn for Bot38
[14:36:06.947] Bot38 rotated right to face EAST
[14:36:06.947] Bot38 executed ROTATE_RIGHT
[14:36:06.947] Bot38 moved forward to (9,9)
[14:36:06.947] Bot38 executed MOVE_FORWARD
[14:36:06.947] Starting turn for Bot19
[14:36:06.947] Starting turn for Bot38
[14:36:06.947] Bot38 rotated left to face NORTH
[14:36:06.947] Bot38 executed ROTATE_LEFT
[14:36:06.947] Bot38 rotated left to face WEST
[14:36:06.947] Bot38 executed ROTATE_LEFT
[14:36:06.947] Bot38 moved forward to (9,8)
[14:36:06.947] Bot38 executed MOVE_FORWARD
[14:36:06.947] Starting turn for Bot19
[14:36:06.947] Starting turn for Bot38
[14:36:06.947] Bot38 rotated right to face NORTH
[14:36:06.947] Bot38 executed ROTATE_RIGHT
[14:36:06.947] Starting turn for Bot19
[14:36:06.947] Starting turn for Bot38
[14:36:06.947] Starting turn for Bot19
[14:36:06.947] Starting turn for Bot38
[14:36:06.948] Bot38 rotated right to face EAST
[14:36:06.948] Bot38 executed ROTATE_RIGHT
[14:36:06.948] Bot38 moved forward to (9,9)
[14:36:06.948] Bot38 executed MOVE_FORWARD
[14:36:06.948] Starting turn for Bot19
[14:36:06.948] Starting turn for Bot38
[14:36:06.948] Bot38 rotated left to face NORTH
[14:36:06.948] Bot38 executed ROTATE_LEFT
[14:36:06.948] Bot38 rotated left to face WEST
[14:36:06.948] Bot38 executed ROTATE_LEFT
[14:36:06.948] Bot38 moved forward to (9,8)
[14:36:06.948] Bot38 executed MOVE_FORWARD
[14:36:06.948] Starting turn for Bot19
[14:36:06.948] Starting turn for Bot38
[14:36:06.948] Bot38 rotated right to face NORTH
[14:36:06.948] Bot38 executed ROTATE_RIGHT
[14:36:06.948] Starting turn for Bot19
[14:36:06.948] Starting turn for Bot38
[14:36:06.948] Starting turn for Bot19
[14:36:06.948] Starting turn for Bot38
[14:36:06.948] Stalemate detected: State repeated 10 times, unchanged for 2 turns
[14:36:06.948] Game Over! Stalemate detected!
[14:36:06.948] Stalemate detected: State repeated 10 times, unchanged for 2 turns
