[14:35:43.408] === Game Started at 2025-02-04_14-35-43 ===
[14:35:43.408] Game initialized with 2 players
[14:35:43.408] Board size: 10
[14:35:43.408] Obstacle density: 0.05
[14:35:43.408] Max turns: 1000
[14:35:43.408] Player Bot9 starting at position (0,0) facing NORTH
[14:35:43.408] Player Bot3 starting at position (9,9) facing NORTH
[14:35:43.408] Obstacles at positions: (0,1) (1,0) (2,5) (4,4) (5,3)
[14:35:43.408] Starting turn for Bot9
[14:35:43.408] Bot9 rotated right to face EAST
[14:35:43.408] Bot9 executed ROTATE_RIGHT
[14:35:43.408] Starting turn for Bot3
[14:35:43.408] Bot3 rotated left to face WEST
[14:35:43.408] Bot3 executed ROTATE_LEFT
[14:35:43.408] Bot3 moved forward to (9,8)
[14:35:43.408] Bot3 executed MOVE_FORWARD
[14:35:43.408] Starting turn for Bot9
[14:35:43.408] Starting turn for Bot3
[14:35:43.408] Bot3 rotated right to face NORTH
[14:35:43.408] Bot3 executed ROTATE_RIGHT
[14:35:43.408] Bot3 moved forward to (8,8)
[14:35:43.408] Bot3 executed MOVE_FORWARD
[14:35:43.408] Starting turn for Bot9
[14:35:43.408] Bot9 rotated right to face SOUTH
[14:35:43.408] Bot9 executed ROTATE_RIGHT
[14:35:43.408] Starting turn for Bot3
[14:35:43.409] Bot3 rotated left to face WEST
[14:35:43.409] Bot3 executed ROTATE_LEFT
[14:35:43.409] Bot3 moved forward to (8,7)
[14:35:43.409] Bot3 executed MOVE_FORWARD
[14:35:43.409] Starting turn for Bot9
[14:35:43.409] Bot9 rotated left to face EAST
[14:35:43.409] Bot9 executed ROTATE_LEFT
[14:35:43.409] Starting turn for Bot3
[14:35:43.409] Bot3 rotated right to face NORTH
[14:35:43.409] Bot3 executed ROTATE_RIGHT
[14:35:43.409] Bot3 moved forward to (7,7)
[14:35:43.409] Bot3 executed MOVE_FORWARD
[14:35:43.409] Starting turn for Bot9
[14:35:43.409] Starting turn for Bot3
[14:35:43.409] Bot3 rotated left to face WEST
[14:35:43.409] Bot3 executed ROTATE_LEFT
[14:35:43.409] Bot3 moved forward to (7,6)
[14:35:43.409] Bot3 executed MOVE_FORWARD
[14:35:43.409] Starting turn for Bot9
[14:35:43.409] Bot9 rotated right to face SOUTH
[14:35:43.409] Bot9 executed ROTATE_RIGHT
[14:35:43.409] Starting turn for Bot3
[14:35:43.409] Bot3 rotated right to face NORTH
[14:35:43.409] Bot3 executed ROTATE_RIGHT
[14:35:43.409] Bot3 moved forward to (6,6)
[14:35:43.409] Bot3 executed MOVE_FORWARD
[14:35:43.409] Starting turn for Bot9
[14:35:43.409] Bot9 rotated left to face EAST
[14:35:43.409] Bot9 executed ROTATE_LEFT
[14:35:43.409] Starting turn for Bot3
[14:35:43.409] Bot3 rotated left to face WEST
[14:35:43.409] Bot3 executed ROTATE_LEFT
[14:35:43.409] Bot3 moved forward to (6,5)
[14:35:43.409] Bot3 executed MOVE_FORWARD
[14:35:43.409] Starting turn for Bot9
[14:35:43.409] Starting turn for Bot3
[14:35:43.409] Bot3 rotated right to face NORTH
[14:35:43.409] Bot3 executed ROTATE_RIGHT
[14:35:43.409] Bot3 moved forward to (5,5)
[14:35:43.409] Bot3 executed MOVE_FORWARD
[14:35:43.409] Starting turn for Bot9
[14:35:43.409] Bot9 rotated right to face SOUTH
[14:35:43.409] Bot9 executed ROTATE_RIGHT
[14:35:43.409] Starting turn for Bot3
[14:35:43.409] Starting turn for Bot9
[14:35:43.409] Bot9 rotated left to face EAST
[14:35:43.409] Bot9 executed ROTATE_LEFT
[14:35:43.409] Starting turn for Bot3
[14:35:43.409] Starting turn for Bot9
[14:35:43.409] Starting turn for Bot3
[14:35:43.409] Starting turn for Bot9
[14:35:43.409] Bot9 rotated right to face SOUTH
[14:35:43.409] Bot9 executed ROTATE_RIGHT
[14:35:43.409] Starting turn for Bot3
[14:35:43.409] Starting turn for Bot9
[14:35:43.409] Bot9 rotated left to face EAST
[14:35:43.409] Bot9 executed ROTATE_LEFT
[14:35:43.409] Starting turn for Bot3
[14:35:43.409] Starting turn for Bot9
[14:35:43.409] Starting turn for Bot3
[14:35:43.409] Starting turn for Bot9
[14:35:43.409] Bot9 rotated right to face SOUTH
[14:35:43.409] Bot9 executed ROTATE_RIGHT
[14:35:43.409] Starting turn for Bot3
[14:35:43.409] Starting turn for Bot9
[14:35:43.409] Bot9 rotated left to face EAST
[14:35:43.409] Bot9 executed ROTATE_LEFT
[14:35:43.409] Starting turn for Bot3
[14:35:43.409] Starting turn for Bot9
[14:35:43.409] Starting turn for Bot3
[14:35:43.409] Starting turn for Bot9
[14:35:43.409] Bot9 rotated right to face SOUTH
[14:35:43.409] Bot9 executed ROTATE_RIGHT
[14:35:43.409] Starting turn for Bot3
[14:35:43.409] Starting turn for Bot9
[14:35:43.409] Bot9 rotated left to face EAST
[14:35:43.409] Bot9 executed ROTATE_LEFT
[14:35:43.409] Starting turn for Bot3
[14:35:43.409] Starting turn for Bot9
[14:35:43.409] Starting turn for Bot3
[14:35:43.409] Stalemate detected: State repeated 10 times, unchanged for 3 turns
[14:35:43.409] Game Over! Stalemate detected!
[14:35:43.409] Stalemate detected: State repeated 10 times, unchanged for 3 turns
