[14:36:06.178] === Game Started at 2025-02-04_14-36-06 ===
[14:36:06.178] Game initialized with 2 players
[14:36:06.178] Board size: 10
[14:36:06.178] Obstacle density: 0.05
[14:36:06.178] Max turns: 1000
[14:36:06.178] Player Bot18 starting at position (0,0) facing EAST
[14:36:06.178] Player Bot40 starting at position (9,9) facing NORTH
[14:36:06.178] Obstacles at positions: (4,7) (5,8) (7,7) (7,9) (9,3)
[14:36:06.178] Starting turn for Bot18
[14:36:06.178] Bot18 moved forward to (0,1)
[14:36:06.178] Bot18 executed MOVE_FORWARD
[14:36:06.178] Starting turn for Bot40
[14:36:06.178] Bot40 rotated left to face WEST
[14:36:06.178] Bot40 executed ROTATE_LEFT
[14:36:06.178] Bot40 moved forward to (9,8)
[14:36:06.178] Bot40 executed MOVE_FORWARD
[14:36:06.178] Starting turn for Bot18
[14:36:06.178] Bot18 rotated right to face SOUTH
[14:36:06.178] Bot18 executed ROTATE_RIGHT
[14:36:06.178] Bot18 moved forward to (1,1)
[14:36:06.178] Bot18 executed MOVE_FORWARD
[14:36:06.178] Starting turn for Bot40
[14:36:06.178] Bot40 rotated right to face NORTH
[14:36:06.178] Bot40 executed ROTATE_RIGHT
[14:36:06.178] Bot40 moved forward to (8,8)
[14:36:06.178] Bot40 executed MOVE_FORWARD
[14:36:06.178] Starting turn for Bot18
[14:36:06.178] Bot18 rotated left to face EAST
[14:36:06.178] Bot18 executed ROTATE_LEFT
[14:36:06.178] Bot18 moved forward to (1,2)
[14:36:06.178] Bot18 executed MOVE_FORWARD
[14:36:06.178] Starting turn for Bot40
[14:36:06.178] Bot40 rotated left to face WEST
[14:36:06.178] Bot40 executed ROTATE_LEFT
[14:36:06.178] Bot40 moved forward to (8,7)
[14:36:06.178] Bot40 executed MOVE_FORWARD
[14:36:06.178] Starting turn for Bot18
[14:36:06.178] Bot18 rotated right to face SOUTH
[14:36:06.178] Bot18 executed ROTATE_RIGHT
[14:36:06.178] Bot18 moved forward to (2,2)
[14:36:06.178] Bot18 executed MOVE_FORWARD
[14:36:06.178] Starting turn for Bot40
[14:36:06.178] Bot40 rotated right to face NORTH
[14:36:06.178] Bot40 executed ROTATE_RIGHT
[14:36:06.178] Starting turn for Bot18
[14:36:06.178] Bot18 rotated left to face EAST
[14:36:06.178] Bot18 executed ROTATE_LEFT
[14:36:06.178] Bot18 moved forward to (2,3)
[14:36:06.178] Bot18 executed MOVE_FORWARD
[14:36:06.178] Starting turn for Bot40
[14:36:06.178] Starting turn for Bot18
[14:36:06.178] Bot18 rotated right to face SOUTH
[14:36:06.178] Bot18 executed ROTATE_RIGHT
[14:36:06.178] Bot18 moved forward to (3,3)
[14:36:06.178] Bot18 executed MOVE_FORWARD
[14:36:06.178] Starting turn for Bot40
[14:36:06.178] Bot40 rotated right to face EAST
[14:36:06.178] Bot40 executed ROTATE_RIGHT
[14:36:06.178] Bot40 moved forward to (8,8)
[14:36:06.178] Bot40 executed MOVE_FORWARD
[14:36:06.178] Starting turn for Bot18
[14:36:06.178] Bot18 rotated left to face EAST
[14:36:06.178] Bot18 executed ROTATE_LEFT
[14:36:06.178] Bot18 moved forward to (3,4)
[14:36:06.178] Bot18 executed MOVE_FORWARD
[14:36:06.178] Starting turn for Bot40
[14:36:06.178] Bot40 rotated left to face NORTH
[14:36:06.178] Bot40 executed ROTATE_LEFT
[14:36:06.178] Bot40 rotated left to face WEST
[14:36:06.178] Bot40 executed ROTATE_LEFT
[14:36:06.178] Bot40 moved forward to (8,7)
[14:36:06.178] Bot40 executed MOVE_FORWARD
[14:36:06.178] Starting turn for Bot18
[14:36:06.178] Bot18 rotated right to face SOUTH
[14:36:06.178] Bot18 executed ROTATE_RIGHT
[14:36:06.178] Bot18 moved forward to (4,4)
[14:36:06.178] Bot18 executed MOVE_FORWARD
[14:36:06.178] Starting turn for Bot40
[14:36:06.178] Bot40 rotated right to face NORTH
[14:36:06.178] Bot40 executed ROTATE_RIGHT
[14:36:06.178] Starting turn for Bot18
[14:36:06.178] Bot18 rotated left to face EAST
[14:36:06.178] Bot18 executed ROTATE_LEFT
[14:36:06.178] Bot18 moved forward to (4,5)
[14:36:06.178] Bot18 executed MOVE_FORWARD
[14:36:06.178] Starting turn for Bot40
[14:36:06.178] Starting turn for Bot18
[14:36:06.178] Bot18 rotated right to face SOUTH
[14:36:06.178] Bot18 executed ROTATE_RIGHT
[14:36:06.178] Bot18 moved forward to (5,5)
[14:36:06.178] Bot18 executed MOVE_FORWARD
[14:36:06.178] Starting turn for Bot40
[14:36:06.178] Bot40 rotated right to face EAST
[14:36:06.178] Bot40 executed ROTATE_RIGHT
[14:36:06.178] Bot40 moved forward to (8,8)
[14:36:06.178] Bot40 executed MOVE_FORWARD
[14:36:06.178] Starting turn for Bot18
[14:36:06.178] Starting turn for Bot40
[14:36:06.178] Bot40 rotated left to face NORTH
[14:36:06.178] Bot40 executed ROTATE_LEFT
[14:36:06.178] Bot40 rotated left to face WEST
[14:36:06.178] Bot40 executed ROTATE_LEFT
[14:36:06.178] Bot40 moved forward to (8,7)
[14:36:06.178] Bot40 executed MOVE_FORWARD
[14:36:06.178] Starting turn for Bot18
[14:36:06.178] Starting turn for Bot40
[14:36:06.178] Bot40 rotated right to face NORTH
[14:36:06.178] Bot40 executed ROTATE_RIGHT
[14:36:06.178] Starting turn for Bot18
[14:36:06.178] Starting turn for Bot40
[14:36:06.178] Starting turn for Bot18
[14:36:06.178] Starting turn for Bot40
[14:36:06.178] Bot40 rotated right to face EAST
[14:36:06.178] Bot40 executed ROTATE_RIGHT
[14:36:06.178] Bot40 moved forward to (8,8)
[14:36:06.178] Bot40 executed MOVE_FORWARD
[14:36:06.178] Starting turn for Bot18
[14:36:06.178] Starting turn for Bot40
[14:36:06.178] Bot40 rotated left to face NORTH
[14:36:06.178] Bot40 executed ROTATE_LEFT
[14:36:06.178] Bot40 rotated left to face WEST
[14:36:06.178] Bot40 executed ROTATE_LEFT
[14:36:06.178] Bot40 moved forward to (8,7)
[14:36:06.178] Bot40 executed MOVE_FORWARD
[14:36:06.178] Starting turn for Bot18
[14:36:06.178] Starting turn for Bot40
[14:36:06.178] Bot40 rotated right to face NORTH
[14:36:06.179] Bot40 executed ROTATE_RIGHT
[14:36:06.179] Starting turn for Bot18
[14:36:06.179] Starting turn for Bot40
[14:36:06.179] Starting turn for Bot18
[14:36:06.179] Starting turn for Bot40
[14:36:06.179] Bot40 rotated right to face EAST
[14:36:06.179] Bot40 executed ROTATE_RIGHT
[14:36:06.179] Bot40 moved forward to (8,8)
[14:36:06.179] Bot40 executed MOVE_FORWARD
[14:36:06.179] Starting turn for Bot18
[14:36:06.179] Starting turn for Bot40
[14:36:06.179] Bot40 rotated left to face NORTH
[14:36:06.179] Bot40 executed ROTATE_LEFT
[14:36:06.179] Bot40 rotated left to face WEST
[14:36:06.179] Bot40 executed ROTATE_LEFT
[14:36:06.179] Bot40 moved forward to (8,7)
[14:36:06.179] Bot40 executed MOVE_FORWARD
[14:36:06.179] Starting turn for Bot18
[14:36:06.179] Starting turn for Bot40
[14:36:06.179] Bot40 rotated right to face NORTH
[14:36:06.179] Bot40 executed ROTATE_RIGHT
[14:36:06.179] Starting turn for Bot18
[14:36:06.179] Stalemate detected: State repeated 10 times, unchanged for 1 turns
[14:36:06.179] Game Over! Stalemate detected!
[14:36:06.179] Stalemate detected: State repeated 10 times, unchanged for 1 turns
