[14:36:04.138] === Game Started at 2025-02-04_14-36-04 ===
[14:36:04.138] Game initialized with 2 players
[14:36:04.138] Board size: 10
[14:36:04.138] Obstacle density: 0.05
[14:36:04.138] Max turns: 1000
[14:36:04.138] Player Bot18 starting at position (0,0) facing SOUTH
[14:36:04.138] Player Bot17 starting at position (9,9) facing WEST
[14:36:04.138] Obstacles at positions: (1,4) (2,2) (4,6) (6,6) (8,6)
[14:36:04.138] Starting turn for Bot18
[14:36:04.138] Bot18 rotated left to face EAST
[14:36:04.138] Bot18 executed ROTATE_LEFT
[14:36:04.138] Bot18 moved forward to (0,1)
[14:36:04.138] Bot18 executed MOVE_FORWARD
[14:36:04.138] Starting turn for Bot17
[14:36:04.138] Bot17 moved forward to (9,8)
[14:36:04.138] Bot17 executed MOVE_FORWARD
[14:36:04.138] Starting turn for Bot18
[14:36:04.138] Bot18 rotated right to face SOUTH
[14:36:04.138] Bot18 executed ROTATE_RIGHT
[14:36:04.138] Bot18 moved forward to (1,1)
[14:36:04.138] Bot18 executed MOVE_FORWARD
[14:36:04.138] Starting turn for Bot17
[14:36:04.138] Bot17 rotated right to face NORTH
[14:36:04.138] Bot17 executed ROTATE_RIGHT
[14:36:04.138] Bot17 moved forward to (8,8)
[14:36:04.138] Bot17 executed MOVE_FORWARD
[14:36:04.138] Starting turn for Bot18
[14:36:04.138] Bot18 rotated left to face EAST
[14:36:04.138] Bot18 executed ROTATE_LEFT
[14:36:04.138] Bot18 moved forward to (1,2)
[14:36:04.138] Bot18 executed MOVE_FORWARD
[14:36:04.138] Starting turn for Bot17
[14:36:04.138] Bot17 rotated left to face WEST
[14:36:04.138] Bot17 executed ROTATE_LEFT
[14:36:04.138] Bot17 moved forward to (8,7)
[14:36:04.138] Bot17 executed MOVE_FORWARD
[14:36:04.138] Starting turn for Bot18
[14:36:04.138] Bot18 rotated right to face SOUTH
[14:36:04.138] Bot18 executed ROTATE_RIGHT
[14:36:04.138] Starting turn for Bot17
[14:36:04.138] Bot17 rotated right to face NORTH
[14:36:04.138] Bot17 executed ROTATE_RIGHT
[14:36:04.138] Bot17 moved forward to (7,7)
[14:36:04.138] Bot17 executed MOVE_FORWARD
[14:36:04.138] Starting turn for Bot18
[14:36:04.138] Starting turn for Bot17
[14:36:04.138] Bot17 rotated left to face WEST
[14:36:04.138] Bot17 executed ROTATE_LEFT
[14:36:04.138] Bot17 moved forward to (7,6)
[14:36:04.138] Bot17 executed MOVE_FORWARD
[14:36:04.138] Starting turn for Bot18
[14:36:04.138] Bot18 rotated left to face EAST
[14:36:04.138] Bot18 executed ROTATE_LEFT
[14:36:04.138] Bot18 rotated left to face NORTH
[14:36:04.138] Bot18 executed ROTATE_LEFT
[14:36:04.138] Bot18 moved forward to (0,2)
[14:36:04.138] Bot18 executed MOVE_FORWARD
[14:36:04.138] Starting turn for Bot17
[14:36:04.138] Bot17 rotated right to face NORTH
[14:36:04.138] Bot17 executed ROTATE_RIGHT
[14:36:04.138] Starting turn for Bot18
[14:36:04.138] Bot18 rotated left to face WEST
[14:36:04.138] Bot18 executed ROTATE_LEFT
[14:36:04.138] Bot18 rotated left to face SOUTH
[14:36:04.138] Bot18 executed ROTATE_LEFT
[14:36:04.138] Bot18 moved forward to (1,2)
[14:36:04.138] Bot18 executed MOVE_FORWARD
[14:36:04.138] Starting turn for Bot17
[14:36:04.138] Starting turn for Bot18
[14:36:04.138] Starting turn for Bot17
[14:36:04.138] Bot17 rotated right to face EAST
[14:36:04.138] Bot17 executed ROTATE_RIGHT
[14:36:04.138] Bot17 moved forward to (7,7)
[14:36:04.138] Bot17 executed MOVE_FORWARD
[14:36:04.138] Starting turn for Bot18
[14:36:04.138] Starting turn for Bot17
[14:36:04.138] Bot17 rotated left to face NORTH
[14:36:04.138] Bot17 executed ROTATE_LEFT
[14:36:04.138] Bot17 rotated left to face WEST
[14:36:04.138] Bot17 executed ROTATE_LEFT
[14:36:04.138] Bot17 moved forward to (7,6)
[14:36:04.138] Bot17 executed MOVE_FORWARD
[14:36:04.138] Starting turn for Bot18
[14:36:04.138] Bot18 rotated left to face EAST
[14:36:04.138] Bot18 executed ROTATE_LEFT
[14:36:04.138] Bot18 rotated left to face NORTH
[14:36:04.138] Bot18 executed ROTATE_LEFT
[14:36:04.138] Bot18 moved forward to (0,2)
[14:36:04.138] Bot18 executed MOVE_FORWARD
[14:36:04.138] Starting turn for Bot17
[14:36:04.138] Bot17 rotated right to face NORTH
[14:36:04.138] Bot17 executed ROTATE_RIGHT
[14:36:04.139] Starting turn for Bot18
[14:36:04.139] Bot18 rotated left to face WEST
[14:36:04.139] Bot18 executed ROTATE_LEFT
[14:36:04.139] Bot18 rotated left to face SOUTH
[14:36:04.139] Bot18 executed ROTATE_LEFT
[14:36:04.139] Bot18 moved forward to (1,2)
[14:36:04.139] Bot18 executed MOVE_FORWARD
[14:36:04.139] Starting turn for Bot17
[14:36:04.139] Starting turn for Bot18
[14:36:04.139] Starting turn for Bot17
[14:36:04.139] Bot17 rotated right to face EAST
[14:36:04.139] Bot17 executed ROTATE_RIGHT
[14:36:04.139] Bot17 moved forward to (7,7)
[14:36:04.139] Bot17 executed MOVE_FORWARD
[14:36:04.139] Starting turn for Bot18
[14:36:04.139] Starting turn for Bot17
[14:36:04.139] Bot17 rotated left to face NORTH
[14:36:04.139] Bot17 executed ROTATE_LEFT
[14:36:04.139] Bot17 rotated left to face WEST
[14:36:04.139] Bot17 executed ROTATE_LEFT
[14:36:04.139] Bot17 moved forward to (7,6)
[14:36:04.139] Bot17 executed MOVE_FORWARD
[14:36:04.139] Starting turn for Bot18
[14:36:04.139] Bot18 rotated left to face EAST
[14:36:04.139] Bot18 executed ROTATE_LEFT
[14:36:04.139] Bot18 rotated left to face NORTH
[14:36:04.139] Bot18 executed ROTATE_LEFT
[14:36:04.139] Bot18 moved forward to (0,2)
[14:36:04.139] Bot18 executed MOVE_FORWARD
[14:36:04.139] Starting turn for Bot17
[14:36:04.139] Bot17 rotated right to face NORTH
[14:36:04.139] Bot17 executed ROTATE_RIGHT
[14:36:04.139] Starting turn for Bot18
[14:36:04.139] Bot18 rotated left to face WEST
[14:36:04.139] Bot18 executed ROTATE_LEFT
[14:36:04.139] Bot18 rotated left to face SOUTH
[14:36:04.139] Bot18 executed ROTATE_LEFT
[14:36:04.139] Bot18 moved forward to (1,2)
[14:36:04.139] Bot18 executed MOVE_FORWARD
[14:36:04.139] Starting turn for Bot17
[14:36:04.139] Starting turn for Bot18
[14:36:04.139] Starting turn for Bot17
[14:36:04.139] Bot17 rotated right to face EAST
[14:36:04.139] Bot17 executed ROTATE_RIGHT
[14:36:04.139] Bot17 moved forward to (7,7)
[14:36:04.139] Bot17 executed MOVE_FORWARD
[14:36:04.139] Starting turn for Bot18
[14:36:04.139] Starting turn for Bot17
[14:36:04.139] Bot17 rotated left to face NORTH
[14:36:04.139] Bot17 executed ROTATE_LEFT
[14:36:04.139] Bot17 rotated left to face WEST
[14:36:04.139] Bot17 executed ROTATE_LEFT
[14:36:04.139] Bot17 moved forward to (7,6)
[14:36:04.139] Bot17 executed MOVE_FORWARD
[14:36:04.139] Starting turn for Bot18
[14:36:04.139] Bot18 rotated left to face EAST
[14:36:04.139] Bot18 executed ROTATE_LEFT
[14:36:04.139] Bot18 rotated left to face NORTH
[14:36:04.139] Bot18 executed ROTATE_LEFT
[14:36:04.139] Bot18 moved forward to (0,2)
[14:36:04.139] Bot18 executed MOVE_FORWARD
[14:36:04.139] Starting turn for Bot17
[14:36:04.139] Bot17 rotated right to face NORTH
[14:36:04.139] Bot17 executed ROTATE_RIGHT
[14:36:04.139] Starting turn for Bot18
[14:36:04.139] Bot18 rotated left to face WEST
[14:36:04.139] Bot18 executed ROTATE_LEFT
[14:36:04.139] Bot18 rotated left to face SOUTH
[14:36:04.139] Bot18 executed ROTATE_LEFT
[14:36:04.139] Bot18 moved forward to (1,2)
[14:36:04.139] Bot18 executed MOVE_FORWARD
[14:36:04.139] Starting turn for Bot17
[14:36:04.139] Starting turn for Bot18
[14:36:04.139] Starting turn for Bot17
[14:36:04.139] Stalemate detected: State repeated 10 times, unchanged for 1 turns
[14:36:04.139] Game Over! Stalemate detected!
[14:36:04.139] Stalemate detected: State repeated 10 times, unchanged for 1 turns
