[14:36:13.413] === Game Started at 2025-02-04_14-36-13 ===
[14:36:13.413] Game initialized with 2 players
[14:36:13.413] Board size: 10
[14:36:13.413] Obstacle density: 0.05
[14:36:13.413] Max turns: 1000
[14:36:13.413] Player Bot29 starting at position (0,0) facing EAST
[14:36:13.413] Player Bot31 starting at position (9,9) facing NORTH
[14:36:13.413] Obstacles at positions: (1,3) (2,3) (3,6) (6,2) (9,2)
[14:36:13.413] Starting turn for Bot29
[14:36:13.413] Bot29 moved forward to (0,1)
[14:36:13.413] Bot29 executed MOVE_FORWARD
[14:36:13.413] Starting turn for Bot31
[14:36:13.413] Bot31 rotated left to face WEST
[14:36:13.413] Bot31 executed ROTATE_LEFT
[14:36:13.413] Bot31 moved forward to (9,8)
[14:36:13.413] Bot31 executed MOVE_FORWARD
[14:36:13.413] Starting turn for Bot29
[14:36:13.413] Bot29 rotated right to face SOUTH
[14:36:13.413] Bot29 executed ROTATE_RIGHT
[14:36:13.413] Bot29 moved forward to (1,1)
[14:36:13.413] Bot29 executed MOVE_FORWARD
[14:36:13.413] Starting turn for Bot31
[14:36:13.413] Bot31 rotated right to face NORTH
[14:36:13.413] Bot31 executed ROTATE_RIGHT
[14:36:13.413] Bot31 moved forward to (8,8)
[14:36:13.413] Bot31 executed MOVE_FORWARD
[14:36:13.413] Starting turn for Bot29
[14:36:13.413] Bot29 rotated left to face EAST
[14:36:13.413] Bot29 executed ROTATE_LEFT
[14:36:13.413] Bot29 moved forward to (1,2)
[14:36:13.413] Bot29 executed MOVE_FORWARD
[14:36:13.413] Starting turn for Bot31
[14:36:13.414] Bot31 rotated left to face WEST
[14:36:13.414] Bot31 executed ROTATE_LEFT
[14:36:13.414] Bot31 moved forward to (8,7)
[14:36:13.414] Bot31 executed MOVE_FORWARD
[14:36:13.414] Starting turn for Bot29
[14:36:13.414] Bot29 rotated right to face SOUTH
[14:36:13.414] Bot29 executed ROTATE_RIGHT
[14:36:13.414] Bot29 moved forward to (2,2)
[14:36:13.414] Bot29 executed MOVE_FORWARD
[14:36:13.414] Starting turn for Bot31
[14:36:13.414] Bot31 rotated right to face NORTH
[14:36:13.414] Bot31 executed ROTATE_RIGHT
[14:36:13.414] Bot31 moved forward to (7,7)
[14:36:13.414] Bot31 executed MOVE_FORWARD
[14:36:13.414] Starting turn for Bot29
[14:36:13.414] Bot29 rotated left to face EAST
[14:36:13.414] Bot29 executed ROTATE_LEFT
[14:36:13.414] Starting turn for Bot31
[14:36:13.414] Bot31 rotated left to face WEST
[14:36:13.414] Bot31 executed ROTATE_LEFT
[14:36:13.414] Bot31 moved forward to (7,6)
[14:36:13.414] Bot31 executed MOVE_FORWARD
[14:36:13.414] Starting turn for Bot29
[14:36:13.414] Starting turn for Bot31
[14:36:13.414] Bot31 rotated right to face NORTH
[14:36:13.414] Bot31 executed ROTATE_RIGHT
[14:36:13.414] Bot31 moved forward to (6,6)
[14:36:13.414] Bot31 executed MOVE_FORWARD
[14:36:13.414] Starting turn for Bot29
[14:36:13.414] Bot29 rotated left to face NORTH
[14:36:13.414] Bot29 executed ROTATE_LEFT
[14:36:13.414] Bot29 moved forward to (1,2)
[14:36:13.414] Bot29 executed MOVE_FORWARD
[14:36:13.414] Starting turn for Bot31
[14:36:13.414] Bot31 rotated left to face WEST
[14:36:13.414] Bot31 executed ROTATE_LEFT
[14:36:13.414] Bot31 moved forward to (6,5)
[14:36:13.414] Bot31 executed MOVE_FORWARD
[14:36:13.414] Starting turn for Bot29
[14:36:13.414] Bot29 rotated left to face WEST
[14:36:13.414] Bot29 executed ROTATE_LEFT
[14:36:13.414] Bot29 rotated left to face SOUTH
[14:36:13.414] Bot29 executed ROTATE_LEFT
[14:36:13.414] Bot29 moved forward to (2,2)
[14:36:13.414] Bot29 executed MOVE_FORWARD
[14:36:13.414] Starting turn for Bot31
[14:36:13.414] Bot31 rotated right to face NORTH
[14:36:13.414] Bot31 executed ROTATE_RIGHT
[14:36:13.414] Bot31 moved forward to (5,5)
[14:36:13.414] Bot31 executed MOVE_FORWARD
[14:36:13.414] Starting turn for Bot29
[14:36:13.414] Bot29 rotated left to face EAST
[14:36:13.414] Bot29 executed ROTATE_LEFT
[14:36:13.414] Starting turn for Bot31
[14:36:13.414] Starting turn for Bot29
[14:36:13.414] Starting turn for Bot31
[14:36:13.414] Starting turn for Bot29
[14:36:13.414] Bot29 rotated left to face NORTH
[14:36:13.414] Bot29 executed ROTATE_LEFT
[14:36:13.414] Bot29 moved forward to (1,2)
[14:36:13.414] Bot29 executed MOVE_FORWARD
[14:36:13.414] Starting turn for Bot31
[14:36:13.414] Starting turn for Bot29
[14:36:13.414] Bot29 rotated left to face WEST
[14:36:13.414] Bot29 executed ROTATE_LEFT
[14:36:13.414] Bot29 rotated left to face SOUTH
[14:36:13.414] Bot29 executed ROTATE_LEFT
[14:36:13.414] Bot29 moved forward to (2,2)
[14:36:13.414] Bot29 executed MOVE_FORWARD
[14:36:13.414] Starting turn for Bot31
[14:36:13.414] Starting turn for Bot29
[14:36:13.414] Bot29 rotated left to face EAST
[14:36:13.414] Bot29 executed ROTATE_LEFT
[14:36:13.414] Starting turn for Bot31
[14:36:13.414] Starting turn for Bot29
[14:36:13.414] Starting turn for Bot31
[14:36:13.414] Starting turn for Bot29
[14:36:13.414] Bot29 rotated left to face NORTH
[14:36:13.414] Bot29 executed ROTATE_LEFT
[14:36:13.414] Bot29 moved forward to (1,2)
[14:36:13.414] Bot29 executed MOVE_FORWARD
[14:36:13.414] Starting turn for Bot31
[14:36:13.414] Starting turn for Bot29
[14:36:13.414] Bot29 rotated left to face WEST
[14:36:13.414] Bot29 executed ROTATE_LEFT
[14:36:13.414] Bot29 rotated left to face SOUTH
[14:36:13.414] Bot29 executed ROTATE_LEFT
[14:36:13.414] Bot29 moved forward to (2,2)
[14:36:13.414] Bot29 executed MOVE_FORWARD
[14:36:13.414] Starting turn for Bot31
[14:36:13.414] Starting turn for Bot29
[14:36:13.414] Bot29 rotated left to face EAST
[14:36:13.414] Bot29 executed ROTATE_LEFT
[14:36:13.414] Starting turn for Bot31
[14:36:13.414] Starting turn for Bot29
[14:36:13.414] Starting turn for Bot31
[14:36:13.414] Starting turn for Bot29
[14:36:13.414] Bot29 rotated left to face NORTH
[14:36:13.414] Bot29 executed ROTATE_LEFT
[14:36:13.414] Bot29 moved forward to (1,2)
[14:36:13.414] Bot29 executed MOVE_FORWARD
[14:36:13.414] Starting turn for Bot31
[14:36:13.414] Starting turn for Bot29
[14:36:13.414] Bot29 rotated left to face WEST
[14:36:13.414] Bot29 executed ROTATE_LEFT
[14:36:13.414] Bot29 rotated left to face SOUTH
[14:36:13.414] Bot29 executed ROTATE_LEFT
[14:36:13.414] Bot29 moved forward to (2,2)
[14:36:13.414] Bot29 executed MOVE_FORWARD
[14:36:13.414] Starting turn for Bot31
[14:36:13.414] Starting turn for Bot29
[14:36:13.414] Bot29 rotated left to face EAST
[14:36:13.414] Bot29 executed ROTATE_LEFT
[14:36:13.414] Starting turn for Bot31
[14:36:13.414] Stalemate detected: State repeated 10 times, unchanged for 1 turns
[14:36:13.414] Game Over! Stalemate detected!
[14:36:13.414] Stalemate detected: State repeated 10 times, unchanged for 1 turns
