[14:36:11.952] === Game Started at 2025-02-04_14-36-11 ===
[14:36:11.952] Game initialized with 2 players
[14:36:11.952] Board size: 10
[14:36:11.952] Obstacle density: 0.05
[14:36:11.952] Max turns: 1000
[14:36:11.952] Player Bot33 starting at position (0,0) facing SOUTH
[14:36:11.952] Player Bot26 starting at position (9,9) facing WEST
[14:36:11.952] Obstacles at positions: (1,2) (1,5) (2,5) (3,8) (4,9)
[14:36:11.952] Starting turn for Bot33
[14:36:11.952] Bot33 rotated left to face EAST
[14:36:11.952] Bot33 executed ROTATE_LEFT
[14:36:11.952] Bot33 moved forward to (0,1)
[14:36:11.952] Bot33 executed MOVE_FORWARD
[14:36:11.952] Starting turn for Bot26
[14:36:11.952] Bot26 moved forward to (9,8)
[14:36:11.952] Bot26 executed MOVE_FORWARD
[14:36:11.952] Starting turn for Bot33
[14:36:11.952] Bot33 rotated right to face SOUTH
[14:36:11.952] Bot33 executed ROTATE_RIGHT
[14:36:11.952] Bot33 moved forward to (1,1)
[14:36:11.952] Bot33 executed MOVE_FORWARD
[14:36:11.952] Starting turn for Bot26
[14:36:11.952] Bot26 rotated right to face NORTH
[14:36:11.952] Bot26 executed ROTATE_RIGHT
[14:36:11.952] Bot26 moved forward to (8,8)
[14:36:11.952] Bot26 executed MOVE_FORWARD
[14:36:11.952] Starting turn for Bot33
[14:36:11.952] Bot33 rotated left to face EAST
[14:36:11.952] Bot33 executed ROTATE_LEFT
[14:36:11.952] Starting turn for Bot26
[14:36:11.952] Bot26 rotated left to face WEST
[14:36:11.952] Bot26 executed ROTATE_LEFT
[14:36:11.952] Bot26 moved forward to (8,7)
[14:36:11.952] Bot26 executed MOVE_FORWARD
[14:36:11.952] Starting turn for Bot33
[14:36:11.952] Starting turn for Bot26
[14:36:11.952] Bot26 rotated right to face NORTH
[14:36:11.952] Bot26 executed ROTATE_RIGHT
[14:36:11.952] Bot26 moved forward to (7,7)
[14:36:11.952] Bot26 executed MOVE_FORWARD
[14:36:11.952] Starting turn for Bot33
[14:36:11.952] Bot33 rotated left to face NORTH
[14:36:11.952] Bot33 executed ROTATE_LEFT
[14:36:11.952] Bot33 moved forward to (0,1)
[14:36:11.952] Bot33 executed MOVE_FORWARD
[14:36:11.952] Starting turn for Bot26
[14:36:11.952] Bot26 rotated left to face WEST
[14:36:11.952] Bot26 executed ROTATE_LEFT
[14:36:11.952] Bot26 moved forward to (7,6)
[14:36:11.952] Bot26 executed MOVE_FORWARD
[14:36:11.952] Starting turn for Bot33
[14:36:11.952] Bot33 rotated left to face WEST
[14:36:11.952] Bot33 executed ROTATE_LEFT
[14:36:11.952] Bot33 rotated left to face SOUTH
[14:36:11.952] Bot33 executed ROTATE_LEFT
[14:36:11.952] Bot33 moved forward to (1,1)
[14:36:11.952] Bot33 executed MOVE_FORWARD
[14:36:11.952] Starting turn for Bot26
[14:36:11.952] Bot26 rotated right to face NORTH
[14:36:11.952] Bot26 executed ROTATE_RIGHT
[14:36:11.952] Bot26 moved forward to (6,6)
[14:36:11.952] Bot26 executed MOVE_FORWARD
[14:36:11.952] Starting turn for Bot33
[14:36:11.952] Bot33 rotated left to face EAST
[14:36:11.952] Bot33 executed ROTATE_LEFT
[14:36:11.952] Starting turn for Bot26
[14:36:11.952] Bot26 rotated left to face WEST
[14:36:11.952] Bot26 executed ROTATE_LEFT
[14:36:11.952] Bot26 moved forward to (6,5)
[14:36:11.952] Bot26 executed MOVE_FORWARD
[14:36:11.952] Starting turn for Bot33
[14:36:11.952] Starting turn for Bot26
[14:36:11.952] Bot26 rotated right to face NORTH
[14:36:11.952] Bot26 executed ROTATE_RIGHT
[14:36:11.952] Bot26 moved forward to (5,5)
[14:36:11.952] Bot26 executed MOVE_FORWARD
[14:36:11.952] Starting turn for Bot33
[14:36:11.952] Bot33 rotated left to face NORTH
[14:36:11.952] Bot33 executed ROTATE_LEFT
[14:36:11.952] Bot33 moved forward to (0,1)
[14:36:11.952] Bot33 executed MOVE_FORWARD
[14:36:11.952] Starting turn for Bot26
[14:36:11.952] Starting turn for Bot33
[14:36:11.952] Bot33 rotated left to face WEST
[14:36:11.952] Bot33 executed ROTATE_LEFT
[14:36:11.952] Bot33 rotated left to face SOUTH
[14:36:11.952] Bot33 executed ROTATE_LEFT
[14:36:11.952] Bot33 moved forward to (1,1)
[14:36:11.952] Bot33 executed MOVE_FORWARD
[14:36:11.952] Starting turn for Bot26
[14:36:11.952] Starting turn for Bot33
[14:36:11.952] Bot33 rotated left to face EAST
[14:36:11.952] Bot33 executed ROTATE_LEFT
[14:36:11.952] Starting turn for Bot26
[14:36:11.952] Starting turn for Bot33
[14:36:11.952] Starting turn for Bot26
[14:36:11.952] Starting turn for Bot33
[14:36:11.952] Bot33 rotated left to face NORTH
[14:36:11.952] Bot33 executed ROTATE_LEFT
[14:36:11.952] Bot33 moved forward to (0,1)
[14:36:11.952] Bot33 executed MOVE_FORWARD
[14:36:11.952] Starting turn for Bot26
[14:36:11.952] Starting turn for Bot33
[14:36:11.952] Bot33 rotated left to face WEST
[14:36:11.952] Bot33 executed ROTATE_LEFT
[14:36:11.952] Bot33 rotated left to face SOUTH
[14:36:11.952] Bot33 executed ROTATE_LEFT
[14:36:11.952] Bot33 moved forward to (1,1)
[14:36:11.952] Bot33 executed MOVE_FORWARD
[14:36:11.952] Starting turn for Bot26
[14:36:11.952] Starting turn for Bot33
[14:36:11.952] Bot33 rotated left to face EAST
[14:36:11.952] Bot33 executed ROTATE_LEFT
[14:36:11.952] Starting turn for Bot26
[14:36:11.952] Starting turn for Bot33
[14:36:11.952] Starting turn for Bot26
[14:36:11.952] Starting turn for Bot33
[14:36:11.952] Bot33 rotated left to face NORTH
[14:36:11.952] Bot33 executed ROTATE_LEFT
[14:36:11.952] Bot33 moved forward to (0,1)
[14:36:11.952] Bot33 executed MOVE_FORWARD
[14:36:11.952] Starting turn for Bot26
[14:36:11.952] Starting turn for Bot33
[14:36:11.953] Bot33 rotated left to face WEST
[14:36:11.953] Bot33 executed ROTATE_LEFT
[14:36:11.953] Bot33 rotated left to face SOUTH
[14:36:11.953] Bot33 executed ROTATE_LEFT
[14:36:11.953] Bot33 moved forward to (1,1)
[14:36:11.953] Bot33 executed MOVE_FORWARD
[14:36:11.953] Starting turn for Bot26
[14:36:11.953] Starting turn for Bot33
[14:36:11.953] Bot33 rotated left to face EAST
[14:36:11.953] Bot33 executed ROTATE_LEFT
[14:36:11.953] Starting turn for Bot26
[14:36:11.953] Starting turn for Bot33
[14:36:11.953] Starting turn for Bot26
[14:36:11.953] Stalemate detected: State repeated 10 times, unchanged for 3 turns
[14:36:11.953] Game Over! Stalemate detected!
[14:36:11.953] Stalemate detected: State repeated 10 times, unchanged for 3 turns
