[14:35:50.204] === Game Started at 2025-02-04_14-35-50 ===
[14:35:50.204] Game initialized with 2 players
[14:35:50.204] Board size: 10
[14:35:50.204] Obstacle density: 0.05
[14:35:50.205] Max turns: 1000
[14:35:50.205] Player Bot6 starting at position (0,0) facing SOUTH
[14:35:50.205] Player Bot28 starting at position (9,9) facing NORTH
[14:35:50.205] Obstacles at positions: (2,3) (7,7) (8,1) (9,6) (9,8)
[14:35:50.205] Starting turn for Bot6
[14:35:50.205] Bot6 rotated left to face EAST
[14:35:50.205] Bot6 executed ROTATE_LEFT
[14:35:50.205] Bot6 moved forward to (0,1)
[14:35:50.205] Bot6 executed MOVE_FORWARD
[14:35:50.205] Starting turn for Bot28
[14:35:50.205] Bot28 rotated left to face WEST
[14:35:50.205] Bot28 executed ROTATE_LEFT
[14:35:50.205] Starting turn for Bot6
[14:35:50.205] Bot6 rotated right to face SOUTH
[14:35:50.205] Bot6 executed ROTATE_RIGHT
[14:35:50.205] Bot6 moved forward to (1,1)
[14:35:50.205] Bot6 executed MOVE_FORWARD
[14:35:50.205] Starting turn for Bot28
[14:35:50.205] Starting turn for Bot6
[14:35:50.205] Bot6 rotated left to face EAST
[14:35:50.205] Bot6 executed ROTATE_LEFT
[14:35:50.205] Bot6 moved forward to (1,2)
[14:35:50.205] Bot6 executed MOVE_FORWARD
[14:35:50.205] Starting turn for Bot28
[14:35:50.205] Bot28 rotated right to face NORTH
[14:35:50.205] Bot28 executed ROTATE_RIGHT
[14:35:50.205] Bot28 moved forward to (8,9)
[14:35:50.205] Bot28 executed MOVE_FORWARD
[14:35:50.205] Starting turn for Bot6
[14:35:50.205] Bot6 rotated right to face SOUTH
[14:35:50.205] Bot6 executed ROTATE_RIGHT
[14:35:50.205] Bot6 moved forward to (2,2)
[14:35:50.205] Bot6 executed MOVE_FORWARD
[14:35:50.205] Starting turn for Bot28
[14:35:50.205] Bot28 rotated left to face WEST
[14:35:50.205] Bot28 executed ROTATE_LEFT
[14:35:50.205] Bot28 moved forward to (8,8)
[14:35:50.205] Bot28 executed MOVE_FORWARD
[14:35:50.205] Starting turn for Bot6
[14:35:50.205] Bot6 rotated left to face EAST
[14:35:50.205] Bot6 executed ROTATE_LEFT
[14:35:50.205] Starting turn for Bot28
[14:35:50.205] Bot28 moved forward to (8,7)
[14:35:50.205] Bot28 executed MOVE_FORWARD
[14:35:50.205] Starting turn for Bot6
[14:35:50.205] Starting turn for Bot28
[14:35:50.205] Bot28 rotated right to face NORTH
[14:35:50.205] Bot28 executed ROTATE_RIGHT
[14:35:50.205] Starting turn for Bot6
[14:35:50.205] Bot6 rotated left to face NORTH
[14:35:50.205] Bot6 executed ROTATE_LEFT
[14:35:50.205] Bot6 moved forward to (1,2)
[14:35:50.205] Bot6 executed MOVE_FORWARD
[14:35:50.205] Starting turn for Bot28
[14:35:50.205] Starting turn for Bot6
[14:35:50.205] Bot6 rotated left to face WEST
[14:35:50.205] Bot6 executed ROTATE_LEFT
[14:35:50.205] Bot6 rotated left to face SOUTH
[14:35:50.205] Bot6 executed ROTATE_LEFT
[14:35:50.205] Bot6 moved forward to (2,2)
[14:35:50.205] Bot6 executed MOVE_FORWARD
[14:35:50.205] Starting turn for Bot28
[14:35:50.205] Bot28 rotated right to face EAST
[14:35:50.205] Bot28 executed ROTATE_RIGHT
[14:35:50.205] Bot28 moved forward to (8,8)
[14:35:50.205] Bot28 executed MOVE_FORWARD
[14:35:50.205] Starting turn for Bot6
[14:35:50.205] Bot6 rotated left to face EAST
[14:35:50.205] Bot6 executed ROTATE_LEFT
[14:35:50.205] Starting turn for Bot28
[14:35:50.205] Bot28 rotated left to face NORTH
[14:35:50.205] Bot28 executed ROTATE_LEFT
[14:35:50.205] Bot28 rotated left to face WEST
[14:35:50.205] Bot28 executed ROTATE_LEFT
[14:35:50.205] Bot28 moved forward to (8,7)
[14:35:50.205] Bot28 executed MOVE_FORWARD
[14:35:50.205] Starting turn for Bot6
[14:35:50.205] Starting turn for Bot28
[14:35:50.205] Bot28 rotated right to face NORTH
[14:35:50.205] Bot28 executed ROTATE_RIGHT
[14:35:50.205] Starting turn for Bot6
[14:35:50.205] Bot6 rotated left to face NORTH
[14:35:50.205] Bot6 executed ROTATE_LEFT
[14:35:50.205] Bot6 moved forward to (1,2)
[14:35:50.205] Bot6 executed MOVE_FORWARD
[14:35:50.205] Starting turn for Bot28
[14:35:50.205] Starting turn for Bot6
[14:35:50.205] Bot6 rotated left to face WEST
[14:35:50.205] Bot6 executed ROTATE_LEFT
[14:35:50.205] Bot6 rotated left to face SOUTH
[14:35:50.205] Bot6 executed ROTATE_LEFT
[14:35:50.205] Bot6 moved forward to (2,2)
[14:35:50.205] Bot6 executed MOVE_FORWARD
[14:35:50.205] Starting turn for Bot28
[14:35:50.205] Bot28 rotated right to face EAST
[14:35:50.205] Bot28 executed ROTATE_RIGHT
[14:35:50.205] Bot28 moved forward to (8,8)
[14:35:50.205] Bot28 executed MOVE_FORWARD
[14:35:50.205] Starting turn for Bot6
[14:35:50.205] Bot6 rotated left to face EAST
[14:35:50.205] Bot6 executed ROTATE_LEFT
[14:35:50.205] Starting turn for Bot28
[14:35:50.205] Bot28 rotated left to face NORTH
[14:35:50.205] Bot28 executed ROTATE_LEFT
[14:35:50.205] Bot28 rotated left to face WEST
[14:35:50.205] Bot28 executed ROTATE_LEFT
[14:35:50.205] Bot28 moved forward to (8,7)
[14:35:50.205] Bot28 executed MOVE_FORWARD
[14:35:50.205] Starting turn for Bot6
[14:35:50.205] Starting turn for Bot28
[14:35:50.205] Bot28 rotated right to face NORTH
[14:35:50.205] Bot28 executed ROTATE_RIGHT
[14:35:50.205] Starting turn for Bot6
[14:35:50.205] Bot6 rotated left to face NORTH
[14:35:50.205] Bot6 executed ROTATE_LEFT
[14:35:50.205] Bot6 moved forward to (1,2)
[14:35:50.205] Bot6 executed MOVE_FORWARD
[14:35:50.205] Starting turn for Bot28
[14:35:50.205] Starting turn for Bot6
[14:35:50.205] Bot6 rotated left to face WEST
[14:35:50.205] Bot6 executed ROTATE_LEFT
[14:35:50.205] Bot6 rotated left to face SOUTH
[14:35:50.205] Bot6 executed ROTATE_LEFT
[14:35:50.205] Bot6 moved forward to (2,2)
[14:35:50.205] Bot6 executed MOVE_FORWARD
[14:35:50.205] Starting turn for Bot28
[14:35:50.205] Bot28 rotated right to face EAST
[14:35:50.205] Bot28 executed ROTATE_RIGHT
[14:35:50.205] Bot28 moved forward to (8,8)
[14:35:50.205] Bot28 executed MOVE_FORWARD
[14:35:50.205] Starting turn for Bot6
[14:35:50.205] Bot6 rotated left to face EAST
[14:35:50.205] Bot6 executed ROTATE_LEFT
[14:35:50.205] Starting turn for Bot28
[14:35:50.205] Bot28 rotated left to face NORTH
[14:35:50.205] Bot28 executed ROTATE_LEFT
[14:35:50.205] Bot28 rotated left to face WEST
[14:35:50.205] Bot28 executed ROTATE_LEFT
[14:35:50.205] Bot28 moved forward to (8,7)
[14:35:50.205] Bot28 executed MOVE_FORWARD
[14:35:50.205] Starting turn for Bot6
[14:35:50.205] Starting turn for Bot28
[14:35:50.205] Bot28 rotated right to face NORTH
[14:35:50.205] Bot28 executed ROTATE_RIGHT
[14:35:50.205] Starting turn for Bot6
[14:35:50.205] Bot6 rotated left to face NORTH
[14:35:50.205] Bot6 executed ROTATE_LEFT
[14:35:50.205] Bot6 moved forward to (1,2)
[14:35:50.205] Bot6 executed MOVE_FORWARD
[14:35:50.205] Starting turn for Bot28
[14:35:50.205] Starting turn for Bot6
[14:35:50.205] Bot6 rotated left to face WEST
[14:35:50.205] Bot6 executed ROTATE_LEFT
[14:35:50.205] Bot6 rotated left to face SOUTH
[14:35:50.205] Bot6 executed ROTATE_LEFT
[14:35:50.205] Bot6 moved forward to (2,2)
[14:35:50.205] Bot6 executed MOVE_FORWARD
[14:35:50.205] Starting turn for Bot28
[14:35:50.205] Bot28 rotated right to face EAST
[14:35:50.205] Bot28 executed ROTATE_RIGHT
[14:35:50.205] Bot28 moved forward to (8,8)
[14:35:50.205] Bot28 executed MOVE_FORWARD
[14:35:50.205] Starting turn for Bot6
[14:35:50.205] Bot6 rotated left to face EAST
[14:35:50.205] Bot6 executed ROTATE_LEFT
[14:35:50.205] Starting turn for Bot28
[14:35:50.205] Bot28 rotated left to face NORTH
[14:35:50.205] Bot28 executed ROTATE_LEFT
[14:35:50.205] Bot28 rotated left to face WEST
[14:35:50.205] Bot28 executed ROTATE_LEFT
[14:35:50.205] Bot28 moved forward to (8,7)
[14:35:50.205] Bot28 executed MOVE_FORWARD
[14:35:50.205] Starting turn for Bot6
[14:35:50.205] Starting turn for Bot28
[14:35:50.205] Stalemate detected: State repeated 10 times, unchanged for 2 turns
[14:35:50.205] Game Over! Stalemate detected!
[14:35:50.205] Stalemate detected: State repeated 10 times, unchanged for 2 turns
