[14:35:40.259] === Game Started at 2025-02-04_14-35-40 ===
[14:35:40.259] Game initialized with 2 players
[14:35:40.259] Board size: 10
[14:35:40.259] Obstacle density: 0.05
[14:35:40.259] Max turns: 1000
[14:35:40.259] Player Bot30 starting at position (0,0) facing SOUTH
[14:35:40.259] Player Bot1 starting at position (9,9) facing EAST
[14:35:40.259] Obstacles at positions: (1,9) (3,0) (4,1) (5,8) (9,3)
[14:35:40.259] Starting turn for Bot30
[14:35:40.259] Bot30 rotated left to face EAST
[14:35:40.259] Bot30 executed ROTATE_LEFT
[14:35:40.259] Bot30 moved forward to (0,1)
[14:35:40.259] Bot30 executed MOVE_FORWARD
[14:35:40.259] Starting turn for Bot1
[14:35:40.259] Bot1 rotated left to face NORTH
[14:35:40.259] Bot1 executed ROTATE_LEFT
[14:35:40.259] Bot1 rotated left to face WEST
[14:35:40.259] Bot1 executed ROTATE_LEFT
[14:35:40.259] Bot1 moved forward to (9,8)
[14:35:40.259] Bot1 executed MOVE_FORWARD
[14:35:40.259] Starting turn for Bot30
[14:35:40.259] Bot30 rotated right to face SOUTH
[14:35:40.259] Bot30 executed ROTATE_RIGHT
[14:35:40.259] Bot30 moved forward to (1,1)
[14:35:40.259] Bot30 executed MOVE_FORWARD
[14:35:40.259] Starting turn for Bot1
[14:35:40.259] Bot1 rotated right to face NORTH
[14:35:40.259] Bot1 executed ROTATE_RIGHT
[14:35:40.259] Bot1 moved forward to (8,8)
[14:35:40.259] Bot1 executed MOVE_FORWARD
[14:35:40.259] Starting turn for Bot30
[14:35:40.259] Bot30 rotated left to face EAST
[14:35:40.259] Bot30 executed ROTATE_LEFT
[14:35:40.259] Bot30 moved forward to (1,2)
[14:35:40.259] Bot30 executed MOVE_FORWARD
[14:35:40.259] Starting turn for Bot1
[14:35:40.259] Bot1 rotated left to face WEST
[14:35:40.259] Bot1 executed ROTATE_LEFT
[14:35:40.259] Bot1 moved forward to (8,7)
[14:35:40.259] Bot1 executed MOVE_FORWARD
[14:35:40.259] Starting turn for Bot30
[14:35:40.259] Bot30 rotated right to face SOUTH
[14:35:40.259] Bot30 executed ROTATE_RIGHT
[14:35:40.259] Bot30 moved forward to (2,2)
[14:35:40.259] Bot30 executed MOVE_FORWARD
[14:35:40.259] Starting turn for Bot1
[14:35:40.260] Bot1 rotated right to face NORTH
[14:35:40.260] Bot1 executed ROTATE_RIGHT
[14:35:40.260] Bot1 moved forward to (7,7)
[14:35:40.260] Bot1 executed MOVE_FORWARD
[14:35:40.260] Starting turn for Bot30
[14:35:40.260] Bot30 rotated left to face EAST
[14:35:40.260] Bot30 executed ROTATE_LEFT
[14:35:40.260] Bot30 moved forward to (2,3)
[14:35:40.260] Bot30 executed MOVE_FORWARD
[14:35:40.260] Starting turn for Bot1
[14:35:40.260] Bot1 rotated left to face WEST
[14:35:40.260] Bot1 executed ROTATE_LEFT
[14:35:40.260] Bot1 moved forward to (7,6)
[14:35:40.260] Bot1 executed MOVE_FORWARD
[14:35:40.260] Starting turn for Bot30
[14:35:40.260] Bot30 rotated right to face SOUTH
[14:35:40.260] Bot30 executed ROTATE_RIGHT
[14:35:40.260] Bot30 moved forward to (3,3)
[14:35:40.260] Bot30 executed MOVE_FORWARD
[14:35:40.260] Starting turn for Bot1
[14:35:40.260] Bot1 rotated right to face NORTH
[14:35:40.260] Bot1 executed ROTATE_RIGHT
[14:35:40.260] Bot1 moved forward to (6,6)
[14:35:40.260] Bot1 executed MOVE_FORWARD
[14:35:40.260] Starting turn for Bot30
[14:35:40.260] Bot30 rotated left to face EAST
[14:35:40.260] Bot30 executed ROTATE_LEFT
[14:35:40.260] Bot30 moved forward to (3,4)
[14:35:40.260] Bot30 executed MOVE_FORWARD
[14:35:40.260] Starting turn for Bot1
[14:35:40.260] Bot1 rotated left to face WEST
[14:35:40.260] Bot1 executed ROTATE_LEFT
[14:35:40.260] Bot1 moved forward to (6,5)
[14:35:40.260] Bot1 executed MOVE_FORWARD
[14:35:40.260] Starting turn for Bot30
[14:35:40.260] Bot30 rotated right to face SOUTH
[14:35:40.260] Bot30 executed ROTATE_RIGHT
[14:35:40.260] Bot30 moved forward to (4,4)
[14:35:40.260] Bot30 executed MOVE_FORWARD
[14:35:40.260] Starting turn for Bot1
[14:35:40.260] Bot1 rotated right to face NORTH
[14:35:40.260] Bot1 executed ROTATE_RIGHT
[14:35:40.260] Bot1 moved forward to (5,5)
[14:35:40.260] Bot1 executed MOVE_FORWARD
[14:35:40.260] Starting turn for Bot30
[14:35:40.260] Bot30 rotated left to face EAST
[14:35:40.260] Bot30 executed ROTATE_LEFT
[14:35:40.260] Bot30 moved forward to (4,5)
[14:35:40.260] Bot30 executed MOVE_FORWARD
[14:35:40.260] Starting turn for Bot1
[14:35:40.260] Bot1 shooting in direction NORTH
[14:35:40.260] Bot1 hit Bot30 for 25 damage (health: 100 -> 75)
[14:35:40.260] Bot1 executed SHOOT
[14:35:40.260] Starting turn for Bot30
[14:35:40.260] Bot30 rotated right to face SOUTH
[14:35:40.260] Bot30 executed ROTATE_RIGHT
[14:35:40.260] Starting turn for Bot1
[14:35:40.260] Bot1 shooting in direction NORTH
[14:35:40.260] Bot1 hit Bot30 for 25 damage (health: 75 -> 50)
[14:35:40.260] Bot1 executed SHOOT
[14:35:40.260] Starting turn for Bot30
[14:35:40.260] Bot30 shooting in direction SOUTH
[14:35:40.260] Bot30 hit Bot1 for 25 damage (health: 100 -> 75)
[14:35:40.260] Bot30 executed SHOOT
[14:35:40.260] Starting turn for Bot1
[14:35:40.260] Bot1 shooting in direction NORTH
[14:35:40.260] Bot1 hit Bot30 for 25 damage (health: 50 -> 25)
[14:35:40.260] Bot1 executed SHOOT
[14:35:40.260] Starting turn for Bot30
[14:35:40.260] Bot30 shooting in direction SOUTH
[14:35:40.260] Bot30 hit Bot1 for 25 damage (health: 75 -> 50)
[14:35:40.260] Bot30 executed SHOOT
[14:35:40.260] Starting turn for Bot1
[14:35:40.260] Bot1 shooting in direction NORTH
[14:35:40.260] Bot1 hit Bot30 for 25 damage (health: 25 -> 0)
[14:35:40.260] Bot30 was destroyed!
[14:35:40.260] Bot1 is the last tank standing!
[14:35:40.260] Bot1 executed SHOOT
[14:35:40.260] Game Over! Bot1 wins!
[14:35:40.260] === Game Ended ===
