[14:35:45.402] === Game Started at 2025-02-04_14-35-45 ===
[14:35:45.402] Game initialized with 2 players
[14:35:45.402] Board size: 10
[14:35:45.402] Obstacle density: 0.05
[14:35:45.402] Max turns: 1000
[14:35:45.402] Player Bot4 starting at position (0,0) facing NORTH
[14:35:45.402] Player Bot12 starting at position (9,9) facing SOUTH
[14:35:45.402] Obstacles at positions: (1,4) (3,4) (5,0) (7,7) (8,5)
[14:35:45.402] Starting turn for Bot4
[14:35:45.402] Bot4 rotated right to face EAST
[14:35:45.402] Bot4 executed ROTATE_RIGHT
[14:35:45.402] Bot4 moved forward to (0,1)
[14:35:45.402] Bot4 executed MOVE_FORWARD
[14:35:45.402] Starting turn for Bot12
[14:35:45.402] Bot12 rotated right to face WEST
[14:35:45.402] Bot12 executed ROTATE_RIGHT
[14:35:45.402] Bot12 moved forward to (9,8)
[14:35:45.402] Bot12 executed MOVE_FORWARD
[14:35:45.402] Starting turn for Bot4
[14:35:45.402] Bot4 rotated right to face SOUTH
[14:35:45.402] Bot4 executed ROTATE_RIGHT
[14:35:45.402] Bot4 moved forward to (1,1)
[14:35:45.402] Bot4 executed MOVE_FORWARD
[14:35:45.402] Starting turn for Bot12
[14:35:45.402] Bot12 rotated right to face NORTH
[14:35:45.402] Bot12 executed ROTATE_RIGHT
[14:35:45.402] Bot12 moved forward to (8,8)
[14:35:45.402] Bot12 executed MOVE_FORWARD
[14:35:45.402] Starting turn for Bot4
[14:35:45.402] Bot4 rotated left to face EAST
[14:35:45.402] Bot4 executed ROTATE_LEFT
[14:35:45.402] Bot4 moved forward to (1,2)
[14:35:45.402] Bot4 executed MOVE_FORWARD
[14:35:45.402] Starting turn for Bot12
[14:35:45.402] Bot12 rotated left to face WEST
[14:35:45.402] Bot12 executed ROTATE_LEFT
[14:35:45.402] Bot12 moved forward to (8,7)
[14:35:45.402] Bot12 executed MOVE_FORWARD
[14:35:45.402] Starting turn for Bot4
[14:35:45.402] Bot4 rotated right to face SOUTH
[14:35:45.402] Bot4 executed ROTATE_RIGHT
[14:35:45.402] Bot4 moved forward to (2,2)
[14:35:45.402] Bot4 executed MOVE_FORWARD
[14:35:45.402] Starting turn for Bot12
[14:35:45.402] Bot12 rotated right to face NORTH
[14:35:45.402] Bot12 executed ROTATE_RIGHT
[14:35:45.402] Starting turn for Bot4
[14:35:45.402] Bot4 rotated left to face EAST
[14:35:45.402] Bot4 executed ROTATE_LEFT
[14:35:45.402] Bot4 moved forward to (2,3)
[14:35:45.402] Bot4 executed MOVE_FORWARD
[14:35:45.402] Starting turn for Bot12
[14:35:45.402] Starting turn for Bot4
[14:35:45.402] Bot4 rotated right to face SOUTH
[14:35:45.402] Bot4 executed ROTATE_RIGHT
[14:35:45.402] Bot4 moved forward to (3,3)
[14:35:45.402] Bot4 executed MOVE_FORWARD
[14:35:45.402] Starting turn for Bot12
[14:35:45.402] Bot12 rotated right to face EAST
[14:35:45.402] Bot12 executed ROTATE_RIGHT
[14:35:45.402] Bot12 moved forward to (8,8)
[14:35:45.402] Bot12 executed MOVE_FORWARD
[14:35:45.402] Starting turn for Bot4
[14:35:45.402] Bot4 rotated left to face EAST
[14:35:45.402] Bot4 executed ROTATE_LEFT
[14:35:45.402] Starting turn for Bot12
[14:35:45.402] Bot12 rotated left to face NORTH
[14:35:45.402] Bot12 executed ROTATE_LEFT
[14:35:45.402] Bot12 rotated left to face WEST
[14:35:45.402] Bot12 executed ROTATE_LEFT
[14:35:45.402] Bot12 moved forward to (8,7)
[14:35:45.402] Bot12 executed MOVE_FORWARD
[14:35:45.402] Starting turn for Bot4
[14:35:45.402] Starting turn for Bot12
[14:35:45.402] Bot12 rotated right to face NORTH
[14:35:45.402] Bot12 executed ROTATE_RIGHT
[14:35:45.402] Starting turn for Bot4
[14:35:45.402] Bot4 rotated left to face NORTH
[14:35:45.402] Bot4 executed ROTATE_LEFT
[14:35:45.402] Bot4 moved forward to (2,3)
[14:35:45.402] Bot4 executed MOVE_FORWARD
[14:35:45.402] Starting turn for Bot12
[14:35:45.402] Starting turn for Bot4
[14:35:45.402] Bot4 rotated left to face WEST
[14:35:45.402] Bot4 executed ROTATE_LEFT
[14:35:45.402] Bot4 rotated left to face SOUTH
[14:35:45.402] Bot4 executed ROTATE_LEFT
[14:35:45.402] Bot4 moved forward to (3,3)
[14:35:45.402] Bot4 executed MOVE_FORWARD
[14:35:45.402] Starting turn for Bot12
[14:35:45.402] Bot12 rotated right to face EAST
[14:35:45.402] Bot12 executed ROTATE_RIGHT
[14:35:45.402] Bot12 moved forward to (8,8)
[14:35:45.402] Bot12 executed MOVE_FORWARD
[14:35:45.402] Starting turn for Bot4
[14:35:45.402] Bot4 rotated left to face EAST
[14:35:45.402] Bot4 executed ROTATE_LEFT
[14:35:45.402] Starting turn for Bot12
[14:35:45.402] Bot12 rotated left to face NORTH
[14:35:45.402] Bot12 executed ROTATE_LEFT
[14:35:45.402] Bot12 rotated left to face WEST
[14:35:45.402] Bot12 executed ROTATE_LEFT
[14:35:45.402] Bot12 moved forward to (8,7)
[14:35:45.402] Bot12 executed MOVE_FORWARD
[14:35:45.402] Starting turn for Bot4
[14:35:45.402] Starting turn for Bot12
[14:35:45.402] Bot12 rotated right to face NORTH
[14:35:45.402] Bot12 executed ROTATE_RIGHT
[14:35:45.402] Starting turn for Bot4
[14:35:45.402] Bot4 rotated left to face NORTH
[14:35:45.402] Bot4 executed ROTATE_LEFT
[14:35:45.402] Bot4 moved forward to (2,3)
[14:35:45.402] Bot4 executed MOVE_FORWARD
[14:35:45.402] Starting turn for Bot12
[14:35:45.402] Starting turn for Bot4
[14:35:45.402] Bot4 rotated left to face WEST
[14:35:45.402] Bot4 executed ROTATE_LEFT
[14:35:45.402] Bot4 rotated left to face SOUTH
[14:35:45.402] Bot4 executed ROTATE_LEFT
[14:35:45.402] Bot4 moved forward to (3,3)
[14:35:45.402] Bot4 executed MOVE_FORWARD
[14:35:45.402] Starting turn for Bot12
[14:35:45.402] Bot12 rotated right to face EAST
[14:35:45.402] Bot12 executed ROTATE_RIGHT
[14:35:45.402] Bot12 moved forward to (8,8)
[14:35:45.402] Bot12 executed MOVE_FORWARD
[14:35:45.402] Starting turn for Bot4
[14:35:45.402] Bot4 rotated left to face EAST
[14:35:45.402] Bot4 executed ROTATE_LEFT
[14:35:45.402] Starting turn for Bot12
[14:35:45.402] Bot12 rotated left to face NORTH
[14:35:45.402] Bot12 executed ROTATE_LEFT
[14:35:45.402] Bot12 rotated left to face WEST
[14:35:45.402] Bot12 executed ROTATE_LEFT
[14:35:45.402] Bot12 moved forward to (8,7)
[14:35:45.402] Bot12 executed MOVE_FORWARD
[14:35:45.402] Starting turn for Bot4
[14:35:45.402] Starting turn for Bot12
[14:35:45.402] Bot12 rotated right to face NORTH
[14:35:45.402] Bot12 executed ROTATE_RIGHT
[14:35:45.402] Starting turn for Bot4
[14:35:45.402] Bot4 rotated left to face NORTH
[14:35:45.402] Bot4 executed ROTATE_LEFT
[14:35:45.402] Bot4 moved forward to (2,3)
[14:35:45.402] Bot4 executed MOVE_FORWARD
[14:35:45.402] Starting turn for Bot12
[14:35:45.402] Starting turn for Bot4
[14:35:45.402] Bot4 rotated left to face WEST
[14:35:45.402] Bot4 executed ROTATE_LEFT
[14:35:45.402] Bot4 rotated left to face SOUTH
[14:35:45.402] Bot4 executed ROTATE_LEFT
[14:35:45.402] Bot4 moved forward to (3,3)
[14:35:45.402] Bot4 executed MOVE_FORWARD
[14:35:45.402] Starting turn for Bot12
[14:35:45.402] Bot12 rotated right to face EAST
[14:35:45.402] Bot12 executed ROTATE_RIGHT
[14:35:45.402] Bot12 moved forward to (8,8)
[14:35:45.402] Bot12 executed MOVE_FORWARD
[14:35:45.402] Starting turn for Bot4
[14:35:45.402] Bot4 rotated left to face EAST
[14:35:45.402] Bot4 executed ROTATE_LEFT
[14:35:45.402] Starting turn for Bot12
[14:35:45.402] Bot12 rotated left to face NORTH
[14:35:45.402] Bot12 executed ROTATE_LEFT
[14:35:45.402] Bot12 rotated left to face WEST
[14:35:45.402] Bot12 executed ROTATE_LEFT
[14:35:45.402] Bot12 moved forward to (8,7)
[14:35:45.402] Bot12 executed MOVE_FORWARD
[14:35:45.402] Starting turn for Bot4
[14:35:45.402] Starting turn for Bot12
[14:35:45.402] Bot12 rotated right to face NORTH
[14:35:45.402] Bot12 executed ROTATE_RIGHT
[14:35:45.402] Starting turn for Bot4
[14:35:45.402] Bot4 rotated left to face NORTH
[14:35:45.402] Bot4 executed ROTATE_LEFT
[14:35:45.402] Bot4 moved forward to (2,3)
[14:35:45.402] Bot4 executed MOVE_FORWARD
[14:35:45.402] Starting turn for Bot12
[14:35:45.402] Starting turn for Bot4
[14:35:45.402] Bot4 rotated left to face WEST
[14:35:45.402] Bot4 executed ROTATE_LEFT
[14:35:45.402] Bot4 rotated left to face SOUTH
[14:35:45.402] Bot4 executed ROTATE_LEFT
[14:35:45.402] Bot4 moved forward to (3,3)
[14:35:45.402] Bot4 executed MOVE_FORWARD
[14:35:45.402] Starting turn for Bot12
[14:35:45.402] Bot12 rotated right to face EAST
[14:35:45.402] Bot12 executed ROTATE_RIGHT
[14:35:45.402] Bot12 moved forward to (8,8)
[14:35:45.402] Bot12 executed MOVE_FORWARD
[14:35:45.402] Starting turn for Bot4
[14:35:45.402] Bot4 rotated left to face EAST
[14:35:45.402] Bot4 executed ROTATE_LEFT
[14:35:45.402] Starting turn for Bot12
[14:35:45.402] Bot12 rotated left to face NORTH
[14:35:45.402] Bot12 executed ROTATE_LEFT
[14:35:45.402] Bot12 rotated left to face WEST
[14:35:45.402] Bot12 executed ROTATE_LEFT
[14:35:45.402] Bot12 moved forward to (8,7)
[14:35:45.402] Bot12 executed MOVE_FORWARD
[14:35:45.402] Starting turn for Bot4
[14:35:45.402] Starting turn for Bot12
[14:35:45.402] Stalemate detected: State repeated 10 times, unchanged for 2 turns
[14:35:45.402] Game Over! Stalemate detected!
[14:35:45.402] Stalemate detected: State repeated 10 times, unchanged for 2 turns
