[14:35:54.076] === Game Started at 2025-02-04_14-35-54 ===
[14:35:54.076] Game initialized with 2 players
[14:35:54.077] Board size: 10
[14:35:54.077] Obstacle density: 0.05
[14:35:54.077] Max turns: 1000
[14:35:54.077] Player Bot37 starting at position (0,0) facing NORTH
[14:35:54.077] Player Bot8 starting at position (9,9) facing WEST
[14:35:54.077] Obstacles at positions: (1,2) (2,9) (6,8) (8,0) (8,7)
[14:35:54.077] Starting turn for Bot37
[14:35:54.077] Bot37 rotated right to face EAST
[14:35:54.077] Bot37 executed ROTATE_RIGHT
[14:35:54.077] Bot37 moved forward to (0,1)
[14:35:54.077] Bot37 executed MOVE_FORWARD
[14:35:54.077] Starting turn for Bot8
[14:35:54.077] Bot8 moved forward to (9,8)
[14:35:54.077] Bot8 executed MOVE_FORWARD
[14:35:54.077] Starting turn for Bot37
[14:35:54.077] Bot37 rotated right to face SOUTH
[14:35:54.077] Bot37 executed ROTATE_RIGHT
[14:35:54.077] Bot37 moved forward to (1,1)
[14:35:54.077] Bot37 executed MOVE_FORWARD
[14:35:54.077] Starting turn for Bot8
[14:35:54.077] Bot8 rotated right to face NORTH
[14:35:54.077] Bot8 executed ROTATE_RIGHT
[14:35:54.077] Bot8 moved forward to (8,8)
[14:35:54.077] Bot8 executed MOVE_FORWARD
[14:35:54.077] Starting turn for Bot37
[14:35:54.077] Bot37 rotated left to face EAST
[14:35:54.077] Bot37 executed ROTATE_LEFT
[14:35:54.077] Starting turn for Bot8
[14:35:54.077] Bot8 rotated left to face WEST
[14:35:54.077] Bot8 executed ROTATE_LEFT
[14:35:54.077] Starting turn for Bot37
[14:35:54.077] Starting turn for Bot8
[14:35:54.077] Starting turn for Bot37
[14:35:54.077] Bot37 rotated left to face NORTH
[14:35:54.077] Bot37 executed ROTATE_LEFT
[14:35:54.077] Bot37 moved forward to (0,1)
[14:35:54.077] Bot37 executed MOVE_FORWARD
[14:35:54.077] Starting turn for Bot8
[14:35:54.077] Bot8 rotated right to face NORTH
[14:35:54.077] Bot8 executed ROTATE_RIGHT
[14:35:54.077] Bot8 moved forward to (7,8)
[14:35:54.077] Bot8 executed MOVE_FORWARD
[14:35:54.077] Starting turn for Bot37
[14:35:54.077] Bot37 rotated left to face WEST
[14:35:54.077] Bot37 executed ROTATE_LEFT
[14:35:54.077] Bot37 rotated left to face SOUTH
[14:35:54.077] Bot37 executed ROTATE_LEFT
[14:35:54.077] Bot37 moved forward to (1,1)
[14:35:54.077] Bot37 executed MOVE_FORWARD
[14:35:54.077] Starting turn for Bot8
[14:35:54.077] Bot8 rotated left to face WEST
[14:35:54.077] Bot8 executed ROTATE_LEFT
[14:35:54.077] Bot8 moved forward to (7,7)
[14:35:54.077] Bot8 executed MOVE_FORWARD
[14:35:54.077] Starting turn for Bot37
[14:35:54.077] Bot37 rotated left to face EAST
[14:35:54.077] Bot37 executed ROTATE_LEFT
[14:35:54.077] Starting turn for Bot8
[14:35:54.077] Bot8 moved forward to (7,6)
[14:35:54.077] Bot8 executed MOVE_FORWARD
[14:35:54.077] Starting turn for Bot37
[14:35:54.077] Starting turn for Bot8
[14:35:54.077] Bot8 rotated right to face NORTH
[14:35:54.077] Bot8 executed ROTATE_RIGHT
[14:35:54.077] Bot8 moved forward to (6,6)
[14:35:54.077] Bot8 executed MOVE_FORWARD
[14:35:54.077] Starting turn for Bot37
[14:35:54.077] Bot37 rotated left to face NORTH
[14:35:54.077] Bot37 executed ROTATE_LEFT
[14:35:54.077] Bot37 moved forward to (0,1)
[14:35:54.077] Bot37 executed MOVE_FORWARD
[14:35:54.077] Starting turn for Bot8
[14:35:54.077] Bot8 rotated left to face WEST
[14:35:54.077] Bot8 executed ROTATE_LEFT
[14:35:54.077] Bot8 moved forward to (6,5)
[14:35:54.077] Bot8 executed MOVE_FORWARD
[14:35:54.077] Starting turn for Bot37
[14:35:54.077] Bot37 rotated left to face WEST
[14:35:54.077] Bot37 executed ROTATE_LEFT
[14:35:54.077] Bot37 rotated left to face SOUTH
[14:35:54.077] Bot37 executed ROTATE_LEFT
[14:35:54.077] Bot37 moved forward to (1,1)
[14:35:54.077] Bot37 executed MOVE_FORWARD
[14:35:54.077] Starting turn for Bot8
[14:35:54.077] Bot8 rotated right to face NORTH
[14:35:54.077] Bot8 executed ROTATE_RIGHT
[14:35:54.077] Bot8 moved forward to (5,5)
[14:35:54.077] Bot8 executed MOVE_FORWARD
[14:35:54.077] Starting turn for Bot37
[14:35:54.077] Bot37 rotated left to face EAST
[14:35:54.077] Bot37 executed ROTATE_LEFT
[14:35:54.077] Starting turn for Bot8
[14:35:54.077] Starting turn for Bot37
[14:35:54.077] Starting turn for Bot8
[14:35:54.077] Starting turn for Bot37
[14:35:54.077] Bot37 rotated left to face NORTH
[14:35:54.077] Bot37 executed ROTATE_LEFT
[14:35:54.077] Bot37 moved forward to (0,1)
[14:35:54.077] Bot37 executed MOVE_FORWARD
[14:35:54.077] Starting turn for Bot8
[14:35:54.077] Starting turn for Bot37
[14:35:54.077] Bot37 rotated left to face WEST
[14:35:54.077] Bot37 executed ROTATE_LEFT
[14:35:54.077] Bot37 rotated left to face SOUTH
[14:35:54.077] Bot37 executed ROTATE_LEFT
[14:35:54.077] Bot37 moved forward to (1,1)
[14:35:54.077] Bot37 executed MOVE_FORWARD
[14:35:54.077] Starting turn for Bot8
[14:35:54.077] Starting turn for Bot37
[14:35:54.077] Bot37 rotated left to face EAST
[14:35:54.077] Bot37 executed ROTATE_LEFT
[14:35:54.077] Starting turn for Bot8
[14:35:54.077] Starting turn for Bot37
[14:35:54.077] Starting turn for Bot8
[14:35:54.077] Starting turn for Bot37
[14:35:54.077] Bot37 rotated left to face NORTH
[14:35:54.077] Bot37 executed ROTATE_LEFT
[14:35:54.077] Bot37 moved forward to (0,1)
[14:35:54.077] Bot37 executed MOVE_FORWARD
[14:35:54.077] Starting turn for Bot8
[14:35:54.077] Starting turn for Bot37
[14:35:54.077] Bot37 rotated left to face WEST
[14:35:54.077] Bot37 executed ROTATE_LEFT
[14:35:54.077] Bot37 rotated left to face SOUTH
[14:35:54.077] Bot37 executed ROTATE_LEFT
[14:35:54.077] Bot37 moved forward to (1,1)
[14:35:54.077] Bot37 executed MOVE_FORWARD
[14:35:54.077] Starting turn for Bot8
[14:35:54.077] Starting turn for Bot37
[14:35:54.077] Bot37 rotated left to face EAST
[14:35:54.077] Bot37 executed ROTATE_LEFT
[14:35:54.077] Starting turn for Bot8
[14:35:54.077] Starting turn for Bot37
[14:35:54.077] Starting turn for Bot8
[14:35:54.077] Stalemate detected: State repeated 10 times, unchanged for 3 turns
[14:35:54.077] Game Over! Stalemate detected!
[14:35:54.077] Stalemate detected: State repeated 10 times, unchanged for 3 turns
