[14:35:49.640] === Game Started at 2025-02-04_14-35-49 ===
[14:35:49.640] Game initialized with 2 players
[14:35:49.640] Board size: 10
[14:35:49.640] Obstacle density: 0.05
[14:35:49.640] Max turns: 1000
[14:35:49.640] Player Bot17 starting at position (0,0) facing EAST
[14:35:49.640] Player Bot6 starting at position (9,9) facing WEST
[14:35:49.640] Obstacles at positions: (1,1) (3,5) (5,6) (6,5) (9,8)
[14:35:49.640] Starting turn for Bot17
[14:35:49.640] Bot17 moved forward to (0,1)
[14:35:49.640] Bot17 executed MOVE_FORWARD
[14:35:49.640] Starting turn for Bot6
[14:35:49.641] Starting turn for Bot17
[14:35:49.641] Bot17 rotated right to face SOUTH
[14:35:49.641] Bot17 executed ROTATE_RIGHT
[14:35:49.641] Starting turn for Bot6
[14:35:49.641] Bot6 rotated right to face NORTH
[14:35:49.641] Bot6 executed ROTATE_RIGHT
[14:35:49.641] Bot6 moved forward to (8,9)
[14:35:49.641] Bot6 executed MOVE_FORWARD
[14:35:49.641] Starting turn for Bot17
[14:35:49.641] Starting turn for Bot6
[14:35:49.641] Bot6 rotated left to face WEST
[14:35:49.641] Bot6 executed ROTATE_LEFT
[14:35:49.641] Bot6 moved forward to (8,8)
[14:35:49.641] Bot6 executed MOVE_FORWARD
[14:35:49.641] Starting turn for Bot17
[14:35:49.641] Bot17 rotated left to face EAST
[14:35:49.641] Bot17 executed ROTATE_LEFT
[14:35:49.641] Bot17 moved forward to (0,2)
[14:35:49.641] Bot17 executed MOVE_FORWARD
[14:35:49.641] Starting turn for Bot6
[14:35:49.641] Bot6 moved forward to (8,7)
[14:35:49.641] Bot6 executed MOVE_FORWARD
[14:35:49.641] Starting turn for Bot17
[14:35:49.641] Bot17 rotated right to face SOUTH
[14:35:49.641] Bot17 executed ROTATE_RIGHT
[14:35:49.641] Bot17 moved forward to (1,2)
[14:35:49.641] Bot17 executed MOVE_FORWARD
[14:35:49.641] Starting turn for Bot6
[14:35:49.641] Bot6 rotated right to face NORTH
[14:35:49.641] Bot6 executed ROTATE_RIGHT
[14:35:49.641] Bot6 moved forward to (7,7)
[14:35:49.641] Bot6 executed MOVE_FORWARD
[14:35:49.641] Starting turn for Bot17
[14:35:49.641] Bot17 moved forward to (2,2)
[14:35:49.641] Bot17 executed MOVE_FORWARD
[14:35:49.641] Starting turn for Bot6
[14:35:49.641] Bot6 rotated left to face WEST
[14:35:49.641] Bot6 executed ROTATE_LEFT
[14:35:49.641] Bot6 moved forward to (7,6)
[14:35:49.641] Bot6 executed MOVE_FORWARD
[14:35:49.641] Starting turn for Bot17
[14:35:49.641] Bot17 rotated left to face EAST
[14:35:49.641] Bot17 executed ROTATE_LEFT
[14:35:49.641] Bot17 moved forward to (2,3)
[14:35:49.641] Bot17 executed MOVE_FORWARD
[14:35:49.641] Starting turn for Bot6
[14:35:49.641] Bot6 rotated right to face NORTH
[14:35:49.641] Bot6 executed ROTATE_RIGHT
[14:35:49.641] Bot6 moved forward to (6,6)
[14:35:49.641] Bot6 executed MOVE_FORWARD
[14:35:49.641] Starting turn for Bot17
[14:35:49.641] Bot17 rotated right to face SOUTH
[14:35:49.641] Bot17 executed ROTATE_RIGHT
[14:35:49.641] Bot17 moved forward to (3,3)
[14:35:49.641] Bot17 executed MOVE_FORWARD
[14:35:49.641] Starting turn for Bot6
[14:35:49.641] Bot6 rotated left to face WEST
[14:35:49.641] Bot6 executed ROTATE_LEFT
[14:35:49.641] Starting turn for Bot17
[14:35:49.641] Bot17 rotated left to face EAST
[14:35:49.641] Bot17 executed ROTATE_LEFT
[14:35:49.641] Bot17 moved forward to (3,4)
[14:35:49.641] Bot17 executed MOVE_FORWARD
[14:35:49.641] Starting turn for Bot6
[14:35:49.641] Starting turn for Bot17
[14:35:49.641] Bot17 rotated right to face SOUTH
[14:35:49.641] Bot17 executed ROTATE_RIGHT
[14:35:49.641] Bot17 moved forward to (4,4)
[14:35:49.641] Bot17 executed MOVE_FORWARD
[14:35:49.641] Starting turn for Bot6
[14:35:49.641] Bot6 rotated left to face SOUTH
[14:35:49.641] Bot6 executed ROTATE_LEFT
[14:35:49.641] Bot6 rotated left to face EAST
[14:35:49.641] Bot6 executed ROTATE_LEFT
[14:35:49.641] Bot6 moved forward to (6,7)
[14:35:49.641] Bot6 executed MOVE_FORWARD
[14:35:49.641] Starting turn for Bot17
[14:35:49.641] Bot17 rotated left to face EAST
[14:35:49.641] Bot17 executed ROTATE_LEFT
[14:35:49.641] Bot17 moved forward to (4,5)
[14:35:49.641] Bot17 executed MOVE_FORWARD
[14:35:49.641] Starting turn for Bot6
[14:35:49.641] Bot6 rotated left to face NORTH
[14:35:49.641] Bot6 executed ROTATE_LEFT
[14:35:49.641] Bot6 rotated left to face WEST
[14:35:49.641] Bot6 executed ROTATE_LEFT
[14:35:49.641] Bot6 moved forward to (6,6)
[14:35:49.641] Bot6 executed MOVE_FORWARD
[14:35:49.641] Starting turn for Bot17
[14:35:49.641] Bot17 rotated right to face SOUTH
[14:35:49.641] Bot17 executed ROTATE_RIGHT
[14:35:49.641] Bot17 moved forward to (5,5)
[14:35:49.641] Bot17 executed MOVE_FORWARD
[14:35:49.641] Starting turn for Bot6
[14:35:49.641] Starting turn for Bot17
[14:35:49.641] Starting turn for Bot6
[14:35:49.641] Starting turn for Bot17
[14:35:49.641] Starting turn for Bot6
[14:35:49.641] Bot6 rotated left to face SOUTH
[14:35:49.641] Bot6 executed ROTATE_LEFT
[14:35:49.641] Bot6 rotated left to face EAST
[14:35:49.641] Bot6 executed ROTATE_LEFT
[14:35:49.641] Bot6 moved forward to (6,7)
[14:35:49.641] Bot6 executed MOVE_FORWARD
[14:35:49.641] Starting turn for Bot17
[14:35:49.641] Starting turn for Bot6
[14:35:49.641] Bot6 rotated left to face NORTH
[14:35:49.641] Bot6 executed ROTATE_LEFT
[14:35:49.641] Bot6 rotated left to face WEST
[14:35:49.641] Bot6 executed ROTATE_LEFT
[14:35:49.641] Bot6 moved forward to (6,6)
[14:35:49.641] Bot6 executed MOVE_FORWARD
[14:35:49.641] Starting turn for Bot17
[14:35:49.641] Starting turn for Bot6
[14:35:49.641] Starting turn for Bot17
[14:35:49.641] Starting turn for Bot6
[14:35:49.641] Starting turn for Bot17
[14:35:49.641] Starting turn for Bot6
[14:35:49.641] Bot6 rotated left to face SOUTH
[14:35:49.641] Bot6 executed ROTATE_LEFT
[14:35:49.641] Bot6 rotated left to face EAST
[14:35:49.641] Bot6 executed ROTATE_LEFT
[14:35:49.641] Bot6 moved forward to (6,7)
[14:35:49.641] Bot6 executed MOVE_FORWARD
[14:35:49.641] Starting turn for Bot17
[14:35:49.641] Starting turn for Bot6
[14:35:49.641] Bot6 rotated left to face NORTH
[14:35:49.641] Bot6 executed ROTATE_LEFT
[14:35:49.641] Bot6 rotated left to face WEST
[14:35:49.641] Bot6 executed ROTATE_LEFT
[14:35:49.641] Bot6 moved forward to (6,6)
[14:35:49.641] Bot6 executed MOVE_FORWARD
[14:35:49.641] Starting turn for Bot17
[14:35:49.641] Starting turn for Bot6
[14:35:49.641] Stalemate detected: State repeated 10 times, unchanged for 2 turns
[14:35:49.641] Game Over! Stalemate detected!
[14:35:49.641] Stalemate detected: State repeated 10 times, unchanged for 2 turns
