[14:36:03.393] === Game Started at 2025-02-04_14-36-03 ===
[14:36:03.393] Game initialized with 2 players
[14:36:03.393] Board size: 10
[14:36:03.393] Obstacle density: 0.05
[14:36:03.393] Max turns: 1000
[14:36:03.393] Player Bot26 starting at position (0,0) facing SOUTH
[14:36:03.393] Player Bot16 starting at position (9,9) facing EAST
[14:36:03.393] Obstacles at positions: (0,1) (0,6) (1,0) (1,9) (4,3)
[14:36:03.393] Starting turn for Bot26
[14:36:03.393] Bot26 rotated left to face EAST
[14:36:03.393] Bot26 executed ROTATE_LEFT
[14:36:03.393] Starting turn for Bot16
[14:36:03.393] Bot16 rotated left to face NORTH
[14:36:03.393] Bot16 executed ROTATE_LEFT
[14:36:03.393] Bot16 rotated left to face WEST
[14:36:03.393] Bot16 executed ROTATE_LEFT
[14:36:03.393] Bot16 moved forward to (9,8)
[14:36:03.393] Bot16 executed MOVE_FORWARD
[14:36:03.393] Starting turn for Bot26
[14:36:03.393] Bot26 rotated right to face SOUTH
[14:36:03.393] Bot26 executed ROTATE_RIGHT
[14:36:03.393] Starting turn for Bot16
[14:36:03.393] Bot16 rotated right to face NORTH
[14:36:03.393] Bot16 executed ROTATE_RIGHT
[14:36:03.393] Bot16 moved forward to (8,8)
[14:36:03.393] Bot16 executed MOVE_FORWARD
[14:36:03.393] Starting turn for Bot26
[14:36:03.393] Bot26 rotated left to face EAST
[14:36:03.393] Bot26 executed ROTATE_LEFT
[14:36:03.393] Starting turn for Bot16
[14:36:03.393] Bot16 rotated left to face WEST
[14:36:03.393] Bot16 executed ROTATE_LEFT
[14:36:03.393] Bot16 moved forward to (8,7)
[14:36:03.393] Bot16 executed MOVE_FORWARD
[14:36:03.393] Starting turn for Bot26
[14:36:03.393] Starting turn for Bot16
[14:36:03.393] Bot16 rotated right to face NORTH
[14:36:03.393] Bot16 executed ROTATE_RIGHT
[14:36:03.393] Bot16 moved forward to (7,7)
[14:36:03.393] Bot16 executed MOVE_FORWARD
[14:36:03.393] Starting turn for Bot26
[14:36:03.393] Bot26 rotated right to face SOUTH
[14:36:03.393] Bot26 executed ROTATE_RIGHT
[14:36:03.393] Starting turn for Bot16
[14:36:03.393] Bot16 rotated left to face WEST
[14:36:03.393] Bot16 executed ROTATE_LEFT
[14:36:03.393] Bot16 moved forward to (7,6)
[14:36:03.393] Bot16 executed MOVE_FORWARD
[14:36:03.393] Starting turn for Bot26
[14:36:03.393] Bot26 rotated left to face EAST
[14:36:03.393] Bot26 executed ROTATE_LEFT
[14:36:03.393] Starting turn for Bot16
[14:36:03.393] Bot16 rotated right to face NORTH
[14:36:03.393] Bot16 executed ROTATE_RIGHT
[14:36:03.393] Bot16 moved forward to (6,6)
[14:36:03.393] Bot16 executed MOVE_FORWARD
[14:36:03.393] Starting turn for Bot26
[14:36:03.393] Starting turn for Bot16
[14:36:03.393] Bot16 rotated left to face WEST
[14:36:03.393] Bot16 executed ROTATE_LEFT
[14:36:03.393] Bot16 moved forward to (6,5)
[14:36:03.393] Bot16 executed MOVE_FORWARD
[14:36:03.393] Starting turn for Bot26
[14:36:03.393] Bot26 rotated right to face SOUTH
[14:36:03.393] Bot26 executed ROTATE_RIGHT
[14:36:03.393] Starting turn for Bot16
[14:36:03.393] Bot16 rotated right to face NORTH
[14:36:03.393] Bot16 executed ROTATE_RIGHT
[14:36:03.393] Bot16 moved forward to (5,5)
[14:36:03.393] Bot16 executed MOVE_FORWARD
[14:36:03.393] Starting turn for Bot26
[14:36:03.393] Bot26 rotated left to face EAST
[14:36:03.393] Bot26 executed ROTATE_LEFT
[14:36:03.393] Starting turn for Bot16
[14:36:03.393] Starting turn for Bot26
[14:36:03.393] Starting turn for Bot16
[14:36:03.393] Starting turn for Bot26
[14:36:03.393] Bot26 rotated right to face SOUTH
[14:36:03.393] Bot26 executed ROTATE_RIGHT
[14:36:03.393] Starting turn for Bot16
[14:36:03.393] Starting turn for Bot26
[14:36:03.393] Bot26 rotated left to face EAST
[14:36:03.393] Bot26 executed ROTATE_LEFT
[14:36:03.393] Starting turn for Bot16
[14:36:03.394] Starting turn for Bot26
[14:36:03.394] Starting turn for Bot16
[14:36:03.394] Starting turn for Bot26
[14:36:03.394] Bot26 rotated right to face SOUTH
[14:36:03.394] Bot26 executed ROTATE_RIGHT
[14:36:03.394] Starting turn for Bot16
[14:36:03.394] Starting turn for Bot26
[14:36:03.394] Bot26 rotated left to face EAST
[14:36:03.394] Bot26 executed ROTATE_LEFT
[14:36:03.394] Starting turn for Bot16
[14:36:03.394] Starting turn for Bot26
[14:36:03.394] Starting turn for Bot16
[14:36:03.394] Starting turn for Bot26
[14:36:03.394] Bot26 rotated right to face SOUTH
[14:36:03.394] Bot26 executed ROTATE_RIGHT
[14:36:03.394] Starting turn for Bot16
[14:36:03.394] Starting turn for Bot26
[14:36:03.394] Bot26 rotated left to face EAST
[14:36:03.394] Bot26 executed ROTATE_LEFT
[14:36:03.394] Starting turn for Bot16
[14:36:03.394] Starting turn for Bot26
[14:36:03.394] Starting turn for Bot16
[14:36:03.394] Starting turn for Bot26
[14:36:03.394] Bot26 rotated right to face SOUTH
[14:36:03.394] Bot26 executed ROTATE_RIGHT
[14:36:03.394] Starting turn for Bot16
[14:36:03.394] Starting turn for Bot26
[14:36:03.394] Bot26 rotated left to face EAST
[14:36:03.394] Bot26 executed ROTATE_LEFT
[14:36:03.394] Starting turn for Bot16
[14:36:03.394] Stalemate detected: State repeated 10 times, unchanged for 1 turns
[14:36:03.394] Game Over! Stalemate detected!
[14:36:03.394] Stalemate detected: State repeated 10 times, unchanged for 1 turns
