[14:36:08.753] === Game Started at 2025-02-04_14-36-08 ===
[14:36:08.753] Game initialized with 2 players
[14:36:08.753] Board size: 10
[14:36:08.753] Obstacle density: 0.05
[14:36:08.753] Max turns: 1000
[14:36:08.753] Player Bot22 starting at position (0,0) facing WEST
[14:36:08.753] Player Bot23 starting at position (9,9) facing NORTH
[14:36:08.753] Obstacles at positions: (0,4) (5,8) (6,5) (6,8) (8,8)
[14:36:08.753] Starting turn for Bot22
[14:36:08.753] Bot22 rotated left to face SOUTH
[14:36:08.753] Bot22 executed ROTATE_LEFT
[14:36:08.753] Bot22 rotated left to face EAST
[14:36:08.753] Bot22 executed ROTATE_LEFT
[14:36:08.753] Bot22 moved forward to (0,1)
[14:36:08.753] Bot22 executed MOVE_FORWARD
[14:36:08.753] Starting turn for Bot23
[14:36:08.753] Bot23 rotated left to face WEST
[14:36:08.753] Bot23 executed ROTATE_LEFT
[14:36:08.753] Bot23 moved forward to (9,8)
[14:36:08.753] Bot23 executed MOVE_FORWARD
[14:36:08.753] Starting turn for Bot22
[14:36:08.753] Bot22 rotated right to face SOUTH
[14:36:08.753] Bot22 executed ROTATE_RIGHT
[14:36:08.753] Bot22 moved forward to (1,1)
[14:36:08.753] Bot22 executed MOVE_FORWARD
[14:36:08.753] Starting turn for Bot23
[14:36:08.753] Bot23 rotated right to face NORTH
[14:36:08.753] Bot23 executed ROTATE_RIGHT
[14:36:08.753] Starting turn for Bot22
[14:36:08.753] Bot22 rotated left to face EAST
[14:36:08.753] Bot22 executed ROTATE_LEFT
[14:36:08.753] Bot22 moved forward to (1,2)
[14:36:08.753] Bot22 executed MOVE_FORWARD
[14:36:08.753] Starting turn for Bot23
[14:36:08.753] Starting turn for Bot22
[14:36:08.753] Bot22 rotated right to face SOUTH
[14:36:08.753] Bot22 executed ROTATE_RIGHT
[14:36:08.753] Bot22 moved forward to (2,2)
[14:36:08.753] Bot22 executed MOVE_FORWARD
[14:36:08.753] Starting turn for Bot23
[14:36:08.753] Bot23 rotated right to face EAST
[14:36:08.753] Bot23 executed ROTATE_RIGHT
[14:36:08.753] Bot23 moved forward to (9,9)
[14:36:08.753] Bot23 executed MOVE_FORWARD
[14:36:08.753] Starting turn for Bot22
[14:36:08.753] Bot22 rotated left to face EAST
[14:36:08.753] Bot22 executed ROTATE_LEFT
[14:36:08.753] Bot22 moved forward to (2,3)
[14:36:08.753] Bot22 executed MOVE_FORWARD
[14:36:08.753] Starting turn for Bot23
[14:36:08.753] Bot23 rotated left to face NORTH
[14:36:08.753] Bot23 executed ROTATE_LEFT
[14:36:08.753] Bot23 rotated left to face WEST
[14:36:08.753] Bot23 executed ROTATE_LEFT
[14:36:08.753] Bot23 moved forward to (9,8)
[14:36:08.753] Bot23 executed MOVE_FORWARD
[14:36:08.753] Starting turn for Bot22
[14:36:08.753] Bot22 rotated right to face SOUTH
[14:36:08.753] Bot22 executed ROTATE_RIGHT
[14:36:08.753] Bot22 moved forward to (3,3)
[14:36:08.753] Bot22 executed MOVE_FORWARD
[14:36:08.753] Starting turn for Bot23
[14:36:08.753] Bot23 rotated right to face NORTH
[14:36:08.754] Bot23 executed ROTATE_RIGHT
[14:36:08.754] Starting turn for Bot22
[14:36:08.754] Bot22 rotated left to face EAST
[14:36:08.754] Bot22 executed ROTATE_LEFT
[14:36:08.754] Bot22 moved forward to (3,4)
[14:36:08.754] Bot22 executed MOVE_FORWARD
[14:36:08.754] Starting turn for Bot23
[14:36:08.754] Starting turn for Bot22
[14:36:08.754] Bot22 rotated right to face SOUTH
[14:36:08.754] Bot22 executed ROTATE_RIGHT
[14:36:08.754] Bot22 moved forward to (4,4)
[14:36:08.754] Bot22 executed MOVE_FORWARD
[14:36:08.754] Starting turn for Bot23
[14:36:08.754] Bot23 rotated right to face EAST
[14:36:08.754] Bot23 executed ROTATE_RIGHT
[14:36:08.754] Bot23 moved forward to (9,9)
[14:36:08.754] Bot23 executed MOVE_FORWARD
[14:36:08.754] Starting turn for Bot22
[14:36:08.754] Bot22 rotated left to face EAST
[14:36:08.754] Bot22 executed ROTATE_LEFT
[14:36:08.754] Bot22 moved forward to (4,5)
[14:36:08.754] Bot22 executed MOVE_FORWARD
[14:36:08.754] Starting turn for Bot23
[14:36:08.754] Bot23 rotated left to face NORTH
[14:36:08.754] Bot23 executed ROTATE_LEFT
[14:36:08.754] Bot23 rotated left to face WEST
[14:36:08.754] Bot23 executed ROTATE_LEFT
[14:36:08.754] Bot23 moved forward to (9,8)
[14:36:08.754] Bot23 executed MOVE_FORWARD
[14:36:08.754] Starting turn for Bot22
[14:36:08.754] Bot22 rotated right to face SOUTH
[14:36:08.754] Bot22 executed ROTATE_RIGHT
[14:36:08.754] Bot22 moved forward to (5,5)
[14:36:08.754] Bot22 executed MOVE_FORWARD
[14:36:08.754] Starting turn for Bot23
[14:36:08.754] Bot23 rotated right to face NORTH
[14:36:08.754] Bot23 executed ROTATE_RIGHT
[14:36:08.754] Starting turn for Bot22
[14:36:08.754] Starting turn for Bot23
[14:36:08.754] Starting turn for Bot22
[14:36:08.754] Starting turn for Bot23
[14:36:08.754] Bot23 rotated right to face EAST
[14:36:08.754] Bot23 executed ROTATE_RIGHT
[14:36:08.754] Bot23 moved forward to (9,9)
[14:36:08.754] Bot23 executed MOVE_FORWARD
[14:36:08.754] Starting turn for Bot22
[14:36:08.754] Starting turn for Bot23
[14:36:08.754] Bot23 rotated left to face NORTH
[14:36:08.754] Bot23 executed ROTATE_LEFT
[14:36:08.754] Bot23 rotated left to face WEST
[14:36:08.754] Bot23 executed ROTATE_LEFT
[14:36:08.754] Bot23 moved forward to (9,8)
[14:36:08.754] Bot23 executed MOVE_FORWARD
[14:36:08.754] Starting turn for Bot22
[14:36:08.754] Starting turn for Bot23
[14:36:08.754] Bot23 rotated right to face NORTH
[14:36:08.754] Bot23 executed ROTATE_RIGHT
[14:36:08.754] Starting turn for Bot22
[14:36:08.754] Starting turn for Bot23
[14:36:08.754] Starting turn for Bot22
[14:36:08.754] Starting turn for Bot23
[14:36:08.754] Bot23 rotated right to face EAST
[14:36:08.754] Bot23 executed ROTATE_RIGHT
[14:36:08.754] Bot23 moved forward to (9,9)
[14:36:08.754] Bot23 executed MOVE_FORWARD
[14:36:08.754] Starting turn for Bot22
[14:36:08.754] Starting turn for Bot23
[14:36:08.754] Bot23 rotated left to face NORTH
[14:36:08.754] Bot23 executed ROTATE_LEFT
[14:36:08.754] Bot23 rotated left to face WEST
[14:36:08.754] Bot23 executed ROTATE_LEFT
[14:36:08.754] Bot23 moved forward to (9,8)
[14:36:08.754] Bot23 executed MOVE_FORWARD
[14:36:08.754] Starting turn for Bot22
[14:36:08.754] Starting turn for Bot23
[14:36:08.754] Bot23 rotated right to face NORTH
[14:36:08.754] Bot23 executed ROTATE_RIGHT
[14:36:08.754] Starting turn for Bot22
[14:36:08.754] Starting turn for Bot23
[14:36:08.754] Starting turn for Bot22
[14:36:08.754] Starting turn for Bot23
[14:36:08.754] Stalemate detected: State repeated 10 times, unchanged for 2 turns
[14:36:08.754] Game Over! Stalemate detected!
[14:36:08.754] Stalemate detected: State repeated 10 times, unchanged for 2 turns
