[14:35:43.434] === Game Started at 2025-02-04_14-35-43 ===
[14:35:43.434] Game initialized with 2 players
[14:35:43.434] Board size: 10
[14:35:43.434] Obstacle density: 0.05
[14:35:43.434] Max turns: 1000
[14:35:43.434] Player Bot10 starting at position (0,0) facing NORTH
[14:35:43.434] Player Bot3 starting at position (9,9) facing NORTH
[14:35:43.434] Obstacles at positions: (5,1) (5,6) (6,7) (7,3) (8,8)
[14:35:43.434] Starting turn for Bot10
[14:35:43.434] Bot10 rotated right to face EAST
[14:35:43.434] Bot10 executed ROTATE_RIGHT
[14:35:43.434] Bot10 moved forward to (0,1)
[14:35:43.434] Bot10 executed MOVE_FORWARD
[14:35:43.434] Starting turn for Bot3
[14:35:43.434] Bot3 rotated left to face WEST
[14:35:43.434] Bot3 executed ROTATE_LEFT
[14:35:43.434] Bot3 moved forward to (9,8)
[14:35:43.434] Bot3 executed MOVE_FORWARD
[14:35:43.434] Starting turn for Bot10
[14:35:43.434] Bot10 rotated right to face SOUTH
[14:35:43.434] Bot10 executed ROTATE_RIGHT
[14:35:43.434] Bot10 moved forward to (1,1)
[14:35:43.434] Bot10 executed MOVE_FORWARD
[14:35:43.434] Starting turn for Bot3
[14:35:43.434] Bot3 rotated right to face NORTH
[14:35:43.434] Bot3 executed ROTATE_RIGHT
[14:35:43.434] Starting turn for Bot10
[14:35:43.434] Bot10 rotated left to face EAST
[14:35:43.434] Bot10 executed ROTATE_LEFT
[14:35:43.434] Bot10 moved forward to (1,2)
[14:35:43.434] Bot10 executed MOVE_FORWARD
[14:35:43.434] Starting turn for Bot3
[14:35:43.435] Starting turn for Bot10
[14:35:43.435] Bot10 rotated right to face SOUTH
[14:35:43.435] Bot10 executed ROTATE_RIGHT
[14:35:43.435] Bot10 moved forward to (2,2)
[14:35:43.435] Bot10 executed MOVE_FORWARD
[14:35:43.435] Starting turn for Bot3
[14:35:43.435] Bot3 rotated right to face EAST
[14:35:43.435] Bot3 executed ROTATE_RIGHT
[14:35:43.435] Bot3 moved forward to (9,9)
[14:35:43.435] Bot3 executed MOVE_FORWARD
[14:35:43.435] Starting turn for Bot10
[14:35:43.435] Bot10 rotated left to face EAST
[14:35:43.435] Bot10 executed ROTATE_LEFT
[14:35:43.435] Bot10 moved forward to (2,3)
[14:35:43.435] Bot10 executed MOVE_FORWARD
[14:35:43.435] Starting turn for Bot3
[14:35:43.435] Bot3 rotated left to face NORTH
[14:35:43.435] Bot3 executed ROTATE_LEFT
[14:35:43.435] Bot3 rotated left to face WEST
[14:35:43.435] Bot3 executed ROTATE_LEFT
[14:35:43.435] Bot3 moved forward to (9,8)
[14:35:43.435] Bot3 executed MOVE_FORWARD
[14:35:43.435] Starting turn for Bot10
[14:35:43.435] Bot10 rotated right to face SOUTH
[14:35:43.435] Bot10 executed ROTATE_RIGHT
[14:35:43.435] Bot10 moved forward to (3,3)
[14:35:43.435] Bot10 executed MOVE_FORWARD
[14:35:43.435] Starting turn for Bot3
[14:35:43.435] Bot3 rotated right to face NORTH
[14:35:43.435] Bot3 executed ROTATE_RIGHT
[14:35:43.435] Starting turn for Bot10
[14:35:43.435] Bot10 rotated left to face EAST
[14:35:43.435] Bot10 executed ROTATE_LEFT
[14:35:43.435] Bot10 moved forward to (3,4)
[14:35:43.435] Bot10 executed MOVE_FORWARD
[14:35:43.435] Starting turn for Bot3
[14:35:43.435] Starting turn for Bot10
[14:35:43.435] Bot10 rotated right to face SOUTH
[14:35:43.435] Bot10 executed ROTATE_RIGHT
[14:35:43.435] Bot10 moved forward to (4,4)
[14:35:43.435] Bot10 executed MOVE_FORWARD
[14:35:43.435] Starting turn for Bot3
[14:35:43.435] Bot3 rotated right to face EAST
[14:35:43.435] Bot3 executed ROTATE_RIGHT
[14:35:43.435] Bot3 moved forward to (9,9)
[14:35:43.435] Bot3 executed MOVE_FORWARD
[14:35:43.435] Starting turn for Bot10
[14:35:43.435] Bot10 rotated left to face EAST
[14:35:43.435] Bot10 executed ROTATE_LEFT
[14:35:43.435] Bot10 moved forward to (4,5)
[14:35:43.435] Bot10 executed MOVE_FORWARD
[14:35:43.435] Starting turn for Bot3
[14:35:43.435] Bot3 rotated left to face NORTH
[14:35:43.435] Bot3 executed ROTATE_LEFT
[14:35:43.435] Bot3 rotated left to face WEST
[14:35:43.435] Bot3 executed ROTATE_LEFT
[14:35:43.435] Bot3 moved forward to (9,8)
[14:35:43.435] Bot3 executed MOVE_FORWARD
[14:35:43.435] Starting turn for Bot10
[14:35:43.435] Bot10 rotated right to face SOUTH
[14:35:43.435] Bot10 executed ROTATE_RIGHT
[14:35:43.435] Bot10 moved forward to (5,5)
[14:35:43.435] Bot10 executed MOVE_FORWARD
[14:35:43.435] Starting turn for Bot3
[14:35:43.435] Bot3 rotated right to face NORTH
[14:35:43.435] Bot3 executed ROTATE_RIGHT
[14:35:43.435] Starting turn for Bot10
[14:35:43.435] Starting turn for Bot3
[14:35:43.435] Starting turn for Bot10
[14:35:43.435] Starting turn for Bot3
[14:35:43.435] Bot3 rotated right to face EAST
[14:35:43.435] Bot3 executed ROTATE_RIGHT
[14:35:43.435] Bot3 moved forward to (9,9)
[14:35:43.435] Bot3 executed MOVE_FORWARD
[14:35:43.435] Starting turn for Bot10
[14:35:43.435] Starting turn for Bot3
[14:35:43.435] Bot3 rotated left to face NORTH
[14:35:43.435] Bot3 executed ROTATE_LEFT
[14:35:43.435] Bot3 rotated left to face WEST
[14:35:43.435] Bot3 executed ROTATE_LEFT
[14:35:43.435] Bot3 moved forward to (9,8)
[14:35:43.435] Bot3 executed MOVE_FORWARD
[14:35:43.435] Starting turn for Bot10
[14:35:43.435] Starting turn for Bot3
[14:35:43.435] Bot3 rotated right to face NORTH
[14:35:43.435] Bot3 executed ROTATE_RIGHT
[14:35:43.435] Starting turn for Bot10
[14:35:43.435] Starting turn for Bot3
[14:35:43.435] Starting turn for Bot10
[14:35:43.435] Starting turn for Bot3
[14:35:43.435] Bot3 rotated right to face EAST
[14:35:43.435] Bot3 executed ROTATE_RIGHT
[14:35:43.435] Bot3 moved forward to (9,9)
[14:35:43.435] Bot3 executed MOVE_FORWARD
[14:35:43.435] Starting turn for Bot10
[14:35:43.435] Starting turn for Bot3
[14:35:43.435] Bot3 rotated left to face NORTH
[14:35:43.435] Bot3 executed ROTATE_LEFT
[14:35:43.435] Bot3 rotated left to face WEST
[14:35:43.435] Bot3 executed ROTATE_LEFT
[14:35:43.435] Bot3 moved forward to (9,8)
[14:35:43.435] Bot3 executed MOVE_FORWARD
[14:35:43.435] Starting turn for Bot10
[14:35:43.435] Starting turn for Bot3
[14:35:43.435] Bot3 rotated right to face NORTH
[14:35:43.435] Bot3 executed ROTATE_RIGHT
[14:35:43.435] Starting turn for Bot10
[14:35:43.435] Starting turn for Bot3
[14:35:43.435] Starting turn for Bot10
[14:35:43.435] Starting turn for Bot3
[14:35:43.435] Stalemate detected: State repeated 10 times, unchanged for 2 turns
[14:35:43.435] Game Over! Stalemate detected!
[14:35:43.435] Stalemate detected: State repeated 10 times, unchanged for 2 turns
