[14:36:11.318] === Game Started at 2025-02-04_14-36-11 ===
[14:36:11.318] Game initialized with 2 players
[14:36:11.318] Board size: 10
[14:36:11.318] Obstacle density: 0.05
[14:36:11.318] Max turns: 1000
[14:36:11.318] Player Bot25 starting at position (0,0) facing EAST
[14:36:11.318] Player Bot33 starting at position (9,9) facing NORTH
[14:36:11.318] Obstacles at positions: (4,8) (7,4) (7,8) (7,9) (8,7)
[14:36:11.318] Starting turn for Bot25
[14:36:11.318] Bot25 moved forward to (0,1)
[14:36:11.318] Bot25 executed MOVE_FORWARD
[14:36:11.318] Starting turn for Bot33
[14:36:11.318] Bot33 rotated left to face WEST
[14:36:11.318] Bot33 executed ROTATE_LEFT
[14:36:11.318] Bot33 moved forward to (9,8)
[14:36:11.318] Bot33 executed MOVE_FORWARD
[14:36:11.318] Starting turn for Bot25
[14:36:11.318] Bot25 rotated right to face SOUTH
[14:36:11.318] Bot25 executed ROTATE_RIGHT
[14:36:11.318] Bot25 moved forward to (1,1)
[14:36:11.318] Bot25 executed MOVE_FORWARD
[14:36:11.318] Starting turn for Bot33
[14:36:11.318] Bot33 rotated right to face NORTH
[14:36:11.318] Bot33 executed ROTATE_RIGHT
[14:36:11.318] Bot33 moved forward to (8,8)
[14:36:11.318] Bot33 executed MOVE_FORWARD
[14:36:11.318] Starting turn for Bot25
[14:36:11.318] Bot25 rotated left to face EAST
[14:36:11.318] Bot25 executed ROTATE_LEFT
[14:36:11.318] Bot25 moved forward to (1,2)
[14:36:11.318] Bot25 executed MOVE_FORWARD
[14:36:11.318] Starting turn for Bot33
[14:36:11.318] Bot33 rotated left to face WEST
[14:36:11.318] Bot33 executed ROTATE_LEFT
[14:36:11.318] Starting turn for Bot25
[14:36:11.318] Bot25 rotated right to face SOUTH
[14:36:11.318] Bot25 executed ROTATE_RIGHT
[14:36:11.318] Bot25 moved forward to (2,2)
[14:36:11.318] Bot25 executed MOVE_FORWARD
[14:36:11.318] Starting turn for Bot33
[14:36:11.318] Starting turn for Bot25
[14:36:11.318] Bot25 rotated left to face EAST
[14:36:11.318] Bot25 executed ROTATE_LEFT
[14:36:11.318] Bot25 moved forward to (2,3)
[14:36:11.318] Bot25 executed MOVE_FORWARD
[14:36:11.318] Starting turn for Bot33
[14:36:11.318] Bot33 rotated left to face SOUTH
[14:36:11.318] Bot33 executed ROTATE_LEFT
[14:36:11.318] Bot33 rotated left to face EAST
[14:36:11.318] Bot33 executed ROTATE_LEFT
[14:36:11.318] Bot33 moved forward to (8,9)
[14:36:11.318] Bot33 executed MOVE_FORWARD
[14:36:11.318] Starting turn for Bot25
[14:36:11.318] Bot25 rotated right to face SOUTH
[14:36:11.318] Bot25 executed ROTATE_RIGHT
[14:36:11.318] Bot25 moved forward to (3,3)
[14:36:11.318] Bot25 executed MOVE_FORWARD
[14:36:11.318] Starting turn for Bot33
[14:36:11.318] Bot33 rotated left to face NORTH
[14:36:11.318] Bot33 executed ROTATE_LEFT
[14:36:11.318] Bot33 rotated left to face WEST
[14:36:11.318] Bot33 executed ROTATE_LEFT
[14:36:11.318] Bot33 moved forward to (8,8)
[14:36:11.318] Bot33 executed MOVE_FORWARD
[14:36:11.318] Starting turn for Bot25
[14:36:11.318] Bot25 rotated left to face EAST
[14:36:11.318] Bot25 executed ROTATE_LEFT
[14:36:11.318] Bot25 moved forward to (3,4)
[14:36:11.318] Bot25 executed MOVE_FORWARD
[14:36:11.318] Starting turn for Bot33
[14:36:11.318] Starting turn for Bot25
[14:36:11.318] Bot25 rotated right to face SOUTH
[14:36:11.319] Bot25 executed ROTATE_RIGHT
[14:36:11.319] Bot25 moved forward to (4,4)
[14:36:11.319] Bot25 executed MOVE_FORWARD
[14:36:11.319] Starting turn for Bot33
[14:36:11.319] Starting turn for Bot25
[14:36:11.319] Bot25 rotated left to face EAST
[14:36:11.319] Bot25 executed ROTATE_LEFT
[14:36:11.319] Bot25 moved forward to (4,5)
[14:36:11.319] Bot25 executed MOVE_FORWARD
[14:36:11.319] Starting turn for Bot33
[14:36:11.319] Bot33 rotated left to face SOUTH
[14:36:11.319] Bot33 executed ROTATE_LEFT
[14:36:11.319] Bot33 rotated left to face EAST
[14:36:11.319] Bot33 executed ROTATE_LEFT
[14:36:11.319] Bot33 moved forward to (8,9)
[14:36:11.319] Bot33 executed MOVE_FORWARD
[14:36:11.319] Starting turn for Bot25
[14:36:11.319] Bot25 rotated right to face SOUTH
[14:36:11.319] Bot25 executed ROTATE_RIGHT
[14:36:11.319] Bot25 moved forward to (5,5)
[14:36:11.319] Bot25 executed MOVE_FORWARD
[14:36:11.319] Starting turn for Bot33
[14:36:11.319] Bot33 rotated left to face NORTH
[14:36:11.319] Bot33 executed ROTATE_LEFT
[14:36:11.319] Bot33 rotated left to face WEST
[14:36:11.319] Bot33 executed ROTATE_LEFT
[14:36:11.319] Bot33 moved forward to (8,8)
[14:36:11.319] Bot33 executed MOVE_FORWARD
[14:36:11.319] Starting turn for Bot25
[14:36:11.319] Starting turn for Bot33
[14:36:11.319] Starting turn for Bot25
[14:36:11.319] Starting turn for Bot33
[14:36:11.319] Starting turn for Bot25
[14:36:11.319] Starting turn for Bot33
[14:36:11.319] Bot33 rotated left to face SOUTH
[14:36:11.319] Bot33 executed ROTATE_LEFT
[14:36:11.319] Bot33 rotated left to face EAST
[14:36:11.319] Bot33 executed ROTATE_LEFT
[14:36:11.319] Bot33 moved forward to (8,9)
[14:36:11.319] Bot33 executed MOVE_FORWARD
[14:36:11.319] Starting turn for Bot25
[14:36:11.319] Starting turn for Bot33
[14:36:11.319] Bot33 rotated left to face NORTH
[14:36:11.319] Bot33 executed ROTATE_LEFT
[14:36:11.319] Bot33 rotated left to face WEST
[14:36:11.319] Bot33 executed ROTATE_LEFT
[14:36:11.319] Bot33 moved forward to (8,8)
[14:36:11.319] Bot33 executed MOVE_FORWARD
[14:36:11.319] Starting turn for Bot25
[14:36:11.319] Starting turn for Bot33
[14:36:11.319] Starting turn for Bot25
[14:36:11.319] Starting turn for Bot33
[14:36:11.319] Starting turn for Bot25
[14:36:11.319] Starting turn for Bot33
[14:36:11.319] Bot33 rotated left to face SOUTH
[14:36:11.319] Bot33 executed ROTATE_LEFT
[14:36:11.319] Bot33 rotated left to face EAST
[14:36:11.319] Bot33 executed ROTATE_LEFT
[14:36:11.319] Bot33 moved forward to (8,9)
[14:36:11.319] Bot33 executed MOVE_FORWARD
[14:36:11.319] Starting turn for Bot25
[14:36:11.319] Starting turn for Bot33
[14:36:11.319] Bot33 rotated left to face NORTH
[14:36:11.319] Bot33 executed ROTATE_LEFT
[14:36:11.319] Bot33 rotated left to face WEST
[14:36:11.319] Bot33 executed ROTATE_LEFT
[14:36:11.319] Bot33 moved forward to (8,8)
[14:36:11.319] Bot33 executed MOVE_FORWARD
[14:36:11.319] Starting turn for Bot25
[14:36:11.319] Starting turn for Bot33
[14:36:11.319] Starting turn for Bot25
[14:36:11.319] Starting turn for Bot33
[14:36:11.319] Stalemate detected: State repeated 10 times, unchanged for 6 turns
[14:36:11.319] Game Over! Stalemate detected!
[14:36:11.319] Stalemate detected: State repeated 10 times, unchanged for 6 turns
