[14:36:08.850] === Game Started at 2025-02-04_14-36-08 ===
[14:36:08.850] Game initialized with 2 players
[14:36:08.850] Board size: 10
[14:36:08.850] Obstacle density: 0.05
[14:36:08.850] Max turns: 1000
[14:36:08.850] Player Bot22 starting at position (0,0) facing NORTH
[14:36:08.850] Player Bot27 starting at position (9,9) facing SOUTH
[14:36:08.850] Obstacles at positions: (3,7) (4,7) (5,4) (5,5) (7,6)
[14:36:08.850] Starting turn for Bot22
[14:36:08.850] Bot22 rotated right to face EAST
[14:36:08.850] Bot22 executed ROTATE_RIGHT
[14:36:08.850] Bot22 moved forward to (0,1)
[14:36:08.850] Bot22 executed MOVE_FORWARD
[14:36:08.850] Starting turn for Bot27
[14:36:08.850] Bot27 rotated right to face WEST
[14:36:08.850] Bot27 executed ROTATE_RIGHT
[14:36:08.850] Bot27 moved forward to (9,8)
[14:36:08.850] Bot27 executed MOVE_FORWARD
[14:36:08.850] Starting turn for Bot22
[14:36:08.850] Bot22 rotated right to face SOUTH
[14:36:08.850] Bot22 executed ROTATE_RIGHT
[14:36:08.850] Bot22 moved forward to (1,1)
[14:36:08.850] Bot22 executed MOVE_FORWARD
[14:36:08.850] Starting turn for Bot27
[14:36:08.850] Bot27 rotated right to face NORTH
[14:36:08.850] Bot27 executed ROTATE_RIGHT
[14:36:08.850] Bot27 moved forward to (8,8)
[14:36:08.850] Bot27 executed MOVE_FORWARD
[14:36:08.850] Starting turn for Bot22
[14:36:08.850] Bot22 rotated left to face EAST
[14:36:08.850] Bot22 executed ROTATE_LEFT
[14:36:08.850] Bot22 moved forward to (1,2)
[14:36:08.850] Bot22 executed MOVE_FORWARD
[14:36:08.850] Starting turn for Bot27
[14:36:08.850] Bot27 rotated left to face WEST
[14:36:08.850] Bot27 executed ROTATE_LEFT
[14:36:08.850] Bot27 moved forward to (8,7)
[14:36:08.850] Bot27 executed MOVE_FORWARD
[14:36:08.850] Starting turn for Bot22
[14:36:08.850] Bot22 rotated right to face SOUTH
[14:36:08.850] Bot22 executed ROTATE_RIGHT
[14:36:08.850] Bot22 moved forward to (2,2)
[14:36:08.850] Bot22 executed MOVE_FORWARD
[14:36:08.850] Starting turn for Bot27
[14:36:08.850] Bot27 rotated right to face NORTH
[14:36:08.850] Bot27 executed ROTATE_RIGHT
[14:36:08.850] Bot27 moved forward to (7,7)
[14:36:08.850] Bot27 executed MOVE_FORWARD
[14:36:08.850] Starting turn for Bot22
[14:36:08.850] Bot22 rotated left to face EAST
[14:36:08.850] Bot22 executed ROTATE_LEFT
[14:36:08.850] Bot22 moved forward to (2,3)
[14:36:08.850] Bot22 executed MOVE_FORWARD
[14:36:08.850] Starting turn for Bot27
[14:36:08.850] Bot27 rotated left to face WEST
[14:36:08.850] Bot27 executed ROTATE_LEFT
[14:36:08.850] Starting turn for Bot22
[14:36:08.850] Bot22 rotated right to face SOUTH
[14:36:08.850] Bot22 executed ROTATE_RIGHT
[14:36:08.850] Bot22 moved forward to (3,3)
[14:36:08.850] Bot22 executed MOVE_FORWARD
[14:36:08.850] Starting turn for Bot27
[14:36:08.850] Starting turn for Bot22
[14:36:08.850] Bot22 rotated left to face EAST
[14:36:08.850] Bot22 executed ROTATE_LEFT
[14:36:08.850] Bot22 moved forward to (3,4)
[14:36:08.850] Bot22 executed MOVE_FORWARD
[14:36:08.850] Starting turn for Bot27
[14:36:08.850] Bot27 rotated right to face NORTH
[14:36:08.850] Bot27 executed ROTATE_RIGHT
[14:36:08.850] Bot27 moved forward to (6,7)
[14:36:08.850] Bot27 executed MOVE_FORWARD
[14:36:08.850] Starting turn for Bot22
[14:36:08.850] Bot22 rotated right to face SOUTH
[14:36:08.850] Bot22 executed ROTATE_RIGHT
[14:36:08.850] Bot22 moved forward to (4,4)
[14:36:08.850] Bot22 executed MOVE_FORWARD
[14:36:08.850] Starting turn for Bot27
[14:36:08.851] Bot27 rotated left to face WEST
[14:36:08.851] Bot27 executed ROTATE_LEFT
[14:36:08.851] Bot27 moved forward to (6,6)
[14:36:08.851] Bot27 executed MOVE_FORWARD
[14:36:08.851] Starting turn for Bot22
[14:36:08.851] Bot22 rotated left to face EAST
[14:36:08.851] Bot22 executed ROTATE_LEFT
[14:36:08.851] Bot22 moved forward to (4,5)
[14:36:08.851] Bot22 executed MOVE_FORWARD
[14:36:08.851] Starting turn for Bot27
[14:36:08.851] Bot27 moved forward to (6,5)
[14:36:08.851] Bot27 executed MOVE_FORWARD
[14:36:08.851] Starting turn for Bot22
[14:36:08.851] Bot22 rotated right to face SOUTH
[14:36:08.851] Bot22 executed ROTATE_RIGHT
[14:36:08.851] Starting turn for Bot27
[14:36:08.851] Bot27 rotated right to face NORTH
[14:36:08.851] Bot27 executed ROTATE_RIGHT
[14:36:08.851] Starting turn for Bot22
[14:36:08.851] Starting turn for Bot27
[14:36:08.851] Starting turn for Bot22
[14:36:08.851] Bot22 rotated left to face EAST
[14:36:08.851] Bot22 executed ROTATE_LEFT
[14:36:08.851] Bot22 rotated left to face NORTH
[14:36:08.851] Bot22 executed ROTATE_LEFT
[14:36:08.851] Bot22 moved forward to (3,5)
[14:36:08.851] Bot22 executed MOVE_FORWARD
[14:36:08.851] Starting turn for Bot27
[14:36:08.851] Bot27 rotated right to face EAST
[14:36:08.851] Bot27 executed ROTATE_RIGHT
[14:36:08.851] Bot27 moved forward to (6,6)
[14:36:08.851] Bot27 executed MOVE_FORWARD
[14:36:08.851] Starting turn for Bot22
[14:36:08.851] Bot22 rotated left to face WEST
[14:36:08.851] Bot22 executed ROTATE_LEFT
[14:36:08.851] Bot22 rotated left to face SOUTH
[14:36:08.851] Bot22 executed ROTATE_LEFT
[14:36:08.851] Bot22 moved forward to (4,5)
[14:36:08.851] Bot22 executed MOVE_FORWARD
[14:36:08.851] Starting turn for Bot27
[14:36:08.851] Bot27 rotated left to face NORTH
[14:36:08.851] Bot27 executed ROTATE_LEFT
[14:36:08.851] Bot27 rotated left to face WEST
[14:36:08.851] Bot27 executed ROTATE_LEFT
[14:36:08.851] Bot27 moved forward to (6,5)
[14:36:08.851] Bot27 executed MOVE_FORWARD
[14:36:08.851] Starting turn for Bot22
[14:36:08.851] Starting turn for Bot27
[14:36:08.851] Bot27 rotated right to face NORTH
[14:36:08.851] Bot27 executed ROTATE_RIGHT
[14:36:08.851] Starting turn for Bot22
[14:36:08.851] Starting turn for Bot27
[14:36:08.851] Starting turn for Bot22
[14:36:08.851] Bot22 rotated left to face EAST
[14:36:08.851] Bot22 executed ROTATE_LEFT
[14:36:08.851] Bot22 rotated left to face NORTH
[14:36:08.851] Bot22 executed ROTATE_LEFT
[14:36:08.851] Bot22 moved forward to (3,5)
[14:36:08.851] Bot22 executed MOVE_FORWARD
[14:36:08.851] Starting turn for Bot27
[14:36:08.851] Bot27 rotated right to face EAST
[14:36:08.851] Bot27 executed ROTATE_RIGHT
[14:36:08.851] Bot27 moved forward to (6,6)
[14:36:08.851] Bot27 executed MOVE_FORWARD
[14:36:08.851] Starting turn for Bot22
[14:36:08.851] Bot22 rotated left to face WEST
[14:36:08.851] Bot22 executed ROTATE_LEFT
[14:36:08.851] Bot22 rotated left to face SOUTH
[14:36:08.851] Bot22 executed ROTATE_LEFT
[14:36:08.851] Bot22 moved forward to (4,5)
[14:36:08.851] Bot22 executed MOVE_FORWARD
[14:36:08.851] Starting turn for Bot27
[14:36:08.851] Bot27 rotated left to face NORTH
[14:36:08.851] Bot27 executed ROTATE_LEFT
[14:36:08.851] Bot27 rotated left to face WEST
[14:36:08.851] Bot27 executed ROTATE_LEFT
[14:36:08.851] Bot27 moved forward to (6,5)
[14:36:08.851] Bot27 executed MOVE_FORWARD
[14:36:08.851] Starting turn for Bot22
[14:36:08.851] Starting turn for Bot27
[14:36:08.851] Bot27 rotated right to face NORTH
[14:36:08.851] Bot27 executed ROTATE_RIGHT
[14:36:08.851] Starting turn for Bot22
[14:36:08.851] Starting turn for Bot27
[14:36:08.851] Starting turn for Bot22
[14:36:08.851] Bot22 rotated left to face EAST
[14:36:08.851] Bot22 executed ROTATE_LEFT
[14:36:08.851] Bot22 rotated left to face NORTH
[14:36:08.851] Bot22 executed ROTATE_LEFT
[14:36:08.851] Bot22 moved forward to (3,5)
[14:36:08.851] Bot22 executed MOVE_FORWARD
[14:36:08.851] Starting turn for Bot27
[14:36:08.851] Bot27 rotated right to face EAST
[14:36:08.851] Bot27 executed ROTATE_RIGHT
[14:36:08.851] Bot27 moved forward to (6,6)
[14:36:08.851] Bot27 executed MOVE_FORWARD
[14:36:08.851] Starting turn for Bot22
[14:36:08.851] Bot22 rotated left to face WEST
[14:36:08.851] Bot22 executed ROTATE_LEFT
[14:36:08.851] Bot22 rotated left to face SOUTH
[14:36:08.851] Bot22 executed ROTATE_LEFT
[14:36:08.851] Bot22 moved forward to (4,5)
[14:36:08.851] Bot22 executed MOVE_FORWARD
[14:36:08.851] Starting turn for Bot27
[14:36:08.851] Bot27 rotated left to face NORTH
[14:36:08.851] Bot27 executed ROTATE_LEFT
[14:36:08.851] Bot27 rotated left to face WEST
[14:36:08.851] Bot27 executed ROTATE_LEFT
[14:36:08.851] Bot27 moved forward to (6,5)
[14:36:08.851] Bot27 executed MOVE_FORWARD
[14:36:08.851] Starting turn for Bot22
[14:36:08.851] Starting turn for Bot27
[14:36:08.851] Bot27 rotated right to face NORTH
[14:36:08.851] Bot27 executed ROTATE_RIGHT
[14:36:08.851] Starting turn for Bot22
[14:36:08.851] Stalemate detected: State repeated 10 times, unchanged for 3 turns
[14:36:08.851] Game Over! Stalemate detected!
[14:36:08.851] Stalemate detected: State repeated 10 times, unchanged for 3 turns
