[14:35:55.923] === Game Started at 2025-02-04_14-35-55 ===
[14:35:55.923] Game initialized with 2 players
[14:35:55.923] Board size: 10
[14:35:55.923] Obstacle density: 0.05
[14:35:55.923] Max turns: 1000
[14:35:55.923] Player Bot14 starting at position (0,0) facing SOUTH
[14:35:55.923] Player Bot10 starting at position (9,9) facing WEST
[14:35:55.923] Obstacles at positions: (6,3) (6,7) (7,3) (8,6) (9,3)
[14:35:55.923] Starting turn for Bot14
[14:35:55.923] Bot14 rotated left to face EAST
[14:35:55.923] Bot14 executed ROTATE_LEFT
[14:35:55.923] Bot14 moved forward to (0,1)
[14:35:55.923] Bot14 executed MOVE_FORWARD
[14:35:55.923] Starting turn for Bot10
[14:35:55.923] Bot10 moved forward to (9,8)
[14:35:55.923] Bot10 executed MOVE_FORWARD
[14:35:55.923] Starting turn for Bot14
[14:35:55.923] Bot14 rotated right to face SOUTH
[14:35:55.923] Bot14 executed ROTATE_RIGHT
[14:35:55.923] Bot14 moved forward to (1,1)
[14:35:55.923] Bot14 executed MOVE_FORWARD
[14:35:55.923] Starting turn for Bot10
[14:35:55.923] Bot10 rotated right to face NORTH
[14:35:55.923] Bot10 executed ROTATE_RIGHT
[14:35:55.923] Bot10 moved forward to (8,8)
[14:35:55.923] Bot10 executed MOVE_FORWARD
[14:35:55.923] Starting turn for Bot14
[14:35:55.923] Bot14 rotated left to face EAST
[14:35:55.923] Bot14 executed ROTATE_LEFT
[14:35:55.923] Bot14 moved forward to (1,2)
[14:35:55.923] Bot14 executed MOVE_FORWARD
[14:35:55.923] Starting turn for Bot10
[14:35:55.923] Bot10 rotated left to face WEST
[14:35:55.923] Bot10 executed ROTATE_LEFT
[14:35:55.923] Bot10 moved forward to (8,7)
[14:35:55.923] Bot10 executed MOVE_FORWARD
[14:35:55.924] Starting turn for Bot14
[14:35:55.924] Bot14 rotated right to face SOUTH
[14:35:55.924] Bot14 executed ROTATE_RIGHT
[14:35:55.924] Bot14 moved forward to (2,2)
[14:35:55.924] Bot14 executed MOVE_FORWARD
[14:35:55.924] Starting turn for Bot10
[14:35:55.924] Bot10 rotated right to face NORTH
[14:35:55.924] Bot10 executed ROTATE_RIGHT
[14:35:55.924] Bot10 moved forward to (7,7)
[14:35:55.924] Bot10 executed MOVE_FORWARD
[14:35:55.924] Starting turn for Bot14
[14:35:55.924] Bot14 rotated left to face EAST
[14:35:55.924] Bot14 executed ROTATE_LEFT
[14:35:55.924] Bot14 moved forward to (2,3)
[14:35:55.924] Bot14 executed MOVE_FORWARD
[14:35:55.924] Starting turn for Bot10
[14:35:55.924] Bot10 rotated left to face WEST
[14:35:55.924] Bot10 executed ROTATE_LEFT
[14:35:55.924] Bot10 moved forward to (7,6)
[14:35:55.924] Bot10 executed MOVE_FORWARD
[14:35:55.924] Starting turn for Bot14
[14:35:55.924] Bot14 rotated right to face SOUTH
[14:35:55.924] Bot14 executed ROTATE_RIGHT
[14:35:55.924] Bot14 moved forward to (3,3)
[14:35:55.924] Bot14 executed MOVE_FORWARD
[14:35:55.924] Starting turn for Bot10
[14:35:55.924] Bot10 rotated right to face NORTH
[14:35:55.924] Bot10 executed ROTATE_RIGHT
[14:35:55.924] Bot10 moved forward to (6,6)
[14:35:55.924] Bot10 executed MOVE_FORWARD
[14:35:55.924] Starting turn for Bot14
[14:35:55.924] Bot14 rotated left to face EAST
[14:35:55.924] Bot14 executed ROTATE_LEFT
[14:35:55.924] Bot14 moved forward to (3,4)
[14:35:55.924] Bot14 executed MOVE_FORWARD
[14:35:55.924] Starting turn for Bot10
[14:35:55.924] Bot10 rotated left to face WEST
[14:35:55.924] Bot10 executed ROTATE_LEFT
[14:35:55.924] Bot10 moved forward to (6,5)
[14:35:55.924] Bot10 executed MOVE_FORWARD
[14:35:55.924] Starting turn for Bot14
[14:35:55.924] Bot14 rotated right to face SOUTH
[14:35:55.924] Bot14 executed ROTATE_RIGHT
[14:35:55.924] Bot14 moved forward to (4,4)
[14:35:55.924] Bot14 executed MOVE_FORWARD
[14:35:55.924] Starting turn for Bot10
[14:35:55.924] Bot10 rotated right to face NORTH
[14:35:55.924] Bot10 executed ROTATE_RIGHT
[14:35:55.924] Bot10 moved forward to (5,5)
[14:35:55.924] Bot10 executed MOVE_FORWARD
[14:35:55.924] Starting turn for Bot14
[14:35:55.924] Bot14 rotated left to face EAST
[14:35:55.924] Bot14 executed ROTATE_LEFT
[14:35:55.924] Bot14 moved forward to (4,5)
[14:35:55.924] Bot14 executed MOVE_FORWARD
[14:35:55.924] Starting turn for Bot10
[14:35:55.924] Bot10 shooting in direction NORTH
[14:35:55.924] Bot10 hit Bot14 for 25 damage (health: 100 -> 75)
[14:35:55.924] Bot10 executed SHOOT
[14:35:55.924] Starting turn for Bot14
[14:35:55.924] Bot14 rotated right to face SOUTH
[14:35:55.924] Bot14 executed ROTATE_RIGHT
[14:35:55.924] Starting turn for Bot10
[14:35:55.924] Bot10 shooting in direction NORTH
[14:35:55.924] Bot10 hit Bot14 for 25 damage (health: 75 -> 50)
[14:35:55.924] Bot10 executed SHOOT
[14:35:55.924] Starting turn for Bot14
[14:35:55.924] Bot14 shooting in direction SOUTH
[14:35:55.924] Bot14 hit Bot10 for 25 damage (health: 100 -> 75)
[14:35:55.924] Bot14 executed SHOOT
[14:35:55.924] Starting turn for Bot10
[14:35:55.924] Bot10 shooting in direction NORTH
[14:35:55.924] Bot10 hit Bot14 for 25 damage (health: 50 -> 25)
[14:35:55.924] Bot10 executed SHOOT
[14:35:55.924] Starting turn for Bot14
[14:35:55.924] Bot14 shooting in direction SOUTH
[14:35:55.924] Bot14 hit Bot10 for 25 damage (health: 75 -> 50)
[14:35:55.924] Bot14 executed SHOOT
[14:35:55.924] Starting turn for Bot10
[14:35:55.924] Bot10 shooting in direction NORTH
[14:35:55.924] Bot10 hit Bot14 for 25 damage (health: 25 -> 0)
[14:35:55.924] Bot14 was destroyed!
[14:35:55.924] Bot10 is the last tank standing!
[14:35:55.924] Bot10 executed SHOOT
[14:35:55.924] Game Over! Bot10 wins!
[14:35:55.924] === Game Ended ===
