[14:36:05.696] === Game Started at 2025-02-04_14-36-05 ===
[14:36:05.696] Game initialized with 2 players
[14:36:05.696] Board size: 10
[14:36:05.696] Obstacle density: 0.05
[14:36:05.696] Max turns: 1000
[14:36:05.696] Player Bot18 starting at position (0,0) facing EAST
[14:36:05.696] Player Bot30 starting at position (9,9) facing EAST
[14:36:05.696] Obstacles at positions: (2,6) (5,6) (8,7) (8,9) (9,8)
[14:36:05.696] Starting turn for Bot18
[14:36:05.696] Bot18 moved forward to (0,1)
[14:36:05.696] Bot18 executed MOVE_FORWARD
[14:36:05.696] Starting turn for Bot30
[14:36:05.696] Bot30 rotated right to face SOUTH
[14:36:05.696] Bot30 executed ROTATE_RIGHT
[14:36:05.696] Starting turn for Bot18
[14:36:05.696] Bot18 rotated right to face SOUTH
[14:36:05.696] Bot18 executed ROTATE_RIGHT
[14:36:05.696] Bot18 moved forward to (1,1)
[14:36:05.696] Bot18 executed MOVE_FORWARD
[14:36:05.696] Starting turn for Bot30
[14:36:05.696] Bot30 rotated right to face WEST
[14:36:05.696] Bot30 executed ROTATE_RIGHT
[14:36:05.696] Starting turn for Bot18
[14:36:05.696] Bot18 rotated left to face EAST
[14:36:05.696] Bot18 executed ROTATE_LEFT
[14:36:05.696] Bot18 moved forward to (1,2)
[14:36:05.696] Bot18 executed MOVE_FORWARD
[14:36:05.696] Starting turn for Bot30
[14:36:05.696] Starting turn for Bot18
[14:36:05.696] Bot18 rotated right to face SOUTH
[14:36:05.696] Bot18 executed ROTATE_RIGHT
[14:36:05.696] Bot18 moved forward to (2,2)
[14:36:05.696] Bot18 executed MOVE_FORWARD
[14:36:05.696] Starting turn for Bot30
[14:36:05.696] Bot30 rotated right to face NORTH
[14:36:05.696] Bot30 executed ROTATE_RIGHT
[14:36:05.696] Starting turn for Bot18
[14:36:05.696] Bot18 rotated left to face EAST
[14:36:05.696] Bot18 executed ROTATE_LEFT
[14:36:05.696] Bot18 moved forward to (2,3)
[14:36:05.696] Bot18 executed MOVE_FORWARD
[14:36:05.696] Starting turn for Bot30
[14:36:05.696] Bot30 rotated left to face WEST
[14:36:05.696] Bot30 executed ROTATE_LEFT
[14:36:05.696] Starting turn for Bot18
[14:36:05.696] Bot18 rotated right to face SOUTH
[14:36:05.696] Bot18 executed ROTATE_RIGHT
[14:36:05.696] Bot18 moved forward to (3,3)
[14:36:05.696] Bot18 executed MOVE_FORWARD
[14:36:05.696] Starting turn for Bot30
[14:36:05.696] Starting turn for Bot18
[14:36:05.696] Bot18 rotated left to face EAST
[14:36:05.696] Bot18 executed ROTATE_LEFT
[14:36:05.696] Bot18 moved forward to (3,4)
[14:36:05.696] Bot18 executed MOVE_FORWARD
[14:36:05.696] Starting turn for Bot30
[14:36:05.696] Bot30 rotated right to face NORTH
[14:36:05.696] Bot30 executed ROTATE_RIGHT
[14:36:05.696] Starting turn for Bot18
[14:36:05.696] Bot18 rotated right to face SOUTH
[14:36:05.696] Bot18 executed ROTATE_RIGHT
[14:36:05.696] Bot18 moved forward to (4,4)
[14:36:05.696] Bot18 executed MOVE_FORWARD
[14:36:05.696] Starting turn for Bot30
[14:36:05.696] Bot30 rotated left to face WEST
[14:36:05.696] Bot30 executed ROTATE_LEFT
[14:36:05.696] Starting turn for Bot18
[14:36:05.696] Bot18 rotated left to face EAST
[14:36:05.696] Bot18 executed ROTATE_LEFT
[14:36:05.696] Bot18 moved forward to (4,5)
[14:36:05.696] Bot18 executed MOVE_FORWARD
[14:36:05.696] Starting turn for Bot30
[14:36:05.696] Starting turn for Bot18
[14:36:05.696] Bot18 rotated right to face SOUTH
[14:36:05.696] Bot18 executed ROTATE_RIGHT
[14:36:05.696] Bot18 moved forward to (5,5)
[14:36:05.696] Bot18 executed MOVE_FORWARD
[14:36:05.696] Starting turn for Bot30
[14:36:05.696] Bot30 rotated right to face NORTH
[14:36:05.696] Bot30 executed ROTATE_RIGHT
[14:36:05.696] Starting turn for Bot18
[14:36:05.696] Starting turn for Bot30
[14:36:05.696] Bot30 rotated left to face WEST
[14:36:05.696] Bot30 executed ROTATE_LEFT
[14:36:05.696] Starting turn for Bot18
[14:36:05.696] Starting turn for Bot30
[14:36:05.696] Starting turn for Bot18
[14:36:05.696] Starting turn for Bot30
[14:36:05.696] Bot30 rotated right to face NORTH
[14:36:05.696] Bot30 executed ROTATE_RIGHT
[14:36:05.696] Starting turn for Bot18
[14:36:05.696] Starting turn for Bot30
[14:36:05.696] Bot30 rotated left to face WEST
[14:36:05.696] Bot30 executed ROTATE_LEFT
[14:36:05.696] Starting turn for Bot18
[14:36:05.696] Starting turn for Bot30
[14:36:05.696] Starting turn for Bot18
[14:36:05.696] Starting turn for Bot30
[14:36:05.696] Bot30 rotated right to face NORTH
[14:36:05.696] Bot30 executed ROTATE_RIGHT
[14:36:05.696] Starting turn for Bot18
[14:36:05.696] Starting turn for Bot30
[14:36:05.696] Bot30 rotated left to face WEST
[14:36:05.696] Bot30 executed ROTATE_LEFT
[14:36:05.696] Starting turn for Bot18
[14:36:05.697] Starting turn for Bot30
[14:36:05.697] Starting turn for Bot18
[14:36:05.697] Starting turn for Bot30
[14:36:05.697] Bot30 rotated right to face NORTH
[14:36:05.697] Bot30 executed ROTATE_RIGHT
[14:36:05.697] Starting turn for Bot18
[14:36:05.697] Starting turn for Bot30
[14:36:05.697] Bot30 rotated left to face WEST
[14:36:05.697] Bot30 executed ROTATE_LEFT
[14:36:05.697] Starting turn for Bot18
[14:36:05.697] Stalemate detected: State repeated 10 times, unchanged for 1 turns
[14:36:05.697] Game Over! Stalemate detected!
[14:36:05.697] Stalemate detected: State repeated 10 times, unchanged for 1 turns
