[14:36:10.158] === Game Started at 2025-02-04_14-36-10 ===
[14:36:10.158] Game initialized with 2 players
[14:36:10.158] Board size: 10
[14:36:10.158] Obstacle density: 0.05
[14:36:10.158] Max turns: 1000
[14:36:10.158] Player Bot38 starting at position (0,0) facing SOUTH
[14:36:10.158] Player Bot23 starting at position (9,9) facing EAST
[14:36:10.158] Obstacles at positions: (0,1) (3,3) (6,0) (7,0) (8,2)
[14:36:10.158] Starting turn for Bot38
[14:36:10.158] Bot38 rotated left to face EAST
[14:36:10.158] Bot38 executed ROTATE_LEFT
[14:36:10.158] Starting turn for Bot23
[14:36:10.159] Bot23 rotated left to face NORTH
[14:36:10.159] Bot23 executed ROTATE_LEFT
[14:36:10.159] Bot23 rotated left to face WEST
[14:36:10.159] Bot23 executed ROTATE_LEFT
[14:36:10.159] Bot23 moved forward to (9,8)
[14:36:10.159] Bot23 executed MOVE_FORWARD
[14:36:10.159] Starting turn for Bot38
[14:36:10.159] Starting turn for Bot23
[14:36:10.159] Bot23 rotated right to face NORTH
[14:36:10.159] Bot23 executed ROTATE_RIGHT
[14:36:10.159] Bot23 moved forward to (8,8)
[14:36:10.159] Bot23 executed MOVE_FORWARD
[14:36:10.159] Starting turn for Bot38
[14:36:10.159] Bot38 rotated right to face SOUTH
[14:36:10.159] Bot38 executed ROTATE_RIGHT
[14:36:10.159] Bot38 moved forward to (1,0)
[14:36:10.159] Bot38 executed MOVE_FORWARD
[14:36:10.159] Starting turn for Bot23
[14:36:10.159] Bot23 rotated left to face WEST
[14:36:10.159] Bot23 executed ROTATE_LEFT
[14:36:10.159] Bot23 moved forward to (8,7)
[14:36:10.159] Bot23 executed MOVE_FORWARD
[14:36:10.159] Starting turn for Bot38
[14:36:10.159] Bot38 rotated left to face EAST
[14:36:10.159] Bot38 executed ROTATE_LEFT
[14:36:10.159] Bot38 moved forward to (1,1)
[14:36:10.159] Bot38 executed MOVE_FORWARD
[14:36:10.159] Starting turn for Bot23
[14:36:10.159] Bot23 rotated right to face NORTH
[14:36:10.159] Bot23 executed ROTATE_RIGHT
[14:36:10.159] Bot23 moved forward to (7,7)
[14:36:10.159] Bot23 executed MOVE_FORWARD
[14:36:10.159] Starting turn for Bot38
[14:36:10.159] Bot38 moved forward to (1,2)
[14:36:10.159] Bot38 executed MOVE_FORWARD
[14:36:10.159] Starting turn for Bot23
[14:36:10.159] Bot23 rotated left to face WEST
[14:36:10.159] Bot23 executed ROTATE_LEFT
[14:36:10.159] Bot23 moved forward to (7,6)
[14:36:10.159] Bot23 executed MOVE_FORWARD
[14:36:10.159] Starting turn for Bot38
[14:36:10.159] Bot38 rotated right to face SOUTH
[14:36:10.159] Bot38 executed ROTATE_RIGHT
[14:36:10.159] Bot38 moved forward to (2,2)
[14:36:10.159] Bot38 executed MOVE_FORWARD
[14:36:10.159] Starting turn for Bot23
[14:36:10.159] Bot23 rotated right to face NORTH
[14:36:10.159] Bot23 executed ROTATE_RIGHT
[14:36:10.159] Bot23 moved forward to (6,6)
[14:36:10.159] Bot23 executed MOVE_FORWARD
[14:36:10.159] Starting turn for Bot38
[14:36:10.159] Bot38 rotated left to face EAST
[14:36:10.159] Bot38 executed ROTATE_LEFT
[14:36:10.159] Bot38 moved forward to (2,3)
[14:36:10.159] Bot38 executed MOVE_FORWARD
[14:36:10.159] Starting turn for Bot23
[14:36:10.159] Bot23 rotated left to face WEST
[14:36:10.159] Bot23 executed ROTATE_LEFT
[14:36:10.159] Bot23 moved forward to (6,5)
[14:36:10.159] Bot23 executed MOVE_FORWARD
[14:36:10.159] Starting turn for Bot38
[14:36:10.159] Bot38 rotated right to face SOUTH
[14:36:10.159] Bot38 executed ROTATE_RIGHT
[14:36:10.159] Starting turn for Bot23
[14:36:10.159] Bot23 rotated right to face NORTH
[14:36:10.159] Bot23 executed ROTATE_RIGHT
[14:36:10.159] Bot23 moved forward to (5,5)
[14:36:10.159] Bot23 executed MOVE_FORWARD
[14:36:10.159] Starting turn for Bot38
[14:36:10.159] Starting turn for Bot23
[14:36:10.159] Starting turn for Bot38
[14:36:10.159] Bot38 rotated left to face EAST
[14:36:10.159] Bot38 executed ROTATE_LEFT
[14:36:10.159] Bot38 rotated left to face NORTH
[14:36:10.159] Bot38 executed ROTATE_LEFT
[14:36:10.159] Bot38 moved forward to (1,3)
[14:36:10.159] Bot38 executed MOVE_FORWARD
[14:36:10.159] Starting turn for Bot23
[14:36:10.159] Starting turn for Bot38
[14:36:10.159] Bot38 rotated left to face WEST
[14:36:10.159] Bot38 executed ROTATE_LEFT
[14:36:10.159] Bot38 rotated left to face SOUTH
[14:36:10.159] Bot38 executed ROTATE_LEFT
[14:36:10.159] Bot38 moved forward to (2,3)
[14:36:10.159] Bot38 executed MOVE_FORWARD
[14:36:10.159] Starting turn for Bot23
[14:36:10.159] Starting turn for Bot38
[14:36:10.159] Starting turn for Bot23
[14:36:10.159] Starting turn for Bot38
[14:36:10.159] Starting turn for Bot23
[14:36:10.159] Starting turn for Bot38
[14:36:10.159] Bot38 rotated left to face EAST
[14:36:10.159] Bot38 executed ROTATE_LEFT
[14:36:10.159] Bot38 rotated left to face NORTH
[14:36:10.159] Bot38 executed ROTATE_LEFT
[14:36:10.159] Bot38 moved forward to (1,3)
[14:36:10.159] Bot38 executed MOVE_FORWARD
[14:36:10.159] Starting turn for Bot23
[14:36:10.159] Starting turn for Bot38
[14:36:10.159] Bot38 rotated left to face WEST
[14:36:10.159] Bot38 executed ROTATE_LEFT
[14:36:10.159] Bot38 rotated left to face SOUTH
[14:36:10.159] Bot38 executed ROTATE_LEFT
[14:36:10.159] Bot38 moved forward to (2,3)
[14:36:10.159] Bot38 executed MOVE_FORWARD
[14:36:10.159] Starting turn for Bot23
[14:36:10.159] Starting turn for Bot38
[14:36:10.159] Starting turn for Bot23
[14:36:10.159] Starting turn for Bot38
[14:36:10.159] Starting turn for Bot23
[14:36:10.159] Starting turn for Bot38
[14:36:10.159] Bot38 rotated left to face EAST
[14:36:10.159] Bot38 executed ROTATE_LEFT
[14:36:10.159] Bot38 rotated left to face NORTH
[14:36:10.159] Bot38 executed ROTATE_LEFT
[14:36:10.159] Bot38 moved forward to (1,3)
[14:36:10.159] Bot38 executed MOVE_FORWARD
[14:36:10.159] Starting turn for Bot23
[14:36:10.159] Starting turn for Bot38
[14:36:10.159] Bot38 rotated left to face WEST
[14:36:10.159] Bot38 executed ROTATE_LEFT
[14:36:10.159] Bot38 rotated left to face SOUTH
[14:36:10.159] Bot38 executed ROTATE_LEFT
[14:36:10.159] Bot38 moved forward to (2,3)
[14:36:10.159] Bot38 executed MOVE_FORWARD
[14:36:10.159] Starting turn for Bot23
[14:36:10.159] Starting turn for Bot38
[14:36:10.159] Starting turn for Bot23
[14:36:10.159] Stalemate detected: State repeated 10 times, unchanged for 1 turns
[14:36:10.159] Game Over! Stalemate detected!
[14:36:10.159] Stalemate detected: State repeated 10 times, unchanged for 1 turns
