[14:36:08.271] === Game Started at 2025-02-04_14-36-08 ===
[14:36:08.271] Game initialized with 2 players
[14:36:08.271] Board size: 10
[14:36:08.271] Obstacle density: 0.05
[14:36:08.271] Max turns: 1000
[14:36:08.271] Player Bot21 starting at position (0,0) facing NORTH
[14:36:08.271] Player Bot31 starting at position (9,9) facing EAST
[14:36:08.271] Obstacles at positions: (1,5) (1,9) (7,5) (7,8) (9,1)
[14:36:08.271] Starting turn for Bot21
[14:36:08.271] Bot21 rotated right to face EAST
[14:36:08.271] Bot21 executed ROTATE_RIGHT
[14:36:08.271] Bot21 moved forward to (0,1)
[14:36:08.271] Bot21 executed MOVE_FORWARD
[14:36:08.271] Starting turn for Bot31
[14:36:08.271] Bot31 rotated left to face NORTH
[14:36:08.271] Bot31 executed ROTATE_LEFT
[14:36:08.271] Bot31 rotated left to face WEST
[14:36:08.271] Bot31 executed ROTATE_LEFT
[14:36:08.271] Bot31 moved forward to (9,8)
[14:36:08.271] Bot31 executed MOVE_FORWARD
[14:36:08.271] Starting turn for Bot21
[14:36:08.271] Bot21 rotated right to face SOUTH
[14:36:08.271] Bot21 executed ROTATE_RIGHT
[14:36:08.271] Bot21 moved forward to (1,1)
[14:36:08.271] Bot21 executed MOVE_FORWARD
[14:36:08.271] Starting turn for Bot31
[14:36:08.271] Bot31 rotated right to face NORTH
[14:36:08.271] Bot31 executed ROTATE_RIGHT
[14:36:08.271] Bot31 moved forward to (8,8)
[14:36:08.271] Bot31 executed MOVE_FORWARD
[14:36:08.271] Starting turn for Bot21
[14:36:08.271] Bot21 rotated left to face EAST
[14:36:08.271] Bot21 executed ROTATE_LEFT
[14:36:08.271] Bot21 moved forward to (1,2)
[14:36:08.271] Bot21 executed MOVE_FORWARD
[14:36:08.271] Starting turn for Bot31
[14:36:08.271] Bot31 rotated left to face WEST
[14:36:08.271] Bot31 executed ROTATE_LEFT
[14:36:08.271] Bot31 moved forward to (8,7)
[14:36:08.271] Bot31 executed MOVE_FORWARD
[14:36:08.271] Starting turn for Bot21
[14:36:08.271] Bot21 rotated right to face SOUTH
[14:36:08.271] Bot21 executed ROTATE_RIGHT
[14:36:08.271] Bot21 moved forward to (2,2)
[14:36:08.271] Bot21 executed MOVE_FORWARD
[14:36:08.271] Starting turn for Bot31
[14:36:08.271] Bot31 rotated right to face NORTH
[14:36:08.271] Bot31 executed ROTATE_RIGHT
[14:36:08.271] Bot31 moved forward to (7,7)
[14:36:08.271] Bot31 executed MOVE_FORWARD
[14:36:08.271] Starting turn for Bot21
[14:36:08.271] Bot21 rotated left to face EAST
[14:36:08.271] Bot21 executed ROTATE_LEFT
[14:36:08.271] Bot21 moved forward to (2,3)
[14:36:08.271] Bot21 executed MOVE_FORWARD
[14:36:08.271] Starting turn for Bot31
[14:36:08.271] Bot31 rotated left to face WEST
[14:36:08.271] Bot31 executed ROTATE_LEFT
[14:36:08.271] Bot31 moved forward to (7,6)
[14:36:08.271] Bot31 executed MOVE_FORWARD
[14:36:08.271] Starting turn for Bot21
[14:36:08.271] Bot21 rotated right to face SOUTH
[14:36:08.271] Bot21 executed ROTATE_RIGHT
[14:36:08.271] Bot21 moved forward to (3,3)
[14:36:08.271] Bot21 executed MOVE_FORWARD
[14:36:08.271] Starting turn for Bot31
[14:36:08.271] Bot31 rotated right to face NORTH
[14:36:08.271] Bot31 executed ROTATE_RIGHT
[14:36:08.271] Bot31 moved forward to (6,6)
[14:36:08.271] Bot31 executed MOVE_FORWARD
[14:36:08.271] Starting turn for Bot21
[14:36:08.271] Bot21 rotated left to face EAST
[14:36:08.271] Bot21 executed ROTATE_LEFT
[14:36:08.271] Bot21 moved forward to (3,4)
[14:36:08.271] Bot21 executed MOVE_FORWARD
[14:36:08.271] Starting turn for Bot31
[14:36:08.271] Bot31 rotated left to face WEST
[14:36:08.271] Bot31 executed ROTATE_LEFT
[14:36:08.271] Bot31 moved forward to (6,5)
[14:36:08.271] Bot31 executed MOVE_FORWARD
[14:36:08.271] Starting turn for Bot21
[14:36:08.271] Bot21 rotated right to face SOUTH
[14:36:08.271] Bot21 executed ROTATE_RIGHT
[14:36:08.271] Bot21 moved forward to (4,4)
[14:36:08.271] Bot21 executed MOVE_FORWARD
[14:36:08.271] Starting turn for Bot31
[14:36:08.271] Bot31 rotated right to face NORTH
[14:36:08.271] Bot31 executed ROTATE_RIGHT
[14:36:08.271] Bot31 moved forward to (5,5)
[14:36:08.271] Bot31 executed MOVE_FORWARD
[14:36:08.271] Starting turn for Bot21
[14:36:08.271] Bot21 rotated left to face EAST
[14:36:08.271] Bot21 executed ROTATE_LEFT
[14:36:08.271] Bot21 moved forward to (4,5)
[14:36:08.271] Bot21 executed MOVE_FORWARD
[14:36:08.271] Starting turn for Bot31
[14:36:08.271] Bot31 shooting in direction NORTH
[14:36:08.271] Bot31 hit Bot21 for 25 damage (health: 100 -> 75)
[14:36:08.271] Bot31 executed SHOOT
[14:36:08.271] Starting turn for Bot21
[14:36:08.271] Bot21 rotated right to face SOUTH
[14:36:08.271] Bot21 executed ROTATE_RIGHT
[14:36:08.271] Starting turn for Bot31
[14:36:08.271] Bot31 shooting in direction NORTH
[14:36:08.271] Bot31 hit Bot21 for 25 damage (health: 75 -> 50)
[14:36:08.271] Bot31 executed SHOOT
[14:36:08.272] Starting turn for Bot21
[14:36:08.272] Bot21 shooting in direction SOUTH
[14:36:08.272] Bot21 hit Bot31 for 25 damage (health: 100 -> 75)
[14:36:08.272] Bot21 executed SHOOT
[14:36:08.272] Starting turn for Bot31
[14:36:08.272] Bot31 shooting in direction NORTH
[14:36:08.272] Bot31 hit Bot21 for 25 damage (health: 50 -> 25)
[14:36:08.272] Bot31 executed SHOOT
[14:36:08.272] Starting turn for Bot21
[14:36:08.272] Bot21 shooting in direction SOUTH
[14:36:08.272] Bot21 hit Bot31 for 25 damage (health: 75 -> 50)
[14:36:08.272] Bot21 executed SHOOT
[14:36:08.272] Starting turn for Bot31
[14:36:08.272] Bot31 shooting in direction NORTH
[14:36:08.272] Bot31 hit Bot21 for 25 damage (health: 25 -> 0)
[14:36:08.272] Bot21 was destroyed!
[14:36:08.272] Bot31 is the last tank standing!
[14:36:08.272] Bot31 executed SHOOT
[14:36:08.272] Game Over! Bot31 wins!
[14:36:08.272] === Game Ended ===
