[14:35:51.604] === Game Started at 2025-02-04_14-35-51 ===
[14:35:51.604] Game initialized with 2 players
[14:35:51.604] Board size: 10
[14:35:51.604] Obstacle density: 0.05
[14:35:51.604] Max turns: 1000
[14:35:51.604] Player Bot7 starting at position (0,0) facing SOUTH
[14:35:51.604] Player Bot21 starting at position (9,9) facing WEST
[14:35:51.604] Obstacles at positions: (0,4) (3,5) (7,2) (7,4) (9,2)
[14:35:51.604] Starting turn for Bot7
[14:35:51.604] Bot7 rotated left to face EAST
[14:35:51.604] Bot7 executed ROTATE_LEFT
[14:35:51.604] Bot7 moved forward to (0,1)
[14:35:51.604] Bot7 executed MOVE_FORWARD
[14:35:51.604] Starting turn for Bot21
[14:35:51.604] Bot21 moved forward to (9,8)
[14:35:51.604] Bot21 executed MOVE_FORWARD
[14:35:51.604] Starting turn for Bot7
[14:35:51.604] Bot7 rotated right to face SOUTH
[14:35:51.604] Bot7 executed ROTATE_RIGHT
[14:35:51.604] Bot7 moved forward to (1,1)
[14:35:51.604] Bot7 executed MOVE_FORWARD
[14:35:51.604] Starting turn for Bot21
[14:35:51.604] Bot21 rotated right to face NORTH
[14:35:51.604] Bot21 executed ROTATE_RIGHT
[14:35:51.604] Bot21 moved forward to (8,8)
[14:35:51.604] Bot21 executed MOVE_FORWARD
[14:35:51.604] Starting turn for Bot7
[14:35:51.604] Bot7 rotated left to face EAST
[14:35:51.604] Bot7 executed ROTATE_LEFT
[14:35:51.604] Bot7 moved forward to (1,2)
[14:35:51.604] Bot7 executed MOVE_FORWARD
[14:35:51.604] Starting turn for Bot21
[14:35:51.604] Bot21 rotated left to face WEST
[14:35:51.604] Bot21 executed ROTATE_LEFT
[14:35:51.604] Bot21 moved forward to (8,7)
[14:35:51.604] Bot21 executed MOVE_FORWARD
[14:35:51.604] Starting turn for Bot7
[14:35:51.604] Bot7 rotated right to face SOUTH
[14:35:51.604] Bot7 executed ROTATE_RIGHT
[14:35:51.604] Bot7 moved forward to (2,2)
[14:35:51.604] Bot7 executed MOVE_FORWARD
[14:35:51.604] Starting turn for Bot21
[14:35:51.604] Bot21 rotated right to face NORTH
[14:35:51.604] Bot21 executed ROTATE_RIGHT
[14:35:51.604] Bot21 moved forward to (7,7)
[14:35:51.604] Bot21 executed MOVE_FORWARD
[14:35:51.604] Starting turn for Bot7
[14:35:51.604] Bot7 rotated left to face EAST
[14:35:51.604] Bot7 executed ROTATE_LEFT
[14:35:51.604] Bot7 moved forward to (2,3)
[14:35:51.604] Bot7 executed MOVE_FORWARD
[14:35:51.604] Starting turn for Bot21
[14:35:51.604] Bot21 rotated left to face WEST
[14:35:51.604] Bot21 executed ROTATE_LEFT
[14:35:51.604] Bot21 moved forward to (7,6)
[14:35:51.604] Bot21 executed MOVE_FORWARD
[14:35:51.604] Starting turn for Bot7
[14:35:51.604] Bot7 rotated right to face SOUTH
[14:35:51.604] Bot7 executed ROTATE_RIGHT
[14:35:51.604] Bot7 moved forward to (3,3)
[14:35:51.604] Bot7 executed MOVE_FORWARD
[14:35:51.604] Starting turn for Bot21
[14:35:51.604] Bot21 rotated right to face NORTH
[14:35:51.604] Bot21 executed ROTATE_RIGHT
[14:35:51.604] Bot21 moved forward to (6,6)
[14:35:51.604] Bot21 executed MOVE_FORWARD
[14:35:51.604] Starting turn for Bot7
[14:35:51.604] Bot7 rotated left to face EAST
[14:35:51.604] Bot7 executed ROTATE_LEFT
[14:35:51.604] Bot7 moved forward to (3,4)
[14:35:51.604] Bot7 executed MOVE_FORWARD
[14:35:51.604] Starting turn for Bot21
[14:35:51.604] Bot21 rotated left to face WEST
[14:35:51.604] Bot21 executed ROTATE_LEFT
[14:35:51.604] Bot21 moved forward to (6,5)
[14:35:51.604] Bot21 executed MOVE_FORWARD
[14:35:51.604] Starting turn for Bot7
[14:35:51.604] Bot7 rotated right to face SOUTH
[14:35:51.604] Bot7 executed ROTATE_RIGHT
[14:35:51.604] Bot7 moved forward to (4,4)
[14:35:51.604] Bot7 executed MOVE_FORWARD
[14:35:51.604] Starting turn for Bot21
[14:35:51.604] Bot21 rotated right to face NORTH
[14:35:51.604] Bot21 executed ROTATE_RIGHT
[14:35:51.604] Bot21 moved forward to (5,5)
[14:35:51.604] Bot21 executed MOVE_FORWARD
[14:35:51.604] Starting turn for Bot7
[14:35:51.604] Bot7 rotated left to face EAST
[14:35:51.604] Bot7 executed ROTATE_LEFT
[14:35:51.604] Bot7 moved forward to (4,5)
[14:35:51.604] Bot7 executed MOVE_FORWARD
[14:35:51.604] Starting turn for Bot21
[14:35:51.604] Bot21 shooting in direction NORTH
[14:35:51.604] Bot21 hit Bot7 for 25 damage (health: 100 -> 75)
[14:35:51.604] Bot21 executed SHOOT
[14:35:51.604] Starting turn for Bot7
[14:35:51.604] Bot7 rotated right to face SOUTH
[14:35:51.604] Bot7 executed ROTATE_RIGHT
[14:35:51.604] Starting turn for Bot21
[14:35:51.604] Bot21 shooting in direction NORTH
[14:35:51.604] Bot21 hit Bot7 for 25 damage (health: 75 -> 50)
[14:35:51.604] Bot21 executed SHOOT
[14:35:51.604] Starting turn for Bot7
[14:35:51.604] Bot7 shooting in direction SOUTH
[14:35:51.604] Bot7 hit Bot21 for 25 damage (health: 100 -> 75)
[14:35:51.605] Bot7 executed SHOOT
[14:35:51.605] Starting turn for Bot21
[14:35:51.605] Bot21 shooting in direction NORTH
[14:35:51.605] Bot21 hit Bot7 for 25 damage (health: 50 -> 25)
[14:35:51.605] Bot21 executed SHOOT
[14:35:51.605] Starting turn for Bot7
[14:35:51.605] Bot7 shooting in direction SOUTH
[14:35:51.605] Bot7 hit Bot21 for 25 damage (health: 75 -> 50)
[14:35:51.605] Bot7 executed SHOOT
[14:35:51.605] Starting turn for Bot21
[14:35:51.605] Bot21 shooting in direction NORTH
[14:35:51.605] Bot21 hit Bot7 for 25 damage (health: 25 -> 0)
[14:35:51.605] Bot7 was destroyed!
[14:35:51.605] Bot21 is the last tank standing!
[14:35:51.605] Bot21 executed SHOOT
[14:35:51.605] Game Over! Bot21 wins!
[14:35:51.605] === Game Ended ===
