[14:36:13.845] === Game Started at 2025-02-04_14-36-13 ===
[14:36:13.845] Game initialized with 2 players
[14:36:13.845] Board size: 10
[14:36:13.845] Obstacle density: 0.05
[14:36:13.845] Max turns: 1000
[14:36:13.845] Player Bot39 starting at position (0,0) facing WEST
[14:36:13.845] Player Bot29 starting at position (9,9) facing SOUTH
[14:36:13.845] Obstacles at positions: (1,2) (3,6) (5,5) (7,0) (9,3)
[14:36:13.845] Starting turn for Bot39
[14:36:13.845] Bot39 rotated left to face SOUTH
[14:36:13.845] Bot39 executed ROTATE_LEFT
[14:36:13.845] Bot39 rotated left to face EAST
[14:36:13.845] Bot39 executed ROTATE_LEFT
[14:36:13.845] Bot39 moved forward to (0,1)
[14:36:13.845] Bot39 executed MOVE_FORWARD
[14:36:13.845] Starting turn for Bot29
[14:36:13.845] Bot29 rotated right to face WEST
[14:36:13.845] Bot29 executed ROTATE_RIGHT
[14:36:13.846] Bot29 moved forward to (9,8)
[14:36:13.846] Bot29 executed MOVE_FORWARD
[14:36:13.846] Starting turn for Bot39
[14:36:13.846] Bot39 rotated right to face SOUTH
[14:36:13.846] Bot39 executed ROTATE_RIGHT
[14:36:13.846] Bot39 moved forward to (1,1)
[14:36:13.846] Bot39 executed MOVE_FORWARD
[14:36:13.846] Starting turn for Bot29
[14:36:13.846] Bot29 rotated right to face NORTH
[14:36:13.846] Bot29 executed ROTATE_RIGHT
[14:36:13.846] Bot29 moved forward to (8,8)
[14:36:13.846] Bot29 executed MOVE_FORWARD
[14:36:13.846] Starting turn for Bot39
[14:36:13.846] Bot39 rotated left to face EAST
[14:36:13.846] Bot39 executed ROTATE_LEFT
[14:36:13.846] Starting turn for Bot29
[14:36:13.846] Bot29 rotated left to face WEST
[14:36:13.846] Bot29 executed ROTATE_LEFT
[14:36:13.846] Bot29 moved forward to (8,7)
[14:36:13.846] Bot29 executed MOVE_FORWARD
[14:36:13.846] Starting turn for Bot39
[14:36:13.846] Starting turn for Bot29
[14:36:13.846] Bot29 rotated right to face NORTH
[14:36:13.846] Bot29 executed ROTATE_RIGHT
[14:36:13.846] Bot29 moved forward to (7,7)
[14:36:13.846] Bot29 executed MOVE_FORWARD
[14:36:13.846] Starting turn for Bot39
[14:36:13.846] Bot39 rotated left to face NORTH
[14:36:13.846] Bot39 executed ROTATE_LEFT
[14:36:13.846] Bot39 moved forward to (0,1)
[14:36:13.846] Bot39 executed MOVE_FORWARD
[14:36:13.846] Starting turn for Bot29
[14:36:13.846] Bot29 rotated left to face WEST
[14:36:13.846] Bot29 executed ROTATE_LEFT
[14:36:13.846] Bot29 moved forward to (7,6)
[14:36:13.846] Bot29 executed MOVE_FORWARD
[14:36:13.846] Starting turn for Bot39
[14:36:13.846] Bot39 rotated left to face WEST
[14:36:13.846] Bot39 executed ROTATE_LEFT
[14:36:13.846] Bot39 rotated left to face SOUTH
[14:36:13.846] Bot39 executed ROTATE_LEFT
[14:36:13.846] Bot39 moved forward to (1,1)
[14:36:13.846] Bot39 executed MOVE_FORWARD
[14:36:13.846] Starting turn for Bot29
[14:36:13.846] Bot29 rotated right to face NORTH
[14:36:13.846] Bot29 executed ROTATE_RIGHT
[14:36:13.846] Bot29 moved forward to (6,6)
[14:36:13.846] Bot29 executed MOVE_FORWARD
[14:36:13.846] Starting turn for Bot39
[14:36:13.846] Bot39 rotated left to face EAST
[14:36:13.846] Bot39 executed ROTATE_LEFT
[14:36:13.846] Starting turn for Bot29
[14:36:13.846] Bot29 rotated left to face WEST
[14:36:13.846] Bot29 executed ROTATE_LEFT
[14:36:13.846] Bot29 moved forward to (6,5)
[14:36:13.846] Bot29 executed MOVE_FORWARD
[14:36:13.846] Starting turn for Bot39
[14:36:13.846] Starting turn for Bot29
[14:36:13.846] Bot29 rotated right to face NORTH
[14:36:13.846] Bot29 executed ROTATE_RIGHT
[14:36:13.846] Starting turn for Bot39
[14:36:13.846] Bot39 rotated left to face NORTH
[14:36:13.846] Bot39 executed ROTATE_LEFT
[14:36:13.846] Bot39 moved forward to (0,1)
[14:36:13.846] Bot39 executed MOVE_FORWARD
[14:36:13.846] Starting turn for Bot29
[14:36:13.846] Starting turn for Bot39
[14:36:13.846] Bot39 rotated left to face WEST
[14:36:13.846] Bot39 executed ROTATE_LEFT
[14:36:13.846] Bot39 rotated left to face SOUTH
[14:36:13.846] Bot39 executed ROTATE_LEFT
[14:36:13.846] Bot39 moved forward to (1,1)
[14:36:13.846] Bot39 executed MOVE_FORWARD
[14:36:13.846] Starting turn for Bot29
[14:36:13.846] Bot29 rotated right to face EAST
[14:36:13.846] Bot29 executed ROTATE_RIGHT
[14:36:13.846] Bot29 moved forward to (6,6)
[14:36:13.846] Bot29 executed MOVE_FORWARD
[14:36:13.846] Starting turn for Bot39
[14:36:13.846] Bot39 rotated left to face EAST
[14:36:13.846] Bot39 executed ROTATE_LEFT
[14:36:13.846] Starting turn for Bot29
[14:36:13.846] Bot29 rotated left to face NORTH
[14:36:13.846] Bot29 executed ROTATE_LEFT
[14:36:13.846] Bot29 rotated left to face WEST
[14:36:13.846] Bot29 executed ROTATE_LEFT
[14:36:13.846] Bot29 moved forward to (6,5)
[14:36:13.846] Bot29 executed MOVE_FORWARD
[14:36:13.846] Starting turn for Bot39
[14:36:13.846] Starting turn for Bot29
[14:36:13.846] Bot29 rotated right to face NORTH
[14:36:13.846] Bot29 executed ROTATE_RIGHT
[14:36:13.846] Starting turn for Bot39
[14:36:13.846] Bot39 rotated left to face NORTH
[14:36:13.846] Bot39 executed ROTATE_LEFT
[14:36:13.846] Bot39 moved forward to (0,1)
[14:36:13.846] Bot39 executed MOVE_FORWARD
[14:36:13.846] Starting turn for Bot29
[14:36:13.846] Starting turn for Bot39
[14:36:13.846] Bot39 rotated left to face WEST
[14:36:13.846] Bot39 executed ROTATE_LEFT
[14:36:13.846] Bot39 rotated left to face SOUTH
[14:36:13.846] Bot39 executed ROTATE_LEFT
[14:36:13.846] Bot39 moved forward to (1,1)
[14:36:13.846] Bot39 executed MOVE_FORWARD
[14:36:13.846] Starting turn for Bot29
[14:36:13.846] Bot29 rotated right to face EAST
[14:36:13.846] Bot29 executed ROTATE_RIGHT
[14:36:13.846] Bot29 moved forward to (6,6)
[14:36:13.846] Bot29 executed MOVE_FORWARD
[14:36:13.846] Starting turn for Bot39
[14:36:13.846] Bot39 rotated left to face EAST
[14:36:13.846] Bot39 executed ROTATE_LEFT
[14:36:13.846] Starting turn for Bot29
[14:36:13.846] Bot29 rotated left to face NORTH
[14:36:13.846] Bot29 executed ROTATE_LEFT
[14:36:13.846] Bot29 rotated left to face WEST
[14:36:13.846] Bot29 executed ROTATE_LEFT
[14:36:13.846] Bot29 moved forward to (6,5)
[14:36:13.846] Bot29 executed MOVE_FORWARD
[14:36:13.846] Starting turn for Bot39
[14:36:13.846] Starting turn for Bot29
[14:36:13.846] Bot29 rotated right to face NORTH
[14:36:13.846] Bot29 executed ROTATE_RIGHT
[14:36:13.846] Starting turn for Bot39
[14:36:13.846] Bot39 rotated left to face NORTH
[14:36:13.846] Bot39 executed ROTATE_LEFT
[14:36:13.846] Bot39 moved forward to (0,1)
[14:36:13.846] Bot39 executed MOVE_FORWARD
[14:36:13.846] Starting turn for Bot29
[14:36:13.846] Starting turn for Bot39
[14:36:13.846] Bot39 rotated left to face WEST
[14:36:13.846] Bot39 executed ROTATE_LEFT
[14:36:13.846] Bot39 rotated left to face SOUTH
[14:36:13.846] Bot39 executed ROTATE_LEFT
[14:36:13.846] Bot39 moved forward to (1,1)
[14:36:13.846] Bot39 executed MOVE_FORWARD
[14:36:13.846] Starting turn for Bot29
[14:36:13.846] Bot29 rotated right to face EAST
[14:36:13.846] Bot29 executed ROTATE_RIGHT
[14:36:13.846] Bot29 moved forward to (6,6)
[14:36:13.846] Bot29 executed MOVE_FORWARD
[14:36:13.846] Starting turn for Bot39
[14:36:13.846] Bot39 rotated left to face EAST
[14:36:13.846] Bot39 executed ROTATE_LEFT
[14:36:13.846] Starting turn for Bot29
[14:36:13.846] Bot29 rotated left to face NORTH
[14:36:13.846] Bot29 executed ROTATE_LEFT
[14:36:13.846] Bot29 rotated left to face WEST
[14:36:13.846] Bot29 executed ROTATE_LEFT
[14:36:13.846] Bot29 moved forward to (6,5)
[14:36:13.846] Bot29 executed MOVE_FORWARD
[14:36:13.846] Starting turn for Bot39
[14:36:13.846] Starting turn for Bot29
[14:36:13.846] Bot29 rotated right to face NORTH
[14:36:13.846] Bot29 executed ROTATE_RIGHT
[14:36:13.846] Starting turn for Bot39
[14:36:13.846] Bot39 rotated left to face NORTH
[14:36:13.846] Bot39 executed ROTATE_LEFT
[14:36:13.846] Bot39 moved forward to (0,1)
[14:36:13.846] Bot39 executed MOVE_FORWARD
[14:36:13.846] Starting turn for Bot29
[14:36:13.846] Starting turn for Bot39
[14:36:13.846] Bot39 rotated left to face WEST
[14:36:13.846] Bot39 executed ROTATE_LEFT
[14:36:13.846] Bot39 rotated left to face SOUTH
[14:36:13.846] Bot39 executed ROTATE_LEFT
[14:36:13.846] Bot39 moved forward to (1,1)
[14:36:13.846] Bot39 executed MOVE_FORWARD
[14:36:13.846] Starting turn for Bot29
[14:36:13.846] Bot29 rotated right to face EAST
[14:36:13.846] Bot29 executed ROTATE_RIGHT
[14:36:13.846] Bot29 moved forward to (6,6)
[14:36:13.846] Bot29 executed MOVE_FORWARD
[14:36:13.846] Starting turn for Bot39
[14:36:13.846] Bot39 rotated left to face EAST
[14:36:13.846] Bot39 executed ROTATE_LEFT
[14:36:13.846] Starting turn for Bot29
[14:36:13.846] Bot29 rotated left to face NORTH
[14:36:13.846] Bot29 executed ROTATE_LEFT
[14:36:13.846] Bot29 rotated left to face WEST
[14:36:13.846] Bot29 executed ROTATE_LEFT
[14:36:13.846] Bot29 moved forward to (6,5)
[14:36:13.846] Bot29 executed MOVE_FORWARD
[14:36:13.846] Starting turn for Bot39
[14:36:13.846] Starting turn for Bot29
[14:36:13.846] Stalemate detected: State repeated 10 times, unchanged for 2 turns
[14:36:13.846] Game Over! Stalemate detected!
[14:36:13.846] Stalemate detected: State repeated 10 times, unchanged for 2 turns
