[14:36:16.331] === Game Started at 2025-02-04_14-36-16 ===
[14:36:16.331] Game initialized with 2 players
[14:36:16.331] Board size: 10
[14:36:16.331] Obstacle density: 0.05
[14:36:16.331] Max turns: 1000
[14:36:16.331] Player Bot40 starting at position (0,0) facing WEST
[14:36:16.331] Player Bot38 starting at position (9,9) facing EAST
[14:36:16.331] Obstacles at positions: (0,1) (2,3) (5,2) (5,6) (7,4)
[14:36:16.331] Starting turn for Bot40
[14:36:16.331] Bot40 rotated left to face SOUTH
[14:36:16.331] Bot40 executed ROTATE_LEFT
[14:36:16.331] Bot40 rotated left to face EAST
[14:36:16.331] Bot40 executed ROTATE_LEFT
[14:36:16.331] Starting turn for Bot38
[14:36:16.331] Bot38 rotated left to face NORTH
[14:36:16.331] Bot38 executed ROTATE_LEFT
[14:36:16.331] Bot38 rotated left to face WEST
[14:36:16.331] Bot38 executed ROTATE_LEFT
[14:36:16.331] Bot38 moved forward to (9,8)
[14:36:16.331] Bot38 executed MOVE_FORWARD
[14:36:16.331] Starting turn for Bot40
[14:36:16.331] Starting turn for Bot38
[14:36:16.331] Bot38 rotated right to face NORTH
[14:36:16.331] Bot38 executed ROTATE_RIGHT
[14:36:16.331] Bot38 moved forward to (8,8)
[14:36:16.331] Bot38 executed MOVE_FORWARD
[14:36:16.331] Starting turn for Bot40
[14:36:16.331] Bot40 rotated right to face SOUTH
[14:36:16.331] Bot40 executed ROTATE_RIGHT
[14:36:16.331] Bot40 moved forward to (1,0)
[14:36:16.331] Bot40 executed MOVE_FORWARD
[14:36:16.331] Starting turn for Bot38
[14:36:16.331] Bot38 rotated left to face WEST
[14:36:16.331] Bot38 executed ROTATE_LEFT
[14:36:16.331] Bot38 moved forward to (8,7)
[14:36:16.331] Bot38 executed MOVE_FORWARD
[14:36:16.331] Starting turn for Bot40
[14:36:16.331] Bot40 rotated left to face EAST
[14:36:16.331] Bot40 executed ROTATE_LEFT
[14:36:16.331] Bot40 moved forward to (1,1)
[14:36:16.331] Bot40 executed MOVE_FORWARD
[14:36:16.331] Starting turn for Bot38
[14:36:16.331] Bot38 rotated right to face NORTH
[14:36:16.331] Bot38 executed ROTATE_RIGHT
[14:36:16.331] Bot38 moved forward to (7,7)
[14:36:16.331] Bot38 executed MOVE_FORWARD
[14:36:16.331] Starting turn for Bot40
[14:36:16.331] Bot40 moved forward to (1,2)
[14:36:16.331] Bot40 executed MOVE_FORWARD
[14:36:16.331] Starting turn for Bot38
[14:36:16.331] Bot38 rotated left to face WEST
[14:36:16.331] Bot38 executed ROTATE_LEFT
[14:36:16.331] Bot38 moved forward to (7,6)
[14:36:16.331] Bot38 executed MOVE_FORWARD
[14:36:16.331] Starting turn for Bot40
[14:36:16.331] Bot40 rotated right to face SOUTH
[14:36:16.331] Bot40 executed ROTATE_RIGHT
[14:36:16.331] Bot40 moved forward to (2,2)
[14:36:16.331] Bot40 executed MOVE_FORWARD
[14:36:16.331] Starting turn for Bot38
[14:36:16.331] Bot38 rotated right to face NORTH
[14:36:16.331] Bot38 executed ROTATE_RIGHT
[14:36:16.331] Bot38 moved forward to (6,6)
[14:36:16.331] Bot38 executed MOVE_FORWARD
[14:36:16.331] Starting turn for Bot40
[14:36:16.331] Bot40 rotated left to face EAST
[14:36:16.331] Bot40 executed ROTATE_LEFT
[14:36:16.331] Starting turn for Bot38
[14:36:16.331] Bot38 rotated left to face WEST
[14:36:16.331] Bot38 executed ROTATE_LEFT
[14:36:16.331] Bot38 moved forward to (6,5)
[14:36:16.331] Bot38 executed MOVE_FORWARD
[14:36:16.331] Starting turn for Bot40
[14:36:16.331] Starting turn for Bot38
[14:36:16.331] Bot38 rotated right to face NORTH
[14:36:16.331] Bot38 executed ROTATE_RIGHT
[14:36:16.331] Bot38 moved forward to (5,5)
[14:36:16.331] Bot38 executed MOVE_FORWARD
[14:36:16.331] Starting turn for Bot40
[14:36:16.331] Bot40 rotated left to face NORTH
[14:36:16.331] Bot40 executed ROTATE_LEFT
[14:36:16.331] Bot40 moved forward to (1,2)
[14:36:16.331] Bot40 executed MOVE_FORWARD
[14:36:16.331] Starting turn for Bot38
[14:36:16.331] Starting turn for Bot40
[14:36:16.331] Bot40 rotated left to face WEST
[14:36:16.332] Bot40 executed ROTATE_LEFT
[14:36:16.332] Bot40 rotated left to face SOUTH
[14:36:16.332] Bot40 executed ROTATE_LEFT
[14:36:16.332] Bot40 moved forward to (2,2)
[14:36:16.332] Bot40 executed MOVE_FORWARD
[14:36:16.332] Starting turn for Bot38
[14:36:16.332] Starting turn for Bot40
[14:36:16.332] Bot40 rotated left to face EAST
[14:36:16.332] Bot40 executed ROTATE_LEFT
[14:36:16.332] Starting turn for Bot38
[14:36:16.332] Starting turn for Bot40
[14:36:16.332] Starting turn for Bot38
[14:36:16.332] Starting turn for Bot40
[14:36:16.332] Bot40 rotated left to face NORTH
[14:36:16.332] Bot40 executed ROTATE_LEFT
[14:36:16.332] Bot40 moved forward to (1,2)
[14:36:16.332] Bot40 executed MOVE_FORWARD
[14:36:16.332] Starting turn for Bot38
[14:36:16.332] Starting turn for Bot40
[14:36:16.332] Bot40 rotated left to face WEST
[14:36:16.332] Bot40 executed ROTATE_LEFT
[14:36:16.332] Bot40 rotated left to face SOUTH
[14:36:16.332] Bot40 executed ROTATE_LEFT
[14:36:16.332] Bot40 moved forward to (2,2)
[14:36:16.332] Bot40 executed MOVE_FORWARD
[14:36:16.332] Starting turn for Bot38
[14:36:16.332] Starting turn for Bot40
[14:36:16.332] Bot40 rotated left to face EAST
[14:36:16.332] Bot40 executed ROTATE_LEFT
[14:36:16.332] Starting turn for Bot38
[14:36:16.332] Starting turn for Bot40
[14:36:16.332] Starting turn for Bot38
[14:36:16.332] Starting turn for Bot40
[14:36:16.332] Bot40 rotated left to face NORTH
[14:36:16.332] Bot40 executed ROTATE_LEFT
[14:36:16.332] Bot40 moved forward to (1,2)
[14:36:16.332] Bot40 executed MOVE_FORWARD
[14:36:16.332] Starting turn for Bot38
[14:36:16.332] Starting turn for Bot40
[14:36:16.332] Bot40 rotated left to face WEST
[14:36:16.332] Bot40 executed ROTATE_LEFT
[14:36:16.332] Bot40 rotated left to face SOUTH
[14:36:16.332] Bot40 executed ROTATE_LEFT
[14:36:16.332] Bot40 moved forward to (2,2)
[14:36:16.332] Bot40 executed MOVE_FORWARD
[14:36:16.332] Starting turn for Bot38
[14:36:16.332] Starting turn for Bot40
[14:36:16.332] Bot40 rotated left to face EAST
[14:36:16.332] Bot40 executed ROTATE_LEFT
[14:36:16.332] Starting turn for Bot38
[14:36:16.332] Starting turn for Bot40
[14:36:16.332] Starting turn for Bot38
[14:36:16.332] Stalemate detected: State repeated 10 times, unchanged for 3 turns
[14:36:16.332] Game Over! Stalemate detected!
[14:36:16.332] Stalemate detected: State repeated 10 times, unchanged for 3 turns
