[14:35:47.662] === Game Started at 2025-02-04_14-35-47 ===
[14:35:47.662] Game initialized with 2 players
[14:35:47.662] Board size: 10
[14:35:47.662] Obstacle density: 0.05
[14:35:47.662] Max turns: 1000
[14:35:47.662] Player Bot14 starting at position (0,0) facing SOUTH
[14:35:47.662] Player Bot5 starting at position (9,9) facing EAST
[14:35:47.662] Obstacles at positions: (2,1) (2,4) (6,0) (6,8) (8,8)
[14:35:47.662] Starting turn for Bot14
[14:35:47.662] Bot14 rotated left to face EAST
[14:35:47.662] Bot14 executed ROTATE_LEFT
[14:35:47.662] Bot14 moved forward to (0,1)
[14:35:47.662] Bot14 executed MOVE_FORWARD
[14:35:47.662] Starting turn for Bot5
[14:35:47.662] Bot5 rotated left to face NORTH
[14:35:47.662] Bot5 executed ROTATE_LEFT
[14:35:47.662] Bot5 rotated left to face WEST
[14:35:47.662] Bot5 executed ROTATE_LEFT
[14:35:47.662] Bot5 moved forward to (9,8)
[14:35:47.662] Bot5 executed MOVE_FORWARD
[14:35:47.662] Starting turn for Bot14
[14:35:47.662] Bot14 rotated right to face SOUTH
[14:35:47.662] Bot14 executed ROTATE_RIGHT
[14:35:47.662] Bot14 moved forward to (1,1)
[14:35:47.662] Bot14 executed MOVE_FORWARD
[14:35:47.662] Starting turn for Bot5
[14:35:47.662] Bot5 rotated right to face NORTH
[14:35:47.662] Bot5 executed ROTATE_RIGHT
[14:35:47.662] Starting turn for Bot14
[14:35:47.662] Bot14 rotated left to face EAST
[14:35:47.662] Bot14 executed ROTATE_LEFT
[14:35:47.662] Bot14 moved forward to (1,2)
[14:35:47.662] Bot14 executed MOVE_FORWARD
[14:35:47.662] Starting turn for Bot5
[14:35:47.662] Starting turn for Bot14
[14:35:47.662] Bot14 rotated right to face SOUTH
[14:35:47.662] Bot14 executed ROTATE_RIGHT
[14:35:47.662] Bot14 moved forward to (2,2)
[14:35:47.662] Bot14 executed MOVE_FORWARD
[14:35:47.662] Starting turn for Bot5
[14:35:47.662] Bot5 rotated right to face EAST
[14:35:47.662] Bot5 executed ROTATE_RIGHT
[14:35:47.662] Bot5 moved forward to (9,9)
[14:35:47.662] Bot5 executed MOVE_FORWARD
[14:35:47.662] Starting turn for Bot14
[14:35:47.662] Bot14 rotated left to face EAST
[14:35:47.662] Bot14 executed ROTATE_LEFT
[14:35:47.662] Bot14 moved forward to (2,3)
[14:35:47.662] Bot14 executed MOVE_FORWARD
[14:35:47.662] Starting turn for Bot5
[14:35:47.662] Bot5 rotated left to face NORTH
[14:35:47.662] Bot5 executed ROTATE_LEFT
[14:35:47.662] Bot5 rotated left to face WEST
[14:35:47.662] Bot5 executed ROTATE_LEFT
[14:35:47.662] Bot5 moved forward to (9,8)
[14:35:47.662] Bot5 executed MOVE_FORWARD
[14:35:47.662] Starting turn for Bot14
[14:35:47.662] Bot14 rotated right to face SOUTH
[14:35:47.662] Bot14 executed ROTATE_RIGHT
[14:35:47.662] Bot14 moved forward to (3,3)
[14:35:47.662] Bot14 executed MOVE_FORWARD
[14:35:47.662] Starting turn for Bot5
[14:35:47.662] Bot5 rotated right to face NORTH
[14:35:47.662] Bot5 executed ROTATE_RIGHT
[14:35:47.662] Starting turn for Bot14
[14:35:47.662] Bot14 rotated left to face EAST
[14:35:47.662] Bot14 executed ROTATE_LEFT
[14:35:47.662] Bot14 moved forward to (3,4)
[14:35:47.662] Bot14 executed MOVE_FORWARD
[14:35:47.662] Starting turn for Bot5
[14:35:47.662] Starting turn for Bot14
[14:35:47.662] Bot14 rotated right to face SOUTH
[14:35:47.662] Bot14 executed ROTATE_RIGHT
[14:35:47.662] Bot14 moved forward to (4,4)
[14:35:47.662] Bot14 executed MOVE_FORWARD
[14:35:47.662] Starting turn for Bot5
[14:35:47.662] Bot5 rotated right to face EAST
[14:35:47.662] Bot5 executed ROTATE_RIGHT
[14:35:47.662] Bot5 moved forward to (9,9)
[14:35:47.662] Bot5 executed MOVE_FORWARD
[14:35:47.662] Starting turn for Bot14
[14:35:47.662] Bot14 rotated left to face EAST
[14:35:47.662] Bot14 executed ROTATE_LEFT
[14:35:47.662] Bot14 moved forward to (4,5)
[14:35:47.662] Bot14 executed MOVE_FORWARD
[14:35:47.662] Starting turn for Bot5
[14:35:47.662] Bot5 rotated left to face NORTH
[14:35:47.662] Bot5 executed ROTATE_LEFT
[14:35:47.662] Bot5 rotated left to face WEST
[14:35:47.662] Bot5 executed ROTATE_LEFT
[14:35:47.662] Bot5 moved forward to (9,8)
[14:35:47.662] Bot5 executed MOVE_FORWARD
[14:35:47.662] Starting turn for Bot14
[14:35:47.662] Bot14 rotated right to face SOUTH
[14:35:47.662] Bot14 executed ROTATE_RIGHT
[14:35:47.662] Bot14 moved forward to (5,5)
[14:35:47.662] Bot14 executed MOVE_FORWARD
[14:35:47.662] Starting turn for Bot5
[14:35:47.662] Bot5 rotated right to face NORTH
[14:35:47.662] Bot5 executed ROTATE_RIGHT
[14:35:47.662] Starting turn for Bot14
[14:35:47.662] Starting turn for Bot5
[14:35:47.662] Starting turn for Bot14
[14:35:47.662] Starting turn for Bot5
[14:35:47.662] Bot5 rotated right to face EAST
[14:35:47.663] Bot5 executed ROTATE_RIGHT
[14:35:47.663] Bot5 moved forward to (9,9)
[14:35:47.663] Bot5 executed MOVE_FORWARD
[14:35:47.663] Starting turn for Bot14
[14:35:47.663] Starting turn for Bot5
[14:35:47.663] Bot5 rotated left to face NORTH
[14:35:47.663] Bot5 executed ROTATE_LEFT
[14:35:47.663] Bot5 rotated left to face WEST
[14:35:47.663] Bot5 executed ROTATE_LEFT
[14:35:47.663] Bot5 moved forward to (9,8)
[14:35:47.663] Bot5 executed MOVE_FORWARD
[14:35:47.663] Starting turn for Bot14
[14:35:47.663] Starting turn for Bot5
[14:35:47.663] Bot5 rotated right to face NORTH
[14:35:47.663] Bot5 executed ROTATE_RIGHT
[14:35:47.663] Starting turn for Bot14
[14:35:47.663] Starting turn for Bot5
[14:35:47.663] Starting turn for Bot14
[14:35:47.663] Starting turn for Bot5
[14:35:47.663] Bot5 rotated right to face EAST
[14:35:47.663] Bot5 executed ROTATE_RIGHT
[14:35:47.663] Bot5 moved forward to (9,9)
[14:35:47.663] Bot5 executed MOVE_FORWARD
[14:35:47.663] Starting turn for Bot14
[14:35:47.663] Starting turn for Bot5
[14:35:47.663] Bot5 rotated left to face NORTH
[14:35:47.663] Bot5 executed ROTATE_LEFT
[14:35:47.663] Bot5 rotated left to face WEST
[14:35:47.663] Bot5 executed ROTATE_LEFT
[14:35:47.663] Bot5 moved forward to (9,8)
[14:35:47.663] Bot5 executed MOVE_FORWARD
[14:35:47.663] Starting turn for Bot14
[14:35:47.663] Starting turn for Bot5
[14:35:47.663] Bot5 rotated right to face NORTH
[14:35:47.663] Bot5 executed ROTATE_RIGHT
[14:35:47.663] Starting turn for Bot14
[14:35:47.663] Starting turn for Bot5
[14:35:47.663] Starting turn for Bot14
[14:35:47.663] Starting turn for Bot5
[14:35:47.663] Stalemate detected: State repeated 10 times, unchanged for 2 turns
[14:35:47.663] Game Over! Stalemate detected!
[14:35:47.663] Stalemate detected: State repeated 10 times, unchanged for 2 turns
