[14:36:03.959] === Game Started at 2025-02-04_14-36-03 ===
[14:36:03.959] Game initialized with 2 players
[14:36:03.959] Board size: 10
[14:36:03.959] Obstacle density: 0.05
[14:36:03.959] Max turns: 1000
[14:36:03.959] Player Bot37 starting at position (0,0) facing NORTH
[14:36:03.959] Player Bot16 starting at position (9,9) facing WEST
[14:36:03.959] Obstacles at positions: (1,9) (2,0) (2,9) (4,5) (9,7)
[14:36:03.959] Starting turn for Bot37
[14:36:03.959] Bot37 rotated right to face EAST
[14:36:03.959] Bot37 executed ROTATE_RIGHT
[14:36:03.959] Bot37 moved forward to (0,1)
[14:36:03.959] Bot37 executed MOVE_FORWARD
[14:36:03.959] Starting turn for Bot16
[14:36:03.959] Bot16 moved forward to (9,8)
[14:36:03.959] Bot16 executed MOVE_FORWARD
[14:36:03.959] Starting turn for Bot37
[14:36:03.959] Bot37 rotated right to face SOUTH
[14:36:03.959] Bot37 executed ROTATE_RIGHT
[14:36:03.959] Bot37 moved forward to (1,1)
[14:36:03.959] Bot37 executed MOVE_FORWARD
[14:36:03.959] Starting turn for Bot16
[14:36:03.959] Bot16 rotated right to face NORTH
[14:36:03.959] Bot16 executed ROTATE_RIGHT
[14:36:03.959] Bot16 moved forward to (8,8)
[14:36:03.959] Bot16 executed MOVE_FORWARD
[14:36:03.959] Starting turn for Bot37
[14:36:03.959] Bot37 rotated left to face EAST
[14:36:03.959] Bot37 executed ROTATE_LEFT
[14:36:03.959] Bot37 moved forward to (1,2)
[14:36:03.959] Bot37 executed MOVE_FORWARD
[14:36:03.959] Starting turn for Bot16
[14:36:03.959] Bot16 rotated left to face WEST
[14:36:03.959] Bot16 executed ROTATE_LEFT
[14:36:03.959] Bot16 moved forward to (8,7)
[14:36:03.959] Bot16 executed MOVE_FORWARD
[14:36:03.959] Starting turn for Bot37
[14:36:03.959] Bot37 rotated right to face SOUTH
[14:36:03.959] Bot37 executed ROTATE_RIGHT
[14:36:03.959] Bot37 moved forward to (2,2)
[14:36:03.959] Bot37 executed MOVE_FORWARD
[14:36:03.959] Starting turn for Bot16
[14:36:03.959] Bot16 rotated right to face NORTH
[14:36:03.959] Bot16 executed ROTATE_RIGHT
[14:36:03.959] Bot16 moved forward to (7,7)
[14:36:03.959] Bot16 executed MOVE_FORWARD
[14:36:03.959] Starting turn for Bot37
[14:36:03.959] Bot37 rotated left to face EAST
[14:36:03.959] Bot37 executed ROTATE_LEFT
[14:36:03.959] Bot37 moved forward to (2,3)
[14:36:03.959] Bot37 executed MOVE_FORWARD
[14:36:03.959] Starting turn for Bot16
[14:36:03.959] Bot16 rotated left to face WEST
[14:36:03.959] Bot16 executed ROTATE_LEFT
[14:36:03.959] Bot16 moved forward to (7,6)
[14:36:03.959] Bot16 executed MOVE_FORWARD
[14:36:03.959] Starting turn for Bot37
[14:36:03.959] Bot37 rotated right to face SOUTH
[14:36:03.959] Bot37 executed ROTATE_RIGHT
[14:36:03.959] Bot37 moved forward to (3,3)
[14:36:03.959] Bot37 executed MOVE_FORWARD
[14:36:03.959] Starting turn for Bot16
[14:36:03.959] Bot16 rotated right to face NORTH
[14:36:03.959] Bot16 executed ROTATE_RIGHT
[14:36:03.959] Bot16 moved forward to (6,6)
[14:36:03.959] Bot16 executed MOVE_FORWARD
[14:36:03.959] Starting turn for Bot37
[14:36:03.959] Bot37 rotated left to face EAST
[14:36:03.959] Bot37 executed ROTATE_LEFT
[14:36:03.959] Bot37 moved forward to (3,4)
[14:36:03.959] Bot37 executed MOVE_FORWARD
[14:36:03.959] Starting turn for Bot16
[14:36:03.959] Bot16 rotated left to face WEST
[14:36:03.959] Bot16 executed ROTATE_LEFT
[14:36:03.959] Bot16 moved forward to (6,5)
[14:36:03.959] Bot16 executed MOVE_FORWARD
[14:36:03.959] Starting turn for Bot37
[14:36:03.959] Bot37 rotated right to face SOUTH
[14:36:03.959] Bot37 executed ROTATE_RIGHT
[14:36:03.959] Bot37 moved forward to (4,4)
[14:36:03.959] Bot37 executed MOVE_FORWARD
[14:36:03.959] Starting turn for Bot16
[14:36:03.959] Bot16 rotated right to face NORTH
[14:36:03.959] Bot16 executed ROTATE_RIGHT
[14:36:03.959] Bot16 moved forward to (5,5)
[14:36:03.959] Bot16 executed MOVE_FORWARD
[14:36:03.959] Starting turn for Bot37
[14:36:03.959] Bot37 rotated left to face EAST
[14:36:03.959] Bot37 executed ROTATE_LEFT
[14:36:03.959] Starting turn for Bot16
[14:36:03.959] Starting turn for Bot37
[14:36:03.959] Starting turn for Bot16
[14:36:03.959] Starting turn for Bot37
[14:36:03.959] Bot37 rotated left to face NORTH
[14:36:03.959] Bot37 executed ROTATE_LEFT
[14:36:03.959] Bot37 moved forward to (3,4)
[14:36:03.959] Bot37 executed MOVE_FORWARD
[14:36:03.959] Starting turn for Bot16
[14:36:03.959] Starting turn for Bot37
[14:36:03.959] Bot37 rotated left to face WEST
[14:36:03.959] Bot37 executed ROTATE_LEFT
[14:36:03.959] Bot37 rotated left to face SOUTH
[14:36:03.959] Bot37 executed ROTATE_LEFT
[14:36:03.959] Bot37 moved forward to (4,4)
[14:36:03.959] Bot37 executed MOVE_FORWARD
[14:36:03.959] Starting turn for Bot16
[14:36:03.959] Starting turn for Bot37
[14:36:03.959] Bot37 rotated left to face EAST
[14:36:03.959] Bot37 executed ROTATE_LEFT
[14:36:03.959] Starting turn for Bot16
[14:36:03.959] Starting turn for Bot37
[14:36:03.959] Starting turn for Bot16
[14:36:03.959] Starting turn for Bot37
[14:36:03.959] Bot37 rotated left to face NORTH
[14:36:03.959] Bot37 executed ROTATE_LEFT
[14:36:03.959] Bot37 moved forward to (3,4)
[14:36:03.959] Bot37 executed MOVE_FORWARD
[14:36:03.959] Starting turn for Bot16
[14:36:03.959] Starting turn for Bot37
[14:36:03.959] Bot37 rotated left to face WEST
[14:36:03.959] Bot37 executed ROTATE_LEFT
[14:36:03.959] Bot37 rotated left to face SOUTH
[14:36:03.959] Bot37 executed ROTATE_LEFT
[14:36:03.959] Bot37 moved forward to (4,4)
[14:36:03.959] Bot37 executed MOVE_FORWARD
[14:36:03.959] Starting turn for Bot16
[14:36:03.959] Starting turn for Bot37
[14:36:03.959] Bot37 rotated left to face EAST
[14:36:03.959] Bot37 executed ROTATE_LEFT
[14:36:03.959] Starting turn for Bot16
[14:36:03.959] Starting turn for Bot37
[14:36:03.959] Starting turn for Bot16
[14:36:03.959] Starting turn for Bot37
[14:36:03.959] Bot37 rotated left to face NORTH
[14:36:03.959] Bot37 executed ROTATE_LEFT
[14:36:03.959] Bot37 moved forward to (3,4)
[14:36:03.959] Bot37 executed MOVE_FORWARD
[14:36:03.959] Starting turn for Bot16
[14:36:03.959] Starting turn for Bot37
[14:36:03.959] Bot37 rotated left to face WEST
[14:36:03.959] Bot37 executed ROTATE_LEFT
[14:36:03.959] Bot37 rotated left to face SOUTH
[14:36:03.959] Bot37 executed ROTATE_LEFT
[14:36:03.959] Bot37 moved forward to (4,4)
[14:36:03.959] Bot37 executed MOVE_FORWARD
[14:36:03.959] Starting turn for Bot16
[14:36:03.959] Starting turn for Bot37
[14:36:03.960] Bot37 rotated left to face EAST
[14:36:03.960] Bot37 executed ROTATE_LEFT
[14:36:03.960] Starting turn for Bot16
[14:36:03.960] Stalemate detected: State repeated 10 times, unchanged for 1 turns
[14:36:03.960] Game Over! Stalemate detected!
[14:36:03.960] Stalemate detected: State repeated 10 times, unchanged for 1 turns
