[14:35:51.352] === Game Started at 2025-02-04_14-35-51 ===
[14:35:51.352] Game initialized with 2 players
[14:35:51.352] Board size: 10
[14:35:51.352] Obstacle density: 0.05
[14:35:51.352] Max turns: 1000
[14:35:51.352] Player Bot16 starting at position (0,0) facing WEST
[14:35:51.352] Player Bot7 starting at position (9,9) facing SOUTH
[14:35:51.352] Obstacles at positions: (0,7) (3,1) (5,3) (5,4) (7,4)
[14:35:51.352] Starting turn for Bot16
[14:35:51.352] Bot16 rotated left to face SOUTH
[14:35:51.352] Bot16 executed ROTATE_LEFT
[14:35:51.352] Bot16 rotated left to face EAST
[14:35:51.352] Bot16 executed ROTATE_LEFT
[14:35:51.352] Bot16 moved forward to (0,1)
[14:35:51.352] Bot16 executed MOVE_FORWARD
[14:35:51.352] Starting turn for Bot7
[14:35:51.352] Bot7 rotated right to face WEST
[14:35:51.352] Bot7 executed ROTATE_RIGHT
[14:35:51.352] Bot7 moved forward to (9,8)
[14:35:51.352] Bot7 executed MOVE_FORWARD
[14:35:51.352] Starting turn for Bot16
[14:35:51.352] Bot16 rotated right to face SOUTH
[14:35:51.352] Bot16 executed ROTATE_RIGHT
[14:35:51.352] Bot16 moved forward to (1,1)
[14:35:51.352] Bot16 executed MOVE_FORWARD
[14:35:51.352] Starting turn for Bot7
[14:35:51.352] Bot7 rotated right to face NORTH
[14:35:51.352] Bot7 executed ROTATE_RIGHT
[14:35:51.352] Bot7 moved forward to (8,8)
[14:35:51.352] Bot7 executed MOVE_FORWARD
[14:35:51.352] Starting turn for Bot16
[14:35:51.352] Bot16 rotated left to face EAST
[14:35:51.352] Bot16 executed ROTATE_LEFT
[14:35:51.352] Bot16 moved forward to (1,2)
[14:35:51.352] Bot16 executed MOVE_FORWARD
[14:35:51.352] Starting turn for Bot7
[14:35:51.352] Bot7 rotated left to face WEST
[14:35:51.352] Bot7 executed ROTATE_LEFT
[14:35:51.352] Bot7 moved forward to (8,7)
[14:35:51.352] Bot7 executed MOVE_FORWARD
[14:35:51.352] Starting turn for Bot16
[14:35:51.352] Bot16 rotated right to face SOUTH
[14:35:51.352] Bot16 executed ROTATE_RIGHT
[14:35:51.352] Bot16 moved forward to (2,2)
[14:35:51.352] Bot16 executed MOVE_FORWARD
[14:35:51.352] Starting turn for Bot7
[14:35:51.352] Bot7 rotated right to face NORTH
[14:35:51.352] Bot7 executed ROTATE_RIGHT
[14:35:51.352] Bot7 moved forward to (7,7)
[14:35:51.352] Bot7 executed MOVE_FORWARD
[14:35:51.352] Starting turn for Bot16
[14:35:51.352] Bot16 rotated left to face EAST
[14:35:51.352] Bot16 executed ROTATE_LEFT
[14:35:51.352] Bot16 moved forward to (2,3)
[14:35:51.352] Bot16 executed MOVE_FORWARD
[14:35:51.352] Starting turn for Bot7
[14:35:51.352] Bot7 rotated left to face WEST
[14:35:51.352] Bot7 executed ROTATE_LEFT
[14:35:51.352] Bot7 moved forward to (7,6)
[14:35:51.352] Bot7 executed MOVE_FORWARD
[14:35:51.352] Starting turn for Bot16
[14:35:51.352] Bot16 rotated right to face SOUTH
[14:35:51.352] Bot16 executed ROTATE_RIGHT
[14:35:51.352] Bot16 moved forward to (3,3)
[14:35:51.352] Bot16 executed MOVE_FORWARD
[14:35:51.352] Starting turn for Bot7
[14:35:51.352] Bot7 rotated right to face NORTH
[14:35:51.352] Bot7 executed ROTATE_RIGHT
[14:35:51.352] Bot7 moved forward to (6,6)
[14:35:51.352] Bot7 executed MOVE_FORWARD
[14:35:51.352] Starting turn for Bot16
[14:35:51.352] Bot16 rotated left to face EAST
[14:35:51.352] Bot16 executed ROTATE_LEFT
[14:35:51.352] Bot16 moved forward to (3,4)
[14:35:51.352] Bot16 executed MOVE_FORWARD
[14:35:51.352] Starting turn for Bot7
[14:35:51.352] Bot7 rotated left to face WEST
[14:35:51.352] Bot7 executed ROTATE_LEFT
[14:35:51.352] Bot7 moved forward to (6,5)
[14:35:51.352] Bot7 executed MOVE_FORWARD
[14:35:51.352] Starting turn for Bot16
[14:35:51.352] Bot16 rotated right to face SOUTH
[14:35:51.352] Bot16 executed ROTATE_RIGHT
[14:35:51.352] Bot16 moved forward to (4,4)
[14:35:51.352] Bot16 executed MOVE_FORWARD
[14:35:51.352] Starting turn for Bot7
[14:35:51.352] Bot7 rotated right to face NORTH
[14:35:51.352] Bot7 executed ROTATE_RIGHT
[14:35:51.352] Bot7 moved forward to (5,5)
[14:35:51.352] Bot7 executed MOVE_FORWARD
[14:35:51.352] Starting turn for Bot16
[14:35:51.352] Bot16 rotated left to face EAST
[14:35:51.352] Bot16 executed ROTATE_LEFT
[14:35:51.352] Bot16 moved forward to (4,5)
[14:35:51.352] Bot16 executed MOVE_FORWARD
[14:35:51.353] Starting turn for Bot7
[14:35:51.353] Bot7 shooting in direction NORTH
[14:35:51.353] Bot7 hit Bot16 for 25 damage (health: 100 -> 75)
[14:35:51.353] Bot7 executed SHOOT
[14:35:51.353] Starting turn for Bot16
[14:35:51.353] Bot16 rotated right to face SOUTH
[14:35:51.353] Bot16 executed ROTATE_RIGHT
[14:35:51.353] Starting turn for Bot7
[14:35:51.353] Bot7 shooting in direction NORTH
[14:35:51.353] Bot7 hit Bot16 for 25 damage (health: 75 -> 50)
[14:35:51.353] Bot7 executed SHOOT
[14:35:51.353] Starting turn for Bot16
[14:35:51.353] Bot16 shooting in direction SOUTH
[14:35:51.353] Bot16 hit Bot7 for 25 damage (health: 100 -> 75)
[14:35:51.353] Bot16 executed SHOOT
[14:35:51.353] Starting turn for Bot7
[14:35:51.353] Bot7 shooting in direction NORTH
[14:35:51.353] Bot7 hit Bot16 for 25 damage (health: 50 -> 25)
[14:35:51.353] Bot7 executed SHOOT
[14:35:51.353] Starting turn for Bot16
[14:35:51.353] Bot16 shooting in direction SOUTH
[14:35:51.353] Bot16 hit Bot7 for 25 damage (health: 75 -> 50)
[14:35:51.353] Bot16 executed SHOOT
[14:35:51.353] Starting turn for Bot7
[14:35:51.353] Bot7 shooting in direction NORTH
[14:35:51.353] Bot7 hit Bot16 for 25 damage (health: 25 -> 0)
[14:35:51.353] Bot16 was destroyed!
[14:35:51.353] Bot7 is the last tank standing!
[14:35:51.353] Bot7 executed SHOOT
[14:35:51.353] Game Over! Bot7 wins!
[14:35:51.353] === Game Ended ===
