[14:36:01.145] === Game Started at 2025-02-04_14-36-01 ===
[14:36:01.145] Game initialized with 2 players
[14:36:01.145] Board size: 10
[14:36:01.145] Obstacle density: 0.05
[14:36:01.145] Max turns: 1000
[14:36:01.145] Player Bot26 starting at position (0,0) facing WEST
[14:36:01.145] Player Bot14 starting at position (9,9) facing NORTH
[14:36:01.145] Obstacles at positions: (2,2) (3,1) (3,9) (4,2) (5,8)
[14:36:01.145] Starting turn for Bot26
[14:36:01.145] Bot26 rotated left to face SOUTH
[14:36:01.145] Bot26 executed ROTATE_LEFT
[14:36:01.145] Bot26 rotated left to face EAST
[14:36:01.145] Bot26 executed ROTATE_LEFT
[14:36:01.145] Bot26 moved forward to (0,1)
[14:36:01.145] Bot26 executed MOVE_FORWARD
[14:36:01.145] Starting turn for Bot14
[14:36:01.145] Bot14 rotated left to face WEST
[14:36:01.145] Bot14 executed ROTATE_LEFT
[14:36:01.145] Bot14 moved forward to (9,8)
[14:36:01.145] Bot14 executed MOVE_FORWARD
[14:36:01.145] Starting turn for Bot26
[14:36:01.145] Bot26 rotated right to face SOUTH
[14:36:01.145] Bot26 executed ROTATE_RIGHT
[14:36:01.145] Bot26 moved forward to (1,1)
[14:36:01.145] Bot26 executed MOVE_FORWARD
[14:36:01.145] Starting turn for Bot14
[14:36:01.145] Bot14 rotated right to face NORTH
[14:36:01.145] Bot14 executed ROTATE_RIGHT
[14:36:01.145] Bot14 moved forward to (8,8)
[14:36:01.145] Bot14 executed MOVE_FORWARD
[14:36:01.145] Starting turn for Bot26
[14:36:01.145] Bot26 rotated left to face EAST
[14:36:01.145] Bot26 executed ROTATE_LEFT
[14:36:01.145] Bot26 moved forward to (1,2)
[14:36:01.145] Bot26 executed MOVE_FORWARD
[14:36:01.145] Starting turn for Bot14
[14:36:01.145] Bot14 rotated left to face WEST
[14:36:01.145] Bot14 executed ROTATE_LEFT
[14:36:01.145] Bot14 moved forward to (8,7)
[14:36:01.145] Bot14 executed MOVE_FORWARD
[14:36:01.145] Starting turn for Bot26
[14:36:01.145] Bot26 rotated right to face SOUTH
[14:36:01.145] Bot26 executed ROTATE_RIGHT
[14:36:01.145] Starting turn for Bot14
[14:36:01.145] Bot14 rotated right to face NORTH
[14:36:01.145] Bot14 executed ROTATE_RIGHT
[14:36:01.145] Bot14 moved forward to (7,7)
[14:36:01.145] Bot14 executed MOVE_FORWARD
[14:36:01.145] Starting turn for Bot26
[14:36:01.145] Starting turn for Bot14
[14:36:01.145] Bot14 rotated left to face WEST
[14:36:01.145] Bot14 executed ROTATE_LEFT
[14:36:01.145] Bot14 moved forward to (7,6)
[14:36:01.145] Bot14 executed MOVE_FORWARD
[14:36:01.145] Starting turn for Bot26
[14:36:01.145] Bot26 rotated left to face EAST
[14:36:01.145] Bot26 executed ROTATE_LEFT
[14:36:01.145] Bot26 rotated left to face NORTH
[14:36:01.145] Bot26 executed ROTATE_LEFT
[14:36:01.145] Bot26 moved forward to (0,2)
[14:36:01.145] Bot26 executed MOVE_FORWARD
[14:36:01.145] Starting turn for Bot14
[14:36:01.145] Bot14 rotated right to face NORTH
[14:36:01.145] Bot14 executed ROTATE_RIGHT
[14:36:01.145] Bot14 moved forward to (6,6)
[14:36:01.145] Bot14 executed MOVE_FORWARD
[14:36:01.145] Starting turn for Bot26
[14:36:01.145] Bot26 rotated left to face WEST
[14:36:01.145] Bot26 executed ROTATE_LEFT
[14:36:01.145] Bot26 rotated left to face SOUTH
[14:36:01.145] Bot26 executed ROTATE_LEFT
[14:36:01.145] Bot26 moved forward to (1,2)
[14:36:01.145] Bot26 executed MOVE_FORWARD
[14:36:01.145] Starting turn for Bot14
[14:36:01.145] Bot14 rotated left to face WEST
[14:36:01.145] Bot14 executed ROTATE_LEFT
[14:36:01.145] Bot14 moved forward to (6,5)
[14:36:01.145] Bot14 executed MOVE_FORWARD
[14:36:01.145] Starting turn for Bot26
[14:36:01.145] Starting turn for Bot14
[14:36:01.145] Bot14 rotated right to face NORTH
[14:36:01.145] Bot14 executed ROTATE_RIGHT
[14:36:01.145] Bot14 moved forward to (5,5)
[14:36:01.145] Bot14 executed MOVE_FORWARD
[14:36:01.145] Starting turn for Bot26
[14:36:01.145] Starting turn for Bot14
[14:36:01.145] Starting turn for Bot26
[14:36:01.145] Bot26 rotated left to face EAST
[14:36:01.145] Bot26 executed ROTATE_LEFT
[14:36:01.145] Bot26 rotated left to face NORTH
[14:36:01.145] Bot26 executed ROTATE_LEFT
[14:36:01.145] Bot26 moved forward to (0,2)
[14:36:01.145] Bot26 executed MOVE_FORWARD
[14:36:01.145] Starting turn for Bot14
[14:36:01.145] Starting turn for Bot26
[14:36:01.145] Bot26 rotated left to face WEST
[14:36:01.145] Bot26 executed ROTATE_LEFT
[14:36:01.145] Bot26 rotated left to face SOUTH
[14:36:01.145] Bot26 executed ROTATE_LEFT
[14:36:01.145] Bot26 moved forward to (1,2)
[14:36:01.145] Bot26 executed MOVE_FORWARD
[14:36:01.145] Starting turn for Bot14
[14:36:01.145] Starting turn for Bot26
[14:36:01.145] Starting turn for Bot14
[14:36:01.145] Starting turn for Bot26
[14:36:01.145] Starting turn for Bot14
[14:36:01.145] Starting turn for Bot26
[14:36:01.145] Bot26 rotated left to face EAST
[14:36:01.145] Bot26 executed ROTATE_LEFT
[14:36:01.145] Bot26 rotated left to face NORTH
[14:36:01.145] Bot26 executed ROTATE_LEFT
[14:36:01.145] Bot26 moved forward to (0,2)
[14:36:01.145] Bot26 executed MOVE_FORWARD
[14:36:01.145] Starting turn for Bot14
[14:36:01.146] Starting turn for Bot26
[14:36:01.146] Bot26 rotated left to face WEST
[14:36:01.146] Bot26 executed ROTATE_LEFT
[14:36:01.146] Bot26 rotated left to face SOUTH
[14:36:01.146] Bot26 executed ROTATE_LEFT
[14:36:01.146] Bot26 moved forward to (1,2)
[14:36:01.146] Bot26 executed MOVE_FORWARD
[14:36:01.146] Starting turn for Bot14
[14:36:01.146] Starting turn for Bot26
[14:36:01.146] Starting turn for Bot14
[14:36:01.146] Starting turn for Bot26
[14:36:01.146] Starting turn for Bot14
[14:36:01.146] Starting turn for Bot26
[14:36:01.146] Bot26 rotated left to face EAST
[14:36:01.146] Bot26 executed ROTATE_LEFT
[14:36:01.146] Bot26 rotated left to face NORTH
[14:36:01.146] Bot26 executed ROTATE_LEFT
[14:36:01.146] Bot26 moved forward to (0,2)
[14:36:01.146] Bot26 executed MOVE_FORWARD
[14:36:01.146] Starting turn for Bot14
[14:36:01.146] Starting turn for Bot26
[14:36:01.146] Bot26 rotated left to face WEST
[14:36:01.146] Bot26 executed ROTATE_LEFT
[14:36:01.146] Bot26 rotated left to face SOUTH
[14:36:01.146] Bot26 executed ROTATE_LEFT
[14:36:01.146] Bot26 moved forward to (1,2)
[14:36:01.146] Bot26 executed MOVE_FORWARD
[14:36:01.146] Starting turn for Bot14
[14:36:01.146] Starting turn for Bot26
[14:36:01.146] Starting turn for Bot14
[14:36:01.146] Stalemate detected: State repeated 10 times, unchanged for 1 turns
[14:36:01.146] Game Over! Stalemate detected!
[14:36:01.146] Stalemate detected: State repeated 10 times, unchanged for 1 turns
