[14:36:15.453] === Game Started at 2025-02-04_14-36-15 ===
[14:36:15.453] Game initialized with 2 players
[14:36:15.453] Board size: 10
[14:36:15.453] Obstacle density: 0.05
[14:36:15.453] Max turns: 1000
[14:36:15.453] Player Bot33 starting at position (0,0) facing EAST
[14:36:15.453] Player Bot40 starting at position (9,9) facing SOUTH
[14:36:15.453] Obstacles at positions: (1,2) (2,0) (6,7) (8,3) (9,1)
[14:36:15.453] Starting turn for Bot33
[14:36:15.453] Bot33 moved forward to (0,1)
[14:36:15.453] Bot33 executed MOVE_FORWARD
[14:36:15.453] Starting turn for Bot40
[14:36:15.453] Bot40 rotated right to face WEST
[14:36:15.453] Bot40 executed ROTATE_RIGHT
[14:36:15.453] Bot40 moved forward to (9,8)
[14:36:15.453] Bot40 executed MOVE_FORWARD
[14:36:15.453] Starting turn for Bot33
[14:36:15.453] Bot33 rotated right to face SOUTH
[14:36:15.453] Bot33 executed ROTATE_RIGHT
[14:36:15.453] Bot33 moved forward to (1,1)
[14:36:15.453] Bot33 executed MOVE_FORWARD
[14:36:15.453] Starting turn for Bot40
[14:36:15.453] Bot40 rotated right to face NORTH
[14:36:15.453] Bot40 executed ROTATE_RIGHT
[14:36:15.453] Bot40 moved forward to (8,8)
[14:36:15.453] Bot40 executed MOVE_FORWARD
[14:36:15.453] Starting turn for Bot33
[14:36:15.453] Bot33 rotated left to face EAST
[14:36:15.453] Bot33 executed ROTATE_LEFT
[14:36:15.453] Starting turn for Bot40
[14:36:15.453] Bot40 rotated left to face WEST
[14:36:15.453] Bot40 executed ROTATE_LEFT
[14:36:15.453] Bot40 moved forward to (8,7)
[14:36:15.453] Bot40 executed MOVE_FORWARD
[14:36:15.453] Starting turn for Bot33
[14:36:15.453] Starting turn for Bot40
[14:36:15.453] Bot40 rotated right to face NORTH
[14:36:15.453] Bot40 executed ROTATE_RIGHT
[14:36:15.453] Bot40 moved forward to (7,7)
[14:36:15.453] Bot40 executed MOVE_FORWARD
[14:36:15.453] Starting turn for Bot33
[14:36:15.453] Bot33 rotated left to face NORTH
[14:36:15.453] Bot33 executed ROTATE_LEFT
[14:36:15.453] Bot33 moved forward to (0,1)
[14:36:15.453] Bot33 executed MOVE_FORWARD
[14:36:15.453] Starting turn for Bot40
[14:36:15.453] Bot40 rotated left to face WEST
[14:36:15.453] Bot40 executed ROTATE_LEFT
[14:36:15.453] Bot40 moved forward to (7,6)
[14:36:15.453] Bot40 executed MOVE_FORWARD
[14:36:15.453] Starting turn for Bot33
[14:36:15.453] Bot33 rotated left to face WEST
[14:36:15.453] Bot33 executed ROTATE_LEFT
[14:36:15.453] Bot33 rotated left to face SOUTH
[14:36:15.453] Bot33 executed ROTATE_LEFT
[14:36:15.453] Bot33 moved forward to (1,1)
[14:36:15.453] Bot33 executed MOVE_FORWARD
[14:36:15.453] Starting turn for Bot40
[14:36:15.453] Bot40 rotated right to face NORTH
[14:36:15.453] Bot40 executed ROTATE_RIGHT
[14:36:15.453] Bot40 moved forward to (6,6)
[14:36:15.453] Bot40 executed MOVE_FORWARD
[14:36:15.453] Starting turn for Bot33
[14:36:15.453] Bot33 rotated left to face EAST
[14:36:15.453] Bot33 executed ROTATE_LEFT
[14:36:15.453] Starting turn for Bot40
[14:36:15.453] Bot40 rotated left to face WEST
[14:36:15.453] Bot40 executed ROTATE_LEFT
[14:36:15.453] Bot40 moved forward to (6,5)
[14:36:15.453] Bot40 executed MOVE_FORWARD
[14:36:15.453] Starting turn for Bot33
[14:36:15.453] Starting turn for Bot40
[14:36:15.453] Bot40 rotated right to face NORTH
[14:36:15.453] Bot40 executed ROTATE_RIGHT
[14:36:15.453] Bot40 moved forward to (5,5)
[14:36:15.453] Bot40 executed MOVE_FORWARD
[14:36:15.453] Starting turn for Bot33
[14:36:15.453] Bot33 rotated left to face NORTH
[14:36:15.453] Bot33 executed ROTATE_LEFT
[14:36:15.453] Bot33 moved forward to (0,1)
[14:36:15.453] Bot33 executed MOVE_FORWARD
[14:36:15.453] Starting turn for Bot40
[14:36:15.453] Starting turn for Bot33
[14:36:15.453] Bot33 rotated left to face WEST
[14:36:15.453] Bot33 executed ROTATE_LEFT
[14:36:15.453] Bot33 rotated left to face SOUTH
[14:36:15.453] Bot33 executed ROTATE_LEFT
[14:36:15.453] Bot33 moved forward to (1,1)
[14:36:15.453] Bot33 executed MOVE_FORWARD
[14:36:15.453] Starting turn for Bot40
[14:36:15.453] Starting turn for Bot33
[14:36:15.453] Bot33 rotated left to face EAST
[14:36:15.453] Bot33 executed ROTATE_LEFT
[14:36:15.453] Starting turn for Bot40
[14:36:15.453] Starting turn for Bot33
[14:36:15.453] Starting turn for Bot40
[14:36:15.453] Starting turn for Bot33
[14:36:15.453] Bot33 rotated left to face NORTH
[14:36:15.453] Bot33 executed ROTATE_LEFT
[14:36:15.453] Bot33 moved forward to (0,1)
[14:36:15.453] Bot33 executed MOVE_FORWARD
[14:36:15.453] Starting turn for Bot40
[14:36:15.453] Starting turn for Bot33
[14:36:15.453] Bot33 rotated left to face WEST
[14:36:15.453] Bot33 executed ROTATE_LEFT
[14:36:15.453] Bot33 rotated left to face SOUTH
[14:36:15.453] Bot33 executed ROTATE_LEFT
[14:36:15.453] Bot33 moved forward to (1,1)
[14:36:15.453] Bot33 executed MOVE_FORWARD
[14:36:15.453] Starting turn for Bot40
[14:36:15.453] Starting turn for Bot33
[14:36:15.453] Bot33 rotated left to face EAST
[14:36:15.453] Bot33 executed ROTATE_LEFT
[14:36:15.453] Starting turn for Bot40
[14:36:15.453] Starting turn for Bot33
[14:36:15.453] Starting turn for Bot40
[14:36:15.453] Starting turn for Bot33
[14:36:15.453] Bot33 rotated left to face NORTH
[14:36:15.453] Bot33 executed ROTATE_LEFT
[14:36:15.453] Bot33 moved forward to (0,1)
[14:36:15.453] Bot33 executed MOVE_FORWARD
[14:36:15.453] Starting turn for Bot40
[14:36:15.453] Starting turn for Bot33
[14:36:15.453] Bot33 rotated left to face WEST
[14:36:15.453] Bot33 executed ROTATE_LEFT
[14:36:15.453] Bot33 rotated left to face SOUTH
[14:36:15.453] Bot33 executed ROTATE_LEFT
[14:36:15.453] Bot33 moved forward to (1,1)
[14:36:15.453] Bot33 executed MOVE_FORWARD
[14:36:15.453] Starting turn for Bot40
[14:36:15.453] Starting turn for Bot33
[14:36:15.453] Bot33 rotated left to face EAST
[14:36:15.453] Bot33 executed ROTATE_LEFT
[14:36:15.453] Starting turn for Bot40
[14:36:15.453] Starting turn for Bot33
[14:36:15.453] Starting turn for Bot40
[14:36:15.453] Stalemate detected: State repeated 10 times, unchanged for 3 turns
[14:36:15.453] Game Over! Stalemate detected!
[14:36:15.453] Stalemate detected: State repeated 10 times, unchanged for 3 turns
