[14:36:01.918] === Game Started at 2025-02-04_14-36-01 ===
[14:36:01.918] Game initialized with 2 players
[14:36:01.918] Board size: 10
[14:36:01.918] Obstacle density: 0.05
[14:36:01.918] Max turns: 1000
[14:36:01.918] Player Bot15 starting at position (0,0) facing SOUTH
[14:36:01.918] Player Bot18 starting at position (9,9) facing SOUTH
[14:36:01.918] Obstacles at positions: (4,0) (4,2) (5,9) (6,6) (9,4)
[14:36:01.918] Starting turn for Bot15
[14:36:01.918] Bot15 rotated left to face EAST
[14:36:01.918] Bot15 executed ROTATE_LEFT
[14:36:01.918] Bot15 moved forward to (0,1)
[14:36:01.918] Bot15 executed MOVE_FORWARD
[14:36:01.918] Starting turn for Bot18
[14:36:01.918] Bot18 rotated right to face WEST
[14:36:01.918] Bot18 executed ROTATE_RIGHT
[14:36:01.918] Bot18 moved forward to (9,8)
[14:36:01.918] Bot18 executed MOVE_FORWARD
[14:36:01.918] Starting turn for Bot15
[14:36:01.918] Bot15 rotated right to face SOUTH
[14:36:01.918] Bot15 executed ROTATE_RIGHT
[14:36:01.918] Bot15 moved forward to (1,1)
[14:36:01.918] Bot15 executed MOVE_FORWARD
[14:36:01.918] Starting turn for Bot18
[14:36:01.918] Bot18 rotated right to face NORTH
[14:36:01.918] Bot18 executed ROTATE_RIGHT
[14:36:01.918] Bot18 moved forward to (8,8)
[14:36:01.918] Bot18 executed MOVE_FORWARD
[14:36:01.918] Starting turn for Bot15
[14:36:01.918] Bot15 rotated left to face EAST
[14:36:01.918] Bot15 executed ROTATE_LEFT
[14:36:01.918] Bot15 moved forward to (1,2)
[14:36:01.918] Bot15 executed MOVE_FORWARD
[14:36:01.918] Starting turn for Bot18
[14:36:01.918] Bot18 rotated left to face WEST
[14:36:01.918] Bot18 executed ROTATE_LEFT
[14:36:01.918] Bot18 moved forward to (8,7)
[14:36:01.918] Bot18 executed MOVE_FORWARD
[14:36:01.918] Starting turn for Bot15
[14:36:01.918] Bot15 rotated right to face SOUTH
[14:36:01.918] Bot15 executed ROTATE_RIGHT
[14:36:01.918] Bot15 moved forward to (2,2)
[14:36:01.918] Bot15 executed MOVE_FORWARD
[14:36:01.918] Starting turn for Bot18
[14:36:01.918] Bot18 rotated right to face NORTH
[14:36:01.918] Bot18 executed ROTATE_RIGHT
[14:36:01.918] Bot18 moved forward to (7,7)
[14:36:01.918] Bot18 executed MOVE_FORWARD
[14:36:01.918] Starting turn for Bot15
[14:36:01.918] Bot15 rotated left to face EAST
[14:36:01.918] Bot15 executed ROTATE_LEFT
[14:36:01.918] Bot15 moved forward to (2,3)
[14:36:01.918] Bot15 executed MOVE_FORWARD
[14:36:01.918] Starting turn for Bot18
[14:36:01.918] Bot18 rotated left to face WEST
[14:36:01.918] Bot18 executed ROTATE_LEFT
[14:36:01.918] Bot18 moved forward to (7,6)
[14:36:01.918] Bot18 executed MOVE_FORWARD
[14:36:01.918] Starting turn for Bot15
[14:36:01.918] Bot15 rotated right to face SOUTH
[14:36:01.918] Bot15 executed ROTATE_RIGHT
[14:36:01.918] Bot15 moved forward to (3,3)
[14:36:01.918] Bot15 executed MOVE_FORWARD
[14:36:01.918] Starting turn for Bot18
[14:36:01.918] Bot18 rotated right to face NORTH
[14:36:01.918] Bot18 executed ROTATE_RIGHT
[14:36:01.918] Starting turn for Bot15
[14:36:01.918] Bot15 rotated left to face EAST
[14:36:01.918] Bot15 executed ROTATE_LEFT
[14:36:01.918] Bot15 moved forward to (3,4)
[14:36:01.918] Bot15 executed MOVE_FORWARD
[14:36:01.918] Starting turn for Bot18
[14:36:01.918] Starting turn for Bot15
[14:36:01.918] Bot15 rotated right to face SOUTH
[14:36:01.918] Bot15 executed ROTATE_RIGHT
[14:36:01.918] Bot15 moved forward to (4,4)
[14:36:01.918] Bot15 executed MOVE_FORWARD
[14:36:01.918] Starting turn for Bot18
[14:36:01.918] Bot18 rotated right to face EAST
[14:36:01.918] Bot18 executed ROTATE_RIGHT
[14:36:01.918] Bot18 moved forward to (7,7)
[14:36:01.918] Bot18 executed MOVE_FORWARD
[14:36:01.918] Starting turn for Bot15
[14:36:01.918] Bot15 rotated left to face EAST
[14:36:01.918] Bot15 executed ROTATE_LEFT
[14:36:01.918] Bot15 moved forward to (4,5)
[14:36:01.918] Bot15 executed MOVE_FORWARD
[14:36:01.918] Starting turn for Bot18
[14:36:01.918] Bot18 rotated left to face NORTH
[14:36:01.918] Bot18 executed ROTATE_LEFT
[14:36:01.918] Bot18 rotated left to face WEST
[14:36:01.918] Bot18 executed ROTATE_LEFT
[14:36:01.918] Bot18 moved forward to (7,6)
[14:36:01.918] Bot18 executed MOVE_FORWARD
[14:36:01.918] Starting turn for Bot15
[14:36:01.918] Bot15 rotated right to face SOUTH
[14:36:01.918] Bot15 executed ROTATE_RIGHT
[14:36:01.918] Bot15 moved forward to (5,5)
[14:36:01.918] Bot15 executed MOVE_FORWARD
[14:36:01.918] Starting turn for Bot18
[14:36:01.918] Bot18 rotated right to face NORTH
[14:36:01.918] Bot18 executed ROTATE_RIGHT
[14:36:01.918] Starting turn for Bot15
[14:36:01.918] Starting turn for Bot18
[14:36:01.918] Starting turn for Bot15
[14:36:01.918] Starting turn for Bot18
[14:36:01.918] Bot18 rotated right to face EAST
[14:36:01.918] Bot18 executed ROTATE_RIGHT
[14:36:01.918] Bot18 moved forward to (7,7)
[14:36:01.918] Bot18 executed MOVE_FORWARD
[14:36:01.918] Starting turn for Bot15
[14:36:01.918] Starting turn for Bot18
[14:36:01.918] Bot18 rotated left to face NORTH
[14:36:01.919] Bot18 executed ROTATE_LEFT
[14:36:01.919] Bot18 rotated left to face WEST
[14:36:01.919] Bot18 executed ROTATE_LEFT
[14:36:01.919] Bot18 moved forward to (7,6)
[14:36:01.919] Bot18 executed MOVE_FORWARD
[14:36:01.919] Starting turn for Bot15
[14:36:01.919] Starting turn for Bot18
[14:36:01.919] Bot18 rotated right to face NORTH
[14:36:01.919] Bot18 executed ROTATE_RIGHT
[14:36:01.919] Starting turn for Bot15
[14:36:01.919] Starting turn for Bot18
[14:36:01.919] Starting turn for Bot15
[14:36:01.919] Starting turn for Bot18
[14:36:01.919] Bot18 rotated right to face EAST
[14:36:01.919] Bot18 executed ROTATE_RIGHT
[14:36:01.919] Bot18 moved forward to (7,7)
[14:36:01.919] Bot18 executed MOVE_FORWARD
[14:36:01.919] Starting turn for Bot15
[14:36:01.919] Starting turn for Bot18
[14:36:01.919] Bot18 rotated left to face NORTH
[14:36:01.919] Bot18 executed ROTATE_LEFT
[14:36:01.919] Bot18 rotated left to face WEST
[14:36:01.919] Bot18 executed ROTATE_LEFT
[14:36:01.919] Bot18 moved forward to (7,6)
[14:36:01.919] Bot18 executed MOVE_FORWARD
[14:36:01.919] Starting turn for Bot15
[14:36:01.919] Starting turn for Bot18
[14:36:01.919] Bot18 rotated right to face NORTH
[14:36:01.919] Bot18 executed ROTATE_RIGHT
[14:36:01.919] Starting turn for Bot15
[14:36:01.919] Starting turn for Bot18
[14:36:01.919] Starting turn for Bot15
[14:36:01.919] Starting turn for Bot18
[14:36:01.919] Stalemate detected: State repeated 10 times, unchanged for 2 turns
[14:36:01.919] Game Over! Stalemate detected!
[14:36:01.919] Stalemate detected: State repeated 10 times, unchanged for 2 turns
