[14:35:56.200] === Game Started at 2025-02-04_14-35-56 ===
[14:35:56.200] Game initialized with 2 players
[14:35:56.200] Board size: 10
[14:35:56.200] Obstacle density: 0.05
[14:35:56.200] Max turns: 1000
[14:35:56.200] Player Bot10 starting at position (0,0) facing NORTH
[14:35:56.201] Player Bot20 starting at position (9,9) facing NORTH
[14:35:56.201] Obstacles at positions: (2,0) (3,0) (5,1) (6,8) (8,8)
[14:35:56.201] Starting turn for Bot10
[14:35:56.201] Bot10 rotated right to face EAST
[14:35:56.201] Bot10 executed ROTATE_RIGHT
[14:35:56.201] Bot10 moved forward to (0,1)
[14:35:56.201] Bot10 executed MOVE_FORWARD
[14:35:56.201] Starting turn for Bot20
[14:35:56.201] Bot20 rotated left to face WEST
[14:35:56.201] Bot20 executed ROTATE_LEFT
[14:35:56.201] Bot20 moved forward to (9,8)
[14:35:56.201] Bot20 executed MOVE_FORWARD
[14:35:56.201] Starting turn for Bot10
[14:35:56.201] Bot10 rotated right to face SOUTH
[14:35:56.201] Bot10 executed ROTATE_RIGHT
[14:35:56.201] Bot10 moved forward to (1,1)
[14:35:56.201] Bot10 executed MOVE_FORWARD
[14:35:56.201] Starting turn for Bot20
[14:35:56.201] Bot20 rotated right to face NORTH
[14:35:56.201] Bot20 executed ROTATE_RIGHT
[14:35:56.201] Starting turn for Bot10
[14:35:56.201] Bot10 rotated left to face EAST
[14:35:56.201] Bot10 executed ROTATE_LEFT
[14:35:56.201] Bot10 moved forward to (1,2)
[14:35:56.201] Bot10 executed MOVE_FORWARD
[14:35:56.201] Starting turn for Bot20
[14:35:56.201] Starting turn for Bot10
[14:35:56.201] Bot10 rotated right to face SOUTH
[14:35:56.201] Bot10 executed ROTATE_RIGHT
[14:35:56.201] Bot10 moved forward to (2,2)
[14:35:56.201] Bot10 executed MOVE_FORWARD
[14:35:56.201] Starting turn for Bot20
[14:35:56.201] Bot20 rotated right to face EAST
[14:35:56.201] Bot20 executed ROTATE_RIGHT
[14:35:56.201] Bot20 moved forward to (9,9)
[14:35:56.201] Bot20 executed MOVE_FORWARD
[14:35:56.201] Starting turn for Bot10
[14:35:56.201] Bot10 rotated left to face EAST
[14:35:56.201] Bot10 executed ROTATE_LEFT
[14:35:56.201] Bot10 moved forward to (2,3)
[14:35:56.201] Bot10 executed MOVE_FORWARD
[14:35:56.201] Starting turn for Bot20
[14:35:56.201] Bot20 rotated left to face NORTH
[14:35:56.201] Bot20 executed ROTATE_LEFT
[14:35:56.201] Bot20 rotated left to face WEST
[14:35:56.201] Bot20 executed ROTATE_LEFT
[14:35:56.201] Bot20 moved forward to (9,8)
[14:35:56.201] Bot20 executed MOVE_FORWARD
[14:35:56.201] Starting turn for Bot10
[14:35:56.201] Bot10 rotated right to face SOUTH
[14:35:56.201] Bot10 executed ROTATE_RIGHT
[14:35:56.201] Bot10 moved forward to (3,3)
[14:35:56.201] Bot10 executed MOVE_FORWARD
[14:35:56.201] Starting turn for Bot20
[14:35:56.201] Bot20 rotated right to face NORTH
[14:35:56.201] Bot20 executed ROTATE_RIGHT
[14:35:56.201] Starting turn for Bot10
[14:35:56.201] Bot10 rotated left to face EAST
[14:35:56.201] Bot10 executed ROTATE_LEFT
[14:35:56.201] Bot10 moved forward to (3,4)
[14:35:56.201] Bot10 executed MOVE_FORWARD
[14:35:56.201] Starting turn for Bot20
[14:35:56.201] Starting turn for Bot10
[14:35:56.201] Bot10 rotated right to face SOUTH
[14:35:56.201] Bot10 executed ROTATE_RIGHT
[14:35:56.201] Bot10 moved forward to (4,4)
[14:35:56.201] Bot10 executed MOVE_FORWARD
[14:35:56.201] Starting turn for Bot20
[14:35:56.201] Bot20 rotated right to face EAST
[14:35:56.201] Bot20 executed ROTATE_RIGHT
[14:35:56.201] Bot20 moved forward to (9,9)
[14:35:56.201] Bot20 executed MOVE_FORWARD
[14:35:56.201] Starting turn for Bot10
[14:35:56.201] Bot10 rotated left to face EAST
[14:35:56.201] Bot10 executed ROTATE_LEFT
[14:35:56.201] Bot10 moved forward to (4,5)
[14:35:56.201] Bot10 executed MOVE_FORWARD
[14:35:56.201] Starting turn for Bot20
[14:35:56.201] Bot20 rotated left to face NORTH
[14:35:56.201] Bot20 executed ROTATE_LEFT
[14:35:56.201] Bot20 rotated left to face WEST
[14:35:56.201] Bot20 executed ROTATE_LEFT
[14:35:56.201] Bot20 moved forward to (9,8)
[14:35:56.201] Bot20 executed MOVE_FORWARD
[14:35:56.201] Starting turn for Bot10
[14:35:56.201] Bot10 rotated right to face SOUTH
[14:35:56.201] Bot10 executed ROTATE_RIGHT
[14:35:56.201] Bot10 moved forward to (5,5)
[14:35:56.201] Bot10 executed MOVE_FORWARD
[14:35:56.201] Starting turn for Bot20
[14:35:56.201] Bot20 rotated right to face NORTH
[14:35:56.201] Bot20 executed ROTATE_RIGHT
[14:35:56.201] Starting turn for Bot10
[14:35:56.201] Starting turn for Bot20
[14:35:56.201] Starting turn for Bot10
[14:35:56.201] Starting turn for Bot20
[14:35:56.201] Bot20 rotated right to face EAST
[14:35:56.201] Bot20 executed ROTATE_RIGHT
[14:35:56.201] Bot20 moved forward to (9,9)
[14:35:56.201] Bot20 executed MOVE_FORWARD
[14:35:56.201] Starting turn for Bot10
[14:35:56.201] Starting turn for Bot20
[14:35:56.201] Bot20 rotated left to face NORTH
[14:35:56.201] Bot20 executed ROTATE_LEFT
[14:35:56.201] Bot20 rotated left to face WEST
[14:35:56.201] Bot20 executed ROTATE_LEFT
[14:35:56.201] Bot20 moved forward to (9,8)
[14:35:56.201] Bot20 executed MOVE_FORWARD
[14:35:56.201] Starting turn for Bot10
[14:35:56.201] Starting turn for Bot20
[14:35:56.201] Bot20 rotated right to face NORTH
[14:35:56.201] Bot20 executed ROTATE_RIGHT
[14:35:56.201] Starting turn for Bot10
[14:35:56.201] Starting turn for Bot20
[14:35:56.201] Starting turn for Bot10
[14:35:56.201] Starting turn for Bot20
[14:35:56.201] Bot20 rotated right to face EAST
[14:35:56.201] Bot20 executed ROTATE_RIGHT
[14:35:56.201] Bot20 moved forward to (9,9)
[14:35:56.201] Bot20 executed MOVE_FORWARD
[14:35:56.201] Starting turn for Bot10
[14:35:56.201] Starting turn for Bot20
[14:35:56.201] Bot20 rotated left to face NORTH
[14:35:56.201] Bot20 executed ROTATE_LEFT
[14:35:56.201] Bot20 rotated left to face WEST
[14:35:56.201] Bot20 executed ROTATE_LEFT
[14:35:56.201] Bot20 moved forward to (9,8)
[14:35:56.201] Bot20 executed MOVE_FORWARD
[14:35:56.201] Starting turn for Bot10
[14:35:56.201] Starting turn for Bot20
[14:35:56.201] Bot20 rotated right to face NORTH
[14:35:56.201] Bot20 executed ROTATE_RIGHT
[14:35:56.201] Starting turn for Bot10
[14:35:56.201] Starting turn for Bot20
[14:35:56.201] Starting turn for Bot10
[14:35:56.201] Starting turn for Bot20
[14:35:56.201] Stalemate detected: State repeated 10 times, unchanged for 2 turns
[14:35:56.201] Game Over! Stalemate detected!
[14:35:56.201] Stalemate detected: State repeated 10 times, unchanged for 2 turns
