[14:35:52.270] === Game Started at 2025-02-04_14-35-52 ===
[14:35:52.270] Game initialized with 2 players
[14:35:52.270] Board size: 10
[14:35:52.270] Obstacle density: 0.05
[14:35:52.270] Max turns: 1000
[14:35:52.270] Player Bot35 starting at position (0,0) facing EAST
[14:35:52.270] Player Bot7 starting at position (9,9) facing SOUTH
[14:35:52.270] Obstacles at positions: (1,7) (3,4) (8,0) (8,5) (8,8)
[14:35:52.270] Starting turn for Bot35
[14:35:52.270] Bot35 moved forward to (0,1)
[14:35:52.270] Bot35 executed MOVE_FORWARD
[14:35:52.270] Starting turn for Bot7
[14:35:52.270] Bot7 rotated right to face WEST
[14:35:52.270] Bot7 executed ROTATE_RIGHT
[14:35:52.270] Bot7 moved forward to (9,8)
[14:35:52.270] Bot7 executed MOVE_FORWARD
[14:35:52.270] Starting turn for Bot35
[14:35:52.270] Bot35 rotated right to face SOUTH
[14:35:52.270] Bot35 executed ROTATE_RIGHT
[14:35:52.270] Bot35 moved forward to (1,1)
[14:35:52.270] Bot35 executed MOVE_FORWARD
[14:35:52.270] Starting turn for Bot7
[14:35:52.270] Bot7 rotated right to face NORTH
[14:35:52.270] Bot7 executed ROTATE_RIGHT
[14:35:52.270] Starting turn for Bot35
[14:35:52.270] Bot35 rotated left to face EAST
[14:35:52.270] Bot35 executed ROTATE_LEFT
[14:35:52.270] Bot35 moved forward to (1,2)
[14:35:52.270] Bot35 executed MOVE_FORWARD
[14:35:52.270] Starting turn for Bot7
[14:35:52.270] Starting turn for Bot35
[14:35:52.270] Bot35 rotated right to face SOUTH
[14:35:52.270] Bot35 executed ROTATE_RIGHT
[14:35:52.270] Bot35 moved forward to (2,2)
[14:35:52.270] Bot35 executed MOVE_FORWARD
[14:35:52.270] Starting turn for Bot7
[14:35:52.270] Bot7 rotated right to face EAST
[14:35:52.270] Bot7 executed ROTATE_RIGHT
[14:35:52.270] Bot7 moved forward to (9,9)
[14:35:52.270] Bot7 executed MOVE_FORWARD
[14:35:52.270] Starting turn for Bot35
[14:35:52.270] Bot35 rotated left to face EAST
[14:35:52.270] Bot35 executed ROTATE_LEFT
[14:35:52.270] Bot35 moved forward to (2,3)
[14:35:52.270] Bot35 executed MOVE_FORWARD
[14:35:52.270] Starting turn for Bot7
[14:35:52.270] Bot7 rotated left to face NORTH
[14:35:52.270] Bot7 executed ROTATE_LEFT
[14:35:52.270] Bot7 rotated left to face WEST
[14:35:52.270] Bot7 executed ROTATE_LEFT
[14:35:52.270] Bot7 moved forward to (9,8)
[14:35:52.270] Bot7 executed MOVE_FORWARD
[14:35:52.270] Starting turn for Bot35
[14:35:52.270] Bot35 rotated right to face SOUTH
[14:35:52.270] Bot35 executed ROTATE_RIGHT
[14:35:52.270] Bot35 moved forward to (3,3)
[14:35:52.270] Bot35 executed MOVE_FORWARD
[14:35:52.270] Starting turn for Bot7
[14:35:52.270] Bot7 rotated right to face NORTH
[14:35:52.270] Bot7 executed ROTATE_RIGHT
[14:35:52.270] Starting turn for Bot35
[14:35:52.270] Bot35 rotated left to face EAST
[14:35:52.270] Bot35 executed ROTATE_LEFT
[14:35:52.270] Starting turn for Bot7
[14:35:52.270] Starting turn for Bot35
[14:35:52.270] Starting turn for Bot7
[14:35:52.270] Bot7 rotated right to face EAST
[14:35:52.270] Bot7 executed ROTATE_RIGHT
[14:35:52.270] Bot7 moved forward to (9,9)
[14:35:52.270] Bot7 executed MOVE_FORWARD
[14:35:52.270] Starting turn for Bot35
[14:35:52.270] Bot35 rotated left to face NORTH
[14:35:52.270] Bot35 executed ROTATE_LEFT
[14:35:52.270] Bot35 moved forward to (2,3)
[14:35:52.270] Bot35 executed MOVE_FORWARD
[14:35:52.270] Starting turn for Bot7
[14:35:52.270] Bot7 rotated left to face NORTH
[14:35:52.270] Bot7 executed ROTATE_LEFT
[14:35:52.270] Bot7 rotated left to face WEST
[14:35:52.270] Bot7 executed ROTATE_LEFT
[14:35:52.270] Bot7 moved forward to (9,8)
[14:35:52.270] Bot7 executed MOVE_FORWARD
[14:35:52.270] Starting turn for Bot35
[14:35:52.270] Bot35 rotated left to face WEST
[14:35:52.270] Bot35 executed ROTATE_LEFT
[14:35:52.270] Bot35 rotated left to face SOUTH
[14:35:52.270] Bot35 executed ROTATE_LEFT
[14:35:52.270] Bot35 moved forward to (3,3)
[14:35:52.270] Bot35 executed MOVE_FORWARD
[14:35:52.270] Starting turn for Bot7
[14:35:52.270] Bot7 rotated right to face NORTH
[14:35:52.270] Bot7 executed ROTATE_RIGHT
[14:35:52.270] Starting turn for Bot35
[14:35:52.270] Bot35 rotated left to face EAST
[14:35:52.270] Bot35 executed ROTATE_LEFT
[14:35:52.270] Starting turn for Bot7
[14:35:52.270] Starting turn for Bot35
[14:35:52.270] Starting turn for Bot7
[14:35:52.270] Bot7 rotated right to face EAST
[14:35:52.270] Bot7 executed ROTATE_RIGHT
[14:35:52.270] Bot7 moved forward to (9,9)
[14:35:52.270] Bot7 executed MOVE_FORWARD
[14:35:52.270] Starting turn for Bot35
[14:35:52.270] Bot35 rotated left to face NORTH
[14:35:52.270] Bot35 executed ROTATE_LEFT
[14:35:52.270] Bot35 moved forward to (2,3)
[14:35:52.270] Bot35 executed MOVE_FORWARD
[14:35:52.270] Starting turn for Bot7
[14:35:52.270] Bot7 rotated left to face NORTH
[14:35:52.270] Bot7 executed ROTATE_LEFT
[14:35:52.270] Bot7 rotated left to face WEST
[14:35:52.270] Bot7 executed ROTATE_LEFT
[14:35:52.270] Bot7 moved forward to (9,8)
[14:35:52.270] Bot7 executed MOVE_FORWARD
[14:35:52.270] Starting turn for Bot35
[14:35:52.270] Bot35 rotated left to face WEST
[14:35:52.270] Bot35 executed ROTATE_LEFT
[14:35:52.270] Bot35 rotated left to face SOUTH
[14:35:52.270] Bot35 executed ROTATE_LEFT
[14:35:52.270] Bot35 moved forward to (3,3)
[14:35:52.270] Bot35 executed MOVE_FORWARD
[14:35:52.270] Starting turn for Bot7
[14:35:52.270] Bot7 rotated right to face NORTH
[14:35:52.270] Bot7 executed ROTATE_RIGHT
[14:35:52.270] Starting turn for Bot35
[14:35:52.270] Bot35 rotated left to face EAST
[14:35:52.270] Bot35 executed ROTATE_LEFT
[14:35:52.270] Starting turn for Bot7
[14:35:52.270] Starting turn for Bot35
[14:35:52.270] Starting turn for Bot7
[14:35:52.270] Bot7 rotated right to face EAST
[14:35:52.270] Bot7 executed ROTATE_RIGHT
[14:35:52.270] Bot7 moved forward to (9,9)
[14:35:52.270] Bot7 executed MOVE_FORWARD
[14:35:52.270] Starting turn for Bot35
[14:35:52.270] Bot35 rotated left to face NORTH
[14:35:52.270] Bot35 executed ROTATE_LEFT
[14:35:52.270] Bot35 moved forward to (2,3)
[14:35:52.270] Bot35 executed MOVE_FORWARD
[14:35:52.270] Starting turn for Bot7
[14:35:52.270] Bot7 rotated left to face NORTH
[14:35:52.270] Bot7 executed ROTATE_LEFT
[14:35:52.270] Bot7 rotated left to face WEST
[14:35:52.270] Bot7 executed ROTATE_LEFT
[14:35:52.270] Bot7 moved forward to (9,8)
[14:35:52.270] Bot7 executed MOVE_FORWARD
[14:35:52.270] Starting turn for Bot35
[14:35:52.270] Bot35 rotated left to face WEST
[14:35:52.270] Bot35 executed ROTATE_LEFT
[14:35:52.270] Bot35 rotated left to face SOUTH
[14:35:52.270] Bot35 executed ROTATE_LEFT
[14:35:52.270] Bot35 moved forward to (3,3)
[14:35:52.271] Bot35 executed MOVE_FORWARD
[14:35:52.271] Starting turn for Bot7
[14:35:52.271] Bot7 rotated right to face NORTH
[14:35:52.271] Bot7 executed ROTATE_RIGHT
[14:35:52.271] Starting turn for Bot35
[14:35:52.271] Bot35 rotated left to face EAST
[14:35:52.271] Bot35 executed ROTATE_LEFT
[14:35:52.271] Starting turn for Bot7
[14:35:52.271] Starting turn for Bot35
[14:35:52.271] Starting turn for Bot7
[14:35:52.271] Stalemate detected: State repeated 10 times, unchanged for 1 turns
[14:35:52.271] Game Over! Stalemate detected!
[14:35:52.271] Stalemate detected: State repeated 10 times, unchanged for 1 turns
