[14:36:15.645] === Game Started at 2025-02-04_14-36-15 ===
[14:36:15.645] Game initialized with 2 players
[14:36:15.645] Board size: 10
[14:36:15.645] Obstacle density: 0.05
[14:36:15.645] Max turns: 1000
[14:36:15.645] Player Bot38 starting at position (0,0) facing SOUTH
[14:36:15.645] Player Bot34 starting at position (9,9) facing SOUTH
[14:36:15.645] Obstacles at positions: (1,4) (2,8) (4,5) (6,5) (7,4)
[14:36:15.645] Starting turn for Bot38
[14:36:15.645] Bot38 rotated left to face EAST
[14:36:15.645] Bot38 executed ROTATE_LEFT
[14:36:15.645] Bot38 moved forward to (0,1)
[14:36:15.645] Bot38 executed MOVE_FORWARD
[14:36:15.645] Starting turn for Bot34
[14:36:15.645] Bot34 rotated right to face WEST
[14:36:15.645] Bot34 executed ROTATE_RIGHT
[14:36:15.645] Bot34 moved forward to (9,8)
[14:36:15.645] Bot34 executed MOVE_FORWARD
[14:36:15.645] Starting turn for Bot38
[14:36:15.645] Bot38 rotated right to face SOUTH
[14:36:15.645] Bot38 executed ROTATE_RIGHT
[14:36:15.645] Bot38 moved forward to (1,1)
[14:36:15.645] Bot38 executed MOVE_FORWARD
[14:36:15.645] Starting turn for Bot34
[14:36:15.645] Bot34 rotated right to face NORTH
[14:36:15.645] Bot34 executed ROTATE_RIGHT
[14:36:15.645] Bot34 moved forward to (8,8)
[14:36:15.645] Bot34 executed MOVE_FORWARD
[14:36:15.645] Starting turn for Bot38
[14:36:15.645] Bot38 rotated left to face EAST
[14:36:15.645] Bot38 executed ROTATE_LEFT
[14:36:15.645] Bot38 moved forward to (1,2)
[14:36:15.645] Bot38 executed MOVE_FORWARD
[14:36:15.645] Starting turn for Bot34
[14:36:15.645] Bot34 rotated left to face WEST
[14:36:15.645] Bot34 executed ROTATE_LEFT
[14:36:15.645] Bot34 moved forward to (8,7)
[14:36:15.645] Bot34 executed MOVE_FORWARD
[14:36:15.645] Starting turn for Bot38
[14:36:15.645] Bot38 rotated right to face SOUTH
[14:36:15.645] Bot38 executed ROTATE_RIGHT
[14:36:15.645] Bot38 moved forward to (2,2)
[14:36:15.645] Bot38 executed MOVE_FORWARD
[14:36:15.645] Starting turn for Bot34
[14:36:15.645] Bot34 rotated right to face NORTH
[14:36:15.645] Bot34 executed ROTATE_RIGHT
[14:36:15.645] Bot34 moved forward to (7,7)
[14:36:15.645] Bot34 executed MOVE_FORWARD
[14:36:15.645] Starting turn for Bot38
[14:36:15.645] Bot38 rotated left to face EAST
[14:36:15.645] Bot38 executed ROTATE_LEFT
[14:36:15.645] Bot38 moved forward to (2,3)
[14:36:15.645] Bot38 executed MOVE_FORWARD
[14:36:15.645] Starting turn for Bot34
[14:36:15.645] Bot34 rotated left to face WEST
[14:36:15.645] Bot34 executed ROTATE_LEFT
[14:36:15.645] Bot34 moved forward to (7,6)
[14:36:15.645] Bot34 executed MOVE_FORWARD
[14:36:15.645] Starting turn for Bot38
[14:36:15.645] Bot38 rotated right to face SOUTH
[14:36:15.645] Bot38 executed ROTATE_RIGHT
[14:36:15.645] Bot38 moved forward to (3,3)
[14:36:15.645] Bot38 executed MOVE_FORWARD
[14:36:15.645] Starting turn for Bot34
[14:36:15.645] Bot34 rotated right to face NORTH
[14:36:15.645] Bot34 executed ROTATE_RIGHT
[14:36:15.645] Bot34 moved forward to (6,6)
[14:36:15.645] Bot34 executed MOVE_FORWARD
[14:36:15.645] Starting turn for Bot38
[14:36:15.645] Bot38 rotated left to face EAST
[14:36:15.645] Bot38 executed ROTATE_LEFT
[14:36:15.645] Bot38 moved forward to (3,4)
[14:36:15.645] Bot38 executed MOVE_FORWARD
[14:36:15.645] Starting turn for Bot34
[14:36:15.645] Bot34 rotated left to face WEST
[14:36:15.645] Bot34 executed ROTATE_LEFT
[14:36:15.645] Starting turn for Bot38
[14:36:15.645] Bot38 rotated right to face SOUTH
[14:36:15.645] Bot38 executed ROTATE_RIGHT
[14:36:15.645] Bot38 moved forward to (4,4)
[14:36:15.645] Bot38 executed MOVE_FORWARD
[14:36:15.645] Starting turn for Bot34
[14:36:15.645] Starting turn for Bot38
[14:36:15.645] Bot38 rotated left to face EAST
[14:36:15.645] Bot38 executed ROTATE_LEFT
[14:36:15.645] Starting turn for Bot34
[14:36:15.645] Bot34 rotated right to face NORTH
[14:36:15.645] Bot34 executed ROTATE_RIGHT
[14:36:15.645] Bot34 moved forward to (5,6)
[14:36:15.645] Bot34 executed MOVE_FORWARD
[14:36:15.645] Starting turn for Bot38
[14:36:15.645] Starting turn for Bot34
[14:36:15.645] Bot34 rotated left to face WEST
[14:36:15.645] Bot34 executed ROTATE_LEFT
[14:36:15.645] Bot34 moved forward to (5,5)
[14:36:15.645] Bot34 executed MOVE_FORWARD
[14:36:15.645] Starting turn for Bot38
[14:36:15.645] Bot38 rotated left to face NORTH
[14:36:15.645] Bot38 executed ROTATE_LEFT
[14:36:15.645] Bot38 moved forward to (3,4)
[14:36:15.645] Bot38 executed MOVE_FORWARD
[14:36:15.645] Starting turn for Bot34
[14:36:15.645] Starting turn for Bot38
[14:36:15.645] Bot38 rotated left to face WEST
[14:36:15.645] Bot38 executed ROTATE_LEFT
[14:36:15.645] Bot38 rotated left to face SOUTH
[14:36:15.645] Bot38 executed ROTATE_LEFT
[14:36:15.645] Bot38 moved forward to (4,4)
[14:36:15.645] Bot38 executed MOVE_FORWARD
[14:36:15.645] Starting turn for Bot34
[14:36:15.645] Starting turn for Bot38
[14:36:15.645] Bot38 rotated left to face EAST
[14:36:15.645] Bot38 executed ROTATE_LEFT
[14:36:15.645] Starting turn for Bot34
[14:36:15.645] Starting turn for Bot38
[14:36:15.645] Starting turn for Bot34
[14:36:15.645] Starting turn for Bot38
[14:36:15.645] Bot38 rotated left to face NORTH
[14:36:15.645] Bot38 executed ROTATE_LEFT
[14:36:15.645] Bot38 moved forward to (3,4)
[14:36:15.645] Bot38 executed MOVE_FORWARD
[14:36:15.645] Starting turn for Bot34
[14:36:15.645] Starting turn for Bot38
[14:36:15.645] Bot38 rotated left to face WEST
[14:36:15.645] Bot38 executed ROTATE_LEFT
[14:36:15.645] Bot38 rotated left to face SOUTH
[14:36:15.645] Bot38 executed ROTATE_LEFT
[14:36:15.645] Bot38 moved forward to (4,4)
[14:36:15.645] Bot38 executed MOVE_FORWARD
[14:36:15.645] Starting turn for Bot34
[14:36:15.645] Starting turn for Bot38
[14:36:15.645] Bot38 rotated left to face EAST
[14:36:15.645] Bot38 executed ROTATE_LEFT
[14:36:15.645] Starting turn for Bot34
[14:36:15.645] Starting turn for Bot38
[14:36:15.645] Starting turn for Bot34
[14:36:15.645] Starting turn for Bot38
[14:36:15.645] Bot38 rotated left to face NORTH
[14:36:15.645] Bot38 executed ROTATE_LEFT
[14:36:15.645] Bot38 moved forward to (3,4)
[14:36:15.645] Bot38 executed MOVE_FORWARD
[14:36:15.645] Starting turn for Bot34
[14:36:15.645] Starting turn for Bot38
[14:36:15.645] Bot38 rotated left to face WEST
[14:36:15.645] Bot38 executed ROTATE_LEFT
[14:36:15.645] Bot38 rotated left to face SOUTH
[14:36:15.645] Bot38 executed ROTATE_LEFT
[14:36:15.645] Bot38 moved forward to (4,4)
[14:36:15.645] Bot38 executed MOVE_FORWARD
[14:36:15.645] Starting turn for Bot34
[14:36:15.645] Starting turn for Bot38
[14:36:15.645] Bot38 rotated left to face EAST
[14:36:15.645] Bot38 executed ROTATE_LEFT
[14:36:15.645] Starting turn for Bot34
[14:36:15.645] Stalemate detected: State repeated 10 times, unchanged for 1 turns
[14:36:15.645] Game Over! Stalemate detected!
[14:36:15.645] Stalemate detected: State repeated 10 times, unchanged for 1 turns
