[14:36:02.493] === Game Started at 2025-02-04_14-36-02 ===
[14:36:02.493] Game initialized with 2 players
[14:36:02.493] Board size: 10
[14:36:02.493] Obstacle density: 0.05
[14:36:02.493] Max turns: 1000
[14:36:02.493] Player Bot29 starting at position (0,0) facing NORTH
[14:36:02.493] Player Bot15 starting at position (9,9) facing NORTH
[14:36:02.493] Obstacles at positions: (1,4) (3,9) (5,2) (8,3) (9,1)
[14:36:02.493] Starting turn for Bot29
[14:36:02.493] Bot29 rotated right to face EAST
[14:36:02.493] Bot29 executed ROTATE_RIGHT
[14:36:02.493] Bot29 moved forward to (0,1)
[14:36:02.493] Bot29 executed MOVE_FORWARD
[14:36:02.493] Starting turn for Bot15
[14:36:02.493] Bot15 rotated left to face WEST
[14:36:02.493] Bot15 executed ROTATE_LEFT
[14:36:02.493] Bot15 moved forward to (9,8)
[14:36:02.493] Bot15 executed MOVE_FORWARD
[14:36:02.493] Starting turn for Bot29
[14:36:02.493] Bot29 rotated right to face SOUTH
[14:36:02.493] Bot29 executed ROTATE_RIGHT
[14:36:02.493] Bot29 moved forward to (1,1)
[14:36:02.493] Bot29 executed MOVE_FORWARD
[14:36:02.493] Starting turn for Bot15
[14:36:02.493] Bot15 rotated right to face NORTH
[14:36:02.493] Bot15 executed ROTATE_RIGHT
[14:36:02.493] Bot15 moved forward to (8,8)
[14:36:02.493] Bot15 executed MOVE_FORWARD
[14:36:02.493] Starting turn for Bot29
[14:36:02.493] Bot29 rotated left to face EAST
[14:36:02.493] Bot29 executed ROTATE_LEFT
[14:36:02.493] Bot29 moved forward to (1,2)
[14:36:02.493] Bot29 executed MOVE_FORWARD
[14:36:02.493] Starting turn for Bot15
[14:36:02.493] Bot15 rotated left to face WEST
[14:36:02.493] Bot15 executed ROTATE_LEFT
[14:36:02.493] Bot15 moved forward to (8,7)
[14:36:02.493] Bot15 executed MOVE_FORWARD
[14:36:02.493] Starting turn for Bot29
[14:36:02.493] Bot29 rotated right to face SOUTH
[14:36:02.493] Bot29 executed ROTATE_RIGHT
[14:36:02.493] Bot29 moved forward to (2,2)
[14:36:02.493] Bot29 executed MOVE_FORWARD
[14:36:02.493] Starting turn for Bot15
[14:36:02.493] Bot15 rotated right to face NORTH
[14:36:02.493] Bot15 executed ROTATE_RIGHT
[14:36:02.493] Bot15 moved forward to (7,7)
[14:36:02.493] Bot15 executed MOVE_FORWARD
[14:36:02.493] Starting turn for Bot29
[14:36:02.493] Bot29 rotated left to face EAST
[14:36:02.493] Bot29 executed ROTATE_LEFT
[14:36:02.493] Bot29 moved forward to (2,3)
[14:36:02.493] Bot29 executed MOVE_FORWARD
[14:36:02.493] Starting turn for Bot15
[14:36:02.493] Bot15 rotated left to face WEST
[14:36:02.493] Bot15 executed ROTATE_LEFT
[14:36:02.493] Bot15 moved forward to (7,6)
[14:36:02.493] Bot15 executed MOVE_FORWARD
[14:36:02.493] Starting turn for Bot29
[14:36:02.493] Bot29 rotated right to face SOUTH
[14:36:02.493] Bot29 executed ROTATE_RIGHT
[14:36:02.493] Bot29 moved forward to (3,3)
[14:36:02.493] Bot29 executed MOVE_FORWARD
[14:36:02.493] Starting turn for Bot15
[14:36:02.493] Bot15 rotated right to face NORTH
[14:36:02.493] Bot15 executed ROTATE_RIGHT
[14:36:02.493] Bot15 moved forward to (6,6)
[14:36:02.493] Bot15 executed MOVE_FORWARD
[14:36:02.493] Starting turn for Bot29
[14:36:02.493] Bot29 rotated left to face EAST
[14:36:02.493] Bot29 executed ROTATE_LEFT
[14:36:02.493] Bot29 moved forward to (3,4)
[14:36:02.493] Bot29 executed MOVE_FORWARD
[14:36:02.493] Starting turn for Bot15
[14:36:02.493] Bot15 rotated left to face WEST
[14:36:02.493] Bot15 executed ROTATE_LEFT
[14:36:02.493] Bot15 moved forward to (6,5)
[14:36:02.493] Bot15 executed MOVE_FORWARD
[14:36:02.493] Starting turn for Bot29
[14:36:02.493] Bot29 rotated right to face SOUTH
[14:36:02.493] Bot29 executed ROTATE_RIGHT
[14:36:02.493] Bot29 moved forward to (4,4)
[14:36:02.493] Bot29 executed MOVE_FORWARD
[14:36:02.493] Starting turn for Bot15
[14:36:02.493] Bot15 rotated right to face NORTH
[14:36:02.493] Bot15 executed ROTATE_RIGHT
[14:36:02.493] Bot15 moved forward to (5,5)
[14:36:02.493] Bot15 executed MOVE_FORWARD
[14:36:02.493] Starting turn for Bot29
[14:36:02.493] Bot29 rotated left to face EAST
[14:36:02.493] Bot29 executed ROTATE_LEFT
[14:36:02.493] Bot29 moved forward to (4,5)
[14:36:02.493] Bot29 executed MOVE_FORWARD
[14:36:02.493] Starting turn for Bot15
[14:36:02.493] Bot15 shooting in direction NORTH
[14:36:02.493] Bot15 hit Bot29 for 25 damage (health: 100 -> 75)
[14:36:02.493] Bot15 executed SHOOT
[14:36:02.493] Starting turn for Bot29
[14:36:02.493] Bot29 rotated right to face SOUTH
[14:36:02.493] Bot29 executed ROTATE_RIGHT
[14:36:02.493] Starting turn for Bot15
[14:36:02.493] Bot15 shooting in direction NORTH
[14:36:02.493] Bot15 hit Bot29 for 25 damage (health: 75 -> 50)
[14:36:02.493] Bot15 executed SHOOT
[14:36:02.493] Starting turn for Bot29
[14:36:02.493] Bot29 shooting in direction SOUTH
[14:36:02.493] Bot29 hit Bot15 for 25 damage (health: 100 -> 75)
[14:36:02.493] Bot29 executed SHOOT
[14:36:02.493] Starting turn for Bot15
[14:36:02.493] Bot15 shooting in direction NORTH
[14:36:02.494] Bot15 hit Bot29 for 25 damage (health: 50 -> 25)
[14:36:02.494] Bot15 executed SHOOT
[14:36:02.494] Starting turn for Bot29
[14:36:02.494] Bot29 shooting in direction SOUTH
[14:36:02.494] Bot29 hit Bot15 for 25 damage (health: 75 -> 50)
[14:36:02.494] Bot29 executed SHOOT
[14:36:02.494] Starting turn for Bot15
[14:36:02.494] Bot15 shooting in direction NORTH
[14:36:02.494] Bot15 hit Bot29 for 25 damage (health: 25 -> 0)
[14:36:02.494] Bot29 was destroyed!
[14:36:02.494] Bot15 is the last tank standing!
[14:36:02.494] Bot15 executed SHOOT
[14:36:02.494] Game Over! Bot15 wins!
[14:36:02.494] === Game Ended ===
