[14:36:04.483] === Game Started at 2025-02-04_14-36-04 ===
[14:36:04.483] Game initialized with 2 players
[14:36:04.483] Board size: 10
[14:36:04.483] Obstacle density: 0.05
[14:36:04.483] Max turns: 1000
[14:36:04.483] Player Bot26 starting at position (0,0) facing NORTH
[14:36:04.483] Player Bot17 starting at position (9,9) facing NORTH
[14:36:04.483] Obstacles at positions: (2,3) (3,4) (4,0) (6,0) (7,3)
[14:36:04.483] Starting turn for Bot26
[14:36:04.483] Bot26 rotated right to face EAST
[14:36:04.483] Bot26 executed ROTATE_RIGHT
[14:36:04.483] Bot26 moved forward to (0,1)
[14:36:04.483] Bot26 executed MOVE_FORWARD
[14:36:04.483] Starting turn for Bot17
[14:36:04.483] Bot17 rotated left to face WEST
[14:36:04.483] Bot17 executed ROTATE_LEFT
[14:36:04.483] Bot17 moved forward to (9,8)
[14:36:04.483] Bot17 executed MOVE_FORWARD
[14:36:04.483] Starting turn for Bot26
[14:36:04.483] Bot26 rotated right to face SOUTH
[14:36:04.483] Bot26 executed ROTATE_RIGHT
[14:36:04.483] Bot26 moved forward to (1,1)
[14:36:04.483] Bot26 executed MOVE_FORWARD
[14:36:04.483] Starting turn for Bot17
[14:36:04.483] Bot17 rotated right to face NORTH
[14:36:04.483] Bot17 executed ROTATE_RIGHT
[14:36:04.483] Bot17 moved forward to (8,8)
[14:36:04.483] Bot17 executed MOVE_FORWARD
[14:36:04.483] Starting turn for Bot26
[14:36:04.483] Bot26 rotated left to face EAST
[14:36:04.483] Bot26 executed ROTATE_LEFT
[14:36:04.483] Bot26 moved forward to (1,2)
[14:36:04.483] Bot26 executed MOVE_FORWARD
[14:36:04.483] Starting turn for Bot17
[14:36:04.483] Bot17 rotated left to face WEST
[14:36:04.483] Bot17 executed ROTATE_LEFT
[14:36:04.483] Bot17 moved forward to (8,7)
[14:36:04.483] Bot17 executed MOVE_FORWARD
[14:36:04.483] Starting turn for Bot26
[14:36:04.483] Bot26 rotated right to face SOUTH
[14:36:04.483] Bot26 executed ROTATE_RIGHT
[14:36:04.483] Bot26 moved forward to (2,2)
[14:36:04.483] Bot26 executed MOVE_FORWARD
[14:36:04.483] Starting turn for Bot17
[14:36:04.483] Bot17 rotated right to face NORTH
[14:36:04.483] Bot17 executed ROTATE_RIGHT
[14:36:04.483] Bot17 moved forward to (7,7)
[14:36:04.483] Bot17 executed MOVE_FORWARD
[14:36:04.483] Starting turn for Bot26
[14:36:04.483] Bot26 rotated left to face EAST
[14:36:04.483] Bot26 executed ROTATE_LEFT
[14:36:04.483] Starting turn for Bot17
[14:36:04.483] Bot17 rotated left to face WEST
[14:36:04.483] Bot17 executed ROTATE_LEFT
[14:36:04.483] Bot17 moved forward to (7,6)
[14:36:04.483] Bot17 executed MOVE_FORWARD
[14:36:04.483] Starting turn for Bot26
[14:36:04.483] Starting turn for Bot17
[14:36:04.483] Bot17 rotated right to face NORTH
[14:36:04.483] Bot17 executed ROTATE_RIGHT
[14:36:04.483] Bot17 moved forward to (6,6)
[14:36:04.483] Bot17 executed MOVE_FORWARD
[14:36:04.483] Starting turn for Bot26
[14:36:04.483] Bot26 rotated left to face NORTH
[14:36:04.483] Bot26 executed ROTATE_LEFT
[14:36:04.483] Bot26 moved forward to (1,2)
[14:36:04.483] Bot26 executed MOVE_FORWARD
[14:36:04.483] Starting turn for Bot17
[14:36:04.483] Bot17 rotated left to face WEST
[14:36:04.483] Bot17 executed ROTATE_LEFT
[14:36:04.483] Bot17 moved forward to (6,5)
[14:36:04.483] Bot17 executed MOVE_FORWARD
[14:36:04.483] Starting turn for Bot26
[14:36:04.483] Bot26 rotated left to face WEST
[14:36:04.483] Bot26 executed ROTATE_LEFT
[14:36:04.483] Bot26 rotated left to face SOUTH
[14:36:04.483] Bot26 executed ROTATE_LEFT
[14:36:04.483] Bot26 moved forward to (2,2)
[14:36:04.483] Bot26 executed MOVE_FORWARD
[14:36:04.483] Starting turn for Bot17
[14:36:04.483] Bot17 rotated right to face NORTH
[14:36:04.483] Bot17 executed ROTATE_RIGHT
[14:36:04.483] Bot17 moved forward to (5,5)
[14:36:04.483] Bot17 executed MOVE_FORWARD
[14:36:04.483] Starting turn for Bot26
[14:36:04.483] Bot26 rotated left to face EAST
[14:36:04.483] Bot26 executed ROTATE_LEFT
[14:36:04.483] Starting turn for Bot17
[14:36:04.483] Starting turn for Bot26
[14:36:04.483] Starting turn for Bot17
[14:36:04.483] Starting turn for Bot26
[14:36:04.483] Bot26 rotated left to face NORTH
[14:36:04.483] Bot26 executed ROTATE_LEFT
[14:36:04.483] Bot26 moved forward to (1,2)
[14:36:04.483] Bot26 executed MOVE_FORWARD
[14:36:04.483] Starting turn for Bot17
[14:36:04.483] Starting turn for Bot26
[14:36:04.483] Bot26 rotated left to face WEST
[14:36:04.483] Bot26 executed ROTATE_LEFT
[14:36:04.483] Bot26 rotated left to face SOUTH
[14:36:04.483] Bot26 executed ROTATE_LEFT
[14:36:04.483] Bot26 moved forward to (2,2)
[14:36:04.483] Bot26 executed MOVE_FORWARD
[14:36:04.483] Starting turn for Bot17
[14:36:04.483] Starting turn for Bot26
[14:36:04.483] Bot26 rotated left to face EAST
[14:36:04.483] Bot26 executed ROTATE_LEFT
[14:36:04.483] Starting turn for Bot17
[14:36:04.483] Starting turn for Bot26
[14:36:04.483] Starting turn for Bot17
[14:36:04.483] Starting turn for Bot26
[14:36:04.483] Bot26 rotated left to face NORTH
[14:36:04.483] Bot26 executed ROTATE_LEFT
[14:36:04.483] Bot26 moved forward to (1,2)
[14:36:04.483] Bot26 executed MOVE_FORWARD
[14:36:04.483] Starting turn for Bot17
[14:36:04.483] Starting turn for Bot26
[14:36:04.483] Bot26 rotated left to face WEST
[14:36:04.483] Bot26 executed ROTATE_LEFT
[14:36:04.483] Bot26 rotated left to face SOUTH
[14:36:04.483] Bot26 executed ROTATE_LEFT
[14:36:04.483] Bot26 moved forward to (2,2)
[14:36:04.483] Bot26 executed MOVE_FORWARD
[14:36:04.483] Starting turn for Bot17
[14:36:04.483] Starting turn for Bot26
[14:36:04.483] Bot26 rotated left to face EAST
[14:36:04.483] Bot26 executed ROTATE_LEFT
[14:36:04.483] Starting turn for Bot17
[14:36:04.483] Starting turn for Bot26
[14:36:04.483] Starting turn for Bot17
[14:36:04.483] Starting turn for Bot26
[14:36:04.483] Bot26 rotated left to face NORTH
[14:36:04.483] Bot26 executed ROTATE_LEFT
[14:36:04.483] Bot26 moved forward to (1,2)
[14:36:04.483] Bot26 executed MOVE_FORWARD
[14:36:04.483] Starting turn for Bot17
[14:36:04.483] Starting turn for Bot26
[14:36:04.483] Bot26 rotated left to face WEST
[14:36:04.483] Bot26 executed ROTATE_LEFT
[14:36:04.483] Bot26 rotated left to face SOUTH
[14:36:04.483] Bot26 executed ROTATE_LEFT
[14:36:04.483] Bot26 moved forward to (2,2)
[14:36:04.483] Bot26 executed MOVE_FORWARD
[14:36:04.483] Starting turn for Bot17
[14:36:04.483] Starting turn for Bot26
[14:36:04.483] Bot26 rotated left to face EAST
[14:36:04.483] Bot26 executed ROTATE_LEFT
[14:36:04.483] Starting turn for Bot17
[14:36:04.483] Stalemate detected: State repeated 10 times, unchanged for 1 turns
[14:36:04.483] Game Over! Stalemate detected!
[14:36:04.483] Stalemate detected: State repeated 10 times, unchanged for 1 turns
