[14:35:49.360] === Game Started at 2025-02-04_14-35-49 ===
[14:35:49.360] Game initialized with 2 players
[14:35:49.360] Board size: 10
[14:35:49.360] Obstacle density: 0.05
[14:35:49.360] Max turns: 1000
[14:35:49.360] Player Bot6 starting at position (0,0) facing EAST
[14:35:49.360] Player Bot12 starting at position (9,9) facing NORTH
[14:35:49.360] Obstacles at positions: (2,1) (3,5) (4,1) (4,5) (6,2)
[14:35:49.360] Starting turn for Bot6
[14:35:49.360] Bot6 moved forward to (0,1)
[14:35:49.360] Bot6 executed MOVE_FORWARD
[14:35:49.360] Starting turn for Bot12
[14:35:49.360] Bot12 rotated left to face WEST
[14:35:49.360] Bot12 executed ROTATE_LEFT
[14:35:49.360] Bot12 moved forward to (9,8)
[14:35:49.360] Bot12 executed MOVE_FORWARD
[14:35:49.360] Starting turn for Bot6
[14:35:49.360] Bot6 rotated right to face SOUTH
[14:35:49.360] Bot6 executed ROTATE_RIGHT
[14:35:49.360] Bot6 moved forward to (1,1)
[14:35:49.360] Bot6 executed MOVE_FORWARD
[14:35:49.360] Starting turn for Bot12
[14:35:49.360] Bot12 rotated right to face NORTH
[14:35:49.360] Bot12 executed ROTATE_RIGHT
[14:35:49.360] Bot12 moved forward to (8,8)
[14:35:49.360] Bot12 executed MOVE_FORWARD
[14:35:49.360] Starting turn for Bot6
[14:35:49.360] Bot6 rotated left to face EAST
[14:35:49.360] Bot6 executed ROTATE_LEFT
[14:35:49.360] Bot6 moved forward to (1,2)
[14:35:49.360] Bot6 executed MOVE_FORWARD
[14:35:49.360] Starting turn for Bot12
[14:35:49.360] Bot12 rotated left to face WEST
[14:35:49.360] Bot12 executed ROTATE_LEFT
[14:35:49.360] Bot12 moved forward to (8,7)
[14:35:49.360] Bot12 executed MOVE_FORWARD
[14:35:49.360] Starting turn for Bot6
[14:35:49.360] Bot6 rotated right to face SOUTH
[14:35:49.360] Bot6 executed ROTATE_RIGHT
[14:35:49.360] Bot6 moved forward to (2,2)
[14:35:49.360] Bot6 executed MOVE_FORWARD
[14:35:49.360] Starting turn for Bot12
[14:35:49.360] Bot12 rotated right to face NORTH
[14:35:49.360] Bot12 executed ROTATE_RIGHT
[14:35:49.360] Bot12 moved forward to (7,7)
[14:35:49.360] Bot12 executed MOVE_FORWARD
[14:35:49.360] Starting turn for Bot6
[14:35:49.360] Bot6 rotated left to face EAST
[14:35:49.360] Bot6 executed ROTATE_LEFT
[14:35:49.360] Bot6 moved forward to (2,3)
[14:35:49.360] Bot6 executed MOVE_FORWARD
[14:35:49.360] Starting turn for Bot12
[14:35:49.360] Bot12 rotated left to face WEST
[14:35:49.360] Bot12 executed ROTATE_LEFT
[14:35:49.360] Bot12 moved forward to (7,6)
[14:35:49.360] Bot12 executed MOVE_FORWARD
[14:35:49.360] Starting turn for Bot6
[14:35:49.360] Bot6 rotated right to face SOUTH
[14:35:49.360] Bot6 executed ROTATE_RIGHT
[14:35:49.360] Bot6 moved forward to (3,3)
[14:35:49.360] Bot6 executed MOVE_FORWARD
[14:35:49.360] Starting turn for Bot12
[14:35:49.360] Bot12 rotated right to face NORTH
[14:35:49.360] Bot12 executed ROTATE_RIGHT
[14:35:49.360] Bot12 moved forward to (6,6)
[14:35:49.360] Bot12 executed MOVE_FORWARD
[14:35:49.360] Starting turn for Bot6
[14:35:49.360] Bot6 rotated left to face EAST
[14:35:49.360] Bot6 executed ROTATE_LEFT
[14:35:49.360] Bot6 moved forward to (3,4)
[14:35:49.360] Bot6 executed MOVE_FORWARD
[14:35:49.360] Starting turn for Bot12
[14:35:49.360] Bot12 rotated left to face WEST
[14:35:49.360] Bot12 executed ROTATE_LEFT
[14:35:49.360] Bot12 moved forward to (6,5)
[14:35:49.360] Bot12 executed MOVE_FORWARD
[14:35:49.360] Starting turn for Bot6
[14:35:49.360] Bot6 rotated right to face SOUTH
[14:35:49.360] Bot6 executed ROTATE_RIGHT
[14:35:49.360] Bot6 moved forward to (4,4)
[14:35:49.360] Bot6 executed MOVE_FORWARD
[14:35:49.361] Starting turn for Bot12
[14:35:49.361] Bot12 rotated right to face NORTH
[14:35:49.361] Bot12 executed ROTATE_RIGHT
[14:35:49.361] Bot12 moved forward to (5,5)
[14:35:49.361] Bot12 executed MOVE_FORWARD
[14:35:49.361] Starting turn for Bot6
[14:35:49.361] Bot6 rotated left to face EAST
[14:35:49.361] Bot6 executed ROTATE_LEFT
[14:35:49.361] Starting turn for Bot12
[14:35:49.361] Starting turn for Bot6
[14:35:49.361] Starting turn for Bot12
[14:35:49.361] Starting turn for Bot6
[14:35:49.361] Bot6 rotated left to face NORTH
[14:35:49.361] Bot6 executed ROTATE_LEFT
[14:35:49.361] Bot6 moved forward to (3,4)
[14:35:49.361] Bot6 executed MOVE_FORWARD
[14:35:49.361] Starting turn for Bot12
[14:35:49.361] Starting turn for Bot6
[14:35:49.361] Bot6 rotated left to face WEST
[14:35:49.361] Bot6 executed ROTATE_LEFT
[14:35:49.361] Bot6 rotated left to face SOUTH
[14:35:49.361] Bot6 executed ROTATE_LEFT
[14:35:49.361] Bot6 moved forward to (4,4)
[14:35:49.361] Bot6 executed MOVE_FORWARD
[14:35:49.361] Starting turn for Bot12
[14:35:49.361] Starting turn for Bot6
[14:35:49.361] Bot6 rotated left to face EAST
[14:35:49.361] Bot6 executed ROTATE_LEFT
[14:35:49.361] Starting turn for Bot12
[14:35:49.361] Starting turn for Bot6
[14:35:49.361] Starting turn for Bot12
[14:35:49.361] Starting turn for Bot6
[14:35:49.361] Bot6 rotated left to face NORTH
[14:35:49.361] Bot6 executed ROTATE_LEFT
[14:35:49.361] Bot6 moved forward to (3,4)
[14:35:49.361] Bot6 executed MOVE_FORWARD
[14:35:49.361] Starting turn for Bot12
[14:35:49.361] Starting turn for Bot6
[14:35:49.361] Bot6 rotated left to face WEST
[14:35:49.361] Bot6 executed ROTATE_LEFT
[14:35:49.361] Bot6 rotated left to face SOUTH
[14:35:49.361] Bot6 executed ROTATE_LEFT
[14:35:49.361] Bot6 moved forward to (4,4)
[14:35:49.361] Bot6 executed MOVE_FORWARD
[14:35:49.361] Starting turn for Bot12
[14:35:49.361] Starting turn for Bot6
[14:35:49.361] Bot6 rotated left to face EAST
[14:35:49.361] Bot6 executed ROTATE_LEFT
[14:35:49.361] Starting turn for Bot12
[14:35:49.361] Starting turn for Bot6
[14:35:49.361] Starting turn for Bot12
[14:35:49.361] Starting turn for Bot6
[14:35:49.361] Bot6 rotated left to face NORTH
[14:35:49.361] Bot6 executed ROTATE_LEFT
[14:35:49.361] Bot6 moved forward to (3,4)
[14:35:49.361] Bot6 executed MOVE_FORWARD
[14:35:49.361] Starting turn for Bot12
[14:35:49.361] Starting turn for Bot6
[14:35:49.361] Bot6 rotated left to face WEST
[14:35:49.361] Bot6 executed ROTATE_LEFT
[14:35:49.361] Bot6 rotated left to face SOUTH
[14:35:49.361] Bot6 executed ROTATE_LEFT
[14:35:49.361] Bot6 moved forward to (4,4)
[14:35:49.361] Bot6 executed MOVE_FORWARD
[14:35:49.361] Starting turn for Bot12
[14:35:49.361] Starting turn for Bot6
[14:35:49.361] Bot6 rotated left to face EAST
[14:35:49.361] Bot6 executed ROTATE_LEFT
[14:35:49.361] Starting turn for Bot12
[14:35:49.361] Stalemate detected: State repeated 10 times, unchanged for 1 turns
[14:35:49.361] Game Over! Stalemate detected!
[14:35:49.361] Stalemate detected: State repeated 10 times, unchanged for 1 turns
