[14:36:14.450] === Game Started at 2025-02-04_14-36-14 ===
[14:36:14.450] Game initialized with 2 players
[14:36:14.450] Board size: 10
[14:36:14.450] Obstacle density: 0.05
[14:36:14.450] Max turns: 1000
[14:36:14.450] Player Bot31 starting at position (0,0) facing EAST
[14:36:14.450] Player Bot33 starting at position (9,9) facing NORTH
[14:36:14.450] Obstacles at positions: (0,6) (1,1) (2,2) (4,9) (6,5)
[14:36:14.450] Starting turn for Bot31
[14:36:14.450] Bot31 moved forward to (0,1)
[14:36:14.450] Bot31 executed MOVE_FORWARD
[14:36:14.450] Starting turn for Bot33
[14:36:14.450] Bot33 rotated left to face WEST
[14:36:14.450] Bot33 executed ROTATE_LEFT
[14:36:14.450] Bot33 moved forward to (9,8)
[14:36:14.450] Bot33 executed MOVE_FORWARD
[14:36:14.450] Starting turn for Bot31
[14:36:14.450] Bot31 rotated right to face SOUTH
[14:36:14.450] Bot31 executed ROTATE_RIGHT
[14:36:14.450] Starting turn for Bot33
[14:36:14.450] Bot33 rotated right to face NORTH
[14:36:14.450] Bot33 executed ROTATE_RIGHT
[14:36:14.450] Bot33 moved forward to (8,8)
[14:36:14.450] Bot33 executed MOVE_FORWARD
[14:36:14.450] Starting turn for Bot31
[14:36:14.450] Starting turn for Bot33
[14:36:14.450] Bot33 rotated left to face WEST
[14:36:14.450] Bot33 executed ROTATE_LEFT
[14:36:14.450] Bot33 moved forward to (8,7)
[14:36:14.450] Bot33 executed MOVE_FORWARD
[14:36:14.450] Starting turn for Bot31
[14:36:14.450] Bot31 rotated left to face EAST
[14:36:14.450] Bot31 executed ROTATE_LEFT
[14:36:14.450] Bot31 moved forward to (0,2)
[14:36:14.450] Bot31 executed MOVE_FORWARD
[14:36:14.450] Starting turn for Bot33
[14:36:14.450] Bot33 rotated right to face NORTH
[14:36:14.450] Bot33 executed ROTATE_RIGHT
[14:36:14.450] Bot33 moved forward to (7,7)
[14:36:14.450] Bot33 executed MOVE_FORWARD
[14:36:14.450] Starting turn for Bot31
[14:36:14.450] Bot31 rotated right to face SOUTH
[14:36:14.450] Bot31 executed ROTATE_RIGHT
[14:36:14.450] Bot31 moved forward to (1,2)
[14:36:14.450] Bot31 executed MOVE_FORWARD
[14:36:14.450] Starting turn for Bot33
[14:36:14.450] Bot33 rotated left to face WEST
[14:36:14.450] Bot33 executed ROTATE_LEFT
[14:36:14.450] Bot33 moved forward to (7,6)
[14:36:14.450] Bot33 executed MOVE_FORWARD
[14:36:14.450] Starting turn for Bot31
[14:36:14.450] Starting turn for Bot33
[14:36:14.450] Bot33 rotated right to face NORTH
[14:36:14.450] Bot33 executed ROTATE_RIGHT
[14:36:14.450] Bot33 moved forward to (6,6)
[14:36:14.450] Bot33 executed MOVE_FORWARD
[14:36:14.450] Starting turn for Bot31
[14:36:14.450] Starting turn for Bot33
[14:36:14.450] Bot33 rotated left to face WEST
[14:36:14.450] Bot33 executed ROTATE_LEFT
[14:36:14.450] Starting turn for Bot31
[14:36:14.450] Bot31 rotated left to face EAST
[14:36:14.450] Bot31 executed ROTATE_LEFT
[14:36:14.450] Bot31 rotated left to face NORTH
[14:36:14.450] Bot31 executed ROTATE_LEFT
[14:36:14.450] Bot31 moved forward to (0,2)
[14:36:14.450] Bot31 executed MOVE_FORWARD
[14:36:14.450] Starting turn for Bot33
[14:36:14.450] Starting turn for Bot31
[14:36:14.450] Bot31 rotated left to face WEST
[14:36:14.450] Bot31 executed ROTATE_LEFT
[14:36:14.450] Bot31 rotated left to face SOUTH
[14:36:14.450] Bot31 executed ROTATE_LEFT
[14:36:14.450] Bot31 moved forward to (1,2)
[14:36:14.450] Bot31 executed MOVE_FORWARD
[14:36:14.450] Starting turn for Bot33
[14:36:14.450] Bot33 rotated right to face NORTH
[14:36:14.450] Bot33 executed ROTATE_RIGHT
[14:36:14.450] Bot33 moved forward to (5,6)
[14:36:14.450] Bot33 executed MOVE_FORWARD
[14:36:14.450] Starting turn for Bot31
[14:36:14.450] Starting turn for Bot33
[14:36:14.450] Bot33 rotated left to face WEST
[14:36:14.450] Bot33 executed ROTATE_LEFT
[14:36:14.450] Bot33 moved forward to (5,5)
[14:36:14.450] Bot33 executed MOVE_FORWARD
[14:36:14.450] Starting turn for Bot31
[14:36:14.450] Starting turn for Bot33
[14:36:14.450] Starting turn for Bot31
[14:36:14.450] Bot31 rotated left to face EAST
[14:36:14.450] Bot31 executed ROTATE_LEFT
[14:36:14.450] Bot31 rotated left to face NORTH
[14:36:14.450] Bot31 executed ROTATE_LEFT
[14:36:14.450] Bot31 moved forward to (0,2)
[14:36:14.450] Bot31 executed MOVE_FORWARD
[14:36:14.450] Starting turn for Bot33
[14:36:14.450] Starting turn for Bot31
[14:36:14.450] Bot31 rotated left to face WEST
[14:36:14.450] Bot31 executed ROTATE_LEFT
[14:36:14.450] Bot31 rotated left to face SOUTH
[14:36:14.450] Bot31 executed ROTATE_LEFT
[14:36:14.450] Bot31 moved forward to (1,2)
[14:36:14.450] Bot31 executed MOVE_FORWARD
[14:36:14.450] Starting turn for Bot33
[14:36:14.450] Starting turn for Bot31
[14:36:14.450] Starting turn for Bot33
[14:36:14.450] Starting turn for Bot31
[14:36:14.450] Starting turn for Bot33
[14:36:14.450] Starting turn for Bot31
[14:36:14.450] Bot31 rotated left to face EAST
[14:36:14.450] Bot31 executed ROTATE_LEFT
[14:36:14.450] Bot31 rotated left to face NORTH
[14:36:14.450] Bot31 executed ROTATE_LEFT
[14:36:14.450] Bot31 moved forward to (0,2)
[14:36:14.450] Bot31 executed MOVE_FORWARD
[14:36:14.450] Starting turn for Bot33
[14:36:14.450] Starting turn for Bot31
[14:36:14.450] Bot31 rotated left to face WEST
[14:36:14.450] Bot31 executed ROTATE_LEFT
[14:36:14.450] Bot31 rotated left to face SOUTH
[14:36:14.450] Bot31 executed ROTATE_LEFT
[14:36:14.450] Bot31 moved forward to (1,2)
[14:36:14.450] Bot31 executed MOVE_FORWARD
[14:36:14.450] Starting turn for Bot33
[14:36:14.450] Starting turn for Bot31
[14:36:14.450] Starting turn for Bot33
[14:36:14.450] Starting turn for Bot31
[14:36:14.450] Starting turn for Bot33
[14:36:14.450] Starting turn for Bot31
[14:36:14.450] Bot31 rotated left to face EAST
[14:36:14.450] Bot31 executed ROTATE_LEFT
[14:36:14.450] Bot31 rotated left to face NORTH
[14:36:14.450] Bot31 executed ROTATE_LEFT
[14:36:14.450] Bot31 moved forward to (0,2)
[14:36:14.450] Bot31 executed MOVE_FORWARD
[14:36:14.451] Starting turn for Bot33
[14:36:14.451] Starting turn for Bot31
[14:36:14.451] Bot31 rotated left to face WEST
[14:36:14.451] Bot31 executed ROTATE_LEFT
[14:36:14.451] Bot31 rotated left to face SOUTH
[14:36:14.451] Bot31 executed ROTATE_LEFT
[14:36:14.451] Bot31 moved forward to (1,2)
[14:36:14.451] Bot31 executed MOVE_FORWARD
[14:36:14.451] Starting turn for Bot33
[14:36:14.451] Stalemate detected: State repeated 10 times, unchanged for 3 turns
[14:36:14.451] Game Over! Stalemate detected!
[14:36:14.451] Stalemate detected: State repeated 10 times, unchanged for 3 turns
