[14:35:48.497] === Game Started at 2025-02-04_14-35-48 ===
[14:35:48.497] Game initialized with 2 players
[14:35:48.497] Board size: 10
[14:35:48.497] Obstacle density: 0.05
[14:35:48.497] Max turns: 1000
[14:35:48.497] Player Bot5 starting at position (0,0) facing SOUTH
[14:35:48.497] Player Bot30 starting at position (9,9) facing WEST
[14:35:48.497] Obstacles at positions: (2,2) (3,8) (4,0) (4,5) (5,5)
[14:35:48.497] Starting turn for Bot5
[14:35:48.497] Bot5 rotated left to face EAST
[14:35:48.497] Bot5 executed ROTATE_LEFT
[14:35:48.497] Bot5 moved forward to (0,1)
[14:35:48.497] Bot5 executed MOVE_FORWARD
[14:35:48.498] Starting turn for Bot30
[14:35:48.498] Bot30 moved forward to (9,8)
[14:35:48.498] Bot30 executed MOVE_FORWARD
[14:35:48.498] Starting turn for Bot5
[14:35:48.498] Bot5 rotated right to face SOUTH
[14:35:48.498] Bot5 executed ROTATE_RIGHT
[14:35:48.498] Bot5 moved forward to (1,1)
[14:35:48.498] Bot5 executed MOVE_FORWARD
[14:35:48.498] Starting turn for Bot30
[14:35:48.498] Bot30 rotated right to face NORTH
[14:35:48.498] Bot30 executed ROTATE_RIGHT
[14:35:48.498] Bot30 moved forward to (8,8)
[14:35:48.498] Bot30 executed MOVE_FORWARD
[14:35:48.498] Starting turn for Bot5
[14:35:48.498] Bot5 rotated left to face EAST
[14:35:48.498] Bot5 executed ROTATE_LEFT
[14:35:48.498] Bot5 moved forward to (1,2)
[14:35:48.498] Bot5 executed MOVE_FORWARD
[14:35:48.498] Starting turn for Bot30
[14:35:48.498] Bot30 rotated left to face WEST
[14:35:48.498] Bot30 executed ROTATE_LEFT
[14:35:48.498] Bot30 moved forward to (8,7)
[14:35:48.498] Bot30 executed MOVE_FORWARD
[14:35:48.498] Starting turn for Bot5
[14:35:48.498] Bot5 rotated right to face SOUTH
[14:35:48.498] Bot5 executed ROTATE_RIGHT
[14:35:48.498] Starting turn for Bot30
[14:35:48.498] Bot30 rotated right to face NORTH
[14:35:48.498] Bot30 executed ROTATE_RIGHT
[14:35:48.498] Bot30 moved forward to (7,7)
[14:35:48.498] Bot30 executed MOVE_FORWARD
[14:35:48.498] Starting turn for Bot5
[14:35:48.498] Starting turn for Bot30
[14:35:48.498] Bot30 rotated left to face WEST
[14:35:48.498] Bot30 executed ROTATE_LEFT
[14:35:48.498] Bot30 moved forward to (7,6)
[14:35:48.498] Bot30 executed MOVE_FORWARD
[14:35:48.498] Starting turn for Bot5
[14:35:48.498] Bot5 rotated left to face EAST
[14:35:48.498] Bot5 executed ROTATE_LEFT
[14:35:48.498] Bot5 rotated left to face NORTH
[14:35:48.498] Bot5 executed ROTATE_LEFT
[14:35:48.498] Bot5 moved forward to (0,2)
[14:35:48.498] Bot5 executed MOVE_FORWARD
[14:35:48.498] Starting turn for Bot30
[14:35:48.498] Bot30 rotated right to face NORTH
[14:35:48.498] Bot30 executed ROTATE_RIGHT
[14:35:48.498] Bot30 moved forward to (6,6)
[14:35:48.498] Bot30 executed MOVE_FORWARD
[14:35:48.498] Starting turn for Bot5
[14:35:48.498] Bot5 rotated left to face WEST
[14:35:48.498] Bot5 executed ROTATE_LEFT
[14:35:48.498] Bot5 rotated left to face SOUTH
[14:35:48.498] Bot5 executed ROTATE_LEFT
[14:35:48.498] Bot5 moved forward to (1,2)
[14:35:48.498] Bot5 executed MOVE_FORWARD
[14:35:48.498] Starting turn for Bot30
[14:35:48.498] Bot30 rotated left to face WEST
[14:35:48.498] Bot30 executed ROTATE_LEFT
[14:35:48.498] Bot30 moved forward to (6,5)
[14:35:48.498] Bot30 executed MOVE_FORWARD
[14:35:48.498] Starting turn for Bot5
[14:35:48.498] Starting turn for Bot30
[14:35:48.498] Bot30 rotated right to face NORTH
[14:35:48.498] Bot30 executed ROTATE_RIGHT
[14:35:48.498] Starting turn for Bot5
[14:35:48.498] Starting turn for Bot30
[14:35:48.498] Starting turn for Bot5
[14:35:48.498] Bot5 rotated left to face EAST
[14:35:48.498] Bot5 executed ROTATE_LEFT
[14:35:48.498] Bot5 rotated left to face NORTH
[14:35:48.498] Bot5 executed ROTATE_LEFT
[14:35:48.498] Bot5 moved forward to (0,2)
[14:35:48.498] Bot5 executed MOVE_FORWARD
[14:35:48.498] Starting turn for Bot30
[14:35:48.498] Bot30 rotated right to face EAST
[14:35:48.498] Bot30 executed ROTATE_RIGHT
[14:35:48.498] Bot30 moved forward to (6,6)
[14:35:48.498] Bot30 executed MOVE_FORWARD
[14:35:48.498] Starting turn for Bot5
[14:35:48.498] Bot5 rotated left to face WEST
[14:35:48.498] Bot5 executed ROTATE_LEFT
[14:35:48.498] Bot5 rotated left to face SOUTH
[14:35:48.498] Bot5 executed ROTATE_LEFT
[14:35:48.498] Bot5 moved forward to (1,2)
[14:35:48.498] Bot5 executed MOVE_FORWARD
[14:35:48.498] Starting turn for Bot30
[14:35:48.498] Bot30 rotated left to face NORTH
[14:35:48.498] Bot30 executed ROTATE_LEFT
[14:35:48.498] Bot30 rotated left to face WEST
[14:35:48.498] Bot30 executed ROTATE_LEFT
[14:35:48.498] Bot30 moved forward to (6,5)
[14:35:48.498] Bot30 executed MOVE_FORWARD
[14:35:48.498] Starting turn for Bot5
[14:35:48.498] Starting turn for Bot30
[14:35:48.498] Bot30 rotated right to face NORTH
[14:35:48.498] Bot30 executed ROTATE_RIGHT
[14:35:48.498] Starting turn for Bot5
[14:35:48.498] Starting turn for Bot30
[14:35:48.498] Starting turn for Bot5
[14:35:48.498] Bot5 rotated left to face EAST
[14:35:48.498] Bot5 executed ROTATE_LEFT
[14:35:48.498] Bot5 rotated left to face NORTH
[14:35:48.498] Bot5 executed ROTATE_LEFT
[14:35:48.498] Bot5 moved forward to (0,2)
[14:35:48.498] Bot5 executed MOVE_FORWARD
[14:35:48.498] Starting turn for Bot30
[14:35:48.498] Bot30 rotated right to face EAST
[14:35:48.498] Bot30 executed ROTATE_RIGHT
[14:35:48.498] Bot30 moved forward to (6,6)
[14:35:48.498] Bot30 executed MOVE_FORWARD
[14:35:48.498] Starting turn for Bot5
[14:35:48.498] Bot5 rotated left to face WEST
[14:35:48.498] Bot5 executed ROTATE_LEFT
[14:35:48.498] Bot5 rotated left to face SOUTH
[14:35:48.498] Bot5 executed ROTATE_LEFT
[14:35:48.498] Bot5 moved forward to (1,2)
[14:35:48.498] Bot5 executed MOVE_FORWARD
[14:35:48.498] Starting turn for Bot30
[14:35:48.498] Bot30 rotated left to face NORTH
[14:35:48.498] Bot30 executed ROTATE_LEFT
[14:35:48.498] Bot30 rotated left to face WEST
[14:35:48.498] Bot30 executed ROTATE_LEFT
[14:35:48.498] Bot30 moved forward to (6,5)
[14:35:48.498] Bot30 executed MOVE_FORWARD
[14:35:48.498] Starting turn for Bot5
[14:35:48.498] Starting turn for Bot30
[14:35:48.498] Bot30 rotated right to face NORTH
[14:35:48.498] Bot30 executed ROTATE_RIGHT
[14:35:48.498] Starting turn for Bot5
[14:35:48.498] Starting turn for Bot30
[14:35:48.498] Starting turn for Bot5
[14:35:48.498] Bot5 rotated left to face EAST
[14:35:48.498] Bot5 executed ROTATE_LEFT
[14:35:48.498] Bot5 rotated left to face NORTH
[14:35:48.498] Bot5 executed ROTATE_LEFT
[14:35:48.498] Bot5 moved forward to (0,2)
[14:35:48.498] Bot5 executed MOVE_FORWARD
[14:35:48.498] Starting turn for Bot30
[14:35:48.498] Bot30 rotated right to face EAST
[14:35:48.498] Bot30 executed ROTATE_RIGHT
[14:35:48.498] Bot30 moved forward to (6,6)
[14:35:48.498] Bot30 executed MOVE_FORWARD
[14:35:48.498] Starting turn for Bot5
[14:35:48.498] Bot5 rotated left to face WEST
[14:35:48.498] Bot5 executed ROTATE_LEFT
[14:35:48.498] Bot5 rotated left to face SOUTH
[14:35:48.498] Bot5 executed ROTATE_LEFT
[14:35:48.498] Bot5 moved forward to (1,2)
[14:35:48.498] Bot5 executed MOVE_FORWARD
[14:35:48.498] Starting turn for Bot30
[14:35:48.498] Bot30 rotated left to face NORTH
[14:35:48.498] Bot30 executed ROTATE_LEFT
[14:35:48.498] Bot30 rotated left to face WEST
[14:35:48.498] Bot30 executed ROTATE_LEFT
[14:35:48.498] Bot30 moved forward to (6,5)
[14:35:48.498] Bot30 executed MOVE_FORWARD
[14:35:48.498] Starting turn for Bot5
[14:35:48.498] Starting turn for Bot30
[14:35:48.498] Bot30 rotated right to face NORTH
[14:35:48.498] Bot30 executed ROTATE_RIGHT
[14:35:48.498] Starting turn for Bot5
[14:35:48.498] Stalemate detected: State repeated 10 times, unchanged for 3 turns
[14:35:48.498] Game Over! Stalemate detected!
[14:35:48.498] Stalemate detected: State repeated 10 times, unchanged for 3 turns
