[14:35:55.896] === Game Started at 2025-02-04_14-35-55 ===
[14:35:55.896] Game initialized with 2 players
[14:35:55.896] Board size: 10
[14:35:55.896] Obstacle density: 0.05
[14:35:55.896] Max turns: 1000
[14:35:55.896] Player Bot13 starting at position (0,0) facing EAST
[14:35:55.896] Player Bot10 starting at position (9,9) facing NORTH
[14:35:55.896] Obstacles at positions: (2,0) (2,4) (2,6) (3,3) (8,3)
[14:35:55.896] Starting turn for Bot13
[14:35:55.896] Bot13 moved forward to (0,1)
[14:35:55.896] Bot13 executed MOVE_FORWARD
[14:35:55.896] Starting turn for Bot10
[14:35:55.896] Bot10 rotated left to face WEST
[14:35:55.896] Bot10 executed ROTATE_LEFT
[14:35:55.896] Bot10 moved forward to (9,8)
[14:35:55.896] Bot10 executed MOVE_FORWARD
[14:35:55.896] Starting turn for Bot13
[14:35:55.896] Bot13 rotated right to face SOUTH
[14:35:55.896] Bot13 executed ROTATE_RIGHT
[14:35:55.896] Bot13 moved forward to (1,1)
[14:35:55.896] Bot13 executed MOVE_FORWARD
[14:35:55.896] Starting turn for Bot10
[14:35:55.896] Bot10 rotated right to face NORTH
[14:35:55.896] Bot10 executed ROTATE_RIGHT
[14:35:55.896] Bot10 moved forward to (8,8)
[14:35:55.896] Bot10 executed MOVE_FORWARD
[14:35:55.896] Starting turn for Bot13
[14:35:55.896] Bot13 rotated left to face EAST
[14:35:55.896] Bot13 executed ROTATE_LEFT
[14:35:55.896] Bot13 moved forward to (1,2)
[14:35:55.896] Bot13 executed MOVE_FORWARD
[14:35:55.896] Starting turn for Bot10
[14:35:55.896] Bot10 rotated left to face WEST
[14:35:55.896] Bot10 executed ROTATE_LEFT
[14:35:55.896] Bot10 moved forward to (8,7)
[14:35:55.896] Bot10 executed MOVE_FORWARD
[14:35:55.896] Starting turn for Bot13
[14:35:55.896] Bot13 rotated right to face SOUTH
[14:35:55.896] Bot13 executed ROTATE_RIGHT
[14:35:55.896] Bot13 moved forward to (2,2)
[14:35:55.896] Bot13 executed MOVE_FORWARD
[14:35:55.896] Starting turn for Bot10
[14:35:55.896] Bot10 rotated right to face NORTH
[14:35:55.896] Bot10 executed ROTATE_RIGHT
[14:35:55.896] Bot10 moved forward to (7,7)
[14:35:55.896] Bot10 executed MOVE_FORWARD
[14:35:55.896] Starting turn for Bot13
[14:35:55.896] Bot13 rotated left to face EAST
[14:35:55.896] Bot13 executed ROTATE_LEFT
[14:35:55.896] Bot13 moved forward to (2,3)
[14:35:55.896] Bot13 executed MOVE_FORWARD
[14:35:55.896] Starting turn for Bot10
[14:35:55.896] Bot10 rotated left to face WEST
[14:35:55.896] Bot10 executed ROTATE_LEFT
[14:35:55.896] Bot10 moved forward to (7,6)
[14:35:55.896] Bot10 executed MOVE_FORWARD
[14:35:55.896] Starting turn for Bot13
[14:35:55.896] Bot13 rotated right to face SOUTH
[14:35:55.896] Bot13 executed ROTATE_RIGHT
[14:35:55.896] Starting turn for Bot10
[14:35:55.896] Bot10 rotated right to face NORTH
[14:35:55.896] Bot10 executed ROTATE_RIGHT
[14:35:55.896] Bot10 moved forward to (6,6)
[14:35:55.896] Bot10 executed MOVE_FORWARD
[14:35:55.896] Starting turn for Bot13
[14:35:55.896] Starting turn for Bot10
[14:35:55.896] Bot10 rotated left to face WEST
[14:35:55.896] Bot10 executed ROTATE_LEFT
[14:35:55.896] Bot10 moved forward to (6,5)
[14:35:55.896] Bot10 executed MOVE_FORWARD
[14:35:55.896] Starting turn for Bot13
[14:35:55.896] Bot13 rotated left to face EAST
[14:35:55.896] Bot13 executed ROTATE_LEFT
[14:35:55.896] Bot13 rotated left to face NORTH
[14:35:55.896] Bot13 executed ROTATE_LEFT
[14:35:55.896] Bot13 moved forward to (1,3)
[14:35:55.896] Bot13 executed MOVE_FORWARD
[14:35:55.896] Starting turn for Bot10
[14:35:55.896] Bot10 rotated right to face NORTH
[14:35:55.896] Bot10 executed ROTATE_RIGHT
[14:35:55.896] Bot10 moved forward to (5,5)
[14:35:55.896] Bot10 executed MOVE_FORWARD
[14:35:55.896] Starting turn for Bot13
[14:35:55.896] Bot13 rotated left to face WEST
[14:35:55.896] Bot13 executed ROTATE_LEFT
[14:35:55.896] Bot13 rotated left to face SOUTH
[14:35:55.896] Bot13 executed ROTATE_LEFT
[14:35:55.896] Bot13 moved forward to (2,3)
[14:35:55.896] Bot13 executed MOVE_FORWARD
[14:35:55.896] Starting turn for Bot10
[14:35:55.896] Starting turn for Bot13
[14:35:55.896] Starting turn for Bot10
[14:35:55.897] Starting turn for Bot13
[14:35:55.897] Starting turn for Bot10
[14:35:55.897] Starting turn for Bot13
[14:35:55.897] Bot13 rotated left to face EAST
[14:35:55.897] Bot13 executed ROTATE_LEFT
[14:35:55.897] Bot13 rotated left to face NORTH
[14:35:55.897] Bot13 executed ROTATE_LEFT
[14:35:55.897] Bot13 moved forward to (1,3)
[14:35:55.897] Bot13 executed MOVE_FORWARD
[14:35:55.897] Starting turn for Bot10
[14:35:55.897] Starting turn for Bot13
[14:35:55.897] Bot13 rotated left to face WEST
[14:35:55.897] Bot13 executed ROTATE_LEFT
[14:35:55.897] Bot13 rotated left to face SOUTH
[14:35:55.897] Bot13 executed ROTATE_LEFT
[14:35:55.897] Bot13 moved forward to (2,3)
[14:35:55.897] Bot13 executed MOVE_FORWARD
[14:35:55.897] Starting turn for Bot10
[14:35:55.897] Starting turn for Bot13
[14:35:55.897] Starting turn for Bot10
[14:35:55.897] Starting turn for Bot13
[14:35:55.897] Starting turn for Bot10
[14:35:55.897] Starting turn for Bot13
[14:35:55.897] Bot13 rotated left to face EAST
[14:35:55.897] Bot13 executed ROTATE_LEFT
[14:35:55.897] Bot13 rotated left to face NORTH
[14:35:55.897] Bot13 executed ROTATE_LEFT
[14:35:55.897] Bot13 moved forward to (1,3)
[14:35:55.897] Bot13 executed MOVE_FORWARD
[14:35:55.897] Starting turn for Bot10
[14:35:55.897] Starting turn for Bot13
[14:35:55.897] Bot13 rotated left to face WEST
[14:35:55.897] Bot13 executed ROTATE_LEFT
[14:35:55.897] Bot13 rotated left to face SOUTH
[14:35:55.897] Bot13 executed ROTATE_LEFT
[14:35:55.897] Bot13 moved forward to (2,3)
[14:35:55.897] Bot13 executed MOVE_FORWARD
[14:35:55.897] Starting turn for Bot10
[14:35:55.897] Starting turn for Bot13
[14:35:55.897] Starting turn for Bot10
[14:35:55.897] Starting turn for Bot13
[14:35:55.897] Starting turn for Bot10
[14:35:55.897] Starting turn for Bot13
[14:35:55.897] Bot13 rotated left to face EAST
[14:35:55.897] Bot13 executed ROTATE_LEFT
[14:35:55.897] Bot13 rotated left to face NORTH
[14:35:55.897] Bot13 executed ROTATE_LEFT
[14:35:55.897] Bot13 moved forward to (1,3)
[14:35:55.897] Bot13 executed MOVE_FORWARD
[14:35:55.897] Starting turn for Bot10
[14:35:55.897] Starting turn for Bot13
[14:35:55.897] Bot13 rotated left to face WEST
[14:35:55.897] Bot13 executed ROTATE_LEFT
[14:35:55.897] Bot13 rotated left to face SOUTH
[14:35:55.897] Bot13 executed ROTATE_LEFT
[14:35:55.897] Bot13 moved forward to (2,3)
[14:35:55.897] Bot13 executed MOVE_FORWARD
[14:35:55.897] Starting turn for Bot10
[14:35:55.897] Stalemate detected: State repeated 10 times, unchanged for 3 turns
[14:35:55.897] Game Over! Stalemate detected!
[14:35:55.897] Stalemate detected: State repeated 10 times, unchanged for 3 turns
