[14:35:53.791] === Game Started at 2025-02-04_14-35-53 ===
[14:35:53.791] Game initialized with 2 players
[14:35:53.791] Board size: 10
[14:35:53.791] Obstacle density: 0.05
[14:35:53.791] Max turns: 1000
[14:35:53.791] Player Bot8 starting at position (0,0) facing SOUTH
[14:35:53.791] Player Bot32 starting at position (9,9) facing NORTH
[14:35:53.791] Obstacles at positions: (1,7) (2,2) (3,4) (4,2) (5,1)
[14:35:53.791] Starting turn for Bot8
[14:35:53.791] Bot8 rotated left to face EAST
[14:35:53.791] Bot8 executed ROTATE_LEFT
[14:35:53.791] Bot8 moved forward to (0,1)
[14:35:53.791] Bot8 executed MOVE_FORWARD
[14:35:53.791] Starting turn for Bot32
[14:35:53.791] Bot32 rotated left to face WEST
[14:35:53.791] Bot32 executed ROTATE_LEFT
[14:35:53.791] Bot32 moved forward to (9,8)
[14:35:53.791] Bot32 executed MOVE_FORWARD
[14:35:53.791] Starting turn for Bot8
[14:35:53.791] Bot8 rotated right to face SOUTH
[14:35:53.791] Bot8 executed ROTATE_RIGHT
[14:35:53.791] Bot8 moved forward to (1,1)
[14:35:53.791] Bot8 executed MOVE_FORWARD
[14:35:53.791] Starting turn for Bot32
[14:35:53.791] Bot32 rotated right to face NORTH
[14:35:53.791] Bot32 executed ROTATE_RIGHT
[14:35:53.791] Bot32 moved forward to (8,8)
[14:35:53.791] Bot32 executed MOVE_FORWARD
[14:35:53.791] Starting turn for Bot8
[14:35:53.791] Bot8 rotated left to face EAST
[14:35:53.791] Bot8 executed ROTATE_LEFT
[14:35:53.791] Bot8 moved forward to (1,2)
[14:35:53.791] Bot8 executed MOVE_FORWARD
[14:35:53.791] Starting turn for Bot32
[14:35:53.791] Bot32 rotated left to face WEST
[14:35:53.791] Bot32 executed ROTATE_LEFT
[14:35:53.791] Bot32 moved forward to (8,7)
[14:35:53.791] Bot32 executed MOVE_FORWARD
[14:35:53.791] Starting turn for Bot8
[14:35:53.791] Bot8 rotated right to face SOUTH
[14:35:53.791] Bot8 executed ROTATE_RIGHT
[14:35:53.791] Starting turn for Bot32
[14:35:53.791] Bot32 rotated right to face NORTH
[14:35:53.791] Bot32 executed ROTATE_RIGHT
[14:35:53.791] Bot32 moved forward to (7,7)
[14:35:53.791] Bot32 executed MOVE_FORWARD
[14:35:53.791] Starting turn for Bot8
[14:35:53.791] Starting turn for Bot32
[14:35:53.791] Bot32 rotated left to face WEST
[14:35:53.791] Bot32 executed ROTATE_LEFT
[14:35:53.791] Bot32 moved forward to (7,6)
[14:35:53.791] Bot32 executed MOVE_FORWARD
[14:35:53.791] Starting turn for Bot8
[14:35:53.791] Bot8 rotated left to face EAST
[14:35:53.791] Bot8 executed ROTATE_LEFT
[14:35:53.791] Bot8 rotated left to face NORTH
[14:35:53.791] Bot8 executed ROTATE_LEFT
[14:35:53.791] Bot8 moved forward to (0,2)
[14:35:53.791] Bot8 executed MOVE_FORWARD
[14:35:53.791] Starting turn for Bot32
[14:35:53.791] Bot32 rotated right to face NORTH
[14:35:53.791] Bot32 executed ROTATE_RIGHT
[14:35:53.791] Bot32 moved forward to (6,6)
[14:35:53.791] Bot32 executed MOVE_FORWARD
[14:35:53.791] Starting turn for Bot8
[14:35:53.791] Bot8 rotated left to face WEST
[14:35:53.791] Bot8 executed ROTATE_LEFT
[14:35:53.791] Bot8 rotated left to face SOUTH
[14:35:53.791] Bot8 executed ROTATE_LEFT
[14:35:53.791] Bot8 moved forward to (1,2)
[14:35:53.791] Bot8 executed MOVE_FORWARD
[14:35:53.791] Starting turn for Bot32
[14:35:53.791] Bot32 rotated left to face WEST
[14:35:53.791] Bot32 executed ROTATE_LEFT
[14:35:53.791] Bot32 moved forward to (6,5)
[14:35:53.791] Bot32 executed MOVE_FORWARD
[14:35:53.791] Starting turn for Bot8
[14:35:53.791] Starting turn for Bot32
[14:35:53.791] Bot32 rotated right to face NORTH
[14:35:53.791] Bot32 executed ROTATE_RIGHT
[14:35:53.791] Bot32 moved forward to (5,5)
[14:35:53.791] Bot32 executed MOVE_FORWARD
[14:35:53.791] Starting turn for Bot8
[14:35:53.791] Starting turn for Bot32
[14:35:53.791] Starting turn for Bot8
[14:35:53.791] Bot8 rotated left to face EAST
[14:35:53.791] Bot8 executed ROTATE_LEFT
[14:35:53.791] Bot8 rotated left to face NORTH
[14:35:53.791] Bot8 executed ROTATE_LEFT
[14:35:53.791] Bot8 moved forward to (0,2)
[14:35:53.791] Bot8 executed MOVE_FORWARD
[14:35:53.791] Starting turn for Bot32
[14:35:53.791] Starting turn for Bot8
[14:35:53.791] Bot8 rotated left to face WEST
[14:35:53.791] Bot8 executed ROTATE_LEFT
[14:35:53.791] Bot8 rotated left to face SOUTH
[14:35:53.791] Bot8 executed ROTATE_LEFT
[14:35:53.791] Bot8 moved forward to (1,2)
[14:35:53.791] Bot8 executed MOVE_FORWARD
[14:35:53.791] Starting turn for Bot32
[14:35:53.791] Starting turn for Bot8
[14:35:53.791] Starting turn for Bot32
[14:35:53.791] Starting turn for Bot8
[14:35:53.791] Starting turn for Bot32
[14:35:53.791] Starting turn for Bot8
[14:35:53.791] Bot8 rotated left to face EAST
[14:35:53.791] Bot8 executed ROTATE_LEFT
[14:35:53.791] Bot8 rotated left to face NORTH
[14:35:53.791] Bot8 executed ROTATE_LEFT
[14:35:53.791] Bot8 moved forward to (0,2)
[14:35:53.791] Bot8 executed MOVE_FORWARD
[14:35:53.791] Starting turn for Bot32
[14:35:53.791] Starting turn for Bot8
[14:35:53.791] Bot8 rotated left to face WEST
[14:35:53.791] Bot8 executed ROTATE_LEFT
[14:35:53.791] Bot8 rotated left to face SOUTH
[14:35:53.791] Bot8 executed ROTATE_LEFT
[14:35:53.791] Bot8 moved forward to (1,2)
[14:35:53.791] Bot8 executed MOVE_FORWARD
[14:35:53.791] Starting turn for Bot32
[14:35:53.791] Starting turn for Bot8
[14:35:53.791] Starting turn for Bot32
[14:35:53.791] Starting turn for Bot8
[14:35:53.791] Starting turn for Bot32
[14:35:53.791] Starting turn for Bot8
[14:35:53.791] Bot8 rotated left to face EAST
[14:35:53.791] Bot8 executed ROTATE_LEFT
[14:35:53.791] Bot8 rotated left to face NORTH
[14:35:53.791] Bot8 executed ROTATE_LEFT
[14:35:53.791] Bot8 moved forward to (0,2)
[14:35:53.791] Bot8 executed MOVE_FORWARD
[14:35:53.791] Starting turn for Bot32
[14:35:53.791] Starting turn for Bot8
[14:35:53.791] Bot8 rotated left to face WEST
[14:35:53.791] Bot8 executed ROTATE_LEFT
[14:35:53.791] Bot8 rotated left to face SOUTH
[14:35:53.791] Bot8 executed ROTATE_LEFT
[14:35:53.791] Bot8 moved forward to (1,2)
[14:35:53.791] Bot8 executed MOVE_FORWARD
[14:35:53.791] Starting turn for Bot32
[14:35:53.791] Starting turn for Bot8
[14:35:53.791] Starting turn for Bot32
[14:35:53.791] Stalemate detected: State repeated 10 times, unchanged for 1 turns
[14:35:53.791] Game Over! Stalemate detected!
[14:35:53.791] Stalemate detected: State repeated 10 times, unchanged for 1 turns
