[14:36:12.486] === Game Started at 2025-02-04_14-36-12 ===
[14:36:12.486] Game initialized with 2 players
[14:36:12.486] Board size: 10
[14:36:12.486] Obstacle density: 0.05
[14:36:12.486] Max turns: 1000
[14:36:12.486] Player Bot27 starting at position (0,0) facing SOUTH
[14:36:12.486] Player Bot32 starting at position (9,9) facing WEST
[14:36:12.486] Obstacles at positions: (3,3) (4,0) (4,8) (4,9) (8,8)
[14:36:12.486] Starting turn for Bot27
[14:36:12.486] Bot27 rotated left to face EAST
[14:36:12.486] Bot27 executed ROTATE_LEFT
[14:36:12.486] Bot27 moved forward to (0,1)
[14:36:12.486] Bot27 executed MOVE_FORWARD
[14:36:12.486] Starting turn for Bot32
[14:36:12.486] Bot32 moved forward to (9,8)
[14:36:12.486] Bot32 executed MOVE_FORWARD
[14:36:12.486] Starting turn for Bot27
[14:36:12.486] Bot27 rotated right to face SOUTH
[14:36:12.486] Bot27 executed ROTATE_RIGHT
[14:36:12.486] Bot27 moved forward to (1,1)
[14:36:12.486] Bot27 executed MOVE_FORWARD
[14:36:12.486] Starting turn for Bot32
[14:36:12.486] Bot32 rotated right to face NORTH
[14:36:12.486] Bot32 executed ROTATE_RIGHT
[14:36:12.486] Starting turn for Bot27
[14:36:12.486] Bot27 rotated left to face EAST
[14:36:12.486] Bot27 executed ROTATE_LEFT
[14:36:12.486] Bot27 moved forward to (1,2)
[14:36:12.486] Bot27 executed MOVE_FORWARD
[14:36:12.486] Starting turn for Bot32
[14:36:12.486] Starting turn for Bot27
[14:36:12.486] Bot27 rotated right to face SOUTH
[14:36:12.486] Bot27 executed ROTATE_RIGHT
[14:36:12.486] Bot27 moved forward to (2,2)
[14:36:12.486] Bot27 executed MOVE_FORWARD
[14:36:12.486] Starting turn for Bot32
[14:36:12.486] Bot32 rotated right to face EAST
[14:36:12.486] Bot32 executed ROTATE_RIGHT
[14:36:12.486] Bot32 moved forward to (9,9)
[14:36:12.486] Bot32 executed MOVE_FORWARD
[14:36:12.486] Starting turn for Bot27
[14:36:12.486] Bot27 rotated left to face EAST
[14:36:12.486] Bot27 executed ROTATE_LEFT
[14:36:12.486] Bot27 moved forward to (2,3)
[14:36:12.486] Bot27 executed MOVE_FORWARD
[14:36:12.486] Starting turn for Bot32
[14:36:12.486] Bot32 rotated left to face NORTH
[14:36:12.486] Bot32 executed ROTATE_LEFT
[14:36:12.486] Bot32 rotated left to face WEST
[14:36:12.486] Bot32 executed ROTATE_LEFT
[14:36:12.486] Bot32 moved forward to (9,8)
[14:36:12.486] Bot32 executed MOVE_FORWARD
[14:36:12.486] Starting turn for Bot27
[14:36:12.486] Bot27 rotated right to face SOUTH
[14:36:12.486] Bot27 executed ROTATE_RIGHT
[14:36:12.486] Starting turn for Bot32
[14:36:12.486] Bot32 rotated right to face NORTH
[14:36:12.486] Bot32 executed ROTATE_RIGHT
[14:36:12.486] Starting turn for Bot27
[14:36:12.486] Starting turn for Bot32
[14:36:12.486] Starting turn for Bot27
[14:36:12.486] Bot27 rotated left to face EAST
[14:36:12.486] Bot27 executed ROTATE_LEFT
[14:36:12.486] Bot27 rotated left to face NORTH
[14:36:12.486] Bot27 executed ROTATE_LEFT
[14:36:12.486] Bot27 moved forward to (1,3)
[14:36:12.486] Bot27 executed MOVE_FORWARD
[14:36:12.486] Starting turn for Bot32
[14:36:12.486] Bot32 rotated right to face EAST
[14:36:12.486] Bot32 executed ROTATE_RIGHT
[14:36:12.486] Bot32 moved forward to (9,9)
[14:36:12.486] Bot32 executed MOVE_FORWARD
[14:36:12.486] Starting turn for Bot27
[14:36:12.486] Bot27 rotated left to face WEST
[14:36:12.486] Bot27 executed ROTATE_LEFT
[14:36:12.486] Bot27 rotated left to face SOUTH
[14:36:12.486] Bot27 executed ROTATE_LEFT
[14:36:12.486] Bot27 moved forward to (2,3)
[14:36:12.486] Bot27 executed MOVE_FORWARD
[14:36:12.486] Starting turn for Bot32
[14:36:12.486] Bot32 rotated left to face NORTH
[14:36:12.486] Bot32 executed ROTATE_LEFT
[14:36:12.486] Bot32 rotated left to face WEST
[14:36:12.486] Bot32 executed ROTATE_LEFT
[14:36:12.486] Bot32 moved forward to (9,8)
[14:36:12.486] Bot32 executed MOVE_FORWARD
[14:36:12.486] Starting turn for Bot27
[14:36:12.486] Starting turn for Bot32
[14:36:12.486] Bot32 rotated right to face NORTH
[14:36:12.486] Bot32 executed ROTATE_RIGHT
[14:36:12.486] Starting turn for Bot27
[14:36:12.486] Starting turn for Bot32
[14:36:12.486] Starting turn for Bot27
[14:36:12.486] Bot27 rotated left to face EAST
[14:36:12.486] Bot27 executed ROTATE_LEFT
[14:36:12.486] Bot27 rotated left to face NORTH
[14:36:12.486] Bot27 executed ROTATE_LEFT
[14:36:12.486] Bot27 moved forward to (1,3)
[14:36:12.486] Bot27 executed MOVE_FORWARD
[14:36:12.486] Starting turn for Bot32
[14:36:12.486] Bot32 rotated right to face EAST
[14:36:12.486] Bot32 executed ROTATE_RIGHT
[14:36:12.486] Bot32 moved forward to (9,9)
[14:36:12.486] Bot32 executed MOVE_FORWARD
[14:36:12.486] Starting turn for Bot27
[14:36:12.486] Bot27 rotated left to face WEST
[14:36:12.486] Bot27 executed ROTATE_LEFT
[14:36:12.486] Bot27 rotated left to face SOUTH
[14:36:12.486] Bot27 executed ROTATE_LEFT
[14:36:12.486] Bot27 moved forward to (2,3)
[14:36:12.486] Bot27 executed MOVE_FORWARD
[14:36:12.486] Starting turn for Bot32
[14:36:12.486] Bot32 rotated left to face NORTH
[14:36:12.486] Bot32 executed ROTATE_LEFT
[14:36:12.486] Bot32 rotated left to face WEST
[14:36:12.486] Bot32 executed ROTATE_LEFT
[14:36:12.486] Bot32 moved forward to (9,8)
[14:36:12.486] Bot32 executed MOVE_FORWARD
[14:36:12.486] Starting turn for Bot27
[14:36:12.486] Starting turn for Bot32
[14:36:12.486] Bot32 rotated right to face NORTH
[14:36:12.486] Bot32 executed ROTATE_RIGHT
[14:36:12.486] Starting turn for Bot27
[14:36:12.486] Starting turn for Bot32
[14:36:12.486] Starting turn for Bot27
[14:36:12.486] Bot27 rotated left to face EAST
[14:36:12.486] Bot27 executed ROTATE_LEFT
[14:36:12.486] Bot27 rotated left to face NORTH
[14:36:12.486] Bot27 executed ROTATE_LEFT
[14:36:12.486] Bot27 moved forward to (1,3)
[14:36:12.486] Bot27 executed MOVE_FORWARD
[14:36:12.486] Starting turn for Bot32
[14:36:12.486] Bot32 rotated right to face EAST
[14:36:12.486] Bot32 executed ROTATE_RIGHT
[14:36:12.486] Bot32 moved forward to (9,9)
[14:36:12.486] Bot32 executed MOVE_FORWARD
[14:36:12.486] Starting turn for Bot27
[14:36:12.486] Bot27 rotated left to face WEST
[14:36:12.486] Bot27 executed ROTATE_LEFT
[14:36:12.486] Bot27 rotated left to face SOUTH
[14:36:12.486] Bot27 executed ROTATE_LEFT
[14:36:12.486] Bot27 moved forward to (2,3)
[14:36:12.486] Bot27 executed MOVE_FORWARD
[14:36:12.486] Starting turn for Bot32
[14:36:12.486] Bot32 rotated left to face NORTH
[14:36:12.487] Bot32 executed ROTATE_LEFT
[14:36:12.487] Bot32 rotated left to face WEST
[14:36:12.487] Bot32 executed ROTATE_LEFT
[14:36:12.487] Bot32 moved forward to (9,8)
[14:36:12.487] Bot32 executed MOVE_FORWARD
[14:36:12.487] Starting turn for Bot27
[14:36:12.487] Starting turn for Bot32
[14:36:12.487] Bot32 rotated right to face NORTH
[14:36:12.487] Bot32 executed ROTATE_RIGHT
[14:36:12.487] Starting turn for Bot27
[14:36:12.487] Starting turn for Bot32
[14:36:12.487] Starting turn for Bot27
[14:36:12.487] Bot27 rotated left to face EAST
[14:36:12.487] Bot27 executed ROTATE_LEFT
[14:36:12.487] Bot27 rotated left to face NORTH
[14:36:12.487] Bot27 executed ROTATE_LEFT
[14:36:12.487] Bot27 moved forward to (1,3)
[14:36:12.487] Bot27 executed MOVE_FORWARD
[14:36:12.487] Starting turn for Bot32
[14:36:12.487] Bot32 rotated right to face EAST
[14:36:12.487] Bot32 executed ROTATE_RIGHT
[14:36:12.487] Bot32 moved forward to (9,9)
[14:36:12.487] Bot32 executed MOVE_FORWARD
[14:36:12.487] Starting turn for Bot27
[14:36:12.487] Bot27 rotated left to face WEST
[14:36:12.487] Bot27 executed ROTATE_LEFT
[14:36:12.487] Bot27 rotated left to face SOUTH
[14:36:12.487] Bot27 executed ROTATE_LEFT
[14:36:12.487] Bot27 moved forward to (2,3)
[14:36:12.487] Bot27 executed MOVE_FORWARD
[14:36:12.487] Starting turn for Bot32
[14:36:12.487] Bot32 rotated left to face NORTH
[14:36:12.487] Bot32 executed ROTATE_LEFT
[14:36:12.487] Bot32 rotated left to face WEST
[14:36:12.487] Bot32 executed ROTATE_LEFT
[14:36:12.487] Bot32 moved forward to (9,8)
[14:36:12.487] Bot32 executed MOVE_FORWARD
[14:36:12.487] Starting turn for Bot27
[14:36:12.487] Starting turn for Bot32
[14:36:12.487] Bot32 rotated right to face NORTH
[14:36:12.487] Bot32 executed ROTATE_RIGHT
[14:36:12.487] Starting turn for Bot27
[14:36:12.487] Stalemate detected: State repeated 10 times, unchanged for 3 turns
[14:36:12.487] Game Over! Stalemate detected!
[14:36:12.487] Stalemate detected: State repeated 10 times, unchanged for 3 turns
