[19:20:39.448] === Game Started at 2025-01-16_19-20-39 ===
[19:20:39.448] Game initialized with 2 players
[19:20:39.448] Board size: 10
[19:20:39.448] Obstacle density: 0.05
[19:20:39.448] Max turns: 1000
[19:20:39.448] Player Bot2 starting at position (0,0) facing SOUTH
[19:20:39.448] Player Bot4 starting at position (9,9) facing WEST
[19:20:39.448] Obstacles at positions: (2,1) (4,7) (6,2) (9,3) (9,7)
[19:20:39.448] Starting turn for Bot2
[19:20:39.448] Bot2 rotated left to face EAST
[19:20:39.448] Bot2 executed ROTATE_LEFT
[19:20:39.448] Bot2 moved forward to (0,1)
[19:20:39.448] Bot2 executed MOVE_FORWARD
[19:20:39.448] Starting turn for Bot4
[19:20:39.448] Bot4 moved forward to (9,8)
[19:20:39.448] Bot4 executed MOVE_FORWARD
[19:20:39.448] Starting turn for Bot2
[19:20:39.449] Bot2 rotated right to face SOUTH
[19:20:39.449] Bot2 executed ROTATE_RIGHT
[19:20:39.449] Bot2 moved forward to (1,1)
[19:20:39.449] Bot2 executed MOVE_FORWARD
[19:20:39.449] Starting turn for Bot4
[19:20:39.449] Bot4 rotated right to face NORTH
[19:20:39.449] Bot4 executed ROTATE_RIGHT
[19:20:39.449] Bot4 moved forward to (8,8)
[19:20:39.449] Bot4 executed MOVE_FORWARD
[19:20:39.449] Starting turn for Bot2
[19:20:39.449] Bot2 rotated left to face EAST
[19:20:39.449] Bot2 executed ROTATE_LEFT
[19:20:39.449] Bot2 moved forward to (1,2)
[19:20:39.449] Bot2 executed MOVE_FORWARD
[19:20:39.449] Starting turn for Bot4
[19:20:39.449] Bot4 rotated left to face WEST
[19:20:39.449] Bot4 executed ROTATE_LEFT
[19:20:39.449] Bot4 moved forward to (8,7)
[19:20:39.449] Bot4 executed MOVE_FORWARD
[19:20:39.449] Starting turn for Bot2
[19:20:39.449] Bot2 rotated right to face SOUTH
[19:20:39.449] Bot2 executed ROTATE_RIGHT
[19:20:39.449] Bot2 moved forward to (2,2)
[19:20:39.449] Bot2 executed MOVE_FORWARD
[19:20:39.449] Starting turn for Bot4
[19:20:39.449] Bot4 rotated right to face NORTH
[19:20:39.449] Bot4 executed ROTATE_RIGHT
[19:20:39.449] Bot4 moved forward to (7,7)
[19:20:39.449] Bot4 executed MOVE_FORWARD
[19:20:39.449] Starting turn for Bot2
[19:20:39.449] Bot2 rotated left to face EAST
[19:20:39.449] Bot2 executed ROTATE_LEFT
[19:20:39.449] Bot2 moved forward to (2,3)
[19:20:39.449] Bot2 executed MOVE_FORWARD
[19:20:39.449] Starting turn for Bot4
[19:20:39.449] Bot4 rotated left to face WEST
[19:20:39.449] Bot4 executed ROTATE_LEFT
[19:20:39.449] Bot4 moved forward to (7,6)
[19:20:39.449] Bot4 executed MOVE_FORWARD
[19:20:39.449] Starting turn for Bot2
[19:20:39.449] Bot2 rotated right to face SOUTH
[19:20:39.449] Bot2 executed ROTATE_RIGHT
[19:20:39.449] Bot2 moved forward to (3,3)
[19:20:39.449] Bot2 executed MOVE_FORWARD
[19:20:39.449] Starting turn for Bot4
[19:20:39.449] Bot4 rotated right to face NORTH
[19:20:39.449] Bot4 executed ROTATE_RIGHT
[19:20:39.449] Bot4 moved forward to (6,6)
[19:20:39.449] Bot4 executed MOVE_FORWARD
[19:20:39.449] Starting turn for Bot2
[19:20:39.449] Bot2 rotated left to face EAST
[19:20:39.449] Bot2 executed ROTATE_LEFT
[19:20:39.449] Bot2 moved forward to (3,4)
[19:20:39.449] Bot2 executed MOVE_FORWARD
[19:20:39.449] Starting turn for Bot4
[19:20:39.449] Bot4 rotated left to face WEST
[19:20:39.449] Bot4 executed ROTATE_LEFT
[19:20:39.449] Bot4 moved forward to (6,5)
[19:20:39.449] Bot4 executed MOVE_FORWARD
[19:20:39.449] Starting turn for Bot2
[19:20:39.449] Bot2 rotated right to face SOUTH
[19:20:39.449] Bot2 executed ROTATE_RIGHT
[19:20:39.449] Bot2 moved forward to (4,4)
[19:20:39.449] Bot2 executed MOVE_FORWARD
[19:20:39.449] Starting turn for Bot4
[19:20:39.449] Bot4 rotated right to face NORTH
[19:20:39.449] Bot4 executed ROTATE_RIGHT
[19:20:39.449] Bot4 moved forward to (5,5)
[19:20:39.449] Bot4 executed MOVE_FORWARD
[19:20:39.449] Starting turn for Bot2
[19:20:39.449] Bot2 rotated left to face EAST
[19:20:39.449] Bot2 executed ROTATE_LEFT
[19:20:39.449] Bot2 moved forward to (4,5)
[19:20:39.449] Bot2 executed MOVE_FORWARD
[19:20:39.449] Starting turn for Bot4
[19:20:39.449] Bot4 shooting in direction NORTH
[19:20:39.449] Bot4 hit Bot2 for 25 damage (health: 100 -> 75)
[19:20:39.449] Bot4 executed SHOOT
[19:20:39.449] Starting turn for Bot2
[19:20:39.449] Bot2 rotated right to face SOUTH
[19:20:39.449] Bot2 executed ROTATE_RIGHT
[19:20:39.449] Starting turn for Bot4
[19:20:39.449] Bot4 shooting in direction NORTH
[19:20:39.449] Bot4 hit Bot2 for 25 damage (health: 75 -> 50)
[19:20:39.449] Bot4 executed SHOOT
[19:20:39.449] Starting turn for Bot2
[19:20:39.449] Bot2 shooting in direction SOUTH
[19:20:39.449] Bot2 hit Bot4 for 25 damage (health: 100 -> 75)
[19:20:39.449] Bot2 executed SHOOT
[19:20:39.449] Starting turn for Bot4
[19:20:39.449] Bot4 shooting in direction NORTH
[19:20:39.449] Bot4 hit Bot2 for 25 damage (health: 50 -> 25)
[19:20:39.449] Bot4 executed SHOOT
[19:20:39.449] Starting turn for Bot2
[19:20:39.449] Bot2 shooting in direction SOUTH
[19:20:39.449] Bot2 hit Bot4 for 25 damage (health: 75 -> 50)
[19:20:39.449] Bot2 executed SHOOT
[19:20:39.449] Starting turn for Bot4
[19:20:39.449] Bot4 shooting in direction NORTH
[19:20:39.449] Bot4 hit Bot2 for 25 damage (health: 25 -> 0)
[19:20:39.449] Bot2 was destroyed!
[19:20:39.450] Bot4 is the last tank standing!
[19:20:39.450] Bot4 executed SHOOT
[19:20:39.450] Game Over! Bot4 wins!
[19:20:39.450] === Game Ended ===
