[14:35:57.677] === Game Started at 2025-02-04_14-35-57 ===
[14:35:57.677] Game initialized with 2 players
[14:35:57.677] Board size: 10
[14:35:57.677] Obstacle density: 0.05
[14:35:57.677] Max turns: 1000
[14:35:57.677] Player Bot31 starting at position (0,0) facing EAST
[14:35:57.677] Player Bot11 starting at position (9,9) facing EAST
[14:35:57.677] Obstacles at positions: (1,9) (4,5) (5,4) (5,9) (7,7)
[14:35:57.677] Starting turn for Bot31
[14:35:57.677] Bot31 moved forward to (0,1)
[14:35:57.677] Bot31 executed MOVE_FORWARD
[14:35:57.677] Starting turn for Bot11
[14:35:57.677] Bot11 rotated left to face NORTH
[14:35:57.677] Bot11 executed ROTATE_LEFT
[14:35:57.677] Bot11 rotated left to face WEST
[14:35:57.677] Bot11 executed ROTATE_LEFT
[14:35:57.677] Bot11 moved forward to (9,8)
[14:35:57.677] Bot11 executed MOVE_FORWARD
[14:35:57.677] Starting turn for Bot31
[14:35:57.677] Bot31 rotated right to face SOUTH
[14:35:57.677] Bot31 executed ROTATE_RIGHT
[14:35:57.677] Bot31 moved forward to (1,1)
[14:35:57.677] Bot31 executed MOVE_FORWARD
[14:35:57.677] Starting turn for Bot11
[14:35:57.677] Bot11 rotated right to face NORTH
[14:35:57.677] Bot11 executed ROTATE_RIGHT
[14:35:57.677] Bot11 moved forward to (8,8)
[14:35:57.677] Bot11 executed MOVE_FORWARD
[14:35:57.677] Starting turn for Bot31
[14:35:57.677] Bot31 rotated left to face EAST
[14:35:57.677] Bot31 executed ROTATE_LEFT
[14:35:57.677] Bot31 moved forward to (1,2)
[14:35:57.677] Bot31 executed MOVE_FORWARD
[14:35:57.677] Starting turn for Bot11
[14:35:57.677] Bot11 rotated left to face WEST
[14:35:57.677] Bot11 executed ROTATE_LEFT
[14:35:57.677] Bot11 moved forward to (8,7)
[14:35:57.677] Bot11 executed MOVE_FORWARD
[14:35:57.677] Starting turn for Bot31
[14:35:57.677] Bot31 rotated right to face SOUTH
[14:35:57.677] Bot31 executed ROTATE_RIGHT
[14:35:57.677] Bot31 moved forward to (2,2)
[14:35:57.677] Bot31 executed MOVE_FORWARD
[14:35:57.677] Starting turn for Bot11
[14:35:57.677] Bot11 rotated right to face NORTH
[14:35:57.677] Bot11 executed ROTATE_RIGHT
[14:35:57.677] Starting turn for Bot31
[14:35:57.677] Bot31 rotated left to face EAST
[14:35:57.677] Bot31 executed ROTATE_LEFT
[14:35:57.677] Bot31 moved forward to (2,3)
[14:35:57.677] Bot31 executed MOVE_FORWARD
[14:35:57.677] Starting turn for Bot11
[14:35:57.677] Starting turn for Bot31
[14:35:57.677] Bot31 rotated right to face SOUTH
[14:35:57.677] Bot31 executed ROTATE_RIGHT
[14:35:57.677] Bot31 moved forward to (3,3)
[14:35:57.677] Bot31 executed MOVE_FORWARD
[14:35:57.677] Starting turn for Bot11
[14:35:57.677] Bot11 rotated right to face EAST
[14:35:57.677] Bot11 executed ROTATE_RIGHT
[14:35:57.677] Bot11 moved forward to (8,8)
[14:35:57.677] Bot11 executed MOVE_FORWARD
[14:35:57.677] Starting turn for Bot31
[14:35:57.677] Bot31 rotated left to face EAST
[14:35:57.677] Bot31 executed ROTATE_LEFT
[14:35:57.677] Bot31 moved forward to (3,4)
[14:35:57.677] Bot31 executed MOVE_FORWARD
[14:35:57.677] Starting turn for Bot11
[14:35:57.677] Bot11 rotated left to face NORTH
[14:35:57.677] Bot11 executed ROTATE_LEFT
[14:35:57.677] Bot11 rotated left to face WEST
[14:35:57.677] Bot11 executed ROTATE_LEFT
[14:35:57.677] Bot11 moved forward to (8,7)
[14:35:57.677] Bot11 executed MOVE_FORWARD
[14:35:57.677] Starting turn for Bot31
[14:35:57.677] Bot31 rotated right to face SOUTH
[14:35:57.677] Bot31 executed ROTATE_RIGHT
[14:35:57.677] Bot31 moved forward to (4,4)
[14:35:57.677] Bot31 executed MOVE_FORWARD
[14:35:57.677] Starting turn for Bot11
[14:35:57.677] Bot11 rotated right to face NORTH
[14:35:57.677] Bot11 executed ROTATE_RIGHT
[14:35:57.677] Starting turn for Bot31
[14:35:57.677] Bot31 rotated left to face EAST
[14:35:57.677] Bot31 executed ROTATE_LEFT
[14:35:57.677] Starting turn for Bot11
[14:35:57.677] Starting turn for Bot31
[14:35:57.677] Starting turn for Bot11
[14:35:57.677] Bot11 rotated right to face EAST
[14:35:57.677] Bot11 executed ROTATE_RIGHT
[14:35:57.677] Bot11 moved forward to (8,8)
[14:35:57.677] Bot11 executed MOVE_FORWARD
[14:35:57.677] Starting turn for Bot31
[14:35:57.677] Bot31 rotated left to face NORTH
[14:35:57.677] Bot31 executed ROTATE_LEFT
[14:35:57.677] Bot31 moved forward to (3,4)
[14:35:57.677] Bot31 executed MOVE_FORWARD
[14:35:57.677] Starting turn for Bot11
[14:35:57.677] Bot11 rotated left to face NORTH
[14:35:57.677] Bot11 executed ROTATE_LEFT
[14:35:57.677] Bot11 rotated left to face WEST
[14:35:57.677] Bot11 executed ROTATE_LEFT
[14:35:57.677] Bot11 moved forward to (8,7)
[14:35:57.677] Bot11 executed MOVE_FORWARD
[14:35:57.677] Starting turn for Bot31
[14:35:57.677] Bot31 rotated left to face WEST
[14:35:57.677] Bot31 executed ROTATE_LEFT
[14:35:57.677] Bot31 rotated left to face SOUTH
[14:35:57.677] Bot31 executed ROTATE_LEFT
[14:35:57.677] Bot31 moved forward to (4,4)
[14:35:57.677] Bot31 executed MOVE_FORWARD
[14:35:57.677] Starting turn for Bot11
[14:35:57.677] Bot11 rotated right to face NORTH
[14:35:57.677] Bot11 executed ROTATE_RIGHT
[14:35:57.677] Starting turn for Bot31
[14:35:57.677] Bot31 rotated left to face EAST
[14:35:57.677] Bot31 executed ROTATE_LEFT
[14:35:57.677] Starting turn for Bot11
[14:35:57.677] Starting turn for Bot31
[14:35:57.677] Starting turn for Bot11
[14:35:57.677] Bot11 rotated right to face EAST
[14:35:57.677] Bot11 executed ROTATE_RIGHT
[14:35:57.677] Bot11 moved forward to (8,8)
[14:35:57.677] Bot11 executed MOVE_FORWARD
[14:35:57.677] Starting turn for Bot31
[14:35:57.677] Bot31 rotated left to face NORTH
[14:35:57.677] Bot31 executed ROTATE_LEFT
[14:35:57.677] Bot31 moved forward to (3,4)
[14:35:57.677] Bot31 executed MOVE_FORWARD
[14:35:57.677] Starting turn for Bot11
[14:35:57.677] Bot11 rotated left to face NORTH
[14:35:57.677] Bot11 executed ROTATE_LEFT
[14:35:57.677] Bot11 rotated left to face WEST
[14:35:57.677] Bot11 executed ROTATE_LEFT
[14:35:57.677] Bot11 moved forward to (8,7)
[14:35:57.677] Bot11 executed MOVE_FORWARD
[14:35:57.677] Starting turn for Bot31
[14:35:57.677] Bot31 rotated left to face WEST
[14:35:57.677] Bot31 executed ROTATE_LEFT
[14:35:57.677] Bot31 rotated left to face SOUTH
[14:35:57.677] Bot31 executed ROTATE_LEFT
[14:35:57.677] Bot31 moved forward to (4,4)
[14:35:57.677] Bot31 executed MOVE_FORWARD
[14:35:57.677] Starting turn for Bot11
[14:35:57.677] Bot11 rotated right to face NORTH
[14:35:57.677] Bot11 executed ROTATE_RIGHT
[14:35:57.677] Starting turn for Bot31
[14:35:57.677] Bot31 rotated left to face EAST
[14:35:57.677] Bot31 executed ROTATE_LEFT
[14:35:57.677] Starting turn for Bot11
[14:35:57.677] Starting turn for Bot31
[14:35:57.677] Starting turn for Bot11
[14:35:57.677] Bot11 rotated right to face EAST
[14:35:57.677] Bot11 executed ROTATE_RIGHT
[14:35:57.677] Bot11 moved forward to (8,8)
[14:35:57.677] Bot11 executed MOVE_FORWARD
[14:35:57.677] Starting turn for Bot31
[14:35:57.677] Bot31 rotated left to face NORTH
[14:35:57.677] Bot31 executed ROTATE_LEFT
[14:35:57.677] Bot31 moved forward to (3,4)
[14:35:57.677] Bot31 executed MOVE_FORWARD
[14:35:57.677] Starting turn for Bot11
[14:35:57.677] Bot11 rotated left to face NORTH
[14:35:57.677] Bot11 executed ROTATE_LEFT
[14:35:57.677] Bot11 rotated left to face WEST
[14:35:57.677] Bot11 executed ROTATE_LEFT
[14:35:57.677] Bot11 moved forward to (8,7)
[14:35:57.677] Bot11 executed MOVE_FORWARD
[14:35:57.677] Starting turn for Bot31
[14:35:57.677] Bot31 rotated left to face WEST
[14:35:57.677] Bot31 executed ROTATE_LEFT
[14:35:57.677] Bot31 rotated left to face SOUTH
[14:35:57.677] Bot31 executed ROTATE_LEFT
[14:35:57.678] Bot31 moved forward to (4,4)
[14:35:57.678] Bot31 executed MOVE_FORWARD
[14:35:57.678] Starting turn for Bot11
[14:35:57.678] Bot11 rotated right to face NORTH
[14:35:57.678] Bot11 executed ROTATE_RIGHT
[14:35:57.678] Starting turn for Bot31
[14:35:57.678] Bot31 rotated left to face EAST
[14:35:57.678] Bot31 executed ROTATE_LEFT
[14:35:57.678] Starting turn for Bot11
[14:35:57.678] Stalemate detected: State repeated 10 times, unchanged for 3 turns
[14:35:57.678] Game Over! Stalemate detected!
[14:35:57.678] Stalemate detected: State repeated 10 times, unchanged for 3 turns
