[14:35:46.137] === Game Started at 2025-02-04_14-35-46 ===
[14:35:46.137] Game initialized with 2 players
[14:35:46.137] Board size: 10
[14:35:46.137] Obstacle density: 0.05
[14:35:46.137] Max turns: 1000
[14:35:46.137] Player Bot23 starting at position (0,0) facing SOUTH
[14:35:46.137] Player Bot4 starting at position (9,9) facing SOUTH
[14:35:46.137] Obstacles at positions: (0,6) (1,2) (3,3) (5,5) (6,0)
[14:35:46.137] Starting turn for Bot23
[14:35:46.137] Bot23 rotated left to face EAST
[14:35:46.137] Bot23 executed ROTATE_LEFT
[14:35:46.137] Bot23 moved forward to (0,1)
[14:35:46.137] Bot23 executed MOVE_FORWARD
[14:35:46.137] Starting turn for Bot4
[14:35:46.137] Bot4 rotated right to face WEST
[14:35:46.137] Bot4 executed ROTATE_RIGHT
[14:35:46.137] Bot4 moved forward to (9,8)
[14:35:46.137] Bot4 executed MOVE_FORWARD
[14:35:46.137] Starting turn for Bot23
[14:35:46.137] Bot23 rotated right to face SOUTH
[14:35:46.137] Bot23 executed ROTATE_RIGHT
[14:35:46.137] Bot23 moved forward to (1,1)
[14:35:46.137] Bot23 executed MOVE_FORWARD
[14:35:46.137] Starting turn for Bot4
[14:35:46.137] Bot4 rotated right to face NORTH
[14:35:46.137] Bot4 executed ROTATE_RIGHT
[14:35:46.137] Bot4 moved forward to (8,8)
[14:35:46.137] Bot4 executed MOVE_FORWARD
[14:35:46.137] Starting turn for Bot23
[14:35:46.137] Bot23 rotated left to face EAST
[14:35:46.137] Bot23 executed ROTATE_LEFT
[14:35:46.137] Starting turn for Bot4
[14:35:46.137] Bot4 rotated left to face WEST
[14:35:46.137] Bot4 executed ROTATE_LEFT
[14:35:46.137] Bot4 moved forward to (8,7)
[14:35:46.137] Bot4 executed MOVE_FORWARD
[14:35:46.137] Starting turn for Bot23
[14:35:46.137] Starting turn for Bot4
[14:35:46.137] Bot4 rotated right to face NORTH
[14:35:46.137] Bot4 executed ROTATE_RIGHT
[14:35:46.137] Bot4 moved forward to (7,7)
[14:35:46.137] Bot4 executed MOVE_FORWARD
[14:35:46.137] Starting turn for Bot23
[14:35:46.137] Bot23 rotated left to face NORTH
[14:35:46.137] Bot23 executed ROTATE_LEFT
[14:35:46.137] Bot23 moved forward to (0,1)
[14:35:46.137] Bot23 executed MOVE_FORWARD
[14:35:46.137] Starting turn for Bot4
[14:35:46.137] Bot4 rotated left to face WEST
[14:35:46.137] Bot4 executed ROTATE_LEFT
[14:35:46.137] Bot4 moved forward to (7,6)
[14:35:46.137] Bot4 executed MOVE_FORWARD
[14:35:46.137] Starting turn for Bot23
[14:35:46.137] Bot23 rotated left to face WEST
[14:35:46.137] Bot23 executed ROTATE_LEFT
[14:35:46.137] Bot23 rotated left to face SOUTH
[14:35:46.137] Bot23 executed ROTATE_LEFT
[14:35:46.137] Bot23 moved forward to (1,1)
[14:35:46.137] Bot23 executed MOVE_FORWARD
[14:35:46.138] Starting turn for Bot4
[14:35:46.138] Bot4 rotated right to face NORTH
[14:35:46.138] Bot4 executed ROTATE_RIGHT
[14:35:46.138] Bot4 moved forward to (6,6)
[14:35:46.138] Bot4 executed MOVE_FORWARD
[14:35:46.138] Starting turn for Bot23
[14:35:46.138] Bot23 rotated left to face EAST
[14:35:46.138] Bot23 executed ROTATE_LEFT
[14:35:46.138] Starting turn for Bot4
[14:35:46.138] Bot4 rotated left to face WEST
[14:35:46.138] Bot4 executed ROTATE_LEFT
[14:35:46.138] Bot4 moved forward to (6,5)
[14:35:46.138] Bot4 executed MOVE_FORWARD
[14:35:46.138] Starting turn for Bot23
[14:35:46.138] Starting turn for Bot4
[14:35:46.138] Bot4 rotated right to face NORTH
[14:35:46.138] Bot4 executed ROTATE_RIGHT
[14:35:46.138] Starting turn for Bot23
[14:35:46.138] Bot23 rotated left to face NORTH
[14:35:46.138] Bot23 executed ROTATE_LEFT
[14:35:46.138] Bot23 moved forward to (0,1)
[14:35:46.138] Bot23 executed MOVE_FORWARD
[14:35:46.138] Starting turn for Bot4
[14:35:46.138] Starting turn for Bot23
[14:35:46.138] Bot23 rotated left to face WEST
[14:35:46.138] Bot23 executed ROTATE_LEFT
[14:35:46.138] Bot23 rotated left to face SOUTH
[14:35:46.138] Bot23 executed ROTATE_LEFT
[14:35:46.138] Bot23 moved forward to (1,1)
[14:35:46.138] Bot23 executed MOVE_FORWARD
[14:35:46.138] Starting turn for Bot4
[14:35:46.138] Bot4 rotated right to face EAST
[14:35:46.138] Bot4 executed ROTATE_RIGHT
[14:35:46.138] Bot4 moved forward to (6,6)
[14:35:46.138] Bot4 executed MOVE_FORWARD
[14:35:46.138] Starting turn for Bot23
[14:35:46.138] Bot23 rotated left to face EAST
[14:35:46.138] Bot23 executed ROTATE_LEFT
[14:35:46.138] Starting turn for Bot4
[14:35:46.138] Bot4 rotated left to face NORTH
[14:35:46.138] Bot4 executed ROTATE_LEFT
[14:35:46.138] Bot4 rotated left to face WEST
[14:35:46.138] Bot4 executed ROTATE_LEFT
[14:35:46.138] Bot4 moved forward to (6,5)
[14:35:46.138] Bot4 executed MOVE_FORWARD
[14:35:46.138] Starting turn for Bot23
[14:35:46.138] Starting turn for Bot4
[14:35:46.138] Bot4 rotated right to face NORTH
[14:35:46.138] Bot4 executed ROTATE_RIGHT
[14:35:46.138] Starting turn for Bot23
[14:35:46.138] Bot23 rotated left to face NORTH
[14:35:46.138] Bot23 executed ROTATE_LEFT
[14:35:46.138] Bot23 moved forward to (0,1)
[14:35:46.138] Bot23 executed MOVE_FORWARD
[14:35:46.138] Starting turn for Bot4
[14:35:46.138] Starting turn for Bot23
[14:35:46.138] Bot23 rotated left to face WEST
[14:35:46.138] Bot23 executed ROTATE_LEFT
[14:35:46.138] Bot23 rotated left to face SOUTH
[14:35:46.138] Bot23 executed ROTATE_LEFT
[14:35:46.138] Bot23 moved forward to (1,1)
[14:35:46.138] Bot23 executed MOVE_FORWARD
[14:35:46.138] Starting turn for Bot4
[14:35:46.138] Bot4 rotated right to face EAST
[14:35:46.138] Bot4 executed ROTATE_RIGHT
[14:35:46.138] Bot4 moved forward to (6,6)
[14:35:46.138] Bot4 executed MOVE_FORWARD
[14:35:46.138] Starting turn for Bot23
[14:35:46.138] Bot23 rotated left to face EAST
[14:35:46.138] Bot23 executed ROTATE_LEFT
[14:35:46.138] Starting turn for Bot4
[14:35:46.138] Bot4 rotated left to face NORTH
[14:35:46.138] Bot4 executed ROTATE_LEFT
[14:35:46.138] Bot4 rotated left to face WEST
[14:35:46.138] Bot4 executed ROTATE_LEFT
[14:35:46.138] Bot4 moved forward to (6,5)
[14:35:46.138] Bot4 executed MOVE_FORWARD
[14:35:46.138] Starting turn for Bot23
[14:35:46.138] Starting turn for Bot4
[14:35:46.138] Bot4 rotated right to face NORTH
[14:35:46.138] Bot4 executed ROTATE_RIGHT
[14:35:46.138] Starting turn for Bot23
[14:35:46.138] Bot23 rotated left to face NORTH
[14:35:46.138] Bot23 executed ROTATE_LEFT
[14:35:46.138] Bot23 moved forward to (0,1)
[14:35:46.138] Bot23 executed MOVE_FORWARD
[14:35:46.138] Starting turn for Bot4
[14:35:46.138] Starting turn for Bot23
[14:35:46.138] Bot23 rotated left to face WEST
[14:35:46.138] Bot23 executed ROTATE_LEFT
[14:35:46.138] Bot23 rotated left to face SOUTH
[14:35:46.138] Bot23 executed ROTATE_LEFT
[14:35:46.138] Bot23 moved forward to (1,1)
[14:35:46.138] Bot23 executed MOVE_FORWARD
[14:35:46.138] Starting turn for Bot4
[14:35:46.138] Bot4 rotated right to face EAST
[14:35:46.138] Bot4 executed ROTATE_RIGHT
[14:35:46.138] Bot4 moved forward to (6,6)
[14:35:46.138] Bot4 executed MOVE_FORWARD
[14:35:46.138] Starting turn for Bot23
[14:35:46.138] Bot23 rotated left to face EAST
[14:35:46.138] Bot23 executed ROTATE_LEFT
[14:35:46.138] Starting turn for Bot4
[14:35:46.138] Bot4 rotated left to face NORTH
[14:35:46.138] Bot4 executed ROTATE_LEFT
[14:35:46.138] Bot4 rotated left to face WEST
[14:35:46.138] Bot4 executed ROTATE_LEFT
[14:35:46.138] Bot4 moved forward to (6,5)
[14:35:46.138] Bot4 executed MOVE_FORWARD
[14:35:46.138] Starting turn for Bot23
[14:35:46.138] Starting turn for Bot4
[14:35:46.138] Bot4 rotated right to face NORTH
[14:35:46.138] Bot4 executed ROTATE_RIGHT
[14:35:46.138] Starting turn for Bot23
[14:35:46.138] Bot23 rotated left to face NORTH
[14:35:46.138] Bot23 executed ROTATE_LEFT
[14:35:46.138] Bot23 moved forward to (0,1)
[14:35:46.138] Bot23 executed MOVE_FORWARD
[14:35:46.138] Starting turn for Bot4
[14:35:46.138] Starting turn for Bot23
[14:35:46.138] Bot23 rotated left to face WEST
[14:35:46.138] Bot23 executed ROTATE_LEFT
[14:35:46.138] Bot23 rotated left to face SOUTH
[14:35:46.138] Bot23 executed ROTATE_LEFT
[14:35:46.138] Bot23 moved forward to (1,1)
[14:35:46.138] Bot23 executed MOVE_FORWARD
[14:35:46.138] Starting turn for Bot4
[14:35:46.138] Bot4 rotated right to face EAST
[14:35:46.138] Bot4 executed ROTATE_RIGHT
[14:35:46.138] Bot4 moved forward to (6,6)
[14:35:46.138] Bot4 executed MOVE_FORWARD
[14:35:46.138] Starting turn for Bot23
[14:35:46.138] Bot23 rotated left to face EAST
[14:35:46.138] Bot23 executed ROTATE_LEFT
[14:35:46.138] Starting turn for Bot4
[14:35:46.138] Bot4 rotated left to face NORTH
[14:35:46.138] Bot4 executed ROTATE_LEFT
[14:35:46.138] Bot4 rotated left to face WEST
[14:35:46.138] Bot4 executed ROTATE_LEFT
[14:35:46.138] Bot4 moved forward to (6,5)
[14:35:46.138] Bot4 executed MOVE_FORWARD
[14:35:46.138] Starting turn for Bot23
[14:35:46.138] Starting turn for Bot4
[14:35:46.138] Stalemate detected: State repeated 10 times, unchanged for 2 turns
[14:35:46.138] Game Over! Stalemate detected!
[14:35:46.138] Stalemate detected: State repeated 10 times, unchanged for 2 turns
