[14:35:42.534] === Game Started at 2025-02-04_14-35-42 ===
[14:35:42.534] Game initialized with 2 players
[14:35:42.534] Board size: 10
[14:35:42.534] Obstacle density: 0.05
[14:35:42.534] Max turns: 1000
[14:35:42.534] Player Bot32 starting at position (0,0) facing WEST
[14:35:42.534] Player Bot2 starting at position (9,9) facing EAST
[14:35:42.534] Obstacles at positions: (1,2) (2,1) (2,9) (3,0) (3,2)
[14:35:42.534] Starting turn for Bot32
[14:35:42.534] Bot32 rotated left to face SOUTH
[14:35:42.534] Bot32 executed ROTATE_LEFT
[14:35:42.534] Bot32 rotated left to face EAST
[14:35:42.534] Bot32 executed ROTATE_LEFT
[14:35:42.534] Bot32 moved forward to (0,1)
[14:35:42.534] Bot32 executed MOVE_FORWARD
[14:35:42.534] Starting turn for Bot2
[14:35:42.534] Bot2 rotated left to face NORTH
[14:35:42.534] Bot2 executed ROTATE_LEFT
[14:35:42.534] Bot2 rotated left to face WEST
[14:35:42.534] Bot2 executed ROTATE_LEFT
[14:35:42.534] Bot2 moved forward to (9,8)
[14:35:42.534] Bot2 executed MOVE_FORWARD
[14:35:42.534] Starting turn for Bot32
[14:35:42.534] Bot32 rotated right to face SOUTH
[14:35:42.534] Bot32 executed ROTATE_RIGHT
[14:35:42.534] Bot32 moved forward to (1,1)
[14:35:42.534] Bot32 executed MOVE_FORWARD
[14:35:42.534] Starting turn for Bot2
[14:35:42.534] Bot2 rotated right to face NORTH
[14:35:42.534] Bot2 executed ROTATE_RIGHT
[14:35:42.534] Bot2 moved forward to (8,8)
[14:35:42.534] Bot2 executed MOVE_FORWARD
[14:35:42.534] Starting turn for Bot32
[14:35:42.534] Bot32 rotated left to face EAST
[14:35:42.534] Bot32 executed ROTATE_LEFT
[14:35:42.534] Starting turn for Bot2
[14:35:42.534] Bot2 rotated left to face WEST
[14:35:42.534] Bot2 executed ROTATE_LEFT
[14:35:42.534] Bot2 moved forward to (8,7)
[14:35:42.534] Bot2 executed MOVE_FORWARD
[14:35:42.534] Starting turn for Bot32
[14:35:42.534] Starting turn for Bot2
[14:35:42.534] Bot2 rotated right to face NORTH
[14:35:42.534] Bot2 executed ROTATE_RIGHT
[14:35:42.534] Bot2 moved forward to (7,7)
[14:35:42.534] Bot2 executed MOVE_FORWARD
[14:35:42.534] Starting turn for Bot32
[14:35:42.534] Bot32 rotated left to face NORTH
[14:35:42.534] Bot32 executed ROTATE_LEFT
[14:35:42.534] Bot32 moved forward to (0,1)
[14:35:42.534] Bot32 executed MOVE_FORWARD
[14:35:42.534] Starting turn for Bot2
[14:35:42.534] Bot2 rotated left to face WEST
[14:35:42.534] Bot2 executed ROTATE_LEFT
[14:35:42.534] Bot2 moved forward to (7,6)
[14:35:42.534] Bot2 executed MOVE_FORWARD
[14:35:42.534] Starting turn for Bot32
[14:35:42.534] Bot32 rotated left to face WEST
[14:35:42.534] Bot32 executed ROTATE_LEFT
[14:35:42.534] Bot32 rotated left to face SOUTH
[14:35:42.534] Bot32 executed ROTATE_LEFT
[14:35:42.534] Bot32 moved forward to (1,1)
[14:35:42.534] Bot32 executed MOVE_FORWARD
[14:35:42.534] Starting turn for Bot2
[14:35:42.534] Bot2 rotated right to face NORTH
[14:35:42.534] Bot2 executed ROTATE_RIGHT
[14:35:42.534] Bot2 moved forward to (6,6)
[14:35:42.534] Bot2 executed MOVE_FORWARD
[14:35:42.534] Starting turn for Bot32
[14:35:42.534] Bot32 rotated left to face EAST
[14:35:42.534] Bot32 executed ROTATE_LEFT
[14:35:42.534] Starting turn for Bot2
[14:35:42.534] Bot2 rotated left to face WEST
[14:35:42.534] Bot2 executed ROTATE_LEFT
[14:35:42.534] Bot2 moved forward to (6,5)
[14:35:42.534] Bot2 executed MOVE_FORWARD
[14:35:42.534] Starting turn for Bot32
[14:35:42.535] Starting turn for Bot2
[14:35:42.535] Bot2 rotated right to face NORTH
[14:35:42.535] Bot2 executed ROTATE_RIGHT
[14:35:42.535] Bot2 moved forward to (5,5)
[14:35:42.535] Bot2 executed MOVE_FORWARD
[14:35:42.535] Starting turn for Bot32
[14:35:42.535] Bot32 rotated left to face NORTH
[14:35:42.535] Bot32 executed ROTATE_LEFT
[14:35:42.535] Bot32 moved forward to (0,1)
[14:35:42.535] Bot32 executed MOVE_FORWARD
[14:35:42.535] Starting turn for Bot2
[14:35:42.535] Starting turn for Bot32
[14:35:42.535] Bot32 rotated left to face WEST
[14:35:42.535] Bot32 executed ROTATE_LEFT
[14:35:42.535] Bot32 rotated left to face SOUTH
[14:35:42.535] Bot32 executed ROTATE_LEFT
[14:35:42.535] Bot32 moved forward to (1,1)
[14:35:42.535] Bot32 executed MOVE_FORWARD
[14:35:42.535] Starting turn for Bot2
[14:35:42.535] Starting turn for Bot32
[14:35:42.535] Bot32 rotated left to face EAST
[14:35:42.535] Bot32 executed ROTATE_LEFT
[14:35:42.535] Starting turn for Bot2
[14:35:42.535] Starting turn for Bot32
[14:35:42.535] Starting turn for Bot2
[14:35:42.535] Starting turn for Bot32
[14:35:42.535] Bot32 rotated left to face NORTH
[14:35:42.535] Bot32 executed ROTATE_LEFT
[14:35:42.535] Bot32 moved forward to (0,1)
[14:35:42.535] Bot32 executed MOVE_FORWARD
[14:35:42.535] Starting turn for Bot2
[14:35:42.535] Starting turn for Bot32
[14:35:42.535] Bot32 rotated left to face WEST
[14:35:42.535] Bot32 executed ROTATE_LEFT
[14:35:42.535] Bot32 rotated left to face SOUTH
[14:35:42.535] Bot32 executed ROTATE_LEFT
[14:35:42.535] Bot32 moved forward to (1,1)
[14:35:42.535] Bot32 executed MOVE_FORWARD
[14:35:42.535] Starting turn for Bot2
[14:35:42.535] Starting turn for Bot32
[14:35:42.535] Bot32 rotated left to face EAST
[14:35:42.535] Bot32 executed ROTATE_LEFT
[14:35:42.535] Starting turn for Bot2
[14:35:42.535] Starting turn for Bot32
[14:35:42.535] Starting turn for Bot2
[14:35:42.535] Starting turn for Bot32
[14:35:42.535] Bot32 rotated left to face NORTH
[14:35:42.535] Bot32 executed ROTATE_LEFT
[14:35:42.535] Bot32 moved forward to (0,1)
[14:35:42.535] Bot32 executed MOVE_FORWARD
[14:35:42.535] Starting turn for Bot2
[14:35:42.535] Starting turn for Bot32
[14:35:42.535] Bot32 rotated left to face WEST
[14:35:42.535] Bot32 executed ROTATE_LEFT
[14:35:42.535] Bot32 rotated left to face SOUTH
[14:35:42.535] Bot32 executed ROTATE_LEFT
[14:35:42.535] Bot32 moved forward to (1,1)
[14:35:42.535] Bot32 executed MOVE_FORWARD
[14:35:42.535] Starting turn for Bot2
[14:35:42.535] Starting turn for Bot32
[14:35:42.535] Bot32 rotated left to face EAST
[14:35:42.535] Bot32 executed ROTATE_LEFT
[14:35:42.535] Starting turn for Bot2
[14:35:42.535] Starting turn for Bot32
[14:35:42.535] Starting turn for Bot2
[14:35:42.535] Stalemate detected: State repeated 10 times, unchanged for 3 turns
[14:35:42.535] Game Over! Stalemate detected!
[14:35:42.535] Stalemate detected: State repeated 10 times, unchanged for 3 turns
