[14:35:59.824] === Game Started at 2025-02-04_14-35-59 ===
[14:35:59.824] Game initialized with 2 players
[14:35:59.824] Board size: 10
[14:35:59.824] Obstacle density: 0.05
[14:35:59.824] Max turns: 1000
[14:35:59.824] Player Bot26 starting at position (0,0) facing EAST
[14:35:59.824] Player Bot13 starting at position (9,9) facing WEST
[14:35:59.824] Obstacles at positions: (1,2) (4,0) (5,0) (8,2) (9,7)
[14:35:59.824] Starting turn for Bot26
[14:35:59.824] Bot26 moved forward to (0,1)
[14:35:59.824] Bot26 executed MOVE_FORWARD
[14:35:59.824] Starting turn for Bot13
[14:35:59.824] Bot13 moved forward to (9,8)
[14:35:59.824] Bot13 executed MOVE_FORWARD
[14:35:59.824] Starting turn for Bot26
[14:35:59.824] Bot26 rotated right to face SOUTH
[14:35:59.824] Bot26 executed ROTATE_RIGHT
[14:35:59.824] Bot26 moved forward to (1,1)
[14:35:59.824] Bot26 executed MOVE_FORWARD
[14:35:59.824] Starting turn for Bot13
[14:35:59.824] Bot13 rotated right to face NORTH
[14:35:59.824] Bot13 executed ROTATE_RIGHT
[14:35:59.824] Bot13 moved forward to (8,8)
[14:35:59.824] Bot13 executed MOVE_FORWARD
[14:35:59.824] Starting turn for Bot26
[14:35:59.824] Bot26 rotated left to face EAST
[14:35:59.824] Bot26 executed ROTATE_LEFT
[14:35:59.824] Starting turn for Bot13
[14:35:59.824] Bot13 rotated left to face WEST
[14:35:59.824] Bot13 executed ROTATE_LEFT
[14:35:59.824] Bot13 moved forward to (8,7)
[14:35:59.824] Bot13 executed MOVE_FORWARD
[14:35:59.824] Starting turn for Bot26
[14:35:59.824] Starting turn for Bot13
[14:35:59.824] Bot13 rotated right to face NORTH
[14:35:59.824] Bot13 executed ROTATE_RIGHT
[14:35:59.824] Bot13 moved forward to (7,7)
[14:35:59.824] Bot13 executed MOVE_FORWARD
[14:35:59.824] Starting turn for Bot26
[14:35:59.824] Bot26 rotated left to face NORTH
[14:35:59.824] Bot26 executed ROTATE_LEFT
[14:35:59.824] Bot26 moved forward to (0,1)
[14:35:59.824] Bot26 executed MOVE_FORWARD
[14:35:59.824] Starting turn for Bot13
[14:35:59.824] Bot13 rotated left to face WEST
[14:35:59.824] Bot13 executed ROTATE_LEFT
[14:35:59.824] Bot13 moved forward to (7,6)
[14:35:59.824] Bot13 executed MOVE_FORWARD
[14:35:59.824] Starting turn for Bot26
[14:35:59.824] Bot26 rotated left to face WEST
[14:35:59.824] Bot26 executed ROTATE_LEFT
[14:35:59.824] Bot26 rotated left to face SOUTH
[14:35:59.824] Bot26 executed ROTATE_LEFT
[14:35:59.824] Bot26 moved forward to (1,1)
[14:35:59.824] Bot26 executed MOVE_FORWARD
[14:35:59.824] Starting turn for Bot13
[14:35:59.824] Bot13 rotated right to face NORTH
[14:35:59.824] Bot13 executed ROTATE_RIGHT
[14:35:59.824] Bot13 moved forward to (6,6)
[14:35:59.824] Bot13 executed MOVE_FORWARD
[14:35:59.824] Starting turn for Bot26
[14:35:59.824] Bot26 rotated left to face EAST
[14:35:59.824] Bot26 executed ROTATE_LEFT
[14:35:59.824] Starting turn for Bot13
[14:35:59.824] Bot13 rotated left to face WEST
[14:35:59.824] Bot13 executed ROTATE_LEFT
[14:35:59.824] Bot13 moved forward to (6,5)
[14:35:59.824] Bot13 executed MOVE_FORWARD
[14:35:59.824] Starting turn for Bot26
[14:35:59.824] Starting turn for Bot13
[14:35:59.824] Bot13 rotated right to face NORTH
[14:35:59.824] Bot13 executed ROTATE_RIGHT
[14:35:59.824] Bot13 moved forward to (5,5)
[14:35:59.824] Bot13 executed MOVE_FORWARD
[14:35:59.824] Starting turn for Bot26
[14:35:59.824] Bot26 rotated left to face NORTH
[14:35:59.824] Bot26 executed ROTATE_LEFT
[14:35:59.824] Bot26 moved forward to (0,1)
[14:35:59.824] Bot26 executed MOVE_FORWARD
[14:35:59.824] Starting turn for Bot13
[14:35:59.824] Starting turn for Bot26
[14:35:59.824] Bot26 rotated left to face WEST
[14:35:59.824] Bot26 executed ROTATE_LEFT
[14:35:59.824] Bot26 rotated left to face SOUTH
[14:35:59.824] Bot26 executed ROTATE_LEFT
[14:35:59.824] Bot26 moved forward to (1,1)
[14:35:59.824] Bot26 executed MOVE_FORWARD
[14:35:59.824] Starting turn for Bot13
[14:35:59.824] Starting turn for Bot26
[14:35:59.824] Bot26 rotated left to face EAST
[14:35:59.824] Bot26 executed ROTATE_LEFT
[14:35:59.824] Starting turn for Bot13
[14:35:59.824] Starting turn for Bot26
[14:35:59.824] Starting turn for Bot13
[14:35:59.824] Starting turn for Bot26
[14:35:59.824] Bot26 rotated left to face NORTH
[14:35:59.824] Bot26 executed ROTATE_LEFT
[14:35:59.824] Bot26 moved forward to (0,1)
[14:35:59.824] Bot26 executed MOVE_FORWARD
[14:35:59.824] Starting turn for Bot13
[14:35:59.824] Starting turn for Bot26
[14:35:59.824] Bot26 rotated left to face WEST
[14:35:59.824] Bot26 executed ROTATE_LEFT
[14:35:59.824] Bot26 rotated left to face SOUTH
[14:35:59.824] Bot26 executed ROTATE_LEFT
[14:35:59.824] Bot26 moved forward to (1,1)
[14:35:59.824] Bot26 executed MOVE_FORWARD
[14:35:59.824] Starting turn for Bot13
[14:35:59.824] Starting turn for Bot26
[14:35:59.824] Bot26 rotated left to face EAST
[14:35:59.824] Bot26 executed ROTATE_LEFT
[14:35:59.824] Starting turn for Bot13
[14:35:59.824] Starting turn for Bot26
[14:35:59.824] Starting turn for Bot13
[14:35:59.824] Starting turn for Bot26
[14:35:59.824] Bot26 rotated left to face NORTH
[14:35:59.824] Bot26 executed ROTATE_LEFT
[14:35:59.824] Bot26 moved forward to (0,1)
[14:35:59.824] Bot26 executed MOVE_FORWARD
[14:35:59.824] Starting turn for Bot13
[14:35:59.824] Starting turn for Bot26
[14:35:59.824] Bot26 rotated left to face WEST
[14:35:59.824] Bot26 executed ROTATE_LEFT
[14:35:59.824] Bot26 rotated left to face SOUTH
[14:35:59.824] Bot26 executed ROTATE_LEFT
[14:35:59.824] Bot26 moved forward to (1,1)
[14:35:59.824] Bot26 executed MOVE_FORWARD
[14:35:59.824] Starting turn for Bot13
[14:35:59.824] Starting turn for Bot26
[14:35:59.824] Bot26 rotated left to face EAST
[14:35:59.824] Bot26 executed ROTATE_LEFT
[14:35:59.824] Starting turn for Bot13
[14:35:59.824] Starting turn for Bot26
[14:35:59.824] Starting turn for Bot13
[14:35:59.824] Stalemate detected: State repeated 10 times, unchanged for 3 turns
[14:35:59.824] Game Over! Stalemate detected!
[14:35:59.824] Stalemate detected: State repeated 10 times, unchanged for 3 turns
