[14:35:48.340] === Game Started at 2025-02-04_14-35-48 ===
[14:35:48.340] Game initialized with 2 players
[14:35:48.340] Board size: 10
[14:35:48.340] Obstacle density: 0.05
[14:35:48.340] Max turns: 1000
[14:35:48.340] Player Bot26 starting at position (0,0) facing EAST
[14:35:48.340] Player Bot5 starting at position (9,9) facing NORTH
[14:35:48.340] Obstacles at positions: (0,6) (2,1) (4,5) (6,4) (8,4)
[14:35:48.340] Starting turn for Bot26
[14:35:48.340] Bot26 moved forward to (0,1)
[14:35:48.340] Bot26 executed MOVE_FORWARD
[14:35:48.340] Starting turn for Bot5
[14:35:48.340] Bot5 rotated left to face WEST
[14:35:48.340] Bot5 executed ROTATE_LEFT
[14:35:48.340] Bot5 moved forward to (9,8)
[14:35:48.340] Bot5 executed MOVE_FORWARD
[14:35:48.340] Starting turn for Bot26
[14:35:48.340] Bot26 rotated right to face SOUTH
[14:35:48.340] Bot26 executed ROTATE_RIGHT
[14:35:48.340] Bot26 moved forward to (1,1)
[14:35:48.340] Bot26 executed MOVE_FORWARD
[14:35:48.340] Starting turn for Bot5
[14:35:48.340] Bot5 rotated right to face NORTH
[14:35:48.340] Bot5 executed ROTATE_RIGHT
[14:35:48.340] Bot5 moved forward to (8,8)
[14:35:48.340] Bot5 executed MOVE_FORWARD
[14:35:48.340] Starting turn for Bot26
[14:35:48.340] Bot26 rotated left to face EAST
[14:35:48.340] Bot26 executed ROTATE_LEFT
[14:35:48.340] Bot26 moved forward to (1,2)
[14:35:48.340] Bot26 executed MOVE_FORWARD
[14:35:48.340] Starting turn for Bot5
[14:35:48.340] Bot5 rotated left to face WEST
[14:35:48.340] Bot5 executed ROTATE_LEFT
[14:35:48.340] Bot5 moved forward to (8,7)
[14:35:48.340] Bot5 executed MOVE_FORWARD
[14:35:48.340] Starting turn for Bot26
[14:35:48.340] Bot26 rotated right to face SOUTH
[14:35:48.340] Bot26 executed ROTATE_RIGHT
[14:35:48.340] Bot26 moved forward to (2,2)
[14:35:48.340] Bot26 executed MOVE_FORWARD
[14:35:48.340] Starting turn for Bot5
[14:35:48.340] Bot5 rotated right to face NORTH
[14:35:48.340] Bot5 executed ROTATE_RIGHT
[14:35:48.340] Bot5 moved forward to (7,7)
[14:35:48.340] Bot5 executed MOVE_FORWARD
[14:35:48.340] Starting turn for Bot26
[14:35:48.340] Bot26 rotated left to face EAST
[14:35:48.340] Bot26 executed ROTATE_LEFT
[14:35:48.340] Bot26 moved forward to (2,3)
[14:35:48.340] Bot26 executed MOVE_FORWARD
[14:35:48.340] Starting turn for Bot5
[14:35:48.340] Bot5 rotated left to face WEST
[14:35:48.340] Bot5 executed ROTATE_LEFT
[14:35:48.340] Bot5 moved forward to (7,6)
[14:35:48.340] Bot5 executed MOVE_FORWARD
[14:35:48.340] Starting turn for Bot26
[14:35:48.340] Bot26 rotated right to face SOUTH
[14:35:48.340] Bot26 executed ROTATE_RIGHT
[14:35:48.340] Bot26 moved forward to (3,3)
[14:35:48.340] Bot26 executed MOVE_FORWARD
[14:35:48.340] Starting turn for Bot5
[14:35:48.340] Bot5 rotated right to face NORTH
[14:35:48.340] Bot5 executed ROTATE_RIGHT
[14:35:48.340] Bot5 moved forward to (6,6)
[14:35:48.340] Bot5 executed MOVE_FORWARD
[14:35:48.340] Starting turn for Bot26
[14:35:48.340] Bot26 rotated left to face EAST
[14:35:48.340] Bot26 executed ROTATE_LEFT
[14:35:48.340] Bot26 moved forward to (3,4)
[14:35:48.340] Bot26 executed MOVE_FORWARD
[14:35:48.340] Starting turn for Bot5
[14:35:48.340] Bot5 rotated left to face WEST
[14:35:48.340] Bot5 executed ROTATE_LEFT
[14:35:48.340] Bot5 moved forward to (6,5)
[14:35:48.340] Bot5 executed MOVE_FORWARD
[14:35:48.340] Starting turn for Bot26
[14:35:48.340] Bot26 rotated right to face SOUTH
[14:35:48.340] Bot26 executed ROTATE_RIGHT
[14:35:48.340] Bot26 moved forward to (4,4)
[14:35:48.340] Bot26 executed MOVE_FORWARD
[14:35:48.340] Starting turn for Bot5
[14:35:48.340] Bot5 rotated right to face NORTH
[14:35:48.340] Bot5 executed ROTATE_RIGHT
[14:35:48.340] Bot5 moved forward to (5,5)
[14:35:48.340] Bot5 executed MOVE_FORWARD
[14:35:48.340] Starting turn for Bot26
[14:35:48.340] Bot26 rotated left to face EAST
[14:35:48.340] Bot26 executed ROTATE_LEFT
[14:35:48.340] Starting turn for Bot5
[14:35:48.340] Starting turn for Bot26
[14:35:48.340] Starting turn for Bot5
[14:35:48.340] Starting turn for Bot26
[14:35:48.340] Bot26 rotated left to face NORTH
[14:35:48.340] Bot26 executed ROTATE_LEFT
[14:35:48.340] Bot26 moved forward to (3,4)
[14:35:48.340] Bot26 executed MOVE_FORWARD
[14:35:48.340] Starting turn for Bot5
[14:35:48.340] Starting turn for Bot26
[14:35:48.340] Bot26 rotated left to face WEST
[14:35:48.340] Bot26 executed ROTATE_LEFT
[14:35:48.340] Bot26 rotated left to face SOUTH
[14:35:48.340] Bot26 executed ROTATE_LEFT
[14:35:48.340] Bot26 moved forward to (4,4)
[14:35:48.340] Bot26 executed MOVE_FORWARD
[14:35:48.340] Starting turn for Bot5
[14:35:48.340] Starting turn for Bot26
[14:35:48.340] Bot26 rotated left to face EAST
[14:35:48.340] Bot26 executed ROTATE_LEFT
[14:35:48.340] Starting turn for Bot5
[14:35:48.341] Starting turn for Bot26
[14:35:48.341] Starting turn for Bot5
[14:35:48.341] Starting turn for Bot26
[14:35:48.341] Bot26 rotated left to face NORTH
[14:35:48.341] Bot26 executed ROTATE_LEFT
[14:35:48.341] Bot26 moved forward to (3,4)
[14:35:48.341] Bot26 executed MOVE_FORWARD
[14:35:48.341] Starting turn for Bot5
[14:35:48.341] Starting turn for Bot26
[14:35:48.341] Bot26 rotated left to face WEST
[14:35:48.341] Bot26 executed ROTATE_LEFT
[14:35:48.341] Bot26 rotated left to face SOUTH
[14:35:48.341] Bot26 executed ROTATE_LEFT
[14:35:48.341] Bot26 moved forward to (4,4)
[14:35:48.341] Bot26 executed MOVE_FORWARD
[14:35:48.341] Starting turn for Bot5
[14:35:48.341] Starting turn for Bot26
[14:35:48.341] Bot26 rotated left to face EAST
[14:35:48.341] Bot26 executed ROTATE_LEFT
[14:35:48.341] Starting turn for Bot5
[14:35:48.341] Starting turn for Bot26
[14:35:48.341] Starting turn for Bot5
[14:35:48.341] Starting turn for Bot26
[14:35:48.341] Bot26 rotated left to face NORTH
[14:35:48.341] Bot26 executed ROTATE_LEFT
[14:35:48.341] Bot26 moved forward to (3,4)
[14:35:48.341] Bot26 executed MOVE_FORWARD
[14:35:48.341] Starting turn for Bot5
[14:35:48.341] Starting turn for Bot26
[14:35:48.341] Bot26 rotated left to face WEST
[14:35:48.341] Bot26 executed ROTATE_LEFT
[14:35:48.341] Bot26 rotated left to face SOUTH
[14:35:48.341] Bot26 executed ROTATE_LEFT
[14:35:48.341] Bot26 moved forward to (4,4)
[14:35:48.341] Bot26 executed MOVE_FORWARD
[14:35:48.341] Starting turn for Bot5
[14:35:48.341] Starting turn for Bot26
[14:35:48.341] Bot26 rotated left to face EAST
[14:35:48.341] Bot26 executed ROTATE_LEFT
[14:35:48.341] Starting turn for Bot5
[14:35:48.341] Stalemate detected: State repeated 10 times, unchanged for 1 turns
[14:35:48.341] Game Over! Stalemate detected!
[14:35:48.341] Stalemate detected: State repeated 10 times, unchanged for 1 turns
