[14:36:14.674] === Game Started at 2025-02-04_14-36-14 ===
[14:36:14.675] Game initialized with 2 players
[14:36:14.675] Board size: 10
[14:36:14.675] Obstacle density: 0.05
[14:36:14.675] Max turns: 1000
[14:36:14.675] Player Bot31 starting at position (0,0) facing EAST
[14:36:14.675] Player Bot38 starting at position (9,9) facing WEST
[14:36:14.675] Obstacles at positions: (1,0) (3,3) (5,8) (7,7) (7,9)
[14:36:14.675] Starting turn for Bot31
[14:36:14.675] Bot31 moved forward to (0,1)
[14:36:14.675] Bot31 executed MOVE_FORWARD
[14:36:14.675] Starting turn for Bot38
[14:36:14.675] Bot38 moved forward to (9,8)
[14:36:14.675] Bot38 executed MOVE_FORWARD
[14:36:14.675] Starting turn for Bot31
[14:36:14.675] Bot31 rotated right to face SOUTH
[14:36:14.675] Bot31 executed ROTATE_RIGHT
[14:36:14.675] Bot31 moved forward to (1,1)
[14:36:14.675] Bot31 executed MOVE_FORWARD
[14:36:14.675] Starting turn for Bot38
[14:36:14.675] Bot38 rotated right to face NORTH
[14:36:14.675] Bot38 executed ROTATE_RIGHT
[14:36:14.675] Bot38 moved forward to (8,8)
[14:36:14.675] Bot38 executed MOVE_FORWARD
[14:36:14.675] Starting turn for Bot31
[14:36:14.675] Bot31 rotated left to face EAST
[14:36:14.675] Bot31 executed ROTATE_LEFT
[14:36:14.675] Bot31 moved forward to (1,2)
[14:36:14.675] Bot31 executed MOVE_FORWARD
[14:36:14.675] Starting turn for Bot38
[14:36:14.675] Bot38 rotated left to face WEST
[14:36:14.675] Bot38 executed ROTATE_LEFT
[14:36:14.675] Bot38 moved forward to (8,7)
[14:36:14.675] Bot38 executed MOVE_FORWARD
[14:36:14.675] Starting turn for Bot31
[14:36:14.675] Bot31 rotated right to face SOUTH
[14:36:14.675] Bot31 executed ROTATE_RIGHT
[14:36:14.675] Bot31 moved forward to (2,2)
[14:36:14.675] Bot31 executed MOVE_FORWARD
[14:36:14.675] Starting turn for Bot38
[14:36:14.675] Bot38 rotated right to face NORTH
[14:36:14.675] Bot38 executed ROTATE_RIGHT
[14:36:14.675] Starting turn for Bot31
[14:36:14.675] Bot31 rotated left to face EAST
[14:36:14.675] Bot31 executed ROTATE_LEFT
[14:36:14.675] Bot31 moved forward to (2,3)
[14:36:14.675] Bot31 executed MOVE_FORWARD
[14:36:14.675] Starting turn for Bot38
[14:36:14.675] Starting turn for Bot31
[14:36:14.675] Bot31 rotated right to face SOUTH
[14:36:14.675] Bot31 executed ROTATE_RIGHT
[14:36:14.675] Starting turn for Bot38
[14:36:14.675] Bot38 rotated right to face EAST
[14:36:14.675] Bot38 executed ROTATE_RIGHT
[14:36:14.675] Bot38 moved forward to (8,8)
[14:36:14.675] Bot38 executed MOVE_FORWARD
[14:36:14.675] Starting turn for Bot31
[14:36:14.675] Starting turn for Bot38
[14:36:14.675] Bot38 rotated left to face NORTH
[14:36:14.675] Bot38 executed ROTATE_LEFT
[14:36:14.675] Bot38 rotated left to face WEST
[14:36:14.675] Bot38 executed ROTATE_LEFT
[14:36:14.675] Bot38 moved forward to (8,7)
[14:36:14.675] Bot38 executed MOVE_FORWARD
[14:36:14.675] Starting turn for Bot31
[14:36:14.675] Bot31 rotated left to face EAST
[14:36:14.675] Bot31 executed ROTATE_LEFT
[14:36:14.675] Bot31 rotated left to face NORTH
[14:36:14.675] Bot31 executed ROTATE_LEFT
[14:36:14.675] Bot31 moved forward to (1,3)
[14:36:14.675] Bot31 executed MOVE_FORWARD
[14:36:14.675] Starting turn for Bot38
[14:36:14.675] Bot38 rotated right to face NORTH
[14:36:14.675] Bot38 executed ROTATE_RIGHT
[14:36:14.675] Starting turn for Bot31
[14:36:14.675] Bot31 rotated left to face WEST
[14:36:14.675] Bot31 executed ROTATE_LEFT
[14:36:14.675] Bot31 rotated left to face SOUTH
[14:36:14.675] Bot31 executed ROTATE_LEFT
[14:36:14.675] Bot31 moved forward to (2,3)
[14:36:14.675] Bot31 executed MOVE_FORWARD
[14:36:14.675] Starting turn for Bot38
[14:36:14.675] Starting turn for Bot31
[14:36:14.675] Starting turn for Bot38
[14:36:14.675] Bot38 rotated right to face EAST
[14:36:14.675] Bot38 executed ROTATE_RIGHT
[14:36:14.675] Bot38 moved forward to (8,8)
[14:36:14.675] Bot38 executed MOVE_FORWARD
[14:36:14.675] Starting turn for Bot31
[14:36:14.675] Starting turn for Bot38
[14:36:14.675] Bot38 rotated left to face NORTH
[14:36:14.675] Bot38 executed ROTATE_LEFT
[14:36:14.675] Bot38 rotated left to face WEST
[14:36:14.675] Bot38 executed ROTATE_LEFT
[14:36:14.675] Bot38 moved forward to (8,7)
[14:36:14.675] Bot38 executed MOVE_FORWARD
[14:36:14.675] Starting turn for Bot31
[14:36:14.675] Bot31 rotated left to face EAST
[14:36:14.675] Bot31 executed ROTATE_LEFT
[14:36:14.675] Bot31 rotated left to face NORTH
[14:36:14.675] Bot31 executed ROTATE_LEFT
[14:36:14.675] Bot31 moved forward to (1,3)
[14:36:14.675] Bot31 executed MOVE_FORWARD
[14:36:14.675] Starting turn for Bot38
[14:36:14.675] Bot38 rotated right to face NORTH
[14:36:14.675] Bot38 executed ROTATE_RIGHT
[14:36:14.675] Starting turn for Bot31
[14:36:14.675] Bot31 rotated left to face WEST
[14:36:14.675] Bot31 executed ROTATE_LEFT
[14:36:14.675] Bot31 rotated left to face SOUTH
[14:36:14.675] Bot31 executed ROTATE_LEFT
[14:36:14.675] Bot31 moved forward to (2,3)
[14:36:14.675] Bot31 executed MOVE_FORWARD
[14:36:14.675] Starting turn for Bot38
[14:36:14.675] Starting turn for Bot31
[14:36:14.675] Starting turn for Bot38
[14:36:14.675] Bot38 rotated right to face EAST
[14:36:14.675] Bot38 executed ROTATE_RIGHT
[14:36:14.675] Bot38 moved forward to (8,8)
[14:36:14.675] Bot38 executed MOVE_FORWARD
[14:36:14.675] Starting turn for Bot31
[14:36:14.675] Starting turn for Bot38
[14:36:14.675] Bot38 rotated left to face NORTH
[14:36:14.675] Bot38 executed ROTATE_LEFT
[14:36:14.675] Bot38 rotated left to face WEST
[14:36:14.675] Bot38 executed ROTATE_LEFT
[14:36:14.675] Bot38 moved forward to (8,7)
[14:36:14.675] Bot38 executed MOVE_FORWARD
[14:36:14.675] Starting turn for Bot31
[14:36:14.675] Bot31 rotated left to face EAST
[14:36:14.675] Bot31 executed ROTATE_LEFT
[14:36:14.675] Bot31 rotated left to face NORTH
[14:36:14.675] Bot31 executed ROTATE_LEFT
[14:36:14.675] Bot31 moved forward to (1,3)
[14:36:14.675] Bot31 executed MOVE_FORWARD
[14:36:14.675] Starting turn for Bot38
[14:36:14.675] Bot38 rotated right to face NORTH
[14:36:14.675] Bot38 executed ROTATE_RIGHT
[14:36:14.675] Starting turn for Bot31
[14:36:14.675] Bot31 rotated left to face WEST
[14:36:14.675] Bot31 executed ROTATE_LEFT
[14:36:14.675] Bot31 rotated left to face SOUTH
[14:36:14.675] Bot31 executed ROTATE_LEFT
[14:36:14.675] Bot31 moved forward to (2,3)
[14:36:14.675] Bot31 executed MOVE_FORWARD
[14:36:14.675] Starting turn for Bot38
[14:36:14.675] Starting turn for Bot31
[14:36:14.675] Starting turn for Bot38
[14:36:14.675] Bot38 rotated right to face EAST
[14:36:14.675] Bot38 executed ROTATE_RIGHT
[14:36:14.675] Bot38 moved forward to (8,8)
[14:36:14.675] Bot38 executed MOVE_FORWARD
[14:36:14.675] Starting turn for Bot31
[14:36:14.675] Starting turn for Bot38
[14:36:14.675] Bot38 rotated left to face NORTH
[14:36:14.675] Bot38 executed ROTATE_LEFT
[14:36:14.675] Bot38 rotated left to face WEST
[14:36:14.675] Bot38 executed ROTATE_LEFT
[14:36:14.675] Bot38 moved forward to (8,7)
[14:36:14.675] Bot38 executed MOVE_FORWARD
[14:36:14.675] Starting turn for Bot31
[14:36:14.675] Bot31 rotated left to face EAST
[14:36:14.675] Bot31 executed ROTATE_LEFT
[14:36:14.675] Bot31 rotated left to face NORTH
[14:36:14.675] Bot31 executed ROTATE_LEFT
[14:36:14.675] Bot31 moved forward to (1,3)
[14:36:14.675] Bot31 executed MOVE_FORWARD
[14:36:14.675] Starting turn for Bot38
[14:36:14.675] Bot38 rotated right to face NORTH
[14:36:14.675] Bot38 executed ROTATE_RIGHT
[14:36:14.675] Starting turn for Bot31
[14:36:14.675] Bot31 rotated left to face WEST
[14:36:14.675] Bot31 executed ROTATE_LEFT
[14:36:14.675] Bot31 rotated left to face SOUTH
[14:36:14.675] Bot31 executed ROTATE_LEFT
[14:36:14.675] Bot31 moved forward to (2,3)
[14:36:14.675] Bot31 executed MOVE_FORWARD
[14:36:14.675] Starting turn for Bot38
[14:36:14.675] Stalemate detected: State repeated 10 times, unchanged for 3 turns
[14:36:14.675] Game Over! Stalemate detected!
[14:36:14.675] Stalemate detected: State repeated 10 times, unchanged for 3 turns
