[14:35:45.656] === Game Started at 2025-02-04_14-35-45 ===
[14:35:45.656] Game initialized with 2 players
[14:35:45.656] Board size: 10
[14:35:45.656] Obstacle density: 0.05
[14:35:45.656] Max turns: 1000
[14:35:45.656] Player Bot4 starting at position (0,0) facing NORTH
[14:35:45.656] Player Bot16 starting at position (9,9) facing SOUTH
[14:35:45.656] Obstacles at positions: (3,4) (7,0) (8,8) (9,2) (9,6)
[14:35:45.656] Starting turn for Bot4
[14:35:45.656] Bot4 rotated right to face EAST
[14:35:45.656] Bot4 executed ROTATE_RIGHT
[14:35:45.656] Bot4 moved forward to (0,1)
[14:35:45.656] Bot4 executed MOVE_FORWARD
[14:35:45.656] Starting turn for Bot16
[14:35:45.656] Bot16 rotated right to face WEST
[14:35:45.656] Bot16 executed ROTATE_RIGHT
[14:35:45.656] Bot16 moved forward to (9,8)
[14:35:45.656] Bot16 executed MOVE_FORWARD
[14:35:45.656] Starting turn for Bot4
[14:35:45.656] Bot4 rotated right to face SOUTH
[14:35:45.656] Bot4 executed ROTATE_RIGHT
[14:35:45.656] Bot4 moved forward to (1,1)
[14:35:45.656] Bot4 executed MOVE_FORWARD
[14:35:45.656] Starting turn for Bot16
[14:35:45.656] Bot16 rotated right to face NORTH
[14:35:45.656] Bot16 executed ROTATE_RIGHT
[14:35:45.656] Starting turn for Bot4
[14:35:45.656] Bot4 rotated left to face EAST
[14:35:45.656] Bot4 executed ROTATE_LEFT
[14:35:45.656] Bot4 moved forward to (1,2)
[14:35:45.656] Bot4 executed MOVE_FORWARD
[14:35:45.656] Starting turn for Bot16
[14:35:45.656] Starting turn for Bot4
[14:35:45.656] Bot4 rotated right to face SOUTH
[14:35:45.656] Bot4 executed ROTATE_RIGHT
[14:35:45.656] Bot4 moved forward to (2,2)
[14:35:45.656] Bot4 executed MOVE_FORWARD
[14:35:45.656] Starting turn for Bot16
[14:35:45.656] Bot16 rotated right to face EAST
[14:35:45.656] Bot16 executed ROTATE_RIGHT
[14:35:45.656] Bot16 moved forward to (9,9)
[14:35:45.656] Bot16 executed MOVE_FORWARD
[14:35:45.656] Starting turn for Bot4
[14:35:45.656] Bot4 rotated left to face EAST
[14:35:45.656] Bot4 executed ROTATE_LEFT
[14:35:45.656] Bot4 moved forward to (2,3)
[14:35:45.656] Bot4 executed MOVE_FORWARD
[14:35:45.656] Starting turn for Bot16
[14:35:45.656] Bot16 rotated left to face NORTH
[14:35:45.656] Bot16 executed ROTATE_LEFT
[14:35:45.656] Bot16 rotated left to face WEST
[14:35:45.656] Bot16 executed ROTATE_LEFT
[14:35:45.656] Bot16 moved forward to (9,8)
[14:35:45.656] Bot16 executed MOVE_FORWARD
[14:35:45.656] Starting turn for Bot4
[14:35:45.656] Bot4 rotated right to face SOUTH
[14:35:45.656] Bot4 executed ROTATE_RIGHT
[14:35:45.656] Bot4 moved forward to (3,3)
[14:35:45.656] Bot4 executed MOVE_FORWARD
[14:35:45.656] Starting turn for Bot16
[14:35:45.656] Bot16 rotated right to face NORTH
[14:35:45.656] Bot16 executed ROTATE_RIGHT
[14:35:45.656] Starting turn for Bot4
[14:35:45.656] Bot4 rotated left to face EAST
[14:35:45.656] Bot4 executed ROTATE_LEFT
[14:35:45.656] Starting turn for Bot16
[14:35:45.656] Starting turn for Bot4
[14:35:45.656] Starting turn for Bot16
[14:35:45.656] Bot16 rotated right to face EAST
[14:35:45.656] Bot16 executed ROTATE_RIGHT
[14:35:45.656] Bot16 moved forward to (9,9)
[14:35:45.656] Bot16 executed MOVE_FORWARD
[14:35:45.656] Starting turn for Bot4
[14:35:45.656] Bot4 rotated left to face NORTH
[14:35:45.656] Bot4 executed ROTATE_LEFT
[14:35:45.656] Bot4 moved forward to (2,3)
[14:35:45.656] Bot4 executed MOVE_FORWARD
[14:35:45.656] Starting turn for Bot16
[14:35:45.656] Bot16 rotated left to face NORTH
[14:35:45.657] Bot16 executed ROTATE_LEFT
[14:35:45.657] Bot16 rotated left to face WEST
[14:35:45.657] Bot16 executed ROTATE_LEFT
[14:35:45.657] Bot16 moved forward to (9,8)
[14:35:45.657] Bot16 executed MOVE_FORWARD
[14:35:45.657] Starting turn for Bot4
[14:35:45.657] Bot4 rotated left to face WEST
[14:35:45.657] Bot4 executed ROTATE_LEFT
[14:35:45.657] Bot4 rotated left to face SOUTH
[14:35:45.657] Bot4 executed ROTATE_LEFT
[14:35:45.657] Bot4 moved forward to (3,3)
[14:35:45.657] Bot4 executed MOVE_FORWARD
[14:35:45.657] Starting turn for Bot16
[14:35:45.657] Bot16 rotated right to face NORTH
[14:35:45.657] Bot16 executed ROTATE_RIGHT
[14:35:45.657] Starting turn for Bot4
[14:35:45.657] Bot4 rotated left to face EAST
[14:35:45.657] Bot4 executed ROTATE_LEFT
[14:35:45.657] Starting turn for Bot16
[14:35:45.657] Starting turn for Bot4
[14:35:45.657] Starting turn for Bot16
[14:35:45.657] Bot16 rotated right to face EAST
[14:35:45.657] Bot16 executed ROTATE_RIGHT
[14:35:45.657] Bot16 moved forward to (9,9)
[14:35:45.657] Bot16 executed MOVE_FORWARD
[14:35:45.657] Starting turn for Bot4
[14:35:45.657] Bot4 rotated left to face NORTH
[14:35:45.657] Bot4 executed ROTATE_LEFT
[14:35:45.657] Bot4 moved forward to (2,3)
[14:35:45.657] Bot4 executed MOVE_FORWARD
[14:35:45.657] Starting turn for Bot16
[14:35:45.657] Bot16 rotated left to face NORTH
[14:35:45.657] Bot16 executed ROTATE_LEFT
[14:35:45.657] Bot16 rotated left to face WEST
[14:35:45.657] Bot16 executed ROTATE_LEFT
[14:35:45.657] Bot16 moved forward to (9,8)
[14:35:45.657] Bot16 executed MOVE_FORWARD
[14:35:45.657] Starting turn for Bot4
[14:35:45.657] Bot4 rotated left to face WEST
[14:35:45.657] Bot4 executed ROTATE_LEFT
[14:35:45.657] Bot4 rotated left to face SOUTH
[14:35:45.657] Bot4 executed ROTATE_LEFT
[14:35:45.657] Bot4 moved forward to (3,3)
[14:35:45.657] Bot4 executed MOVE_FORWARD
[14:35:45.657] Starting turn for Bot16
[14:35:45.657] Bot16 rotated right to face NORTH
[14:35:45.657] Bot16 executed ROTATE_RIGHT
[14:35:45.657] Starting turn for Bot4
[14:35:45.657] Bot4 rotated left to face EAST
[14:35:45.657] Bot4 executed ROTATE_LEFT
[14:35:45.657] Starting turn for Bot16
[14:35:45.657] Starting turn for Bot4
[14:35:45.657] Starting turn for Bot16
[14:35:45.657] Bot16 rotated right to face EAST
[14:35:45.657] Bot16 executed ROTATE_RIGHT
[14:35:45.657] Bot16 moved forward to (9,9)
[14:35:45.657] Bot16 executed MOVE_FORWARD
[14:35:45.657] Starting turn for Bot4
[14:35:45.657] Bot4 rotated left to face NORTH
[14:35:45.657] Bot4 executed ROTATE_LEFT
[14:35:45.657] Bot4 moved forward to (2,3)
[14:35:45.657] Bot4 executed MOVE_FORWARD
[14:35:45.657] Starting turn for Bot16
[14:35:45.657] Bot16 rotated left to face NORTH
[14:35:45.657] Bot16 executed ROTATE_LEFT
[14:35:45.657] Bot16 rotated left to face WEST
[14:35:45.657] Bot16 executed ROTATE_LEFT
[14:35:45.657] Bot16 moved forward to (9,8)
[14:35:45.657] Bot16 executed MOVE_FORWARD
[14:35:45.657] Starting turn for Bot4
[14:35:45.657] Bot4 rotated left to face WEST
[14:35:45.657] Bot4 executed ROTATE_LEFT
[14:35:45.657] Bot4 rotated left to face SOUTH
[14:35:45.657] Bot4 executed ROTATE_LEFT
[14:35:45.657] Bot4 moved forward to (3,3)
[14:35:45.657] Bot4 executed MOVE_FORWARD
[14:35:45.657] Starting turn for Bot16
[14:35:45.657] Bot16 rotated right to face NORTH
[14:35:45.657] Bot16 executed ROTATE_RIGHT
[14:35:45.657] Starting turn for Bot4
[14:35:45.657] Bot4 rotated left to face EAST
[14:35:45.657] Bot4 executed ROTATE_LEFT
[14:35:45.657] Starting turn for Bot16
[14:35:45.657] Starting turn for Bot4
[14:35:45.657] Starting turn for Bot16
[14:35:45.657] Stalemate detected: State repeated 10 times, unchanged for 1 turns
[14:35:45.657] Game Over! Stalemate detected!
[14:35:45.657] Stalemate detected: State repeated 10 times, unchanged for 1 turns
