[14:35:54.534] === Game Started at 2025-02-04_14-35-54 ===
[14:35:54.534] Game initialized with 2 players
[14:35:54.534] Board size: 10
[14:35:54.534] Obstacle density: 0.05
[14:35:54.534] Max turns: 1000
[14:35:54.534] Player Bot16 starting at position (0,0) facing NORTH
[14:35:54.534] Player Bot9 starting at position (9,9) facing WEST
[14:35:54.534] Obstacles at positions: (1,2) (2,8) (4,1) (5,9) (8,9)
[14:35:54.534] Starting turn for Bot16
[14:35:54.534] Bot16 rotated right to face EAST
[14:35:54.534] Bot16 executed ROTATE_RIGHT
[14:35:54.534] Bot16 moved forward to (0,1)
[14:35:54.534] Bot16 executed MOVE_FORWARD
[14:35:54.534] Starting turn for Bot9
[14:35:54.534] Bot9 moved forward to (9,8)
[14:35:54.534] Bot9 executed MOVE_FORWARD
[14:35:54.534] Starting turn for Bot16
[14:35:54.534] Bot16 rotated right to face SOUTH
[14:35:54.534] Bot16 executed ROTATE_RIGHT
[14:35:54.534] Bot16 moved forward to (1,1)
[14:35:54.534] Bot16 executed MOVE_FORWARD
[14:35:54.534] Starting turn for Bot9
[14:35:54.534] Bot9 rotated right to face NORTH
[14:35:54.534] Bot9 executed ROTATE_RIGHT
[14:35:54.534] Bot9 moved forward to (8,8)
[14:35:54.534] Bot9 executed MOVE_FORWARD
[14:35:54.534] Starting turn for Bot16
[14:35:54.534] Bot16 rotated left to face EAST
[14:35:54.534] Bot16 executed ROTATE_LEFT
[14:35:54.534] Starting turn for Bot9
[14:35:54.534] Bot9 rotated left to face WEST
[14:35:54.534] Bot9 executed ROTATE_LEFT
[14:35:54.534] Bot9 moved forward to (8,7)
[14:35:54.534] Bot9 executed MOVE_FORWARD
[14:35:54.534] Starting turn for Bot16
[14:35:54.534] Starting turn for Bot9
[14:35:54.534] Bot9 rotated right to face NORTH
[14:35:54.534] Bot9 executed ROTATE_RIGHT
[14:35:54.534] Bot9 moved forward to (7,7)
[14:35:54.534] Bot9 executed MOVE_FORWARD
[14:35:54.534] Starting turn for Bot16
[14:35:54.534] Bot16 rotated left to face NORTH
[14:35:54.534] Bot16 executed ROTATE_LEFT
[14:35:54.534] Bot16 moved forward to (0,1)
[14:35:54.534] Bot16 executed MOVE_FORWARD
[14:35:54.534] Starting turn for Bot9
[14:35:54.534] Bot9 rotated left to face WEST
[14:35:54.534] Bot9 executed ROTATE_LEFT
[14:35:54.534] Bot9 moved forward to (7,6)
[14:35:54.534] Bot9 executed MOVE_FORWARD
[14:35:54.534] Starting turn for Bot16
[14:35:54.534] Bot16 rotated left to face WEST
[14:35:54.534] Bot16 executed ROTATE_LEFT
[14:35:54.534] Bot16 rotated left to face SOUTH
[14:35:54.534] Bot16 executed ROTATE_LEFT
[14:35:54.534] Bot16 moved forward to (1,1)
[14:35:54.534] Bot16 executed MOVE_FORWARD
[14:35:54.534] Starting turn for Bot9
[14:35:54.534] Bot9 rotated right to face NORTH
[14:35:54.534] Bot9 executed ROTATE_RIGHT
[14:35:54.534] Bot9 moved forward to (6,6)
[14:35:54.534] Bot9 executed MOVE_FORWARD
[14:35:54.534] Starting turn for Bot16
[14:35:54.534] Bot16 rotated left to face EAST
[14:35:54.534] Bot16 executed ROTATE_LEFT
[14:35:54.534] Starting turn for Bot9
[14:35:54.534] Bot9 rotated left to face WEST
[14:35:54.534] Bot9 executed ROTATE_LEFT
[14:35:54.534] Bot9 moved forward to (6,5)
[14:35:54.534] Bot9 executed MOVE_FORWARD
[14:35:54.534] Starting turn for Bot16
[14:35:54.534] Starting turn for Bot9
[14:35:54.534] Bot9 rotated right to face NORTH
[14:35:54.534] Bot9 executed ROTATE_RIGHT
[14:35:54.534] Bot9 moved forward to (5,5)
[14:35:54.534] Bot9 executed MOVE_FORWARD
[14:35:54.534] Starting turn for Bot16
[14:35:54.534] Bot16 rotated left to face NORTH
[14:35:54.534] Bot16 executed ROTATE_LEFT
[14:35:54.534] Bot16 moved forward to (0,1)
[14:35:54.534] Bot16 executed MOVE_FORWARD
[14:35:54.534] Starting turn for Bot9
[14:35:54.534] Starting turn for Bot16
[14:35:54.534] Bot16 rotated left to face WEST
[14:35:54.534] Bot16 executed ROTATE_LEFT
[14:35:54.534] Bot16 rotated left to face SOUTH
[14:35:54.534] Bot16 executed ROTATE_LEFT
[14:35:54.534] Bot16 moved forward to (1,1)
[14:35:54.534] Bot16 executed MOVE_FORWARD
[14:35:54.534] Starting turn for Bot9
[14:35:54.534] Starting turn for Bot16
[14:35:54.534] Bot16 rotated left to face EAST
[14:35:54.534] Bot16 executed ROTATE_LEFT
[14:35:54.534] Starting turn for Bot9
[14:35:54.534] Starting turn for Bot16
[14:35:54.534] Starting turn for Bot9
[14:35:54.534] Starting turn for Bot16
[14:35:54.534] Bot16 rotated left to face NORTH
[14:35:54.534] Bot16 executed ROTATE_LEFT
[14:35:54.534] Bot16 moved forward to (0,1)
[14:35:54.534] Bot16 executed MOVE_FORWARD
[14:35:54.534] Starting turn for Bot9
[14:35:54.534] Starting turn for Bot16
[14:35:54.534] Bot16 rotated left to face WEST
[14:35:54.534] Bot16 executed ROTATE_LEFT
[14:35:54.534] Bot16 rotated left to face SOUTH
[14:35:54.534] Bot16 executed ROTATE_LEFT
[14:35:54.534] Bot16 moved forward to (1,1)
[14:35:54.534] Bot16 executed MOVE_FORWARD
[14:35:54.534] Starting turn for Bot9
[14:35:54.534] Starting turn for Bot16
[14:35:54.534] Bot16 rotated left to face EAST
[14:35:54.534] Bot16 executed ROTATE_LEFT
[14:35:54.534] Starting turn for Bot9
[14:35:54.534] Starting turn for Bot16
[14:35:54.534] Starting turn for Bot9
[14:35:54.534] Starting turn for Bot16
[14:35:54.534] Bot16 rotated left to face NORTH
[14:35:54.534] Bot16 executed ROTATE_LEFT
[14:35:54.534] Bot16 moved forward to (0,1)
[14:35:54.534] Bot16 executed MOVE_FORWARD
[14:35:54.534] Starting turn for Bot9
[14:35:54.534] Starting turn for Bot16
[14:35:54.534] Bot16 rotated left to face WEST
[14:35:54.534] Bot16 executed ROTATE_LEFT
[14:35:54.534] Bot16 rotated left to face SOUTH
[14:35:54.534] Bot16 executed ROTATE_LEFT
[14:35:54.534] Bot16 moved forward to (1,1)
[14:35:54.534] Bot16 executed MOVE_FORWARD
[14:35:54.534] Starting turn for Bot9
[14:35:54.534] Starting turn for Bot16
[14:35:54.534] Bot16 rotated left to face EAST
[14:35:54.534] Bot16 executed ROTATE_LEFT
[14:35:54.534] Starting turn for Bot9
[14:35:54.534] Starting turn for Bot16
[14:35:54.534] Starting turn for Bot9
[14:35:54.534] Stalemate detected: State repeated 10 times, unchanged for 3 turns
[14:35:54.534] Game Over! Stalemate detected!
[14:35:54.534] Stalemate detected: State repeated 10 times, unchanged for 3 turns
