[14:35:39.594] === Game Started at 2025-02-04_14-35-39 ===
[14:35:39.594] Game initialized with 2 players
[14:35:39.594] Board size: 10
[14:35:39.594] Obstacle density: 0.05
[14:35:39.594] Max turns: 1000
[14:35:39.594] Player Bot1 starting at position (0,0) facing NORTH
[14:35:39.594] Player Bot15 starting at position (9,9) facing NORTH
[14:35:39.594] Obstacles at positions: (1,6) (4,9) (5,4) (9,6) (9,7)
[14:35:39.594] Starting turn for Bot1
[14:35:39.594] Bot1 rotated right to face EAST
[14:35:39.594] Bot1 executed ROTATE_RIGHT
[14:35:39.594] Bot1 moved forward to (0,1)
[14:35:39.594] Bot1 executed MOVE_FORWARD
[14:35:39.594] Starting turn for Bot15
[14:35:39.594] Bot15 rotated left to face WEST
[14:35:39.594] Bot15 executed ROTATE_LEFT
[14:35:39.594] Bot15 moved forward to (9,8)
[14:35:39.594] Bot15 executed MOVE_FORWARD
[14:35:39.594] Starting turn for Bot1
[14:35:39.594] Bot1 rotated right to face SOUTH
[14:35:39.594] Bot1 executed ROTATE_RIGHT
[14:35:39.594] Bot1 moved forward to (1,1)
[14:35:39.594] Bot1 executed MOVE_FORWARD
[14:35:39.594] Starting turn for Bot15
[14:35:39.594] Bot15 rotated right to face NORTH
[14:35:39.594] Bot15 executed ROTATE_RIGHT
[14:35:39.594] Bot15 moved forward to (8,8)
[14:35:39.594] Bot15 executed MOVE_FORWARD
[14:35:39.594] Starting turn for Bot1
[14:35:39.594] Bot1 rotated left to face EAST
[14:35:39.594] Bot1 executed ROTATE_LEFT
[14:35:39.594] Bot1 moved forward to (1,2)
[14:35:39.594] Bot1 executed MOVE_FORWARD
[14:35:39.594] Starting turn for Bot15
[14:35:39.594] Bot15 rotated left to face WEST
[14:35:39.594] Bot15 executed ROTATE_LEFT
[14:35:39.594] Bot15 moved forward to (8,7)
[14:35:39.594] Bot15 executed MOVE_FORWARD
[14:35:39.594] Starting turn for Bot1
[14:35:39.594] Bot1 rotated right to face SOUTH
[14:35:39.594] Bot1 executed ROTATE_RIGHT
[14:35:39.594] Bot1 moved forward to (2,2)
[14:35:39.594] Bot1 executed MOVE_FORWARD
[14:35:39.594] Starting turn for Bot15
[14:35:39.594] Bot15 rotated right to face NORTH
[14:35:39.594] Bot15 executed ROTATE_RIGHT
[14:35:39.594] Bot15 moved forward to (7,7)
[14:35:39.594] Bot15 executed MOVE_FORWARD
[14:35:39.594] Starting turn for Bot1
[14:35:39.594] Bot1 rotated left to face EAST
[14:35:39.594] Bot1 executed ROTATE_LEFT
[14:35:39.594] Bot1 moved forward to (2,3)
[14:35:39.594] Bot1 executed MOVE_FORWARD
[14:35:39.594] Starting turn for Bot15
[14:35:39.594] Bot15 rotated left to face WEST
[14:35:39.594] Bot15 executed ROTATE_LEFT
[14:35:39.594] Bot15 moved forward to (7,6)
[14:35:39.594] Bot15 executed MOVE_FORWARD
[14:35:39.594] Starting turn for Bot1
[14:35:39.594] Bot1 rotated right to face SOUTH
[14:35:39.594] Bot1 executed ROTATE_RIGHT
[14:35:39.594] Bot1 moved forward to (3,3)
[14:35:39.594] Bot1 executed MOVE_FORWARD
[14:35:39.594] Starting turn for Bot15
[14:35:39.594] Bot15 rotated right to face NORTH
[14:35:39.594] Bot15 executed ROTATE_RIGHT
[14:35:39.594] Bot15 moved forward to (6,6)
[14:35:39.594] Bot15 executed MOVE_FORWARD
[14:35:39.594] Starting turn for Bot1
[14:35:39.594] Bot1 rotated left to face EAST
[14:35:39.594] Bot1 executed ROTATE_LEFT
[14:35:39.594] Bot1 moved forward to (3,4)
[14:35:39.594] Bot1 executed MOVE_FORWARD
[14:35:39.594] Starting turn for Bot15
[14:35:39.594] Bot15 rotated left to face WEST
[14:35:39.594] Bot15 executed ROTATE_LEFT
[14:35:39.594] Bot15 moved forward to (6,5)
[14:35:39.594] Bot15 executed MOVE_FORWARD
[14:35:39.594] Starting turn for Bot1
[14:35:39.594] Bot1 rotated right to face SOUTH
[14:35:39.594] Bot1 executed ROTATE_RIGHT
[14:35:39.594] Bot1 moved forward to (4,4)
[14:35:39.594] Bot1 executed MOVE_FORWARD
[14:35:39.594] Starting turn for Bot15
[14:35:39.594] Bot15 rotated right to face NORTH
[14:35:39.594] Bot15 executed ROTATE_RIGHT
[14:35:39.595] Bot15 moved forward to (5,5)
[14:35:39.595] Bot15 executed MOVE_FORWARD
[14:35:39.595] Starting turn for Bot1
[14:35:39.595] Bot1 rotated left to face EAST
[14:35:39.595] Bot1 executed ROTATE_LEFT
[14:35:39.595] Bot1 moved forward to (4,5)
[14:35:39.595] Bot1 executed MOVE_FORWARD
[14:35:39.595] Starting turn for Bot15
[14:35:39.595] Bot15 shooting in direction NORTH
[14:35:39.595] Bot15 hit Bot1 for 25 damage (health: 100 -> 75)
[14:35:39.595] Bot15 executed SHOOT
[14:35:39.595] Starting turn for Bot1
[14:35:39.595] Bot1 rotated right to face SOUTH
[14:35:39.595] Bot1 executed ROTATE_RIGHT
[14:35:39.595] Starting turn for Bot15
[14:35:39.595] Bot15 shooting in direction NORTH
[14:35:39.595] Bot15 hit Bot1 for 25 damage (health: 75 -> 50)
[14:35:39.595] Bot15 executed SHOOT
[14:35:39.595] Starting turn for Bot1
[14:35:39.595] Bot1 shooting in direction SOUTH
[14:35:39.595] Bot1 hit Bot15 for 25 damage (health: 100 -> 75)
[14:35:39.595] Bot1 executed SHOOT
[14:35:39.595] Starting turn for Bot15
[14:35:39.595] Bot15 shooting in direction NORTH
[14:35:39.595] Bot15 hit Bot1 for 25 damage (health: 50 -> 25)
[14:35:39.595] Bot15 executed SHOOT
[14:35:39.595] Starting turn for Bot1
[14:35:39.595] Bot1 shooting in direction SOUTH
[14:35:39.595] Bot1 hit Bot15 for 25 damage (health: 75 -> 50)
[14:35:39.595] Bot1 executed SHOOT
[14:35:39.595] Starting turn for Bot15
[14:35:39.595] Bot15 shooting in direction NORTH
[14:35:39.595] Bot15 hit Bot1 for 25 damage (health: 25 -> 0)
[14:35:39.595] Bot1 was destroyed!
[14:35:39.595] Bot15 is the last tank standing!
[14:35:39.595] Bot15 executed SHOOT
[14:35:39.595] Game Over! Bot15 wins!
[14:35:39.595] === Game Ended ===
