[14:36:02.647] === Game Started at 2025-02-04_14-36-02 ===
[14:36:02.647] Game initialized with 2 players
[14:36:02.647] Board size: 10
[14:36:02.647] Obstacle density: 0.05
[14:36:02.647] Max turns: 1000
[14:36:02.647] Player Bot32 starting at position (0,0) facing NORTH
[14:36:02.647] Player Bot15 starting at position (9,9) facing SOUTH
[14:36:02.647] Obstacles at positions: (0,5) (2,3) (3,2) (4,4) (5,5)
[14:36:02.647] Starting turn for Bot32
[14:36:02.647] Bot32 rotated right to face EAST
[14:36:02.647] Bot32 executed ROTATE_RIGHT
[14:36:02.647] Bot32 moved forward to (0,1)
[14:36:02.647] Bot32 executed MOVE_FORWARD
[14:36:02.647] Starting turn for Bot15
[14:36:02.647] Bot15 rotated right to face WEST
[14:36:02.647] Bot15 executed ROTATE_RIGHT
[14:36:02.647] Bot15 moved forward to (9,8)
[14:36:02.647] Bot15 executed MOVE_FORWARD
[14:36:02.647] Starting turn for Bot32
[14:36:02.647] Bot32 rotated right to face SOUTH
[14:36:02.647] Bot32 executed ROTATE_RIGHT
[14:36:02.647] Bot32 moved forward to (1,1)
[14:36:02.647] Bot32 executed MOVE_FORWARD
[14:36:02.647] Starting turn for Bot15
[14:36:02.647] Bot15 rotated right to face NORTH
[14:36:02.647] Bot15 executed ROTATE_RIGHT
[14:36:02.647] Bot15 moved forward to (8,8)
[14:36:02.647] Bot15 executed MOVE_FORWARD
[14:36:02.647] Starting turn for Bot32
[14:36:02.647] Bot32 rotated left to face EAST
[14:36:02.647] Bot32 executed ROTATE_LEFT
[14:36:02.647] Bot32 moved forward to (1,2)
[14:36:02.647] Bot32 executed MOVE_FORWARD
[14:36:02.647] Starting turn for Bot15
[14:36:02.647] Bot15 rotated left to face WEST
[14:36:02.647] Bot15 executed ROTATE_LEFT
[14:36:02.647] Bot15 moved forward to (8,7)
[14:36:02.647] Bot15 executed MOVE_FORWARD
[14:36:02.647] Starting turn for Bot32
[14:36:02.647] Bot32 rotated right to face SOUTH
[14:36:02.647] Bot32 executed ROTATE_RIGHT
[14:36:02.647] Bot32 moved forward to (2,2)
[14:36:02.647] Bot32 executed MOVE_FORWARD
[14:36:02.647] Starting turn for Bot15
[14:36:02.647] Bot15 rotated right to face NORTH
[14:36:02.647] Bot15 executed ROTATE_RIGHT
[14:36:02.647] Bot15 moved forward to (7,7)
[14:36:02.647] Bot15 executed MOVE_FORWARD
[14:36:02.647] Starting turn for Bot32
[14:36:02.647] Bot32 rotated left to face EAST
[14:36:02.647] Bot32 executed ROTATE_LEFT
[14:36:02.647] Starting turn for Bot15
[14:36:02.647] Bot15 rotated left to face WEST
[14:36:02.647] Bot15 executed ROTATE_LEFT
[14:36:02.647] Bot15 moved forward to (7,6)
[14:36:02.647] Bot15 executed MOVE_FORWARD
[14:36:02.647] Starting turn for Bot32
[14:36:02.647] Starting turn for Bot15
[14:36:02.647] Bot15 rotated right to face NORTH
[14:36:02.647] Bot15 executed ROTATE_RIGHT
[14:36:02.647] Bot15 moved forward to (6,6)
[14:36:02.647] Bot15 executed MOVE_FORWARD
[14:36:02.647] Starting turn for Bot32
[14:36:02.647] Bot32 rotated left to face NORTH
[14:36:02.647] Bot32 executed ROTATE_LEFT
[14:36:02.647] Bot32 moved forward to (1,2)
[14:36:02.647] Bot32 executed MOVE_FORWARD
[14:36:02.647] Starting turn for Bot15
[14:36:02.647] Bot15 rotated left to face WEST
[14:36:02.647] Bot15 executed ROTATE_LEFT
[14:36:02.647] Bot15 moved forward to (6,5)
[14:36:02.647] Bot15 executed MOVE_FORWARD
[14:36:02.647] Starting turn for Bot32
[14:36:02.647] Bot32 rotated left to face WEST
[14:36:02.647] Bot32 executed ROTATE_LEFT
[14:36:02.647] Bot32 rotated left to face SOUTH
[14:36:02.647] Bot32 executed ROTATE_LEFT
[14:36:02.647] Bot32 moved forward to (2,2)
[14:36:02.647] Bot32 executed MOVE_FORWARD
[14:36:02.647] Starting turn for Bot15
[14:36:02.647] Bot15 rotated right to face NORTH
[14:36:02.647] Bot15 executed ROTATE_RIGHT
[14:36:02.647] Starting turn for Bot32
[14:36:02.647] Bot32 rotated left to face EAST
[14:36:02.647] Bot32 executed ROTATE_LEFT
[14:36:02.647] Starting turn for Bot15
[14:36:02.647] Starting turn for Bot32
[14:36:02.647] Starting turn for Bot15
[14:36:02.647] Bot15 rotated right to face EAST
[14:36:02.647] Bot15 executed ROTATE_RIGHT
[14:36:02.647] Bot15 moved forward to (6,6)
[14:36:02.647] Bot15 executed MOVE_FORWARD
[14:36:02.647] Starting turn for Bot32
[14:36:02.647] Bot32 rotated left to face NORTH
[14:36:02.647] Bot32 executed ROTATE_LEFT
[14:36:02.647] Bot32 moved forward to (1,2)
[14:36:02.647] Bot32 executed MOVE_FORWARD
[14:36:02.647] Starting turn for Bot15
[14:36:02.647] Bot15 rotated left to face NORTH
[14:36:02.647] Bot15 executed ROTATE_LEFT
[14:36:02.647] Bot15 rotated left to face WEST
[14:36:02.647] Bot15 executed ROTATE_LEFT
[14:36:02.647] Bot15 moved forward to (6,5)
[14:36:02.647] Bot15 executed MOVE_FORWARD
[14:36:02.647] Starting turn for Bot32
[14:36:02.647] Bot32 rotated left to face WEST
[14:36:02.647] Bot32 executed ROTATE_LEFT
[14:36:02.647] Bot32 rotated left to face SOUTH
[14:36:02.647] Bot32 executed ROTATE_LEFT
[14:36:02.647] Bot32 moved forward to (2,2)
[14:36:02.647] Bot32 executed MOVE_FORWARD
[14:36:02.647] Starting turn for Bot15
[14:36:02.647] Bot15 rotated right to face NORTH
[14:36:02.647] Bot15 executed ROTATE_RIGHT
[14:36:02.647] Starting turn for Bot32
[14:36:02.647] Bot32 rotated left to face EAST
[14:36:02.647] Bot32 executed ROTATE_LEFT
[14:36:02.647] Starting turn for Bot15
[14:36:02.647] Starting turn for Bot32
[14:36:02.647] Starting turn for Bot15
[14:36:02.647] Bot15 rotated right to face EAST
[14:36:02.647] Bot15 executed ROTATE_RIGHT
[14:36:02.647] Bot15 moved forward to (6,6)
[14:36:02.647] Bot15 executed MOVE_FORWARD
[14:36:02.647] Starting turn for Bot32
[14:36:02.647] Bot32 rotated left to face NORTH
[14:36:02.647] Bot32 executed ROTATE_LEFT
[14:36:02.647] Bot32 moved forward to (1,2)
[14:36:02.647] Bot32 executed MOVE_FORWARD
[14:36:02.647] Starting turn for Bot15
[14:36:02.647] Bot15 rotated left to face NORTH
[14:36:02.647] Bot15 executed ROTATE_LEFT
[14:36:02.647] Bot15 rotated left to face WEST
[14:36:02.647] Bot15 executed ROTATE_LEFT
[14:36:02.647] Bot15 moved forward to (6,5)
[14:36:02.647] Bot15 executed MOVE_FORWARD
[14:36:02.647] Starting turn for Bot32
[14:36:02.647] Bot32 rotated left to face WEST
[14:36:02.647] Bot32 executed ROTATE_LEFT
[14:36:02.647] Bot32 rotated left to face SOUTH
[14:36:02.648] Bot32 executed ROTATE_LEFT
[14:36:02.648] Bot32 moved forward to (2,2)
[14:36:02.648] Bot32 executed MOVE_FORWARD
[14:36:02.648] Starting turn for Bot15
[14:36:02.648] Bot15 rotated right to face NORTH
[14:36:02.648] Bot15 executed ROTATE_RIGHT
[14:36:02.648] Starting turn for Bot32
[14:36:02.648] Bot32 rotated left to face EAST
[14:36:02.648] Bot32 executed ROTATE_LEFT
[14:36:02.648] Starting turn for Bot15
[14:36:02.648] Starting turn for Bot32
[14:36:02.648] Starting turn for Bot15
[14:36:02.648] Bot15 rotated right to face EAST
[14:36:02.648] Bot15 executed ROTATE_RIGHT
[14:36:02.648] Bot15 moved forward to (6,6)
[14:36:02.648] Bot15 executed MOVE_FORWARD
[14:36:02.648] Starting turn for Bot32
[14:36:02.648] Bot32 rotated left to face NORTH
[14:36:02.648] Bot32 executed ROTATE_LEFT
[14:36:02.648] Bot32 moved forward to (1,2)
[14:36:02.648] Bot32 executed MOVE_FORWARD
[14:36:02.648] Starting turn for Bot15
[14:36:02.648] Bot15 rotated left to face NORTH
[14:36:02.648] Bot15 executed ROTATE_LEFT
[14:36:02.648] Bot15 rotated left to face WEST
[14:36:02.648] Bot15 executed ROTATE_LEFT
[14:36:02.648] Bot15 moved forward to (6,5)
[14:36:02.648] Bot15 executed MOVE_FORWARD
[14:36:02.648] Starting turn for Bot32
[14:36:02.648] Bot32 rotated left to face WEST
[14:36:02.648] Bot32 executed ROTATE_LEFT
[14:36:02.648] Bot32 rotated left to face SOUTH
[14:36:02.648] Bot32 executed ROTATE_LEFT
[14:36:02.648] Bot32 moved forward to (2,2)
[14:36:02.648] Bot32 executed MOVE_FORWARD
[14:36:02.648] Starting turn for Bot15
[14:36:02.648] Bot15 rotated right to face NORTH
[14:36:02.648] Bot15 executed ROTATE_RIGHT
[14:36:02.648] Starting turn for Bot32
[14:36:02.648] Bot32 rotated left to face EAST
[14:36:02.648] Bot32 executed ROTATE_LEFT
[14:36:02.648] Starting turn for Bot15
[14:36:02.648] Stalemate detected: State repeated 10 times, unchanged for 3 turns
[14:36:02.648] Game Over! Stalemate detected!
[14:36:02.648] Stalemate detected: State repeated 10 times, unchanged for 3 turns
