[14:36:02.117] === Game Started at 2025-02-04_14-36-02 ===
[14:36:02.117] Game initialized with 2 players
[14:36:02.117] Board size: 10
[14:36:02.117] Obstacle density: 0.05
[14:36:02.118] Max turns: 1000
[14:36:02.118] Player Bot15 starting at position (0,0) facing SOUTH
[14:36:02.118] Player Bot23 starting at position (9,9) facing SOUTH
[14:36:02.118] Obstacles at positions: (1,2) (5,2) (5,8) (6,4) (6,7)
[14:36:02.118] Starting turn for Bot15
[14:36:02.118] Bot15 rotated left to face EAST
[14:36:02.118] Bot15 executed ROTATE_LEFT
[14:36:02.118] Bot15 moved forward to (0,1)
[14:36:02.118] Bot15 executed MOVE_FORWARD
[14:36:02.118] Starting turn for Bot23
[14:36:02.118] Bot23 rotated right to face WEST
[14:36:02.118] Bot23 executed ROTATE_RIGHT
[14:36:02.118] Bot23 moved forward to (9,8)
[14:36:02.118] Bot23 executed MOVE_FORWARD
[14:36:02.118] Starting turn for Bot15
[14:36:02.118] Bot15 rotated right to face SOUTH
[14:36:02.118] Bot15 executed ROTATE_RIGHT
[14:36:02.118] Bot15 moved forward to (1,1)
[14:36:02.118] Bot15 executed MOVE_FORWARD
[14:36:02.118] Starting turn for Bot23
[14:36:02.118] Bot23 rotated right to face NORTH
[14:36:02.118] Bot23 executed ROTATE_RIGHT
[14:36:02.118] Bot23 moved forward to (8,8)
[14:36:02.118] Bot23 executed MOVE_FORWARD
[14:36:02.118] Starting turn for Bot15
[14:36:02.118] Bot15 rotated left to face EAST
[14:36:02.118] Bot15 executed ROTATE_LEFT
[14:36:02.118] Starting turn for Bot23
[14:36:02.118] Bot23 rotated left to face WEST
[14:36:02.118] Bot23 executed ROTATE_LEFT
[14:36:02.118] Bot23 moved forward to (8,7)
[14:36:02.118] Bot23 executed MOVE_FORWARD
[14:36:02.118] Starting turn for Bot15
[14:36:02.118] Starting turn for Bot23
[14:36:02.118] Bot23 rotated right to face NORTH
[14:36:02.118] Bot23 executed ROTATE_RIGHT
[14:36:02.118] Bot23 moved forward to (7,7)
[14:36:02.118] Bot23 executed MOVE_FORWARD
[14:36:02.118] Starting turn for Bot15
[14:36:02.118] Bot15 rotated left to face NORTH
[14:36:02.118] Bot15 executed ROTATE_LEFT
[14:36:02.118] Bot15 moved forward to (0,1)
[14:36:02.118] Bot15 executed MOVE_FORWARD
[14:36:02.118] Starting turn for Bot23
[14:36:02.118] Bot23 rotated left to face WEST
[14:36:02.118] Bot23 executed ROTATE_LEFT
[14:36:02.118] Bot23 moved forward to (7,6)
[14:36:02.118] Bot23 executed MOVE_FORWARD
[14:36:02.118] Starting turn for Bot15
[14:36:02.118] Bot15 rotated left to face WEST
[14:36:02.118] Bot15 executed ROTATE_LEFT
[14:36:02.118] Bot15 rotated left to face SOUTH
[14:36:02.118] Bot15 executed ROTATE_LEFT
[14:36:02.118] Bot15 moved forward to (1,1)
[14:36:02.118] Bot15 executed MOVE_FORWARD
[14:36:02.118] Starting turn for Bot23
[14:36:02.118] Bot23 rotated right to face NORTH
[14:36:02.118] Bot23 executed ROTATE_RIGHT
[14:36:02.118] Bot23 moved forward to (6,6)
[14:36:02.118] Bot23 executed MOVE_FORWARD
[14:36:02.118] Starting turn for Bot15
[14:36:02.118] Bot15 rotated left to face EAST
[14:36:02.118] Bot15 executed ROTATE_LEFT
[14:36:02.118] Starting turn for Bot23
[14:36:02.118] Bot23 rotated left to face WEST
[14:36:02.118] Bot23 executed ROTATE_LEFT
[14:36:02.118] Bot23 moved forward to (6,5)
[14:36:02.118] Bot23 executed MOVE_FORWARD
[14:36:02.118] Starting turn for Bot15
[14:36:02.118] Starting turn for Bot23
[14:36:02.118] Bot23 rotated right to face NORTH
[14:36:02.118] Bot23 executed ROTATE_RIGHT
[14:36:02.118] Bot23 moved forward to (5,5)
[14:36:02.118] Bot23 executed MOVE_FORWARD
[14:36:02.118] Starting turn for Bot15
[14:36:02.118] Bot15 rotated left to face NORTH
[14:36:02.118] Bot15 executed ROTATE_LEFT
[14:36:02.118] Bot15 moved forward to (0,1)
[14:36:02.118] Bot15 executed MOVE_FORWARD
[14:36:02.118] Starting turn for Bot23
[14:36:02.118] Starting turn for Bot15
[14:36:02.118] Bot15 rotated left to face WEST
[14:36:02.118] Bot15 executed ROTATE_LEFT
[14:36:02.118] Bot15 rotated left to face SOUTH
[14:36:02.118] Bot15 executed ROTATE_LEFT
[14:36:02.118] Bot15 moved forward to (1,1)
[14:36:02.118] Bot15 executed MOVE_FORWARD
[14:36:02.118] Starting turn for Bot23
[14:36:02.118] Starting turn for Bot15
[14:36:02.118] Bot15 rotated left to face EAST
[14:36:02.118] Bot15 executed ROTATE_LEFT
[14:36:02.118] Starting turn for Bot23
[14:36:02.118] Starting turn for Bot15
[14:36:02.118] Starting turn for Bot23
[14:36:02.118] Starting turn for Bot15
[14:36:02.118] Bot15 rotated left to face NORTH
[14:36:02.118] Bot15 executed ROTATE_LEFT
[14:36:02.118] Bot15 moved forward to (0,1)
[14:36:02.118] Bot15 executed MOVE_FORWARD
[14:36:02.118] Starting turn for Bot23
[14:36:02.118] Starting turn for Bot15
[14:36:02.118] Bot15 rotated left to face WEST
[14:36:02.118] Bot15 executed ROTATE_LEFT
[14:36:02.118] Bot15 rotated left to face SOUTH
[14:36:02.118] Bot15 executed ROTATE_LEFT
[14:36:02.118] Bot15 moved forward to (1,1)
[14:36:02.118] Bot15 executed MOVE_FORWARD
[14:36:02.118] Starting turn for Bot23
[14:36:02.118] Starting turn for Bot15
[14:36:02.118] Bot15 rotated left to face EAST
[14:36:02.118] Bot15 executed ROTATE_LEFT
[14:36:02.118] Starting turn for Bot23
[14:36:02.118] Starting turn for Bot15
[14:36:02.118] Starting turn for Bot23
[14:36:02.118] Starting turn for Bot15
[14:36:02.118] Bot15 rotated left to face NORTH
[14:36:02.118] Bot15 executed ROTATE_LEFT
[14:36:02.118] Bot15 moved forward to (0,1)
[14:36:02.118] Bot15 executed MOVE_FORWARD
[14:36:02.118] Starting turn for Bot23
[14:36:02.118] Starting turn for Bot15
[14:36:02.118] Bot15 rotated left to face WEST
[14:36:02.118] Bot15 executed ROTATE_LEFT
[14:36:02.118] Bot15 rotated left to face SOUTH
[14:36:02.118] Bot15 executed ROTATE_LEFT
[14:36:02.118] Bot15 moved forward to (1,1)
[14:36:02.118] Bot15 executed MOVE_FORWARD
[14:36:02.118] Starting turn for Bot23
[14:36:02.118] Starting turn for Bot15
[14:36:02.118] Bot15 rotated left to face EAST
[14:36:02.118] Bot15 executed ROTATE_LEFT
[14:36:02.118] Starting turn for Bot23
[14:36:02.118] Starting turn for Bot15
[14:36:02.118] Starting turn for Bot23
[14:36:02.118] Stalemate detected: State repeated 10 times, unchanged for 3 turns
[14:36:02.118] Game Over! Stalemate detected!
[14:36:02.118] Stalemate detected: State repeated 10 times, unchanged for 3 turns
