[14:35:53.816] === Game Started at 2025-02-04_14-35-53 ===
[14:35:53.816] Game initialized with 2 players
[14:35:53.816] Board size: 10
[14:35:53.816] Obstacle density: 0.05
[14:35:53.816] Max turns: 1000
[14:35:53.816] Player Bot8 starting at position (0,0) facing NORTH
[14:35:53.816] Player Bot33 starting at position (9,9) facing NORTH
[14:35:53.816] Obstacles at positions: (2,4) (2,7) (6,9) (8,0) (8,2)
[14:35:53.816] Starting turn for Bot8
[14:35:53.816] Bot8 rotated right to face EAST
[14:35:53.816] Bot8 executed ROTATE_RIGHT
[14:35:53.816] Bot8 moved forward to (0,1)
[14:35:53.816] Bot8 executed MOVE_FORWARD
[14:35:53.816] Starting turn for Bot33
[14:35:53.816] Bot33 rotated left to face WEST
[14:35:53.816] Bot33 executed ROTATE_LEFT
[14:35:53.816] Bot33 moved forward to (9,8)
[14:35:53.816] Bot33 executed MOVE_FORWARD
[14:35:53.816] Starting turn for Bot8
[14:35:53.816] Bot8 rotated right to face SOUTH
[14:35:53.816] Bot8 executed ROTATE_RIGHT
[14:35:53.816] Bot8 moved forward to (1,1)
[14:35:53.816] Bot8 executed MOVE_FORWARD
[14:35:53.816] Starting turn for Bot33
[14:35:53.816] Bot33 rotated right to face NORTH
[14:35:53.816] Bot33 executed ROTATE_RIGHT
[14:35:53.816] Bot33 moved forward to (8,8)
[14:35:53.816] Bot33 executed MOVE_FORWARD
[14:35:53.816] Starting turn for Bot8
[14:35:53.816] Bot8 rotated left to face EAST
[14:35:53.816] Bot8 executed ROTATE_LEFT
[14:35:53.816] Bot8 moved forward to (1,2)
[14:35:53.816] Bot8 executed MOVE_FORWARD
[14:35:53.816] Starting turn for Bot33
[14:35:53.816] Bot33 rotated left to face WEST
[14:35:53.816] Bot33 executed ROTATE_LEFT
[14:35:53.816] Bot33 moved forward to (8,7)
[14:35:53.816] Bot33 executed MOVE_FORWARD
[14:35:53.816] Starting turn for Bot8
[14:35:53.816] Bot8 rotated right to face SOUTH
[14:35:53.816] Bot8 executed ROTATE_RIGHT
[14:35:53.816] Bot8 moved forward to (2,2)
[14:35:53.816] Bot8 executed MOVE_FORWARD
[14:35:53.816] Starting turn for Bot33
[14:35:53.816] Bot33 rotated right to face NORTH
[14:35:53.816] Bot33 executed ROTATE_RIGHT
[14:35:53.816] Bot33 moved forward to (7,7)
[14:35:53.816] Bot33 executed MOVE_FORWARD
[14:35:53.816] Starting turn for Bot8
[14:35:53.816] Bot8 rotated left to face EAST
[14:35:53.816] Bot8 executed ROTATE_LEFT
[14:35:53.816] Bot8 moved forward to (2,3)
[14:35:53.816] Bot8 executed MOVE_FORWARD
[14:35:53.816] Starting turn for Bot33
[14:35:53.816] Bot33 rotated left to face WEST
[14:35:53.816] Bot33 executed ROTATE_LEFT
[14:35:53.816] Bot33 moved forward to (7,6)
[14:35:53.816] Bot33 executed MOVE_FORWARD
[14:35:53.816] Starting turn for Bot8
[14:35:53.816] Bot8 rotated right to face SOUTH
[14:35:53.816] Bot8 executed ROTATE_RIGHT
[14:35:53.816] Bot8 moved forward to (3,3)
[14:35:53.816] Bot8 executed MOVE_FORWARD
[14:35:53.816] Starting turn for Bot33
[14:35:53.816] Bot33 rotated right to face NORTH
[14:35:53.816] Bot33 executed ROTATE_RIGHT
[14:35:53.816] Bot33 moved forward to (6,6)
[14:35:53.816] Bot33 executed MOVE_FORWARD
[14:35:53.816] Starting turn for Bot8
[14:35:53.816] Bot8 rotated left to face EAST
[14:35:53.816] Bot8 executed ROTATE_LEFT
[14:35:53.816] Bot8 moved forward to (3,4)
[14:35:53.816] Bot8 executed MOVE_FORWARD
[14:35:53.816] Starting turn for Bot33
[14:35:53.816] Bot33 rotated left to face WEST
[14:35:53.816] Bot33 executed ROTATE_LEFT
[14:35:53.816] Bot33 moved forward to (6,5)
[14:35:53.816] Bot33 executed MOVE_FORWARD
[14:35:53.816] Starting turn for Bot8
[14:35:53.816] Bot8 rotated right to face SOUTH
[14:35:53.816] Bot8 executed ROTATE_RIGHT
[14:35:53.816] Bot8 moved forward to (4,4)
[14:35:53.816] Bot8 executed MOVE_FORWARD
[14:35:53.816] Starting turn for Bot33
[14:35:53.816] Bot33 rotated right to face NORTH
[14:35:53.816] Bot33 executed ROTATE_RIGHT
[14:35:53.816] Bot33 moved forward to (5,5)
[14:35:53.816] Bot33 executed MOVE_FORWARD
[14:35:53.816] Starting turn for Bot8
[14:35:53.816] Bot8 rotated left to face EAST
[14:35:53.816] Bot8 executed ROTATE_LEFT
[14:35:53.816] Bot8 moved forward to (4,5)
[14:35:53.816] Bot8 executed MOVE_FORWARD
[14:35:53.817] Starting turn for Bot33
[14:35:53.817] Bot33 shooting in direction NORTH
[14:35:53.817] Bot33 hit Bot8 for 25 damage (health: 100 -> 75)
[14:35:53.817] Bot33 executed SHOOT
[14:35:53.817] Starting turn for Bot8
[14:35:53.817] Bot8 rotated right to face SOUTH
[14:35:53.817] Bot8 executed ROTATE_RIGHT
[14:35:53.817] Starting turn for Bot33
[14:35:53.817] Bot33 shooting in direction NORTH
[14:35:53.817] Bot33 hit Bot8 for 25 damage (health: 75 -> 50)
[14:35:53.817] Bot33 executed SHOOT
[14:35:53.817] Starting turn for Bot8
[14:35:53.817] Bot8 shooting in direction SOUTH
[14:35:53.817] Bot8 hit Bot33 for 25 damage (health: 100 -> 75)
[14:35:53.817] Bot8 executed SHOOT
[14:35:53.817] Starting turn for Bot33
[14:35:53.817] Bot33 shooting in direction NORTH
[14:35:53.817] Bot33 hit Bot8 for 25 damage (health: 50 -> 25)
[14:35:53.817] Bot33 executed SHOOT
[14:35:53.817] Starting turn for Bot8
[14:35:53.817] Bot8 shooting in direction SOUTH
[14:35:53.817] Bot8 hit Bot33 for 25 damage (health: 75 -> 50)
[14:35:53.817] Bot8 executed SHOOT
[14:35:53.817] Starting turn for Bot33
[14:35:53.817] Bot33 shooting in direction NORTH
[14:35:53.817] Bot33 hit Bot8 for 25 damage (health: 25 -> 0)
[14:35:53.817] Bot8 was destroyed!
[14:35:53.817] Bot33 is the last tank standing!
[14:35:53.817] Bot33 executed SHOOT
[14:35:53.817] Game Over! Bot33 wins!
[14:35:53.817] === Game Ended ===
