[14:36:06.137] === Game Started at 2025-02-04_14-36-06 ===
[14:36:06.137] Game initialized with 2 players
[14:36:06.137] Board size: 10
[14:36:06.137] Obstacle density: 0.05
[14:36:06.137] Max turns: 1000
[14:36:06.137] Player Bot38 starting at position (0,0) facing WEST
[14:36:06.137] Player Bot18 starting at position (9,9) facing NORTH
[14:36:06.137] Obstacles at positions: (2,2) (5,4) (7,9) (8,0) (9,3)
[14:36:06.137] Starting turn for Bot38
[14:36:06.137] Bot38 rotated left to face SOUTH
[14:36:06.137] Bot38 executed ROTATE_LEFT
[14:36:06.137] Bot38 rotated left to face EAST
[14:36:06.137] Bot38 executed ROTATE_LEFT
[14:36:06.137] Bot38 moved forward to (0,1)
[14:36:06.137] Bot38 executed MOVE_FORWARD
[14:36:06.137] Starting turn for Bot18
[14:36:06.137] Bot18 rotated left to face WEST
[14:36:06.137] Bot18 executed ROTATE_LEFT
[14:36:06.137] Bot18 moved forward to (9,8)
[14:36:06.137] Bot18 executed MOVE_FORWARD
[14:36:06.137] Starting turn for Bot38
[14:36:06.137] Bot38 rotated right to face SOUTH
[14:36:06.137] Bot38 executed ROTATE_RIGHT
[14:36:06.137] Bot38 moved forward to (1,1)
[14:36:06.137] Bot38 executed MOVE_FORWARD
[14:36:06.137] Starting turn for Bot18
[14:36:06.137] Bot18 rotated right to face NORTH
[14:36:06.137] Bot18 executed ROTATE_RIGHT
[14:36:06.137] Bot18 moved forward to (8,8)
[14:36:06.137] Bot18 executed MOVE_FORWARD
[14:36:06.137] Starting turn for Bot38
[14:36:06.137] Bot38 rotated left to face EAST
[14:36:06.137] Bot38 executed ROTATE_LEFT
[14:36:06.137] Bot38 moved forward to (1,2)
[14:36:06.137] Bot38 executed MOVE_FORWARD
[14:36:06.137] Starting turn for Bot18
[14:36:06.137] Bot18 rotated left to face WEST
[14:36:06.137] Bot18 executed ROTATE_LEFT
[14:36:06.137] Bot18 moved forward to (8,7)
[14:36:06.137] Bot18 executed MOVE_FORWARD
[14:36:06.137] Starting turn for Bot38
[14:36:06.137] Bot38 rotated right to face SOUTH
[14:36:06.137] Bot38 executed ROTATE_RIGHT
[14:36:06.137] Starting turn for Bot18
[14:36:06.137] Bot18 rotated right to face NORTH
[14:36:06.137] Bot18 executed ROTATE_RIGHT
[14:36:06.137] Bot18 moved forward to (7,7)
[14:36:06.137] Bot18 executed MOVE_FORWARD
[14:36:06.137] Starting turn for Bot38
[14:36:06.137] Starting turn for Bot18
[14:36:06.137] Bot18 rotated left to face WEST
[14:36:06.137] Bot18 executed ROTATE_LEFT
[14:36:06.137] Bot18 moved forward to (7,6)
[14:36:06.137] Bot18 executed MOVE_FORWARD
[14:36:06.137] Starting turn for Bot38
[14:36:06.137] Bot38 rotated left to face EAST
[14:36:06.137] Bot38 executed ROTATE_LEFT
[14:36:06.137] Bot38 rotated left to face NORTH
[14:36:06.137] Bot38 executed ROTATE_LEFT
[14:36:06.137] Bot38 moved forward to (0,2)
[14:36:06.137] Bot38 executed MOVE_FORWARD
[14:36:06.137] Starting turn for Bot18
[14:36:06.137] Bot18 rotated right to face NORTH
[14:36:06.137] Bot18 executed ROTATE_RIGHT
[14:36:06.137] Bot18 moved forward to (6,6)
[14:36:06.137] Bot18 executed MOVE_FORWARD
[14:36:06.137] Starting turn for Bot38
[14:36:06.137] Bot38 rotated left to face WEST
[14:36:06.137] Bot38 executed ROTATE_LEFT
[14:36:06.137] Bot38 rotated left to face SOUTH
[14:36:06.137] Bot38 executed ROTATE_LEFT
[14:36:06.137] Bot38 moved forward to (1,2)
[14:36:06.137] Bot38 executed MOVE_FORWARD
[14:36:06.137] Starting turn for Bot18
[14:36:06.137] Bot18 rotated left to face WEST
[14:36:06.137] Bot18 executed ROTATE_LEFT
[14:36:06.137] Bot18 moved forward to (6,5)
[14:36:06.137] Bot18 executed MOVE_FORWARD
[14:36:06.137] Starting turn for Bot38
[14:36:06.137] Starting turn for Bot18
[14:36:06.137] Bot18 rotated right to face NORTH
[14:36:06.137] Bot18 executed ROTATE_RIGHT
[14:36:06.137] Bot18 moved forward to (5,5)
[14:36:06.137] Bot18 executed MOVE_FORWARD
[14:36:06.137] Starting turn for Bot38
[14:36:06.137] Starting turn for Bot18
[14:36:06.137] Starting turn for Bot38
[14:36:06.137] Bot38 rotated left to face EAST
[14:36:06.137] Bot38 executed ROTATE_LEFT
[14:36:06.137] Bot38 rotated left to face NORTH
[14:36:06.137] Bot38 executed ROTATE_LEFT
[14:36:06.137] Bot38 moved forward to (0,2)
[14:36:06.137] Bot38 executed MOVE_FORWARD
[14:36:06.137] Starting turn for Bot18
[14:36:06.137] Starting turn for Bot38
[14:36:06.137] Bot38 rotated left to face WEST
[14:36:06.137] Bot38 executed ROTATE_LEFT
[14:36:06.137] Bot38 rotated left to face SOUTH
[14:36:06.137] Bot38 executed ROTATE_LEFT
[14:36:06.137] Bot38 moved forward to (1,2)
[14:36:06.137] Bot38 executed MOVE_FORWARD
[14:36:06.137] Starting turn for Bot18
[14:36:06.137] Starting turn for Bot38
[14:36:06.137] Starting turn for Bot18
[14:36:06.137] Starting turn for Bot38
[14:36:06.137] Starting turn for Bot18
[14:36:06.137] Starting turn for Bot38
[14:36:06.137] Bot38 rotated left to face EAST
[14:36:06.137] Bot38 executed ROTATE_LEFT
[14:36:06.137] Bot38 rotated left to face NORTH
[14:36:06.137] Bot38 executed ROTATE_LEFT
[14:36:06.137] Bot38 moved forward to (0,2)
[14:36:06.137] Bot38 executed MOVE_FORWARD
[14:36:06.137] Starting turn for Bot18
[14:36:06.137] Starting turn for Bot38
[14:36:06.137] Bot38 rotated left to face WEST
[14:36:06.137] Bot38 executed ROTATE_LEFT
[14:36:06.137] Bot38 rotated left to face SOUTH
[14:36:06.137] Bot38 executed ROTATE_LEFT
[14:36:06.137] Bot38 moved forward to (1,2)
[14:36:06.137] Bot38 executed MOVE_FORWARD
[14:36:06.137] Starting turn for Bot18
[14:36:06.137] Starting turn for Bot38
[14:36:06.137] Starting turn for Bot18
[14:36:06.137] Starting turn for Bot38
[14:36:06.137] Starting turn for Bot18
[14:36:06.137] Starting turn for Bot38
[14:36:06.137] Bot38 rotated left to face EAST
[14:36:06.137] Bot38 executed ROTATE_LEFT
[14:36:06.137] Bot38 rotated left to face NORTH
[14:36:06.137] Bot38 executed ROTATE_LEFT
[14:36:06.137] Bot38 moved forward to (0,2)
[14:36:06.137] Bot38 executed MOVE_FORWARD
[14:36:06.137] Starting turn for Bot18
[14:36:06.137] Starting turn for Bot38
[14:36:06.137] Bot38 rotated left to face WEST
[14:36:06.137] Bot38 executed ROTATE_LEFT
[14:36:06.137] Bot38 rotated left to face SOUTH
[14:36:06.137] Bot38 executed ROTATE_LEFT
[14:36:06.137] Bot38 moved forward to (1,2)
[14:36:06.137] Bot38 executed MOVE_FORWARD
[14:36:06.137] Starting turn for Bot18
[14:36:06.137] Starting turn for Bot38
[14:36:06.137] Starting turn for Bot18
[14:36:06.137] Stalemate detected: State repeated 10 times, unchanged for 1 turns
[14:36:06.137] Game Over! Stalemate detected!
[14:36:06.137] Stalemate detected: State repeated 10 times, unchanged for 1 turns
