[14:36:03.306] === Game Started at 2025-02-04_14-36-03 ===
[14:36:03.306] Game initialized with 2 players
[14:36:03.306] Board size: 10
[14:36:03.306] Obstacle density: 0.05
[14:36:03.306] Max turns: 1000
[14:36:03.306] Player Bot23 starting at position (0,0) facing WEST
[14:36:03.306] Player Bot16 starting at position (9,9) facing WEST
[14:36:03.306] Obstacles at positions: (3,7) (4,9) (6,7) (8,8) (9,4)
[14:36:03.306] Starting turn for Bot23
[14:36:03.306] Bot23 rotated left to face SOUTH
[14:36:03.306] Bot23 executed ROTATE_LEFT
[14:36:03.306] Bot23 rotated left to face EAST
[14:36:03.306] Bot23 executed ROTATE_LEFT
[14:36:03.306] Bot23 moved forward to (0,1)
[14:36:03.306] Bot23 executed MOVE_FORWARD
[14:36:03.306] Starting turn for Bot16
[14:36:03.306] Bot16 moved forward to (9,8)
[14:36:03.306] Bot16 executed MOVE_FORWARD
[14:36:03.306] Starting turn for Bot23
[14:36:03.306] Bot23 rotated right to face SOUTH
[14:36:03.306] Bot23 executed ROTATE_RIGHT
[14:36:03.306] Bot23 moved forward to (1,1)
[14:36:03.306] Bot23 executed MOVE_FORWARD
[14:36:03.306] Starting turn for Bot16
[14:36:03.306] Bot16 rotated right to face NORTH
[14:36:03.306] Bot16 executed ROTATE_RIGHT
[14:36:03.306] Starting turn for Bot23
[14:36:03.306] Bot23 rotated left to face EAST
[14:36:03.306] Bot23 executed ROTATE_LEFT
[14:36:03.306] Bot23 moved forward to (1,2)
[14:36:03.306] Bot23 executed MOVE_FORWARD
[14:36:03.306] Starting turn for Bot16
[14:36:03.306] Starting turn for Bot23
[14:36:03.306] Bot23 rotated right to face SOUTH
[14:36:03.306] Bot23 executed ROTATE_RIGHT
[14:36:03.306] Bot23 moved forward to (2,2)
[14:36:03.306] Bot23 executed MOVE_FORWARD
[14:36:03.306] Starting turn for Bot16
[14:36:03.306] Bot16 rotated right to face EAST
[14:36:03.306] Bot16 executed ROTATE_RIGHT
[14:36:03.306] Bot16 moved forward to (9,9)
[14:36:03.306] Bot16 executed MOVE_FORWARD
[14:36:03.306] Starting turn for Bot23
[14:36:03.306] Bot23 rotated left to face EAST
[14:36:03.306] Bot23 executed ROTATE_LEFT
[14:36:03.306] Bot23 moved forward to (2,3)
[14:36:03.306] Bot23 executed MOVE_FORWARD
[14:36:03.306] Starting turn for Bot16
[14:36:03.306] Bot16 rotated left to face NORTH
[14:36:03.306] Bot16 executed ROTATE_LEFT
[14:36:03.306] Bot16 rotated left to face WEST
[14:36:03.306] Bot16 executed ROTATE_LEFT
[14:36:03.306] Bot16 moved forward to (9,8)
[14:36:03.306] Bot16 executed MOVE_FORWARD
[14:36:03.306] Starting turn for Bot23
[14:36:03.306] Bot23 rotated right to face SOUTH
[14:36:03.306] Bot23 executed ROTATE_RIGHT
[14:36:03.306] Bot23 moved forward to (3,3)
[14:36:03.306] Bot23 executed MOVE_FORWARD
[14:36:03.306] Starting turn for Bot16
[14:36:03.306] Bot16 rotated right to face NORTH
[14:36:03.306] Bot16 executed ROTATE_RIGHT
[14:36:03.306] Starting turn for Bot23
[14:36:03.306] Bot23 rotated left to face EAST
[14:36:03.306] Bot23 executed ROTATE_LEFT
[14:36:03.306] Bot23 moved forward to (3,4)
[14:36:03.306] Bot23 executed MOVE_FORWARD
[14:36:03.306] Starting turn for Bot16
[14:36:03.306] Starting turn for Bot23
[14:36:03.306] Bot23 rotated right to face SOUTH
[14:36:03.306] Bot23 executed ROTATE_RIGHT
[14:36:03.306] Bot23 moved forward to (4,4)
[14:36:03.306] Bot23 executed MOVE_FORWARD
[14:36:03.306] Starting turn for Bot16
[14:36:03.306] Bot16 rotated right to face EAST
[14:36:03.306] Bot16 executed ROTATE_RIGHT
[14:36:03.306] Bot16 moved forward to (9,9)
[14:36:03.306] Bot16 executed MOVE_FORWARD
[14:36:03.306] Starting turn for Bot23
[14:36:03.306] Bot23 rotated left to face EAST
[14:36:03.306] Bot23 executed ROTATE_LEFT
[14:36:03.306] Bot23 moved forward to (4,5)
[14:36:03.306] Bot23 executed MOVE_FORWARD
[14:36:03.306] Starting turn for Bot16
[14:36:03.306] Bot16 rotated left to face NORTH
[14:36:03.306] Bot16 executed ROTATE_LEFT
[14:36:03.306] Bot16 rotated left to face WEST
[14:36:03.306] Bot16 executed ROTATE_LEFT
[14:36:03.306] Bot16 moved forward to (9,8)
[14:36:03.306] Bot16 executed MOVE_FORWARD
[14:36:03.306] Starting turn for Bot23
[14:36:03.306] Bot23 rotated right to face SOUTH
[14:36:03.306] Bot23 executed ROTATE_RIGHT
[14:36:03.306] Bot23 moved forward to (5,5)
[14:36:03.306] Bot23 executed MOVE_FORWARD
[14:36:03.306] Starting turn for Bot16
[14:36:03.306] Bot16 rotated right to face NORTH
[14:36:03.306] Bot16 executed ROTATE_RIGHT
[14:36:03.306] Starting turn for Bot23
[14:36:03.306] Starting turn for Bot16
[14:36:03.306] Starting turn for Bot23
[14:36:03.306] Starting turn for Bot16
[14:36:03.306] Bot16 rotated right to face EAST
[14:36:03.306] Bot16 executed ROTATE_RIGHT
[14:36:03.306] Bot16 moved forward to (9,9)
[14:36:03.306] Bot16 executed MOVE_FORWARD
[14:36:03.306] Starting turn for Bot23
[14:36:03.306] Starting turn for Bot16
[14:36:03.307] Bot16 rotated left to face NORTH
[14:36:03.307] Bot16 executed ROTATE_LEFT
[14:36:03.307] Bot16 rotated left to face WEST
[14:36:03.307] Bot16 executed ROTATE_LEFT
[14:36:03.307] Bot16 moved forward to (9,8)
[14:36:03.307] Bot16 executed MOVE_FORWARD
[14:36:03.307] Starting turn for Bot23
[14:36:03.307] Starting turn for Bot16
[14:36:03.307] Bot16 rotated right to face NORTH
[14:36:03.307] Bot16 executed ROTATE_RIGHT
[14:36:03.307] Starting turn for Bot23
[14:36:03.307] Starting turn for Bot16
[14:36:03.307] Starting turn for Bot23
[14:36:03.307] Starting turn for Bot16
[14:36:03.307] Bot16 rotated right to face EAST
[14:36:03.307] Bot16 executed ROTATE_RIGHT
[14:36:03.307] Bot16 moved forward to (9,9)
[14:36:03.307] Bot16 executed MOVE_FORWARD
[14:36:03.307] Starting turn for Bot23
[14:36:03.307] Starting turn for Bot16
[14:36:03.307] Bot16 rotated left to face NORTH
[14:36:03.307] Bot16 executed ROTATE_LEFT
[14:36:03.307] Bot16 rotated left to face WEST
[14:36:03.307] Bot16 executed ROTATE_LEFT
[14:36:03.307] Bot16 moved forward to (9,8)
[14:36:03.307] Bot16 executed MOVE_FORWARD
[14:36:03.307] Starting turn for Bot23
[14:36:03.307] Starting turn for Bot16
[14:36:03.307] Bot16 rotated right to face NORTH
[14:36:03.307] Bot16 executed ROTATE_RIGHT
[14:36:03.307] Starting turn for Bot23
[14:36:03.307] Starting turn for Bot16
[14:36:03.307] Starting turn for Bot23
[14:36:03.307] Starting turn for Bot16
[14:36:03.307] Stalemate detected: State repeated 10 times, unchanged for 2 turns
[14:36:03.307] Game Over! Stalemate detected!
[14:36:03.307] Stalemate detected: State repeated 10 times, unchanged for 2 turns
