[14:36:08.808] === Game Started at 2025-02-04_14-36-08 ===
[14:36:08.808] Game initialized with 2 players
[14:36:08.808] Board size: 10
[14:36:08.808] Obstacle density: 0.05
[14:36:08.808] Max turns: 1000
[14:36:08.808] Player Bot25 starting at position (0,0) facing NORTH
[14:36:08.808] Player Bot22 starting at position (9,9) facing NORTH
[14:36:08.808] Obstacles at positions: (2,1) (3,9) (4,0) (8,9) (9,8)
[14:36:08.808] Starting turn for Bot25
[14:36:08.808] Bot25 rotated right to face EAST
[14:36:08.808] Bot25 executed ROTATE_RIGHT
[14:36:08.808] Bot25 moved forward to (0,1)
[14:36:08.808] Bot25 executed MOVE_FORWARD
[14:36:08.808] Starting turn for Bot22
[14:36:08.808] Bot22 rotated left to face WEST
[14:36:08.808] Bot22 executed ROTATE_LEFT
[14:36:08.808] Starting turn for Bot25
[14:36:08.808] Bot25 rotated right to face SOUTH
[14:36:08.808] Bot25 executed ROTATE_RIGHT
[14:36:08.808] Bot25 moved forward to (1,1)
[14:36:08.808] Bot25 executed MOVE_FORWARD
[14:36:08.808] Starting turn for Bot22
[14:36:08.808] Starting turn for Bot25
[14:36:08.808] Bot25 rotated left to face EAST
[14:36:08.808] Bot25 executed ROTATE_LEFT
[14:36:08.808] Bot25 moved forward to (1,2)
[14:36:08.808] Bot25 executed MOVE_FORWARD
[14:36:08.808] Starting turn for Bot22
[14:36:08.808] Bot22 rotated right to face NORTH
[14:36:08.808] Bot22 executed ROTATE_RIGHT
[14:36:08.808] Starting turn for Bot25
[14:36:08.808] Bot25 rotated right to face SOUTH
[14:36:08.808] Bot25 executed ROTATE_RIGHT
[14:36:08.808] Bot25 moved forward to (2,2)
[14:36:08.808] Bot25 executed MOVE_FORWARD
[14:36:08.808] Starting turn for Bot22
[14:36:08.808] Bot22 rotated left to face WEST
[14:36:08.808] Bot22 executed ROTATE_LEFT
[14:36:08.808] Starting turn for Bot25
[14:36:08.808] Bot25 rotated left to face EAST
[14:36:08.808] Bot25 executed ROTATE_LEFT
[14:36:08.808] Bot25 moved forward to (2,3)
[14:36:08.808] Bot25 executed MOVE_FORWARD
[14:36:08.808] Starting turn for Bot22
[14:36:08.808] Starting turn for Bot25
[14:36:08.808] Bot25 rotated right to face SOUTH
[14:36:08.808] Bot25 executed ROTATE_RIGHT
[14:36:08.808] Bot25 moved forward to (3,3)
[14:36:08.808] Bot25 executed MOVE_FORWARD
[14:36:08.808] Starting turn for Bot22
[14:36:08.808] Bot22 rotated right to face NORTH
[14:36:08.808] Bot22 executed ROTATE_RIGHT
[14:36:08.808] Starting turn for Bot25
[14:36:08.808] Bot25 rotated left to face EAST
[14:36:08.808] Bot25 executed ROTATE_LEFT
[14:36:08.808] Bot25 moved forward to (3,4)
[14:36:08.808] Bot25 executed MOVE_FORWARD
[14:36:08.808] Starting turn for Bot22
[14:36:08.808] Bot22 rotated left to face WEST
[14:36:08.808] Bot22 executed ROTATE_LEFT
[14:36:08.808] Starting turn for Bot25
[14:36:08.808] Bot25 rotated right to face SOUTH
[14:36:08.808] Bot25 executed ROTATE_RIGHT
[14:36:08.808] Bot25 moved forward to (4,4)
[14:36:08.808] Bot25 executed MOVE_FORWARD
[14:36:08.808] Starting turn for Bot22
[14:36:08.808] Starting turn for Bot25
[14:36:08.808] Bot25 rotated left to face EAST
[14:36:08.808] Bot25 executed ROTATE_LEFT
[14:36:08.808] Bot25 moved forward to (4,5)
[14:36:08.808] Bot25 executed MOVE_FORWARD
[14:36:08.808] Starting turn for Bot22
[14:36:08.809] Bot22 rotated right to face NORTH
[14:36:08.809] Bot22 executed ROTATE_RIGHT
[14:36:08.809] Starting turn for Bot25
[14:36:08.809] Bot25 rotated right to face SOUTH
[14:36:08.809] Bot25 executed ROTATE_RIGHT
[14:36:08.809] Bot25 moved forward to (5,5)
[14:36:08.809] Bot25 executed MOVE_FORWARD
[14:36:08.809] Starting turn for Bot22
[14:36:08.809] Bot22 rotated left to face WEST
[14:36:08.809] Bot22 executed ROTATE_LEFT
[14:36:08.809] Starting turn for Bot25
[14:36:08.809] Starting turn for Bot22
[14:36:08.809] Starting turn for Bot25
[14:36:08.809] Starting turn for Bot22
[14:36:08.809] Bot22 rotated right to face NORTH
[14:36:08.809] Bot22 executed ROTATE_RIGHT
[14:36:08.809] Starting turn for Bot25
[14:36:08.809] Starting turn for Bot22
[14:36:08.809] Bot22 rotated left to face WEST
[14:36:08.809] Bot22 executed ROTATE_LEFT
[14:36:08.809] Starting turn for Bot25
[14:36:08.809] Starting turn for Bot22
[14:36:08.809] Starting turn for Bot25
[14:36:08.809] Starting turn for Bot22
[14:36:08.809] Bot22 rotated right to face NORTH
[14:36:08.809] Bot22 executed ROTATE_RIGHT
[14:36:08.809] Starting turn for Bot25
[14:36:08.809] Starting turn for Bot22
[14:36:08.809] Bot22 rotated left to face WEST
[14:36:08.809] Bot22 executed ROTATE_LEFT
[14:36:08.809] Starting turn for Bot25
[14:36:08.809] Starting turn for Bot22
[14:36:08.809] Starting turn for Bot25
[14:36:08.809] Starting turn for Bot22
[14:36:08.809] Bot22 rotated right to face NORTH
[14:36:08.809] Bot22 executed ROTATE_RIGHT
[14:36:08.809] Starting turn for Bot25
[14:36:08.809] Starting turn for Bot22
[14:36:08.809] Bot22 rotated left to face WEST
[14:36:08.809] Bot22 executed ROTATE_LEFT
[14:36:08.809] Starting turn for Bot25
[14:36:08.809] Starting turn for Bot22
[14:36:08.809] Stalemate detected: State repeated 10 times, unchanged for 4 turns
[14:36:08.809] Game Over! Stalemate detected!
[14:36:08.809] Stalemate detected: State repeated 10 times, unchanged for 4 turns
