[14:35:39.307] === Game Started at 2025-02-04_14-35-39 ===
[14:35:39.307] Game initialized with 2 players
[14:35:39.307] Board size: 10
[14:35:39.307] Obstacle density: 0.05
[14:35:39.307] Max turns: 1000
[14:35:39.307] Player Bot1 starting at position (0,0) facing SOUTH
[14:35:39.307] Player Bot10 starting at position (9,9) facing NORTH
[14:35:39.307] Obstacles at positions: (2,2) (3,4) (3,6) (6,6) (7,5)
[14:35:39.307] Starting turn for Bot1
[14:35:39.307] Bot1 rotated left to face EAST
[14:35:39.307] Bot1 executed ROTATE_LEFT
[14:35:39.307] Bot1 moved forward to (0,1)
[14:35:39.307] Bot1 executed MOVE_FORWARD
[14:35:39.307] Starting turn for Bot10
[14:35:39.307] Bot10 rotated left to face WEST
[14:35:39.307] Bot10 executed ROTATE_LEFT
[14:35:39.307] Bot10 moved forward to (9,8)
[14:35:39.307] Bot10 executed MOVE_FORWARD
[14:35:39.307] Starting turn for Bot1
[14:35:39.307] Bot1 rotated right to face SOUTH
[14:35:39.307] Bot1 executed ROTATE_RIGHT
[14:35:39.307] Bot1 moved forward to (1,1)
[14:35:39.307] Bot1 executed MOVE_FORWARD
[14:35:39.307] Starting turn for Bot10
[14:35:39.307] Bot10 rotated right to face NORTH
[14:35:39.307] Bot10 executed ROTATE_RIGHT
[14:35:39.307] Bot10 moved forward to (8,8)
[14:35:39.307] Bot10 executed MOVE_FORWARD
[14:35:39.307] Starting turn for Bot1
[14:35:39.307] Bot1 rotated left to face EAST
[14:35:39.307] Bot1 executed ROTATE_LEFT
[14:35:39.307] Bot1 moved forward to (1,2)
[14:35:39.307] Bot1 executed MOVE_FORWARD
[14:35:39.307] Starting turn for Bot10
[14:35:39.307] Bot10 rotated left to face WEST
[14:35:39.307] Bot10 executed ROTATE_LEFT
[14:35:39.307] Bot10 moved forward to (8,7)
[14:35:39.307] Bot10 executed MOVE_FORWARD
[14:35:39.307] Starting turn for Bot1
[14:35:39.307] Bot1 rotated right to face SOUTH
[14:35:39.307] Bot1 executed ROTATE_RIGHT
[14:35:39.307] Starting turn for Bot10
[14:35:39.307] Bot10 rotated right to face NORTH
[14:35:39.307] Bot10 executed ROTATE_RIGHT
[14:35:39.307] Bot10 moved forward to (7,7)
[14:35:39.307] Bot10 executed MOVE_FORWARD
[14:35:39.307] Starting turn for Bot1
[14:35:39.307] Starting turn for Bot10
[14:35:39.307] Bot10 rotated left to face WEST
[14:35:39.307] Bot10 executed ROTATE_LEFT
[14:35:39.307] Bot10 moved forward to (7,6)
[14:35:39.307] Bot10 executed MOVE_FORWARD
[14:35:39.307] Starting turn for Bot1
[14:35:39.307] Bot1 rotated left to face EAST
[14:35:39.307] Bot1 executed ROTATE_LEFT
[14:35:39.307] Bot1 rotated left to face NORTH
[14:35:39.307] Bot1 executed ROTATE_LEFT
[14:35:39.307] Bot1 moved forward to (0,2)
[14:35:39.307] Bot1 executed MOVE_FORWARD
[14:35:39.307] Starting turn for Bot10
[14:35:39.307] Bot10 rotated right to face NORTH
[14:35:39.307] Bot10 executed ROTATE_RIGHT
[14:35:39.307] Starting turn for Bot1
[14:35:39.307] Bot1 rotated left to face WEST
[14:35:39.307] Bot1 executed ROTATE_LEFT
[14:35:39.307] Bot1 rotated left to face SOUTH
[14:35:39.307] Bot1 executed ROTATE_LEFT
[14:35:39.307] Bot1 moved forward to (1,2)
[14:35:39.307] Bot1 executed MOVE_FORWARD
[14:35:39.307] Starting turn for Bot10
[14:35:39.307] Starting turn for Bot1
[14:35:39.307] Starting turn for Bot10
[14:35:39.307] Bot10 rotated right to face EAST
[14:35:39.307] Bot10 executed ROTATE_RIGHT
[14:35:39.308] Bot10 moved forward to (7,7)
[14:35:39.308] Bot10 executed MOVE_FORWARD
[14:35:39.308] Starting turn for Bot1
[14:35:39.308] Starting turn for Bot10
[14:35:39.308] Bot10 rotated left to face NORTH
[14:35:39.308] Bot10 executed ROTATE_LEFT
[14:35:39.308] Bot10 rotated left to face WEST
[14:35:39.308] Bot10 executed ROTATE_LEFT
[14:35:39.308] Bot10 moved forward to (7,6)
[14:35:39.308] Bot10 executed MOVE_FORWARD
[14:35:39.308] Starting turn for Bot1
[14:35:39.308] Bot1 rotated left to face EAST
[14:35:39.308] Bot1 executed ROTATE_LEFT
[14:35:39.308] Bot1 rotated left to face NORTH
[14:35:39.308] Bot1 executed ROTATE_LEFT
[14:35:39.308] Bot1 moved forward to (0,2)
[14:35:39.308] Bot1 executed MOVE_FORWARD
[14:35:39.308] Starting turn for Bot10
[14:35:39.308] Bot10 rotated right to face NORTH
[14:35:39.308] Bot10 executed ROTATE_RIGHT
[14:35:39.308] Starting turn for Bot1
[14:35:39.308] Bot1 rotated left to face WEST
[14:35:39.308] Bot1 executed ROTATE_LEFT
[14:35:39.308] Bot1 rotated left to face SOUTH
[14:35:39.308] Bot1 executed ROTATE_LEFT
[14:35:39.308] Bot1 moved forward to (1,2)
[14:35:39.308] Bot1 executed MOVE_FORWARD
[14:35:39.308] Starting turn for Bot10
[14:35:39.308] Starting turn for Bot1
[14:35:39.308] Starting turn for Bot10
[14:35:39.308] Bot10 rotated right to face EAST
[14:35:39.308] Bot10 executed ROTATE_RIGHT
[14:35:39.308] Bot10 moved forward to (7,7)
[14:35:39.308] Bot10 executed MOVE_FORWARD
[14:35:39.308] Starting turn for Bot1
[14:35:39.308] Starting turn for Bot10
[14:35:39.308] Bot10 rotated left to face NORTH
[14:35:39.308] Bot10 executed ROTATE_LEFT
[14:35:39.308] Bot10 rotated left to face WEST
[14:35:39.308] Bot10 executed ROTATE_LEFT
[14:35:39.308] Bot10 moved forward to (7,6)
[14:35:39.308] Bot10 executed MOVE_FORWARD
[14:35:39.308] Starting turn for Bot1
[14:35:39.308] Bot1 rotated left to face EAST
[14:35:39.308] Bot1 executed ROTATE_LEFT
[14:35:39.308] Bot1 rotated left to face NORTH
[14:35:39.308] Bot1 executed ROTATE_LEFT
[14:35:39.308] Bot1 moved forward to (0,2)
[14:35:39.308] Bot1 executed MOVE_FORWARD
[14:35:39.308] Starting turn for Bot10
[14:35:39.308] Bot10 rotated right to face NORTH
[14:35:39.308] Bot10 executed ROTATE_RIGHT
[14:35:39.308] Starting turn for Bot1
[14:35:39.308] Bot1 rotated left to face WEST
[14:35:39.308] Bot1 executed ROTATE_LEFT
[14:35:39.308] Bot1 rotated left to face SOUTH
[14:35:39.308] Bot1 executed ROTATE_LEFT
[14:35:39.308] Bot1 moved forward to (1,2)
[14:35:39.308] Bot1 executed MOVE_FORWARD
[14:35:39.308] Starting turn for Bot10
[14:35:39.308] Starting turn for Bot1
[14:35:39.308] Starting turn for Bot10
[14:35:39.308] Bot10 rotated right to face EAST
[14:35:39.308] Bot10 executed ROTATE_RIGHT
[14:35:39.308] Bot10 moved forward to (7,7)
[14:35:39.308] Bot10 executed MOVE_FORWARD
[14:35:39.308] Starting turn for Bot1
[14:35:39.308] Starting turn for Bot10
[14:35:39.308] Bot10 rotated left to face NORTH
[14:35:39.308] Bot10 executed ROTATE_LEFT
[14:35:39.308] Bot10 rotated left to face WEST
[14:35:39.308] Bot10 executed ROTATE_LEFT
[14:35:39.308] Bot10 moved forward to (7,6)
[14:35:39.308] Bot10 executed MOVE_FORWARD
[14:35:39.308] Starting turn for Bot1
[14:35:39.308] Bot1 rotated left to face EAST
[14:35:39.308] Bot1 executed ROTATE_LEFT
[14:35:39.308] Bot1 rotated left to face NORTH
[14:35:39.308] Bot1 executed ROTATE_LEFT
[14:35:39.308] Bot1 moved forward to (0,2)
[14:35:39.308] Bot1 executed MOVE_FORWARD
[14:35:39.308] Starting turn for Bot10
[14:35:39.308] Bot10 rotated right to face NORTH
[14:35:39.308] Bot10 executed ROTATE_RIGHT
[14:35:39.308] Starting turn for Bot1
[14:35:39.308] Bot1 rotated left to face WEST
[14:35:39.308] Bot1 executed ROTATE_LEFT
[14:35:39.308] Bot1 rotated left to face SOUTH
[14:35:39.308] Bot1 executed ROTATE_LEFT
[14:35:39.308] Bot1 moved forward to (1,2)
[14:35:39.308] Bot1 executed MOVE_FORWARD
[14:35:39.308] Starting turn for Bot10
[14:35:39.308] Starting turn for Bot1
[14:35:39.308] Starting turn for Bot10
[14:35:39.308] Stalemate detected: State repeated 10 times, unchanged for 1 turns
[14:35:39.308] Game Over! Stalemate detected!
[14:35:39.308] Stalemate detected: State repeated 10 times, unchanged for 1 turns
