[14:36:12.401] === Game Started at 2025-02-04_14-36-12 ===
[14:36:12.401] Game initialized with 2 players
[14:36:12.401] Board size: 10
[14:36:12.401] Obstacle density: 0.05
[14:36:12.401] Max turns: 1000
[14:36:12.401] Player Bot31 starting at position (0,0) facing NORTH
[14:36:12.401] Player Bot27 starting at position (9,9) facing WEST
[14:36:12.401] Obstacles at positions: (0,6) (1,4) (1,6) (5,1) (6,2)
[14:36:12.401] Starting turn for Bot31
[14:36:12.401] Bot31 rotated right to face EAST
[14:36:12.401] Bot31 executed ROTATE_RIGHT
[14:36:12.401] Bot31 moved forward to (0,1)
[14:36:12.401] Bot31 executed MOVE_FORWARD
[14:36:12.401] Starting turn for Bot27
[14:36:12.401] Bot27 moved forward to (9,8)
[14:36:12.401] Bot27 executed MOVE_FORWARD
[14:36:12.401] Starting turn for Bot31
[14:36:12.401] Bot31 rotated right to face SOUTH
[14:36:12.401] Bot31 executed ROTATE_RIGHT
[14:36:12.401] Bot31 moved forward to (1,1)
[14:36:12.401] Bot31 executed MOVE_FORWARD
[14:36:12.401] Starting turn for Bot27
[14:36:12.401] Bot27 rotated right to face NORTH
[14:36:12.401] Bot27 executed ROTATE_RIGHT
[14:36:12.401] Bot27 moved forward to (8,8)
[14:36:12.401] Bot27 executed MOVE_FORWARD
[14:36:12.401] Starting turn for Bot31
[14:36:12.401] Bot31 rotated left to face EAST
[14:36:12.401] Bot31 executed ROTATE_LEFT
[14:36:12.401] Bot31 moved forward to (1,2)
[14:36:12.401] Bot31 executed MOVE_FORWARD
[14:36:12.401] Starting turn for Bot27
[14:36:12.401] Bot27 rotated left to face WEST
[14:36:12.401] Bot27 executed ROTATE_LEFT
[14:36:12.401] Bot27 moved forward to (8,7)
[14:36:12.401] Bot27 executed MOVE_FORWARD
[14:36:12.401] Starting turn for Bot31
[14:36:12.401] Bot31 rotated right to face SOUTH
[14:36:12.401] Bot31 executed ROTATE_RIGHT
[14:36:12.401] Bot31 moved forward to (2,2)
[14:36:12.401] Bot31 executed MOVE_FORWARD
[14:36:12.401] Starting turn for Bot27
[14:36:12.401] Bot27 rotated right to face NORTH
[14:36:12.401] Bot27 executed ROTATE_RIGHT
[14:36:12.401] Bot27 moved forward to (7,7)
[14:36:12.401] Bot27 executed MOVE_FORWARD
[14:36:12.401] Starting turn for Bot31
[14:36:12.401] Bot31 rotated left to face EAST
[14:36:12.401] Bot31 executed ROTATE_LEFT
[14:36:12.401] Bot31 moved forward to (2,3)
[14:36:12.401] Bot31 executed MOVE_FORWARD
[14:36:12.401] Starting turn for Bot27
[14:36:12.401] Bot27 rotated left to face WEST
[14:36:12.401] Bot27 executed ROTATE_LEFT
[14:36:12.401] Bot27 moved forward to (7,6)
[14:36:12.401] Bot27 executed MOVE_FORWARD
[14:36:12.401] Starting turn for Bot31
[14:36:12.401] Bot31 rotated right to face SOUTH
[14:36:12.401] Bot31 executed ROTATE_RIGHT
[14:36:12.401] Bot31 moved forward to (3,3)
[14:36:12.401] Bot31 executed MOVE_FORWARD
[14:36:12.401] Starting turn for Bot27
[14:36:12.401] Bot27 rotated right to face NORTH
[14:36:12.401] Bot27 executed ROTATE_RIGHT
[14:36:12.401] Bot27 moved forward to (6,6)
[14:36:12.401] Bot27 executed MOVE_FORWARD
[14:36:12.401] Starting turn for Bot31
[14:36:12.401] Bot31 rotated left to face EAST
[14:36:12.401] Bot31 executed ROTATE_LEFT
[14:36:12.401] Bot31 moved forward to (3,4)
[14:36:12.401] Bot31 executed MOVE_FORWARD
[14:36:12.401] Starting turn for Bot27
[14:36:12.401] Bot27 rotated left to face WEST
[14:36:12.401] Bot27 executed ROTATE_LEFT
[14:36:12.401] Bot27 moved forward to (6,5)
[14:36:12.401] Bot27 executed MOVE_FORWARD
[14:36:12.401] Starting turn for Bot31
[14:36:12.401] Bot31 rotated right to face SOUTH
[14:36:12.401] Bot31 executed ROTATE_RIGHT
[14:36:12.401] Bot31 moved forward to (4,4)
[14:36:12.401] Bot31 executed MOVE_FORWARD
[14:36:12.401] Starting turn for Bot27
[14:36:12.401] Bot27 rotated right to face NORTH
[14:36:12.401] Bot27 executed ROTATE_RIGHT
[14:36:12.401] Bot27 moved forward to (5,5)
[14:36:12.401] Bot27 executed MOVE_FORWARD
[14:36:12.401] Starting turn for Bot31
[14:36:12.401] Bot31 rotated left to face EAST
[14:36:12.401] Bot31 executed ROTATE_LEFT
[14:36:12.401] Bot31 moved forward to (4,5)
[14:36:12.401] Bot31 executed MOVE_FORWARD
[14:36:12.401] Starting turn for Bot27
[14:36:12.401] Bot27 shooting in direction NORTH
[14:36:12.401] Bot27 hit Bot31 for 25 damage (health: 100 -> 75)
[14:36:12.401] Bot27 executed SHOOT
[14:36:12.401] Starting turn for Bot31
[14:36:12.401] Bot31 rotated right to face SOUTH
[14:36:12.401] Bot31 executed ROTATE_RIGHT
[14:36:12.401] Starting turn for Bot27
[14:36:12.401] Bot27 shooting in direction NORTH
[14:36:12.401] Bot27 hit Bot31 for 25 damage (health: 75 -> 50)
[14:36:12.401] Bot27 executed SHOOT
[14:36:12.401] Starting turn for Bot31
[14:36:12.401] Bot31 shooting in direction SOUTH
[14:36:12.401] Bot31 hit Bot27 for 25 damage (health: 100 -> 75)
[14:36:12.401] Bot31 executed SHOOT
[14:36:12.401] Starting turn for Bot27
[14:36:12.401] Bot27 shooting in direction NORTH
[14:36:12.401] Bot27 hit Bot31 for 25 damage (health: 50 -> 25)
[14:36:12.401] Bot27 executed SHOOT
[14:36:12.401] Starting turn for Bot31
[14:36:12.401] Bot31 shooting in direction SOUTH
[14:36:12.401] Bot31 hit Bot27 for 25 damage (health: 75 -> 50)
[14:36:12.401] Bot31 executed SHOOT
[14:36:12.401] Starting turn for Bot27
[14:36:12.401] Bot27 shooting in direction NORTH
[14:36:12.401] Bot27 hit Bot31 for 25 damage (health: 25 -> 0)
[14:36:12.401] Bot31 was destroyed!
[14:36:12.401] Bot27 is the last tank standing!
[14:36:12.401] Bot27 executed SHOOT
[14:36:12.401] Game Over! Bot27 wins!
[14:36:12.401] === Game Ended ===
