[14:35:58.601] === Game Started at 2025-02-04_14-35-58 ===
[14:35:58.601] Game initialized with 2 players
[14:35:58.601] Board size: 10
[14:35:58.601] Obstacle density: 0.05
[14:35:58.601] Max turns: 1000
[14:35:58.601] Player Bot12 starting at position (0,0) facing WEST
[14:35:58.601] Player Bot23 starting at position (9,9) facing EAST
[14:35:58.601] Obstacles at positions: (0,8) (1,1) (3,0) (4,2) (8,8)
[14:35:58.601] Starting turn for Bot12
[14:35:58.601] Bot12 rotated left to face SOUTH
[14:35:58.601] Bot12 executed ROTATE_LEFT
[14:35:58.601] Bot12 rotated left to face EAST
[14:35:58.601] Bot12 executed ROTATE_LEFT
[14:35:58.601] Bot12 moved forward to (0,1)
[14:35:58.601] Bot12 executed MOVE_FORWARD
[14:35:58.601] Starting turn for Bot23
[14:35:58.601] Bot23 rotated left to face NORTH
[14:35:58.601] Bot23 executed ROTATE_LEFT
[14:35:58.601] Bot23 rotated left to face WEST
[14:35:58.601] Bot23 executed ROTATE_LEFT
[14:35:58.601] Bot23 moved forward to (9,8)
[14:35:58.601] Bot23 executed MOVE_FORWARD
[14:35:58.601] Starting turn for Bot12
[14:35:58.601] Bot12 rotated right to face SOUTH
[14:35:58.601] Bot12 executed ROTATE_RIGHT
[14:35:58.601] Starting turn for Bot23
[14:35:58.601] Bot23 rotated right to face NORTH
[14:35:58.601] Bot23 executed ROTATE_RIGHT
[14:35:58.601] Starting turn for Bot12
[14:35:58.601] Starting turn for Bot23
[14:35:58.601] Starting turn for Bot12
[14:35:58.601] Bot12 rotated left to face EAST
[14:35:58.601] Bot12 executed ROTATE_LEFT
[14:35:58.601] Bot12 moved forward to (0,2)
[14:35:58.601] Bot12 executed MOVE_FORWARD
[14:35:58.601] Starting turn for Bot23
[14:35:58.601] Bot23 rotated right to face EAST
[14:35:58.601] Bot23 executed ROTATE_RIGHT
[14:35:58.601] Bot23 moved forward to (9,9)
[14:35:58.601] Bot23 executed MOVE_FORWARD
[14:35:58.601] Starting turn for Bot12
[14:35:58.601] Bot12 rotated right to face SOUTH
[14:35:58.601] Bot12 executed ROTATE_RIGHT
[14:35:58.601] Bot12 moved forward to (1,2)
[14:35:58.601] Bot12 executed MOVE_FORWARD
[14:35:58.601] Starting turn for Bot23
[14:35:58.601] Bot23 rotated left to face NORTH
[14:35:58.601] Bot23 executed ROTATE_LEFT
[14:35:58.601] Bot23 rotated left to face WEST
[14:35:58.601] Bot23 executed ROTATE_LEFT
[14:35:58.601] Bot23 moved forward to (9,8)
[14:35:58.601] Bot23 executed MOVE_FORWARD
[14:35:58.601] Starting turn for Bot12
[14:35:58.601] Bot12 moved forward to (2,2)
[14:35:58.601] Bot12 executed MOVE_FORWARD
[14:35:58.601] Starting turn for Bot23
[14:35:58.601] Bot23 rotated right to face NORTH
[14:35:58.601] Bot23 executed ROTATE_RIGHT
[14:35:58.601] Starting turn for Bot12
[14:35:58.601] Bot12 rotated left to face EAST
[14:35:58.601] Bot12 executed ROTATE_LEFT
[14:35:58.601] Bot12 moved forward to (2,3)
[14:35:58.601] Bot12 executed MOVE_FORWARD
[14:35:58.601] Starting turn for Bot23
[14:35:58.601] Starting turn for Bot12
[14:35:58.601] Bot12 rotated right to face SOUTH
[14:35:58.601] Bot12 executed ROTATE_RIGHT
[14:35:58.601] Bot12 moved forward to (3,3)
[14:35:58.601] Bot12 executed MOVE_FORWARD
[14:35:58.601] Starting turn for Bot23
[14:35:58.601] Bot23 rotated right to face EAST
[14:35:58.601] Bot23 executed ROTATE_RIGHT
[14:35:58.601] Bot23 moved forward to (9,9)
[14:35:58.601] Bot23 executed MOVE_FORWARD
[14:35:58.601] Starting turn for Bot12
[14:35:58.601] Bot12 rotated left to face EAST
[14:35:58.601] Bot12 executed ROTATE_LEFT
[14:35:58.601] Bot12 moved forward to (3,4)
[14:35:58.601] Bot12 executed MOVE_FORWARD
[14:35:58.601] Starting turn for Bot23
[14:35:58.601] Bot23 rotated left to face NORTH
[14:35:58.601] Bot23 executed ROTATE_LEFT
[14:35:58.601] Bot23 rotated left to face WEST
[14:35:58.601] Bot23 executed ROTATE_LEFT
[14:35:58.601] Bot23 moved forward to (9,8)
[14:35:58.601] Bot23 executed MOVE_FORWARD
[14:35:58.601] Starting turn for Bot12
[14:35:58.601] Bot12 rotated right to face SOUTH
[14:35:58.601] Bot12 executed ROTATE_RIGHT
[14:35:58.601] Bot12 moved forward to (4,4)
[14:35:58.601] Bot12 executed MOVE_FORWARD
[14:35:58.601] Starting turn for Bot23
[14:35:58.601] Bot23 rotated right to face NORTH
[14:35:58.601] Bot23 executed ROTATE_RIGHT
[14:35:58.601] Starting turn for Bot12
[14:35:58.601] Bot12 rotated left to face EAST
[14:35:58.601] Bot12 executed ROTATE_LEFT
[14:35:58.601] Bot12 moved forward to (4,5)
[14:35:58.601] Bot12 executed MOVE_FORWARD
[14:35:58.601] Starting turn for Bot23
[14:35:58.601] Starting turn for Bot12
[14:35:58.601] Bot12 rotated right to face SOUTH
[14:35:58.601] Bot12 executed ROTATE_RIGHT
[14:35:58.601] Bot12 moved forward to (5,5)
[14:35:58.601] Bot12 executed MOVE_FORWARD
[14:35:58.601] Starting turn for Bot23
[14:35:58.601] Bot23 rotated right to face EAST
[14:35:58.601] Bot23 executed ROTATE_RIGHT
[14:35:58.601] Bot23 moved forward to (9,9)
[14:35:58.601] Bot23 executed MOVE_FORWARD
[14:35:58.601] Starting turn for Bot12
[14:35:58.601] Starting turn for Bot23
[14:35:58.601] Bot23 rotated left to face NORTH
[14:35:58.601] Bot23 executed ROTATE_LEFT
[14:35:58.601] Bot23 rotated left to face WEST
[14:35:58.601] Bot23 executed ROTATE_LEFT
[14:35:58.601] Bot23 moved forward to (9,8)
[14:35:58.601] Bot23 executed MOVE_FORWARD
[14:35:58.601] Starting turn for Bot12
[14:35:58.601] Starting turn for Bot23
[14:35:58.601] Bot23 rotated right to face NORTH
[14:35:58.601] Bot23 executed ROTATE_RIGHT
[14:35:58.601] Starting turn for Bot12
[14:35:58.601] Starting turn for Bot23
[14:35:58.601] Starting turn for Bot12
[14:35:58.601] Starting turn for Bot23
[14:35:58.601] Bot23 rotated right to face EAST
[14:35:58.601] Bot23 executed ROTATE_RIGHT
[14:35:58.601] Bot23 moved forward to (9,9)
[14:35:58.601] Bot23 executed MOVE_FORWARD
[14:35:58.601] Starting turn for Bot12
[14:35:58.601] Starting turn for Bot23
[14:35:58.601] Bot23 rotated left to face NORTH
[14:35:58.601] Bot23 executed ROTATE_LEFT
[14:35:58.601] Bot23 rotated left to face WEST
[14:35:58.601] Bot23 executed ROTATE_LEFT
[14:35:58.601] Bot23 moved forward to (9,8)
[14:35:58.601] Bot23 executed MOVE_FORWARD
[14:35:58.601] Starting turn for Bot12
[14:35:58.601] Starting turn for Bot23
[14:35:58.601] Bot23 rotated right to face NORTH
[14:35:58.601] Bot23 executed ROTATE_RIGHT
[14:35:58.601] Starting turn for Bot12
[14:35:58.601] Starting turn for Bot23
[14:35:58.601] Starting turn for Bot12
[14:35:58.601] Starting turn for Bot23
[14:35:58.601] Bot23 rotated right to face EAST
[14:35:58.601] Bot23 executed ROTATE_RIGHT
[14:35:58.601] Bot23 moved forward to (9,9)
[14:35:58.601] Bot23 executed MOVE_FORWARD
[14:35:58.601] Starting turn for Bot12
[14:35:58.601] Starting turn for Bot23
[14:35:58.601] Bot23 rotated left to face NORTH
[14:35:58.601] Bot23 executed ROTATE_LEFT
[14:35:58.601] Bot23 rotated left to face WEST
[14:35:58.601] Bot23 executed ROTATE_LEFT
[14:35:58.601] Bot23 moved forward to (9,8)
[14:35:58.601] Bot23 executed MOVE_FORWARD
[14:35:58.601] Starting turn for Bot12
[14:35:58.601] Starting turn for Bot23
[14:35:58.601] Bot23 rotated right to face NORTH
[14:35:58.601] Bot23 executed ROTATE_RIGHT
[14:35:58.601] Starting turn for Bot12
[14:35:58.601] Stalemate detected: State repeated 10 times, unchanged for 1 turns
[14:35:58.601] Game Over! Stalemate detected!
[14:35:58.601] Stalemate detected: State repeated 10 times, unchanged for 1 turns
