[14:36:07.912] === Game Started at 2025-02-04_14-36-07 ===
[14:36:07.912] Game initialized with 2 players
[14:36:07.912] Board size: 10
[14:36:07.912] Obstacle density: 0.05
[14:36:07.912] Max turns: 1000
[14:36:07.912] Player Bot38 starting at position (0,0) facing EAST
[14:36:07.912] Player Bot20 starting at position (9,9) facing WEST
[14:36:07.912] Obstacles at positions: (1,6) (3,1) (4,4) (6,6) (9,1)
[14:36:07.912] Starting turn for Bot38
[14:36:07.912] Bot38 moved forward to (0,1)
[14:36:07.912] Bot38 executed MOVE_FORWARD
[14:36:07.912] Starting turn for Bot20
[14:36:07.913] Bot20 moved forward to (9,8)
[14:36:07.913] Bot20 executed MOVE_FORWARD
[14:36:07.913] Starting turn for Bot38
[14:36:07.913] Bot38 rotated right to face SOUTH
[14:36:07.913] Bot38 executed ROTATE_RIGHT
[14:36:07.913] Bot38 moved forward to (1,1)
[14:36:07.913] Bot38 executed MOVE_FORWARD
[14:36:07.913] Starting turn for Bot20
[14:36:07.913] Bot20 rotated right to face NORTH
[14:36:07.913] Bot20 executed ROTATE_RIGHT
[14:36:07.913] Bot20 moved forward to (8,8)
[14:36:07.913] Bot20 executed MOVE_FORWARD
[14:36:07.913] Starting turn for Bot38
[14:36:07.913] Bot38 rotated left to face EAST
[14:36:07.913] Bot38 executed ROTATE_LEFT
[14:36:07.913] Bot38 moved forward to (1,2)
[14:36:07.913] Bot38 executed MOVE_FORWARD
[14:36:07.913] Starting turn for Bot20
[14:36:07.913] Bot20 rotated left to face WEST
[14:36:07.913] Bot20 executed ROTATE_LEFT
[14:36:07.913] Bot20 moved forward to (8,7)
[14:36:07.913] Bot20 executed MOVE_FORWARD
[14:36:07.913] Starting turn for Bot38
[14:36:07.913] Bot38 rotated right to face SOUTH
[14:36:07.913] Bot38 executed ROTATE_RIGHT
[14:36:07.913] Bot38 moved forward to (2,2)
[14:36:07.913] Bot38 executed MOVE_FORWARD
[14:36:07.913] Starting turn for Bot20
[14:36:07.913] Bot20 rotated right to face NORTH
[14:36:07.913] Bot20 executed ROTATE_RIGHT
[14:36:07.913] Bot20 moved forward to (7,7)
[14:36:07.913] Bot20 executed MOVE_FORWARD
[14:36:07.913] Starting turn for Bot38
[14:36:07.913] Bot38 rotated left to face EAST
[14:36:07.913] Bot38 executed ROTATE_LEFT
[14:36:07.913] Bot38 moved forward to (2,3)
[14:36:07.913] Bot38 executed MOVE_FORWARD
[14:36:07.913] Starting turn for Bot20
[14:36:07.913] Bot20 rotated left to face WEST
[14:36:07.913] Bot20 executed ROTATE_LEFT
[14:36:07.913] Bot20 moved forward to (7,6)
[14:36:07.913] Bot20 executed MOVE_FORWARD
[14:36:07.913] Starting turn for Bot38
[14:36:07.913] Bot38 rotated right to face SOUTH
[14:36:07.913] Bot38 executed ROTATE_RIGHT
[14:36:07.913] Bot38 moved forward to (3,3)
[14:36:07.913] Bot38 executed MOVE_FORWARD
[14:36:07.913] Starting turn for Bot20
[14:36:07.913] Bot20 rotated right to face NORTH
[14:36:07.913] Bot20 executed ROTATE_RIGHT
[14:36:07.913] Starting turn for Bot38
[14:36:07.913] Bot38 rotated left to face EAST
[14:36:07.913] Bot38 executed ROTATE_LEFT
[14:36:07.913] Bot38 moved forward to (3,4)
[14:36:07.913] Bot38 executed MOVE_FORWARD
[14:36:07.913] Starting turn for Bot20
[14:36:07.913] Starting turn for Bot38
[14:36:07.913] Bot38 rotated right to face SOUTH
[14:36:07.913] Bot38 executed ROTATE_RIGHT
[14:36:07.913] Starting turn for Bot20
[14:36:07.913] Bot20 rotated right to face EAST
[14:36:07.913] Bot20 executed ROTATE_RIGHT
[14:36:07.913] Bot20 moved forward to (7,7)
[14:36:07.913] Bot20 executed MOVE_FORWARD
[14:36:07.913] Starting turn for Bot38
[14:36:07.913] Starting turn for Bot20
[14:36:07.913] Bot20 rotated left to face NORTH
[14:36:07.913] Bot20 executed ROTATE_LEFT
[14:36:07.913] Bot20 rotated left to face WEST
[14:36:07.913] Bot20 executed ROTATE_LEFT
[14:36:07.913] Bot20 moved forward to (7,6)
[14:36:07.913] Bot20 executed MOVE_FORWARD
[14:36:07.913] Starting turn for Bot38
[14:36:07.913] Bot38 rotated left to face EAST
[14:36:07.913] Bot38 executed ROTATE_LEFT
[14:36:07.913] Bot38 rotated left to face NORTH
[14:36:07.913] Bot38 executed ROTATE_LEFT
[14:36:07.913] Bot38 moved forward to (2,4)
[14:36:07.913] Bot38 executed MOVE_FORWARD
[14:36:07.913] Starting turn for Bot20
[14:36:07.913] Bot20 rotated right to face NORTH
[14:36:07.913] Bot20 executed ROTATE_RIGHT
[14:36:07.913] Starting turn for Bot38
[14:36:07.913] Bot38 rotated left to face WEST
[14:36:07.913] Bot38 executed ROTATE_LEFT
[14:36:07.913] Bot38 rotated left to face SOUTH
[14:36:07.913] Bot38 executed ROTATE_LEFT
[14:36:07.913] Bot38 moved forward to (3,4)
[14:36:07.913] Bot38 executed MOVE_FORWARD
[14:36:07.913] Starting turn for Bot20
[14:36:07.913] Starting turn for Bot38
[14:36:07.913] Starting turn for Bot20
[14:36:07.913] Bot20 rotated right to face EAST
[14:36:07.913] Bot20 executed ROTATE_RIGHT
[14:36:07.913] Bot20 moved forward to (7,7)
[14:36:07.913] Bot20 executed MOVE_FORWARD
[14:36:07.913] Starting turn for Bot38
[14:36:07.913] Starting turn for Bot20
[14:36:07.913] Bot20 rotated left to face NORTH
[14:36:07.913] Bot20 executed ROTATE_LEFT
[14:36:07.913] Bot20 rotated left to face WEST
[14:36:07.913] Bot20 executed ROTATE_LEFT
[14:36:07.913] Bot20 moved forward to (7,6)
[14:36:07.913] Bot20 executed MOVE_FORWARD
[14:36:07.913] Starting turn for Bot38
[14:36:07.913] Bot38 rotated left to face EAST
[14:36:07.913] Bot38 executed ROTATE_LEFT
[14:36:07.913] Bot38 rotated left to face NORTH
[14:36:07.913] Bot38 executed ROTATE_LEFT
[14:36:07.913] Bot38 moved forward to (2,4)
[14:36:07.913] Bot38 executed MOVE_FORWARD
[14:36:07.913] Starting turn for Bot20
[14:36:07.913] Bot20 rotated right to face NORTH
[14:36:07.913] Bot20 executed ROTATE_RIGHT
[14:36:07.913] Starting turn for Bot38
[14:36:07.913] Bot38 rotated left to face WEST
[14:36:07.913] Bot38 executed ROTATE_LEFT
[14:36:07.913] Bot38 rotated left to face SOUTH
[14:36:07.913] Bot38 executed ROTATE_LEFT
[14:36:07.913] Bot38 moved forward to (3,4)
[14:36:07.913] Bot38 executed MOVE_FORWARD
[14:36:07.913] Starting turn for Bot20
[14:36:07.913] Starting turn for Bot38
[14:36:07.913] Starting turn for Bot20
[14:36:07.913] Bot20 rotated right to face EAST
[14:36:07.913] Bot20 executed ROTATE_RIGHT
[14:36:07.913] Bot20 moved forward to (7,7)
[14:36:07.913] Bot20 executed MOVE_FORWARD
[14:36:07.913] Starting turn for Bot38
[14:36:07.913] Starting turn for Bot20
[14:36:07.913] Bot20 rotated left to face NORTH
[14:36:07.913] Bot20 executed ROTATE_LEFT
[14:36:07.913] Bot20 rotated left to face WEST
[14:36:07.913] Bot20 executed ROTATE_LEFT
[14:36:07.913] Bot20 moved forward to (7,6)
[14:36:07.913] Bot20 executed MOVE_FORWARD
[14:36:07.913] Starting turn for Bot38
[14:36:07.913] Bot38 rotated left to face EAST
[14:36:07.913] Bot38 executed ROTATE_LEFT
[14:36:07.913] Bot38 rotated left to face NORTH
[14:36:07.913] Bot38 executed ROTATE_LEFT
[14:36:07.913] Bot38 moved forward to (2,4)
[14:36:07.913] Bot38 executed MOVE_FORWARD
[14:36:07.913] Starting turn for Bot20
[14:36:07.913] Bot20 rotated right to face NORTH
[14:36:07.913] Bot20 executed ROTATE_RIGHT
[14:36:07.913] Starting turn for Bot38
[14:36:07.913] Bot38 rotated left to face WEST
[14:36:07.913] Bot38 executed ROTATE_LEFT
[14:36:07.913] Bot38 rotated left to face SOUTH
[14:36:07.913] Bot38 executed ROTATE_LEFT
[14:36:07.913] Bot38 moved forward to (3,4)
[14:36:07.913] Bot38 executed MOVE_FORWARD
[14:36:07.913] Starting turn for Bot20
[14:36:07.913] Starting turn for Bot38
[14:36:07.913] Starting turn for Bot20
[14:36:07.913] Stalemate detected: State repeated 10 times, unchanged for 1 turns
[14:36:07.913] Game Over! Stalemate detected!
[14:36:07.913] Stalemate detected: State repeated 10 times, unchanged for 1 turns
