[14:35:52.675] === Game Started at 2025-02-04_14-35-52 ===
[14:35:52.675] Game initialized with 2 players
[14:35:52.675] Board size: 10
[14:35:52.675] Obstacle density: 0.05
[14:35:52.675] Max turns: 1000
[14:35:52.675] Player Bot10 starting at position (0,0) facing NORTH
[14:35:52.675] Player Bot8 starting at position (9,9) facing WEST
[14:35:52.675] Obstacles at positions: (2,9) (6,3) (6,6) (7,1) (8,7)
[14:35:52.675] Starting turn for Bot10
[14:35:52.675] Bot10 rotated right to face EAST
[14:35:52.675] Bot10 executed ROTATE_RIGHT
[14:35:52.675] Bot10 moved forward to (0,1)
[14:35:52.675] Bot10 executed MOVE_FORWARD
[14:35:52.675] Starting turn for Bot8
[14:35:52.675] Bot8 moved forward to (9,8)
[14:35:52.675] Bot8 executed MOVE_FORWARD
[14:35:52.675] Starting turn for Bot10
[14:35:52.675] Bot10 rotated right to face SOUTH
[14:35:52.675] Bot10 executed ROTATE_RIGHT
[14:35:52.675] Bot10 moved forward to (1,1)
[14:35:52.675] Bot10 executed MOVE_FORWARD
[14:35:52.675] Starting turn for Bot8
[14:35:52.675] Bot8 rotated right to face NORTH
[14:35:52.675] Bot8 executed ROTATE_RIGHT
[14:35:52.675] Bot8 moved forward to (8,8)
[14:35:52.675] Bot8 executed MOVE_FORWARD
[14:35:52.675] Starting turn for Bot10
[14:35:52.675] Bot10 rotated left to face EAST
[14:35:52.675] Bot10 executed ROTATE_LEFT
[14:35:52.675] Bot10 moved forward to (1,2)
[14:35:52.675] Bot10 executed MOVE_FORWARD
[14:35:52.675] Starting turn for Bot8
[14:35:52.675] Bot8 rotated left to face WEST
[14:35:52.675] Bot8 executed ROTATE_LEFT
[14:35:52.675] Starting turn for Bot10
[14:35:52.675] Bot10 rotated right to face SOUTH
[14:35:52.675] Bot10 executed ROTATE_RIGHT
[14:35:52.675] Bot10 moved forward to (2,2)
[14:35:52.675] Bot10 executed MOVE_FORWARD
[14:35:52.675] Starting turn for Bot8
[14:35:52.675] Starting turn for Bot10
[14:35:52.675] Bot10 rotated left to face EAST
[14:35:52.675] Bot10 executed ROTATE_LEFT
[14:35:52.675] Bot10 moved forward to (2,3)
[14:35:52.675] Bot10 executed MOVE_FORWARD
[14:35:52.675] Starting turn for Bot8
[14:35:52.675] Bot8 rotated right to face NORTH
[14:35:52.675] Bot8 executed ROTATE_RIGHT
[14:35:52.675] Bot8 moved forward to (7,8)
[14:35:52.675] Bot8 executed MOVE_FORWARD
[14:35:52.675] Starting turn for Bot10
[14:35:52.675] Bot10 rotated right to face SOUTH
[14:35:52.675] Bot10 executed ROTATE_RIGHT
[14:35:52.675] Bot10 moved forward to (3,3)
[14:35:52.675] Bot10 executed MOVE_FORWARD
[14:35:52.675] Starting turn for Bot8
[14:35:52.675] Bot8 rotated left to face WEST
[14:35:52.675] Bot8 executed ROTATE_LEFT
[14:35:52.675] Bot8 moved forward to (7,7)
[14:35:52.675] Bot8 executed MOVE_FORWARD
[14:35:52.675] Starting turn for Bot10
[14:35:52.675] Bot10 rotated left to face EAST
[14:35:52.675] Bot10 executed ROTATE_LEFT
[14:35:52.675] Bot10 moved forward to (3,4)
[14:35:52.675] Bot10 executed MOVE_FORWARD
[14:35:52.675] Starting turn for Bot8
[14:35:52.675] Bot8 moved forward to (7,6)
[14:35:52.675] Bot8 executed MOVE_FORWARD
[14:35:52.675] Starting turn for Bot10
[14:35:52.675] Bot10 rotated right to face SOUTH
[14:35:52.675] Bot10 executed ROTATE_RIGHT
[14:35:52.675] Bot10 moved forward to (4,4)
[14:35:52.675] Bot10 executed MOVE_FORWARD
[14:35:52.675] Starting turn for Bot8
[14:35:52.675] Bot8 rotated right to face NORTH
[14:35:52.675] Bot8 executed ROTATE_RIGHT
[14:35:52.675] Starting turn for Bot10
[14:35:52.675] Bot10 rotated left to face EAST
[14:35:52.675] Bot10 executed ROTATE_LEFT
[14:35:52.675] Bot10 moved forward to (4,5)
[14:35:52.675] Bot10 executed MOVE_FORWARD
[14:35:52.675] Starting turn for Bot8
[14:35:52.675] Starting turn for Bot10
[14:35:52.675] Bot10 rotated right to face SOUTH
[14:35:52.675] Bot10 executed ROTATE_RIGHT
[14:35:52.675] Bot10 moved forward to (5,5)
[14:35:52.675] Bot10 executed MOVE_FORWARD
[14:35:52.675] Starting turn for Bot8
[14:35:52.675] Bot8 rotated right to face EAST
[14:35:52.675] Bot8 executed ROTATE_RIGHT
[14:35:52.675] Bot8 moved forward to (7,7)
[14:35:52.675] Bot8 executed MOVE_FORWARD
[14:35:52.675] Starting turn for Bot10
[14:35:52.675] Starting turn for Bot8
[14:35:52.675] Bot8 rotated left to face NORTH
[14:35:52.675] Bot8 executed ROTATE_LEFT
[14:35:52.675] Bot8 rotated left to face WEST
[14:35:52.675] Bot8 executed ROTATE_LEFT
[14:35:52.675] Bot8 moved forward to (7,6)
[14:35:52.675] Bot8 executed MOVE_FORWARD
[14:35:52.675] Starting turn for Bot10
[14:35:52.675] Starting turn for Bot8
[14:35:52.675] Bot8 rotated right to face NORTH
[14:35:52.675] Bot8 executed ROTATE_RIGHT
[14:35:52.675] Starting turn for Bot10
[14:35:52.675] Starting turn for Bot8
[14:35:52.675] Starting turn for Bot10
[14:35:52.675] Starting turn for Bot8
[14:35:52.675] Bot8 rotated right to face EAST
[14:35:52.675] Bot8 executed ROTATE_RIGHT
[14:35:52.675] Bot8 moved forward to (7,7)
[14:35:52.675] Bot8 executed MOVE_FORWARD
[14:35:52.675] Starting turn for Bot10
[14:35:52.675] Starting turn for Bot8
[14:35:52.675] Bot8 rotated left to face NORTH
[14:35:52.675] Bot8 executed ROTATE_LEFT
[14:35:52.675] Bot8 rotated left to face WEST
[14:35:52.675] Bot8 executed ROTATE_LEFT
[14:35:52.675] Bot8 moved forward to (7,6)
[14:35:52.675] Bot8 executed MOVE_FORWARD
[14:35:52.675] Starting turn for Bot10
[14:35:52.675] Starting turn for Bot8
[14:35:52.675] Bot8 rotated right to face NORTH
[14:35:52.675] Bot8 executed ROTATE_RIGHT
[14:35:52.675] Starting turn for Bot10
[14:35:52.675] Starting turn for Bot8
[14:35:52.675] Starting turn for Bot10
[14:35:52.675] Starting turn for Bot8
[14:35:52.675] Bot8 rotated right to face EAST
[14:35:52.675] Bot8 executed ROTATE_RIGHT
[14:35:52.675] Bot8 moved forward to (7,7)
[14:35:52.675] Bot8 executed MOVE_FORWARD
[14:35:52.675] Starting turn for Bot10
[14:35:52.675] Starting turn for Bot8
[14:35:52.675] Bot8 rotated left to face NORTH
[14:35:52.675] Bot8 executed ROTATE_LEFT
[14:35:52.675] Bot8 rotated left to face WEST
[14:35:52.675] Bot8 executed ROTATE_LEFT
[14:35:52.675] Bot8 moved forward to (7,6)
[14:35:52.675] Bot8 executed MOVE_FORWARD
[14:35:52.675] Starting turn for Bot10
[14:35:52.675] Starting turn for Bot8
[14:35:52.675] Bot8 rotated right to face NORTH
[14:35:52.675] Bot8 executed ROTATE_RIGHT
[14:35:52.675] Starting turn for Bot10
[14:35:52.675] Stalemate detected: State repeated 10 times, unchanged for 1 turns
[14:35:52.675] Game Over! Stalemate detected!
[14:35:52.675] Stalemate detected: State repeated 10 times, unchanged for 1 turns
