[14:36:06.877] === Game Started at 2025-02-04_14-36-06 ===
[14:36:06.877] Game initialized with 2 players
[14:36:06.877] Board size: 10
[14:36:06.877] Obstacle density: 0.05
[14:36:06.877] Max turns: 1000
[14:36:06.877] Player Bot19 starting at position (0,0) facing NORTH
[14:36:06.877] Player Bot35 starting at position (9,9) facing NORTH
[14:36:06.877] Obstacles at positions: (1,1) (2,6) (5,0) (7,3) (7,7)
[14:36:06.877] Starting turn for Bot19
[14:36:06.877] Bot19 rotated right to face EAST
[14:36:06.877] Bot19 executed ROTATE_RIGHT
[14:36:06.877] Bot19 moved forward to (0,1)
[14:36:06.877] Bot19 executed MOVE_FORWARD
[14:36:06.877] Starting turn for Bot35
[14:36:06.877] Bot35 rotated left to face WEST
[14:36:06.877] Bot35 executed ROTATE_LEFT
[14:36:06.877] Bot35 moved forward to (9,8)
[14:36:06.877] Bot35 executed MOVE_FORWARD
[14:36:06.877] Starting turn for Bot19
[14:36:06.877] Bot19 rotated right to face SOUTH
[14:36:06.877] Bot19 executed ROTATE_RIGHT
[14:36:06.877] Starting turn for Bot35
[14:36:06.877] Bot35 rotated right to face NORTH
[14:36:06.877] Bot35 executed ROTATE_RIGHT
[14:36:06.877] Bot35 moved forward to (8,8)
[14:36:06.877] Bot35 executed MOVE_FORWARD
[14:36:06.877] Starting turn for Bot19
[14:36:06.877] Starting turn for Bot35
[14:36:06.877] Bot35 rotated left to face WEST
[14:36:06.877] Bot35 executed ROTATE_LEFT
[14:36:06.877] Bot35 moved forward to (8,7)
[14:36:06.877] Bot35 executed MOVE_FORWARD
[14:36:06.877] Starting turn for Bot19
[14:36:06.877] Bot19 rotated left to face EAST
[14:36:06.877] Bot19 executed ROTATE_LEFT
[14:36:06.877] Bot19 moved forward to (0,2)
[14:36:06.877] Bot19 executed MOVE_FORWARD
[14:36:06.877] Starting turn for Bot35
[14:36:06.877] Bot35 rotated right to face NORTH
[14:36:06.877] Bot35 executed ROTATE_RIGHT
[14:36:06.877] Starting turn for Bot19
[14:36:06.877] Bot19 rotated right to face SOUTH
[14:36:06.877] Bot19 executed ROTATE_RIGHT
[14:36:06.877] Bot19 moved forward to (1,2)
[14:36:06.877] Bot19 executed MOVE_FORWARD
[14:36:06.877] Starting turn for Bot35
[14:36:06.877] Starting turn for Bot19
[14:36:06.877] Bot19 moved forward to (2,2)
[14:36:06.877] Bot19 executed MOVE_FORWARD
[14:36:06.877] Starting turn for Bot35
[14:36:06.877] Bot35 rotated right to face EAST
[14:36:06.877] Bot35 executed ROTATE_RIGHT
[14:36:06.877] Bot35 moved forward to (8,8)
[14:36:06.877] Bot35 executed MOVE_FORWARD
[14:36:06.877] Starting turn for Bot19
[14:36:06.877] Bot19 rotated left to face EAST
[14:36:06.877] Bot19 executed ROTATE_LEFT
[14:36:06.877] Bot19 moved forward to (2,3)
[14:36:06.877] Bot19 executed MOVE_FORWARD
[14:36:06.877] Starting turn for Bot35
[14:36:06.877] Bot35 rotated left to face NORTH
[14:36:06.877] Bot35 executed ROTATE_LEFT
[14:36:06.877] Bot35 rotated left to face WEST
[14:36:06.877] Bot35 executed ROTATE_LEFT
[14:36:06.877] Bot35 moved forward to (8,7)
[14:36:06.877] Bot35 executed MOVE_FORWARD
[14:36:06.877] Starting turn for Bot19
[14:36:06.877] Bot19 rotated right to face SOUTH
[14:36:06.877] Bot19 executed ROTATE_RIGHT
[14:36:06.877] Bot19 moved forward to (3,3)
[14:36:06.877] Bot19 executed MOVE_FORWARD
[14:36:06.877] Starting turn for Bot35
[14:36:06.877] Bot35 rotated right to face NORTH
[14:36:06.877] Bot35 executed ROTATE_RIGHT
[14:36:06.877] Starting turn for Bot19
[14:36:06.877] Bot19 rotated left to face EAST
[14:36:06.877] Bot19 executed ROTATE_LEFT
[14:36:06.877] Bot19 moved forward to (3,4)
[14:36:06.877] Bot19 executed MOVE_FORWARD
[14:36:06.877] Starting turn for Bot35
[14:36:06.877] Starting turn for Bot19
[14:36:06.877] Bot19 rotated right to face SOUTH
[14:36:06.877] Bot19 executed ROTATE_RIGHT
[14:36:06.877] Bot19 moved forward to (4,4)
[14:36:06.877] Bot19 executed MOVE_FORWARD
[14:36:06.877] Starting turn for Bot35
[14:36:06.877] Bot35 rotated right to face EAST
[14:36:06.877] Bot35 executed ROTATE_RIGHT
[14:36:06.877] Bot35 moved forward to (8,8)
[14:36:06.877] Bot35 executed MOVE_FORWARD
[14:36:06.877] Starting turn for Bot19
[14:36:06.877] Bot19 rotated left to face EAST
[14:36:06.877] Bot19 executed ROTATE_LEFT
[14:36:06.877] Bot19 moved forward to (4,5)
[14:36:06.877] Bot19 executed MOVE_FORWARD
[14:36:06.877] Starting turn for Bot35
[14:36:06.877] Bot35 rotated left to face NORTH
[14:36:06.877] Bot35 executed ROTATE_LEFT
[14:36:06.877] Bot35 rotated left to face WEST
[14:36:06.877] Bot35 executed ROTATE_LEFT
[14:36:06.877] Bot35 moved forward to (8,7)
[14:36:06.877] Bot35 executed MOVE_FORWARD
[14:36:06.877] Starting turn for Bot19
[14:36:06.877] Bot19 rotated right to face SOUTH
[14:36:06.877] Bot19 executed ROTATE_RIGHT
[14:36:06.877] Bot19 moved forward to (5,5)
[14:36:06.877] Bot19 executed MOVE_FORWARD
[14:36:06.877] Starting turn for Bot35
[14:36:06.877] Bot35 rotated right to face NORTH
[14:36:06.877] Bot35 executed ROTATE_RIGHT
[14:36:06.877] Starting turn for Bot19
[14:36:06.877] Starting turn for Bot35
[14:36:06.877] Starting turn for Bot19
[14:36:06.877] Starting turn for Bot35
[14:36:06.877] Bot35 rotated right to face EAST
[14:36:06.877] Bot35 executed ROTATE_RIGHT
[14:36:06.877] Bot35 moved forward to (8,8)
[14:36:06.877] Bot35 executed MOVE_FORWARD
[14:36:06.877] Starting turn for Bot19
[14:36:06.877] Starting turn for Bot35
[14:36:06.877] Bot35 rotated left to face NORTH
[14:36:06.877] Bot35 executed ROTATE_LEFT
[14:36:06.877] Bot35 rotated left to face WEST
[14:36:06.877] Bot35 executed ROTATE_LEFT
[14:36:06.877] Bot35 moved forward to (8,7)
[14:36:06.877] Bot35 executed MOVE_FORWARD
[14:36:06.877] Starting turn for Bot19
[14:36:06.877] Starting turn for Bot35
[14:36:06.877] Bot35 rotated right to face NORTH
[14:36:06.877] Bot35 executed ROTATE_RIGHT
[14:36:06.877] Starting turn for Bot19
[14:36:06.877] Starting turn for Bot35
[14:36:06.877] Starting turn for Bot19
[14:36:06.877] Starting turn for Bot35
[14:36:06.877] Bot35 rotated right to face EAST
[14:36:06.877] Bot35 executed ROTATE_RIGHT
[14:36:06.877] Bot35 moved forward to (8,8)
[14:36:06.877] Bot35 executed MOVE_FORWARD
[14:36:06.877] Starting turn for Bot19
[14:36:06.877] Starting turn for Bot35
[14:36:06.877] Bot35 rotated left to face NORTH
[14:36:06.877] Bot35 executed ROTATE_LEFT
[14:36:06.877] Bot35 rotated left to face WEST
[14:36:06.877] Bot35 executed ROTATE_LEFT
[14:36:06.877] Bot35 moved forward to (8,7)
[14:36:06.877] Bot35 executed MOVE_FORWARD
[14:36:06.877] Starting turn for Bot19
[14:36:06.877] Starting turn for Bot35
[14:36:06.877] Bot35 rotated right to face NORTH
[14:36:06.877] Bot35 executed ROTATE_RIGHT
[14:36:06.877] Starting turn for Bot19
[14:36:06.877] Starting turn for Bot35
[14:36:06.877] Stalemate detected: State repeated 10 times, unchanged for 4 turns
[14:36:06.877] Game Over! Stalemate detected!
[14:36:06.877] Stalemate detected: State repeated 10 times, unchanged for 4 turns
