[14:35:57.264] === Game Started at 2025-02-04_14-35-57 ===
[14:35:57.264] Game initialized with 2 players
[14:35:57.264] Board size: 10
[14:35:57.264] Obstacle density: 0.05
[14:35:57.264] Max turns: 1000
[14:35:57.264] Player Bot11 starting at position (0,0) facing WEST
[14:35:57.264] Player Bot21 starting at position (9,9) facing WEST
[14:35:57.264] Obstacles at positions: (0,2) (1,1) (3,1) (4,0) (7,0)
[14:35:57.264] Starting turn for Bot11
[14:35:57.264] Bot11 rotated left to face SOUTH
[14:35:57.264] Bot11 executed ROTATE_LEFT
[14:35:57.264] Bot11 rotated left to face EAST
[14:35:57.264] Bot11 executed ROTATE_LEFT
[14:35:57.264] Bot11 moved forward to (0,1)
[14:35:57.264] Bot11 executed MOVE_FORWARD
[14:35:57.264] Starting turn for Bot21
[14:35:57.264] Bot21 moved forward to (9,8)
[14:35:57.264] Bot21 executed MOVE_FORWARD
[14:35:57.264] Starting turn for Bot11
[14:35:57.264] Bot11 rotated right to face SOUTH
[14:35:57.264] Bot11 executed ROTATE_RIGHT
[14:35:57.264] Starting turn for Bot21
[14:35:57.264] Bot21 rotated right to face NORTH
[14:35:57.264] Bot21 executed ROTATE_RIGHT
[14:35:57.264] Bot21 moved forward to (8,8)
[14:35:57.264] Bot21 executed MOVE_FORWARD
[14:35:57.264] Starting turn for Bot11
[14:35:57.264] Starting turn for Bot21
[14:35:57.264] Bot21 rotated left to face WEST
[14:35:57.264] Bot21 executed ROTATE_LEFT
[14:35:57.264] Bot21 moved forward to (8,7)
[14:35:57.264] Bot21 executed MOVE_FORWARD
[14:35:57.264] Starting turn for Bot11
[14:35:57.264] Bot11 rotated right to face WEST
[14:35:57.264] Bot11 executed ROTATE_RIGHT
[14:35:57.264] Bot11 moved forward to (0,0)
[14:35:57.264] Bot11 executed MOVE_FORWARD
[14:35:57.264] Starting turn for Bot21
[14:35:57.264] Bot21 rotated right to face NORTH
[14:35:57.264] Bot21 executed ROTATE_RIGHT
[14:35:57.264] Bot21 moved forward to (7,7)
[14:35:57.264] Bot21 executed MOVE_FORWARD
[14:35:57.264] Starting turn for Bot11
[14:35:57.264] Bot11 rotated left to face SOUTH
[14:35:57.264] Bot11 executed ROTATE_LEFT
[14:35:57.264] Bot11 rotated left to face EAST
[14:35:57.264] Bot11 executed ROTATE_LEFT
[14:35:57.264] Bot11 moved forward to (0,1)
[14:35:57.264] Bot11 executed MOVE_FORWARD
[14:35:57.264] Starting turn for Bot21
[14:35:57.264] Bot21 rotated left to face WEST
[14:35:57.264] Bot21 executed ROTATE_LEFT
[14:35:57.264] Bot21 moved forward to (7,6)
[14:35:57.264] Bot21 executed MOVE_FORWARD
[14:35:57.264] Starting turn for Bot11
[14:35:57.264] Bot11 rotated right to face SOUTH
[14:35:57.264] Bot11 executed ROTATE_RIGHT
[14:35:57.264] Starting turn for Bot21
[14:35:57.264] Bot21 rotated right to face NORTH
[14:35:57.264] Bot21 executed ROTATE_RIGHT
[14:35:57.264] Bot21 moved forward to (6,6)
[14:35:57.264] Bot21 executed MOVE_FORWARD
[14:35:57.264] Starting turn for Bot11
[14:35:57.264] Starting turn for Bot21
[14:35:57.264] Bot21 rotated left to face WEST
[14:35:57.264] Bot21 executed ROTATE_LEFT
[14:35:57.264] Bot21 moved forward to (6,5)
[14:35:57.264] Bot21 executed MOVE_FORWARD
[14:35:57.264] Starting turn for Bot11
[14:35:57.264] Bot11 rotated right to face WEST
[14:35:57.264] Bot11 executed ROTATE_RIGHT
[14:35:57.264] Bot11 moved forward to (0,0)
[14:35:57.264] Bot11 executed MOVE_FORWARD
[14:35:57.264] Starting turn for Bot21
[14:35:57.264] Bot21 rotated right to face NORTH
[14:35:57.264] Bot21 executed ROTATE_RIGHT
[14:35:57.264] Bot21 moved forward to (5,5)
[14:35:57.264] Bot21 executed MOVE_FORWARD
[14:35:57.264] Starting turn for Bot11
[14:35:57.264] Bot11 rotated left to face SOUTH
[14:35:57.264] Bot11 executed ROTATE_LEFT
[14:35:57.264] Bot11 rotated left to face EAST
[14:35:57.264] Bot11 executed ROTATE_LEFT
[14:35:57.264] Bot11 moved forward to (0,1)
[14:35:57.264] Bot11 executed MOVE_FORWARD
[14:35:57.264] Starting turn for Bot21
[14:35:57.264] Starting turn for Bot11
[14:35:57.264] Bot11 rotated right to face SOUTH
[14:35:57.264] Bot11 executed ROTATE_RIGHT
[14:35:57.264] Starting turn for Bot21
[14:35:57.264] Starting turn for Bot11
[14:35:57.264] Starting turn for Bot21
[14:35:57.264] Starting turn for Bot11
[14:35:57.264] Bot11 rotated right to face WEST
[14:35:57.264] Bot11 executed ROTATE_RIGHT
[14:35:57.264] Bot11 moved forward to (0,0)
[14:35:57.264] Bot11 executed MOVE_FORWARD
[14:35:57.264] Starting turn for Bot21
[14:35:57.264] Starting turn for Bot11
[14:35:57.264] Bot11 rotated left to face SOUTH
[14:35:57.264] Bot11 executed ROTATE_LEFT
[14:35:57.264] Bot11 rotated left to face EAST
[14:35:57.264] Bot11 executed ROTATE_LEFT
[14:35:57.264] Bot11 moved forward to (0,1)
[14:35:57.264] Bot11 executed MOVE_FORWARD
[14:35:57.264] Starting turn for Bot21
[14:35:57.264] Starting turn for Bot11
[14:35:57.264] Bot11 rotated right to face SOUTH
[14:35:57.264] Bot11 executed ROTATE_RIGHT
[14:35:57.264] Starting turn for Bot21
[14:35:57.265] Starting turn for Bot11
[14:35:57.265] Starting turn for Bot21
[14:35:57.265] Starting turn for Bot11
[14:35:57.265] Bot11 rotated right to face WEST
[14:35:57.265] Bot11 executed ROTATE_RIGHT
[14:35:57.265] Bot11 moved forward to (0,0)
[14:35:57.265] Bot11 executed MOVE_FORWARD
[14:35:57.265] Starting turn for Bot21
[14:35:57.265] Starting turn for Bot11
[14:35:57.265] Bot11 rotated left to face SOUTH
[14:35:57.265] Bot11 executed ROTATE_LEFT
[14:35:57.265] Bot11 rotated left to face EAST
[14:35:57.265] Bot11 executed ROTATE_LEFT
[14:35:57.265] Bot11 moved forward to (0,1)
[14:35:57.265] Bot11 executed MOVE_FORWARD
[14:35:57.265] Starting turn for Bot21
[14:35:57.265] Starting turn for Bot11
[14:35:57.265] Bot11 rotated right to face SOUTH
[14:35:57.265] Bot11 executed ROTATE_RIGHT
[14:35:57.265] Starting turn for Bot21
[14:35:57.265] Starting turn for Bot11
[14:35:57.265] Starting turn for Bot21
[14:35:57.265] Starting turn for Bot11
[14:35:57.265] Bot11 rotated right to face WEST
[14:35:57.265] Bot11 executed ROTATE_RIGHT
[14:35:57.265] Bot11 moved forward to (0,0)
[14:35:57.265] Bot11 executed MOVE_FORWARD
[14:35:57.265] Starting turn for Bot21
[14:35:57.265] Starting turn for Bot11
[14:35:57.265] Bot11 rotated left to face SOUTH
[14:35:57.265] Bot11 executed ROTATE_LEFT
[14:35:57.265] Bot11 rotated left to face EAST
[14:35:57.265] Bot11 executed ROTATE_LEFT
[14:35:57.265] Bot11 moved forward to (0,1)
[14:35:57.265] Bot11 executed MOVE_FORWARD
[14:35:57.265] Starting turn for Bot21
[14:35:57.265] Starting turn for Bot11
[14:35:57.265] Bot11 rotated right to face SOUTH
[14:35:57.265] Bot11 executed ROTATE_RIGHT
[14:35:57.265] Starting turn for Bot21
[14:35:57.265] Stalemate detected: State repeated 10 times, unchanged for 1 turns
[14:35:57.265] Game Over! Stalemate detected!
[14:35:57.265] Stalemate detected: State repeated 10 times, unchanged for 1 turns
