[19:20:39.331] === Game Started at 2025-01-16_19-20-39 ===
[19:20:39.331] Game initialized with 2 players
[19:20:39.331] Board size: 10
[19:20:39.331] Obstacle density: 0.05
[19:20:39.331] Max turns: 1000
[19:20:39.331] Player Bot2 starting at position (0,0) facing SOUTH
[19:20:39.331] Player Bot1 starting at position (9,9) facing EAST
[19:20:39.332] Obstacles at positions: (6,0) (6,2) (7,8) (8,0) (9,2)
[19:20:39.332] Starting turn for Bot2
[19:20:39.332] Bot2 rotated left to face EAST
[19:20:39.332] Bot2 executed ROTATE_LEFT
[19:20:39.332] Bot2 moved forward to (0,1)
[19:20:39.332] Bot2 executed MOVE_FORWARD
[19:20:39.332] Starting turn for Bot1
[19:20:39.332] Bot1 rotated left to face NORTH
[19:20:39.332] Bot1 executed ROTATE_LEFT
[19:20:39.332] Bot1 rotated left to face WEST
[19:20:39.332] Bot1 executed ROTATE_LEFT
[19:20:39.332] Bot1 moved forward to (9,8)
[19:20:39.332] Bot1 executed MOVE_FORWARD
[19:20:39.332] Starting turn for Bot2
[19:20:39.333] Bot2 rotated right to face SOUTH
[19:20:39.333] Bot2 executed ROTATE_RIGHT
[19:20:39.333] Bot2 moved forward to (1,1)
[19:20:39.333] Bot2 executed MOVE_FORWARD
[19:20:39.333] Starting turn for Bot1
[19:20:39.333] Bot1 rotated right to face NORTH
[19:20:39.333] Bot1 executed ROTATE_RIGHT
[19:20:39.333] Bot1 moved forward to (8,8)
[19:20:39.333] Bot1 executed MOVE_FORWARD
[19:20:39.333] Starting turn for Bot2
[19:20:39.333] Bot2 rotated left to face EAST
[19:20:39.333] Bot2 executed ROTATE_LEFT
[19:20:39.333] Bot2 moved forward to (1,2)
[19:20:39.333] Bot2 executed MOVE_FORWARD
[19:20:39.333] Starting turn for Bot1
[19:20:39.333] Bot1 rotated left to face WEST
[19:20:39.333] Bot1 executed ROTATE_LEFT
[19:20:39.333] Bot1 moved forward to (8,7)
[19:20:39.333] Bot1 executed MOVE_FORWARD
[19:20:39.333] Starting turn for Bot2
[19:20:39.333] Bot2 rotated right to face SOUTH
[19:20:39.333] Bot2 executed ROTATE_RIGHT
[19:20:39.334] Bot2 moved forward to (2,2)
[19:20:39.334] Bot2 executed MOVE_FORWARD
[19:20:39.334] Starting turn for Bot1
[19:20:39.334] Bot1 rotated right to face NORTH
[19:20:39.334] Bot1 executed ROTATE_RIGHT
[19:20:39.334] Bot1 moved forward to (7,7)
[19:20:39.334] Bot1 executed MOVE_FORWARD
[19:20:39.334] Starting turn for Bot2
[19:20:39.334] Bot2 rotated left to face EAST
[19:20:39.334] Bot2 executed ROTATE_LEFT
[19:20:39.334] Bot2 moved forward to (2,3)
[19:20:39.334] Bot2 executed MOVE_FORWARD
[19:20:39.334] Starting turn for Bot1
[19:20:39.334] Bot1 rotated left to face WEST
[19:20:39.334] Bot1 executed ROTATE_LEFT
[19:20:39.334] Bot1 moved forward to (7,6)
[19:20:39.334] Bot1 executed MOVE_FORWARD
[19:20:39.334] Starting turn for Bot2
[19:20:39.335] Bot2 rotated right to face SOUTH
[19:20:39.335] Bot2 executed ROTATE_RIGHT
[19:20:39.335] Bot2 moved forward to (3,3)
[19:20:39.335] Bot2 executed MOVE_FORWARD
[19:20:39.335] Starting turn for Bot1
[19:20:39.335] Bot1 rotated right to face NORTH
[19:20:39.335] Bot1 executed ROTATE_RIGHT
[19:20:39.335] Bot1 moved forward to (6,6)
[19:20:39.335] Bot1 executed MOVE_FORWARD
[19:20:39.335] Starting turn for Bot2
[19:20:39.335] Bot2 rotated left to face EAST
[19:20:39.335] Bot2 executed ROTATE_LEFT
[19:20:39.335] Bot2 moved forward to (3,4)
[19:20:39.335] Bot2 executed MOVE_FORWARD
[19:20:39.335] Starting turn for Bot1
[19:20:39.335] Bot1 rotated left to face WEST
[19:20:39.335] Bot1 executed ROTATE_LEFT
[19:20:39.335] Bot1 moved forward to (6,5)
[19:20:39.335] Bot1 executed MOVE_FORWARD
[19:20:39.335] Starting turn for Bot2
[19:20:39.335] Bot2 rotated right to face SOUTH
[19:20:39.335] Bot2 executed ROTATE_RIGHT
[19:20:39.335] Bot2 moved forward to (4,4)
[19:20:39.335] Bot2 executed MOVE_FORWARD
[19:20:39.335] Starting turn for Bot1
[19:20:39.335] Bot1 rotated right to face NORTH
[19:20:39.336] Bot1 executed ROTATE_RIGHT
[19:20:39.336] Bot1 moved forward to (5,5)
[19:20:39.336] Bot1 executed MOVE_FORWARD
[19:20:39.336] Starting turn for Bot2
[19:20:39.336] Bot2 rotated left to face EAST
[19:20:39.336] Bot2 executed ROTATE_LEFT
[19:20:39.336] Bot2 moved forward to (4,5)
[19:20:39.336] Bot2 executed MOVE_FORWARD
[19:20:39.336] Starting turn for Bot1
[19:20:39.336] Bot1 shooting in direction NORTH
[19:20:39.336] Bot1 hit Bot2 for 25 damage (health: 100 -> 75)
[19:20:39.336] Bot1 executed SHOOT
[19:20:39.336] Starting turn for Bot2
[19:20:39.336] Bot2 rotated right to face SOUTH
[19:20:39.336] Bot2 executed ROTATE_RIGHT
[19:20:39.336] Starting turn for Bot1
[19:20:39.336] Bot1 shooting in direction NORTH
[19:20:39.336] Bot1 hit Bot2 for 25 damage (health: 75 -> 50)
[19:20:39.336] Bot1 executed SHOOT
[19:20:39.336] Starting turn for Bot2
[19:20:39.336] Bot2 shooting in direction SOUTH
[19:20:39.336] Bot2 hit Bot1 for 25 damage (health: 100 -> 75)
[19:20:39.336] Bot2 executed SHOOT
[19:20:39.337] Starting turn for Bot1
[19:20:39.337] Bot1 shooting in direction NORTH
[19:20:39.337] Bot1 hit Bot2 for 25 damage (health: 50 -> 25)
[19:20:39.337] Bot1 executed SHOOT
[19:20:39.337] Starting turn for Bot2
[19:20:39.337] Bot2 shooting in direction SOUTH
[19:20:39.337] Bot2 hit Bot1 for 25 damage (health: 75 -> 50)
[19:20:39.337] Bot2 executed SHOOT
[19:20:39.337] Starting turn for Bot1
[19:20:39.337] Bot1 shooting in direction NORTH
[19:20:39.337] Bot1 hit Bot2 for 25 damage (health: 25 -> 0)
[19:20:39.337] Bot2 was destroyed!
[19:20:39.337] Bot1 is the last tank standing!
[19:20:39.337] Bot1 executed SHOOT
[19:20:39.337] Game Over! Bot1 wins!
[19:20:39.337] === Game Ended ===
