[14:36:15.179] === Game Started at 2025-02-04_14-36-15 ===
[14:36:15.179] Game initialized with 2 players
[14:36:15.179] Board size: 10
[14:36:15.179] Obstacle density: 0.05
[14:36:15.179] Max turns: 1000
[14:36:15.179] Player Bot34 starting at position (0,0) facing WEST
[14:36:15.179] Player Bot33 starting at position (9,9) facing EAST
[14:36:15.179] Obstacles at positions: (0,2) (1,6) (2,3) (4,8) (9,8)
[14:36:15.179] Starting turn for Bot34
[14:36:15.179] Bot34 rotated left to face SOUTH
[14:36:15.179] Bot34 executed ROTATE_LEFT
[14:36:15.179] Bot34 rotated left to face EAST
[14:36:15.179] Bot34 executed ROTATE_LEFT
[14:36:15.179] Bot34 moved forward to (0,1)
[14:36:15.179] Bot34 executed MOVE_FORWARD
[14:36:15.179] Starting turn for Bot33
[14:36:15.179] Bot33 rotated left to face NORTH
[14:36:15.179] Bot33 executed ROTATE_LEFT
[14:36:15.179] Bot33 rotated left to face WEST
[14:36:15.180] Bot33 executed ROTATE_LEFT
[14:36:15.180] Starting turn for Bot34
[14:36:15.180] Bot34 rotated right to face SOUTH
[14:36:15.180] Bot34 executed ROTATE_RIGHT
[14:36:15.180] Bot34 moved forward to (1,1)
[14:36:15.180] Bot34 executed MOVE_FORWARD
[14:36:15.180] Starting turn for Bot33
[14:36:15.180] Starting turn for Bot34
[14:36:15.180] Bot34 rotated left to face EAST
[14:36:15.180] Bot34 executed ROTATE_LEFT
[14:36:15.180] Bot34 moved forward to (1,2)
[14:36:15.180] Bot34 executed MOVE_FORWARD
[14:36:15.180] Starting turn for Bot33
[14:36:15.180] Bot33 rotated right to face NORTH
[14:36:15.180] Bot33 executed ROTATE_RIGHT
[14:36:15.180] Bot33 moved forward to (8,9)
[14:36:15.180] Bot33 executed MOVE_FORWARD
[14:36:15.180] Starting turn for Bot34
[14:36:15.180] Bot34 rotated right to face SOUTH
[14:36:15.180] Bot34 executed ROTATE_RIGHT
[14:36:15.180] Bot34 moved forward to (2,2)
[14:36:15.180] Bot34 executed MOVE_FORWARD
[14:36:15.180] Starting turn for Bot33
[14:36:15.180] Bot33 rotated left to face WEST
[14:36:15.180] Bot33 executed ROTATE_LEFT
[14:36:15.180] Bot33 moved forward to (8,8)
[14:36:15.180] Bot33 executed MOVE_FORWARD
[14:36:15.180] Starting turn for Bot34
[14:36:15.180] Bot34 rotated left to face EAST
[14:36:15.180] Bot34 executed ROTATE_LEFT
[14:36:15.180] Starting turn for Bot33
[14:36:15.180] Bot33 moved forward to (8,7)
[14:36:15.180] Bot33 executed MOVE_FORWARD
[14:36:15.180] Starting turn for Bot34
[14:36:15.180] Starting turn for Bot33
[14:36:15.180] Bot33 rotated right to face NORTH
[14:36:15.180] Bot33 executed ROTATE_RIGHT
[14:36:15.180] Bot33 moved forward to (7,7)
[14:36:15.180] Bot33 executed MOVE_FORWARD
[14:36:15.180] Starting turn for Bot34
[14:36:15.180] Bot34 rotated left to face NORTH
[14:36:15.180] Bot34 executed ROTATE_LEFT
[14:36:15.180] Bot34 moved forward to (1,2)
[14:36:15.180] Bot34 executed MOVE_FORWARD
[14:36:15.180] Starting turn for Bot33
[14:36:15.180] Bot33 rotated left to face WEST
[14:36:15.180] Bot33 executed ROTATE_LEFT
[14:36:15.180] Bot33 moved forward to (7,6)
[14:36:15.180] Bot33 executed MOVE_FORWARD
[14:36:15.180] Starting turn for Bot34
[14:36:15.180] Bot34 rotated left to face WEST
[14:36:15.180] Bot34 executed ROTATE_LEFT
[14:36:15.180] Bot34 rotated left to face SOUTH
[14:36:15.180] Bot34 executed ROTATE_LEFT
[14:36:15.180] Bot34 moved forward to (2,2)
[14:36:15.180] Bot34 executed MOVE_FORWARD
[14:36:15.180] Starting turn for Bot33
[14:36:15.180] Bot33 rotated right to face NORTH
[14:36:15.180] Bot33 executed ROTATE_RIGHT
[14:36:15.180] Bot33 moved forward to (6,6)
[14:36:15.180] Bot33 executed MOVE_FORWARD
[14:36:15.180] Starting turn for Bot34
[14:36:15.180] Bot34 rotated left to face EAST
[14:36:15.180] Bot34 executed ROTATE_LEFT
[14:36:15.180] Starting turn for Bot33
[14:36:15.180] Bot33 rotated left to face WEST
[14:36:15.180] Bot33 executed ROTATE_LEFT
[14:36:15.180] Bot33 moved forward to (6,5)
[14:36:15.180] Bot33 executed MOVE_FORWARD
[14:36:15.180] Starting turn for Bot34
[14:36:15.180] Starting turn for Bot33
[14:36:15.180] Bot33 rotated right to face NORTH
[14:36:15.180] Bot33 executed ROTATE_RIGHT
[14:36:15.180] Bot33 moved forward to (5,5)
[14:36:15.180] Bot33 executed MOVE_FORWARD
[14:36:15.180] Starting turn for Bot34
[14:36:15.180] Bot34 rotated left to face NORTH
[14:36:15.180] Bot34 executed ROTATE_LEFT
[14:36:15.180] Bot34 moved forward to (1,2)
[14:36:15.180] Bot34 executed MOVE_FORWARD
[14:36:15.180] Starting turn for Bot33
[14:36:15.180] Starting turn for Bot34
[14:36:15.180] Bot34 rotated left to face WEST
[14:36:15.180] Bot34 executed ROTATE_LEFT
[14:36:15.180] Bot34 rotated left to face SOUTH
[14:36:15.180] Bot34 executed ROTATE_LEFT
[14:36:15.180] Bot34 moved forward to (2,2)
[14:36:15.180] Bot34 executed MOVE_FORWARD
[14:36:15.180] Starting turn for Bot33
[14:36:15.180] Starting turn for Bot34
[14:36:15.180] Bot34 rotated left to face EAST
[14:36:15.180] Bot34 executed ROTATE_LEFT
[14:36:15.180] Starting turn for Bot33
[14:36:15.180] Starting turn for Bot34
[14:36:15.180] Starting turn for Bot33
[14:36:15.180] Starting turn for Bot34
[14:36:15.180] Bot34 rotated left to face NORTH
[14:36:15.180] Bot34 executed ROTATE_LEFT
[14:36:15.180] Bot34 moved forward to (1,2)
[14:36:15.180] Bot34 executed MOVE_FORWARD
[14:36:15.180] Starting turn for Bot33
[14:36:15.180] Starting turn for Bot34
[14:36:15.180] Bot34 rotated left to face WEST
[14:36:15.180] Bot34 executed ROTATE_LEFT
[14:36:15.180] Bot34 rotated left to face SOUTH
[14:36:15.180] Bot34 executed ROTATE_LEFT
[14:36:15.180] Bot34 moved forward to (2,2)
[14:36:15.180] Bot34 executed MOVE_FORWARD
[14:36:15.180] Starting turn for Bot33
[14:36:15.180] Starting turn for Bot34
[14:36:15.180] Bot34 rotated left to face EAST
[14:36:15.180] Bot34 executed ROTATE_LEFT
[14:36:15.180] Starting turn for Bot33
[14:36:15.180] Starting turn for Bot34
[14:36:15.180] Starting turn for Bot33
[14:36:15.180] Starting turn for Bot34
[14:36:15.180] Bot34 rotated left to face NORTH
[14:36:15.180] Bot34 executed ROTATE_LEFT
[14:36:15.180] Bot34 moved forward to (1,2)
[14:36:15.180] Bot34 executed MOVE_FORWARD
[14:36:15.180] Starting turn for Bot33
[14:36:15.180] Starting turn for Bot34
[14:36:15.180] Bot34 rotated left to face WEST
[14:36:15.180] Bot34 executed ROTATE_LEFT
[14:36:15.180] Bot34 rotated left to face SOUTH
[14:36:15.180] Bot34 executed ROTATE_LEFT
[14:36:15.180] Bot34 moved forward to (2,2)
[14:36:15.180] Bot34 executed MOVE_FORWARD
[14:36:15.180] Starting turn for Bot33
[14:36:15.180] Starting turn for Bot34
[14:36:15.180] Bot34 rotated left to face EAST
[14:36:15.180] Bot34 executed ROTATE_LEFT
[14:36:15.180] Starting turn for Bot33
[14:36:15.180] Stalemate detected: State repeated 10 times, unchanged for 1 turns
[14:36:15.180] Game Over! Stalemate detected!
[14:36:15.180] Stalemate detected: State repeated 10 times, unchanged for 1 turns
