[14:35:59.363] === Game Started at 2025-02-04_14-35-59 ===
[14:35:59.363] Game initialized with 2 players
[14:35:59.363] Board size: 10
[14:35:59.363] Obstacle density: 0.05
[14:35:59.363] Max turns: 1000
[14:35:59.363] Player Bot13 starting at position (0,0) facing WEST
[14:35:59.363] Player Bot17 starting at position (9,9) facing NORTH
[14:35:59.363] Obstacles at positions: (0,1) (0,6) (2,9) (6,6) (9,8)
[14:35:59.363] Starting turn for Bot13
[14:35:59.363] Bot13 rotated left to face SOUTH
[14:35:59.363] Bot13 executed ROTATE_LEFT
[14:35:59.363] Bot13 rotated left to face EAST
[14:35:59.363] Bot13 executed ROTATE_LEFT
[14:35:59.363] Starting turn for Bot17
[14:35:59.363] Bot17 rotated left to face WEST
[14:35:59.363] Bot17 executed ROTATE_LEFT
[14:35:59.363] Starting turn for Bot13
[14:35:59.363] Starting turn for Bot17
[14:35:59.363] Starting turn for Bot13
[14:35:59.363] Bot13 rotated right to face SOUTH
[14:35:59.363] Bot13 executed ROTATE_RIGHT
[14:35:59.363] Bot13 moved forward to (1,0)
[14:35:59.363] Bot13 executed MOVE_FORWARD
[14:35:59.363] Starting turn for Bot17
[14:35:59.363] Bot17 rotated right to face NORTH
[14:35:59.363] Bot17 executed ROTATE_RIGHT
[14:35:59.363] Bot17 moved forward to (8,9)
[14:35:59.363] Bot17 executed MOVE_FORWARD
[14:35:59.363] Starting turn for Bot13
[14:35:59.363] Bot13 rotated left to face EAST
[14:35:59.363] Bot13 executed ROTATE_LEFT
[14:35:59.363] Bot13 moved forward to (1,1)
[14:35:59.363] Bot13 executed MOVE_FORWARD
[14:35:59.363] Starting turn for Bot17
[14:35:59.363] Bot17 rotated left to face WEST
[14:35:59.363] Bot17 executed ROTATE_LEFT
[14:35:59.363] Bot17 moved forward to (8,8)
[14:35:59.363] Bot17 executed MOVE_FORWARD
[14:35:59.363] Starting turn for Bot13
[14:35:59.363] Bot13 moved forward to (1,2)
[14:35:59.363] Bot13 executed MOVE_FORWARD
[14:35:59.363] Starting turn for Bot17
[14:35:59.363] Bot17 moved forward to (8,7)
[14:35:59.363] Bot17 executed MOVE_FORWARD
[14:35:59.363] Starting turn for Bot13
[14:35:59.363] Bot13 rotated right to face SOUTH
[14:35:59.363] Bot13 executed ROTATE_RIGHT
[14:35:59.363] Bot13 moved forward to (2,2)
[14:35:59.363] Bot13 executed MOVE_FORWARD
[14:35:59.363] Starting turn for Bot17
[14:35:59.363] Bot17 rotated right to face NORTH
[14:35:59.363] Bot17 executed ROTATE_RIGHT
[14:35:59.363] Bot17 moved forward to (7,7)
[14:35:59.363] Bot17 executed MOVE_FORWARD
[14:35:59.363] Starting turn for Bot13
[14:35:59.363] Bot13 rotated left to face EAST
[14:35:59.363] Bot13 executed ROTATE_LEFT
[14:35:59.363] Bot13 moved forward to (2,3)
[14:35:59.363] Bot13 executed MOVE_FORWARD
[14:35:59.363] Starting turn for Bot17
[14:35:59.363] Bot17 rotated left to face WEST
[14:35:59.363] Bot17 executed ROTATE_LEFT
[14:35:59.363] Bot17 moved forward to (7,6)
[14:35:59.363] Bot17 executed MOVE_FORWARD
[14:35:59.363] Starting turn for Bot13
[14:35:59.363] Bot13 rotated right to face SOUTH
[14:35:59.363] Bot13 executed ROTATE_RIGHT
[14:35:59.363] Bot13 moved forward to (3,3)
[14:35:59.363] Bot13 executed MOVE_FORWARD
[14:35:59.363] Starting turn for Bot17
[14:35:59.363] Bot17 rotated right to face NORTH
[14:35:59.363] Bot17 executed ROTATE_RIGHT
[14:35:59.363] Starting turn for Bot13
[14:35:59.363] Bot13 rotated left to face EAST
[14:35:59.363] Bot13 executed ROTATE_LEFT
[14:35:59.363] Bot13 moved forward to (3,4)
[14:35:59.363] Bot13 executed MOVE_FORWARD
[14:35:59.363] Starting turn for Bot17
[14:35:59.363] Starting turn for Bot13
[14:35:59.363] Bot13 rotated right to face SOUTH
[14:35:59.363] Bot13 executed ROTATE_RIGHT
[14:35:59.363] Bot13 moved forward to (4,4)
[14:35:59.363] Bot13 executed MOVE_FORWARD
[14:35:59.363] Starting turn for Bot17
[14:35:59.363] Bot17 rotated right to face EAST
[14:35:59.363] Bot17 executed ROTATE_RIGHT
[14:35:59.363] Bot17 moved forward to (7,7)
[14:35:59.363] Bot17 executed MOVE_FORWARD
[14:35:59.363] Starting turn for Bot13
[14:35:59.363] Bot13 rotated left to face EAST
[14:35:59.363] Bot13 executed ROTATE_LEFT
[14:35:59.363] Bot13 moved forward to (4,5)
[14:35:59.364] Bot13 executed MOVE_FORWARD
[14:35:59.364] Starting turn for Bot17
[14:35:59.364] Bot17 rotated left to face NORTH
[14:35:59.364] Bot17 executed ROTATE_LEFT
[14:35:59.364] Bot17 rotated left to face WEST
[14:35:59.364] Bot17 executed ROTATE_LEFT
[14:35:59.364] Bot17 moved forward to (7,6)
[14:35:59.364] Bot17 executed MOVE_FORWARD
[14:35:59.364] Starting turn for Bot13
[14:35:59.364] Bot13 rotated right to face SOUTH
[14:35:59.364] Bot13 executed ROTATE_RIGHT
[14:35:59.364] Bot13 moved forward to (5,5)
[14:35:59.364] Bot13 executed MOVE_FORWARD
[14:35:59.364] Starting turn for Bot17
[14:35:59.364] Bot17 rotated right to face NORTH
[14:35:59.364] Bot17 executed ROTATE_RIGHT
[14:35:59.364] Starting turn for Bot13
[14:35:59.364] Starting turn for Bot17
[14:35:59.364] Starting turn for Bot13
[14:35:59.364] Starting turn for Bot17
[14:35:59.364] Bot17 rotated right to face EAST
[14:35:59.364] Bot17 executed ROTATE_RIGHT
[14:35:59.364] Bot17 moved forward to (7,7)
[14:35:59.364] Bot17 executed MOVE_FORWARD
[14:35:59.364] Starting turn for Bot13
[14:35:59.364] Starting turn for Bot17
[14:35:59.364] Bot17 rotated left to face NORTH
[14:35:59.364] Bot17 executed ROTATE_LEFT
[14:35:59.364] Bot17 rotated left to face WEST
[14:35:59.364] Bot17 executed ROTATE_LEFT
[14:35:59.364] Bot17 moved forward to (7,6)
[14:35:59.364] Bot17 executed MOVE_FORWARD
[14:35:59.364] Starting turn for Bot13
[14:35:59.364] Starting turn for Bot17
[14:35:59.364] Bot17 rotated right to face NORTH
[14:35:59.364] Bot17 executed ROTATE_RIGHT
[14:35:59.364] Starting turn for Bot13
[14:35:59.364] Starting turn for Bot17
[14:35:59.364] Starting turn for Bot13
[14:35:59.364] Starting turn for Bot17
[14:35:59.364] Bot17 rotated right to face EAST
[14:35:59.364] Bot17 executed ROTATE_RIGHT
[14:35:59.364] Bot17 moved forward to (7,7)
[14:35:59.364] Bot17 executed MOVE_FORWARD
[14:35:59.364] Starting turn for Bot13
[14:35:59.364] Starting turn for Bot17
[14:35:59.364] Bot17 rotated left to face NORTH
[14:35:59.364] Bot17 executed ROTATE_LEFT
[14:35:59.364] Bot17 rotated left to face WEST
[14:35:59.364] Bot17 executed ROTATE_LEFT
[14:35:59.364] Bot17 moved forward to (7,6)
[14:35:59.364] Bot17 executed MOVE_FORWARD
[14:35:59.364] Starting turn for Bot13
[14:35:59.364] Starting turn for Bot17
[14:35:59.364] Bot17 rotated right to face NORTH
[14:35:59.364] Bot17 executed ROTATE_RIGHT
[14:35:59.364] Starting turn for Bot13
[14:35:59.364] Starting turn for Bot17
[14:35:59.364] Stalemate detected: State repeated 10 times, unchanged for 4 turns
[14:35:59.364] Game Over! Stalemate detected!
[14:35:59.364] Stalemate detected: State repeated 10 times, unchanged for 4 turns
