[14:36:11.870] === Game Started at 2025-02-04_14-36-11 ===
[14:36:11.871] Game initialized with 2 players
[14:36:11.871] Board size: 10
[14:36:11.871] Obstacle density: 0.05
[14:36:11.871] Max turns: 1000
[14:36:11.871] Player Bot26 starting at position (0,0) facing NORTH
[14:36:11.871] Player Bot30 starting at position (9,9) facing WEST
[14:36:11.871] Obstacles at positions: (0,2) (3,4) (5,4) (8,7) (8,8)
[14:36:11.871] Starting turn for Bot26
[14:36:11.871] Bot26 rotated right to face EAST
[14:36:11.871] Bot26 executed ROTATE_RIGHT
[14:36:11.871] Bot26 moved forward to (0,1)
[14:36:11.871] Bot26 executed MOVE_FORWARD
[14:36:11.871] Starting turn for Bot30
[14:36:11.871] Bot30 moved forward to (9,8)
[14:36:11.871] Bot30 executed MOVE_FORWARD
[14:36:11.871] Starting turn for Bot26
[14:36:11.871] Bot26 rotated right to face SOUTH
[14:36:11.871] Bot26 executed ROTATE_RIGHT
[14:36:11.871] Bot26 moved forward to (1,1)
[14:36:11.871] Bot26 executed MOVE_FORWARD
[14:36:11.871] Starting turn for Bot30
[14:36:11.871] Bot30 rotated right to face NORTH
[14:36:11.871] Bot30 executed ROTATE_RIGHT
[14:36:11.871] Starting turn for Bot26
[14:36:11.871] Bot26 rotated left to face EAST
[14:36:11.871] Bot26 executed ROTATE_LEFT
[14:36:11.871] Bot26 moved forward to (1,2)
[14:36:11.871] Bot26 executed MOVE_FORWARD
[14:36:11.871] Starting turn for Bot30
[14:36:11.871] Starting turn for Bot26
[14:36:11.871] Bot26 rotated right to face SOUTH
[14:36:11.871] Bot26 executed ROTATE_RIGHT
[14:36:11.871] Bot26 moved forward to (2,2)
[14:36:11.871] Bot26 executed MOVE_FORWARD
[14:36:11.871] Starting turn for Bot30
[14:36:11.871] Bot30 rotated right to face EAST
[14:36:11.871] Bot30 executed ROTATE_RIGHT
[14:36:11.871] Bot30 moved forward to (9,9)
[14:36:11.871] Bot30 executed MOVE_FORWARD
[14:36:11.871] Starting turn for Bot26
[14:36:11.871] Bot26 rotated left to face EAST
[14:36:11.871] Bot26 executed ROTATE_LEFT
[14:36:11.871] Bot26 moved forward to (2,3)
[14:36:11.871] Bot26 executed MOVE_FORWARD
[14:36:11.871] Starting turn for Bot30
[14:36:11.871] Bot30 rotated left to face NORTH
[14:36:11.871] Bot30 executed ROTATE_LEFT
[14:36:11.871] Bot30 rotated left to face WEST
[14:36:11.871] Bot30 executed ROTATE_LEFT
[14:36:11.871] Bot30 moved forward to (9,8)
[14:36:11.871] Bot30 executed MOVE_FORWARD
[14:36:11.871] Starting turn for Bot26
[14:36:11.871] Bot26 rotated right to face SOUTH
[14:36:11.871] Bot26 executed ROTATE_RIGHT
[14:36:11.871] Bot26 moved forward to (3,3)
[14:36:11.871] Bot26 executed MOVE_FORWARD
[14:36:11.871] Starting turn for Bot30
[14:36:11.871] Bot30 rotated right to face NORTH
[14:36:11.871] Bot30 executed ROTATE_RIGHT
[14:36:11.871] Starting turn for Bot26
[14:36:11.871] Bot26 rotated left to face EAST
[14:36:11.871] Bot26 executed ROTATE_LEFT
[14:36:11.871] Starting turn for Bot30
[14:36:11.871] Starting turn for Bot26
[14:36:11.871] Starting turn for Bot30
[14:36:11.871] Bot30 rotated right to face EAST
[14:36:11.871] Bot30 executed ROTATE_RIGHT
[14:36:11.871] Bot30 moved forward to (9,9)
[14:36:11.871] Bot30 executed MOVE_FORWARD
[14:36:11.871] Starting turn for Bot26
[14:36:11.871] Bot26 rotated left to face NORTH
[14:36:11.871] Bot26 executed ROTATE_LEFT
[14:36:11.871] Bot26 moved forward to (2,3)
[14:36:11.871] Bot26 executed MOVE_FORWARD
[14:36:11.871] Starting turn for Bot30
[14:36:11.871] Bot30 rotated left to face NORTH
[14:36:11.871] Bot30 executed ROTATE_LEFT
[14:36:11.871] Bot30 rotated left to face WEST
[14:36:11.871] Bot30 executed ROTATE_LEFT
[14:36:11.871] Bot30 moved forward to (9,8)
[14:36:11.871] Bot30 executed MOVE_FORWARD
[14:36:11.871] Starting turn for Bot26
[14:36:11.871] Bot26 rotated left to face WEST
[14:36:11.871] Bot26 executed ROTATE_LEFT
[14:36:11.871] Bot26 rotated left to face SOUTH
[14:36:11.871] Bot26 executed ROTATE_LEFT
[14:36:11.871] Bot26 moved forward to (3,3)
[14:36:11.871] Bot26 executed MOVE_FORWARD
[14:36:11.871] Starting turn for Bot30
[14:36:11.871] Bot30 rotated right to face NORTH
[14:36:11.871] Bot30 executed ROTATE_RIGHT
[14:36:11.871] Starting turn for Bot26
[14:36:11.871] Bot26 rotated left to face EAST
[14:36:11.871] Bot26 executed ROTATE_LEFT
[14:36:11.871] Starting turn for Bot30
[14:36:11.871] Starting turn for Bot26
[14:36:11.871] Starting turn for Bot30
[14:36:11.871] Bot30 rotated right to face EAST
[14:36:11.871] Bot30 executed ROTATE_RIGHT
[14:36:11.871] Bot30 moved forward to (9,9)
[14:36:11.871] Bot30 executed MOVE_FORWARD
[14:36:11.871] Starting turn for Bot26
[14:36:11.871] Bot26 rotated left to face NORTH
[14:36:11.871] Bot26 executed ROTATE_LEFT
[14:36:11.871] Bot26 moved forward to (2,3)
[14:36:11.871] Bot26 executed MOVE_FORWARD
[14:36:11.871] Starting turn for Bot30
[14:36:11.871] Bot30 rotated left to face NORTH
[14:36:11.871] Bot30 executed ROTATE_LEFT
[14:36:11.871] Bot30 rotated left to face WEST
[14:36:11.871] Bot30 executed ROTATE_LEFT
[14:36:11.871] Bot30 moved forward to (9,8)
[14:36:11.871] Bot30 executed MOVE_FORWARD
[14:36:11.871] Starting turn for Bot26
[14:36:11.871] Bot26 rotated left to face WEST
[14:36:11.871] Bot26 executed ROTATE_LEFT
[14:36:11.871] Bot26 rotated left to face SOUTH
[14:36:11.871] Bot26 executed ROTATE_LEFT
[14:36:11.871] Bot26 moved forward to (3,3)
[14:36:11.871] Bot26 executed MOVE_FORWARD
[14:36:11.871] Starting turn for Bot30
[14:36:11.871] Bot30 rotated right to face NORTH
[14:36:11.871] Bot30 executed ROTATE_RIGHT
[14:36:11.871] Starting turn for Bot26
[14:36:11.871] Bot26 rotated left to face EAST
[14:36:11.871] Bot26 executed ROTATE_LEFT
[14:36:11.871] Starting turn for Bot30
[14:36:11.871] Starting turn for Bot26
[14:36:11.871] Starting turn for Bot30
[14:36:11.871] Bot30 rotated right to face EAST
[14:36:11.871] Bot30 executed ROTATE_RIGHT
[14:36:11.871] Bot30 moved forward to (9,9)
[14:36:11.871] Bot30 executed MOVE_FORWARD
[14:36:11.871] Starting turn for Bot26
[14:36:11.871] Bot26 rotated left to face NORTH
[14:36:11.871] Bot26 executed ROTATE_LEFT
[14:36:11.871] Bot26 moved forward to (2,3)
[14:36:11.871] Bot26 executed MOVE_FORWARD
[14:36:11.871] Starting turn for Bot30
[14:36:11.871] Bot30 rotated left to face NORTH
[14:36:11.871] Bot30 executed ROTATE_LEFT
[14:36:11.871] Bot30 rotated left to face WEST
[14:36:11.871] Bot30 executed ROTATE_LEFT
[14:36:11.871] Bot30 moved forward to (9,8)
[14:36:11.871] Bot30 executed MOVE_FORWARD
[14:36:11.871] Starting turn for Bot26
[14:36:11.871] Bot26 rotated left to face WEST
[14:36:11.871] Bot26 executed ROTATE_LEFT
[14:36:11.871] Bot26 rotated left to face SOUTH
[14:36:11.871] Bot26 executed ROTATE_LEFT
[14:36:11.871] Bot26 moved forward to (3,3)
[14:36:11.871] Bot26 executed MOVE_FORWARD
[14:36:11.871] Starting turn for Bot30
[14:36:11.871] Bot30 rotated right to face NORTH
[14:36:11.871] Bot30 executed ROTATE_RIGHT
[14:36:11.871] Starting turn for Bot26
[14:36:11.871] Bot26 rotated left to face EAST
[14:36:11.871] Bot26 executed ROTATE_LEFT
[14:36:11.871] Starting turn for Bot30
[14:36:11.871] Starting turn for Bot26
[14:36:11.871] Starting turn for Bot30
[14:36:11.871] Stalemate detected: State repeated 10 times, unchanged for 1 turns
[14:36:11.871] Game Over! Stalemate detected!
[14:36:11.871] Stalemate detected: State repeated 10 times, unchanged for 1 turns
