[14:35:38.953] === Game Started at 2025-02-04_14-35-38 ===
[14:35:38.954] Game initialized with 2 players
[14:35:38.954] Board size: 10
[14:35:38.954] Obstacle density: 0.05
[14:35:38.954] Max turns: 1000
[14:35:38.954] Player Bot3 starting at position (0,0) facing NORTH
[14:35:38.954] Player Bot1 starting at position (9,9) facing WEST
[14:35:38.954] Obstacles at positions: (0,2) (2,6) (3,3) (5,0) (6,1)
[14:35:38.954] Starting turn for Bot3
[14:35:38.954] Bot3 rotated right to face EAST
[14:35:38.954] Bot3 executed ROTATE_RIGHT
[14:35:38.954] Bot3 moved forward to (0,1)
[14:35:38.954] Bot3 executed MOVE_FORWARD
[14:35:38.954] Starting turn for Bot1
[14:35:38.954] Bot1 moved forward to (9,8)
[14:35:38.954] Bot1 executed MOVE_FORWARD
[14:35:38.954] Starting turn for Bot3
[14:35:38.954] Bot3 rotated right to face SOUTH
[14:35:38.954] Bot3 executed ROTATE_RIGHT
[14:35:38.954] Bot3 moved forward to (1,1)
[14:35:38.954] Bot3 executed MOVE_FORWARD
[14:35:38.954] Starting turn for Bot1
[14:35:38.954] Bot1 rotated right to face NORTH
[14:35:38.954] Bot1 executed ROTATE_RIGHT
[14:35:38.954] Bot1 moved forward to (8,8)
[14:35:38.954] Bot1 executed MOVE_FORWARD
[14:35:38.954] Starting turn for Bot3
[14:35:38.954] Bot3 rotated left to face EAST
[14:35:38.954] Bot3 executed ROTATE_LEFT
[14:35:38.954] Bot3 moved forward to (1,2)
[14:35:38.954] Bot3 executed MOVE_FORWARD
[14:35:38.954] Starting turn for Bot1
[14:35:38.954] Bot1 rotated left to face WEST
[14:35:38.955] Bot1 executed ROTATE_LEFT
[14:35:38.955] Bot1 moved forward to (8,7)
[14:35:38.955] Bot1 executed MOVE_FORWARD
[14:35:38.955] Starting turn for Bot3
[14:35:38.955] Bot3 rotated right to face SOUTH
[14:35:38.955] Bot3 executed ROTATE_RIGHT
[14:35:38.955] Bot3 moved forward to (2,2)
[14:35:38.955] Bot3 executed MOVE_FORWARD
[14:35:38.955] Starting turn for Bot1
[14:35:38.955] Bot1 rotated right to face NORTH
[14:35:38.955] Bot1 executed ROTATE_RIGHT
[14:35:38.955] Bot1 moved forward to (7,7)
[14:35:38.955] Bot1 executed MOVE_FORWARD
[14:35:38.955] Starting turn for Bot3
[14:35:38.955] Bot3 rotated left to face EAST
[14:35:38.955] Bot3 executed ROTATE_LEFT
[14:35:38.955] Bot3 moved forward to (2,3)
[14:35:38.955] Bot3 executed MOVE_FORWARD
[14:35:38.955] Starting turn for Bot1
[14:35:38.955] Bot1 rotated left to face WEST
[14:35:38.955] Bot1 executed ROTATE_LEFT
[14:35:38.955] Bot1 moved forward to (7,6)
[14:35:38.955] Bot1 executed MOVE_FORWARD
[14:35:38.955] Starting turn for Bot3
[14:35:38.955] Bot3 rotated right to face SOUTH
[14:35:38.955] Bot3 executed ROTATE_RIGHT
[14:35:38.955] Starting turn for Bot1
[14:35:38.955] Bot1 rotated right to face NORTH
[14:35:38.955] Bot1 executed ROTATE_RIGHT
[14:35:38.955] Bot1 moved forward to (6,6)
[14:35:38.955] Bot1 executed MOVE_FORWARD
[14:35:38.955] Starting turn for Bot3
[14:35:38.955] Starting turn for Bot1
[14:35:38.955] Bot1 rotated left to face WEST
[14:35:38.955] Bot1 executed ROTATE_LEFT
[14:35:38.955] Bot1 moved forward to (6,5)
[14:35:38.955] Bot1 executed MOVE_FORWARD
[14:35:38.955] Starting turn for Bot3
[14:35:38.955] Bot3 rotated left to face EAST
[14:35:38.955] Bot3 executed ROTATE_LEFT
[14:35:38.955] Bot3 rotated left to face NORTH
[14:35:38.955] Bot3 executed ROTATE_LEFT
[14:35:38.955] Bot3 moved forward to (1,3)
[14:35:38.955] Bot3 executed MOVE_FORWARD
[14:35:38.955] Starting turn for Bot1
[14:35:38.955] Bot1 rotated right to face NORTH
[14:35:38.955] Bot1 executed ROTATE_RIGHT
[14:35:38.955] Bot1 moved forward to (5,5)
[14:35:38.955] Bot1 executed MOVE_FORWARD
[14:35:38.955] Starting turn for Bot3
[14:35:38.955] Bot3 rotated left to face WEST
[14:35:38.955] Bot3 executed ROTATE_LEFT
[14:35:38.955] Bot3 rotated left to face SOUTH
[14:35:38.955] Bot3 executed ROTATE_LEFT
[14:35:38.955] Bot3 moved forward to (2,3)
[14:35:38.955] Bot3 executed MOVE_FORWARD
[14:35:38.955] Starting turn for Bot1
[14:35:38.955] Starting turn for Bot3
[14:35:38.955] Starting turn for Bot1
[14:35:38.955] Starting turn for Bot3
[14:35:38.955] Starting turn for Bot1
[14:35:38.956] Starting turn for Bot3
[14:35:38.956] Bot3 rotated left to face EAST
[14:35:38.956] Bot3 executed ROTATE_LEFT
[14:35:38.956] Bot3 rotated left to face NORTH
[14:35:38.956] Bot3 executed ROTATE_LEFT
[14:35:38.956] Bot3 moved forward to (1,3)
[14:35:38.956] Bot3 executed MOVE_FORWARD
[14:35:38.956] Starting turn for Bot1
[14:35:38.956] Starting turn for Bot3
[14:35:38.956] Bot3 rotated left to face WEST
[14:35:38.956] Bot3 executed ROTATE_LEFT
[14:35:38.956] Bot3 rotated left to face SOUTH
[14:35:38.956] Bot3 executed ROTATE_LEFT
[14:35:38.956] Bot3 moved forward to (2,3)
[14:35:38.956] Bot3 executed MOVE_FORWARD
[14:35:38.957] Starting turn for Bot1
[14:35:38.957] Starting turn for Bot3
[14:35:38.957] Starting turn for Bot1
[14:35:38.957] Starting turn for Bot3
[14:35:38.957] Starting turn for Bot1
[14:35:38.957] Starting turn for Bot3
[14:35:38.957] Bot3 rotated left to face EAST
[14:35:38.957] Bot3 executed ROTATE_LEFT
[14:35:38.957] Bot3 rotated left to face NORTH
[14:35:38.957] Bot3 executed ROTATE_LEFT
[14:35:38.957] Bot3 moved forward to (1,3)
[14:35:38.957] Bot3 executed MOVE_FORWARD
[14:35:38.957] Starting turn for Bot1
[14:35:38.958] Starting turn for Bot3
[14:35:38.958] Bot3 rotated left to face WEST
[14:35:38.958] Bot3 executed ROTATE_LEFT
[14:35:38.958] Bot3 rotated left to face SOUTH
[14:35:38.958] Bot3 executed ROTATE_LEFT
[14:35:38.958] Bot3 moved forward to (2,3)
[14:35:38.958] Bot3 executed MOVE_FORWARD
[14:35:38.958] Starting turn for Bot1
[14:35:38.958] Starting turn for Bot3
[14:35:38.958] Starting turn for Bot1
[14:35:38.958] Starting turn for Bot3
[14:35:38.958] Starting turn for Bot1
[14:35:38.958] Starting turn for Bot3
[14:35:38.958] Bot3 rotated left to face EAST
[14:35:38.958] Bot3 executed ROTATE_LEFT
[14:35:38.958] Bot3 rotated left to face NORTH
[14:35:38.958] Bot3 executed ROTATE_LEFT
[14:35:38.958] Bot3 moved forward to (1,3)
[14:35:38.958] Bot3 executed MOVE_FORWARD
[14:35:38.958] Starting turn for Bot1
[14:35:38.958] Starting turn for Bot3
[14:35:38.958] Bot3 rotated left to face WEST
[14:35:38.959] Bot3 executed ROTATE_LEFT
[14:35:38.959] Bot3 rotated left to face SOUTH
[14:35:38.959] Bot3 executed ROTATE_LEFT
[14:35:38.959] Bot3 moved forward to (2,3)
[14:35:38.959] Bot3 executed MOVE_FORWARD
[14:35:38.959] Starting turn for Bot1
[14:35:38.959] Stalemate detected: State repeated 10 times, unchanged for 3 turns
[14:35:38.959] Game Over! Stalemate detected!
[14:35:38.959] Stalemate detected: State repeated 10 times, unchanged for 3 turns
