[14:35:58.182] === Game Started at 2025-02-04_14-35-58 ===
[14:35:58.182] Game initialized with 2 players
[14:35:58.182] Board size: 10
[14:35:58.182] Obstacle density: 0.05
[14:35:58.182] Max turns: 1000
[14:35:58.182] Player Bot14 starting at position (0,0) facing EAST
[14:35:58.182] Player Bot12 starting at position (9,9) facing NORTH
[14:35:58.182] Obstacles at positions: (4,4) (4,8) (5,1) (9,3) (9,5)
[14:35:58.182] Starting turn for Bot14
[14:35:58.182] Bot14 moved forward to (0,1)
[14:35:58.182] Bot14 executed MOVE_FORWARD
[14:35:58.182] Starting turn for Bot12
[14:35:58.183] Bot12 rotated left to face WEST
[14:35:58.183] Bot12 executed ROTATE_LEFT
[14:35:58.183] Bot12 moved forward to (9,8)
[14:35:58.183] Bot12 executed MOVE_FORWARD
[14:35:58.183] Starting turn for Bot14
[14:35:58.183] Bot14 rotated right to face SOUTH
[14:35:58.183] Bot14 executed ROTATE_RIGHT
[14:35:58.183] Bot14 moved forward to (1,1)
[14:35:58.183] Bot14 executed MOVE_FORWARD
[14:35:58.183] Starting turn for Bot12
[14:35:58.183] Bot12 rotated right to face NORTH
[14:35:58.183] Bot12 executed ROTATE_RIGHT
[14:35:58.183] Bot12 moved forward to (8,8)
[14:35:58.183] Bot12 executed MOVE_FORWARD
[14:35:58.183] Starting turn for Bot14
[14:35:58.183] Bot14 rotated left to face EAST
[14:35:58.183] Bot14 executed ROTATE_LEFT
[14:35:58.183] Bot14 moved forward to (1,2)
[14:35:58.183] Bot14 executed MOVE_FORWARD
[14:35:58.183] Starting turn for Bot12
[14:35:58.183] Bot12 rotated left to face WEST
[14:35:58.183] Bot12 executed ROTATE_LEFT
[14:35:58.183] Bot12 moved forward to (8,7)
[14:35:58.183] Bot12 executed MOVE_FORWARD
[14:35:58.183] Starting turn for Bot14
[14:35:58.183] Bot14 rotated right to face SOUTH
[14:35:58.183] Bot14 executed ROTATE_RIGHT
[14:35:58.183] Bot14 moved forward to (2,2)
[14:35:58.183] Bot14 executed MOVE_FORWARD
[14:35:58.183] Starting turn for Bot12
[14:35:58.183] Bot12 rotated right to face NORTH
[14:35:58.183] Bot12 executed ROTATE_RIGHT
[14:35:58.183] Bot12 moved forward to (7,7)
[14:35:58.183] Bot12 executed MOVE_FORWARD
[14:35:58.183] Starting turn for Bot14
[14:35:58.183] Bot14 rotated left to face EAST
[14:35:58.183] Bot14 executed ROTATE_LEFT
[14:35:58.183] Bot14 moved forward to (2,3)
[14:35:58.183] Bot14 executed MOVE_FORWARD
[14:35:58.183] Starting turn for Bot12
[14:35:58.183] Bot12 rotated left to face WEST
[14:35:58.183] Bot12 executed ROTATE_LEFT
[14:35:58.183] Bot12 moved forward to (7,6)
[14:35:58.183] Bot12 executed MOVE_FORWARD
[14:35:58.183] Starting turn for Bot14
[14:35:58.183] Bot14 rotated right to face SOUTH
[14:35:58.183] Bot14 executed ROTATE_RIGHT
[14:35:58.183] Bot14 moved forward to (3,3)
[14:35:58.183] Bot14 executed MOVE_FORWARD
[14:35:58.183] Starting turn for Bot12
[14:35:58.183] Bot12 rotated right to face NORTH
[14:35:58.183] Bot12 executed ROTATE_RIGHT
[14:35:58.183] Bot12 moved forward to (6,6)
[14:35:58.183] Bot12 executed MOVE_FORWARD
[14:35:58.183] Starting turn for Bot14
[14:35:58.183] Bot14 rotated left to face EAST
[14:35:58.183] Bot14 executed ROTATE_LEFT
[14:35:58.183] Bot14 moved forward to (3,4)
[14:35:58.183] Bot14 executed MOVE_FORWARD
[14:35:58.183] Starting turn for Bot12
[14:35:58.183] Bot12 rotated left to face WEST
[14:35:58.183] Bot12 executed ROTATE_LEFT
[14:35:58.183] Bot12 moved forward to (6,5)
[14:35:58.183] Bot12 executed MOVE_FORWARD
[14:35:58.183] Starting turn for Bot14
[14:35:58.183] Bot14 rotated right to face SOUTH
[14:35:58.183] Bot14 executed ROTATE_RIGHT
[14:35:58.183] Starting turn for Bot12
[14:35:58.183] Bot12 rotated right to face NORTH
[14:35:58.183] Bot12 executed ROTATE_RIGHT
[14:35:58.183] Bot12 moved forward to (5,5)
[14:35:58.183] Bot12 executed MOVE_FORWARD
[14:35:58.183] Starting turn for Bot14
[14:35:58.183] Starting turn for Bot12
[14:35:58.183] Starting turn for Bot14
[14:35:58.183] Bot14 rotated left to face EAST
[14:35:58.183] Bot14 executed ROTATE_LEFT
[14:35:58.183] Bot14 rotated left to face NORTH
[14:35:58.183] Bot14 executed ROTATE_LEFT
[14:35:58.183] Bot14 moved forward to (2,4)
[14:35:58.183] Bot14 executed MOVE_FORWARD
[14:35:58.183] Starting turn for Bot12
[14:35:58.183] Starting turn for Bot14
[14:35:58.183] Bot14 rotated left to face WEST
[14:35:58.183] Bot14 executed ROTATE_LEFT
[14:35:58.183] Bot14 rotated left to face SOUTH
[14:35:58.183] Bot14 executed ROTATE_LEFT
[14:35:58.183] Bot14 moved forward to (3,4)
[14:35:58.183] Bot14 executed MOVE_FORWARD
[14:35:58.183] Starting turn for Bot12
[14:35:58.183] Starting turn for Bot14
[14:35:58.183] Starting turn for Bot12
[14:35:58.183] Starting turn for Bot14
[14:35:58.183] Starting turn for Bot12
[14:35:58.183] Starting turn for Bot14
[14:35:58.183] Bot14 rotated left to face EAST
[14:35:58.183] Bot14 executed ROTATE_LEFT
[14:35:58.183] Bot14 rotated left to face NORTH
[14:35:58.183] Bot14 executed ROTATE_LEFT
[14:35:58.183] Bot14 moved forward to (2,4)
[14:35:58.183] Bot14 executed MOVE_FORWARD
[14:35:58.183] Starting turn for Bot12
[14:35:58.183] Starting turn for Bot14
[14:35:58.183] Bot14 rotated left to face WEST
[14:35:58.183] Bot14 executed ROTATE_LEFT
[14:35:58.183] Bot14 rotated left to face SOUTH
[14:35:58.183] Bot14 executed ROTATE_LEFT
[14:35:58.183] Bot14 moved forward to (3,4)
[14:35:58.183] Bot14 executed MOVE_FORWARD
[14:35:58.183] Starting turn for Bot12
[14:35:58.183] Starting turn for Bot14
[14:35:58.183] Starting turn for Bot12
[14:35:58.183] Starting turn for Bot14
[14:35:58.183] Starting turn for Bot12
[14:35:58.183] Starting turn for Bot14
[14:35:58.183] Bot14 rotated left to face EAST
[14:35:58.183] Bot14 executed ROTATE_LEFT
[14:35:58.183] Bot14 rotated left to face NORTH
[14:35:58.183] Bot14 executed ROTATE_LEFT
[14:35:58.183] Bot14 moved forward to (2,4)
[14:35:58.183] Bot14 executed MOVE_FORWARD
[14:35:58.183] Starting turn for Bot12
[14:35:58.183] Starting turn for Bot14
[14:35:58.183] Bot14 rotated left to face WEST
[14:35:58.183] Bot14 executed ROTATE_LEFT
[14:35:58.183] Bot14 rotated left to face SOUTH
[14:35:58.183] Bot14 executed ROTATE_LEFT
[14:35:58.183] Bot14 moved forward to (3,4)
[14:35:58.183] Bot14 executed MOVE_FORWARD
[14:35:58.183] Starting turn for Bot12
[14:35:58.183] Starting turn for Bot14
[14:35:58.183] Starting turn for Bot12
[14:35:58.183] Stalemate detected: State repeated 10 times, unchanged for 1 turns
[14:35:58.183] Game Over! Stalemate detected!
[14:35:58.183] Stalemate detected: State repeated 10 times, unchanged for 1 turns
