[14:36:12.396] === Game Started at 2025-02-04_14-36-12 ===
[14:36:12.396] Game initialized with 2 players
[14:36:12.396] Board size: 10
[14:36:12.396] Obstacle density: 0.05
[14:36:12.396] Max turns: 1000
[14:36:12.396] Player Bot31 starting at position (0,0) facing SOUTH
[14:36:12.396] Player Bot27 starting at position (9,9) facing NORTH
[14:36:12.396] Obstacles at positions: (1,7) (2,2) (6,1) (6,6) (8,9)
[14:36:12.396] Starting turn for Bot31
[14:36:12.396] Bot31 rotated left to face EAST
[14:36:12.396] Bot31 executed ROTATE_LEFT
[14:36:12.396] Bot31 moved forward to (0,1)
[14:36:12.396] Bot31 executed MOVE_FORWARD
[14:36:12.396] Starting turn for Bot27
[14:36:12.396] Bot27 rotated left to face WEST
[14:36:12.396] Bot27 executed ROTATE_LEFT
[14:36:12.396] Bot27 moved forward to (9,8)
[14:36:12.396] Bot27 executed MOVE_FORWARD
[14:36:12.396] Starting turn for Bot31
[14:36:12.396] Bot31 rotated right to face SOUTH
[14:36:12.396] Bot31 executed ROTATE_RIGHT
[14:36:12.396] Bot31 moved forward to (1,1)
[14:36:12.396] Bot31 executed MOVE_FORWARD
[14:36:12.396] Starting turn for Bot27
[14:36:12.396] Bot27 rotated right to face NORTH
[14:36:12.396] Bot27 executed ROTATE_RIGHT
[14:36:12.396] Bot27 moved forward to (8,8)
[14:36:12.396] Bot27 executed MOVE_FORWARD
[14:36:12.396] Starting turn for Bot31
[14:36:12.396] Bot31 rotated left to face EAST
[14:36:12.396] Bot31 executed ROTATE_LEFT
[14:36:12.396] Bot31 moved forward to (1,2)
[14:36:12.396] Bot31 executed MOVE_FORWARD
[14:36:12.396] Starting turn for Bot27
[14:36:12.396] Bot27 rotated left to face WEST
[14:36:12.396] Bot27 executed ROTATE_LEFT
[14:36:12.396] Bot27 moved forward to (8,7)
[14:36:12.396] Bot27 executed MOVE_FORWARD
[14:36:12.396] Starting turn for Bot31
[14:36:12.396] Bot31 rotated right to face SOUTH
[14:36:12.396] Bot31 executed ROTATE_RIGHT
[14:36:12.396] Starting turn for Bot27
[14:36:12.396] Bot27 rotated right to face NORTH
[14:36:12.396] Bot27 executed ROTATE_RIGHT
[14:36:12.396] Bot27 moved forward to (7,7)
[14:36:12.396] Bot27 executed MOVE_FORWARD
[14:36:12.396] Starting turn for Bot31
[14:36:12.396] Starting turn for Bot27
[14:36:12.396] Bot27 rotated left to face WEST
[14:36:12.396] Bot27 executed ROTATE_LEFT
[14:36:12.396] Bot27 moved forward to (7,6)
[14:36:12.396] Bot27 executed MOVE_FORWARD
[14:36:12.396] Starting turn for Bot31
[14:36:12.396] Bot31 rotated left to face EAST
[14:36:12.396] Bot31 executed ROTATE_LEFT
[14:36:12.396] Bot31 rotated left to face NORTH
[14:36:12.396] Bot31 executed ROTATE_LEFT
[14:36:12.396] Bot31 moved forward to (0,2)
[14:36:12.396] Bot31 executed MOVE_FORWARD
[14:36:12.396] Starting turn for Bot27
[14:36:12.396] Bot27 rotated right to face NORTH
[14:36:12.396] Bot27 executed ROTATE_RIGHT
[14:36:12.396] Starting turn for Bot31
[14:36:12.396] Bot31 rotated left to face WEST
[14:36:12.396] Bot31 executed ROTATE_LEFT
[14:36:12.396] Bot31 rotated left to face SOUTH
[14:36:12.396] Bot31 executed ROTATE_LEFT
[14:36:12.396] Bot31 moved forward to (1,2)
[14:36:12.396] Bot31 executed MOVE_FORWARD
[14:36:12.396] Starting turn for Bot27
[14:36:12.396] Starting turn for Bot31
[14:36:12.396] Starting turn for Bot27
[14:36:12.396] Bot27 rotated right to face EAST
[14:36:12.396] Bot27 executed ROTATE_RIGHT
[14:36:12.396] Bot27 moved forward to (7,7)
[14:36:12.396] Bot27 executed MOVE_FORWARD
[14:36:12.396] Starting turn for Bot31
[14:36:12.396] Starting turn for Bot27
[14:36:12.396] Bot27 rotated left to face NORTH
[14:36:12.396] Bot27 executed ROTATE_LEFT
[14:36:12.396] Bot27 rotated left to face WEST
[14:36:12.396] Bot27 executed ROTATE_LEFT
[14:36:12.396] Bot27 moved forward to (7,6)
[14:36:12.396] Bot27 executed MOVE_FORWARD
[14:36:12.396] Starting turn for Bot31
[14:36:12.396] Bot31 rotated left to face EAST
[14:36:12.396] Bot31 executed ROTATE_LEFT
[14:36:12.396] Bot31 rotated left to face NORTH
[14:36:12.396] Bot31 executed ROTATE_LEFT
[14:36:12.396] Bot31 moved forward to (0,2)
[14:36:12.396] Bot31 executed MOVE_FORWARD
[14:36:12.396] Starting turn for Bot27
[14:36:12.396] Bot27 rotated right to face NORTH
[14:36:12.396] Bot27 executed ROTATE_RIGHT
[14:36:12.396] Starting turn for Bot31
[14:36:12.396] Bot31 rotated left to face WEST
[14:36:12.396] Bot31 executed ROTATE_LEFT
[14:36:12.396] Bot31 rotated left to face SOUTH
[14:36:12.396] Bot31 executed ROTATE_LEFT
[14:36:12.396] Bot31 moved forward to (1,2)
[14:36:12.396] Bot31 executed MOVE_FORWARD
[14:36:12.396] Starting turn for Bot27
[14:36:12.396] Starting turn for Bot31
[14:36:12.396] Starting turn for Bot27
[14:36:12.396] Bot27 rotated right to face EAST
[14:36:12.396] Bot27 executed ROTATE_RIGHT
[14:36:12.396] Bot27 moved forward to (7,7)
[14:36:12.396] Bot27 executed MOVE_FORWARD
[14:36:12.396] Starting turn for Bot31
[14:36:12.396] Starting turn for Bot27
[14:36:12.396] Bot27 rotated left to face NORTH
[14:36:12.396] Bot27 executed ROTATE_LEFT
[14:36:12.396] Bot27 rotated left to face WEST
[14:36:12.396] Bot27 executed ROTATE_LEFT
[14:36:12.396] Bot27 moved forward to (7,6)
[14:36:12.396] Bot27 executed MOVE_FORWARD
[14:36:12.396] Starting turn for Bot31
[14:36:12.396] Bot31 rotated left to face EAST
[14:36:12.396] Bot31 executed ROTATE_LEFT
[14:36:12.396] Bot31 rotated left to face NORTH
[14:36:12.396] Bot31 executed ROTATE_LEFT
[14:36:12.396] Bot31 moved forward to (0,2)
[14:36:12.396] Bot31 executed MOVE_FORWARD
[14:36:12.396] Starting turn for Bot27
[14:36:12.396] Bot27 rotated right to face NORTH
[14:36:12.396] Bot27 executed ROTATE_RIGHT
[14:36:12.396] Starting turn for Bot31
[14:36:12.396] Bot31 rotated left to face WEST
[14:36:12.396] Bot31 executed ROTATE_LEFT
[14:36:12.396] Bot31 rotated left to face SOUTH
[14:36:12.396] Bot31 executed ROTATE_LEFT
[14:36:12.396] Bot31 moved forward to (1,2)
[14:36:12.396] Bot31 executed MOVE_FORWARD
[14:36:12.396] Starting turn for Bot27
[14:36:12.397] Starting turn for Bot31
[14:36:12.397] Starting turn for Bot27
[14:36:12.397] Bot27 rotated right to face EAST
[14:36:12.397] Bot27 executed ROTATE_RIGHT
[14:36:12.397] Bot27 moved forward to (7,7)
[14:36:12.397] Bot27 executed MOVE_FORWARD
[14:36:12.397] Starting turn for Bot31
[14:36:12.397] Starting turn for Bot27
[14:36:12.397] Bot27 rotated left to face NORTH
[14:36:12.397] Bot27 executed ROTATE_LEFT
[14:36:12.397] Bot27 rotated left to face WEST
[14:36:12.397] Bot27 executed ROTATE_LEFT
[14:36:12.397] Bot27 moved forward to (7,6)
[14:36:12.397] Bot27 executed MOVE_FORWARD
[14:36:12.397] Starting turn for Bot31
[14:36:12.397] Bot31 rotated left to face EAST
[14:36:12.397] Bot31 executed ROTATE_LEFT
[14:36:12.397] Bot31 rotated left to face NORTH
[14:36:12.397] Bot31 executed ROTATE_LEFT
[14:36:12.397] Bot31 moved forward to (0,2)
[14:36:12.397] Bot31 executed MOVE_FORWARD
[14:36:12.397] Starting turn for Bot27
[14:36:12.397] Bot27 rotated right to face NORTH
[14:36:12.397] Bot27 executed ROTATE_RIGHT
[14:36:12.397] Starting turn for Bot31
[14:36:12.397] Bot31 rotated left to face WEST
[14:36:12.397] Bot31 executed ROTATE_LEFT
[14:36:12.397] Bot31 rotated left to face SOUTH
[14:36:12.397] Bot31 executed ROTATE_LEFT
[14:36:12.397] Bot31 moved forward to (1,2)
[14:36:12.397] Bot31 executed MOVE_FORWARD
[14:36:12.397] Starting turn for Bot27
[14:36:12.397] Starting turn for Bot31
[14:36:12.397] Starting turn for Bot27
[14:36:12.397] Stalemate detected: State repeated 10 times, unchanged for 1 turns
[14:36:12.397] Game Over! Stalemate detected!
[14:36:12.397] Stalemate detected: State repeated 10 times, unchanged for 1 turns
