[14:36:12.369] === Game Started at 2025-02-04_14-36-12 ===
[14:36:12.369] Game initialized with 2 players
[14:36:12.369] Board size: 10
[14:36:12.369] Obstacle density: 0.05
[14:36:12.369] Max turns: 1000
[14:36:12.369] Player Bot30 starting at position (0,0) facing WEST
[14:36:12.369] Player Bot27 starting at position (9,9) facing NORTH
[14:36:12.369] Obstacles at positions: (0,4) (1,2) (3,9) (4,1) (8,7)
[14:36:12.369] Starting turn for Bot30
[14:36:12.369] Bot30 rotated left to face SOUTH
[14:36:12.369] Bot30 executed ROTATE_LEFT
[14:36:12.369] Bot30 rotated left to face EAST
[14:36:12.370] Bot30 executed ROTATE_LEFT
[14:36:12.370] Bot30 moved forward to (0,1)
[14:36:12.370] Bot30 executed MOVE_FORWARD
[14:36:12.370] Starting turn for Bot27
[14:36:12.370] Bot27 rotated left to face WEST
[14:36:12.370] Bot27 executed ROTATE_LEFT
[14:36:12.370] Bot27 moved forward to (9,8)
[14:36:12.370] Bot27 executed MOVE_FORWARD
[14:36:12.370] Starting turn for Bot30
[14:36:12.370] Bot30 rotated right to face SOUTH
[14:36:12.370] Bot30 executed ROTATE_RIGHT
[14:36:12.370] Bot30 moved forward to (1,1)
[14:36:12.370] Bot30 executed MOVE_FORWARD
[14:36:12.370] Starting turn for Bot27
[14:36:12.370] Bot27 rotated right to face NORTH
[14:36:12.370] Bot27 executed ROTATE_RIGHT
[14:36:12.370] Bot27 moved forward to (8,8)
[14:36:12.370] Bot27 executed MOVE_FORWARD
[14:36:12.370] Starting turn for Bot30
[14:36:12.370] Bot30 rotated left to face EAST
[14:36:12.370] Bot30 executed ROTATE_LEFT
[14:36:12.370] Starting turn for Bot27
[14:36:12.370] Bot27 rotated left to face WEST
[14:36:12.370] Bot27 executed ROTATE_LEFT
[14:36:12.370] Starting turn for Bot30
[14:36:12.370] Starting turn for Bot27
[14:36:12.370] Starting turn for Bot30
[14:36:12.370] Bot30 rotated left to face NORTH
[14:36:12.370] Bot30 executed ROTATE_LEFT
[14:36:12.370] Bot30 moved forward to (0,1)
[14:36:12.370] Bot30 executed MOVE_FORWARD
[14:36:12.370] Starting turn for Bot27
[14:36:12.370] Bot27 rotated right to face NORTH
[14:36:12.370] Bot27 executed ROTATE_RIGHT
[14:36:12.370] Bot27 moved forward to (7,8)
[14:36:12.370] Bot27 executed MOVE_FORWARD
[14:36:12.370] Starting turn for Bot30
[14:36:12.370] Bot30 rotated left to face WEST
[14:36:12.370] Bot30 executed ROTATE_LEFT
[14:36:12.370] Bot30 rotated left to face SOUTH
[14:36:12.370] Bot30 executed ROTATE_LEFT
[14:36:12.370] Bot30 moved forward to (1,1)
[14:36:12.370] Bot30 executed MOVE_FORWARD
[14:36:12.370] Starting turn for Bot27
[14:36:12.370] Bot27 rotated left to face WEST
[14:36:12.370] Bot27 executed ROTATE_LEFT
[14:36:12.370] Bot27 moved forward to (7,7)
[14:36:12.370] Bot27 executed MOVE_FORWARD
[14:36:12.370] Starting turn for Bot30
[14:36:12.370] Bot30 rotated left to face EAST
[14:36:12.370] Bot30 executed ROTATE_LEFT
[14:36:12.370] Starting turn for Bot27
[14:36:12.370] Bot27 moved forward to (7,6)
[14:36:12.370] Bot27 executed MOVE_FORWARD
[14:36:12.370] Starting turn for Bot30
[14:36:12.370] Starting turn for Bot27
[14:36:12.370] Bot27 rotated right to face NORTH
[14:36:12.370] Bot27 executed ROTATE_RIGHT
[14:36:12.370] Bot27 moved forward to (6,6)
[14:36:12.370] Bot27 executed MOVE_FORWARD
[14:36:12.370] Starting turn for Bot30
[14:36:12.370] Bot30 rotated left to face NORTH
[14:36:12.370] Bot30 executed ROTATE_LEFT
[14:36:12.370] Bot30 moved forward to (0,1)
[14:36:12.370] Bot30 executed MOVE_FORWARD
[14:36:12.370] Starting turn for Bot27
[14:36:12.370] Bot27 rotated left to face WEST
[14:36:12.370] Bot27 executed ROTATE_LEFT
[14:36:12.370] Bot27 moved forward to (6,5)
[14:36:12.370] Bot27 executed MOVE_FORWARD
[14:36:12.370] Starting turn for Bot30
[14:36:12.370] Bot30 rotated left to face WEST
[14:36:12.370] Bot30 executed ROTATE_LEFT
[14:36:12.370] Bot30 rotated left to face SOUTH
[14:36:12.370] Bot30 executed ROTATE_LEFT
[14:36:12.370] Bot30 moved forward to (1,1)
[14:36:12.370] Bot30 executed MOVE_FORWARD
[14:36:12.370] Starting turn for Bot27
[14:36:12.370] Bot27 rotated right to face NORTH
[14:36:12.370] Bot27 executed ROTATE_RIGHT
[14:36:12.370] Bot27 moved forward to (5,5)
[14:36:12.370] Bot27 executed MOVE_FORWARD
[14:36:12.370] Starting turn for Bot30
[14:36:12.370] Bot30 rotated left to face EAST
[14:36:12.370] Bot30 executed ROTATE_LEFT
[14:36:12.370] Starting turn for Bot27
[14:36:12.370] Starting turn for Bot30
[14:36:12.370] Starting turn for Bot27
[14:36:12.370] Starting turn for Bot30
[14:36:12.370] Bot30 rotated left to face NORTH
[14:36:12.370] Bot30 executed ROTATE_LEFT
[14:36:12.370] Bot30 moved forward to (0,1)
[14:36:12.370] Bot30 executed MOVE_FORWARD
[14:36:12.370] Starting turn for Bot27
[14:36:12.370] Starting turn for Bot30
[14:36:12.370] Bot30 rotated left to face WEST
[14:36:12.370] Bot30 executed ROTATE_LEFT
[14:36:12.370] Bot30 rotated left to face SOUTH
[14:36:12.370] Bot30 executed ROTATE_LEFT
[14:36:12.370] Bot30 moved forward to (1,1)
[14:36:12.370] Bot30 executed MOVE_FORWARD
[14:36:12.370] Starting turn for Bot27
[14:36:12.370] Starting turn for Bot30
[14:36:12.370] Bot30 rotated left to face EAST
[14:36:12.370] Bot30 executed ROTATE_LEFT
[14:36:12.370] Starting turn for Bot27
[14:36:12.370] Starting turn for Bot30
[14:36:12.370] Starting turn for Bot27
[14:36:12.370] Starting turn for Bot30
[14:36:12.370] Bot30 rotated left to face NORTH
[14:36:12.370] Bot30 executed ROTATE_LEFT
[14:36:12.370] Bot30 moved forward to (0,1)
[14:36:12.370] Bot30 executed MOVE_FORWARD
[14:36:12.370] Starting turn for Bot27
[14:36:12.370] Starting turn for Bot30
[14:36:12.370] Bot30 rotated left to face WEST
[14:36:12.370] Bot30 executed ROTATE_LEFT
[14:36:12.370] Bot30 rotated left to face SOUTH
[14:36:12.370] Bot30 executed ROTATE_LEFT
[14:36:12.370] Bot30 moved forward to (1,1)
[14:36:12.370] Bot30 executed MOVE_FORWARD
[14:36:12.370] Starting turn for Bot27
[14:36:12.370] Starting turn for Bot30
[14:36:12.370] Bot30 rotated left to face EAST
[14:36:12.370] Bot30 executed ROTATE_LEFT
[14:36:12.370] Starting turn for Bot27
[14:36:12.370] Starting turn for Bot30
[14:36:12.370] Starting turn for Bot27
[14:36:12.370] Stalemate detected: State repeated 10 times, unchanged for 3 turns
[14:36:12.370] Game Over! Stalemate detected!
[14:36:12.370] Stalemate detected: State repeated 10 times, unchanged for 3 turns
