[14:36:12.335] === Game Started at 2025-02-04_14-36-12 ===
[14:36:12.335] Game initialized with 2 players
[14:36:12.335] Board size: 10
[14:36:12.335] Obstacle density: 0.05
[14:36:12.335] Max turns: 1000
[14:36:12.335] Player Bot27 starting at position (0,0) facing EAST
[14:36:12.335] Player Bot29 starting at position (9,9) facing NORTH
[14:36:12.335] Obstacles at positions: (0,8) (5,7) (5,8) (8,1) (8,3)
[14:36:12.335] Starting turn for Bot27
[14:36:12.335] Bot27 moved forward to (0,1)
[14:36:12.335] Bot27 executed MOVE_FORWARD
[14:36:12.335] Starting turn for Bot29
[14:36:12.335] Bot29 rotated left to face WEST
[14:36:12.335] Bot29 executed ROTATE_LEFT
[14:36:12.335] Bot29 moved forward to (9,8)
[14:36:12.335] Bot29 executed MOVE_FORWARD
[14:36:12.335] Starting turn for Bot27
[14:36:12.335] Bot27 rotated right to face SOUTH
[14:36:12.335] Bot27 executed ROTATE_RIGHT
[14:36:12.335] Bot27 moved forward to (1,1)
[14:36:12.335] Bot27 executed MOVE_FORWARD
[14:36:12.335] Starting turn for Bot29
[14:36:12.335] Bot29 rotated right to face NORTH
[14:36:12.335] Bot29 executed ROTATE_RIGHT
[14:36:12.335] Bot29 moved forward to (8,8)
[14:36:12.335] Bot29 executed MOVE_FORWARD
[14:36:12.335] Starting turn for Bot27
[14:36:12.335] Bot27 rotated left to face EAST
[14:36:12.335] Bot27 executed ROTATE_LEFT
[14:36:12.335] Bot27 moved forward to (1,2)
[14:36:12.335] Bot27 executed MOVE_FORWARD
[14:36:12.335] Starting turn for Bot29
[14:36:12.335] Bot29 rotated left to face WEST
[14:36:12.335] Bot29 executed ROTATE_LEFT
[14:36:12.335] Bot29 moved forward to (8,7)
[14:36:12.335] Bot29 executed MOVE_FORWARD
[14:36:12.335] Starting turn for Bot27
[14:36:12.335] Bot27 rotated right to face SOUTH
[14:36:12.335] Bot27 executed ROTATE_RIGHT
[14:36:12.335] Bot27 moved forward to (2,2)
[14:36:12.335] Bot27 executed MOVE_FORWARD
[14:36:12.335] Starting turn for Bot29
[14:36:12.335] Bot29 rotated right to face NORTH
[14:36:12.335] Bot29 executed ROTATE_RIGHT
[14:36:12.335] Bot29 moved forward to (7,7)
[14:36:12.335] Bot29 executed MOVE_FORWARD
[14:36:12.335] Starting turn for Bot27
[14:36:12.335] Bot27 rotated left to face EAST
[14:36:12.335] Bot27 executed ROTATE_LEFT
[14:36:12.335] Bot27 moved forward to (2,3)
[14:36:12.335] Bot27 executed MOVE_FORWARD
[14:36:12.335] Starting turn for Bot29
[14:36:12.335] Bot29 rotated left to face WEST
[14:36:12.335] Bot29 executed ROTATE_LEFT
[14:36:12.335] Bot29 moved forward to (7,6)
[14:36:12.335] Bot29 executed MOVE_FORWARD
[14:36:12.335] Starting turn for Bot27
[14:36:12.335] Bot27 rotated right to face SOUTH
[14:36:12.335] Bot27 executed ROTATE_RIGHT
[14:36:12.335] Bot27 moved forward to (3,3)
[14:36:12.335] Bot27 executed MOVE_FORWARD
[14:36:12.335] Starting turn for Bot29
[14:36:12.335] Bot29 rotated right to face NORTH
[14:36:12.335] Bot29 executed ROTATE_RIGHT
[14:36:12.335] Bot29 moved forward to (6,6)
[14:36:12.335] Bot29 executed MOVE_FORWARD
[14:36:12.335] Starting turn for Bot27
[14:36:12.335] Bot27 rotated left to face EAST
[14:36:12.335] Bot27 executed ROTATE_LEFT
[14:36:12.335] Bot27 moved forward to (3,4)
[14:36:12.335] Bot27 executed MOVE_FORWARD
[14:36:12.335] Starting turn for Bot29
[14:36:12.335] Bot29 rotated left to face WEST
[14:36:12.335] Bot29 executed ROTATE_LEFT
[14:36:12.335] Bot29 moved forward to (6,5)
[14:36:12.335] Bot29 executed MOVE_FORWARD
[14:36:12.335] Starting turn for Bot27
[14:36:12.335] Bot27 rotated right to face SOUTH
[14:36:12.335] Bot27 executed ROTATE_RIGHT
[14:36:12.335] Bot27 moved forward to (4,4)
[14:36:12.335] Bot27 executed MOVE_FORWARD
[14:36:12.335] Starting turn for Bot29
[14:36:12.335] Bot29 rotated right to face NORTH
[14:36:12.335] Bot29 executed ROTATE_RIGHT
[14:36:12.335] Bot29 moved forward to (5,5)
[14:36:12.335] Bot29 executed MOVE_FORWARD
[14:36:12.335] Starting turn for Bot27
[14:36:12.335] Bot27 rotated left to face EAST
[14:36:12.335] Bot27 executed ROTATE_LEFT
[14:36:12.335] Bot27 moved forward to (4,5)
[14:36:12.335] Bot27 executed MOVE_FORWARD
[14:36:12.335] Starting turn for Bot29
[14:36:12.335] Bot29 shooting in direction NORTH
[14:36:12.335] Bot29 hit Bot27 for 25 damage (health: 100 -> 75)
[14:36:12.335] Bot29 executed SHOOT
[14:36:12.335] Starting turn for Bot27
[14:36:12.335] Bot27 rotated right to face SOUTH
[14:36:12.335] Bot27 executed ROTATE_RIGHT
[14:36:12.335] Starting turn for Bot29
[14:36:12.335] Bot29 shooting in direction NORTH
[14:36:12.335] Bot29 hit Bot27 for 25 damage (health: 75 -> 50)
[14:36:12.335] Bot29 executed SHOOT
[14:36:12.335] Starting turn for Bot27
[14:36:12.335] Bot27 shooting in direction SOUTH
[14:36:12.335] Bot27 hit Bot29 for 25 damage (health: 100 -> 75)
[14:36:12.335] Bot27 executed SHOOT
[14:36:12.335] Starting turn for Bot29
[14:36:12.335] Bot29 shooting in direction NORTH
[14:36:12.335] Bot29 hit Bot27 for 25 damage (health: 50 -> 25)
[14:36:12.335] Bot29 executed SHOOT
[14:36:12.335] Starting turn for Bot27
[14:36:12.335] Bot27 shooting in direction SOUTH
[14:36:12.335] Bot27 hit Bot29 for 25 damage (health: 75 -> 50)
[14:36:12.335] Bot27 executed SHOOT
[14:36:12.335] Starting turn for Bot29
[14:36:12.335] Bot29 shooting in direction NORTH
[14:36:12.335] Bot29 hit Bot27 for 25 damage (health: 25 -> 0)
[14:36:12.335] Bot27 was destroyed!
[14:36:12.335] Bot29 is the last tank standing!
[14:36:12.335] Bot29 executed SHOOT
[14:36:12.335] Game Over! Bot29 wins!
[14:36:12.335] === Game Ended ===
