[14:36:06.710] === Game Started at 2025-02-04_14-36-06 ===
[14:36:06.710] Game initialized with 2 players
[14:36:06.710] Board size: 10
[14:36:06.710] Obstacle density: 0.05
[14:36:06.710] Max turns: 1000
[14:36:06.710] Player Bot31 starting at position (0,0) facing WEST
[14:36:06.710] Player Bot19 starting at position (9,9) facing EAST
[14:36:06.710] Obstacles at positions: (0,6) (2,0) (6,6) (7,2) (9,4)
[14:36:06.710] Starting turn for Bot31
[14:36:06.710] Bot31 rotated left to face SOUTH
[14:36:06.710] Bot31 executed ROTATE_LEFT
[14:36:06.710] Bot31 rotated left to face EAST
[14:36:06.710] Bot31 executed ROTATE_LEFT
[14:36:06.710] Bot31 moved forward to (0,1)
[14:36:06.710] Bot31 executed MOVE_FORWARD
[14:36:06.710] Starting turn for Bot19
[14:36:06.710] Bot19 rotated left to face NORTH
[14:36:06.710] Bot19 executed ROTATE_LEFT
[14:36:06.710] Bot19 rotated left to face WEST
[14:36:06.710] Bot19 executed ROTATE_LEFT
[14:36:06.710] Bot19 moved forward to (9,8)
[14:36:06.710] Bot19 executed MOVE_FORWARD
[14:36:06.710] Starting turn for Bot31
[14:36:06.710] Bot31 rotated right to face SOUTH
[14:36:06.710] Bot31 executed ROTATE_RIGHT
[14:36:06.710] Bot31 moved forward to (1,1)
[14:36:06.710] Bot31 executed MOVE_FORWARD
[14:36:06.710] Starting turn for Bot19
[14:36:06.710] Bot19 rotated right to face NORTH
[14:36:06.710] Bot19 executed ROTATE_RIGHT
[14:36:06.710] Bot19 moved forward to (8,8)
[14:36:06.710] Bot19 executed MOVE_FORWARD
[14:36:06.710] Starting turn for Bot31
[14:36:06.710] Bot31 rotated left to face EAST
[14:36:06.710] Bot31 executed ROTATE_LEFT
[14:36:06.710] Bot31 moved forward to (1,2)
[14:36:06.710] Bot31 executed MOVE_FORWARD
[14:36:06.710] Starting turn for Bot19
[14:36:06.710] Bot19 rotated left to face WEST
[14:36:06.710] Bot19 executed ROTATE_LEFT
[14:36:06.710] Bot19 moved forward to (8,7)
[14:36:06.710] Bot19 executed MOVE_FORWARD
[14:36:06.710] Starting turn for Bot31
[14:36:06.710] Bot31 rotated right to face SOUTH
[14:36:06.710] Bot31 executed ROTATE_RIGHT
[14:36:06.710] Bot31 moved forward to (2,2)
[14:36:06.710] Bot31 executed MOVE_FORWARD
[14:36:06.710] Starting turn for Bot19
[14:36:06.710] Bot19 rotated right to face NORTH
[14:36:06.710] Bot19 executed ROTATE_RIGHT
[14:36:06.710] Bot19 moved forward to (7,7)
[14:36:06.710] Bot19 executed MOVE_FORWARD
[14:36:06.710] Starting turn for Bot31
[14:36:06.710] Bot31 rotated left to face EAST
[14:36:06.710] Bot31 executed ROTATE_LEFT
[14:36:06.710] Bot31 moved forward to (2,3)
[14:36:06.710] Bot31 executed MOVE_FORWARD
[14:36:06.710] Starting turn for Bot19
[14:36:06.710] Bot19 rotated left to face WEST
[14:36:06.710] Bot19 executed ROTATE_LEFT
[14:36:06.710] Bot19 moved forward to (7,6)
[14:36:06.710] Bot19 executed MOVE_FORWARD
[14:36:06.710] Starting turn for Bot31
[14:36:06.710] Bot31 rotated right to face SOUTH
[14:36:06.710] Bot31 executed ROTATE_RIGHT
[14:36:06.710] Bot31 moved forward to (3,3)
[14:36:06.710] Bot31 executed MOVE_FORWARD
[14:36:06.710] Starting turn for Bot19
[14:36:06.710] Bot19 rotated right to face NORTH
[14:36:06.710] Bot19 executed ROTATE_RIGHT
[14:36:06.710] Starting turn for Bot31
[14:36:06.710] Bot31 rotated left to face EAST
[14:36:06.710] Bot31 executed ROTATE_LEFT
[14:36:06.710] Bot31 moved forward to (3,4)
[14:36:06.710] Bot31 executed MOVE_FORWARD
[14:36:06.710] Starting turn for Bot19
[14:36:06.710] Starting turn for Bot31
[14:36:06.710] Bot31 rotated right to face SOUTH
[14:36:06.710] Bot31 executed ROTATE_RIGHT
[14:36:06.710] Bot31 moved forward to (4,4)
[14:36:06.710] Bot31 executed MOVE_FORWARD
[14:36:06.710] Starting turn for Bot19
[14:36:06.710] Bot19 rotated right to face EAST
[14:36:06.710] Bot19 executed ROTATE_RIGHT
[14:36:06.710] Bot19 moved forward to (7,7)
[14:36:06.710] Bot19 executed MOVE_FORWARD
[14:36:06.710] Starting turn for Bot31
[14:36:06.710] Bot31 rotated left to face EAST
[14:36:06.710] Bot31 executed ROTATE_LEFT
[14:36:06.710] Bot31 moved forward to (4,5)
[14:36:06.710] Bot31 executed MOVE_FORWARD
[14:36:06.710] Starting turn for Bot19
[14:36:06.710] Bot19 rotated left to face NORTH
[14:36:06.710] Bot19 executed ROTATE_LEFT
[14:36:06.710] Bot19 rotated left to face WEST
[14:36:06.710] Bot19 executed ROTATE_LEFT
[14:36:06.710] Bot19 moved forward to (7,6)
[14:36:06.710] Bot19 executed MOVE_FORWARD
[14:36:06.710] Starting turn for Bot31
[14:36:06.710] Bot31 rotated right to face SOUTH
[14:36:06.710] Bot31 executed ROTATE_RIGHT
[14:36:06.710] Bot31 moved forward to (5,5)
[14:36:06.710] Bot31 executed MOVE_FORWARD
[14:36:06.710] Starting turn for Bot19
[14:36:06.710] Bot19 rotated right to face NORTH
[14:36:06.710] Bot19 executed ROTATE_RIGHT
[14:36:06.710] Starting turn for Bot31
[14:36:06.710] Starting turn for Bot19
[14:36:06.710] Starting turn for Bot31
[14:36:06.710] Starting turn for Bot19
[14:36:06.710] Bot19 rotated right to face EAST
[14:36:06.710] Bot19 executed ROTATE_RIGHT
[14:36:06.710] Bot19 moved forward to (7,7)
[14:36:06.710] Bot19 executed MOVE_FORWARD
[14:36:06.710] Starting turn for Bot31
[14:36:06.710] Starting turn for Bot19
[14:36:06.710] Bot19 rotated left to face NORTH
[14:36:06.710] Bot19 executed ROTATE_LEFT
[14:36:06.710] Bot19 rotated left to face WEST
[14:36:06.710] Bot19 executed ROTATE_LEFT
[14:36:06.710] Bot19 moved forward to (7,6)
[14:36:06.710] Bot19 executed MOVE_FORWARD
[14:36:06.710] Starting turn for Bot31
[14:36:06.710] Starting turn for Bot19
[14:36:06.710] Bot19 rotated right to face NORTH
[14:36:06.710] Bot19 executed ROTATE_RIGHT
[14:36:06.710] Starting turn for Bot31
[14:36:06.710] Starting turn for Bot19
[14:36:06.710] Starting turn for Bot31
[14:36:06.710] Starting turn for Bot19
[14:36:06.710] Bot19 rotated right to face EAST
[14:36:06.710] Bot19 executed ROTATE_RIGHT
[14:36:06.710] Bot19 moved forward to (7,7)
[14:36:06.710] Bot19 executed MOVE_FORWARD
[14:36:06.710] Starting turn for Bot31
[14:36:06.710] Starting turn for Bot19
[14:36:06.710] Bot19 rotated left to face NORTH
[14:36:06.710] Bot19 executed ROTATE_LEFT
[14:36:06.710] Bot19 rotated left to face WEST
[14:36:06.710] Bot19 executed ROTATE_LEFT
[14:36:06.710] Bot19 moved forward to (7,6)
[14:36:06.710] Bot19 executed MOVE_FORWARD
[14:36:06.710] Starting turn for Bot31
[14:36:06.711] Starting turn for Bot19
[14:36:06.711] Bot19 rotated right to face NORTH
[14:36:06.711] Bot19 executed ROTATE_RIGHT
[14:36:06.711] Starting turn for Bot31
[14:36:06.711] Starting turn for Bot19
[14:36:06.711] Starting turn for Bot31
[14:36:06.711] Starting turn for Bot19
[14:36:06.711] Stalemate detected: State repeated 10 times, unchanged for 2 turns
[14:36:06.711] Game Over! Stalemate detected!
[14:36:06.711] Stalemate detected: State repeated 10 times, unchanged for 2 turns
