[14:36:15.835] === Game Started at 2025-02-04_14-36-15 ===
[14:36:15.835] Game initialized with 2 players
[14:36:15.835] Board size: 10
[14:36:15.835] Obstacle density: 0.05
[14:36:15.835] Max turns: 1000
[14:36:15.835] Player Bot38 starting at position (0,0) facing SOUTH
[14:36:15.835] Player Bot35 starting at position (9,9) facing NORTH
[14:36:15.835] Obstacles at positions: (4,8) (6,1) (7,0) (7,7) (8,4)
[14:36:15.835] Starting turn for Bot38
[14:36:15.835] Bot38 rotated left to face EAST
[14:36:15.835] Bot38 executed ROTATE_LEFT
[14:36:15.835] Bot38 moved forward to (0,1)
[14:36:15.835] Bot38 executed MOVE_FORWARD
[14:36:15.835] Starting turn for Bot35
[14:36:15.835] Bot35 rotated left to face WEST
[14:36:15.835] Bot35 executed ROTATE_LEFT
[14:36:15.835] Bot35 moved forward to (9,8)
[14:36:15.835] Bot35 executed MOVE_FORWARD
[14:36:15.835] Starting turn for Bot38
[14:36:15.835] Bot38 rotated right to face SOUTH
[14:36:15.835] Bot38 executed ROTATE_RIGHT
[14:36:15.835] Bot38 moved forward to (1,1)
[14:36:15.835] Bot38 executed MOVE_FORWARD
[14:36:15.835] Starting turn for Bot35
[14:36:15.835] Bot35 rotated right to face NORTH
[14:36:15.835] Bot35 executed ROTATE_RIGHT
[14:36:15.835] Bot35 moved forward to (8,8)
[14:36:15.835] Bot35 executed MOVE_FORWARD
[14:36:15.835] Starting turn for Bot38
[14:36:15.835] Bot38 rotated left to face EAST
[14:36:15.835] Bot38 executed ROTATE_LEFT
[14:36:15.835] Bot38 moved forward to (1,2)
[14:36:15.835] Bot38 executed MOVE_FORWARD
[14:36:15.835] Starting turn for Bot35
[14:36:15.835] Bot35 rotated left to face WEST
[14:36:15.835] Bot35 executed ROTATE_LEFT
[14:36:15.835] Bot35 moved forward to (8,7)
[14:36:15.835] Bot35 executed MOVE_FORWARD
[14:36:15.835] Starting turn for Bot38
[14:36:15.835] Bot38 rotated right to face SOUTH
[14:36:15.835] Bot38 executed ROTATE_RIGHT
[14:36:15.835] Bot38 moved forward to (2,2)
[14:36:15.835] Bot38 executed MOVE_FORWARD
[14:36:15.835] Starting turn for Bot35
[14:36:15.835] Bot35 rotated right to face NORTH
[14:36:15.835] Bot35 executed ROTATE_RIGHT
[14:36:15.835] Starting turn for Bot38
[14:36:15.835] Bot38 rotated left to face EAST
[14:36:15.835] Bot38 executed ROTATE_LEFT
[14:36:15.835] Bot38 moved forward to (2,3)
[14:36:15.835] Bot38 executed MOVE_FORWARD
[14:36:15.835] Starting turn for Bot35
[14:36:15.835] Starting turn for Bot38
[14:36:15.835] Bot38 rotated right to face SOUTH
[14:36:15.835] Bot38 executed ROTATE_RIGHT
[14:36:15.835] Bot38 moved forward to (3,3)
[14:36:15.835] Bot38 executed MOVE_FORWARD
[14:36:15.835] Starting turn for Bot35
[14:36:15.835] Bot35 rotated right to face EAST
[14:36:15.835] Bot35 executed ROTATE_RIGHT
[14:36:15.835] Bot35 moved forward to (8,8)
[14:36:15.835] Bot35 executed MOVE_FORWARD
[14:36:15.835] Starting turn for Bot38
[14:36:15.835] Bot38 rotated left to face EAST
[14:36:15.835] Bot38 executed ROTATE_LEFT
[14:36:15.835] Bot38 moved forward to (3,4)
[14:36:15.835] Bot38 executed MOVE_FORWARD
[14:36:15.835] Starting turn for Bot35
[14:36:15.835] Bot35 rotated left to face NORTH
[14:36:15.835] Bot35 executed ROTATE_LEFT
[14:36:15.835] Bot35 rotated left to face WEST
[14:36:15.835] Bot35 executed ROTATE_LEFT
[14:36:15.835] Bot35 moved forward to (8,7)
[14:36:15.835] Bot35 executed MOVE_FORWARD
[14:36:15.835] Starting turn for Bot38
[14:36:15.835] Bot38 rotated right to face SOUTH
[14:36:15.835] Bot38 executed ROTATE_RIGHT
[14:36:15.835] Bot38 moved forward to (4,4)
[14:36:15.835] Bot38 executed MOVE_FORWARD
[14:36:15.835] Starting turn for Bot35
[14:36:15.835] Bot35 rotated right to face NORTH
[14:36:15.835] Bot35 executed ROTATE_RIGHT
[14:36:15.835] Starting turn for Bot38
[14:36:15.835] Bot38 rotated left to face EAST
[14:36:15.835] Bot38 executed ROTATE_LEFT
[14:36:15.835] Bot38 moved forward to (4,5)
[14:36:15.835] Bot38 executed MOVE_FORWARD
[14:36:15.835] Starting turn for Bot35
[14:36:15.835] Starting turn for Bot38
[14:36:15.835] Bot38 rotated right to face SOUTH
[14:36:15.835] Bot38 executed ROTATE_RIGHT
[14:36:15.835] Bot38 moved forward to (5,5)
[14:36:15.835] Bot38 executed MOVE_FORWARD
[14:36:15.835] Starting turn for Bot35
[14:36:15.835] Bot35 rotated right to face EAST
[14:36:15.835] Bot35 executed ROTATE_RIGHT
[14:36:15.835] Bot35 moved forward to (8,8)
[14:36:15.835] Bot35 executed MOVE_FORWARD
[14:36:15.835] Starting turn for Bot38
[14:36:15.835] Starting turn for Bot35
[14:36:15.835] Bot35 rotated left to face NORTH
[14:36:15.835] Bot35 executed ROTATE_LEFT
[14:36:15.835] Bot35 rotated left to face WEST
[14:36:15.835] Bot35 executed ROTATE_LEFT
[14:36:15.835] Bot35 moved forward to (8,7)
[14:36:15.835] Bot35 executed MOVE_FORWARD
[14:36:15.835] Starting turn for Bot38
[14:36:15.835] Starting turn for Bot35
[14:36:15.835] Bot35 rotated right to face NORTH
[14:36:15.835] Bot35 executed ROTATE_RIGHT
[14:36:15.835] Starting turn for Bot38
[14:36:15.835] Starting turn for Bot35
[14:36:15.835] Starting turn for Bot38
[14:36:15.835] Starting turn for Bot35
[14:36:15.835] Bot35 rotated right to face EAST
[14:36:15.835] Bot35 executed ROTATE_RIGHT
[14:36:15.835] Bot35 moved forward to (8,8)
[14:36:15.835] Bot35 executed MOVE_FORWARD
[14:36:15.835] Starting turn for Bot38
[14:36:15.835] Starting turn for Bot35
[14:36:15.835] Bot35 rotated left to face NORTH
[14:36:15.835] Bot35 executed ROTATE_LEFT
[14:36:15.835] Bot35 rotated left to face WEST
[14:36:15.835] Bot35 executed ROTATE_LEFT
[14:36:15.835] Bot35 moved forward to (8,7)
[14:36:15.835] Bot35 executed MOVE_FORWARD
[14:36:15.835] Starting turn for Bot38
[14:36:15.835] Starting turn for Bot35
[14:36:15.835] Bot35 rotated right to face NORTH
[14:36:15.835] Bot35 executed ROTATE_RIGHT
[14:36:15.835] Starting turn for Bot38
[14:36:15.835] Starting turn for Bot35
[14:36:15.835] Starting turn for Bot38
[14:36:15.835] Starting turn for Bot35
[14:36:15.835] Bot35 rotated right to face EAST
[14:36:15.835] Bot35 executed ROTATE_RIGHT
[14:36:15.835] Bot35 moved forward to (8,8)
[14:36:15.835] Bot35 executed MOVE_FORWARD
[14:36:15.835] Starting turn for Bot38
[14:36:15.835] Starting turn for Bot35
[14:36:15.835] Bot35 rotated left to face NORTH
[14:36:15.835] Bot35 executed ROTATE_LEFT
[14:36:15.835] Bot35 rotated left to face WEST
[14:36:15.835] Bot35 executed ROTATE_LEFT
[14:36:15.835] Bot35 moved forward to (8,7)
[14:36:15.835] Bot35 executed MOVE_FORWARD
[14:36:15.835] Starting turn for Bot38
[14:36:15.835] Starting turn for Bot35
[14:36:15.835] Bot35 rotated right to face NORTH
[14:36:15.835] Bot35 executed ROTATE_RIGHT
[14:36:15.835] Starting turn for Bot38
[14:36:15.835] Stalemate detected: State repeated 10 times, unchanged for 1 turns
[14:36:15.835] Game Over! Stalemate detected!
[14:36:15.835] Stalemate detected: State repeated 10 times, unchanged for 1 turns
