[14:36:09.174] === Game Started at 2025-02-04_14-36-09 ===
[14:36:09.174] Game initialized with 2 players
[14:36:09.174] Board size: 10
[14:36:09.174] Obstacle density: 0.05
[14:36:09.174] Max turns: 1000
[14:36:09.174] Player Bot22 starting at position (0,0) facing EAST
[14:36:09.174] Player Bot34 starting at position (9,9) facing SOUTH
[14:36:09.174] Obstacles at positions: (1,5) (2,1) (7,6) (7,7) (9,3)
[14:36:09.174] Starting turn for Bot22
[14:36:09.174] Bot22 moved forward to (0,1)
[14:36:09.174] Bot22 executed MOVE_FORWARD
[14:36:09.174] Starting turn for Bot34
[14:36:09.174] Bot34 rotated right to face WEST
[14:36:09.174] Bot34 executed ROTATE_RIGHT
[14:36:09.174] Bot34 moved forward to (9,8)
[14:36:09.174] Bot34 executed MOVE_FORWARD
[14:36:09.174] Starting turn for Bot22
[14:36:09.174] Bot22 rotated right to face SOUTH
[14:36:09.174] Bot22 executed ROTATE_RIGHT
[14:36:09.174] Bot22 moved forward to (1,1)
[14:36:09.174] Bot22 executed MOVE_FORWARD
[14:36:09.174] Starting turn for Bot34
[14:36:09.174] Bot34 rotated right to face NORTH
[14:36:09.174] Bot34 executed ROTATE_RIGHT
[14:36:09.174] Bot34 moved forward to (8,8)
[14:36:09.174] Bot34 executed MOVE_FORWARD
[14:36:09.174] Starting turn for Bot22
[14:36:09.174] Bot22 rotated left to face EAST
[14:36:09.174] Bot22 executed ROTATE_LEFT
[14:36:09.174] Bot22 moved forward to (1,2)
[14:36:09.174] Bot22 executed MOVE_FORWARD
[14:36:09.174] Starting turn for Bot34
[14:36:09.174] Bot34 rotated left to face WEST
[14:36:09.174] Bot34 executed ROTATE_LEFT
[14:36:09.174] Bot34 moved forward to (8,7)
[14:36:09.174] Bot34 executed MOVE_FORWARD
[14:36:09.174] Starting turn for Bot22
[14:36:09.174] Bot22 rotated right to face SOUTH
[14:36:09.174] Bot22 executed ROTATE_RIGHT
[14:36:09.174] Bot22 moved forward to (2,2)
[14:36:09.174] Bot22 executed MOVE_FORWARD
[14:36:09.174] Starting turn for Bot34
[14:36:09.174] Bot34 rotated right to face NORTH
[14:36:09.174] Bot34 executed ROTATE_RIGHT
[14:36:09.174] Starting turn for Bot22
[14:36:09.174] Bot22 rotated left to face EAST
[14:36:09.174] Bot22 executed ROTATE_LEFT
[14:36:09.174] Bot22 moved forward to (2,3)
[14:36:09.174] Bot22 executed MOVE_FORWARD
[14:36:09.174] Starting turn for Bot34
[14:36:09.174] Starting turn for Bot22
[14:36:09.174] Bot22 rotated right to face SOUTH
[14:36:09.174] Bot22 executed ROTATE_RIGHT
[14:36:09.174] Bot22 moved forward to (3,3)
[14:36:09.174] Bot22 executed MOVE_FORWARD
[14:36:09.174] Starting turn for Bot34
[14:36:09.174] Bot34 rotated right to face EAST
[14:36:09.174] Bot34 executed ROTATE_RIGHT
[14:36:09.174] Bot34 moved forward to (8,8)
[14:36:09.174] Bot34 executed MOVE_FORWARD
[14:36:09.174] Starting turn for Bot22
[14:36:09.174] Bot22 rotated left to face EAST
[14:36:09.174] Bot22 executed ROTATE_LEFT
[14:36:09.174] Bot22 moved forward to (3,4)
[14:36:09.174] Bot22 executed MOVE_FORWARD
[14:36:09.174] Starting turn for Bot34
[14:36:09.174] Bot34 rotated left to face NORTH
[14:36:09.174] Bot34 executed ROTATE_LEFT
[14:36:09.174] Bot34 rotated left to face WEST
[14:36:09.174] Bot34 executed ROTATE_LEFT
[14:36:09.174] Bot34 moved forward to (8,7)
[14:36:09.174] Bot34 executed MOVE_FORWARD
[14:36:09.174] Starting turn for Bot22
[14:36:09.174] Bot22 rotated right to face SOUTH
[14:36:09.174] Bot22 executed ROTATE_RIGHT
[14:36:09.174] Bot22 moved forward to (4,4)
[14:36:09.174] Bot22 executed MOVE_FORWARD
[14:36:09.174] Starting turn for Bot34
[14:36:09.174] Bot34 rotated right to face NORTH
[14:36:09.174] Bot34 executed ROTATE_RIGHT
[14:36:09.174] Starting turn for Bot22
[14:36:09.174] Bot22 rotated left to face EAST
[14:36:09.174] Bot22 executed ROTATE_LEFT
[14:36:09.174] Bot22 moved forward to (4,5)
[14:36:09.174] Bot22 executed MOVE_FORWARD
[14:36:09.174] Starting turn for Bot34
[14:36:09.174] Starting turn for Bot22
[14:36:09.174] Bot22 rotated right to face SOUTH
[14:36:09.174] Bot22 executed ROTATE_RIGHT
[14:36:09.174] Bot22 moved forward to (5,5)
[14:36:09.174] Bot22 executed MOVE_FORWARD
[14:36:09.174] Starting turn for Bot34
[14:36:09.174] Bot34 rotated right to face EAST
[14:36:09.174] Bot34 executed ROTATE_RIGHT
[14:36:09.174] Bot34 moved forward to (8,8)
[14:36:09.174] Bot34 executed MOVE_FORWARD
[14:36:09.174] Starting turn for Bot22
[14:36:09.174] Starting turn for Bot34
[14:36:09.174] Bot34 rotated left to face NORTH
[14:36:09.174] Bot34 executed ROTATE_LEFT
[14:36:09.174] Bot34 rotated left to face WEST
[14:36:09.174] Bot34 executed ROTATE_LEFT
[14:36:09.174] Bot34 moved forward to (8,7)
[14:36:09.174] Bot34 executed MOVE_FORWARD
[14:36:09.174] Starting turn for Bot22
[14:36:09.174] Starting turn for Bot34
[14:36:09.174] Bot34 rotated right to face NORTH
[14:36:09.174] Bot34 executed ROTATE_RIGHT
[14:36:09.174] Starting turn for Bot22
[14:36:09.174] Starting turn for Bot34
[14:36:09.174] Starting turn for Bot22
[14:36:09.174] Starting turn for Bot34
[14:36:09.174] Bot34 rotated right to face EAST
[14:36:09.174] Bot34 executed ROTATE_RIGHT
[14:36:09.174] Bot34 moved forward to (8,8)
[14:36:09.174] Bot34 executed MOVE_FORWARD
[14:36:09.174] Starting turn for Bot22
[14:36:09.174] Starting turn for Bot34
[14:36:09.174] Bot34 rotated left to face NORTH
[14:36:09.174] Bot34 executed ROTATE_LEFT
[14:36:09.174] Bot34 rotated left to face WEST
[14:36:09.174] Bot34 executed ROTATE_LEFT
[14:36:09.174] Bot34 moved forward to (8,7)
[14:36:09.174] Bot34 executed MOVE_FORWARD
[14:36:09.174] Starting turn for Bot22
[14:36:09.174] Starting turn for Bot34
[14:36:09.174] Bot34 rotated right to face NORTH
[14:36:09.174] Bot34 executed ROTATE_RIGHT
[14:36:09.174] Starting turn for Bot22
[14:36:09.174] Starting turn for Bot34
[14:36:09.174] Starting turn for Bot22
[14:36:09.174] Starting turn for Bot34
[14:36:09.174] Bot34 rotated right to face EAST
[14:36:09.174] Bot34 executed ROTATE_RIGHT
[14:36:09.174] Bot34 moved forward to (8,8)
[14:36:09.174] Bot34 executed MOVE_FORWARD
[14:36:09.174] Starting turn for Bot22
[14:36:09.174] Starting turn for Bot34
[14:36:09.174] Bot34 rotated left to face NORTH
[14:36:09.174] Bot34 executed ROTATE_LEFT
[14:36:09.174] Bot34 rotated left to face WEST
[14:36:09.174] Bot34 executed ROTATE_LEFT
[14:36:09.174] Bot34 moved forward to (8,7)
[14:36:09.174] Bot34 executed MOVE_FORWARD
[14:36:09.174] Starting turn for Bot22
[14:36:09.174] Starting turn for Bot34
[14:36:09.174] Bot34 rotated right to face NORTH
[14:36:09.174] Bot34 executed ROTATE_RIGHT
[14:36:09.174] Starting turn for Bot22
[14:36:09.174] Stalemate detected: State repeated 10 times, unchanged for 1 turns
[14:36:09.174] Game Over! Stalemate detected!
[14:36:09.174] Stalemate detected: State repeated 10 times, unchanged for 1 turns
