[14:36:14.494] === Game Started at 2025-02-04_14-36-14 ===
[14:36:14.495] Game initialized with 2 players
[14:36:14.495] Board size: 10
[14:36:14.495] Obstacle density: 0.05
[14:36:14.495] Max turns: 1000
[14:36:14.495] Player Bot34 starting at position (0,0) facing NORTH
[14:36:14.495] Player Bot31 starting at position (9,9) facing WEST
[14:36:14.495] Obstacles at positions: (0,8) (2,1) (2,4) (5,8) (6,0)
[14:36:14.495] Starting turn for Bot34
[14:36:14.495] Bot34 rotated right to face EAST
[14:36:14.495] Bot34 executed ROTATE_RIGHT
[14:36:14.495] Bot34 moved forward to (0,1)
[14:36:14.495] Bot34 executed MOVE_FORWARD
[14:36:14.495] Starting turn for Bot31
[14:36:14.495] Bot31 moved forward to (9,8)
[14:36:14.495] Bot31 executed MOVE_FORWARD
[14:36:14.495] Starting turn for Bot34
[14:36:14.495] Bot34 rotated right to face SOUTH
[14:36:14.495] Bot34 executed ROTATE_RIGHT
[14:36:14.495] Bot34 moved forward to (1,1)
[14:36:14.495] Bot34 executed MOVE_FORWARD
[14:36:14.495] Starting turn for Bot31
[14:36:14.495] Bot31 rotated right to face NORTH
[14:36:14.495] Bot31 executed ROTATE_RIGHT
[14:36:14.495] Bot31 moved forward to (8,8)
[14:36:14.495] Bot31 executed MOVE_FORWARD
[14:36:14.495] Starting turn for Bot34
[14:36:14.495] Bot34 rotated left to face EAST
[14:36:14.495] Bot34 executed ROTATE_LEFT
[14:36:14.495] Bot34 moved forward to (1,2)
[14:36:14.495] Bot34 executed MOVE_FORWARD
[14:36:14.495] Starting turn for Bot31
[14:36:14.495] Bot31 rotated left to face WEST
[14:36:14.495] Bot31 executed ROTATE_LEFT
[14:36:14.495] Bot31 moved forward to (8,7)
[14:36:14.495] Bot31 executed MOVE_FORWARD
[14:36:14.495] Starting turn for Bot34
[14:36:14.495] Bot34 rotated right to face SOUTH
[14:36:14.495] Bot34 executed ROTATE_RIGHT
[14:36:14.495] Bot34 moved forward to (2,2)
[14:36:14.495] Bot34 executed MOVE_FORWARD
[14:36:14.495] Starting turn for Bot31
[14:36:14.495] Bot31 rotated right to face NORTH
[14:36:14.495] Bot31 executed ROTATE_RIGHT
[14:36:14.495] Bot31 moved forward to (7,7)
[14:36:14.495] Bot31 executed MOVE_FORWARD
[14:36:14.495] Starting turn for Bot34
[14:36:14.495] Bot34 rotated left to face EAST
[14:36:14.495] Bot34 executed ROTATE_LEFT
[14:36:14.495] Bot34 moved forward to (2,3)
[14:36:14.495] Bot34 executed MOVE_FORWARD
[14:36:14.495] Starting turn for Bot31
[14:36:14.495] Bot31 rotated left to face WEST
[14:36:14.495] Bot31 executed ROTATE_LEFT
[14:36:14.495] Bot31 moved forward to (7,6)
[14:36:14.495] Bot31 executed MOVE_FORWARD
[14:36:14.495] Starting turn for Bot34
[14:36:14.495] Bot34 rotated right to face SOUTH
[14:36:14.495] Bot34 executed ROTATE_RIGHT
[14:36:14.495] Bot34 moved forward to (3,3)
[14:36:14.495] Bot34 executed MOVE_FORWARD
[14:36:14.495] Starting turn for Bot31
[14:36:14.495] Bot31 rotated right to face NORTH
[14:36:14.495] Bot31 executed ROTATE_RIGHT
[14:36:14.495] Bot31 moved forward to (6,6)
[14:36:14.495] Bot31 executed MOVE_FORWARD
[14:36:14.495] Starting turn for Bot34
[14:36:14.495] Bot34 rotated left to face EAST
[14:36:14.495] Bot34 executed ROTATE_LEFT
[14:36:14.495] Bot34 moved forward to (3,4)
[14:36:14.495] Bot34 executed MOVE_FORWARD
[14:36:14.495] Starting turn for Bot31
[14:36:14.495] Bot31 rotated left to face WEST
[14:36:14.495] Bot31 executed ROTATE_LEFT
[14:36:14.495] Bot31 moved forward to (6,5)
[14:36:14.495] Bot31 executed MOVE_FORWARD
[14:36:14.495] Starting turn for Bot34
[14:36:14.495] Bot34 rotated right to face SOUTH
[14:36:14.495] Bot34 executed ROTATE_RIGHT
[14:36:14.495] Bot34 moved forward to (4,4)
[14:36:14.495] Bot34 executed MOVE_FORWARD
[14:36:14.495] Starting turn for Bot31
[14:36:14.495] Bot31 rotated right to face NORTH
[14:36:14.495] Bot31 executed ROTATE_RIGHT
[14:36:14.495] Bot31 moved forward to (5,5)
[14:36:14.495] Bot31 executed MOVE_FORWARD
[14:36:14.495] Starting turn for Bot34
[14:36:14.495] Bot34 rotated left to face EAST
[14:36:14.495] Bot34 executed ROTATE_LEFT
[14:36:14.495] Bot34 moved forward to (4,5)
[14:36:14.495] Bot34 executed MOVE_FORWARD
[14:36:14.495] Starting turn for Bot31
[14:36:14.495] Bot31 shooting in direction NORTH
[14:36:14.495] Bot31 hit Bot34 for 25 damage (health: 100 -> 75)
[14:36:14.495] Bot31 executed SHOOT
[14:36:14.495] Starting turn for Bot34
[14:36:14.495] Bot34 rotated right to face SOUTH
[14:36:14.495] Bot34 executed ROTATE_RIGHT
[14:36:14.495] Starting turn for Bot31
[14:36:14.495] Bot31 shooting in direction NORTH
[14:36:14.495] Bot31 hit Bot34 for 25 damage (health: 75 -> 50)
[14:36:14.495] Bot31 executed SHOOT
[14:36:14.495] Starting turn for Bot34
[14:36:14.495] Bot34 shooting in direction SOUTH
[14:36:14.495] Bot34 hit Bot31 for 25 damage (health: 100 -> 75)
[14:36:14.495] Bot34 executed SHOOT
[14:36:14.495] Starting turn for Bot31
[14:36:14.495] Bot31 shooting in direction NORTH
[14:36:14.495] Bot31 hit Bot34 for 25 damage (health: 50 -> 25)
[14:36:14.495] Bot31 executed SHOOT
[14:36:14.495] Starting turn for Bot34
[14:36:14.495] Bot34 shooting in direction SOUTH
[14:36:14.495] Bot34 hit Bot31 for 25 damage (health: 75 -> 50)
[14:36:14.495] Bot34 executed SHOOT
[14:36:14.495] Starting turn for Bot31
[14:36:14.495] Bot31 shooting in direction NORTH
[14:36:14.495] Bot31 hit Bot34 for 25 damage (health: 25 -> 0)
[14:36:14.495] Bot34 was destroyed!
[14:36:14.495] Bot31 is the last tank standing!
[14:36:14.495] Bot31 executed SHOOT
[14:36:14.495] Game Over! Bot31 wins!
[14:36:14.495] === Game Ended ===
