[14:35:55.731] === Game Started at 2025-02-04_14-35-55 ===
[14:35:55.731] Game initialized with 2 players
[14:35:55.731] Board size: 10
[14:35:55.731] Obstacle density: 0.05
[14:35:55.731] Max turns: 1000
[14:35:55.731] Player Bot9 starting at position (0,0) facing SOUTH
[14:35:55.731] Player Bot40 starting at position (9,9) facing SOUTH
[14:35:55.731] Obstacles at positions: (1,1) (3,9) (5,0) (6,6) (8,3)
[14:35:55.731] Starting turn for Bot9
[14:35:55.731] Bot9 rotated left to face EAST
[14:35:55.731] Bot9 executed ROTATE_LEFT
[14:35:55.731] Bot9 moved forward to (0,1)
[14:35:55.731] Bot9 executed MOVE_FORWARD
[14:35:55.731] Starting turn for Bot40
[14:35:55.731] Bot40 rotated right to face WEST
[14:35:55.731] Bot40 executed ROTATE_RIGHT
[14:35:55.731] Bot40 moved forward to (9,8)
[14:35:55.731] Bot40 executed MOVE_FORWARD
[14:35:55.731] Starting turn for Bot9
[14:35:55.731] Bot9 rotated right to face SOUTH
[14:35:55.731] Bot9 executed ROTATE_RIGHT
[14:35:55.731] Starting turn for Bot40
[14:35:55.731] Bot40 rotated right to face NORTH
[14:35:55.731] Bot40 executed ROTATE_RIGHT
[14:35:55.731] Bot40 moved forward to (8,8)
[14:35:55.731] Bot40 executed MOVE_FORWARD
[14:35:55.731] Starting turn for Bot9
[14:35:55.731] Starting turn for Bot40
[14:35:55.731] Bot40 rotated left to face WEST
[14:35:55.731] Bot40 executed ROTATE_LEFT
[14:35:55.731] Bot40 moved forward to (8,7)
[14:35:55.731] Bot40 executed MOVE_FORWARD
[14:35:55.731] Starting turn for Bot9
[14:35:55.731] Bot9 rotated left to face EAST
[14:35:55.731] Bot9 executed ROTATE_LEFT
[14:35:55.731] Bot9 moved forward to (0,2)
[14:35:55.731] Bot9 executed MOVE_FORWARD
[14:35:55.731] Starting turn for Bot40
[14:35:55.731] Bot40 rotated right to face NORTH
[14:35:55.731] Bot40 executed ROTATE_RIGHT
[14:35:55.731] Bot40 moved forward to (7,7)
[14:35:55.731] Bot40 executed MOVE_FORWARD
[14:35:55.731] Starting turn for Bot9
[14:35:55.731] Bot9 rotated right to face SOUTH
[14:35:55.731] Bot9 executed ROTATE_RIGHT
[14:35:55.731] Bot9 moved forward to (1,2)
[14:35:55.731] Bot9 executed MOVE_FORWARD
[14:35:55.731] Starting turn for Bot40
[14:35:55.731] Bot40 rotated left to face WEST
[14:35:55.731] Bot40 executed ROTATE_LEFT
[14:35:55.731] Bot40 moved forward to (7,6)
[14:35:55.731] Bot40 executed MOVE_FORWARD
[14:35:55.731] Starting turn for Bot9
[14:35:55.731] Bot9 moved forward to (2,2)
[14:35:55.731] Bot9 executed MOVE_FORWARD
[14:35:55.731] Starting turn for Bot40
[14:35:55.731] Bot40 rotated right to face NORTH
[14:35:55.731] Bot40 executed ROTATE_RIGHT
[14:35:55.731] Starting turn for Bot9
[14:35:55.731] Bot9 rotated left to face EAST
[14:35:55.731] Bot9 executed ROTATE_LEFT
[14:35:55.731] Bot9 moved forward to (2,3)
[14:35:55.731] Bot9 executed MOVE_FORWARD
[14:35:55.731] Starting turn for Bot40
[14:35:55.731] Starting turn for Bot9
[14:35:55.731] Bot9 rotated right to face SOUTH
[14:35:55.731] Bot9 executed ROTATE_RIGHT
[14:35:55.731] Bot9 moved forward to (3,3)
[14:35:55.731] Bot9 executed MOVE_FORWARD
[14:35:55.731] Starting turn for Bot40
[14:35:55.731] Bot40 rotated right to face EAST
[14:35:55.731] Bot40 executed ROTATE_RIGHT
[14:35:55.731] Bot40 moved forward to (7,7)
[14:35:55.731] Bot40 executed MOVE_FORWARD
[14:35:55.731] Starting turn for Bot9
[14:35:55.731] Bot9 rotated left to face EAST
[14:35:55.731] Bot9 executed ROTATE_LEFT
[14:35:55.731] Bot9 moved forward to (3,4)
[14:35:55.731] Bot9 executed MOVE_FORWARD
[14:35:55.731] Starting turn for Bot40
[14:35:55.731] Bot40 rotated left to face NORTH
[14:35:55.731] Bot40 executed ROTATE_LEFT
[14:35:55.731] Bot40 rotated left to face WEST
[14:35:55.731] Bot40 executed ROTATE_LEFT
[14:35:55.731] Bot40 moved forward to (7,6)
[14:35:55.731] Bot40 executed MOVE_FORWARD
[14:35:55.731] Starting turn for Bot9
[14:35:55.731] Bot9 rotated right to face SOUTH
[14:35:55.731] Bot9 executed ROTATE_RIGHT
[14:35:55.731] Bot9 moved forward to (4,4)
[14:35:55.731] Bot9 executed MOVE_FORWARD
[14:35:55.731] Starting turn for Bot40
[14:35:55.731] Bot40 rotated right to face NORTH
[14:35:55.731] Bot40 executed ROTATE_RIGHT
[14:35:55.731] Starting turn for Bot9
[14:35:55.732] Bot9 rotated left to face EAST
[14:35:55.732] Bot9 executed ROTATE_LEFT
[14:35:55.732] Bot9 moved forward to (4,5)
[14:35:55.732] Bot9 executed MOVE_FORWARD
[14:35:55.732] Starting turn for Bot40
[14:35:55.732] Starting turn for Bot9
[14:35:55.732] Bot9 rotated right to face SOUTH
[14:35:55.732] Bot9 executed ROTATE_RIGHT
[14:35:55.732] Bot9 moved forward to (5,5)
[14:35:55.732] Bot9 executed MOVE_FORWARD
[14:35:55.732] Starting turn for Bot40
[14:35:55.732] Bot40 rotated right to face EAST
[14:35:55.732] Bot40 executed ROTATE_RIGHT
[14:35:55.732] Bot40 moved forward to (7,7)
[14:35:55.732] Bot40 executed MOVE_FORWARD
[14:35:55.732] Starting turn for Bot9
[14:35:55.732] Starting turn for Bot40
[14:35:55.732] Bot40 rotated left to face NORTH
[14:35:55.732] Bot40 executed ROTATE_LEFT
[14:35:55.732] Bot40 rotated left to face WEST
[14:35:55.732] Bot40 executed ROTATE_LEFT
[14:35:55.732] Bot40 moved forward to (7,6)
[14:35:55.732] Bot40 executed MOVE_FORWARD
[14:35:55.732] Starting turn for Bot9
[14:35:55.732] Starting turn for Bot40
[14:35:55.732] Bot40 rotated right to face NORTH
[14:35:55.732] Bot40 executed ROTATE_RIGHT
[14:35:55.732] Starting turn for Bot9
[14:35:55.732] Starting turn for Bot40
[14:35:55.732] Starting turn for Bot9
[14:35:55.732] Starting turn for Bot40
[14:35:55.732] Bot40 rotated right to face EAST
[14:35:55.732] Bot40 executed ROTATE_RIGHT
[14:35:55.732] Bot40 moved forward to (7,7)
[14:35:55.732] Bot40 executed MOVE_FORWARD
[14:35:55.732] Starting turn for Bot9
[14:35:55.732] Starting turn for Bot40
[14:35:55.732] Bot40 rotated left to face NORTH
[14:35:55.732] Bot40 executed ROTATE_LEFT
[14:35:55.732] Bot40 rotated left to face WEST
[14:35:55.732] Bot40 executed ROTATE_LEFT
[14:35:55.732] Bot40 moved forward to (7,6)
[14:35:55.732] Bot40 executed MOVE_FORWARD
[14:35:55.732] Starting turn for Bot9
[14:35:55.732] Starting turn for Bot40
[14:35:55.732] Bot40 rotated right to face NORTH
[14:35:55.732] Bot40 executed ROTATE_RIGHT
[14:35:55.732] Starting turn for Bot9
[14:35:55.732] Starting turn for Bot40
[14:35:55.732] Starting turn for Bot9
[14:35:55.732] Starting turn for Bot40
[14:35:55.732] Bot40 rotated right to face EAST
[14:35:55.732] Bot40 executed ROTATE_RIGHT
[14:35:55.732] Bot40 moved forward to (7,7)
[14:35:55.732] Bot40 executed MOVE_FORWARD
[14:35:55.732] Starting turn for Bot9
[14:35:55.732] Starting turn for Bot40
[14:35:55.732] Bot40 rotated left to face NORTH
[14:35:55.732] Bot40 executed ROTATE_LEFT
[14:35:55.732] Bot40 rotated left to face WEST
[14:35:55.732] Bot40 executed ROTATE_LEFT
[14:35:55.732] Bot40 moved forward to (7,6)
[14:35:55.732] Bot40 executed MOVE_FORWARD
[14:35:55.732] Starting turn for Bot9
[14:35:55.732] Starting turn for Bot40
[14:35:55.732] Bot40 rotated right to face NORTH
[14:35:55.732] Bot40 executed ROTATE_RIGHT
[14:35:55.732] Starting turn for Bot9
[14:35:55.732] Stalemate detected: State repeated 10 times, unchanged for 1 turns
[14:35:55.732] Game Over! Stalemate detected!
[14:35:55.732] Stalemate detected: State repeated 10 times, unchanged for 1 turns
