[14:36:14.995] === Game Started at 2025-02-04_14-36-14 ===
[14:36:14.995] Game initialized with 2 players
[14:36:14.995] Board size: 10
[14:36:14.995] Obstacle density: 0.05
[14:36:14.995] Max turns: 1000
[14:36:14.995] Player Bot37 starting at position (0,0) facing EAST
[14:36:14.995] Player Bot32 starting at position (9,9) facing SOUTH
[14:36:14.995] Obstacles at positions: (3,3) (3,9) (4,4) (7,8) (8,3)
[14:36:14.995] Starting turn for Bot37
[14:36:14.995] Bot37 moved forward to (0,1)
[14:36:14.995] Bot37 executed MOVE_FORWARD
[14:36:14.995] Starting turn for Bot32
[14:36:14.996] Bot32 rotated right to face WEST
[14:36:14.996] Bot32 executed ROTATE_RIGHT
[14:36:14.996] Bot32 moved forward to (9,8)
[14:36:14.996] Bot32 executed MOVE_FORWARD
[14:36:14.996] Starting turn for Bot37
[14:36:14.996] Bot37 rotated right to face SOUTH
[14:36:14.996] Bot37 executed ROTATE_RIGHT
[14:36:14.996] Bot37 moved forward to (1,1)
[14:36:14.996] Bot37 executed MOVE_FORWARD
[14:36:14.996] Starting turn for Bot32
[14:36:14.996] Bot32 rotated right to face NORTH
[14:36:14.996] Bot32 executed ROTATE_RIGHT
[14:36:14.996] Bot32 moved forward to (8,8)
[14:36:14.996] Bot32 executed MOVE_FORWARD
[14:36:14.996] Starting turn for Bot37
[14:36:14.996] Bot37 rotated left to face EAST
[14:36:14.996] Bot37 executed ROTATE_LEFT
[14:36:14.996] Bot37 moved forward to (1,2)
[14:36:14.996] Bot37 executed MOVE_FORWARD
[14:36:14.996] Starting turn for Bot32
[14:36:14.996] Bot32 rotated left to face WEST
[14:36:14.996] Bot32 executed ROTATE_LEFT
[14:36:14.996] Bot32 moved forward to (8,7)
[14:36:14.996] Bot32 executed MOVE_FORWARD
[14:36:14.996] Starting turn for Bot37
[14:36:14.996] Bot37 rotated right to face SOUTH
[14:36:14.996] Bot37 executed ROTATE_RIGHT
[14:36:14.996] Bot37 moved forward to (2,2)
[14:36:14.996] Bot37 executed MOVE_FORWARD
[14:36:14.996] Starting turn for Bot32
[14:36:14.996] Bot32 rotated right to face NORTH
[14:36:14.996] Bot32 executed ROTATE_RIGHT
[14:36:14.996] Bot32 moved forward to (7,7)
[14:36:14.996] Bot32 executed MOVE_FORWARD
[14:36:14.996] Starting turn for Bot37
[14:36:14.996] Bot37 rotated left to face EAST
[14:36:14.996] Bot37 executed ROTATE_LEFT
[14:36:14.996] Bot37 moved forward to (2,3)
[14:36:14.996] Bot37 executed MOVE_FORWARD
[14:36:14.996] Starting turn for Bot32
[14:36:14.996] Bot32 rotated left to face WEST
[14:36:14.996] Bot32 executed ROTATE_LEFT
[14:36:14.996] Bot32 moved forward to (7,6)
[14:36:14.996] Bot32 executed MOVE_FORWARD
[14:36:14.996] Starting turn for Bot37
[14:36:14.996] Bot37 rotated right to face SOUTH
[14:36:14.996] Bot37 executed ROTATE_RIGHT
[14:36:14.996] Starting turn for Bot32
[14:36:14.996] Bot32 rotated right to face NORTH
[14:36:14.996] Bot32 executed ROTATE_RIGHT
[14:36:14.996] Bot32 moved forward to (6,6)
[14:36:14.996] Bot32 executed MOVE_FORWARD
[14:36:14.996] Starting turn for Bot37
[14:36:14.996] Starting turn for Bot32
[14:36:14.996] Bot32 rotated left to face WEST
[14:36:14.996] Bot32 executed ROTATE_LEFT
[14:36:14.996] Bot32 moved forward to (6,5)
[14:36:14.996] Bot32 executed MOVE_FORWARD
[14:36:14.996] Starting turn for Bot37
[14:36:14.996] Bot37 rotated left to face EAST
[14:36:14.996] Bot37 executed ROTATE_LEFT
[14:36:14.996] Bot37 rotated left to face NORTH
[14:36:14.996] Bot37 executed ROTATE_LEFT
[14:36:14.996] Bot37 moved forward to (1,3)
[14:36:14.996] Bot37 executed MOVE_FORWARD
[14:36:14.996] Starting turn for Bot32
[14:36:14.996] Bot32 rotated right to face NORTH
[14:36:14.996] Bot32 executed ROTATE_RIGHT
[14:36:14.996] Bot32 moved forward to (5,5)
[14:36:14.996] Bot32 executed MOVE_FORWARD
[14:36:14.996] Starting turn for Bot37
[14:36:14.996] Bot37 rotated left to face WEST
[14:36:14.996] Bot37 executed ROTATE_LEFT
[14:36:14.996] Bot37 rotated left to face SOUTH
[14:36:14.996] Bot37 executed ROTATE_LEFT
[14:36:14.996] Bot37 moved forward to (2,3)
[14:36:14.996] Bot37 executed MOVE_FORWARD
[14:36:14.996] Starting turn for Bot32
[14:36:14.996] Starting turn for Bot37
[14:36:14.996] Starting turn for Bot32
[14:36:14.996] Starting turn for Bot37
[14:36:14.996] Starting turn for Bot32
[14:36:14.996] Starting turn for Bot37
[14:36:14.996] Bot37 rotated left to face EAST
[14:36:14.996] Bot37 executed ROTATE_LEFT
[14:36:14.996] Bot37 rotated left to face NORTH
[14:36:14.996] Bot37 executed ROTATE_LEFT
[14:36:14.996] Bot37 moved forward to (1,3)
[14:36:14.996] Bot37 executed MOVE_FORWARD
[14:36:14.996] Starting turn for Bot32
[14:36:14.996] Starting turn for Bot37
[14:36:14.996] Bot37 rotated left to face WEST
[14:36:14.996] Bot37 executed ROTATE_LEFT
[14:36:14.996] Bot37 rotated left to face SOUTH
[14:36:14.996] Bot37 executed ROTATE_LEFT
[14:36:14.996] Bot37 moved forward to (2,3)
[14:36:14.996] Bot37 executed MOVE_FORWARD
[14:36:14.996] Starting turn for Bot32
[14:36:14.996] Starting turn for Bot37
[14:36:14.996] Starting turn for Bot32
[14:36:14.996] Starting turn for Bot37
[14:36:14.996] Starting turn for Bot32
[14:36:14.996] Starting turn for Bot37
[14:36:14.996] Bot37 rotated left to face EAST
[14:36:14.996] Bot37 executed ROTATE_LEFT
[14:36:14.996] Bot37 rotated left to face NORTH
[14:36:14.996] Bot37 executed ROTATE_LEFT
[14:36:14.996] Bot37 moved forward to (1,3)
[14:36:14.996] Bot37 executed MOVE_FORWARD
[14:36:14.996] Starting turn for Bot32
[14:36:14.996] Starting turn for Bot37
[14:36:14.996] Bot37 rotated left to face WEST
[14:36:14.996] Bot37 executed ROTATE_LEFT
[14:36:14.996] Bot37 rotated left to face SOUTH
[14:36:14.996] Bot37 executed ROTATE_LEFT
[14:36:14.996] Bot37 moved forward to (2,3)
[14:36:14.996] Bot37 executed MOVE_FORWARD
[14:36:14.996] Starting turn for Bot32
[14:36:14.996] Starting turn for Bot37
[14:36:14.996] Starting turn for Bot32
[14:36:14.996] Starting turn for Bot37
[14:36:14.996] Starting turn for Bot32
[14:36:14.996] Starting turn for Bot37
[14:36:14.996] Bot37 rotated left to face EAST
[14:36:14.996] Bot37 executed ROTATE_LEFT
[14:36:14.996] Bot37 rotated left to face NORTH
[14:36:14.996] Bot37 executed ROTATE_LEFT
[14:36:14.996] Bot37 moved forward to (1,3)
[14:36:14.996] Bot37 executed MOVE_FORWARD
[14:36:14.996] Starting turn for Bot32
[14:36:14.996] Starting turn for Bot37
[14:36:14.996] Bot37 rotated left to face WEST
[14:36:14.996] Bot37 executed ROTATE_LEFT
[14:36:14.996] Bot37 rotated left to face SOUTH
[14:36:14.996] Bot37 executed ROTATE_LEFT
[14:36:14.996] Bot37 moved forward to (2,3)
[14:36:14.996] Bot37 executed MOVE_FORWARD
[14:36:14.996] Starting turn for Bot32
[14:36:14.996] Stalemate detected: State repeated 10 times, unchanged for 3 turns
[14:36:14.996] Game Over! Stalemate detected!
[14:36:14.996] Stalemate detected: State repeated 10 times, unchanged for 3 turns
