[14:36:02.345] === Game Started at 2025-02-04_14-36-02 ===
[14:36:02.345] Game initialized with 2 players
[14:36:02.345] Board size: 10
[14:36:02.345] Obstacle density: 0.05
[14:36:02.345] Max turns: 1000
[14:36:02.345] Player Bot15 starting at position (0,0) facing NORTH
[14:36:02.345] Player Bot26 starting at position (9,9) facing SOUTH
[14:36:02.345] Obstacles at positions: (5,0) (5,1) (6,6) (8,7) (9,4)
[14:36:02.345] Starting turn for Bot15
[14:36:02.345] Bot15 rotated right to face EAST
[14:36:02.345] Bot15 executed ROTATE_RIGHT
[14:36:02.345] Bot15 moved forward to (0,1)
[14:36:02.345] Bot15 executed MOVE_FORWARD
[14:36:02.345] Starting turn for Bot26
[14:36:02.345] Bot26 rotated right to face WEST
[14:36:02.345] Bot26 executed ROTATE_RIGHT
[14:36:02.345] Bot26 moved forward to (9,8)
[14:36:02.345] Bot26 executed MOVE_FORWARD
[14:36:02.345] Starting turn for Bot15
[14:36:02.345] Bot15 rotated right to face SOUTH
[14:36:02.345] Bot15 executed ROTATE_RIGHT
[14:36:02.345] Bot15 moved forward to (1,1)
[14:36:02.345] Bot15 executed MOVE_FORWARD
[14:36:02.345] Starting turn for Bot26
[14:36:02.345] Bot26 rotated right to face NORTH
[14:36:02.345] Bot26 executed ROTATE_RIGHT
[14:36:02.345] Bot26 moved forward to (8,8)
[14:36:02.345] Bot26 executed MOVE_FORWARD
[14:36:02.345] Starting turn for Bot15
[14:36:02.345] Bot15 rotated left to face EAST
[14:36:02.345] Bot15 executed ROTATE_LEFT
[14:36:02.345] Bot15 moved forward to (1,2)
[14:36:02.345] Bot15 executed MOVE_FORWARD
[14:36:02.345] Starting turn for Bot26
[14:36:02.345] Bot26 rotated left to face WEST
[14:36:02.345] Bot26 executed ROTATE_LEFT
[14:36:02.345] Starting turn for Bot15
[14:36:02.345] Bot15 rotated right to face SOUTH
[14:36:02.345] Bot15 executed ROTATE_RIGHT
[14:36:02.345] Bot15 moved forward to (2,2)
[14:36:02.345] Bot15 executed MOVE_FORWARD
[14:36:02.345] Starting turn for Bot26
[14:36:02.345] Starting turn for Bot15
[14:36:02.345] Bot15 rotated left to face EAST
[14:36:02.345] Bot15 executed ROTATE_LEFT
[14:36:02.345] Bot15 moved forward to (2,3)
[14:36:02.345] Bot15 executed MOVE_FORWARD
[14:36:02.345] Starting turn for Bot26
[14:36:02.345] Bot26 rotated right to face NORTH
[14:36:02.345] Bot26 executed ROTATE_RIGHT
[14:36:02.345] Bot26 moved forward to (7,8)
[14:36:02.345] Bot26 executed MOVE_FORWARD
[14:36:02.345] Starting turn for Bot15
[14:36:02.345] Bot15 rotated right to face SOUTH
[14:36:02.345] Bot15 executed ROTATE_RIGHT
[14:36:02.345] Bot15 moved forward to (3,3)
[14:36:02.345] Bot15 executed MOVE_FORWARD
[14:36:02.345] Starting turn for Bot26
[14:36:02.345] Bot26 rotated left to face WEST
[14:36:02.345] Bot26 executed ROTATE_LEFT
[14:36:02.345] Bot26 moved forward to (7,7)
[14:36:02.345] Bot26 executed MOVE_FORWARD
[14:36:02.345] Starting turn for Bot15
[14:36:02.345] Bot15 rotated left to face EAST
[14:36:02.345] Bot15 executed ROTATE_LEFT
[14:36:02.345] Bot15 moved forward to (3,4)
[14:36:02.345] Bot15 executed MOVE_FORWARD
[14:36:02.345] Starting turn for Bot26
[14:36:02.345] Bot26 moved forward to (7,6)
[14:36:02.345] Bot26 executed MOVE_FORWARD
[14:36:02.345] Starting turn for Bot15
[14:36:02.345] Bot15 rotated right to face SOUTH
[14:36:02.345] Bot15 executed ROTATE_RIGHT
[14:36:02.345] Bot15 moved forward to (4,4)
[14:36:02.345] Bot15 executed MOVE_FORWARD
[14:36:02.345] Starting turn for Bot26
[14:36:02.345] Bot26 rotated right to face NORTH
[14:36:02.345] Bot26 executed ROTATE_RIGHT
[14:36:02.345] Starting turn for Bot15
[14:36:02.345] Bot15 rotated left to face EAST
[14:36:02.345] Bot15 executed ROTATE_LEFT
[14:36:02.345] Bot15 moved forward to (4,5)
[14:36:02.345] Bot15 executed MOVE_FORWARD
[14:36:02.345] Starting turn for Bot26
[14:36:02.345] Starting turn for Bot15
[14:36:02.345] Bot15 rotated right to face SOUTH
[14:36:02.345] Bot15 executed ROTATE_RIGHT
[14:36:02.345] Bot15 moved forward to (5,5)
[14:36:02.345] Bot15 executed MOVE_FORWARD
[14:36:02.345] Starting turn for Bot26
[14:36:02.345] Bot26 rotated right to face EAST
[14:36:02.345] Bot26 executed ROTATE_RIGHT
[14:36:02.345] Bot26 moved forward to (7,7)
[14:36:02.345] Bot26 executed MOVE_FORWARD
[14:36:02.345] Starting turn for Bot15
[14:36:02.345] Starting turn for Bot26
[14:36:02.345] Bot26 rotated left to face NORTH
[14:36:02.345] Bot26 executed ROTATE_LEFT
[14:36:02.345] Bot26 rotated left to face WEST
[14:36:02.345] Bot26 executed ROTATE_LEFT
[14:36:02.345] Bot26 moved forward to (7,6)
[14:36:02.345] Bot26 executed MOVE_FORWARD
[14:36:02.345] Starting turn for Bot15
[14:36:02.345] Starting turn for Bot26
[14:36:02.345] Bot26 rotated right to face NORTH
[14:36:02.345] Bot26 executed ROTATE_RIGHT
[14:36:02.345] Starting turn for Bot15
[14:36:02.345] Starting turn for Bot26
[14:36:02.345] Starting turn for Bot15
[14:36:02.345] Starting turn for Bot26
[14:36:02.345] Bot26 rotated right to face EAST
[14:36:02.345] Bot26 executed ROTATE_RIGHT
[14:36:02.345] Bot26 moved forward to (7,7)
[14:36:02.345] Bot26 executed MOVE_FORWARD
[14:36:02.345] Starting turn for Bot15
[14:36:02.345] Starting turn for Bot26
[14:36:02.345] Bot26 rotated left to face NORTH
[14:36:02.345] Bot26 executed ROTATE_LEFT
[14:36:02.345] Bot26 rotated left to face WEST
[14:36:02.345] Bot26 executed ROTATE_LEFT
[14:36:02.345] Bot26 moved forward to (7,6)
[14:36:02.345] Bot26 executed MOVE_FORWARD
[14:36:02.345] Starting turn for Bot15
[14:36:02.345] Starting turn for Bot26
[14:36:02.345] Bot26 rotated right to face NORTH
[14:36:02.345] Bot26 executed ROTATE_RIGHT
[14:36:02.345] Starting turn for Bot15
[14:36:02.345] Starting turn for Bot26
[14:36:02.345] Starting turn for Bot15
[14:36:02.345] Starting turn for Bot26
[14:36:02.345] Bot26 rotated right to face EAST
[14:36:02.345] Bot26 executed ROTATE_RIGHT
[14:36:02.345] Bot26 moved forward to (7,7)
[14:36:02.345] Bot26 executed MOVE_FORWARD
[14:36:02.345] Starting turn for Bot15
[14:36:02.345] Starting turn for Bot26
[14:36:02.345] Bot26 rotated left to face NORTH
[14:36:02.345] Bot26 executed ROTATE_LEFT
[14:36:02.345] Bot26 rotated left to face WEST
[14:36:02.345] Bot26 executed ROTATE_LEFT
[14:36:02.345] Bot26 moved forward to (7,6)
[14:36:02.345] Bot26 executed MOVE_FORWARD
[14:36:02.345] Starting turn for Bot15
[14:36:02.345] Starting turn for Bot26
[14:36:02.345] Bot26 rotated right to face NORTH
[14:36:02.345] Bot26 executed ROTATE_RIGHT
[14:36:02.345] Starting turn for Bot15
[14:36:02.345] Stalemate detected: State repeated 10 times, unchanged for 1 turns
[14:36:02.345] Game Over! Stalemate detected!
[14:36:02.345] Stalemate detected: State repeated 10 times, unchanged for 1 turns
