[14:36:15.367] === Game Started at 2025-02-04_14-36-15 ===
[14:36:15.367] Game initialized with 2 players
[14:36:15.367] Board size: 10
[14:36:15.367] Obstacle density: 0.05
[14:36:15.367] Max turns: 1000
[14:36:15.367] Player Bot39 starting at position (0,0) facing NORTH
[14:36:15.367] Player Bot33 starting at position (9,9) facing SOUTH
[14:36:15.367] Obstacles at positions: (3,8) (5,2) (5,5) (6,4) (9,6)
[14:36:15.367] Starting turn for Bot39
[14:36:15.367] Bot39 rotated right to face EAST
[14:36:15.367] Bot39 executed ROTATE_RIGHT
[14:36:15.367] Bot39 moved forward to (0,1)
[14:36:15.367] Bot39 executed MOVE_FORWARD
[14:36:15.367] Starting turn for Bot33
[14:36:15.367] Bot33 rotated right to face WEST
[14:36:15.367] Bot33 executed ROTATE_RIGHT
[14:36:15.367] Bot33 moved forward to (9,8)
[14:36:15.367] Bot33 executed MOVE_FORWARD
[14:36:15.367] Starting turn for Bot39
[14:36:15.367] Bot39 rotated right to face SOUTH
[14:36:15.367] Bot39 executed ROTATE_RIGHT
[14:36:15.367] Bot39 moved forward to (1,1)
[14:36:15.367] Bot39 executed MOVE_FORWARD
[14:36:15.367] Starting turn for Bot33
[14:36:15.367] Bot33 rotated right to face NORTH
[14:36:15.367] Bot33 executed ROTATE_RIGHT
[14:36:15.367] Bot33 moved forward to (8,8)
[14:36:15.367] Bot33 executed MOVE_FORWARD
[14:36:15.367] Starting turn for Bot39
[14:36:15.367] Bot39 rotated left to face EAST
[14:36:15.367] Bot39 executed ROTATE_LEFT
[14:36:15.367] Bot39 moved forward to (1,2)
[14:36:15.367] Bot39 executed MOVE_FORWARD
[14:36:15.367] Starting turn for Bot33
[14:36:15.367] Bot33 rotated left to face WEST
[14:36:15.367] Bot33 executed ROTATE_LEFT
[14:36:15.367] Bot33 moved forward to (8,7)
[14:36:15.367] Bot33 executed MOVE_FORWARD
[14:36:15.367] Starting turn for Bot39
[14:36:15.367] Bot39 rotated right to face SOUTH
[14:36:15.367] Bot39 executed ROTATE_RIGHT
[14:36:15.367] Bot39 moved forward to (2,2)
[14:36:15.367] Bot39 executed MOVE_FORWARD
[14:36:15.367] Starting turn for Bot33
[14:36:15.367] Bot33 rotated right to face NORTH
[14:36:15.367] Bot33 executed ROTATE_RIGHT
[14:36:15.367] Bot33 moved forward to (7,7)
[14:36:15.367] Bot33 executed MOVE_FORWARD
[14:36:15.367] Starting turn for Bot39
[14:36:15.367] Bot39 rotated left to face EAST
[14:36:15.367] Bot39 executed ROTATE_LEFT
[14:36:15.367] Bot39 moved forward to (2,3)
[14:36:15.367] Bot39 executed MOVE_FORWARD
[14:36:15.367] Starting turn for Bot33
[14:36:15.367] Bot33 rotated left to face WEST
[14:36:15.367] Bot33 executed ROTATE_LEFT
[14:36:15.367] Bot33 moved forward to (7,6)
[14:36:15.367] Bot33 executed MOVE_FORWARD
[14:36:15.367] Starting turn for Bot39
[14:36:15.367] Bot39 rotated right to face SOUTH
[14:36:15.367] Bot39 executed ROTATE_RIGHT
[14:36:15.367] Bot39 moved forward to (3,3)
[14:36:15.367] Bot39 executed MOVE_FORWARD
[14:36:15.367] Starting turn for Bot33
[14:36:15.367] Bot33 rotated right to face NORTH
[14:36:15.367] Bot33 executed ROTATE_RIGHT
[14:36:15.367] Bot33 moved forward to (6,6)
[14:36:15.367] Bot33 executed MOVE_FORWARD
[14:36:15.367] Starting turn for Bot39
[14:36:15.367] Bot39 rotated left to face EAST
[14:36:15.367] Bot39 executed ROTATE_LEFT
[14:36:15.367] Bot39 moved forward to (3,4)
[14:36:15.367] Bot39 executed MOVE_FORWARD
[14:36:15.367] Starting turn for Bot33
[14:36:15.367] Bot33 rotated left to face WEST
[14:36:15.367] Bot33 executed ROTATE_LEFT
[14:36:15.367] Bot33 moved forward to (6,5)
[14:36:15.367] Bot33 executed MOVE_FORWARD
[14:36:15.367] Starting turn for Bot39
[14:36:15.367] Bot39 rotated right to face SOUTH
[14:36:15.367] Bot39 executed ROTATE_RIGHT
[14:36:15.367] Bot39 moved forward to (4,4)
[14:36:15.367] Bot39 executed MOVE_FORWARD
[14:36:15.367] Starting turn for Bot33
[14:36:15.367] Bot33 rotated right to face NORTH
[14:36:15.367] Bot33 executed ROTATE_RIGHT
[14:36:15.367] Starting turn for Bot39
[14:36:15.367] Bot39 rotated left to face EAST
[14:36:15.367] Bot39 executed ROTATE_LEFT
[14:36:15.367] Bot39 moved forward to (4,5)
[14:36:15.367] Bot39 executed MOVE_FORWARD
[14:36:15.367] Starting turn for Bot33
[14:36:15.367] Starting turn for Bot39
[14:36:15.367] Bot39 rotated right to face SOUTH
[14:36:15.367] Bot39 executed ROTATE_RIGHT
[14:36:15.367] Starting turn for Bot33
[14:36:15.367] Bot33 rotated right to face EAST
[14:36:15.367] Bot33 executed ROTATE_RIGHT
[14:36:15.367] Bot33 moved forward to (6,6)
[14:36:15.367] Bot33 executed MOVE_FORWARD
[14:36:15.367] Starting turn for Bot39
[14:36:15.367] Starting turn for Bot33
[14:36:15.367] Bot33 rotated left to face NORTH
[14:36:15.367] Bot33 executed ROTATE_LEFT
[14:36:15.367] Bot33 rotated left to face WEST
[14:36:15.367] Bot33 executed ROTATE_LEFT
[14:36:15.367] Bot33 moved forward to (6,5)
[14:36:15.367] Bot33 executed MOVE_FORWARD
[14:36:15.367] Starting turn for Bot39
[14:36:15.367] Bot39 rotated left to face EAST
[14:36:15.367] Bot39 executed ROTATE_LEFT
[14:36:15.367] Bot39 rotated left to face NORTH
[14:36:15.367] Bot39 executed ROTATE_LEFT
[14:36:15.367] Bot39 moved forward to (3,5)
[14:36:15.367] Bot39 executed MOVE_FORWARD
[14:36:15.367] Starting turn for Bot33
[14:36:15.367] Bot33 rotated right to face NORTH
[14:36:15.367] Bot33 executed ROTATE_RIGHT
[14:36:15.367] Starting turn for Bot39
[14:36:15.367] Bot39 rotated left to face WEST
[14:36:15.367] Bot39 executed ROTATE_LEFT
[14:36:15.367] Bot39 rotated left to face SOUTH
[14:36:15.367] Bot39 executed ROTATE_LEFT
[14:36:15.367] Bot39 moved forward to (4,5)
[14:36:15.367] Bot39 executed MOVE_FORWARD
[14:36:15.367] Starting turn for Bot33
[14:36:15.367] Starting turn for Bot39
[14:36:15.367] Starting turn for Bot33
[14:36:15.367] Bot33 rotated right to face EAST
[14:36:15.367] Bot33 executed ROTATE_RIGHT
[14:36:15.367] Bot33 moved forward to (6,6)
[14:36:15.367] Bot33 executed MOVE_FORWARD
[14:36:15.367] Starting turn for Bot39
[14:36:15.367] Starting turn for Bot33
[14:36:15.367] Bot33 rotated left to face NORTH
[14:36:15.367] Bot33 executed ROTATE_LEFT
[14:36:15.367] Bot33 rotated left to face WEST
[14:36:15.367] Bot33 executed ROTATE_LEFT
[14:36:15.367] Bot33 moved forward to (6,5)
[14:36:15.367] Bot33 executed MOVE_FORWARD
[14:36:15.367] Starting turn for Bot39
[14:36:15.367] Bot39 rotated left to face EAST
[14:36:15.367] Bot39 executed ROTATE_LEFT
[14:36:15.367] Bot39 rotated left to face NORTH
[14:36:15.367] Bot39 executed ROTATE_LEFT
[14:36:15.367] Bot39 moved forward to (3,5)
[14:36:15.367] Bot39 executed MOVE_FORWARD
[14:36:15.367] Starting turn for Bot33
[14:36:15.367] Bot33 rotated right to face NORTH
[14:36:15.367] Bot33 executed ROTATE_RIGHT
[14:36:15.367] Starting turn for Bot39
[14:36:15.367] Bot39 rotated left to face WEST
[14:36:15.367] Bot39 executed ROTATE_LEFT
[14:36:15.367] Bot39 rotated left to face SOUTH
[14:36:15.367] Bot39 executed ROTATE_LEFT
[14:36:15.367] Bot39 moved forward to (4,5)
[14:36:15.367] Bot39 executed MOVE_FORWARD
[14:36:15.367] Starting turn for Bot33
[14:36:15.367] Starting turn for Bot39
[14:36:15.367] Starting turn for Bot33
[14:36:15.367] Bot33 rotated right to face EAST
[14:36:15.367] Bot33 executed ROTATE_RIGHT
[14:36:15.367] Bot33 moved forward to (6,6)
[14:36:15.367] Bot33 executed MOVE_FORWARD
[14:36:15.367] Starting turn for Bot39
[14:36:15.367] Starting turn for Bot33
[14:36:15.367] Bot33 rotated left to face NORTH
[14:36:15.367] Bot33 executed ROTATE_LEFT
[14:36:15.367] Bot33 rotated left to face WEST
[14:36:15.367] Bot33 executed ROTATE_LEFT
[14:36:15.367] Bot33 moved forward to (6,5)
[14:36:15.367] Bot33 executed MOVE_FORWARD
[14:36:15.367] Starting turn for Bot39
[14:36:15.367] Bot39 rotated left to face EAST
[14:36:15.367] Bot39 executed ROTATE_LEFT
[14:36:15.367] Bot39 rotated left to face NORTH
[14:36:15.367] Bot39 executed ROTATE_LEFT
[14:36:15.367] Bot39 moved forward to (3,5)
[14:36:15.367] Bot39 executed MOVE_FORWARD
[14:36:15.367] Starting turn for Bot33
[14:36:15.367] Bot33 rotated right to face NORTH
[14:36:15.367] Bot33 executed ROTATE_RIGHT
[14:36:15.367] Starting turn for Bot39
[14:36:15.367] Bot39 rotated left to face WEST
[14:36:15.367] Bot39 executed ROTATE_LEFT
[14:36:15.367] Bot39 rotated left to face SOUTH
[14:36:15.367] Bot39 executed ROTATE_LEFT
[14:36:15.367] Bot39 moved forward to (4,5)
[14:36:15.367] Bot39 executed MOVE_FORWARD
[14:36:15.367] Starting turn for Bot33
[14:36:15.367] Starting turn for Bot39
[14:36:15.367] Starting turn for Bot33
[14:36:15.367] Stalemate detected: State repeated 10 times, unchanged for 1 turns
[14:36:15.367] Game Over! Stalemate detected!
[14:36:15.367] Stalemate detected: State repeated 10 times, unchanged for 1 turns
