[14:36:06.688] === Game Started at 2025-02-04_14-36-06 ===
[14:36:06.688] Game initialized with 2 players
[14:36:06.689] Board size: 10
[14:36:06.689] Obstacle density: 0.05
[14:36:06.689] Max turns: 1000
[14:36:06.689] Player Bot30 starting at position (0,0) facing SOUTH
[14:36:06.689] Player Bot19 starting at position (9,9) facing WEST
[14:36:06.689] Obstacles at positions: (1,9) (2,6) (3,5) (3,6) (7,7)
[14:36:06.689] Starting turn for Bot30
[14:36:06.689] Bot30 rotated left to face EAST
[14:36:06.689] Bot30 executed ROTATE_LEFT
[14:36:06.689] Bot30 moved forward to (0,1)
[14:36:06.689] Bot30 executed MOVE_FORWARD
[14:36:06.689] Starting turn for Bot19
[14:36:06.689] Bot19 moved forward to (9,8)
[14:36:06.689] Bot19 executed MOVE_FORWARD
[14:36:06.689] Starting turn for Bot30
[14:36:06.689] Bot30 rotated right to face SOUTH
[14:36:06.689] Bot30 executed ROTATE_RIGHT
[14:36:06.689] Bot30 moved forward to (1,1)
[14:36:06.689] Bot30 executed MOVE_FORWARD
[14:36:06.689] Starting turn for Bot19
[14:36:06.689] Bot19 rotated right to face NORTH
[14:36:06.689] Bot19 executed ROTATE_RIGHT
[14:36:06.689] Bot19 moved forward to (8,8)
[14:36:06.689] Bot19 executed MOVE_FORWARD
[14:36:06.689] Starting turn for Bot30
[14:36:06.689] Bot30 rotated left to face EAST
[14:36:06.689] Bot30 executed ROTATE_LEFT
[14:36:06.689] Bot30 moved forward to (1,2)
[14:36:06.689] Bot30 executed MOVE_FORWARD
[14:36:06.689] Starting turn for Bot19
[14:36:06.689] Bot19 rotated left to face WEST
[14:36:06.689] Bot19 executed ROTATE_LEFT
[14:36:06.689] Bot19 moved forward to (8,7)
[14:36:06.689] Bot19 executed MOVE_FORWARD
[14:36:06.689] Starting turn for Bot30
[14:36:06.689] Bot30 rotated right to face SOUTH
[14:36:06.689] Bot30 executed ROTATE_RIGHT
[14:36:06.689] Bot30 moved forward to (2,2)
[14:36:06.689] Bot30 executed MOVE_FORWARD
[14:36:06.689] Starting turn for Bot19
[14:36:06.689] Bot19 rotated right to face NORTH
[14:36:06.689] Bot19 executed ROTATE_RIGHT
[14:36:06.689] Starting turn for Bot30
[14:36:06.689] Bot30 rotated left to face EAST
[14:36:06.689] Bot30 executed ROTATE_LEFT
[14:36:06.689] Bot30 moved forward to (2,3)
[14:36:06.689] Bot30 executed MOVE_FORWARD
[14:36:06.689] Starting turn for Bot19
[14:36:06.689] Starting turn for Bot30
[14:36:06.689] Bot30 rotated right to face SOUTH
[14:36:06.689] Bot30 executed ROTATE_RIGHT
[14:36:06.689] Bot30 moved forward to (3,3)
[14:36:06.689] Bot30 executed MOVE_FORWARD
[14:36:06.689] Starting turn for Bot19
[14:36:06.689] Bot19 rotated right to face EAST
[14:36:06.689] Bot19 executed ROTATE_RIGHT
[14:36:06.689] Bot19 moved forward to (8,8)
[14:36:06.689] Bot19 executed MOVE_FORWARD
[14:36:06.689] Starting turn for Bot30
[14:36:06.689] Bot30 rotated left to face EAST
[14:36:06.689] Bot30 executed ROTATE_LEFT
[14:36:06.689] Bot30 moved forward to (3,4)
[14:36:06.689] Bot30 executed MOVE_FORWARD
[14:36:06.689] Starting turn for Bot19
[14:36:06.689] Bot19 rotated left to face NORTH
[14:36:06.689] Bot19 executed ROTATE_LEFT
[14:36:06.689] Bot19 rotated left to face WEST
[14:36:06.689] Bot19 executed ROTATE_LEFT
[14:36:06.689] Bot19 moved forward to (8,7)
[14:36:06.689] Bot19 executed MOVE_FORWARD
[14:36:06.689] Starting turn for Bot30
[14:36:06.689] Bot30 rotated right to face SOUTH
[14:36:06.689] Bot30 executed ROTATE_RIGHT
[14:36:06.689] Bot30 moved forward to (4,4)
[14:36:06.689] Bot30 executed MOVE_FORWARD
[14:36:06.689] Starting turn for Bot19
[14:36:06.689] Bot19 rotated right to face NORTH
[14:36:06.689] Bot19 executed ROTATE_RIGHT
[14:36:06.689] Starting turn for Bot30
[14:36:06.689] Bot30 rotated left to face EAST
[14:36:06.689] Bot30 executed ROTATE_LEFT
[14:36:06.689] Bot30 moved forward to (4,5)
[14:36:06.689] Bot30 executed MOVE_FORWARD
[14:36:06.689] Starting turn for Bot19
[14:36:06.689] Starting turn for Bot30
[14:36:06.689] Bot30 rotated right to face SOUTH
[14:36:06.689] Bot30 executed ROTATE_RIGHT
[14:36:06.689] Bot30 moved forward to (5,5)
[14:36:06.689] Bot30 executed MOVE_FORWARD
[14:36:06.689] Starting turn for Bot19
[14:36:06.689] Bot19 rotated right to face EAST
[14:36:06.689] Bot19 executed ROTATE_RIGHT
[14:36:06.689] Bot19 moved forward to (8,8)
[14:36:06.689] Bot19 executed MOVE_FORWARD
[14:36:06.689] Starting turn for Bot30
[14:36:06.689] Starting turn for Bot19
[14:36:06.689] Bot19 rotated left to face NORTH
[14:36:06.689] Bot19 executed ROTATE_LEFT
[14:36:06.689] Bot19 rotated left to face WEST
[14:36:06.689] Bot19 executed ROTATE_LEFT
[14:36:06.689] Bot19 moved forward to (8,7)
[14:36:06.689] Bot19 executed MOVE_FORWARD
[14:36:06.689] Starting turn for Bot30
[14:36:06.689] Starting turn for Bot19
[14:36:06.689] Bot19 rotated right to face NORTH
[14:36:06.689] Bot19 executed ROTATE_RIGHT
[14:36:06.689] Starting turn for Bot30
[14:36:06.689] Starting turn for Bot19
[14:36:06.689] Starting turn for Bot30
[14:36:06.689] Starting turn for Bot19
[14:36:06.689] Bot19 rotated right to face EAST
[14:36:06.689] Bot19 executed ROTATE_RIGHT
[14:36:06.689] Bot19 moved forward to (8,8)
[14:36:06.689] Bot19 executed MOVE_FORWARD
[14:36:06.689] Starting turn for Bot30
[14:36:06.689] Starting turn for Bot19
[14:36:06.689] Bot19 rotated left to face NORTH
[14:36:06.689] Bot19 executed ROTATE_LEFT
[14:36:06.689] Bot19 rotated left to face WEST
[14:36:06.689] Bot19 executed ROTATE_LEFT
[14:36:06.689] Bot19 moved forward to (8,7)
[14:36:06.689] Bot19 executed MOVE_FORWARD
[14:36:06.689] Starting turn for Bot30
[14:36:06.689] Starting turn for Bot19
[14:36:06.689] Bot19 rotated right to face NORTH
[14:36:06.689] Bot19 executed ROTATE_RIGHT
[14:36:06.689] Starting turn for Bot30
[14:36:06.689] Starting turn for Bot19
[14:36:06.689] Starting turn for Bot30
[14:36:06.689] Starting turn for Bot19
[14:36:06.689] Bot19 rotated right to face EAST
[14:36:06.689] Bot19 executed ROTATE_RIGHT
[14:36:06.689] Bot19 moved forward to (8,8)
[14:36:06.689] Bot19 executed MOVE_FORWARD
[14:36:06.689] Starting turn for Bot30
[14:36:06.689] Starting turn for Bot19
[14:36:06.689] Bot19 rotated left to face NORTH
[14:36:06.689] Bot19 executed ROTATE_LEFT
[14:36:06.689] Bot19 rotated left to face WEST
[14:36:06.689] Bot19 executed ROTATE_LEFT
[14:36:06.689] Bot19 moved forward to (8,7)
[14:36:06.689] Bot19 executed MOVE_FORWARD
[14:36:06.689] Starting turn for Bot30
[14:36:06.689] Starting turn for Bot19
[14:36:06.689] Bot19 rotated right to face NORTH
[14:36:06.689] Bot19 executed ROTATE_RIGHT
[14:36:06.689] Starting turn for Bot30
[14:36:06.689] Stalemate detected: State repeated 10 times, unchanged for 1 turns
[14:36:06.689] Game Over! Stalemate detected!
[14:36:06.689] Stalemate detected: State repeated 10 times, unchanged for 1 turns
