[14:36:08.763] === Game Started at 2025-02-04_14-36-08 ===
[14:36:08.763] Game initialized with 2 players
[14:36:08.763] Board size: 10
[14:36:08.763] Obstacle density: 0.05
[14:36:08.763] Max turns: 1000
[14:36:08.763] Player Bot23 starting at position (0,0) facing SOUTH
[14:36:08.763] Player Bot22 starting at position (9,9) facing NORTH
[14:36:08.763] Obstacles at positions: (1,7) (3,4) (5,9) (6,0) (8,2)
[14:36:08.763] Starting turn for Bot23
[14:36:08.763] Bot23 rotated left to face EAST
[14:36:08.763] Bot23 executed ROTATE_LEFT
[14:36:08.763] Bot23 moved forward to (0,1)
[14:36:08.763] Bot23 executed MOVE_FORWARD
[14:36:08.763] Starting turn for Bot22
[14:36:08.763] Bot22 rotated left to face WEST
[14:36:08.763] Bot22 executed ROTATE_LEFT
[14:36:08.763] Bot22 moved forward to (9,8)
[14:36:08.763] Bot22 executed MOVE_FORWARD
[14:36:08.763] Starting turn for Bot23
[14:36:08.763] Bot23 rotated right to face SOUTH
[14:36:08.763] Bot23 executed ROTATE_RIGHT
[14:36:08.763] Bot23 moved forward to (1,1)
[14:36:08.763] Bot23 executed MOVE_FORWARD
[14:36:08.763] Starting turn for Bot22
[14:36:08.763] Bot22 rotated right to face NORTH
[14:36:08.763] Bot22 executed ROTATE_RIGHT
[14:36:08.763] Bot22 moved forward to (8,8)
[14:36:08.763] Bot22 executed MOVE_FORWARD
[14:36:08.763] Starting turn for Bot23
[14:36:08.763] Bot23 rotated left to face EAST
[14:36:08.763] Bot23 executed ROTATE_LEFT
[14:36:08.763] Bot23 moved forward to (1,2)
[14:36:08.763] Bot23 executed MOVE_FORWARD
[14:36:08.763] Starting turn for Bot22
[14:36:08.763] Bot22 rotated left to face WEST
[14:36:08.763] Bot22 executed ROTATE_LEFT
[14:36:08.763] Bot22 moved forward to (8,7)
[14:36:08.763] Bot22 executed MOVE_FORWARD
[14:36:08.763] Starting turn for Bot23
[14:36:08.763] Bot23 rotated right to face SOUTH
[14:36:08.763] Bot23 executed ROTATE_RIGHT
[14:36:08.763] Bot23 moved forward to (2,2)
[14:36:08.763] Bot23 executed MOVE_FORWARD
[14:36:08.763] Starting turn for Bot22
[14:36:08.763] Bot22 rotated right to face NORTH
[14:36:08.763] Bot22 executed ROTATE_RIGHT
[14:36:08.763] Bot22 moved forward to (7,7)
[14:36:08.763] Bot22 executed MOVE_FORWARD
[14:36:08.763] Starting turn for Bot23
[14:36:08.763] Bot23 rotated left to face EAST
[14:36:08.763] Bot23 executed ROTATE_LEFT
[14:36:08.763] Bot23 moved forward to (2,3)
[14:36:08.763] Bot23 executed MOVE_FORWARD
[14:36:08.763] Starting turn for Bot22
[14:36:08.763] Bot22 rotated left to face WEST
[14:36:08.763] Bot22 executed ROTATE_LEFT
[14:36:08.763] Bot22 moved forward to (7,6)
[14:36:08.763] Bot22 executed MOVE_FORWARD
[14:36:08.763] Starting turn for Bot23
[14:36:08.763] Bot23 rotated right to face SOUTH
[14:36:08.763] Bot23 executed ROTATE_RIGHT
[14:36:08.764] Bot23 moved forward to (3,3)
[14:36:08.764] Bot23 executed MOVE_FORWARD
[14:36:08.764] Starting turn for Bot22
[14:36:08.764] Bot22 rotated right to face NORTH
[14:36:08.764] Bot22 executed ROTATE_RIGHT
[14:36:08.764] Bot22 moved forward to (6,6)
[14:36:08.764] Bot22 executed MOVE_FORWARD
[14:36:08.764] Starting turn for Bot23
[14:36:08.764] Bot23 rotated left to face EAST
[14:36:08.764] Bot23 executed ROTATE_LEFT
[14:36:08.764] Starting turn for Bot22
[14:36:08.764] Bot22 rotated left to face WEST
[14:36:08.764] Bot22 executed ROTATE_LEFT
[14:36:08.764] Bot22 moved forward to (6,5)
[14:36:08.764] Bot22 executed MOVE_FORWARD
[14:36:08.764] Starting turn for Bot23
[14:36:08.764] Starting turn for Bot22
[14:36:08.764] Bot22 rotated right to face NORTH
[14:36:08.764] Bot22 executed ROTATE_RIGHT
[14:36:08.764] Bot22 moved forward to (5,5)
[14:36:08.764] Bot22 executed MOVE_FORWARD
[14:36:08.764] Starting turn for Bot23
[14:36:08.764] Bot23 rotated left to face NORTH
[14:36:08.764] Bot23 executed ROTATE_LEFT
[14:36:08.764] Bot23 moved forward to (2,3)
[14:36:08.764] Bot23 executed MOVE_FORWARD
[14:36:08.764] Starting turn for Bot22
[14:36:08.764] Starting turn for Bot23
[14:36:08.764] Bot23 rotated left to face WEST
[14:36:08.764] Bot23 executed ROTATE_LEFT
[14:36:08.764] Bot23 rotated left to face SOUTH
[14:36:08.764] Bot23 executed ROTATE_LEFT
[14:36:08.764] Bot23 moved forward to (3,3)
[14:36:08.764] Bot23 executed MOVE_FORWARD
[14:36:08.764] Starting turn for Bot22
[14:36:08.764] Starting turn for Bot23
[14:36:08.764] Bot23 rotated left to face EAST
[14:36:08.764] Bot23 executed ROTATE_LEFT
[14:36:08.764] Starting turn for Bot22
[14:36:08.764] Starting turn for Bot23
[14:36:08.764] Starting turn for Bot22
[14:36:08.764] Starting turn for Bot23
[14:36:08.764] Bot23 rotated left to face NORTH
[14:36:08.764] Bot23 executed ROTATE_LEFT
[14:36:08.764] Bot23 moved forward to (2,3)
[14:36:08.764] Bot23 executed MOVE_FORWARD
[14:36:08.764] Starting turn for Bot22
[14:36:08.764] Starting turn for Bot23
[14:36:08.764] Bot23 rotated left to face WEST
[14:36:08.764] Bot23 executed ROTATE_LEFT
[14:36:08.764] Bot23 rotated left to face SOUTH
[14:36:08.764] Bot23 executed ROTATE_LEFT
[14:36:08.764] Bot23 moved forward to (3,3)
[14:36:08.764] Bot23 executed MOVE_FORWARD
[14:36:08.764] Starting turn for Bot22
[14:36:08.764] Starting turn for Bot23
[14:36:08.764] Bot23 rotated left to face EAST
[14:36:08.764] Bot23 executed ROTATE_LEFT
[14:36:08.764] Starting turn for Bot22
[14:36:08.764] Starting turn for Bot23
[14:36:08.764] Starting turn for Bot22
[14:36:08.764] Starting turn for Bot23
[14:36:08.764] Bot23 rotated left to face NORTH
[14:36:08.764] Bot23 executed ROTATE_LEFT
[14:36:08.764] Bot23 moved forward to (2,3)
[14:36:08.764] Bot23 executed MOVE_FORWARD
[14:36:08.764] Starting turn for Bot22
[14:36:08.764] Starting turn for Bot23
[14:36:08.764] Bot23 rotated left to face WEST
[14:36:08.764] Bot23 executed ROTATE_LEFT
[14:36:08.764] Bot23 rotated left to face SOUTH
[14:36:08.764] Bot23 executed ROTATE_LEFT
[14:36:08.764] Bot23 moved forward to (3,3)
[14:36:08.764] Bot23 executed MOVE_FORWARD
[14:36:08.764] Starting turn for Bot22
[14:36:08.764] Starting turn for Bot23
[14:36:08.764] Bot23 rotated left to face EAST
[14:36:08.764] Bot23 executed ROTATE_LEFT
[14:36:08.764] Starting turn for Bot22
[14:36:08.764] Starting turn for Bot23
[14:36:08.764] Starting turn for Bot22
[14:36:08.764] Stalemate detected: State repeated 10 times, unchanged for 3 turns
[14:36:08.764] Game Over! Stalemate detected!
[14:36:08.764] Stalemate detected: State repeated 10 times, unchanged for 3 turns
