[14:35:39.123] === Game Started at 2025-02-04_14-35-39 ===
[14:35:39.123] Game initialized with 2 players
[14:35:39.123] Board size: 10
[14:35:39.123] Obstacle density: 0.05
[14:35:39.123] Max turns: 1000
[14:35:39.123] Player Bot6 starting at position (0,0) facing EAST
[14:35:39.123] Player Bot1 starting at position (9,9) facing WEST
[14:35:39.123] Obstacles at positions: (0,1) (1,1) (5,6) (8,1) (9,8)
[14:35:39.123] Starting turn for Bot6
[14:35:39.123] Starting turn for Bot1
[14:35:39.123] Starting turn for Bot6
[14:35:39.123] Starting turn for Bot1
[14:35:39.123] Starting turn for Bot6
[14:35:39.123] Bot6 rotated right to face SOUTH
[14:35:39.123] Bot6 executed ROTATE_RIGHT
[14:35:39.123] Bot6 moved forward to (1,0)
[14:35:39.123] Bot6 executed MOVE_FORWARD
[14:35:39.123] Starting turn for Bot1
[14:35:39.123] Bot1 rotated right to face NORTH
[14:35:39.123] Bot1 executed ROTATE_RIGHT
[14:35:39.123] Bot1 moved forward to (8,9)
[14:35:39.123] Bot1 executed MOVE_FORWARD
[14:35:39.123] Starting turn for Bot6
[14:35:39.123] Bot6 rotated left to face EAST
[14:35:39.123] Bot6 executed ROTATE_LEFT
[14:35:39.123] Bot6 rotated left to face NORTH
[14:35:39.123] Bot6 executed ROTATE_LEFT
[14:35:39.123] Bot6 moved forward to (0,0)
[14:35:39.123] Bot6 executed MOVE_FORWARD
[14:35:39.123] Starting turn for Bot1
[14:35:39.123] Bot1 rotated left to face WEST
[14:35:39.123] Bot1 executed ROTATE_LEFT
[14:35:39.123] Bot1 moved forward to (8,8)
[14:35:39.123] Bot1 executed MOVE_FORWARD
[14:35:39.123] Starting turn for Bot6
[14:35:39.123] Bot6 rotated left to face WEST
[14:35:39.123] Bot6 executed ROTATE_LEFT
[14:35:39.123] Bot6 rotated left to face SOUTH
[14:35:39.123] Bot6 executed ROTATE_LEFT
[14:35:39.123] Bot6 moved forward to (1,0)
[14:35:39.123] Bot6 executed MOVE_FORWARD
[14:35:39.123] Starting turn for Bot1
[14:35:39.123] Bot1 moved forward to (8,7)
[14:35:39.123] Bot1 executed MOVE_FORWARD
[14:35:39.124] Starting turn for Bot6
[14:35:39.124] Bot6 rotated left to face EAST
[14:35:39.124] Bot6 executed ROTATE_LEFT
[14:35:39.124] Bot6 rotated left to face NORTH
[14:35:39.124] Bot6 executed ROTATE_LEFT
[14:35:39.124] Bot6 moved forward to (0,0)
[14:35:39.124] Bot6 executed MOVE_FORWARD
[14:35:39.124] Starting turn for Bot1
[14:35:39.124] Bot1 rotated right to face NORTH
[14:35:39.124] Bot1 executed ROTATE_RIGHT
[14:35:39.124] Bot1 moved forward to (7,7)
[14:35:39.124] Bot1 executed MOVE_FORWARD
[14:35:39.124] Starting turn for Bot6
[14:35:39.124] Bot6 rotated left to face WEST
[14:35:39.124] Bot6 executed ROTATE_LEFT
[14:35:39.124] Bot6 rotated left to face SOUTH
[14:35:39.124] Bot6 executed ROTATE_LEFT
[14:35:39.124] Bot6 moved forward to (1,0)
[14:35:39.124] Bot6 executed MOVE_FORWARD
[14:35:39.124] Starting turn for Bot1
[14:35:39.124] Bot1 rotated left to face WEST
[14:35:39.124] Bot1 executed ROTATE_LEFT
[14:35:39.124] Bot1 moved forward to (7,6)
[14:35:39.124] Bot1 executed MOVE_FORWARD
[14:35:39.124] Starting turn for Bot6
[14:35:39.124] Bot6 rotated left to face EAST
[14:35:39.124] Bot6 executed ROTATE_LEFT
[14:35:39.124] Bot6 rotated left to face NORTH
[14:35:39.124] Bot6 executed ROTATE_LEFT
[14:35:39.124] Bot6 moved forward to (0,0)
[14:35:39.124] Bot6 executed MOVE_FORWARD
[14:35:39.124] Starting turn for Bot1
[14:35:39.124] Bot1 rotated right to face NORTH
[14:35:39.124] Bot1 executed ROTATE_RIGHT
[14:35:39.124] Bot1 moved forward to (6,6)
[14:35:39.124] Bot1 executed MOVE_FORWARD
[14:35:39.124] Starting turn for Bot6
[14:35:39.124] Bot6 rotated left to face WEST
[14:35:39.124] Bot6 executed ROTATE_LEFT
[14:35:39.124] Bot6 rotated left to face SOUTH
[14:35:39.124] Bot6 executed ROTATE_LEFT
[14:35:39.124] Bot6 moved forward to (1,0)
[14:35:39.124] Bot6 executed MOVE_FORWARD
[14:35:39.124] Starting turn for Bot1
[14:35:39.124] Bot1 rotated left to face WEST
[14:35:39.124] Bot1 executed ROTATE_LEFT
[14:35:39.124] Bot1 moved forward to (6,5)
[14:35:39.124] Bot1 executed MOVE_FORWARD
[14:35:39.124] Starting turn for Bot6
[14:35:39.124] Bot6 rotated left to face EAST
[14:35:39.124] Bot6 executed ROTATE_LEFT
[14:35:39.124] Bot6 rotated left to face NORTH
[14:35:39.124] Bot6 executed ROTATE_LEFT
[14:35:39.124] Bot6 moved forward to (0,0)
[14:35:39.124] Bot6 executed MOVE_FORWARD
[14:35:39.124] Starting turn for Bot1
[14:35:39.124] Bot1 rotated right to face NORTH
[14:35:39.124] Bot1 executed ROTATE_RIGHT
[14:35:39.124] Bot1 moved forward to (5,5)
[14:35:39.124] Bot1 executed MOVE_FORWARD
[14:35:39.124] Starting turn for Bot6
[14:35:39.124] Bot6 rotated left to face WEST
[14:35:39.124] Bot6 executed ROTATE_LEFT
[14:35:39.124] Bot6 rotated left to face SOUTH
[14:35:39.124] Bot6 executed ROTATE_LEFT
[14:35:39.124] Bot6 moved forward to (1,0)
[14:35:39.124] Bot6 executed MOVE_FORWARD
[14:35:39.124] Starting turn for Bot1
[14:35:39.124] Starting turn for Bot6
[14:35:39.124] Bot6 rotated left to face EAST
[14:35:39.124] Bot6 executed ROTATE_LEFT
[14:35:39.124] Bot6 rotated left to face NORTH
[14:35:39.124] Bot6 executed ROTATE_LEFT
[14:35:39.124] Bot6 moved forward to (0,0)
[14:35:39.124] Bot6 executed MOVE_FORWARD
[14:35:39.124] Starting turn for Bot1
[14:35:39.124] Starting turn for Bot6
[14:35:39.124] Bot6 rotated left to face WEST
[14:35:39.124] Bot6 executed ROTATE_LEFT
[14:35:39.124] Bot6 rotated left to face SOUTH
[14:35:39.124] Bot6 executed ROTATE_LEFT
[14:35:39.124] Bot6 moved forward to (1,0)
[14:35:39.124] Bot6 executed MOVE_FORWARD
[14:35:39.124] Starting turn for Bot1
[14:35:39.124] Starting turn for Bot6
[14:35:39.124] Bot6 rotated left to face EAST
[14:35:39.124] Bot6 executed ROTATE_LEFT
[14:35:39.124] Bot6 rotated left to face NORTH
[14:35:39.124] Bot6 executed ROTATE_LEFT
[14:35:39.124] Bot6 moved forward to (0,0)
[14:35:39.124] Bot6 executed MOVE_FORWARD
[14:35:39.124] Starting turn for Bot1
[14:35:39.124] Starting turn for Bot6
[14:35:39.124] Bot6 rotated left to face WEST
[14:35:39.124] Bot6 executed ROTATE_LEFT
[14:35:39.124] Bot6 rotated left to face SOUTH
[14:35:39.124] Bot6 executed ROTATE_LEFT
[14:35:39.124] Bot6 moved forward to (1,0)
[14:35:39.124] Bot6 executed MOVE_FORWARD
[14:35:39.124] Starting turn for Bot1
[14:35:39.124] Starting turn for Bot6
[14:35:39.124] Bot6 rotated left to face EAST
[14:35:39.124] Bot6 executed ROTATE_LEFT
[14:35:39.124] Bot6 rotated left to face NORTH
[14:35:39.124] Bot6 executed ROTATE_LEFT
[14:35:39.124] Bot6 moved forward to (0,0)
[14:35:39.124] Bot6 executed MOVE_FORWARD
[14:35:39.124] Starting turn for Bot1
[14:35:39.124] Starting turn for Bot6
[14:35:39.124] Bot6 rotated left to face WEST
[14:35:39.124] Bot6 executed ROTATE_LEFT
[14:35:39.124] Bot6 rotated left to face SOUTH
[14:35:39.124] Bot6 executed ROTATE_LEFT
[14:35:39.124] Bot6 moved forward to (1,0)
[14:35:39.124] Bot6 executed MOVE_FORWARD
[14:35:39.124] Starting turn for Bot1
[14:35:39.124] Starting turn for Bot6
[14:35:39.124] Bot6 rotated left to face EAST
[14:35:39.124] Bot6 executed ROTATE_LEFT
[14:35:39.124] Bot6 rotated left to face NORTH
[14:35:39.124] Bot6 executed ROTATE_LEFT
[14:35:39.124] Bot6 moved forward to (0,0)
[14:35:39.124] Bot6 executed MOVE_FORWARD
[14:35:39.124] Starting turn for Bot1
[14:35:39.124] Starting turn for Bot6
[14:35:39.124] Bot6 rotated left to face WEST
[14:35:39.124] Bot6 executed ROTATE_LEFT
[14:35:39.124] Bot6 rotated left to face SOUTH
[14:35:39.124] Bot6 executed ROTATE_LEFT
[14:35:39.124] Bot6 moved forward to (1,0)
[14:35:39.124] Bot6 executed MOVE_FORWARD
[14:35:39.124] Starting turn for Bot1
[14:35:39.124] Starting turn for Bot6
[14:35:39.124] Bot6 rotated left to face EAST
[14:35:39.124] Bot6 executed ROTATE_LEFT
[14:35:39.124] Bot6 rotated left to face NORTH
[14:35:39.124] Bot6 executed ROTATE_LEFT
[14:35:39.124] Bot6 moved forward to (0,0)
[14:35:39.124] Bot6 executed MOVE_FORWARD
[14:35:39.124] Starting turn for Bot1
[14:35:39.124] Stalemate detected: State repeated 10 times, unchanged for 1 turns
[14:35:39.124] Game Over! Stalemate detected!
[14:35:39.125] Stalemate detected: State repeated 10 times, unchanged for 1 turns
