[14:36:07.079] === Game Started at 2025-02-04_14-36-07 ===
[14:36:07.079] Game initialized with 2 players
[14:36:07.079] Board size: 10
[14:36:07.079] Obstacle density: 0.05
[14:36:07.079] Max turns: 1000
[14:36:07.079] Player Bot40 starting at position (0,0) facing EAST
[14:36:07.079] Player Bot19 starting at position (9,9) facing NORTH
[14:36:07.079] Obstacles at positions: (1,7) (2,9) (4,3) (6,6) (8,5)
[14:36:07.079] Starting turn for Bot40
[14:36:07.079] Bot40 moved forward to (0,1)
[14:36:07.079] Bot40 executed MOVE_FORWARD
[14:36:07.079] Starting turn for Bot19
[14:36:07.079] Bot19 rotated left to face WEST
[14:36:07.079] Bot19 executed ROTATE_LEFT
[14:36:07.079] Bot19 moved forward to (9,8)
[14:36:07.079] Bot19 executed MOVE_FORWARD
[14:36:07.079] Starting turn for Bot40
[14:36:07.079] Bot40 rotated right to face SOUTH
[14:36:07.079] Bot40 executed ROTATE_RIGHT
[14:36:07.079] Bot40 moved forward to (1,1)
[14:36:07.079] Bot40 executed MOVE_FORWARD
[14:36:07.079] Starting turn for Bot19
[14:36:07.079] Bot19 rotated right to face NORTH
[14:36:07.079] Bot19 executed ROTATE_RIGHT
[14:36:07.079] Bot19 moved forward to (8,8)
[14:36:07.079] Bot19 executed MOVE_FORWARD
[14:36:07.079] Starting turn for Bot40
[14:36:07.079] Bot40 rotated left to face EAST
[14:36:07.079] Bot40 executed ROTATE_LEFT
[14:36:07.079] Bot40 moved forward to (1,2)
[14:36:07.079] Bot40 executed MOVE_FORWARD
[14:36:07.079] Starting turn for Bot19
[14:36:07.079] Bot19 rotated left to face WEST
[14:36:07.079] Bot19 executed ROTATE_LEFT
[14:36:07.079] Bot19 moved forward to (8,7)
[14:36:07.079] Bot19 executed MOVE_FORWARD
[14:36:07.079] Starting turn for Bot40
[14:36:07.079] Bot40 rotated right to face SOUTH
[14:36:07.079] Bot40 executed ROTATE_RIGHT
[14:36:07.079] Bot40 moved forward to (2,2)
[14:36:07.079] Bot40 executed MOVE_FORWARD
[14:36:07.079] Starting turn for Bot19
[14:36:07.079] Bot19 rotated right to face NORTH
[14:36:07.079] Bot19 executed ROTATE_RIGHT
[14:36:07.079] Bot19 moved forward to (7,7)
[14:36:07.079] Bot19 executed MOVE_FORWARD
[14:36:07.080] Starting turn for Bot40
[14:36:07.080] Bot40 rotated left to face EAST
[14:36:07.080] Bot40 executed ROTATE_LEFT
[14:36:07.080] Bot40 moved forward to (2,3)
[14:36:07.080] Bot40 executed MOVE_FORWARD
[14:36:07.080] Starting turn for Bot19
[14:36:07.080] Bot19 rotated left to face WEST
[14:36:07.080] Bot19 executed ROTATE_LEFT
[14:36:07.080] Bot19 moved forward to (7,6)
[14:36:07.080] Bot19 executed MOVE_FORWARD
[14:36:07.080] Starting turn for Bot40
[14:36:07.080] Bot40 rotated right to face SOUTH
[14:36:07.080] Bot40 executed ROTATE_RIGHT
[14:36:07.080] Bot40 moved forward to (3,3)
[14:36:07.080] Bot40 executed MOVE_FORWARD
[14:36:07.080] Starting turn for Bot19
[14:36:07.080] Bot19 rotated right to face NORTH
[14:36:07.080] Bot19 executed ROTATE_RIGHT
[14:36:07.080] Starting turn for Bot40
[14:36:07.080] Bot40 rotated left to face EAST
[14:36:07.080] Bot40 executed ROTATE_LEFT
[14:36:07.080] Bot40 moved forward to (3,4)
[14:36:07.080] Bot40 executed MOVE_FORWARD
[14:36:07.080] Starting turn for Bot19
[14:36:07.080] Starting turn for Bot40
[14:36:07.080] Bot40 rotated right to face SOUTH
[14:36:07.080] Bot40 executed ROTATE_RIGHT
[14:36:07.080] Bot40 moved forward to (4,4)
[14:36:07.080] Bot40 executed MOVE_FORWARD
[14:36:07.080] Starting turn for Bot19
[14:36:07.080] Bot19 rotated right to face EAST
[14:36:07.080] Bot19 executed ROTATE_RIGHT
[14:36:07.080] Bot19 moved forward to (7,7)
[14:36:07.080] Bot19 executed MOVE_FORWARD
[14:36:07.080] Starting turn for Bot40
[14:36:07.080] Bot40 rotated left to face EAST
[14:36:07.080] Bot40 executed ROTATE_LEFT
[14:36:07.080] Bot40 moved forward to (4,5)
[14:36:07.080] Bot40 executed MOVE_FORWARD
[14:36:07.080] Starting turn for Bot19
[14:36:07.080] Bot19 rotated left to face NORTH
[14:36:07.080] Bot19 executed ROTATE_LEFT
[14:36:07.080] Bot19 rotated left to face WEST
[14:36:07.080] Bot19 executed ROTATE_LEFT
[14:36:07.080] Bot19 moved forward to (7,6)
[14:36:07.080] Bot19 executed MOVE_FORWARD
[14:36:07.080] Starting turn for Bot40
[14:36:07.080] Bot40 rotated right to face SOUTH
[14:36:07.080] Bot40 executed ROTATE_RIGHT
[14:36:07.080] Bot40 moved forward to (5,5)
[14:36:07.080] Bot40 executed MOVE_FORWARD
[14:36:07.080] Starting turn for Bot19
[14:36:07.080] Bot19 rotated right to face NORTH
[14:36:07.080] Bot19 executed ROTATE_RIGHT
[14:36:07.080] Starting turn for Bot40
[14:36:07.080] Starting turn for Bot19
[14:36:07.080] Starting turn for Bot40
[14:36:07.080] Starting turn for Bot19
[14:36:07.080] Bot19 rotated right to face EAST
[14:36:07.080] Bot19 executed ROTATE_RIGHT
[14:36:07.080] Bot19 moved forward to (7,7)
[14:36:07.080] Bot19 executed MOVE_FORWARD
[14:36:07.080] Starting turn for Bot40
[14:36:07.080] Starting turn for Bot19
[14:36:07.080] Bot19 rotated left to face NORTH
[14:36:07.080] Bot19 executed ROTATE_LEFT
[14:36:07.080] Bot19 rotated left to face WEST
[14:36:07.080] Bot19 executed ROTATE_LEFT
[14:36:07.080] Bot19 moved forward to (7,6)
[14:36:07.080] Bot19 executed MOVE_FORWARD
[14:36:07.080] Starting turn for Bot40
[14:36:07.080] Starting turn for Bot19
[14:36:07.080] Bot19 rotated right to face NORTH
[14:36:07.080] Bot19 executed ROTATE_RIGHT
[14:36:07.080] Starting turn for Bot40
[14:36:07.080] Starting turn for Bot19
[14:36:07.080] Starting turn for Bot40
[14:36:07.080] Starting turn for Bot19
[14:36:07.080] Bot19 rotated right to face EAST
[14:36:07.080] Bot19 executed ROTATE_RIGHT
[14:36:07.080] Bot19 moved forward to (7,7)
[14:36:07.080] Bot19 executed MOVE_FORWARD
[14:36:07.080] Starting turn for Bot40
[14:36:07.080] Starting turn for Bot19
[14:36:07.080] Bot19 rotated left to face NORTH
[14:36:07.080] Bot19 executed ROTATE_LEFT
[14:36:07.080] Bot19 rotated left to face WEST
[14:36:07.080] Bot19 executed ROTATE_LEFT
[14:36:07.080] Bot19 moved forward to (7,6)
[14:36:07.080] Bot19 executed MOVE_FORWARD
[14:36:07.080] Starting turn for Bot40
[14:36:07.080] Starting turn for Bot19
[14:36:07.080] Bot19 rotated right to face NORTH
[14:36:07.080] Bot19 executed ROTATE_RIGHT
[14:36:07.080] Starting turn for Bot40
[14:36:07.080] Starting turn for Bot19
[14:36:07.080] Starting turn for Bot40
[14:36:07.080] Starting turn for Bot19
[14:36:07.080] Stalemate detected: State repeated 10 times, unchanged for 2 turns
[14:36:07.080] Game Over! Stalemate detected!
[14:36:07.080] Stalemate detected: State repeated 10 times, unchanged for 2 turns
