[14:35:51.464] === Game Started at 2025-02-04_14-35-51 ===
[14:35:51.464] Game initialized with 2 players
[14:35:51.464] Board size: 10
[14:35:51.464] Obstacle density: 0.05
[14:35:51.464] Max turns: 1000
[14:35:51.464] Player Bot7 starting at position (0,0) facing EAST
[14:35:51.464] Player Bot18 starting at position (9,9) facing WEST
[14:35:51.464] Obstacles at positions: (1,2) (1,8) (2,0) (6,4) (7,8)
[14:35:51.464] Starting turn for Bot7
[14:35:51.464] Bot7 moved forward to (0,1)
[14:35:51.464] Bot7 executed MOVE_FORWARD
[14:35:51.464] Starting turn for Bot18
[14:35:51.464] Bot18 moved forward to (9,8)
[14:35:51.464] Bot18 executed MOVE_FORWARD
[14:35:51.464] Starting turn for Bot7
[14:35:51.464] Bot7 rotated right to face SOUTH
[14:35:51.464] Bot7 executed ROTATE_RIGHT
[14:35:51.464] Bot7 moved forward to (1,1)
[14:35:51.464] Bot7 executed MOVE_FORWARD
[14:35:51.464] Starting turn for Bot18
[14:35:51.464] Bot18 rotated right to face NORTH
[14:35:51.464] Bot18 executed ROTATE_RIGHT
[14:35:51.464] Bot18 moved forward to (8,8)
[14:35:51.464] Bot18 executed MOVE_FORWARD
[14:35:51.464] Starting turn for Bot7
[14:35:51.464] Bot7 rotated left to face EAST
[14:35:51.464] Bot7 executed ROTATE_LEFT
[14:35:51.464] Starting turn for Bot18
[14:35:51.464] Bot18 rotated left to face WEST
[14:35:51.464] Bot18 executed ROTATE_LEFT
[14:35:51.464] Bot18 moved forward to (8,7)
[14:35:51.464] Bot18 executed MOVE_FORWARD
[14:35:51.464] Starting turn for Bot7
[14:35:51.464] Starting turn for Bot18
[14:35:51.464] Bot18 rotated right to face NORTH
[14:35:51.464] Bot18 executed ROTATE_RIGHT
[14:35:51.464] Bot18 moved forward to (7,7)
[14:35:51.464] Bot18 executed MOVE_FORWARD
[14:35:51.464] Starting turn for Bot7
[14:35:51.464] Bot7 rotated left to face NORTH
[14:35:51.464] Bot7 executed ROTATE_LEFT
[14:35:51.464] Bot7 moved forward to (0,1)
[14:35:51.464] Bot7 executed MOVE_FORWARD
[14:35:51.464] Starting turn for Bot18
[14:35:51.464] Bot18 rotated left to face WEST
[14:35:51.464] Bot18 executed ROTATE_LEFT
[14:35:51.464] Bot18 moved forward to (7,6)
[14:35:51.464] Bot18 executed MOVE_FORWARD
[14:35:51.464] Starting turn for Bot7
[14:35:51.464] Bot7 rotated left to face WEST
[14:35:51.464] Bot7 executed ROTATE_LEFT
[14:35:51.464] Bot7 rotated left to face SOUTH
[14:35:51.464] Bot7 executed ROTATE_LEFT
[14:35:51.464] Bot7 moved forward to (1,1)
[14:35:51.464] Bot7 executed MOVE_FORWARD
[14:35:51.464] Starting turn for Bot18
[14:35:51.464] Bot18 rotated right to face NORTH
[14:35:51.464] Bot18 executed ROTATE_RIGHT
[14:35:51.464] Bot18 moved forward to (6,6)
[14:35:51.464] Bot18 executed MOVE_FORWARD
[14:35:51.464] Starting turn for Bot7
[14:35:51.464] Bot7 rotated left to face EAST
[14:35:51.464] Bot7 executed ROTATE_LEFT
[14:35:51.464] Starting turn for Bot18
[14:35:51.464] Bot18 rotated left to face WEST
[14:35:51.464] Bot18 executed ROTATE_LEFT
[14:35:51.464] Bot18 moved forward to (6,5)
[14:35:51.464] Bot18 executed MOVE_FORWARD
[14:35:51.464] Starting turn for Bot7
[14:35:51.464] Starting turn for Bot18
[14:35:51.464] Bot18 rotated right to face NORTH
[14:35:51.464] Bot18 executed ROTATE_RIGHT
[14:35:51.464] Bot18 moved forward to (5,5)
[14:35:51.464] Bot18 executed MOVE_FORWARD
[14:35:51.464] Starting turn for Bot7
[14:35:51.464] Bot7 rotated left to face NORTH
[14:35:51.464] Bot7 executed ROTATE_LEFT
[14:35:51.464] Bot7 moved forward to (0,1)
[14:35:51.464] Bot7 executed MOVE_FORWARD
[14:35:51.464] Starting turn for Bot18
[14:35:51.464] Starting turn for Bot7
[14:35:51.464] Bot7 rotated left to face WEST
[14:35:51.464] Bot7 executed ROTATE_LEFT
[14:35:51.464] Bot7 rotated left to face SOUTH
[14:35:51.464] Bot7 executed ROTATE_LEFT
[14:35:51.464] Bot7 moved forward to (1,1)
[14:35:51.464] Bot7 executed MOVE_FORWARD
[14:35:51.464] Starting turn for Bot18
[14:35:51.464] Starting turn for Bot7
[14:35:51.464] Bot7 rotated left to face EAST
[14:35:51.464] Bot7 executed ROTATE_LEFT
[14:35:51.464] Starting turn for Bot18
[14:35:51.464] Starting turn for Bot7
[14:35:51.464] Starting turn for Bot18
[14:35:51.464] Starting turn for Bot7
[14:35:51.464] Bot7 rotated left to face NORTH
[14:35:51.464] Bot7 executed ROTATE_LEFT
[14:35:51.464] Bot7 moved forward to (0,1)
[14:35:51.464] Bot7 executed MOVE_FORWARD
[14:35:51.464] Starting turn for Bot18
[14:35:51.464] Starting turn for Bot7
[14:35:51.464] Bot7 rotated left to face WEST
[14:35:51.464] Bot7 executed ROTATE_LEFT
[14:35:51.464] Bot7 rotated left to face SOUTH
[14:35:51.464] Bot7 executed ROTATE_LEFT
[14:35:51.464] Bot7 moved forward to (1,1)
[14:35:51.464] Bot7 executed MOVE_FORWARD
[14:35:51.464] Starting turn for Bot18
[14:35:51.464] Starting turn for Bot7
[14:35:51.464] Bot7 rotated left to face EAST
[14:35:51.464] Bot7 executed ROTATE_LEFT
[14:35:51.464] Starting turn for Bot18
[14:35:51.464] Starting turn for Bot7
[14:35:51.464] Starting turn for Bot18
[14:35:51.464] Starting turn for Bot7
[14:35:51.464] Bot7 rotated left to face NORTH
[14:35:51.464] Bot7 executed ROTATE_LEFT
[14:35:51.464] Bot7 moved forward to (0,1)
[14:35:51.464] Bot7 executed MOVE_FORWARD
[14:35:51.464] Starting turn for Bot18
[14:35:51.464] Starting turn for Bot7
[14:35:51.464] Bot7 rotated left to face WEST
[14:35:51.464] Bot7 executed ROTATE_LEFT
[14:35:51.464] Bot7 rotated left to face SOUTH
[14:35:51.464] Bot7 executed ROTATE_LEFT
[14:35:51.464] Bot7 moved forward to (1,1)
[14:35:51.464] Bot7 executed MOVE_FORWARD
[14:35:51.464] Starting turn for Bot18
[14:35:51.464] Starting turn for Bot7
[14:35:51.464] Bot7 rotated left to face EAST
[14:35:51.464] Bot7 executed ROTATE_LEFT
[14:35:51.464] Starting turn for Bot18
[14:35:51.464] Starting turn for Bot7
[14:35:51.464] Starting turn for Bot18
[14:35:51.464] Stalemate detected: State repeated 10 times, unchanged for 3 turns
[14:35:51.464] Game Over! Stalemate detected!
[14:35:51.464] Stalemate detected: State repeated 10 times, unchanged for 3 turns
