[14:35:56.326] === Game Started at 2025-02-04_14-35-56 ===
[14:35:56.326] Game initialized with 2 players
[14:35:56.326] Board size: 10
[14:35:56.326] Obstacle density: 0.05
[14:35:56.326] Max turns: 1000
[14:35:56.326] Player Bot10 starting at position (0,0) facing EAST
[14:35:56.326] Player Bot22 starting at position (9,9) facing WEST
[14:35:56.326] Obstacles at positions: (0,8) (2,0) (3,3) (6,5) (9,7)
[14:35:56.326] Starting turn for Bot10
[14:35:56.326] Bot10 moved forward to (0,1)
[14:35:56.326] Bot10 executed MOVE_FORWARD
[14:35:56.326] Starting turn for Bot22
[14:35:56.326] Bot22 moved forward to (9,8)
[14:35:56.326] Bot22 executed MOVE_FORWARD
[14:35:56.326] Starting turn for Bot10
[14:35:56.326] Bot10 rotated right to face SOUTH
[14:35:56.326] Bot10 executed ROTATE_RIGHT
[14:35:56.326] Bot10 moved forward to (1,1)
[14:35:56.326] Bot10 executed MOVE_FORWARD
[14:35:56.326] Starting turn for Bot22
[14:35:56.326] Bot22 rotated right to face NORTH
[14:35:56.326] Bot22 executed ROTATE_RIGHT
[14:35:56.326] Bot22 moved forward to (8,8)
[14:35:56.326] Bot22 executed MOVE_FORWARD
[14:35:56.326] Starting turn for Bot10
[14:35:56.326] Bot10 rotated left to face EAST
[14:35:56.326] Bot10 executed ROTATE_LEFT
[14:35:56.326] Bot10 moved forward to (1,2)
[14:35:56.326] Bot10 executed MOVE_FORWARD
[14:35:56.326] Starting turn for Bot22
[14:35:56.326] Bot22 rotated left to face WEST
[14:35:56.326] Bot22 executed ROTATE_LEFT
[14:35:56.326] Bot22 moved forward to (8,7)
[14:35:56.326] Bot22 executed MOVE_FORWARD
[14:35:56.326] Starting turn for Bot10
[14:35:56.326] Bot10 rotated right to face SOUTH
[14:35:56.326] Bot10 executed ROTATE_RIGHT
[14:35:56.326] Bot10 moved forward to (2,2)
[14:35:56.326] Bot10 executed MOVE_FORWARD
[14:35:56.326] Starting turn for Bot22
[14:35:56.326] Bot22 rotated right to face NORTH
[14:35:56.326] Bot22 executed ROTATE_RIGHT
[14:35:56.326] Bot22 moved forward to (7,7)
[14:35:56.326] Bot22 executed MOVE_FORWARD
[14:35:56.326] Starting turn for Bot10
[14:35:56.326] Bot10 rotated left to face EAST
[14:35:56.326] Bot10 executed ROTATE_LEFT
[14:35:56.326] Bot10 moved forward to (2,3)
[14:35:56.326] Bot10 executed MOVE_FORWARD
[14:35:56.326] Starting turn for Bot22
[14:35:56.326] Bot22 rotated left to face WEST
[14:35:56.326] Bot22 executed ROTATE_LEFT
[14:35:56.326] Bot22 moved forward to (7,6)
[14:35:56.326] Bot22 executed MOVE_FORWARD
[14:35:56.326] Starting turn for Bot10
[14:35:56.326] Bot10 rotated right to face SOUTH
[14:35:56.326] Bot10 executed ROTATE_RIGHT
[14:35:56.326] Starting turn for Bot22
[14:35:56.326] Bot22 rotated right to face NORTH
[14:35:56.326] Bot22 executed ROTATE_RIGHT
[14:35:56.326] Bot22 moved forward to (6,6)
[14:35:56.326] Bot22 executed MOVE_FORWARD
[14:35:56.326] Starting turn for Bot10
[14:35:56.326] Starting turn for Bot22
[14:35:56.326] Bot22 rotated left to face WEST
[14:35:56.326] Bot22 executed ROTATE_LEFT
[14:35:56.326] Starting turn for Bot10
[14:35:56.326] Bot10 rotated left to face EAST
[14:35:56.326] Bot10 executed ROTATE_LEFT
[14:35:56.326] Bot10 rotated left to face NORTH
[14:35:56.326] Bot10 executed ROTATE_LEFT
[14:35:56.326] Bot10 moved forward to (1,3)
[14:35:56.326] Bot10 executed MOVE_FORWARD
[14:35:56.326] Starting turn for Bot22
[14:35:56.326] Starting turn for Bot10
[14:35:56.326] Bot10 rotated left to face WEST
[14:35:56.326] Bot10 executed ROTATE_LEFT
[14:35:56.326] Bot10 rotated left to face SOUTH
[14:35:56.326] Bot10 executed ROTATE_LEFT
[14:35:56.326] Bot10 moved forward to (2,3)
[14:35:56.326] Bot10 executed MOVE_FORWARD
[14:35:56.326] Starting turn for Bot22
[14:35:56.326] Bot22 rotated right to face NORTH
[14:35:56.326] Bot22 executed ROTATE_RIGHT
[14:35:56.326] Bot22 moved forward to (5,6)
[14:35:56.327] Bot22 executed MOVE_FORWARD
[14:35:56.327] Starting turn for Bot10
[14:35:56.327] Starting turn for Bot22
[14:35:56.327] Bot22 rotated left to face WEST
[14:35:56.327] Bot22 executed ROTATE_LEFT
[14:35:56.327] Bot22 moved forward to (5,5)
[14:35:56.327] Bot22 executed MOVE_FORWARD
[14:35:56.327] Starting turn for Bot10
[14:35:56.327] Starting turn for Bot22
[14:35:56.327] Starting turn for Bot10
[14:35:56.327] Bot10 rotated left to face EAST
[14:35:56.327] Bot10 executed ROTATE_LEFT
[14:35:56.327] Bot10 rotated left to face NORTH
[14:35:56.327] Bot10 executed ROTATE_LEFT
[14:35:56.327] Bot10 moved forward to (1,3)
[14:35:56.327] Bot10 executed MOVE_FORWARD
[14:35:56.327] Starting turn for Bot22
[14:35:56.327] Starting turn for Bot10
[14:35:56.327] Bot10 rotated left to face WEST
[14:35:56.327] Bot10 executed ROTATE_LEFT
[14:35:56.327] Bot10 rotated left to face SOUTH
[14:35:56.327] Bot10 executed ROTATE_LEFT
[14:35:56.327] Bot10 moved forward to (2,3)
[14:35:56.327] Bot10 executed MOVE_FORWARD
[14:35:56.327] Starting turn for Bot22
[14:35:56.327] Starting turn for Bot10
[14:35:56.327] Starting turn for Bot22
[14:35:56.327] Starting turn for Bot10
[14:35:56.327] Starting turn for Bot22
[14:35:56.327] Starting turn for Bot10
[14:35:56.327] Bot10 rotated left to face EAST
[14:35:56.327] Bot10 executed ROTATE_LEFT
[14:35:56.327] Bot10 rotated left to face NORTH
[14:35:56.327] Bot10 executed ROTATE_LEFT
[14:35:56.327] Bot10 moved forward to (1,3)
[14:35:56.327] Bot10 executed MOVE_FORWARD
[14:35:56.327] Starting turn for Bot22
[14:35:56.327] Starting turn for Bot10
[14:35:56.327] Bot10 rotated left to face WEST
[14:35:56.327] Bot10 executed ROTATE_LEFT
[14:35:56.327] Bot10 rotated left to face SOUTH
[14:35:56.327] Bot10 executed ROTATE_LEFT
[14:35:56.327] Bot10 moved forward to (2,3)
[14:35:56.327] Bot10 executed MOVE_FORWARD
[14:35:56.327] Starting turn for Bot22
[14:35:56.327] Starting turn for Bot10
[14:35:56.327] Starting turn for Bot22
[14:35:56.327] Starting turn for Bot10
[14:35:56.327] Starting turn for Bot22
[14:35:56.327] Starting turn for Bot10
[14:35:56.327] Bot10 rotated left to face EAST
[14:35:56.327] Bot10 executed ROTATE_LEFT
[14:35:56.327] Bot10 rotated left to face NORTH
[14:35:56.327] Bot10 executed ROTATE_LEFT
[14:35:56.327] Bot10 moved forward to (1,3)
[14:35:56.327] Bot10 executed MOVE_FORWARD
[14:35:56.327] Starting turn for Bot22
[14:35:56.327] Starting turn for Bot10
[14:35:56.327] Bot10 rotated left to face WEST
[14:35:56.327] Bot10 executed ROTATE_LEFT
[14:35:56.327] Bot10 rotated left to face SOUTH
[14:35:56.327] Bot10 executed ROTATE_LEFT
[14:35:56.327] Bot10 moved forward to (2,3)
[14:35:56.327] Bot10 executed MOVE_FORWARD
[14:35:56.327] Starting turn for Bot22
[14:35:56.327] Stalemate detected: State repeated 10 times, unchanged for 3 turns
[14:35:56.327] Game Over! Stalemate detected!
[14:35:56.327] Stalemate detected: State repeated 10 times, unchanged for 3 turns
