[14:35:59.353] === Game Started at 2025-02-04_14-35-59 ===
[14:35:59.353] Game initialized with 2 players
[14:35:59.353] Board size: 10
[14:35:59.353] Obstacle density: 0.05
[14:35:59.353] Max turns: 1000
[14:35:59.353] Player Bot16 starting at position (0,0) facing WEST
[14:35:59.353] Player Bot13 starting at position (9,9) facing WEST
[14:35:59.353] Obstacles at positions: (0,2) (3,2) (3,6) (7,7) (9,2)
[14:35:59.353] Starting turn for Bot16
[14:35:59.353] Bot16 rotated left to face SOUTH
[14:35:59.353] Bot16 executed ROTATE_LEFT
[14:35:59.353] Bot16 rotated left to face EAST
[14:35:59.353] Bot16 executed ROTATE_LEFT
[14:35:59.353] Bot16 moved forward to (0,1)
[14:35:59.353] Bot16 executed MOVE_FORWARD
[14:35:59.353] Starting turn for Bot13
[14:35:59.353] Bot13 moved forward to (9,8)
[14:35:59.353] Bot13 executed MOVE_FORWARD
[14:35:59.353] Starting turn for Bot16
[14:35:59.353] Bot16 rotated right to face SOUTH
[14:35:59.353] Bot16 executed ROTATE_RIGHT
[14:35:59.353] Bot16 moved forward to (1,1)
[14:35:59.353] Bot16 executed MOVE_FORWARD
[14:35:59.353] Starting turn for Bot13
[14:35:59.353] Bot13 rotated right to face NORTH
[14:35:59.353] Bot13 executed ROTATE_RIGHT
[14:35:59.353] Bot13 moved forward to (8,8)
[14:35:59.353] Bot13 executed MOVE_FORWARD
[14:35:59.353] Starting turn for Bot16
[14:35:59.353] Bot16 rotated left to face EAST
[14:35:59.353] Bot16 executed ROTATE_LEFT
[14:35:59.353] Bot16 moved forward to (1,2)
[14:35:59.353] Bot16 executed MOVE_FORWARD
[14:35:59.353] Starting turn for Bot13
[14:35:59.353] Bot13 rotated left to face WEST
[14:35:59.353] Bot13 executed ROTATE_LEFT
[14:35:59.353] Bot13 moved forward to (8,7)
[14:35:59.353] Bot13 executed MOVE_FORWARD
[14:35:59.353] Starting turn for Bot16
[14:35:59.353] Bot16 rotated right to face SOUTH
[14:35:59.353] Bot16 executed ROTATE_RIGHT
[14:35:59.353] Bot16 moved forward to (2,2)
[14:35:59.353] Bot16 executed MOVE_FORWARD
[14:35:59.353] Starting turn for Bot13
[14:35:59.353] Bot13 rotated right to face NORTH
[14:35:59.353] Bot13 executed ROTATE_RIGHT
[14:35:59.353] Starting turn for Bot16
[14:35:59.353] Bot16 rotated left to face EAST
[14:35:59.353] Bot16 executed ROTATE_LEFT
[14:35:59.353] Bot16 moved forward to (2,3)
[14:35:59.353] Bot16 executed MOVE_FORWARD
[14:35:59.353] Starting turn for Bot13
[14:35:59.353] Starting turn for Bot16
[14:35:59.353] Bot16 rotated right to face SOUTH
[14:35:59.353] Bot16 executed ROTATE_RIGHT
[14:35:59.353] Bot16 moved forward to (3,3)
[14:35:59.353] Bot16 executed MOVE_FORWARD
[14:35:59.353] Starting turn for Bot13
[14:35:59.353] Bot13 rotated right to face EAST
[14:35:59.353] Bot13 executed ROTATE_RIGHT
[14:35:59.353] Bot13 moved forward to (8,8)
[14:35:59.353] Bot13 executed MOVE_FORWARD
[14:35:59.353] Starting turn for Bot16
[14:35:59.353] Bot16 rotated left to face EAST
[14:35:59.353] Bot16 executed ROTATE_LEFT
[14:35:59.353] Bot16 moved forward to (3,4)
[14:35:59.353] Bot16 executed MOVE_FORWARD
[14:35:59.353] Starting turn for Bot13
[14:35:59.353] Bot13 rotated left to face NORTH
[14:35:59.353] Bot13 executed ROTATE_LEFT
[14:35:59.353] Bot13 rotated left to face WEST
[14:35:59.353] Bot13 executed ROTATE_LEFT
[14:35:59.353] Bot13 moved forward to (8,7)
[14:35:59.353] Bot13 executed MOVE_FORWARD
[14:35:59.353] Starting turn for Bot16
[14:35:59.353] Bot16 rotated right to face SOUTH
[14:35:59.353] Bot16 executed ROTATE_RIGHT
[14:35:59.353] Bot16 moved forward to (4,4)
[14:35:59.353] Bot16 executed MOVE_FORWARD
[14:35:59.353] Starting turn for Bot13
[14:35:59.353] Bot13 rotated right to face NORTH
[14:35:59.353] Bot13 executed ROTATE_RIGHT
[14:35:59.353] Starting turn for Bot16
[14:35:59.353] Bot16 rotated left to face EAST
[14:35:59.353] Bot16 executed ROTATE_LEFT
[14:35:59.353] Bot16 moved forward to (4,5)
[14:35:59.353] Bot16 executed MOVE_FORWARD
[14:35:59.353] Starting turn for Bot13
[14:35:59.353] Starting turn for Bot16
[14:35:59.353] Bot16 rotated right to face SOUTH
[14:35:59.353] Bot16 executed ROTATE_RIGHT
[14:35:59.353] Bot16 moved forward to (5,5)
[14:35:59.353] Bot16 executed MOVE_FORWARD
[14:35:59.353] Starting turn for Bot13
[14:35:59.353] Bot13 rotated right to face EAST
[14:35:59.353] Bot13 executed ROTATE_RIGHT
[14:35:59.353] Bot13 moved forward to (8,8)
[14:35:59.354] Bot13 executed MOVE_FORWARD
[14:35:59.354] Starting turn for Bot16
[14:35:59.354] Starting turn for Bot13
[14:35:59.354] Bot13 rotated left to face NORTH
[14:35:59.354] Bot13 executed ROTATE_LEFT
[14:35:59.354] Bot13 rotated left to face WEST
[14:35:59.354] Bot13 executed ROTATE_LEFT
[14:35:59.354] Bot13 moved forward to (8,7)
[14:35:59.354] Bot13 executed MOVE_FORWARD
[14:35:59.354] Starting turn for Bot16
[14:35:59.354] Starting turn for Bot13
[14:35:59.354] Bot13 rotated right to face NORTH
[14:35:59.354] Bot13 executed ROTATE_RIGHT
[14:35:59.354] Starting turn for Bot16
[14:35:59.354] Starting turn for Bot13
[14:35:59.354] Starting turn for Bot16
[14:35:59.354] Starting turn for Bot13
[14:35:59.354] Bot13 rotated right to face EAST
[14:35:59.354] Bot13 executed ROTATE_RIGHT
[14:35:59.354] Bot13 moved forward to (8,8)
[14:35:59.354] Bot13 executed MOVE_FORWARD
[14:35:59.354] Starting turn for Bot16
[14:35:59.354] Starting turn for Bot13
[14:35:59.354] Bot13 rotated left to face NORTH
[14:35:59.354] Bot13 executed ROTATE_LEFT
[14:35:59.354] Bot13 rotated left to face WEST
[14:35:59.354] Bot13 executed ROTATE_LEFT
[14:35:59.354] Bot13 moved forward to (8,7)
[14:35:59.354] Bot13 executed MOVE_FORWARD
[14:35:59.354] Starting turn for Bot16
[14:35:59.354] Starting turn for Bot13
[14:35:59.354] Bot13 rotated right to face NORTH
[14:35:59.354] Bot13 executed ROTATE_RIGHT
[14:35:59.354] Starting turn for Bot16
[14:35:59.354] Starting turn for Bot13
[14:35:59.354] Starting turn for Bot16
[14:35:59.354] Starting turn for Bot13
[14:35:59.354] Bot13 rotated right to face EAST
[14:35:59.354] Bot13 executed ROTATE_RIGHT
[14:35:59.354] Bot13 moved forward to (8,8)
[14:35:59.354] Bot13 executed MOVE_FORWARD
[14:35:59.354] Starting turn for Bot16
[14:35:59.354] Starting turn for Bot13
[14:35:59.354] Bot13 rotated left to face NORTH
[14:35:59.354] Bot13 executed ROTATE_LEFT
[14:35:59.354] Bot13 rotated left to face WEST
[14:35:59.354] Bot13 executed ROTATE_LEFT
[14:35:59.354] Bot13 moved forward to (8,7)
[14:35:59.354] Bot13 executed MOVE_FORWARD
[14:35:59.354] Starting turn for Bot16
[14:35:59.354] Starting turn for Bot13
[14:35:59.354] Bot13 rotated right to face NORTH
[14:35:59.354] Bot13 executed ROTATE_RIGHT
[14:35:59.354] Starting turn for Bot16
[14:35:59.354] Stalemate detected: State repeated 10 times, unchanged for 1 turns
[14:35:59.354] Game Over! Stalemate detected!
[14:35:59.354] Stalemate detected: State repeated 10 times, unchanged for 1 turns
