[19:20:39.538] === Game Started at 2025-01-16_19-20-39 ===
[19:20:39.539] Game initialized with 2 players
[19:20:39.539] Board size: 10
[19:20:39.539] Obstacle density: 0.05
[19:20:39.539] Max turns: 1000
[19:20:39.539] Player Bot5 starting at position (0,0) facing SOUTH
[19:20:39.539] Player Bot4 starting at position (9,9) facing WEST
[19:20:39.539] Obstacles at positions: (0,5) (0,8) (1,3) (2,3) (5,0)
[19:20:39.539] Starting turn for Bot5
[19:20:39.539] Bot5 rotated left to face EAST
[19:20:39.539] Bot5 executed ROTATE_LEFT
[19:20:39.539] Bot5 moved forward to (0,1)
[19:20:39.539] Bot5 executed MOVE_FORWARD
[19:20:39.539] Starting turn for Bot4
[19:20:39.539] Bot4 moved forward to (9,8)
[19:20:39.539] Bot4 executed MOVE_FORWARD
[19:20:39.539] Starting turn for Bot5
[19:20:39.539] Bot5 rotated right to face SOUTH
[19:20:39.539] Bot5 executed ROTATE_RIGHT
[19:20:39.539] Bot5 moved forward to (1,1)
[19:20:39.539] Bot5 executed MOVE_FORWARD
[19:20:39.539] Starting turn for Bot4
[19:20:39.539] Bot4 rotated right to face NORTH
[19:20:39.539] Bot4 executed ROTATE_RIGHT
[19:20:39.539] Bot4 moved forward to (8,8)
[19:20:39.539] Bot4 executed MOVE_FORWARD
[19:20:39.539] Starting turn for Bot5
[19:20:39.539] Bot5 rotated left to face EAST
[19:20:39.539] Bot5 executed ROTATE_LEFT
[19:20:39.539] Bot5 moved forward to (1,2)
[19:20:39.539] Bot5 executed MOVE_FORWARD
[19:20:39.539] Starting turn for Bot4
[19:20:39.539] Bot4 rotated left to face WEST
[19:20:39.539] Bot4 executed ROTATE_LEFT
[19:20:39.539] Bot4 moved forward to (8,7)
[19:20:39.539] Bot4 executed MOVE_FORWARD
[19:20:39.539] Starting turn for Bot5
[19:20:39.539] Bot5 rotated right to face SOUTH
[19:20:39.539] Bot5 executed ROTATE_RIGHT
[19:20:39.539] Bot5 moved forward to (2,2)
[19:20:39.539] Bot5 executed MOVE_FORWARD
[19:20:39.539] Starting turn for Bot4
[19:20:39.539] Bot4 rotated right to face NORTH
[19:20:39.539] Bot4 executed ROTATE_RIGHT
[19:20:39.539] Bot4 moved forward to (7,7)
[19:20:39.539] Bot4 executed MOVE_FORWARD
[19:20:39.539] Starting turn for Bot5
[19:20:39.539] Bot5 rotated left to face EAST
[19:20:39.539] Bot5 executed ROTATE_LEFT
[19:20:39.539] Starting turn for Bot4
[19:20:39.539] Bot4 rotated left to face WEST
[19:20:39.539] Bot4 executed ROTATE_LEFT
[19:20:39.539] Bot4 moved forward to (7,6)
[19:20:39.539] Bot4 executed MOVE_FORWARD
[19:20:39.539] Starting turn for Bot5
[19:20:39.539] Starting turn for Bot4
[19:20:39.539] Bot4 rotated right to face NORTH
[19:20:39.539] Bot4 executed ROTATE_RIGHT
[19:20:39.539] Bot4 moved forward to (6,6)
[19:20:39.539] Bot4 executed MOVE_FORWARD
[19:20:39.539] Starting turn for Bot5
[19:20:39.539] Bot5 rotated left to face NORTH
[19:20:39.539] Bot5 executed ROTATE_LEFT
[19:20:39.539] Bot5 moved forward to (1,2)
[19:20:39.539] Bot5 executed MOVE_FORWARD
[19:20:39.539] Starting turn for Bot4
[19:20:39.539] Bot4 rotated left to face WEST
[19:20:39.539] Bot4 executed ROTATE_LEFT
[19:20:39.539] Bot4 moved forward to (6,5)
[19:20:39.539] Bot4 executed MOVE_FORWARD
[19:20:39.539] Starting turn for Bot5
[19:20:39.539] Bot5 rotated left to face WEST
[19:20:39.539] Bot5 executed ROTATE_LEFT
[19:20:39.539] Bot5 rotated left to face SOUTH
[19:20:39.539] Bot5 executed ROTATE_LEFT
[19:20:39.539] Bot5 moved forward to (2,2)
[19:20:39.539] Bot5 executed MOVE_FORWARD
[19:20:39.539] Starting turn for Bot4
[19:20:39.539] Bot4 rotated right to face NORTH
[19:20:39.540] Bot4 executed ROTATE_RIGHT
[19:20:39.540] Bot4 moved forward to (5,5)
[19:20:39.540] Bot4 executed MOVE_FORWARD
[19:20:39.540] Starting turn for Bot5
[19:20:39.540] Bot5 rotated left to face EAST
[19:20:39.540] Bot5 executed ROTATE_LEFT
[19:20:39.540] Starting turn for Bot4
[19:20:39.540] Starting turn for Bot5
[19:20:39.540] Starting turn for Bot4
[19:20:39.540] Starting turn for Bot5
[19:20:39.540] Bot5 rotated left to face NORTH
[19:20:39.540] Bot5 executed ROTATE_LEFT
[19:20:39.540] Bot5 moved forward to (1,2)
[19:20:39.540] Bot5 executed MOVE_FORWARD
[19:20:39.540] Starting turn for Bot4
[19:20:39.540] Starting turn for Bot5
[19:20:39.540] Bot5 rotated left to face WEST
[19:20:39.540] Bot5 executed ROTATE_LEFT
[19:20:39.540] Bot5 rotated left to face SOUTH
[19:20:39.540] Bot5 executed ROTATE_LEFT
[19:20:39.540] Bot5 moved forward to (2,2)
[19:20:39.540] Bot5 executed MOVE_FORWARD
[19:20:39.540] Starting turn for Bot4
[19:20:39.540] Starting turn for Bot5
[19:20:39.540] Bot5 rotated left to face EAST
[19:20:39.540] Bot5 executed ROTATE_LEFT
[19:20:39.540] Starting turn for Bot4
[19:20:39.540] Starting turn for Bot5
[19:20:39.540] Starting turn for Bot4
[19:20:39.540] Starting turn for Bot5
[19:20:39.540] Bot5 rotated left to face NORTH
[19:20:39.540] Bot5 executed ROTATE_LEFT
[19:20:39.540] Bot5 moved forward to (1,2)
[19:20:39.540] Bot5 executed MOVE_FORWARD
[19:20:39.540] Starting turn for Bot4
[19:20:39.540] Starting turn for Bot5
[19:20:39.540] Bot5 rotated left to face WEST
[19:20:39.540] Bot5 executed ROTATE_LEFT
[19:20:39.540] Bot5 rotated left to face SOUTH
[19:20:39.540] Bot5 executed ROTATE_LEFT
[19:20:39.540] Bot5 moved forward to (2,2)
[19:20:39.540] Bot5 executed MOVE_FORWARD
[19:20:39.540] Starting turn for Bot4
[19:20:39.540] Starting turn for Bot5
[19:20:39.540] Bot5 rotated left to face EAST
[19:20:39.540] Bot5 executed ROTATE_LEFT
[19:20:39.540] Starting turn for Bot4
[19:20:39.540] Starting turn for Bot5
[19:20:39.540] Starting turn for Bot4
[19:20:39.540] Starting turn for Bot5
[19:20:39.540] Bot5 rotated left to face NORTH
[19:20:39.540] Bot5 executed ROTATE_LEFT
[19:20:39.540] Bot5 moved forward to (1,2)
[19:20:39.540] Bot5 executed MOVE_FORWARD
[19:20:39.540] Starting turn for Bot4
[19:20:39.540] Starting turn for Bot5
[19:20:39.540] Bot5 rotated left to face WEST
[19:20:39.540] Bot5 executed ROTATE_LEFT
[19:20:39.540] Bot5 rotated left to face SOUTH
[19:20:39.540] Bot5 executed ROTATE_LEFT
[19:20:39.540] Bot5 moved forward to (2,2)
[19:20:39.540] Bot5 executed MOVE_FORWARD
[19:20:39.540] Starting turn for Bot4
[19:20:39.540] Starting turn for Bot5
[19:20:39.540] Bot5 rotated left to face EAST
[19:20:39.540] Bot5 executed ROTATE_LEFT
[19:20:39.540] Starting turn for Bot4
[19:20:39.541] Stalemate detected: State repeated 10 times, unchanged for 1 turns
[19:20:39.541] Game Over! Stalemate detected!
[19:20:39.541] Stalemate detected: State repeated 10 times, unchanged for 1 turns
