[14:36:12.155] === Game Started at 2025-02-04_14-36-12 ===
[14:36:12.155] Game initialized with 2 players
[14:36:12.155] Board size: 10
[14:36:12.155] Obstacle density: 0.05
[14:36:12.155] Max turns: 1000
[14:36:12.155] Player Bot26 starting at position (0,0) facing SOUTH
[14:36:12.155] Player Bot38 starting at position (9,9) facing SOUTH
[14:36:12.155] Obstacles at positions: (2,4) (3,2) (3,6) (4,7) (5,7)
[14:36:12.155] Starting turn for Bot26
[14:36:12.155] Bot26 rotated left to face EAST
[14:36:12.155] Bot26 executed ROTATE_LEFT
[14:36:12.155] Bot26 moved forward to (0,1)
[14:36:12.155] Bot26 executed MOVE_FORWARD
[14:36:12.155] Starting turn for Bot38
[14:36:12.155] Bot38 rotated right to face WEST
[14:36:12.155] Bot38 executed ROTATE_RIGHT
[14:36:12.155] Bot38 moved forward to (9,8)
[14:36:12.155] Bot38 executed MOVE_FORWARD
[14:36:12.155] Starting turn for Bot26
[14:36:12.155] Bot26 rotated right to face SOUTH
[14:36:12.155] Bot26 executed ROTATE_RIGHT
[14:36:12.155] Bot26 moved forward to (1,1)
[14:36:12.155] Bot26 executed MOVE_FORWARD
[14:36:12.155] Starting turn for Bot38
[14:36:12.155] Bot38 rotated right to face NORTH
[14:36:12.155] Bot38 executed ROTATE_RIGHT
[14:36:12.155] Bot38 moved forward to (8,8)
[14:36:12.155] Bot38 executed MOVE_FORWARD
[14:36:12.155] Starting turn for Bot26
[14:36:12.155] Bot26 rotated left to face EAST
[14:36:12.155] Bot26 executed ROTATE_LEFT
[14:36:12.155] Bot26 moved forward to (1,2)
[14:36:12.155] Bot26 executed MOVE_FORWARD
[14:36:12.155] Starting turn for Bot38
[14:36:12.155] Bot38 rotated left to face WEST
[14:36:12.155] Bot38 executed ROTATE_LEFT
[14:36:12.155] Bot38 moved forward to (8,7)
[14:36:12.155] Bot38 executed MOVE_FORWARD
[14:36:12.155] Starting turn for Bot26
[14:36:12.155] Bot26 rotated right to face SOUTH
[14:36:12.155] Bot26 executed ROTATE_RIGHT
[14:36:12.155] Bot26 moved forward to (2,2)
[14:36:12.155] Bot26 executed MOVE_FORWARD
[14:36:12.155] Starting turn for Bot38
[14:36:12.155] Bot38 rotated right to face NORTH
[14:36:12.155] Bot38 executed ROTATE_RIGHT
[14:36:12.155] Bot38 moved forward to (7,7)
[14:36:12.155] Bot38 executed MOVE_FORWARD
[14:36:12.155] Starting turn for Bot26
[14:36:12.155] Bot26 rotated left to face EAST
[14:36:12.155] Bot26 executed ROTATE_LEFT
[14:36:12.155] Bot26 moved forward to (2,3)
[14:36:12.155] Bot26 executed MOVE_FORWARD
[14:36:12.155] Starting turn for Bot38
[14:36:12.155] Bot38 rotated left to face WEST
[14:36:12.155] Bot38 executed ROTATE_LEFT
[14:36:12.155] Bot38 moved forward to (7,6)
[14:36:12.155] Bot38 executed MOVE_FORWARD
[14:36:12.155] Starting turn for Bot26
[14:36:12.155] Bot26 rotated right to face SOUTH
[14:36:12.155] Bot26 executed ROTATE_RIGHT
[14:36:12.155] Bot26 moved forward to (3,3)
[14:36:12.155] Bot26 executed MOVE_FORWARD
[14:36:12.155] Starting turn for Bot38
[14:36:12.155] Bot38 rotated right to face NORTH
[14:36:12.155] Bot38 executed ROTATE_RIGHT
[14:36:12.155] Bot38 moved forward to (6,6)
[14:36:12.155] Bot38 executed MOVE_FORWARD
[14:36:12.155] Starting turn for Bot26
[14:36:12.155] Bot26 rotated left to face EAST
[14:36:12.155] Bot26 executed ROTATE_LEFT
[14:36:12.155] Bot26 moved forward to (3,4)
[14:36:12.155] Bot26 executed MOVE_FORWARD
[14:36:12.155] Starting turn for Bot38
[14:36:12.155] Bot38 rotated left to face WEST
[14:36:12.155] Bot38 executed ROTATE_LEFT
[14:36:12.155] Bot38 moved forward to (6,5)
[14:36:12.155] Bot38 executed MOVE_FORWARD
[14:36:12.155] Starting turn for Bot26
[14:36:12.155] Bot26 rotated right to face SOUTH
[14:36:12.155] Bot26 executed ROTATE_RIGHT
[14:36:12.155] Bot26 moved forward to (4,4)
[14:36:12.155] Bot26 executed MOVE_FORWARD
[14:36:12.156] Starting turn for Bot38
[14:36:12.156] Bot38 rotated right to face NORTH
[14:36:12.156] Bot38 executed ROTATE_RIGHT
[14:36:12.156] Bot38 moved forward to (5,5)
[14:36:12.156] Bot38 executed MOVE_FORWARD
[14:36:12.156] Starting turn for Bot26
[14:36:12.156] Bot26 rotated left to face EAST
[14:36:12.156] Bot26 executed ROTATE_LEFT
[14:36:12.156] Bot26 moved forward to (4,5)
[14:36:12.156] Bot26 executed MOVE_FORWARD
[14:36:12.156] Starting turn for Bot38
[14:36:12.156] Bot38 shooting in direction NORTH
[14:36:12.156] Bot38 hit Bot26 for 25 damage (health: 100 -> 75)
[14:36:12.156] Bot38 executed SHOOT
[14:36:12.156] Starting turn for Bot26
[14:36:12.156] Bot26 rotated right to face SOUTH
[14:36:12.156] Bot26 executed ROTATE_RIGHT
[14:36:12.156] Starting turn for Bot38
[14:36:12.156] Bot38 shooting in direction NORTH
[14:36:12.156] Bot38 hit Bot26 for 25 damage (health: 75 -> 50)
[14:36:12.156] Bot38 executed SHOOT
[14:36:12.156] Starting turn for Bot26
[14:36:12.156] Bot26 shooting in direction SOUTH
[14:36:12.156] Bot26 hit Bot38 for 25 damage (health: 100 -> 75)
[14:36:12.156] Bot26 executed SHOOT
[14:36:12.156] Starting turn for Bot38
[14:36:12.156] Bot38 shooting in direction NORTH
[14:36:12.156] Bot38 hit Bot26 for 25 damage (health: 50 -> 25)
[14:36:12.156] Bot38 executed SHOOT
[14:36:12.156] Starting turn for Bot26
[14:36:12.156] Bot26 shooting in direction SOUTH
[14:36:12.156] Bot26 hit Bot38 for 25 damage (health: 75 -> 50)
[14:36:12.156] Bot26 executed SHOOT
[14:36:12.156] Starting turn for Bot38
[14:36:12.156] Bot38 shooting in direction NORTH
[14:36:12.156] Bot38 hit Bot26 for 25 damage (health: 25 -> 0)
[14:36:12.156] Bot26 was destroyed!
[14:36:12.156] Bot38 is the last tank standing!
[14:36:12.156] Bot38 executed SHOOT
[14:36:12.156] Game Over! Bot38 wins!
[14:36:12.156] === Game Ended ===
