[19:20:39.455] === Game Started at 2025-01-16_19-20-39 ===
[19:20:39.455] Game initialized with 2 players
[19:20:39.455] Board size: 10
[19:20:39.455] Obstacle density: 0.05
[19:20:39.455] Max turns: 1000
[19:20:39.455] Player Bot4 starting at position (0,0) facing WEST
[19:20:39.455] Player Bot2 starting at position (9,9) facing EAST
[19:20:39.455] Obstacles at positions: (3,6) (4,2) (5,4) (8,2) (8,8)
[19:20:39.455] Starting turn for Bot4
[19:20:39.455] Bot4 rotated left to face SOUTH
[19:20:39.455] Bot4 executed ROTATE_LEFT
[19:20:39.455] Bot4 rotated left to face EAST
[19:20:39.455] Bot4 executed ROTATE_LEFT
[19:20:39.455] Bot4 moved forward to (0,1)
[19:20:39.455] Bot4 executed MOVE_FORWARD
[19:20:39.455] Starting turn for Bot2
[19:20:39.455] Bot2 rotated left to face NORTH
[19:20:39.455] Bot2 executed ROTATE_LEFT
[19:20:39.455] Bot2 rotated left to face WEST
[19:20:39.455] Bot2 executed ROTATE_LEFT
[19:20:39.455] Bot2 moved forward to (9,8)
[19:20:39.455] Bot2 executed MOVE_FORWARD
[19:20:39.455] Starting turn for Bot4
[19:20:39.455] Bot4 rotated right to face SOUTH
[19:20:39.455] Bot4 executed ROTATE_RIGHT
[19:20:39.455] Bot4 moved forward to (1,1)
[19:20:39.455] Bot4 executed MOVE_FORWARD
[19:20:39.455] Starting turn for Bot2
[19:20:39.455] Bot2 rotated right to face NORTH
[19:20:39.455] Bot2 executed ROTATE_RIGHT
[19:20:39.455] Starting turn for Bot4
[19:20:39.455] Bot4 rotated left to face EAST
[19:20:39.455] Bot4 executed ROTATE_LEFT
[19:20:39.455] Bot4 moved forward to (1,2)
[19:20:39.455] Bot4 executed MOVE_FORWARD
[19:20:39.455] Starting turn for Bot2
[19:20:39.455] Starting turn for Bot4
[19:20:39.455] Bot4 rotated right to face SOUTH
[19:20:39.455] Bot4 executed ROTATE_RIGHT
[19:20:39.455] Bot4 moved forward to (2,2)
[19:20:39.455] Bot4 executed MOVE_FORWARD
[19:20:39.455] Starting turn for Bot2
[19:20:39.455] Bot2 rotated right to face EAST
[19:20:39.455] Bot2 executed ROTATE_RIGHT
[19:20:39.455] Bot2 moved forward to (9,9)
[19:20:39.455] Bot2 executed MOVE_FORWARD
[19:20:39.455] Starting turn for Bot4
[19:20:39.455] Bot4 rotated left to face EAST
[19:20:39.455] Bot4 executed ROTATE_LEFT
[19:20:39.455] Bot4 moved forward to (2,3)
[19:20:39.455] Bot4 executed MOVE_FORWARD
[19:20:39.455] Starting turn for Bot2
[19:20:39.455] Bot2 rotated left to face NORTH
[19:20:39.455] Bot2 executed ROTATE_LEFT
[19:20:39.455] Bot2 rotated left to face WEST
[19:20:39.455] Bot2 executed ROTATE_LEFT
[19:20:39.455] Bot2 moved forward to (9,8)
[19:20:39.455] Bot2 executed MOVE_FORWARD
[19:20:39.455] Starting turn for Bot4
[19:20:39.456] Bot4 rotated right to face SOUTH
[19:20:39.456] Bot4 executed ROTATE_RIGHT
[19:20:39.456] Bot4 moved forward to (3,3)
[19:20:39.456] Bot4 executed MOVE_FORWARD
[19:20:39.456] Starting turn for Bot2
[19:20:39.456] Bot2 rotated right to face NORTH
[19:20:39.456] Bot2 executed ROTATE_RIGHT
[19:20:39.456] Starting turn for Bot4
[19:20:39.456] Bot4 rotated left to face EAST
[19:20:39.456] Bot4 executed ROTATE_LEFT
[19:20:39.456] Bot4 moved forward to (3,4)
[19:20:39.456] Bot4 executed MOVE_FORWARD
[19:20:39.456] Starting turn for Bot2
[19:20:39.456] Starting turn for Bot4
[19:20:39.456] Bot4 rotated right to face SOUTH
[19:20:39.456] Bot4 executed ROTATE_RIGHT
[19:20:39.456] Bot4 moved forward to (4,4)
[19:20:39.456] Bot4 executed MOVE_FORWARD
[19:20:39.456] Starting turn for Bot2
[19:20:39.456] Bot2 rotated right to face EAST
[19:20:39.456] Bot2 executed ROTATE_RIGHT
[19:20:39.456] Bot2 moved forward to (9,9)
[19:20:39.456] Bot2 executed MOVE_FORWARD
[19:20:39.456] Starting turn for Bot4
[19:20:39.456] Bot4 rotated left to face EAST
[19:20:39.456] Bot4 executed ROTATE_LEFT
[19:20:39.456] Bot4 moved forward to (4,5)
[19:20:39.456] Bot4 executed MOVE_FORWARD
[19:20:39.456] Starting turn for Bot2
[19:20:39.456] Bot2 rotated left to face NORTH
[19:20:39.456] Bot2 executed ROTATE_LEFT
[19:20:39.456] Bot2 rotated left to face WEST
[19:20:39.456] Bot2 executed ROTATE_LEFT
[19:20:39.456] Bot2 moved forward to (9,8)
[19:20:39.456] Bot2 executed MOVE_FORWARD
[19:20:39.456] Starting turn for Bot4
[19:20:39.456] Bot4 rotated right to face SOUTH
[19:20:39.456] Bot4 executed ROTATE_RIGHT
[19:20:39.456] Bot4 moved forward to (5,5)
[19:20:39.456] Bot4 executed MOVE_FORWARD
[19:20:39.456] Starting turn for Bot2
[19:20:39.456] Bot2 rotated right to face NORTH
[19:20:39.456] Bot2 executed ROTATE_RIGHT
[19:20:39.456] Starting turn for Bot4
[19:20:39.456] Starting turn for Bot2
[19:20:39.456] Starting turn for Bot4
[19:20:39.456] Starting turn for Bot2
[19:20:39.456] Bot2 rotated right to face EAST
[19:20:39.456] Bot2 executed ROTATE_RIGHT
[19:20:39.456] Bot2 moved forward to (9,9)
[19:20:39.456] Bot2 executed MOVE_FORWARD
[19:20:39.456] Starting turn for Bot4
[19:20:39.456] Starting turn for Bot2
[19:20:39.456] Bot2 rotated left to face NORTH
[19:20:39.456] Bot2 executed ROTATE_LEFT
[19:20:39.456] Bot2 rotated left to face WEST
[19:20:39.456] Bot2 executed ROTATE_LEFT
[19:20:39.456] Bot2 moved forward to (9,8)
[19:20:39.456] Bot2 executed MOVE_FORWARD
[19:20:39.456] Starting turn for Bot4
[19:20:39.456] Starting turn for Bot2
[19:20:39.456] Bot2 rotated right to face NORTH
[19:20:39.456] Bot2 executed ROTATE_RIGHT
[19:20:39.456] Starting turn for Bot4
[19:20:39.456] Starting turn for Bot2
[19:20:39.456] Starting turn for Bot4
[19:20:39.456] Starting turn for Bot2
[19:20:39.456] Bot2 rotated right to face EAST
[19:20:39.456] Bot2 executed ROTATE_RIGHT
[19:20:39.456] Bot2 moved forward to (9,9)
[19:20:39.456] Bot2 executed MOVE_FORWARD
[19:20:39.456] Starting turn for Bot4
[19:20:39.456] Starting turn for Bot2
[19:20:39.456] Bot2 rotated left to face NORTH
[19:20:39.456] Bot2 executed ROTATE_LEFT
[19:20:39.456] Bot2 rotated left to face WEST
[19:20:39.456] Bot2 executed ROTATE_LEFT
[19:20:39.456] Bot2 moved forward to (9,8)
[19:20:39.456] Bot2 executed MOVE_FORWARD
[19:20:39.456] Starting turn for Bot4
[19:20:39.456] Starting turn for Bot2
[19:20:39.456] Bot2 rotated right to face NORTH
[19:20:39.456] Bot2 executed ROTATE_RIGHT
[19:20:39.456] Starting turn for Bot4
[19:20:39.456] Starting turn for Bot2
[19:20:39.456] Starting turn for Bot4
[19:20:39.456] Starting turn for Bot2
[19:20:39.456] Stalemate detected: State repeated 10 times, unchanged for 2 turns
[19:20:39.456] Game Over! Stalemate detected!
[19:20:39.456] Stalemate detected: State repeated 10 times, unchanged for 2 turns
