[14:36:05.349] === Game Started at 2025-02-04_14-36-05 ===
[14:36:05.349] Game initialized with 2 players
[14:36:05.349] Board size: 10
[14:36:05.349] Obstacle density: 0.05
[14:36:05.349] Max turns: 1000
[14:36:05.349] Player Bot21 starting at position (0,0) facing EAST
[14:36:05.349] Player Bot18 starting at position (9,9) facing WEST
[14:36:05.349] Obstacles at positions: (0,5) (1,6) (1,8) (3,3) (6,8)
[14:36:05.349] Starting turn for Bot21
[14:36:05.349] Bot21 moved forward to (0,1)
[14:36:05.349] Bot21 executed MOVE_FORWARD
[14:36:05.349] Starting turn for Bot18
[14:36:05.349] Bot18 moved forward to (9,8)
[14:36:05.349] Bot18 executed MOVE_FORWARD
[14:36:05.349] Starting turn for Bot21
[14:36:05.349] Bot21 rotated right to face SOUTH
[14:36:05.349] Bot21 executed ROTATE_RIGHT
[14:36:05.349] Bot21 moved forward to (1,1)
[14:36:05.349] Bot21 executed MOVE_FORWARD
[14:36:05.349] Starting turn for Bot18
[14:36:05.349] Bot18 rotated right to face NORTH
[14:36:05.349] Bot18 executed ROTATE_RIGHT
[14:36:05.349] Bot18 moved forward to (8,8)
[14:36:05.349] Bot18 executed MOVE_FORWARD
[14:36:05.349] Starting turn for Bot21
[14:36:05.349] Bot21 rotated left to face EAST
[14:36:05.349] Bot21 executed ROTATE_LEFT
[14:36:05.349] Bot21 moved forward to (1,2)
[14:36:05.349] Bot21 executed MOVE_FORWARD
[14:36:05.349] Starting turn for Bot18
[14:36:05.349] Bot18 rotated left to face WEST
[14:36:05.349] Bot18 executed ROTATE_LEFT
[14:36:05.349] Bot18 moved forward to (8,7)
[14:36:05.349] Bot18 executed MOVE_FORWARD
[14:36:05.349] Starting turn for Bot21
[14:36:05.349] Bot21 rotated right to face SOUTH
[14:36:05.349] Bot21 executed ROTATE_RIGHT
[14:36:05.349] Bot21 moved forward to (2,2)
[14:36:05.349] Bot21 executed MOVE_FORWARD
[14:36:05.349] Starting turn for Bot18
[14:36:05.349] Bot18 rotated right to face NORTH
[14:36:05.349] Bot18 executed ROTATE_RIGHT
[14:36:05.350] Bot18 moved forward to (7,7)
[14:36:05.350] Bot18 executed MOVE_FORWARD
[14:36:05.350] Starting turn for Bot21
[14:36:05.350] Bot21 rotated left to face EAST
[14:36:05.350] Bot21 executed ROTATE_LEFT
[14:36:05.350] Bot21 moved forward to (2,3)
[14:36:05.350] Bot21 executed MOVE_FORWARD
[14:36:05.350] Starting turn for Bot18
[14:36:05.350] Bot18 rotated left to face WEST
[14:36:05.350] Bot18 executed ROTATE_LEFT
[14:36:05.350] Bot18 moved forward to (7,6)
[14:36:05.350] Bot18 executed MOVE_FORWARD
[14:36:05.350] Starting turn for Bot21
[14:36:05.350] Bot21 rotated right to face SOUTH
[14:36:05.350] Bot21 executed ROTATE_RIGHT
[14:36:05.350] Starting turn for Bot18
[14:36:05.350] Bot18 rotated right to face NORTH
[14:36:05.350] Bot18 executed ROTATE_RIGHT
[14:36:05.350] Bot18 moved forward to (6,6)
[14:36:05.350] Bot18 executed MOVE_FORWARD
[14:36:05.350] Starting turn for Bot21
[14:36:05.350] Starting turn for Bot18
[14:36:05.350] Bot18 rotated left to face WEST
[14:36:05.350] Bot18 executed ROTATE_LEFT
[14:36:05.350] Bot18 moved forward to (6,5)
[14:36:05.350] Bot18 executed MOVE_FORWARD
[14:36:05.350] Starting turn for Bot21
[14:36:05.350] Bot21 rotated left to face EAST
[14:36:05.350] Bot21 executed ROTATE_LEFT
[14:36:05.350] Bot21 rotated left to face NORTH
[14:36:05.350] Bot21 executed ROTATE_LEFT
[14:36:05.350] Bot21 moved forward to (1,3)
[14:36:05.350] Bot21 executed MOVE_FORWARD
[14:36:05.350] Starting turn for Bot18
[14:36:05.350] Bot18 rotated right to face NORTH
[14:36:05.350] Bot18 executed ROTATE_RIGHT
[14:36:05.350] Bot18 moved forward to (5,5)
[14:36:05.350] Bot18 executed MOVE_FORWARD
[14:36:05.350] Starting turn for Bot21
[14:36:05.350] Bot21 rotated left to face WEST
[14:36:05.350] Bot21 executed ROTATE_LEFT
[14:36:05.350] Bot21 rotated left to face SOUTH
[14:36:05.350] Bot21 executed ROTATE_LEFT
[14:36:05.350] Bot21 moved forward to (2,3)
[14:36:05.350] Bot21 executed MOVE_FORWARD
[14:36:05.350] Starting turn for Bot18
[14:36:05.350] Starting turn for Bot21
[14:36:05.350] Starting turn for Bot18
[14:36:05.350] Starting turn for Bot21
[14:36:05.350] Starting turn for Bot18
[14:36:05.350] Starting turn for Bot21
[14:36:05.350] Bot21 rotated left to face EAST
[14:36:05.350] Bot21 executed ROTATE_LEFT
[14:36:05.350] Bot21 rotated left to face NORTH
[14:36:05.350] Bot21 executed ROTATE_LEFT
[14:36:05.350] Bot21 moved forward to (1,3)
[14:36:05.350] Bot21 executed MOVE_FORWARD
[14:36:05.350] Starting turn for Bot18
[14:36:05.350] Starting turn for Bot21
[14:36:05.350] Bot21 rotated left to face WEST
[14:36:05.350] Bot21 executed ROTATE_LEFT
[14:36:05.350] Bot21 rotated left to face SOUTH
[14:36:05.350] Bot21 executed ROTATE_LEFT
[14:36:05.350] Bot21 moved forward to (2,3)
[14:36:05.350] Bot21 executed MOVE_FORWARD
[14:36:05.350] Starting turn for Bot18
[14:36:05.350] Starting turn for Bot21
[14:36:05.350] Starting turn for Bot18
[14:36:05.350] Starting turn for Bot21
[14:36:05.350] Starting turn for Bot18
[14:36:05.350] Starting turn for Bot21
[14:36:05.350] Bot21 rotated left to face EAST
[14:36:05.350] Bot21 executed ROTATE_LEFT
[14:36:05.350] Bot21 rotated left to face NORTH
[14:36:05.350] Bot21 executed ROTATE_LEFT
[14:36:05.350] Bot21 moved forward to (1,3)
[14:36:05.350] Bot21 executed MOVE_FORWARD
[14:36:05.350] Starting turn for Bot18
[14:36:05.350] Starting turn for Bot21
[14:36:05.350] Bot21 rotated left to face WEST
[14:36:05.350] Bot21 executed ROTATE_LEFT
[14:36:05.350] Bot21 rotated left to face SOUTH
[14:36:05.350] Bot21 executed ROTATE_LEFT
[14:36:05.350] Bot21 moved forward to (2,3)
[14:36:05.350] Bot21 executed MOVE_FORWARD
[14:36:05.350] Starting turn for Bot18
[14:36:05.350] Starting turn for Bot21
[14:36:05.350] Starting turn for Bot18
[14:36:05.350] Starting turn for Bot21
[14:36:05.350] Starting turn for Bot18
[14:36:05.350] Starting turn for Bot21
[14:36:05.350] Bot21 rotated left to face EAST
[14:36:05.350] Bot21 executed ROTATE_LEFT
[14:36:05.350] Bot21 rotated left to face NORTH
[14:36:05.350] Bot21 executed ROTATE_LEFT
[14:36:05.350] Bot21 moved forward to (1,3)
[14:36:05.350] Bot21 executed MOVE_FORWARD
[14:36:05.350] Starting turn for Bot18
[14:36:05.350] Starting turn for Bot21
[14:36:05.350] Bot21 rotated left to face WEST
[14:36:05.350] Bot21 executed ROTATE_LEFT
[14:36:05.350] Bot21 rotated left to face SOUTH
[14:36:05.350] Bot21 executed ROTATE_LEFT
[14:36:05.350] Bot21 moved forward to (2,3)
[14:36:05.350] Bot21 executed MOVE_FORWARD
[14:36:05.350] Starting turn for Bot18
[14:36:05.350] Stalemate detected: State repeated 10 times, unchanged for 3 turns
[14:36:05.350] Game Over! Stalemate detected!
[14:36:05.350] Stalemate detected: State repeated 10 times, unchanged for 3 turns
