[14:35:45.618] === Game Started at 2025-02-04_14-35-45 ===
[14:35:45.618] Game initialized with 2 players
[14:35:45.618] Board size: 10
[14:35:45.618] Obstacle density: 0.05
[14:35:45.618] Max turns: 1000
[14:35:45.618] Player Bot14 starting at position (0,0) facing SOUTH
[14:35:45.618] Player Bot4 starting at position (9,9) facing EAST
[14:35:45.618] Obstacles at positions: (0,8) (2,3) (3,0) (6,5) (7,1)
[14:35:45.618] Starting turn for Bot14
[14:35:45.618] Bot14 rotated left to face EAST
[14:35:45.618] Bot14 executed ROTATE_LEFT
[14:35:45.618] Bot14 moved forward to (0,1)
[14:35:45.619] Bot14 executed MOVE_FORWARD
[14:35:45.619] Starting turn for Bot4
[14:35:45.619] Bot4 rotated left to face NORTH
[14:35:45.619] Bot4 executed ROTATE_LEFT
[14:35:45.619] Bot4 rotated left to face WEST
[14:35:45.619] Bot4 executed ROTATE_LEFT
[14:35:45.619] Bot4 moved forward to (9,8)
[14:35:45.619] Bot4 executed MOVE_FORWARD
[14:35:45.619] Starting turn for Bot14
[14:35:45.619] Bot14 rotated right to face SOUTH
[14:35:45.619] Bot14 executed ROTATE_RIGHT
[14:35:45.619] Bot14 moved forward to (1,1)
[14:35:45.619] Bot14 executed MOVE_FORWARD
[14:35:45.619] Starting turn for Bot4
[14:35:45.619] Bot4 rotated right to face NORTH
[14:35:45.619] Bot4 executed ROTATE_RIGHT
[14:35:45.619] Bot4 moved forward to (8,8)
[14:35:45.619] Bot4 executed MOVE_FORWARD
[14:35:45.619] Starting turn for Bot14
[14:35:45.619] Bot14 rotated left to face EAST
[14:35:45.619] Bot14 executed ROTATE_LEFT
[14:35:45.619] Bot14 moved forward to (1,2)
[14:35:45.619] Bot14 executed MOVE_FORWARD
[14:35:45.619] Starting turn for Bot4
[14:35:45.619] Bot4 rotated left to face WEST
[14:35:45.619] Bot4 executed ROTATE_LEFT
[14:35:45.619] Bot4 moved forward to (8,7)
[14:35:45.619] Bot4 executed MOVE_FORWARD
[14:35:45.619] Starting turn for Bot14
[14:35:45.619] Bot14 rotated right to face SOUTH
[14:35:45.619] Bot14 executed ROTATE_RIGHT
[14:35:45.619] Bot14 moved forward to (2,2)
[14:35:45.619] Bot14 executed MOVE_FORWARD
[14:35:45.619] Starting turn for Bot4
[14:35:45.619] Bot4 rotated right to face NORTH
[14:35:45.619] Bot4 executed ROTATE_RIGHT
[14:35:45.619] Bot4 moved forward to (7,7)
[14:35:45.619] Bot4 executed MOVE_FORWARD
[14:35:45.619] Starting turn for Bot14
[14:35:45.619] Bot14 rotated left to face EAST
[14:35:45.619] Bot14 executed ROTATE_LEFT
[14:35:45.619] Starting turn for Bot4
[14:35:45.619] Bot4 rotated left to face WEST
[14:35:45.619] Bot4 executed ROTATE_LEFT
[14:35:45.619] Bot4 moved forward to (7,6)
[14:35:45.619] Bot4 executed MOVE_FORWARD
[14:35:45.619] Starting turn for Bot14
[14:35:45.619] Starting turn for Bot4
[14:35:45.619] Bot4 rotated right to face NORTH
[14:35:45.619] Bot4 executed ROTATE_RIGHT
[14:35:45.619] Bot4 moved forward to (6,6)
[14:35:45.619] Bot4 executed MOVE_FORWARD
[14:35:45.619] Starting turn for Bot14
[14:35:45.619] Bot14 rotated left to face NORTH
[14:35:45.619] Bot14 executed ROTATE_LEFT
[14:35:45.619] Bot14 moved forward to (1,2)
[14:35:45.619] Bot14 executed MOVE_FORWARD
[14:35:45.619] Starting turn for Bot4
[14:35:45.619] Bot4 rotated left to face WEST
[14:35:45.619] Bot4 executed ROTATE_LEFT
[14:35:45.619] Starting turn for Bot14
[14:35:45.619] Bot14 rotated left to face WEST
[14:35:45.619] Bot14 executed ROTATE_LEFT
[14:35:45.619] Bot14 rotated left to face SOUTH
[14:35:45.619] Bot14 executed ROTATE_LEFT
[14:35:45.619] Bot14 moved forward to (2,2)
[14:35:45.619] Bot14 executed MOVE_FORWARD
[14:35:45.619] Starting turn for Bot4
[14:35:45.619] Starting turn for Bot14
[14:35:45.619] Bot14 rotated left to face EAST
[14:35:45.619] Bot14 executed ROTATE_LEFT
[14:35:45.619] Starting turn for Bot4
[14:35:45.619] Bot4 rotated right to face NORTH
[14:35:45.619] Bot4 executed ROTATE_RIGHT
[14:35:45.619] Bot4 moved forward to (5,6)
[14:35:45.619] Bot4 executed MOVE_FORWARD
[14:35:45.619] Starting turn for Bot14
[14:35:45.619] Starting turn for Bot4
[14:35:45.619] Bot4 rotated left to face WEST
[14:35:45.619] Bot4 executed ROTATE_LEFT
[14:35:45.619] Bot4 moved forward to (5,5)
[14:35:45.619] Bot4 executed MOVE_FORWARD
[14:35:45.619] Starting turn for Bot14
[14:35:45.619] Bot14 rotated left to face NORTH
[14:35:45.619] Bot14 executed ROTATE_LEFT
[14:35:45.619] Bot14 moved forward to (1,2)
[14:35:45.619] Bot14 executed MOVE_FORWARD
[14:35:45.619] Starting turn for Bot4
[14:35:45.619] Starting turn for Bot14
[14:35:45.619] Bot14 rotated left to face WEST
[14:35:45.619] Bot14 executed ROTATE_LEFT
[14:35:45.619] Bot14 rotated left to face SOUTH
[14:35:45.619] Bot14 executed ROTATE_LEFT
[14:35:45.619] Bot14 moved forward to (2,2)
[14:35:45.619] Bot14 executed MOVE_FORWARD
[14:35:45.619] Starting turn for Bot4
[14:35:45.619] Starting turn for Bot14
[14:35:45.619] Bot14 rotated left to face EAST
[14:35:45.619] Bot14 executed ROTATE_LEFT
[14:35:45.619] Starting turn for Bot4
[14:35:45.619] Starting turn for Bot14
[14:35:45.619] Starting turn for Bot4
[14:35:45.619] Starting turn for Bot14
[14:35:45.619] Bot14 rotated left to face NORTH
[14:35:45.619] Bot14 executed ROTATE_LEFT
[14:35:45.619] Bot14 moved forward to (1,2)
[14:35:45.619] Bot14 executed MOVE_FORWARD
[14:35:45.619] Starting turn for Bot4
[14:35:45.619] Starting turn for Bot14
[14:35:45.619] Bot14 rotated left to face WEST
[14:35:45.619] Bot14 executed ROTATE_LEFT
[14:35:45.619] Bot14 rotated left to face SOUTH
[14:35:45.619] Bot14 executed ROTATE_LEFT
[14:35:45.619] Bot14 moved forward to (2,2)
[14:35:45.619] Bot14 executed MOVE_FORWARD
[14:35:45.619] Starting turn for Bot4
[14:35:45.619] Starting turn for Bot14
[14:35:45.619] Bot14 rotated left to face EAST
[14:35:45.619] Bot14 executed ROTATE_LEFT
[14:35:45.619] Starting turn for Bot4
[14:35:45.619] Starting turn for Bot14
[14:35:45.619] Starting turn for Bot4
[14:35:45.619] Starting turn for Bot14
[14:35:45.619] Bot14 rotated left to face NORTH
[14:35:45.619] Bot14 executed ROTATE_LEFT
[14:35:45.619] Bot14 moved forward to (1,2)
[14:35:45.619] Bot14 executed MOVE_FORWARD
[14:35:45.619] Starting turn for Bot4
[14:35:45.619] Starting turn for Bot14
[14:35:45.619] Bot14 rotated left to face WEST
[14:35:45.619] Bot14 executed ROTATE_LEFT
[14:35:45.619] Bot14 rotated left to face SOUTH
[14:35:45.619] Bot14 executed ROTATE_LEFT
[14:35:45.619] Bot14 moved forward to (2,2)
[14:35:45.619] Bot14 executed MOVE_FORWARD
[14:35:45.619] Starting turn for Bot4
[14:35:45.619] Starting turn for Bot14
[14:35:45.619] Bot14 rotated left to face EAST
[14:35:45.619] Bot14 executed ROTATE_LEFT
[14:35:45.619] Starting turn for Bot4
[14:35:45.619] Stalemate detected: State repeated 10 times, unchanged for 1 turns
[14:35:45.619] Game Over! Stalemate detected!
[14:35:45.619] Stalemate detected: State repeated 10 times, unchanged for 1 turns
