[14:36:12.380] === Game Started at 2025-02-04_14-36-12 ===
[14:36:12.380] Game initialized with 2 players
[14:36:12.380] Board size: 10
[14:36:12.380] Obstacle density: 0.05
[14:36:12.380] Max turns: 1000
[14:36:12.380] Player Bot30 starting at position (0,0) facing WEST
[14:36:12.380] Player Bot27 starting at position (9,9) facing SOUTH
[14:36:12.380] Obstacles at positions: (1,7) (3,1) (4,5) (7,7) (9,3)
[14:36:12.380] Starting turn for Bot30
[14:36:12.380] Bot30 rotated left to face SOUTH
[14:36:12.380] Bot30 executed ROTATE_LEFT
[14:36:12.380] Bot30 rotated left to face EAST
[14:36:12.381] Bot30 executed ROTATE_LEFT
[14:36:12.381] Bot30 moved forward to (0,1)
[14:36:12.381] Bot30 executed MOVE_FORWARD
[14:36:12.381] Starting turn for Bot27
[14:36:12.381] Bot27 rotated right to face WEST
[14:36:12.381] Bot27 executed ROTATE_RIGHT
[14:36:12.381] Bot27 moved forward to (9,8)
[14:36:12.381] Bot27 executed MOVE_FORWARD
[14:36:12.381] Starting turn for Bot30
[14:36:12.381] Bot30 rotated right to face SOUTH
[14:36:12.381] Bot30 executed ROTATE_RIGHT
[14:36:12.381] Bot30 moved forward to (1,1)
[14:36:12.381] Bot30 executed MOVE_FORWARD
[14:36:12.381] Starting turn for Bot27
[14:36:12.381] Bot27 rotated right to face NORTH
[14:36:12.381] Bot27 executed ROTATE_RIGHT
[14:36:12.381] Bot27 moved forward to (8,8)
[14:36:12.381] Bot27 executed MOVE_FORWARD
[14:36:12.381] Starting turn for Bot30
[14:36:12.381] Bot30 rotated left to face EAST
[14:36:12.381] Bot30 executed ROTATE_LEFT
[14:36:12.381] Bot30 moved forward to (1,2)
[14:36:12.381] Bot30 executed MOVE_FORWARD
[14:36:12.381] Starting turn for Bot27
[14:36:12.381] Bot27 rotated left to face WEST
[14:36:12.381] Bot27 executed ROTATE_LEFT
[14:36:12.381] Bot27 moved forward to (8,7)
[14:36:12.381] Bot27 executed MOVE_FORWARD
[14:36:12.381] Starting turn for Bot30
[14:36:12.381] Bot30 rotated right to face SOUTH
[14:36:12.381] Bot30 executed ROTATE_RIGHT
[14:36:12.381] Bot30 moved forward to (2,2)
[14:36:12.381] Bot30 executed MOVE_FORWARD
[14:36:12.381] Starting turn for Bot27
[14:36:12.381] Bot27 rotated right to face NORTH
[14:36:12.381] Bot27 executed ROTATE_RIGHT
[14:36:12.381] Starting turn for Bot30
[14:36:12.381] Bot30 rotated left to face EAST
[14:36:12.381] Bot30 executed ROTATE_LEFT
[14:36:12.381] Bot30 moved forward to (2,3)
[14:36:12.381] Bot30 executed MOVE_FORWARD
[14:36:12.381] Starting turn for Bot27
[14:36:12.381] Starting turn for Bot30
[14:36:12.381] Bot30 rotated right to face SOUTH
[14:36:12.381] Bot30 executed ROTATE_RIGHT
[14:36:12.381] Bot30 moved forward to (3,3)
[14:36:12.381] Bot30 executed MOVE_FORWARD
[14:36:12.381] Starting turn for Bot27
[14:36:12.381] Bot27 rotated right to face EAST
[14:36:12.381] Bot27 executed ROTATE_RIGHT
[14:36:12.381] Bot27 moved forward to (8,8)
[14:36:12.381] Bot27 executed MOVE_FORWARD
[14:36:12.381] Starting turn for Bot30
[14:36:12.381] Bot30 rotated left to face EAST
[14:36:12.381] Bot30 executed ROTATE_LEFT
[14:36:12.381] Bot30 moved forward to (3,4)
[14:36:12.381] Bot30 executed MOVE_FORWARD
[14:36:12.381] Starting turn for Bot27
[14:36:12.381] Bot27 rotated left to face NORTH
[14:36:12.381] Bot27 executed ROTATE_LEFT
[14:36:12.381] Bot27 rotated left to face WEST
[14:36:12.381] Bot27 executed ROTATE_LEFT
[14:36:12.381] Bot27 moved forward to (8,7)
[14:36:12.381] Bot27 executed MOVE_FORWARD
[14:36:12.381] Starting turn for Bot30
[14:36:12.381] Bot30 rotated right to face SOUTH
[14:36:12.381] Bot30 executed ROTATE_RIGHT
[14:36:12.381] Bot30 moved forward to (4,4)
[14:36:12.381] Bot30 executed MOVE_FORWARD
[14:36:12.381] Starting turn for Bot27
[14:36:12.381] Bot27 rotated right to face NORTH
[14:36:12.381] Bot27 executed ROTATE_RIGHT
[14:36:12.381] Starting turn for Bot30
[14:36:12.381] Bot30 rotated left to face EAST
[14:36:12.381] Bot30 executed ROTATE_LEFT
[14:36:12.381] Starting turn for Bot27
[14:36:12.381] Starting turn for Bot30
[14:36:12.381] Starting turn for Bot27
[14:36:12.381] Bot27 rotated right to face EAST
[14:36:12.381] Bot27 executed ROTATE_RIGHT
[14:36:12.381] Bot27 moved forward to (8,8)
[14:36:12.381] Bot27 executed MOVE_FORWARD
[14:36:12.381] Starting turn for Bot30
[14:36:12.381] Bot30 rotated left to face NORTH
[14:36:12.381] Bot30 executed ROTATE_LEFT
[14:36:12.381] Bot30 moved forward to (3,4)
[14:36:12.381] Bot30 executed MOVE_FORWARD
[14:36:12.381] Starting turn for Bot27
[14:36:12.381] Bot27 rotated left to face NORTH
[14:36:12.381] Bot27 executed ROTATE_LEFT
[14:36:12.381] Bot27 rotated left to face WEST
[14:36:12.381] Bot27 executed ROTATE_LEFT
[14:36:12.381] Bot27 moved forward to (8,7)
[14:36:12.381] Bot27 executed MOVE_FORWARD
[14:36:12.381] Starting turn for Bot30
[14:36:12.381] Bot30 rotated left to face WEST
[14:36:12.381] Bot30 executed ROTATE_LEFT
[14:36:12.381] Bot30 rotated left to face SOUTH
[14:36:12.381] Bot30 executed ROTATE_LEFT
[14:36:12.381] Bot30 moved forward to (4,4)
[14:36:12.381] Bot30 executed MOVE_FORWARD
[14:36:12.381] Starting turn for Bot27
[14:36:12.381] Bot27 rotated right to face NORTH
[14:36:12.381] Bot27 executed ROTATE_RIGHT
[14:36:12.381] Starting turn for Bot30
[14:36:12.381] Bot30 rotated left to face EAST
[14:36:12.381] Bot30 executed ROTATE_LEFT
[14:36:12.381] Starting turn for Bot27
[14:36:12.381] Starting turn for Bot30
[14:36:12.381] Starting turn for Bot27
[14:36:12.381] Bot27 rotated right to face EAST
[14:36:12.381] Bot27 executed ROTATE_RIGHT
[14:36:12.381] Bot27 moved forward to (8,8)
[14:36:12.381] Bot27 executed MOVE_FORWARD
[14:36:12.381] Starting turn for Bot30
[14:36:12.381] Bot30 rotated left to face NORTH
[14:36:12.381] Bot30 executed ROTATE_LEFT
[14:36:12.381] Bot30 moved forward to (3,4)
[14:36:12.381] Bot30 executed MOVE_FORWARD
[14:36:12.381] Starting turn for Bot27
[14:36:12.381] Bot27 rotated left to face NORTH
[14:36:12.381] Bot27 executed ROTATE_LEFT
[14:36:12.381] Bot27 rotated left to face WEST
[14:36:12.381] Bot27 executed ROTATE_LEFT
[14:36:12.381] Bot27 moved forward to (8,7)
[14:36:12.381] Bot27 executed MOVE_FORWARD
[14:36:12.381] Starting turn for Bot30
[14:36:12.381] Bot30 rotated left to face WEST
[14:36:12.381] Bot30 executed ROTATE_LEFT
[14:36:12.381] Bot30 rotated left to face SOUTH
[14:36:12.381] Bot30 executed ROTATE_LEFT
[14:36:12.381] Bot30 moved forward to (4,4)
[14:36:12.381] Bot30 executed MOVE_FORWARD
[14:36:12.381] Starting turn for Bot27
[14:36:12.381] Bot27 rotated right to face NORTH
[14:36:12.381] Bot27 executed ROTATE_RIGHT
[14:36:12.381] Starting turn for Bot30
[14:36:12.381] Bot30 rotated left to face EAST
[14:36:12.381] Bot30 executed ROTATE_LEFT
[14:36:12.381] Starting turn for Bot27
[14:36:12.381] Starting turn for Bot30
[14:36:12.381] Starting turn for Bot27
[14:36:12.381] Bot27 rotated right to face EAST
[14:36:12.381] Bot27 executed ROTATE_RIGHT
[14:36:12.381] Bot27 moved forward to (8,8)
[14:36:12.381] Bot27 executed MOVE_FORWARD
[14:36:12.381] Starting turn for Bot30
[14:36:12.381] Bot30 rotated left to face NORTH
[14:36:12.381] Bot30 executed ROTATE_LEFT
[14:36:12.381] Bot30 moved forward to (3,4)
[14:36:12.381] Bot30 executed MOVE_FORWARD
[14:36:12.381] Starting turn for Bot27
[14:36:12.381] Bot27 rotated left to face NORTH
[14:36:12.381] Bot27 executed ROTATE_LEFT
[14:36:12.381] Bot27 rotated left to face WEST
[14:36:12.381] Bot27 executed ROTATE_LEFT
[14:36:12.381] Bot27 moved forward to (8,7)
[14:36:12.381] Bot27 executed MOVE_FORWARD
[14:36:12.381] Starting turn for Bot30
[14:36:12.381] Bot30 rotated left to face WEST
[14:36:12.381] Bot30 executed ROTATE_LEFT
[14:36:12.381] Bot30 rotated left to face SOUTH
[14:36:12.381] Bot30 executed ROTATE_LEFT
[14:36:12.381] Bot30 moved forward to (4,4)
[14:36:12.381] Bot30 executed MOVE_FORWARD
[14:36:12.381] Starting turn for Bot27
[14:36:12.381] Bot27 rotated right to face NORTH
[14:36:12.381] Bot27 executed ROTATE_RIGHT
[14:36:12.381] Starting turn for Bot30
[14:36:12.381] Bot30 rotated left to face EAST
[14:36:12.381] Bot30 executed ROTATE_LEFT
[14:36:12.381] Starting turn for Bot27
[14:36:12.381] Stalemate detected: State repeated 10 times, unchanged for 3 turns
[14:36:12.381] Game Over! Stalemate detected!
[14:36:12.381] Stalemate detected: State repeated 10 times, unchanged for 3 turns
