[14:35:52.169] === Game Started at 2025-02-04_14-35-52 ===
[14:35:52.169] Game initialized with 2 players
[14:35:52.169] Board size: 10
[14:35:52.169] Obstacle density: 0.05
[14:35:52.169] Max turns: 1000
[14:35:52.169] Player Bot31 starting at position (0,0) facing WEST
[14:35:52.169] Player Bot7 starting at position (9,9) facing SOUTH
[14:35:52.169] Obstacles at positions: (2,3) (6,9) (7,2) (7,4) (9,7)
[14:35:52.169] Starting turn for Bot31
[14:35:52.169] Bot31 rotated left to face SOUTH
[14:35:52.169] Bot31 executed ROTATE_LEFT
[14:35:52.169] Bot31 rotated left to face EAST
[14:35:52.169] Bot31 executed ROTATE_LEFT
[14:35:52.169] Bot31 moved forward to (0,1)
[14:35:52.169] Bot31 executed MOVE_FORWARD
[14:35:52.169] Starting turn for Bot7
[14:35:52.169] Bot7 rotated right to face WEST
[14:35:52.169] Bot7 executed ROTATE_RIGHT
[14:35:52.169] Bot7 moved forward to (9,8)
[14:35:52.169] Bot7 executed MOVE_FORWARD
[14:35:52.169] Starting turn for Bot31
[14:35:52.169] Bot31 rotated right to face SOUTH
[14:35:52.169] Bot31 executed ROTATE_RIGHT
[14:35:52.169] Bot31 moved forward to (1,1)
[14:35:52.169] Bot31 executed MOVE_FORWARD
[14:35:52.169] Starting turn for Bot7
[14:35:52.169] Bot7 rotated right to face NORTH
[14:35:52.169] Bot7 executed ROTATE_RIGHT
[14:35:52.169] Bot7 moved forward to (8,8)
[14:35:52.169] Bot7 executed MOVE_FORWARD
[14:35:52.169] Starting turn for Bot31
[14:35:52.169] Bot31 rotated left to face EAST
[14:35:52.169] Bot31 executed ROTATE_LEFT
[14:35:52.169] Bot31 moved forward to (1,2)
[14:35:52.169] Bot31 executed MOVE_FORWARD
[14:35:52.169] Starting turn for Bot7
[14:35:52.169] Bot7 rotated left to face WEST
[14:35:52.169] Bot7 executed ROTATE_LEFT
[14:35:52.169] Bot7 moved forward to (8,7)
[14:35:52.169] Bot7 executed MOVE_FORWARD
[14:35:52.169] Starting turn for Bot31
[14:35:52.169] Bot31 rotated right to face SOUTH
[14:35:52.169] Bot31 executed ROTATE_RIGHT
[14:35:52.169] Bot31 moved forward to (2,2)
[14:35:52.169] Bot31 executed MOVE_FORWARD
[14:35:52.169] Starting turn for Bot7
[14:35:52.169] Bot7 rotated right to face NORTH
[14:35:52.169] Bot7 executed ROTATE_RIGHT
[14:35:52.169] Bot7 moved forward to (7,7)
[14:35:52.169] Bot7 executed MOVE_FORWARD
[14:35:52.169] Starting turn for Bot31
[14:35:52.169] Bot31 rotated left to face EAST
[14:35:52.169] Bot31 executed ROTATE_LEFT
[14:35:52.169] Starting turn for Bot7
[14:35:52.169] Bot7 rotated left to face WEST
[14:35:52.169] Bot7 executed ROTATE_LEFT
[14:35:52.169] Bot7 moved forward to (7,6)
[14:35:52.169] Bot7 executed MOVE_FORWARD
[14:35:52.169] Starting turn for Bot31
[14:35:52.169] Starting turn for Bot7
[14:35:52.169] Bot7 rotated right to face NORTH
[14:35:52.169] Bot7 executed ROTATE_RIGHT
[14:35:52.169] Bot7 moved forward to (6,6)
[14:35:52.169] Bot7 executed MOVE_FORWARD
[14:35:52.169] Starting turn for Bot31
[14:35:52.169] Bot31 rotated left to face NORTH
[14:35:52.169] Bot31 executed ROTATE_LEFT
[14:35:52.169] Bot31 moved forward to (1,2)
[14:35:52.169] Bot31 executed MOVE_FORWARD
[14:35:52.169] Starting turn for Bot7
[14:35:52.169] Bot7 rotated left to face WEST
[14:35:52.169] Bot7 executed ROTATE_LEFT
[14:35:52.169] Bot7 moved forward to (6,5)
[14:35:52.169] Bot7 executed MOVE_FORWARD
[14:35:52.169] Starting turn for Bot31
[14:35:52.169] Bot31 rotated left to face WEST
[14:35:52.169] Bot31 executed ROTATE_LEFT
[14:35:52.169] Bot31 rotated left to face SOUTH
[14:35:52.169] Bot31 executed ROTATE_LEFT
[14:35:52.169] Bot31 moved forward to (2,2)
[14:35:52.169] Bot31 executed MOVE_FORWARD
[14:35:52.169] Starting turn for Bot7
[14:35:52.169] Bot7 rotated right to face NORTH
[14:35:52.169] Bot7 executed ROTATE_RIGHT
[14:35:52.169] Bot7 moved forward to (5,5)
[14:35:52.170] Bot7 executed MOVE_FORWARD
[14:35:52.170] Starting turn for Bot31
[14:35:52.170] Bot31 rotated left to face EAST
[14:35:52.170] Bot31 executed ROTATE_LEFT
[14:35:52.170] Starting turn for Bot7
[14:35:52.170] Starting turn for Bot31
[14:35:52.170] Starting turn for Bot7
[14:35:52.170] Starting turn for Bot31
[14:35:52.170] Bot31 rotated left to face NORTH
[14:35:52.170] Bot31 executed ROTATE_LEFT
[14:35:52.170] Bot31 moved forward to (1,2)
[14:35:52.170] Bot31 executed MOVE_FORWARD
[14:35:52.170] Starting turn for Bot7
[14:35:52.170] Starting turn for Bot31
[14:35:52.170] Bot31 rotated left to face WEST
[14:35:52.170] Bot31 executed ROTATE_LEFT
[14:35:52.170] Bot31 rotated left to face SOUTH
[14:35:52.170] Bot31 executed ROTATE_LEFT
[14:35:52.170] Bot31 moved forward to (2,2)
[14:35:52.170] Bot31 executed MOVE_FORWARD
[14:35:52.170] Starting turn for Bot7
[14:35:52.170] Starting turn for Bot31
[14:35:52.170] Bot31 rotated left to face EAST
[14:35:52.170] Bot31 executed ROTATE_LEFT
[14:35:52.170] Starting turn for Bot7
[14:35:52.170] Starting turn for Bot31
[14:35:52.170] Starting turn for Bot7
[14:35:52.170] Starting turn for Bot31
[14:35:52.170] Bot31 rotated left to face NORTH
[14:35:52.170] Bot31 executed ROTATE_LEFT
[14:35:52.170] Bot31 moved forward to (1,2)
[14:35:52.170] Bot31 executed MOVE_FORWARD
[14:35:52.170] Starting turn for Bot7
[14:35:52.170] Starting turn for Bot31
[14:35:52.170] Bot31 rotated left to face WEST
[14:35:52.170] Bot31 executed ROTATE_LEFT
[14:35:52.170] Bot31 rotated left to face SOUTH
[14:35:52.170] Bot31 executed ROTATE_LEFT
[14:35:52.170] Bot31 moved forward to (2,2)
[14:35:52.170] Bot31 executed MOVE_FORWARD
[14:35:52.170] Starting turn for Bot7
[14:35:52.170] Starting turn for Bot31
[14:35:52.170] Bot31 rotated left to face EAST
[14:35:52.170] Bot31 executed ROTATE_LEFT
[14:35:52.170] Starting turn for Bot7
[14:35:52.170] Starting turn for Bot31
[14:35:52.170] Starting turn for Bot7
[14:35:52.170] Starting turn for Bot31
[14:35:52.170] Bot31 rotated left to face NORTH
[14:35:52.170] Bot31 executed ROTATE_LEFT
[14:35:52.170] Bot31 moved forward to (1,2)
[14:35:52.170] Bot31 executed MOVE_FORWARD
[14:35:52.170] Starting turn for Bot7
[14:35:52.170] Starting turn for Bot31
[14:35:52.170] Bot31 rotated left to face WEST
[14:35:52.170] Bot31 executed ROTATE_LEFT
[14:35:52.170] Bot31 rotated left to face SOUTH
[14:35:52.170] Bot31 executed ROTATE_LEFT
[14:35:52.170] Bot31 moved forward to (2,2)
[14:35:52.170] Bot31 executed MOVE_FORWARD
[14:35:52.170] Starting turn for Bot7
[14:35:52.170] Starting turn for Bot31
[14:35:52.170] Bot31 rotated left to face EAST
[14:35:52.170] Bot31 executed ROTATE_LEFT
[14:35:52.170] Starting turn for Bot7
[14:35:52.170] Stalemate detected: State repeated 10 times, unchanged for 1 turns
[14:35:52.170] Game Over! Stalemate detected!
[14:35:52.170] Stalemate detected: State repeated 10 times, unchanged for 1 turns
