[14:35:44.290] === Game Started at 2025-02-04_14-35-44 ===
[14:35:44.291] Game initialized with 2 players
[14:35:44.291] Board size: 10
[14:35:44.291] Obstacle density: 0.05
[14:35:44.291] Max turns: 1000
[14:35:44.291] Player Bot3 starting at position (0,0) facing WEST
[14:35:44.291] Player Bot27 starting at position (9,9) facing SOUTH
[14:35:44.291] Obstacles at positions: (1,2) (1,9) (3,5) (6,4) (9,5)
[14:35:44.291] Starting turn for Bot3
[14:35:44.291] Bot3 rotated left to face SOUTH
[14:35:44.291] Bot3 executed ROTATE_LEFT
[14:35:44.291] Bot3 rotated left to face EAST
[14:35:44.291] Bot3 executed ROTATE_LEFT
[14:35:44.291] Bot3 moved forward to (0,1)
[14:35:44.291] Bot3 executed MOVE_FORWARD
[14:35:44.291] Starting turn for Bot27
[14:35:44.291] Bot27 rotated right to face WEST
[14:35:44.291] Bot27 executed ROTATE_RIGHT
[14:35:44.291] Bot27 moved forward to (9,8)
[14:35:44.291] Bot27 executed MOVE_FORWARD
[14:35:44.291] Starting turn for Bot3
[14:35:44.291] Bot3 rotated right to face SOUTH
[14:35:44.291] Bot3 executed ROTATE_RIGHT
[14:35:44.291] Bot3 moved forward to (1,1)
[14:35:44.291] Bot3 executed MOVE_FORWARD
[14:35:44.291] Starting turn for Bot27
[14:35:44.291] Bot27 rotated right to face NORTH
[14:35:44.291] Bot27 executed ROTATE_RIGHT
[14:35:44.291] Bot27 moved forward to (8,8)
[14:35:44.291] Bot27 executed MOVE_FORWARD
[14:35:44.291] Starting turn for Bot3
[14:35:44.291] Bot3 rotated left to face EAST
[14:35:44.291] Bot3 executed ROTATE_LEFT
[14:35:44.291] Starting turn for Bot27
[14:35:44.291] Bot27 rotated left to face WEST
[14:35:44.291] Bot27 executed ROTATE_LEFT
[14:35:44.291] Bot27 moved forward to (8,7)
[14:35:44.291] Bot27 executed MOVE_FORWARD
[14:35:44.291] Starting turn for Bot3
[14:35:44.291] Starting turn for Bot27
[14:35:44.291] Bot27 rotated right to face NORTH
[14:35:44.291] Bot27 executed ROTATE_RIGHT
[14:35:44.291] Bot27 moved forward to (7,7)
[14:35:44.291] Bot27 executed MOVE_FORWARD
[14:35:44.291] Starting turn for Bot3
[14:35:44.291] Bot3 rotated left to face NORTH
[14:35:44.291] Bot3 executed ROTATE_LEFT
[14:35:44.291] Bot3 moved forward to (0,1)
[14:35:44.291] Bot3 executed MOVE_FORWARD
[14:35:44.291] Starting turn for Bot27
[14:35:44.291] Bot27 rotated left to face WEST
[14:35:44.291] Bot27 executed ROTATE_LEFT
[14:35:44.291] Bot27 moved forward to (7,6)
[14:35:44.291] Bot27 executed MOVE_FORWARD
[14:35:44.291] Starting turn for Bot3
[14:35:44.291] Bot3 rotated left to face WEST
[14:35:44.291] Bot3 executed ROTATE_LEFT
[14:35:44.291] Bot3 rotated left to face SOUTH
[14:35:44.291] Bot3 executed ROTATE_LEFT
[14:35:44.291] Bot3 moved forward to (1,1)
[14:35:44.291] Bot3 executed MOVE_FORWARD
[14:35:44.291] Starting turn for Bot27
[14:35:44.291] Bot27 rotated right to face NORTH
[14:35:44.291] Bot27 executed ROTATE_RIGHT
[14:35:44.291] Bot27 moved forward to (6,6)
[14:35:44.291] Bot27 executed MOVE_FORWARD
[14:35:44.291] Starting turn for Bot3
[14:35:44.291] Bot3 rotated left to face EAST
[14:35:44.291] Bot3 executed ROTATE_LEFT
[14:35:44.291] Starting turn for Bot27
[14:35:44.291] Bot27 rotated left to face WEST
[14:35:44.291] Bot27 executed ROTATE_LEFT
[14:35:44.291] Bot27 moved forward to (6,5)
[14:35:44.291] Bot27 executed MOVE_FORWARD
[14:35:44.291] Starting turn for Bot3
[14:35:44.291] Starting turn for Bot27
[14:35:44.291] Bot27 rotated right to face NORTH
[14:35:44.291] Bot27 executed ROTATE_RIGHT
[14:35:44.291] Bot27 moved forward to (5,5)
[14:35:44.291] Bot27 executed MOVE_FORWARD
[14:35:44.291] Starting turn for Bot3
[14:35:44.291] Bot3 rotated left to face NORTH
[14:35:44.291] Bot3 executed ROTATE_LEFT
[14:35:44.291] Bot3 moved forward to (0,1)
[14:35:44.291] Bot3 executed MOVE_FORWARD
[14:35:44.291] Starting turn for Bot27
[14:35:44.291] Starting turn for Bot3
[14:35:44.291] Bot3 rotated left to face WEST
[14:35:44.291] Bot3 executed ROTATE_LEFT
[14:35:44.291] Bot3 rotated left to face SOUTH
[14:35:44.291] Bot3 executed ROTATE_LEFT
[14:35:44.291] Bot3 moved forward to (1,1)
[14:35:44.291] Bot3 executed MOVE_FORWARD
[14:35:44.291] Starting turn for Bot27
[14:35:44.291] Starting turn for Bot3
[14:35:44.291] Bot3 rotated left to face EAST
[14:35:44.291] Bot3 executed ROTATE_LEFT
[14:35:44.291] Starting turn for Bot27
[14:35:44.291] Starting turn for Bot3
[14:35:44.291] Starting turn for Bot27
[14:35:44.291] Starting turn for Bot3
[14:35:44.291] Bot3 rotated left to face NORTH
[14:35:44.291] Bot3 executed ROTATE_LEFT
[14:35:44.291] Bot3 moved forward to (0,1)
[14:35:44.291] Bot3 executed MOVE_FORWARD
[14:35:44.291] Starting turn for Bot27
[14:35:44.291] Starting turn for Bot3
[14:35:44.291] Bot3 rotated left to face WEST
[14:35:44.291] Bot3 executed ROTATE_LEFT
[14:35:44.291] Bot3 rotated left to face SOUTH
[14:35:44.291] Bot3 executed ROTATE_LEFT
[14:35:44.291] Bot3 moved forward to (1,1)
[14:35:44.291] Bot3 executed MOVE_FORWARD
[14:35:44.291] Starting turn for Bot27
[14:35:44.291] Starting turn for Bot3
[14:35:44.291] Bot3 rotated left to face EAST
[14:35:44.291] Bot3 executed ROTATE_LEFT
[14:35:44.291] Starting turn for Bot27
[14:35:44.291] Starting turn for Bot3
[14:35:44.291] Starting turn for Bot27
[14:35:44.291] Starting turn for Bot3
[14:35:44.291] Bot3 rotated left to face NORTH
[14:35:44.291] Bot3 executed ROTATE_LEFT
[14:35:44.291] Bot3 moved forward to (0,1)
[14:35:44.291] Bot3 executed MOVE_FORWARD
[14:35:44.291] Starting turn for Bot27
[14:35:44.291] Starting turn for Bot3
[14:35:44.291] Bot3 rotated left to face WEST
[14:35:44.291] Bot3 executed ROTATE_LEFT
[14:35:44.291] Bot3 rotated left to face SOUTH
[14:35:44.291] Bot3 executed ROTATE_LEFT
[14:35:44.291] Bot3 moved forward to (1,1)
[14:35:44.291] Bot3 executed MOVE_FORWARD
[14:35:44.291] Starting turn for Bot27
[14:35:44.291] Starting turn for Bot3
[14:35:44.291] Bot3 rotated left to face EAST
[14:35:44.291] Bot3 executed ROTATE_LEFT
[14:35:44.291] Starting turn for Bot27
[14:35:44.291] Starting turn for Bot3
[14:35:44.291] Starting turn for Bot27
[14:35:44.291] Stalemate detected: State repeated 10 times, unchanged for 3 turns
[14:35:44.291] Game Over! Stalemate detected!
[14:35:44.291] Stalemate detected: State repeated 10 times, unchanged for 3 turns
