[14:36:14.324] === Game Started at 2025-02-04_14-36-14 ===
[14:36:14.324] Game initialized with 2 players
[14:36:14.324] Board size: 10
[14:36:14.324] Obstacle density: 0.05
[14:36:14.324] Max turns: 1000
[14:36:14.324] Player Bot30 starting at position (0,0) facing EAST
[14:36:14.324] Player Bot40 starting at position (9,9) facing NORTH
[14:36:14.324] Obstacles at positions: (1,6) (4,4) (7,7) (8,3) (9,8)
[14:36:14.324] Starting turn for Bot30
[14:36:14.324] Bot30 moved forward to (0,1)
[14:36:14.324] Bot30 executed MOVE_FORWARD
[14:36:14.324] Starting turn for Bot40
[14:36:14.324] Bot40 rotated left to face WEST
[14:36:14.324] Bot40 executed ROTATE_LEFT
[14:36:14.324] Starting turn for Bot30
[14:36:14.324] Bot30 rotated right to face SOUTH
[14:36:14.324] Bot30 executed ROTATE_RIGHT
[14:36:14.324] Bot30 moved forward to (1,1)
[14:36:14.324] Bot30 executed MOVE_FORWARD
[14:36:14.324] Starting turn for Bot40
[14:36:14.324] Bot40 rotated right to face NORTH
[14:36:14.324] Bot40 executed ROTATE_RIGHT
[14:36:14.324] Bot40 moved forward to (8,9)
[14:36:14.324] Bot40 executed MOVE_FORWARD
[14:36:14.324] Starting turn for Bot30
[14:36:14.324] Bot30 rotated left to face EAST
[14:36:14.324] Bot30 executed ROTATE_LEFT
[14:36:14.324] Bot30 moved forward to (1,2)
[14:36:14.324] Bot30 executed MOVE_FORWARD
[14:36:14.324] Starting turn for Bot40
[14:36:14.324] Bot40 rotated left to face WEST
[14:36:14.324] Bot40 executed ROTATE_LEFT
[14:36:14.324] Bot40 moved forward to (8,8)
[14:36:14.324] Bot40 executed MOVE_FORWARD
[14:36:14.324] Starting turn for Bot30
[14:36:14.324] Bot30 rotated right to face SOUTH
[14:36:14.324] Bot30 executed ROTATE_RIGHT
[14:36:14.324] Bot30 moved forward to (2,2)
[14:36:14.324] Bot30 executed MOVE_FORWARD
[14:36:14.325] Starting turn for Bot40
[14:36:14.325] Bot40 moved forward to (8,7)
[14:36:14.325] Bot40 executed MOVE_FORWARD
[14:36:14.325] Starting turn for Bot30
[14:36:14.325] Bot30 rotated left to face EAST
[14:36:14.325] Bot30 executed ROTATE_LEFT
[14:36:14.325] Bot30 moved forward to (2,3)
[14:36:14.325] Bot30 executed MOVE_FORWARD
[14:36:14.325] Starting turn for Bot40
[14:36:14.325] Bot40 rotated right to face NORTH
[14:36:14.325] Bot40 executed ROTATE_RIGHT
[14:36:14.325] Starting turn for Bot30
[14:36:14.325] Bot30 rotated right to face SOUTH
[14:36:14.325] Bot30 executed ROTATE_RIGHT
[14:36:14.325] Bot30 moved forward to (3,3)
[14:36:14.325] Bot30 executed MOVE_FORWARD
[14:36:14.325] Starting turn for Bot40
[14:36:14.325] Starting turn for Bot30
[14:36:14.325] Bot30 rotated left to face EAST
[14:36:14.325] Bot30 executed ROTATE_LEFT
[14:36:14.325] Bot30 moved forward to (3,4)
[14:36:14.325] Bot30 executed MOVE_FORWARD
[14:36:14.325] Starting turn for Bot40
[14:36:14.325] Bot40 rotated right to face EAST
[14:36:14.325] Bot40 executed ROTATE_RIGHT
[14:36:14.325] Bot40 moved forward to (8,8)
[14:36:14.325] Bot40 executed MOVE_FORWARD
[14:36:14.325] Starting turn for Bot30
[14:36:14.325] Bot30 rotated right to face SOUTH
[14:36:14.325] Bot30 executed ROTATE_RIGHT
[14:36:14.325] Starting turn for Bot40
[14:36:14.325] Bot40 rotated left to face NORTH
[14:36:14.325] Bot40 executed ROTATE_LEFT
[14:36:14.325] Bot40 rotated left to face WEST
[14:36:14.325] Bot40 executed ROTATE_LEFT
[14:36:14.325] Bot40 moved forward to (8,7)
[14:36:14.325] Bot40 executed MOVE_FORWARD
[14:36:14.325] Starting turn for Bot30
[14:36:14.325] Starting turn for Bot40
[14:36:14.325] Bot40 rotated right to face NORTH
[14:36:14.325] Bot40 executed ROTATE_RIGHT
[14:36:14.325] Starting turn for Bot30
[14:36:14.325] Bot30 rotated left to face EAST
[14:36:14.325] Bot30 executed ROTATE_LEFT
[14:36:14.325] Bot30 rotated left to face NORTH
[14:36:14.325] Bot30 executed ROTATE_LEFT
[14:36:14.325] Bot30 moved forward to (2,4)
[14:36:14.325] Bot30 executed MOVE_FORWARD
[14:36:14.325] Starting turn for Bot40
[14:36:14.325] Starting turn for Bot30
[14:36:14.325] Bot30 rotated left to face WEST
[14:36:14.325] Bot30 executed ROTATE_LEFT
[14:36:14.325] Bot30 rotated left to face SOUTH
[14:36:14.325] Bot30 executed ROTATE_LEFT
[14:36:14.325] Bot30 moved forward to (3,4)
[14:36:14.325] Bot30 executed MOVE_FORWARD
[14:36:14.325] Starting turn for Bot40
[14:36:14.325] Bot40 rotated right to face EAST
[14:36:14.325] Bot40 executed ROTATE_RIGHT
[14:36:14.325] Bot40 moved forward to (8,8)
[14:36:14.325] Bot40 executed MOVE_FORWARD
[14:36:14.325] Starting turn for Bot30
[14:36:14.325] Starting turn for Bot40
[14:36:14.325] Bot40 rotated left to face NORTH
[14:36:14.325] Bot40 executed ROTATE_LEFT
[14:36:14.325] Bot40 rotated left to face WEST
[14:36:14.325] Bot40 executed ROTATE_LEFT
[14:36:14.325] Bot40 moved forward to (8,7)
[14:36:14.325] Bot40 executed MOVE_FORWARD
[14:36:14.325] Starting turn for Bot30
[14:36:14.325] Starting turn for Bot40
[14:36:14.325] Bot40 rotated right to face NORTH
[14:36:14.325] Bot40 executed ROTATE_RIGHT
[14:36:14.325] Starting turn for Bot30
[14:36:14.325] Bot30 rotated left to face EAST
[14:36:14.325] Bot30 executed ROTATE_LEFT
[14:36:14.325] Bot30 rotated left to face NORTH
[14:36:14.325] Bot30 executed ROTATE_LEFT
[14:36:14.325] Bot30 moved forward to (2,4)
[14:36:14.325] Bot30 executed MOVE_FORWARD
[14:36:14.325] Starting turn for Bot40
[14:36:14.325] Starting turn for Bot30
[14:36:14.325] Bot30 rotated left to face WEST
[14:36:14.325] Bot30 executed ROTATE_LEFT
[14:36:14.325] Bot30 rotated left to face SOUTH
[14:36:14.325] Bot30 executed ROTATE_LEFT
[14:36:14.325] Bot30 moved forward to (3,4)
[14:36:14.325] Bot30 executed MOVE_FORWARD
[14:36:14.325] Starting turn for Bot40
[14:36:14.325] Bot40 rotated right to face EAST
[14:36:14.325] Bot40 executed ROTATE_RIGHT
[14:36:14.325] Bot40 moved forward to (8,8)
[14:36:14.325] Bot40 executed MOVE_FORWARD
[14:36:14.325] Starting turn for Bot30
[14:36:14.325] Starting turn for Bot40
[14:36:14.325] Bot40 rotated left to face NORTH
[14:36:14.325] Bot40 executed ROTATE_LEFT
[14:36:14.325] Bot40 rotated left to face WEST
[14:36:14.325] Bot40 executed ROTATE_LEFT
[14:36:14.325] Bot40 moved forward to (8,7)
[14:36:14.325] Bot40 executed MOVE_FORWARD
[14:36:14.325] Starting turn for Bot30
[14:36:14.325] Starting turn for Bot40
[14:36:14.325] Bot40 rotated right to face NORTH
[14:36:14.325] Bot40 executed ROTATE_RIGHT
[14:36:14.325] Starting turn for Bot30
[14:36:14.325] Bot30 rotated left to face EAST
[14:36:14.325] Bot30 executed ROTATE_LEFT
[14:36:14.325] Bot30 rotated left to face NORTH
[14:36:14.325] Bot30 executed ROTATE_LEFT
[14:36:14.325] Bot30 moved forward to (2,4)
[14:36:14.325] Bot30 executed MOVE_FORWARD
[14:36:14.325] Starting turn for Bot40
[14:36:14.325] Starting turn for Bot30
[14:36:14.325] Bot30 rotated left to face WEST
[14:36:14.325] Bot30 executed ROTATE_LEFT
[14:36:14.325] Bot30 rotated left to face SOUTH
[14:36:14.325] Bot30 executed ROTATE_LEFT
[14:36:14.325] Bot30 moved forward to (3,4)
[14:36:14.325] Bot30 executed MOVE_FORWARD
[14:36:14.325] Starting turn for Bot40
[14:36:14.325] Bot40 rotated right to face EAST
[14:36:14.325] Bot40 executed ROTATE_RIGHT
[14:36:14.325] Bot40 moved forward to (8,8)
[14:36:14.325] Bot40 executed MOVE_FORWARD
[14:36:14.325] Starting turn for Bot30
[14:36:14.325] Starting turn for Bot40
[14:36:14.325] Bot40 rotated left to face NORTH
[14:36:14.325] Bot40 executed ROTATE_LEFT
[14:36:14.325] Bot40 rotated left to face WEST
[14:36:14.325] Bot40 executed ROTATE_LEFT
[14:36:14.325] Bot40 moved forward to (8,7)
[14:36:14.325] Bot40 executed MOVE_FORWARD
[14:36:14.325] Starting turn for Bot30
[14:36:14.325] Starting turn for Bot40
[14:36:14.325] Bot40 rotated right to face NORTH
[14:36:14.325] Bot40 executed ROTATE_RIGHT
[14:36:14.325] Starting turn for Bot30
[14:36:14.325] Bot30 rotated left to face EAST
[14:36:14.325] Bot30 executed ROTATE_LEFT
[14:36:14.325] Bot30 rotated left to face NORTH
[14:36:14.325] Bot30 executed ROTATE_LEFT
[14:36:14.325] Bot30 moved forward to (2,4)
[14:36:14.325] Bot30 executed MOVE_FORWARD
[14:36:14.325] Starting turn for Bot40
[14:36:14.325] Starting turn for Bot30
[14:36:14.325] Bot30 rotated left to face WEST
[14:36:14.325] Bot30 executed ROTATE_LEFT
[14:36:14.325] Bot30 rotated left to face SOUTH
[14:36:14.325] Bot30 executed ROTATE_LEFT
[14:36:14.325] Bot30 moved forward to (3,4)
[14:36:14.325] Bot30 executed MOVE_FORWARD
[14:36:14.325] Starting turn for Bot40
[14:36:14.325] Bot40 rotated right to face EAST
[14:36:14.325] Bot40 executed ROTATE_RIGHT
[14:36:14.325] Bot40 moved forward to (8,8)
[14:36:14.325] Bot40 executed MOVE_FORWARD
[14:36:14.325] Starting turn for Bot30
[14:36:14.325] Starting turn for Bot40
[14:36:14.325] Bot40 rotated left to face NORTH
[14:36:14.325] Bot40 executed ROTATE_LEFT
[14:36:14.325] Bot40 rotated left to face WEST
[14:36:14.325] Bot40 executed ROTATE_LEFT
[14:36:14.325] Bot40 moved forward to (8,7)
[14:36:14.325] Bot40 executed MOVE_FORWARD
[14:36:14.325] Starting turn for Bot30
[14:36:14.325] Starting turn for Bot40
[14:36:14.325] Stalemate detected: State repeated 10 times, unchanged for 2 turns
[14:36:14.325] Game Over! Stalemate detected!
[14:36:14.325] Stalemate detected: State repeated 10 times, unchanged for 2 turns
