[14:36:02.981] === Game Started at 2025-02-04_14-36-02 ===
[14:36:02.981] Game initialized with 2 players
[14:36:02.981] Board size: 10
[14:36:02.981] Obstacle density: 0.05
[14:36:02.981] Max turns: 1000
[14:36:02.981] Player Bot15 starting at position (0,0) facing EAST
[14:36:02.981] Player Bot40 starting at position (9,9) facing EAST
[14:36:02.981] Obstacles at positions: (0,1) (0,6) (6,2) (7,7) (8,4)
[14:36:02.981] Starting turn for Bot15
[14:36:02.981] Starting turn for Bot40
[14:36:02.981] Bot40 rotated left to face NORTH
[14:36:02.982] Bot40 executed ROTATE_LEFT
[14:36:02.982] Bot40 rotated left to face WEST
[14:36:02.982] Bot40 executed ROTATE_LEFT
[14:36:02.982] Bot40 moved forward to (9,8)
[14:36:02.982] Bot40 executed MOVE_FORWARD
[14:36:02.982] Starting turn for Bot15
[14:36:02.982] Bot15 rotated right to face SOUTH
[14:36:02.982] Bot15 executed ROTATE_RIGHT
[14:36:02.982] Bot15 moved forward to (1,0)
[14:36:02.982] Bot15 executed MOVE_FORWARD
[14:36:02.982] Starting turn for Bot40
[14:36:02.982] Bot40 rotated right to face NORTH
[14:36:02.982] Bot40 executed ROTATE_RIGHT
[14:36:02.982] Bot40 moved forward to (8,8)
[14:36:02.982] Bot40 executed MOVE_FORWARD
[14:36:02.982] Starting turn for Bot15
[14:36:02.982] Bot15 rotated left to face EAST
[14:36:02.982] Bot15 executed ROTATE_LEFT
[14:36:02.982] Bot15 moved forward to (1,1)
[14:36:02.982] Bot15 executed MOVE_FORWARD
[14:36:02.982] Starting turn for Bot40
[14:36:02.982] Bot40 rotated left to face WEST
[14:36:02.982] Bot40 executed ROTATE_LEFT
[14:36:02.982] Bot40 moved forward to (8,7)
[14:36:02.982] Bot40 executed MOVE_FORWARD
[14:36:02.982] Starting turn for Bot15
[14:36:02.982] Bot15 moved forward to (1,2)
[14:36:02.982] Bot15 executed MOVE_FORWARD
[14:36:02.982] Starting turn for Bot40
[14:36:02.982] Bot40 rotated right to face NORTH
[14:36:02.982] Bot40 executed ROTATE_RIGHT
[14:36:02.982] Starting turn for Bot15
[14:36:02.982] Bot15 rotated right to face SOUTH
[14:36:02.982] Bot15 executed ROTATE_RIGHT
[14:36:02.982] Bot15 moved forward to (2,2)
[14:36:02.982] Bot15 executed MOVE_FORWARD
[14:36:02.982] Starting turn for Bot40
[14:36:02.982] Starting turn for Bot15
[14:36:02.982] Bot15 rotated left to face EAST
[14:36:02.982] Bot15 executed ROTATE_LEFT
[14:36:02.982] Bot15 moved forward to (2,3)
[14:36:02.982] Bot15 executed MOVE_FORWARD
[14:36:02.982] Starting turn for Bot40
[14:36:02.982] Bot40 rotated right to face EAST
[14:36:02.982] Bot40 executed ROTATE_RIGHT
[14:36:02.982] Bot40 moved forward to (8,8)
[14:36:02.982] Bot40 executed MOVE_FORWARD
[14:36:02.982] Starting turn for Bot15
[14:36:02.982] Bot15 rotated right to face SOUTH
[14:36:02.982] Bot15 executed ROTATE_RIGHT
[14:36:02.982] Bot15 moved forward to (3,3)
[14:36:02.982] Bot15 executed MOVE_FORWARD
[14:36:02.982] Starting turn for Bot40
[14:36:02.982] Bot40 rotated left to face NORTH
[14:36:02.982] Bot40 executed ROTATE_LEFT
[14:36:02.982] Bot40 rotated left to face WEST
[14:36:02.982] Bot40 executed ROTATE_LEFT
[14:36:02.982] Bot40 moved forward to (8,7)
[14:36:02.982] Bot40 executed MOVE_FORWARD
[14:36:02.982] Starting turn for Bot15
[14:36:02.982] Bot15 rotated left to face EAST
[14:36:02.982] Bot15 executed ROTATE_LEFT
[14:36:02.982] Bot15 moved forward to (3,4)
[14:36:02.982] Bot15 executed MOVE_FORWARD
[14:36:02.982] Starting turn for Bot40
[14:36:02.982] Bot40 rotated right to face NORTH
[14:36:02.982] Bot40 executed ROTATE_RIGHT
[14:36:02.982] Starting turn for Bot15
[14:36:02.982] Bot15 rotated right to face SOUTH
[14:36:02.982] Bot15 executed ROTATE_RIGHT
[14:36:02.982] Bot15 moved forward to (4,4)
[14:36:02.982] Bot15 executed MOVE_FORWARD
[14:36:02.982] Starting turn for Bot40
[14:36:02.982] Starting turn for Bot15
[14:36:02.982] Bot15 rotated left to face EAST
[14:36:02.982] Bot15 executed ROTATE_LEFT
[14:36:02.982] Bot15 moved forward to (4,5)
[14:36:02.982] Bot15 executed MOVE_FORWARD
[14:36:02.982] Starting turn for Bot40
[14:36:02.982] Bot40 rotated right to face EAST
[14:36:02.982] Bot40 executed ROTATE_RIGHT
[14:36:02.982] Bot40 moved forward to (8,8)
[14:36:02.982] Bot40 executed MOVE_FORWARD
[14:36:02.982] Starting turn for Bot15
[14:36:02.982] Bot15 rotated right to face SOUTH
[14:36:02.982] Bot15 executed ROTATE_RIGHT
[14:36:02.982] Bot15 moved forward to (5,5)
[14:36:02.982] Bot15 executed MOVE_FORWARD
[14:36:02.982] Starting turn for Bot40
[14:36:02.982] Bot40 rotated left to face NORTH
[14:36:02.982] Bot40 executed ROTATE_LEFT
[14:36:02.982] Bot40 rotated left to face WEST
[14:36:02.982] Bot40 executed ROTATE_LEFT
[14:36:02.982] Bot40 moved forward to (8,7)
[14:36:02.982] Bot40 executed MOVE_FORWARD
[14:36:02.982] Starting turn for Bot15
[14:36:02.982] Starting turn for Bot40
[14:36:02.982] Bot40 rotated right to face NORTH
[14:36:02.982] Bot40 executed ROTATE_RIGHT
[14:36:02.982] Starting turn for Bot15
[14:36:02.982] Starting turn for Bot40
[14:36:02.982] Starting turn for Bot15
[14:36:02.982] Starting turn for Bot40
[14:36:02.982] Bot40 rotated right to face EAST
[14:36:02.982] Bot40 executed ROTATE_RIGHT
[14:36:02.982] Bot40 moved forward to (8,8)
[14:36:02.982] Bot40 executed MOVE_FORWARD
[14:36:02.982] Starting turn for Bot15
[14:36:02.982] Starting turn for Bot40
[14:36:02.982] Bot40 rotated left to face NORTH
[14:36:02.982] Bot40 executed ROTATE_LEFT
[14:36:02.982] Bot40 rotated left to face WEST
[14:36:02.982] Bot40 executed ROTATE_LEFT
[14:36:02.982] Bot40 moved forward to (8,7)
[14:36:02.982] Bot40 executed MOVE_FORWARD
[14:36:02.982] Starting turn for Bot15
[14:36:02.982] Starting turn for Bot40
[14:36:02.982] Bot40 rotated right to face NORTH
[14:36:02.982] Bot40 executed ROTATE_RIGHT
[14:36:02.982] Starting turn for Bot15
[14:36:02.982] Starting turn for Bot40
[14:36:02.982] Starting turn for Bot15
[14:36:02.982] Starting turn for Bot40
[14:36:02.982] Bot40 rotated right to face EAST
[14:36:02.982] Bot40 executed ROTATE_RIGHT
[14:36:02.982] Bot40 moved forward to (8,8)
[14:36:02.982] Bot40 executed MOVE_FORWARD
[14:36:02.982] Starting turn for Bot15
[14:36:02.982] Starting turn for Bot40
[14:36:02.982] Bot40 rotated left to face NORTH
[14:36:02.982] Bot40 executed ROTATE_LEFT
[14:36:02.982] Bot40 rotated left to face WEST
[14:36:02.982] Bot40 executed ROTATE_LEFT
[14:36:02.982] Bot40 moved forward to (8,7)
[14:36:02.982] Bot40 executed MOVE_FORWARD
[14:36:02.982] Starting turn for Bot15
[14:36:02.982] Starting turn for Bot40
[14:36:02.982] Bot40 rotated right to face NORTH
[14:36:02.982] Bot40 executed ROTATE_RIGHT
[14:36:02.982] Starting turn for Bot15
[14:36:02.982] Starting turn for Bot40
[14:36:02.982] Stalemate detected: State repeated 10 times, unchanged for 4 turns
[14:36:02.982] Game Over! Stalemate detected!
[14:36:02.982] Stalemate detected: State repeated 10 times, unchanged for 4 turns
