[14:36:12.731] === Game Started at 2025-02-04_14-36-12 ===
[14:36:12.731] Game initialized with 2 players
[14:36:12.731] Board size: 10
[14:36:12.731] Obstacle density: 0.05
[14:36:12.731] Max turns: 1000
[14:36:12.731] Player Bot27 starting at position (0,0) facing EAST
[14:36:12.731] Player Bot39 starting at position (9,9) facing NORTH
[14:36:12.731] Obstacles at positions: (0,3) (1,2) (3,0) (4,5) (9,7)
[14:36:12.731] Starting turn for Bot27
[14:36:12.731] Bot27 moved forward to (0,1)
[14:36:12.731] Bot27 executed MOVE_FORWARD
[14:36:12.731] Starting turn for Bot39
[14:36:12.731] Bot39 rotated left to face WEST
[14:36:12.731] Bot39 executed ROTATE_LEFT
[14:36:12.731] Bot39 moved forward to (9,8)
[14:36:12.731] Bot39 executed MOVE_FORWARD
[14:36:12.731] Starting turn for Bot27
[14:36:12.731] Bot27 rotated right to face SOUTH
[14:36:12.731] Bot27 executed ROTATE_RIGHT
[14:36:12.731] Bot27 moved forward to (1,1)
[14:36:12.731] Bot27 executed MOVE_FORWARD
[14:36:12.731] Starting turn for Bot39
[14:36:12.731] Bot39 rotated right to face NORTH
[14:36:12.731] Bot39 executed ROTATE_RIGHT
[14:36:12.731] Bot39 moved forward to (8,8)
[14:36:12.731] Bot39 executed MOVE_FORWARD
[14:36:12.731] Starting turn for Bot27
[14:36:12.731] Bot27 rotated left to face EAST
[14:36:12.731] Bot27 executed ROTATE_LEFT
[14:36:12.731] Starting turn for Bot39
[14:36:12.731] Bot39 rotated left to face WEST
[14:36:12.731] Bot39 executed ROTATE_LEFT
[14:36:12.731] Bot39 moved forward to (8,7)
[14:36:12.731] Bot39 executed MOVE_FORWARD
[14:36:12.731] Starting turn for Bot27
[14:36:12.731] Starting turn for Bot39
[14:36:12.731] Bot39 rotated right to face NORTH
[14:36:12.731] Bot39 executed ROTATE_RIGHT
[14:36:12.731] Bot39 moved forward to (7,7)
[14:36:12.731] Bot39 executed MOVE_FORWARD
[14:36:12.731] Starting turn for Bot27
[14:36:12.731] Bot27 rotated left to face NORTH
[14:36:12.731] Bot27 executed ROTATE_LEFT
[14:36:12.731] Bot27 moved forward to (0,1)
[14:36:12.731] Bot27 executed MOVE_FORWARD
[14:36:12.731] Starting turn for Bot39
[14:36:12.731] Bot39 rotated left to face WEST
[14:36:12.731] Bot39 executed ROTATE_LEFT
[14:36:12.731] Bot39 moved forward to (7,6)
[14:36:12.731] Bot39 executed MOVE_FORWARD
[14:36:12.731] Starting turn for Bot27
[14:36:12.731] Bot27 rotated left to face WEST
[14:36:12.731] Bot27 executed ROTATE_LEFT
[14:36:12.731] Bot27 rotated left to face SOUTH
[14:36:12.731] Bot27 executed ROTATE_LEFT
[14:36:12.731] Bot27 moved forward to (1,1)
[14:36:12.731] Bot27 executed MOVE_FORWARD
[14:36:12.731] Starting turn for Bot39
[14:36:12.731] Bot39 rotated right to face NORTH
[14:36:12.731] Bot39 executed ROTATE_RIGHT
[14:36:12.731] Bot39 moved forward to (6,6)
[14:36:12.731] Bot39 executed MOVE_FORWARD
[14:36:12.731] Starting turn for Bot27
[14:36:12.731] Bot27 rotated left to face EAST
[14:36:12.731] Bot27 executed ROTATE_LEFT
[14:36:12.731] Starting turn for Bot39
[14:36:12.731] Bot39 rotated left to face WEST
[14:36:12.731] Bot39 executed ROTATE_LEFT
[14:36:12.731] Bot39 moved forward to (6,5)
[14:36:12.731] Bot39 executed MOVE_FORWARD
[14:36:12.731] Starting turn for Bot27
[14:36:12.731] Starting turn for Bot39
[14:36:12.731] Bot39 rotated right to face NORTH
[14:36:12.731] Bot39 executed ROTATE_RIGHT
[14:36:12.731] Bot39 moved forward to (5,5)
[14:36:12.731] Bot39 executed MOVE_FORWARD
[14:36:12.731] Starting turn for Bot27
[14:36:12.731] Bot27 rotated left to face NORTH
[14:36:12.731] Bot27 executed ROTATE_LEFT
[14:36:12.731] Bot27 moved forward to (0,1)
[14:36:12.731] Bot27 executed MOVE_FORWARD
[14:36:12.731] Starting turn for Bot39
[14:36:12.731] Starting turn for Bot27
[14:36:12.731] Bot27 rotated left to face WEST
[14:36:12.731] Bot27 executed ROTATE_LEFT
[14:36:12.731] Bot27 rotated left to face SOUTH
[14:36:12.731] Bot27 executed ROTATE_LEFT
[14:36:12.731] Bot27 moved forward to (1,1)
[14:36:12.731] Bot27 executed MOVE_FORWARD
[14:36:12.731] Starting turn for Bot39
[14:36:12.731] Starting turn for Bot27
[14:36:12.731] Bot27 rotated left to face EAST
[14:36:12.731] Bot27 executed ROTATE_LEFT
[14:36:12.731] Starting turn for Bot39
[14:36:12.731] Starting turn for Bot27
[14:36:12.731] Starting turn for Bot39
[14:36:12.731] Starting turn for Bot27
[14:36:12.731] Bot27 rotated left to face NORTH
[14:36:12.731] Bot27 executed ROTATE_LEFT
[14:36:12.731] Bot27 moved forward to (0,1)
[14:36:12.731] Bot27 executed MOVE_FORWARD
[14:36:12.731] Starting turn for Bot39
[14:36:12.731] Starting turn for Bot27
[14:36:12.731] Bot27 rotated left to face WEST
[14:36:12.731] Bot27 executed ROTATE_LEFT
[14:36:12.731] Bot27 rotated left to face SOUTH
[14:36:12.731] Bot27 executed ROTATE_LEFT
[14:36:12.731] Bot27 moved forward to (1,1)
[14:36:12.731] Bot27 executed MOVE_FORWARD
[14:36:12.731] Starting turn for Bot39
[14:36:12.731] Starting turn for Bot27
[14:36:12.731] Bot27 rotated left to face EAST
[14:36:12.731] Bot27 executed ROTATE_LEFT
[14:36:12.731] Starting turn for Bot39
[14:36:12.731] Starting turn for Bot27
[14:36:12.731] Starting turn for Bot39
[14:36:12.731] Starting turn for Bot27
[14:36:12.731] Bot27 rotated left to face NORTH
[14:36:12.731] Bot27 executed ROTATE_LEFT
[14:36:12.731] Bot27 moved forward to (0,1)
[14:36:12.731] Bot27 executed MOVE_FORWARD
[14:36:12.731] Starting turn for Bot39
[14:36:12.731] Starting turn for Bot27
[14:36:12.731] Bot27 rotated left to face WEST
[14:36:12.731] Bot27 executed ROTATE_LEFT
[14:36:12.731] Bot27 rotated left to face SOUTH
[14:36:12.731] Bot27 executed ROTATE_LEFT
[14:36:12.731] Bot27 moved forward to (1,1)
[14:36:12.731] Bot27 executed MOVE_FORWARD
[14:36:12.731] Starting turn for Bot39
[14:36:12.731] Starting turn for Bot27
[14:36:12.731] Bot27 rotated left to face EAST
[14:36:12.731] Bot27 executed ROTATE_LEFT
[14:36:12.731] Starting turn for Bot39
[14:36:12.731] Starting turn for Bot27
[14:36:12.731] Starting turn for Bot39
[14:36:12.731] Stalemate detected: State repeated 10 times, unchanged for 3 turns
[14:36:12.731] Game Over! Stalemate detected!
[14:36:12.731] Stalemate detected: State repeated 10 times, unchanged for 3 turns
