[14:35:45.746] === Game Started at 2025-02-04_14-35-45 ===
[14:35:45.746] Game initialized with 2 players
[14:35:45.746] Board size: 10
[14:35:45.746] Obstacle density: 0.05
[14:35:45.746] Max turns: 1000
[14:35:45.746] Player Bot16 starting at position (0,0) facing EAST
[14:35:45.746] Player Bot4 starting at position (9,9) facing SOUTH
[14:35:45.746] Obstacles at positions: (5,8) (6,7) (7,0) (7,1) (7,7)
[14:35:45.746] Starting turn for Bot16
[14:35:45.746] Bot16 moved forward to (0,1)
[14:35:45.746] Bot16 executed MOVE_FORWARD
[14:35:45.746] Starting turn for Bot4
[14:35:45.746] Bot4 rotated right to face WEST
[14:35:45.746] Bot4 executed ROTATE_RIGHT
[14:35:45.746] Bot4 moved forward to (9,8)
[14:35:45.746] Bot4 executed MOVE_FORWARD
[14:35:45.746] Starting turn for Bot16
[14:35:45.746] Bot16 rotated right to face SOUTH
[14:35:45.746] Bot16 executed ROTATE_RIGHT
[14:35:45.746] Bot16 moved forward to (1,1)
[14:35:45.746] Bot16 executed MOVE_FORWARD
[14:35:45.746] Starting turn for Bot4
[14:35:45.746] Bot4 rotated right to face NORTH
[14:35:45.746] Bot4 executed ROTATE_RIGHT
[14:35:45.746] Bot4 moved forward to (8,8)
[14:35:45.746] Bot4 executed MOVE_FORWARD
[14:35:45.746] Starting turn for Bot16
[14:35:45.746] Bot16 rotated left to face EAST
[14:35:45.746] Bot16 executed ROTATE_LEFT
[14:35:45.746] Bot16 moved forward to (1,2)
[14:35:45.746] Bot16 executed MOVE_FORWARD
[14:35:45.746] Starting turn for Bot4
[14:35:45.746] Bot4 rotated left to face WEST
[14:35:45.746] Bot4 executed ROTATE_LEFT
[14:35:45.746] Bot4 moved forward to (8,7)
[14:35:45.746] Bot4 executed MOVE_FORWARD
[14:35:45.746] Starting turn for Bot16
[14:35:45.746] Bot16 rotated right to face SOUTH
[14:35:45.746] Bot16 executed ROTATE_RIGHT
[14:35:45.746] Bot16 moved forward to (2,2)
[14:35:45.746] Bot16 executed MOVE_FORWARD
[14:35:45.746] Starting turn for Bot4
[14:35:45.746] Bot4 rotated right to face NORTH
[14:35:45.746] Bot4 executed ROTATE_RIGHT
[14:35:45.746] Starting turn for Bot16
[14:35:45.746] Bot16 rotated left to face EAST
[14:35:45.746] Bot16 executed ROTATE_LEFT
[14:35:45.746] Bot16 moved forward to (2,3)
[14:35:45.746] Bot16 executed MOVE_FORWARD
[14:35:45.746] Starting turn for Bot4
[14:35:45.746] Starting turn for Bot16
[14:35:45.746] Bot16 rotated right to face SOUTH
[14:35:45.746] Bot16 executed ROTATE_RIGHT
[14:35:45.746] Bot16 moved forward to (3,3)
[14:35:45.746] Bot16 executed MOVE_FORWARD
[14:35:45.746] Starting turn for Bot4
[14:35:45.746] Bot4 rotated right to face EAST
[14:35:45.746] Bot4 executed ROTATE_RIGHT
[14:35:45.746] Bot4 moved forward to (8,8)
[14:35:45.746] Bot4 executed MOVE_FORWARD
[14:35:45.746] Starting turn for Bot16
[14:35:45.746] Bot16 rotated left to face EAST
[14:35:45.746] Bot16 executed ROTATE_LEFT
[14:35:45.746] Bot16 moved forward to (3,4)
[14:35:45.746] Bot16 executed MOVE_FORWARD
[14:35:45.746] Starting turn for Bot4
[14:35:45.746] Bot4 rotated left to face NORTH
[14:35:45.746] Bot4 executed ROTATE_LEFT
[14:35:45.746] Bot4 rotated left to face WEST
[14:35:45.746] Bot4 executed ROTATE_LEFT
[14:35:45.746] Bot4 moved forward to (8,7)
[14:35:45.746] Bot4 executed MOVE_FORWARD
[14:35:45.746] Starting turn for Bot16
[14:35:45.746] Bot16 rotated right to face SOUTH
[14:35:45.746] Bot16 executed ROTATE_RIGHT
[14:35:45.746] Bot16 moved forward to (4,4)
[14:35:45.746] Bot16 executed MOVE_FORWARD
[14:35:45.746] Starting turn for Bot4
[14:35:45.746] Bot4 rotated right to face NORTH
[14:35:45.746] Bot4 executed ROTATE_RIGHT
[14:35:45.746] Starting turn for Bot16
[14:35:45.746] Bot16 rotated left to face EAST
[14:35:45.746] Bot16 executed ROTATE_LEFT
[14:35:45.746] Bot16 moved forward to (4,5)
[14:35:45.746] Bot16 executed MOVE_FORWARD
[14:35:45.746] Starting turn for Bot4
[14:35:45.746] Starting turn for Bot16
[14:35:45.746] Bot16 rotated right to face SOUTH
[14:35:45.746] Bot16 executed ROTATE_RIGHT
[14:35:45.746] Bot16 moved forward to (5,5)
[14:35:45.746] Bot16 executed MOVE_FORWARD
[14:35:45.746] Starting turn for Bot4
[14:35:45.746] Bot4 rotated right to face EAST
[14:35:45.746] Bot4 executed ROTATE_RIGHT
[14:35:45.746] Bot4 moved forward to (8,8)
[14:35:45.746] Bot4 executed MOVE_FORWARD
[14:35:45.746] Starting turn for Bot16
[14:35:45.746] Starting turn for Bot4
[14:35:45.746] Bot4 rotated left to face NORTH
[14:35:45.746] Bot4 executed ROTATE_LEFT
[14:35:45.746] Bot4 rotated left to face WEST
[14:35:45.746] Bot4 executed ROTATE_LEFT
[14:35:45.746] Bot4 moved forward to (8,7)
[14:35:45.746] Bot4 executed MOVE_FORWARD
[14:35:45.746] Starting turn for Bot16
[14:35:45.746] Starting turn for Bot4
[14:35:45.746] Bot4 rotated right to face NORTH
[14:35:45.746] Bot4 executed ROTATE_RIGHT
[14:35:45.746] Starting turn for Bot16
[14:35:45.746] Starting turn for Bot4
[14:35:45.746] Starting turn for Bot16
[14:35:45.746] Starting turn for Bot4
[14:35:45.746] Bot4 rotated right to face EAST
[14:35:45.746] Bot4 executed ROTATE_RIGHT
[14:35:45.746] Bot4 moved forward to (8,8)
[14:35:45.746] Bot4 executed MOVE_FORWARD
[14:35:45.746] Starting turn for Bot16
[14:35:45.747] Starting turn for Bot4
[14:35:45.747] Bot4 rotated left to face NORTH
[14:35:45.747] Bot4 executed ROTATE_LEFT
[14:35:45.747] Bot4 rotated left to face WEST
[14:35:45.747] Bot4 executed ROTATE_LEFT
[14:35:45.747] Bot4 moved forward to (8,7)
[14:35:45.747] Bot4 executed MOVE_FORWARD
[14:35:45.747] Starting turn for Bot16
[14:35:45.747] Starting turn for Bot4
[14:35:45.747] Bot4 rotated right to face NORTH
[14:35:45.747] Bot4 executed ROTATE_RIGHT
[14:35:45.747] Starting turn for Bot16
[14:35:45.747] Starting turn for Bot4
[14:35:45.747] Starting turn for Bot16
[14:35:45.747] Starting turn for Bot4
[14:35:45.747] Bot4 rotated right to face EAST
[14:35:45.747] Bot4 executed ROTATE_RIGHT
[14:35:45.747] Bot4 moved forward to (8,8)
[14:35:45.747] Bot4 executed MOVE_FORWARD
[14:35:45.747] Starting turn for Bot16
[14:35:45.747] Starting turn for Bot4
[14:35:45.747] Bot4 rotated left to face NORTH
[14:35:45.747] Bot4 executed ROTATE_LEFT
[14:35:45.747] Bot4 rotated left to face WEST
[14:35:45.747] Bot4 executed ROTATE_LEFT
[14:35:45.747] Bot4 moved forward to (8,7)
[14:35:45.747] Bot4 executed MOVE_FORWARD
[14:35:45.747] Starting turn for Bot16
[14:35:45.747] Starting turn for Bot4
[14:35:45.747] Bot4 rotated right to face NORTH
[14:35:45.747] Bot4 executed ROTATE_RIGHT
[14:35:45.747] Starting turn for Bot16
[14:35:45.747] Stalemate detected: State repeated 10 times, unchanged for 1 turns
[14:35:45.747] Game Over! Stalemate detected!
[14:35:45.747] Stalemate detected: State repeated 10 times, unchanged for 1 turns
