[14:35:44.553] === Game Started at 2025-02-04_14-35-44 ===
[14:35:44.553] Game initialized with 2 players
[14:35:44.553] Board size: 10
[14:35:44.553] Obstacle density: 0.05
[14:35:44.553] Max turns: 1000
[14:35:44.553] Player Bot31 starting at position (0,0) facing NORTH
[14:35:44.553] Player Bot3 starting at position (9,9) facing EAST
[14:35:44.553] Obstacles at positions: (1,0) (1,7) (2,1) (3,3) (7,7)
[14:35:44.553] Starting turn for Bot31
[14:35:44.553] Bot31 rotated right to face EAST
[14:35:44.553] Bot31 executed ROTATE_RIGHT
[14:35:44.553] Bot31 moved forward to (0,1)
[14:35:44.553] Bot31 executed MOVE_FORWARD
[14:35:44.553] Starting turn for Bot3
[14:35:44.553] Bot3 rotated left to face NORTH
[14:35:44.553] Bot3 executed ROTATE_LEFT
[14:35:44.553] Bot3 rotated left to face WEST
[14:35:44.553] Bot3 executed ROTATE_LEFT
[14:35:44.553] Bot3 moved forward to (9,8)
[14:35:44.553] Bot3 executed MOVE_FORWARD
[14:35:44.553] Starting turn for Bot31
[14:35:44.553] Bot31 rotated right to face SOUTH
[14:35:44.553] Bot31 executed ROTATE_RIGHT
[14:35:44.553] Bot31 moved forward to (1,1)
[14:35:44.553] Bot31 executed MOVE_FORWARD
[14:35:44.553] Starting turn for Bot3
[14:35:44.553] Bot3 rotated right to face NORTH
[14:35:44.553] Bot3 executed ROTATE_RIGHT
[14:35:44.553] Bot3 moved forward to (8,8)
[14:35:44.553] Bot3 executed MOVE_FORWARD
[14:35:44.553] Starting turn for Bot31
[14:35:44.553] Bot31 rotated left to face EAST
[14:35:44.553] Bot31 executed ROTATE_LEFT
[14:35:44.553] Bot31 moved forward to (1,2)
[14:35:44.553] Bot31 executed MOVE_FORWARD
[14:35:44.553] Starting turn for Bot3
[14:35:44.553] Bot3 rotated left to face WEST
[14:35:44.553] Bot3 executed ROTATE_LEFT
[14:35:44.553] Bot3 moved forward to (8,7)
[14:35:44.553] Bot3 executed MOVE_FORWARD
[14:35:44.553] Starting turn for Bot31
[14:35:44.553] Bot31 rotated right to face SOUTH
[14:35:44.553] Bot31 executed ROTATE_RIGHT
[14:35:44.553] Bot31 moved forward to (2,2)
[14:35:44.553] Bot31 executed MOVE_FORWARD
[14:35:44.553] Starting turn for Bot3
[14:35:44.553] Bot3 rotated right to face NORTH
[14:35:44.553] Bot3 executed ROTATE_RIGHT
[14:35:44.553] Starting turn for Bot31
[14:35:44.553] Bot31 rotated left to face EAST
[14:35:44.553] Bot31 executed ROTATE_LEFT
[14:35:44.553] Bot31 moved forward to (2,3)
[14:35:44.553] Bot31 executed MOVE_FORWARD
[14:35:44.553] Starting turn for Bot3
[14:35:44.553] Starting turn for Bot31
[14:35:44.553] Bot31 rotated right to face SOUTH
[14:35:44.553] Bot31 executed ROTATE_RIGHT
[14:35:44.553] Starting turn for Bot3
[14:35:44.553] Bot3 rotated right to face EAST
[14:35:44.553] Bot3 executed ROTATE_RIGHT
[14:35:44.553] Bot3 moved forward to (8,8)
[14:35:44.553] Bot3 executed MOVE_FORWARD
[14:35:44.553] Starting turn for Bot31
[14:35:44.553] Starting turn for Bot3
[14:35:44.553] Bot3 rotated left to face NORTH
[14:35:44.553] Bot3 executed ROTATE_LEFT
[14:35:44.553] Bot3 rotated left to face WEST
[14:35:44.553] Bot3 executed ROTATE_LEFT
[14:35:44.553] Bot3 moved forward to (8,7)
[14:35:44.553] Bot3 executed MOVE_FORWARD
[14:35:44.553] Starting turn for Bot31
[14:35:44.553] Bot31 rotated left to face EAST
[14:35:44.553] Bot31 executed ROTATE_LEFT
[14:35:44.553] Bot31 rotated left to face NORTH
[14:35:44.553] Bot31 executed ROTATE_LEFT
[14:35:44.553] Bot31 moved forward to (1,3)
[14:35:44.553] Bot31 executed MOVE_FORWARD
[14:35:44.553] Starting turn for Bot3
[14:35:44.553] Bot3 rotated right to face NORTH
[14:35:44.553] Bot3 executed ROTATE_RIGHT
[14:35:44.553] Starting turn for Bot31
[14:35:44.553] Bot31 rotated left to face WEST
[14:35:44.553] Bot31 executed ROTATE_LEFT
[14:35:44.553] Bot31 rotated left to face SOUTH
[14:35:44.553] Bot31 executed ROTATE_LEFT
[14:35:44.553] Bot31 moved forward to (2,3)
[14:35:44.553] Bot31 executed MOVE_FORWARD
[14:35:44.553] Starting turn for Bot3
[14:35:44.553] Starting turn for Bot31
[14:35:44.553] Starting turn for Bot3
[14:35:44.553] Bot3 rotated right to face EAST
[14:35:44.553] Bot3 executed ROTATE_RIGHT
[14:35:44.553] Bot3 moved forward to (8,8)
[14:35:44.553] Bot3 executed MOVE_FORWARD
[14:35:44.553] Starting turn for Bot31
[14:35:44.554] Starting turn for Bot3
[14:35:44.554] Bot3 rotated left to face NORTH
[14:35:44.554] Bot3 executed ROTATE_LEFT
[14:35:44.554] Bot3 rotated left to face WEST
[14:35:44.554] Bot3 executed ROTATE_LEFT
[14:35:44.554] Bot3 moved forward to (8,7)
[14:35:44.554] Bot3 executed MOVE_FORWARD
[14:35:44.554] Starting turn for Bot31
[14:35:44.554] Bot31 rotated left to face EAST
[14:35:44.554] Bot31 executed ROTATE_LEFT
[14:35:44.554] Bot31 rotated left to face NORTH
[14:35:44.554] Bot31 executed ROTATE_LEFT
[14:35:44.554] Bot31 moved forward to (1,3)
[14:35:44.554] Bot31 executed MOVE_FORWARD
[14:35:44.554] Starting turn for Bot3
[14:35:44.554] Bot3 rotated right to face NORTH
[14:35:44.554] Bot3 executed ROTATE_RIGHT
[14:35:44.554] Starting turn for Bot31
[14:35:44.554] Bot31 rotated left to face WEST
[14:35:44.554] Bot31 executed ROTATE_LEFT
[14:35:44.554] Bot31 rotated left to face SOUTH
[14:35:44.554] Bot31 executed ROTATE_LEFT
[14:35:44.554] Bot31 moved forward to (2,3)
[14:35:44.554] Bot31 executed MOVE_FORWARD
[14:35:44.554] Starting turn for Bot3
[14:35:44.554] Starting turn for Bot31
[14:35:44.554] Starting turn for Bot3
[14:35:44.554] Bot3 rotated right to face EAST
[14:35:44.554] Bot3 executed ROTATE_RIGHT
[14:35:44.554] Bot3 moved forward to (8,8)
[14:35:44.554] Bot3 executed MOVE_FORWARD
[14:35:44.554] Starting turn for Bot31
[14:35:44.554] Starting turn for Bot3
[14:35:44.554] Bot3 rotated left to face NORTH
[14:35:44.554] Bot3 executed ROTATE_LEFT
[14:35:44.554] Bot3 rotated left to face WEST
[14:35:44.554] Bot3 executed ROTATE_LEFT
[14:35:44.554] Bot3 moved forward to (8,7)
[14:35:44.554] Bot3 executed MOVE_FORWARD
[14:35:44.554] Starting turn for Bot31
[14:35:44.554] Bot31 rotated left to face EAST
[14:35:44.554] Bot31 executed ROTATE_LEFT
[14:35:44.554] Bot31 rotated left to face NORTH
[14:35:44.554] Bot31 executed ROTATE_LEFT
[14:35:44.554] Bot31 moved forward to (1,3)
[14:35:44.554] Bot31 executed MOVE_FORWARD
[14:35:44.554] Starting turn for Bot3
[14:35:44.554] Bot3 rotated right to face NORTH
[14:35:44.554] Bot3 executed ROTATE_RIGHT
[14:35:44.554] Starting turn for Bot31
[14:35:44.554] Bot31 rotated left to face WEST
[14:35:44.554] Bot31 executed ROTATE_LEFT
[14:35:44.554] Bot31 rotated left to face SOUTH
[14:35:44.554] Bot31 executed ROTATE_LEFT
[14:35:44.554] Bot31 moved forward to (2,3)
[14:35:44.554] Bot31 executed MOVE_FORWARD
[14:35:44.554] Starting turn for Bot3
[14:35:44.554] Starting turn for Bot31
[14:35:44.554] Starting turn for Bot3
[14:35:44.554] Bot3 rotated right to face EAST
[14:35:44.554] Bot3 executed ROTATE_RIGHT
[14:35:44.554] Bot3 moved forward to (8,8)
[14:35:44.554] Bot3 executed MOVE_FORWARD
[14:35:44.554] Starting turn for Bot31
[14:35:44.554] Starting turn for Bot3
[14:35:44.554] Bot3 rotated left to face NORTH
[14:35:44.554] Bot3 executed ROTATE_LEFT
[14:35:44.554] Bot3 rotated left to face WEST
[14:35:44.554] Bot3 executed ROTATE_LEFT
[14:35:44.554] Bot3 moved forward to (8,7)
[14:35:44.554] Bot3 executed MOVE_FORWARD
[14:35:44.554] Starting turn for Bot31
[14:35:44.554] Bot31 rotated left to face EAST
[14:35:44.554] Bot31 executed ROTATE_LEFT
[14:35:44.554] Bot31 rotated left to face NORTH
[14:35:44.554] Bot31 executed ROTATE_LEFT
[14:35:44.554] Bot31 moved forward to (1,3)
[14:35:44.554] Bot31 executed MOVE_FORWARD
[14:35:44.554] Starting turn for Bot3
[14:35:44.554] Bot3 rotated right to face NORTH
[14:35:44.554] Bot3 executed ROTATE_RIGHT
[14:35:44.554] Starting turn for Bot31
[14:35:44.554] Bot31 rotated left to face WEST
[14:35:44.554] Bot31 executed ROTATE_LEFT
[14:35:44.554] Bot31 rotated left to face SOUTH
[14:35:44.554] Bot31 executed ROTATE_LEFT
[14:35:44.554] Bot31 moved forward to (2,3)
[14:35:44.554] Bot31 executed MOVE_FORWARD
[14:35:44.554] Starting turn for Bot3
[14:35:44.554] Stalemate detected: State repeated 10 times, unchanged for 3 turns
[14:35:44.554] Game Over! Stalemate detected!
[14:35:44.554] Stalemate detected: State repeated 10 times, unchanged for 3 turns
