[14:36:14.349] === Game Started at 2025-02-04_14-36-14 ===
[14:36:14.349] Game initialized with 2 players
[14:36:14.349] Board size: 10
[14:36:14.349] Obstacle density: 0.05
[14:36:14.349] Max turns: 1000
[14:36:14.349] Player Bot31 starting at position (0,0) facing SOUTH
[14:36:14.349] Player Bot32 starting at position (9,9) facing WEST
[14:36:14.349] Obstacles at positions: (0,7) (4,8) (7,7) (7,9) (8,3)
[14:36:14.349] Starting turn for Bot31
[14:36:14.349] Bot31 rotated left to face EAST
[14:36:14.349] Bot31 executed ROTATE_LEFT
[14:36:14.349] Bot31 moved forward to (0,1)
[14:36:14.349] Bot31 executed MOVE_FORWARD
[14:36:14.349] Starting turn for Bot32
[14:36:14.349] Bot32 moved forward to (9,8)
[14:36:14.349] Bot32 executed MOVE_FORWARD
[14:36:14.349] Starting turn for Bot31
[14:36:14.349] Bot31 rotated right to face SOUTH
[14:36:14.349] Bot31 executed ROTATE_RIGHT
[14:36:14.349] Bot31 moved forward to (1,1)
[14:36:14.349] Bot31 executed MOVE_FORWARD
[14:36:14.349] Starting turn for Bot32
[14:36:14.349] Bot32 rotated right to face NORTH
[14:36:14.349] Bot32 executed ROTATE_RIGHT
[14:36:14.349] Bot32 moved forward to (8,8)
[14:36:14.349] Bot32 executed MOVE_FORWARD
[14:36:14.349] Starting turn for Bot31
[14:36:14.349] Bot31 rotated left to face EAST
[14:36:14.349] Bot31 executed ROTATE_LEFT
[14:36:14.349] Bot31 moved forward to (1,2)
[14:36:14.349] Bot31 executed MOVE_FORWARD
[14:36:14.349] Starting turn for Bot32
[14:36:14.349] Bot32 rotated left to face WEST
[14:36:14.349] Bot32 executed ROTATE_LEFT
[14:36:14.349] Bot32 moved forward to (8,7)
[14:36:14.349] Bot32 executed MOVE_FORWARD
[14:36:14.349] Starting turn for Bot31
[14:36:14.349] Bot31 rotated right to face SOUTH
[14:36:14.349] Bot31 executed ROTATE_RIGHT
[14:36:14.349] Bot31 moved forward to (2,2)
[14:36:14.349] Bot31 executed MOVE_FORWARD
[14:36:14.349] Starting turn for Bot32
[14:36:14.349] Bot32 rotated right to face NORTH
[14:36:14.349] Bot32 executed ROTATE_RIGHT
[14:36:14.349] Starting turn for Bot31
[14:36:14.349] Bot31 rotated left to face EAST
[14:36:14.349] Bot31 executed ROTATE_LEFT
[14:36:14.349] Bot31 moved forward to (2,3)
[14:36:14.349] Bot31 executed MOVE_FORWARD
[14:36:14.349] Starting turn for Bot32
[14:36:14.349] Starting turn for Bot31
[14:36:14.349] Bot31 rotated right to face SOUTH
[14:36:14.349] Bot31 executed ROTATE_RIGHT
[14:36:14.349] Bot31 moved forward to (3,3)
[14:36:14.349] Bot31 executed MOVE_FORWARD
[14:36:14.349] Starting turn for Bot32
[14:36:14.349] Bot32 rotated right to face EAST
[14:36:14.349] Bot32 executed ROTATE_RIGHT
[14:36:14.349] Bot32 moved forward to (8,8)
[14:36:14.349] Bot32 executed MOVE_FORWARD
[14:36:14.349] Starting turn for Bot31
[14:36:14.349] Bot31 rotated left to face EAST
[14:36:14.349] Bot31 executed ROTATE_LEFT
[14:36:14.349] Bot31 moved forward to (3,4)
[14:36:14.349] Bot31 executed MOVE_FORWARD
[14:36:14.349] Starting turn for Bot32
[14:36:14.349] Bot32 rotated left to face NORTH
[14:36:14.349] Bot32 executed ROTATE_LEFT
[14:36:14.349] Bot32 rotated left to face WEST
[14:36:14.349] Bot32 executed ROTATE_LEFT
[14:36:14.349] Bot32 moved forward to (8,7)
[14:36:14.349] Bot32 executed MOVE_FORWARD
[14:36:14.349] Starting turn for Bot31
[14:36:14.349] Bot31 rotated right to face SOUTH
[14:36:14.349] Bot31 executed ROTATE_RIGHT
[14:36:14.349] Bot31 moved forward to (4,4)
[14:36:14.349] Bot31 executed MOVE_FORWARD
[14:36:14.349] Starting turn for Bot32
[14:36:14.349] Bot32 rotated right to face NORTH
[14:36:14.349] Bot32 executed ROTATE_RIGHT
[14:36:14.349] Starting turn for Bot31
[14:36:14.349] Bot31 rotated left to face EAST
[14:36:14.349] Bot31 executed ROTATE_LEFT
[14:36:14.349] Bot31 moved forward to (4,5)
[14:36:14.349] Bot31 executed MOVE_FORWARD
[14:36:14.349] Starting turn for Bot32
[14:36:14.349] Starting turn for Bot31
[14:36:14.349] Bot31 rotated right to face SOUTH
[14:36:14.349] Bot31 executed ROTATE_RIGHT
[14:36:14.349] Bot31 moved forward to (5,5)
[14:36:14.349] Bot31 executed MOVE_FORWARD
[14:36:14.349] Starting turn for Bot32
[14:36:14.349] Bot32 rotated right to face EAST
[14:36:14.349] Bot32 executed ROTATE_RIGHT
[14:36:14.349] Bot32 moved forward to (8,8)
[14:36:14.349] Bot32 executed MOVE_FORWARD
[14:36:14.349] Starting turn for Bot31
[14:36:14.349] Starting turn for Bot32
[14:36:14.349] Bot32 rotated left to face NORTH
[14:36:14.349] Bot32 executed ROTATE_LEFT
[14:36:14.349] Bot32 rotated left to face WEST
[14:36:14.349] Bot32 executed ROTATE_LEFT
[14:36:14.349] Bot32 moved forward to (8,7)
[14:36:14.349] Bot32 executed MOVE_FORWARD
[14:36:14.349] Starting turn for Bot31
[14:36:14.349] Starting turn for Bot32
[14:36:14.349] Bot32 rotated right to face NORTH
[14:36:14.349] Bot32 executed ROTATE_RIGHT
[14:36:14.349] Starting turn for Bot31
[14:36:14.349] Starting turn for Bot32
[14:36:14.349] Starting turn for Bot31
[14:36:14.349] Starting turn for Bot32
[14:36:14.349] Bot32 rotated right to face EAST
[14:36:14.349] Bot32 executed ROTATE_RIGHT
[14:36:14.349] Bot32 moved forward to (8,8)
[14:36:14.349] Bot32 executed MOVE_FORWARD
[14:36:14.349] Starting turn for Bot31
[14:36:14.349] Starting turn for Bot32
[14:36:14.349] Bot32 rotated left to face NORTH
[14:36:14.349] Bot32 executed ROTATE_LEFT
[14:36:14.349] Bot32 rotated left to face WEST
[14:36:14.349] Bot32 executed ROTATE_LEFT
[14:36:14.349] Bot32 moved forward to (8,7)
[14:36:14.349] Bot32 executed MOVE_FORWARD
[14:36:14.349] Starting turn for Bot31
[14:36:14.349] Starting turn for Bot32
[14:36:14.349] Bot32 rotated right to face NORTH
[14:36:14.349] Bot32 executed ROTATE_RIGHT
[14:36:14.349] Starting turn for Bot31
[14:36:14.349] Starting turn for Bot32
[14:36:14.349] Starting turn for Bot31
[14:36:14.349] Starting turn for Bot32
[14:36:14.349] Bot32 rotated right to face EAST
[14:36:14.349] Bot32 executed ROTATE_RIGHT
[14:36:14.349] Bot32 moved forward to (8,8)
[14:36:14.349] Bot32 executed MOVE_FORWARD
[14:36:14.349] Starting turn for Bot31
[14:36:14.349] Starting turn for Bot32
[14:36:14.349] Bot32 rotated left to face NORTH
[14:36:14.349] Bot32 executed ROTATE_LEFT
[14:36:14.349] Bot32 rotated left to face WEST
[14:36:14.349] Bot32 executed ROTATE_LEFT
[14:36:14.349] Bot32 moved forward to (8,7)
[14:36:14.349] Bot32 executed MOVE_FORWARD
[14:36:14.349] Starting turn for Bot31
[14:36:14.349] Starting turn for Bot32
[14:36:14.349] Bot32 rotated right to face NORTH
[14:36:14.349] Bot32 executed ROTATE_RIGHT
[14:36:14.350] Starting turn for Bot31
[14:36:14.350] Stalemate detected: State repeated 10 times, unchanged for 1 turns
[14:36:14.350] Game Over! Stalemate detected!
[14:36:14.350] Stalemate detected: State repeated 10 times, unchanged for 1 turns
