[14:36:09.671] === Game Started at 2025-02-04_14-36-09 ===
[14:36:09.671] Game initialized with 2 players
[14:36:09.671] Board size: 10
[14:36:09.671] Obstacle density: 0.05
[14:36:09.671] Max turns: 1000
[14:36:09.671] Player Bot23 starting at position (0,0) facing SOUTH
[14:36:09.671] Player Bot28 starting at position (9,9) facing WEST
[14:36:09.671] Obstacles at positions: (0,1) (1,1) (5,5) (6,5) (8,2)
[14:36:09.671] Starting turn for Bot23
[14:36:09.671] Bot23 rotated left to face EAST
[14:36:09.671] Bot23 executed ROTATE_LEFT
[14:36:09.671] Starting turn for Bot28
[14:36:09.672] Bot28 moved forward to (9,8)
[14:36:09.672] Bot28 executed MOVE_FORWARD
[14:36:09.672] Starting turn for Bot23
[14:36:09.672] Starting turn for Bot28
[14:36:09.672] Bot28 rotated right to face NORTH
[14:36:09.672] Bot28 executed ROTATE_RIGHT
[14:36:09.672] Bot28 moved forward to (8,8)
[14:36:09.672] Bot28 executed MOVE_FORWARD
[14:36:09.672] Starting turn for Bot23
[14:36:09.672] Bot23 rotated right to face SOUTH
[14:36:09.672] Bot23 executed ROTATE_RIGHT
[14:36:09.672] Bot23 moved forward to (1,0)
[14:36:09.672] Bot23 executed MOVE_FORWARD
[14:36:09.672] Starting turn for Bot28
[14:36:09.672] Bot28 rotated left to face WEST
[14:36:09.672] Bot28 executed ROTATE_LEFT
[14:36:09.672] Bot28 moved forward to (8,7)
[14:36:09.672] Bot28 executed MOVE_FORWARD
[14:36:09.672] Starting turn for Bot23
[14:36:09.672] Bot23 rotated left to face EAST
[14:36:09.672] Bot23 executed ROTATE_LEFT
[14:36:09.672] Bot23 rotated left to face NORTH
[14:36:09.672] Bot23 executed ROTATE_LEFT
[14:36:09.672] Bot23 moved forward to (0,0)
[14:36:09.672] Bot23 executed MOVE_FORWARD
[14:36:09.672] Starting turn for Bot28
[14:36:09.672] Bot28 rotated right to face NORTH
[14:36:09.672] Bot28 executed ROTATE_RIGHT
[14:36:09.672] Bot28 moved forward to (7,7)
[14:36:09.672] Bot28 executed MOVE_FORWARD
[14:36:09.672] Starting turn for Bot23
[14:36:09.672] Bot23 rotated left to face WEST
[14:36:09.672] Bot23 executed ROTATE_LEFT
[14:36:09.672] Bot23 rotated left to face SOUTH
[14:36:09.672] Bot23 executed ROTATE_LEFT
[14:36:09.672] Bot23 moved forward to (1,0)
[14:36:09.672] Bot23 executed MOVE_FORWARD
[14:36:09.672] Starting turn for Bot28
[14:36:09.672] Bot28 rotated left to face WEST
[14:36:09.672] Bot28 executed ROTATE_LEFT
[14:36:09.672] Bot28 moved forward to (7,6)
[14:36:09.672] Bot28 executed MOVE_FORWARD
[14:36:09.672] Starting turn for Bot23
[14:36:09.672] Bot23 rotated left to face EAST
[14:36:09.672] Bot23 executed ROTATE_LEFT
[14:36:09.672] Bot23 rotated left to face NORTH
[14:36:09.672] Bot23 executed ROTATE_LEFT
[14:36:09.672] Bot23 moved forward to (0,0)
[14:36:09.672] Bot23 executed MOVE_FORWARD
[14:36:09.672] Starting turn for Bot28
[14:36:09.672] Bot28 rotated right to face NORTH
[14:36:09.672] Bot28 executed ROTATE_RIGHT
[14:36:09.672] Bot28 moved forward to (6,6)
[14:36:09.672] Bot28 executed MOVE_FORWARD
[14:36:09.672] Starting turn for Bot23
[14:36:09.672] Bot23 rotated left to face WEST
[14:36:09.672] Bot23 executed ROTATE_LEFT
[14:36:09.672] Bot23 rotated left to face SOUTH
[14:36:09.672] Bot23 executed ROTATE_LEFT
[14:36:09.672] Bot23 moved forward to (1,0)
[14:36:09.672] Bot23 executed MOVE_FORWARD
[14:36:09.672] Starting turn for Bot28
[14:36:09.672] Bot28 rotated left to face WEST
[14:36:09.672] Bot28 executed ROTATE_LEFT
[14:36:09.672] Starting turn for Bot23
[14:36:09.672] Bot23 rotated left to face EAST
[14:36:09.672] Bot23 executed ROTATE_LEFT
[14:36:09.672] Bot23 rotated left to face NORTH
[14:36:09.672] Bot23 executed ROTATE_LEFT
[14:36:09.672] Bot23 moved forward to (0,0)
[14:36:09.672] Bot23 executed MOVE_FORWARD
[14:36:09.672] Starting turn for Bot28
[14:36:09.672] Starting turn for Bot23
[14:36:09.672] Bot23 rotated left to face WEST
[14:36:09.672] Bot23 executed ROTATE_LEFT
[14:36:09.672] Bot23 rotated left to face SOUTH
[14:36:09.672] Bot23 executed ROTATE_LEFT
[14:36:09.672] Bot23 moved forward to (1,0)
[14:36:09.672] Bot23 executed MOVE_FORWARD
[14:36:09.672] Starting turn for Bot28
[14:36:09.672] Bot28 rotated right to face NORTH
[14:36:09.672] Bot28 executed ROTATE_RIGHT
[14:36:09.672] Bot28 moved forward to (5,6)
[14:36:09.672] Bot28 executed MOVE_FORWARD
[14:36:09.672] Starting turn for Bot23
[14:36:09.672] Bot23 rotated left to face EAST
[14:36:09.672] Bot23 executed ROTATE_LEFT
[14:36:09.672] Bot23 rotated left to face NORTH
[14:36:09.672] Bot23 executed ROTATE_LEFT
[14:36:09.672] Bot23 moved forward to (0,0)
[14:36:09.672] Bot23 executed MOVE_FORWARD
[14:36:09.672] Starting turn for Bot28
[14:36:09.672] Bot28 moved forward to (4,6)
[14:36:09.672] Bot28 executed MOVE_FORWARD
[14:36:09.672] Starting turn for Bot23
[14:36:09.672] Bot23 rotated left to face WEST
[14:36:09.672] Bot23 executed ROTATE_LEFT
[14:36:09.672] Bot23 rotated left to face SOUTH
[14:36:09.672] Bot23 executed ROTATE_LEFT
[14:36:09.672] Bot23 moved forward to (1,0)
[14:36:09.672] Bot23 executed MOVE_FORWARD
[14:36:09.672] Starting turn for Bot28
[14:36:09.672] Bot28 rotated left to face WEST
[14:36:09.672] Bot28 executed ROTATE_LEFT
[14:36:09.672] Bot28 moved forward to (4,5)
[14:36:09.672] Bot28 executed MOVE_FORWARD
[14:36:09.672] Starting turn for Bot23
[14:36:09.672] Bot23 rotated left to face EAST
[14:36:09.672] Bot23 executed ROTATE_LEFT
[14:36:09.672] Bot23 rotated left to face NORTH
[14:36:09.672] Bot23 executed ROTATE_LEFT
[14:36:09.672] Bot23 moved forward to (0,0)
[14:36:09.672] Bot23 executed MOVE_FORWARD
[14:36:09.672] Starting turn for Bot28
[14:36:09.672] Bot28 rotated left to face SOUTH
[14:36:09.672] Bot28 executed ROTATE_LEFT
[14:36:09.672] Starting turn for Bot23
[14:36:09.672] Bot23 rotated left to face WEST
[14:36:09.672] Bot23 executed ROTATE_LEFT
[14:36:09.672] Bot23 rotated left to face SOUTH
[14:36:09.672] Bot23 executed ROTATE_LEFT
[14:36:09.672] Bot23 moved forward to (1,0)
[14:36:09.672] Bot23 executed MOVE_FORWARD
[14:36:09.672] Starting turn for Bot28
[14:36:09.672] Starting turn for Bot23
[14:36:09.672] Bot23 rotated left to face EAST
[14:36:09.672] Bot23 executed ROTATE_LEFT
[14:36:09.672] Bot23 rotated left to face NORTH
[14:36:09.672] Bot23 executed ROTATE_LEFT
[14:36:09.672] Bot23 moved forward to (0,0)
[14:36:09.672] Bot23 executed MOVE_FORWARD
[14:36:09.672] Starting turn for Bot28
[14:36:09.672] Bot28 rotated left to face EAST
[14:36:09.672] Bot28 executed ROTATE_LEFT
[14:36:09.672] Bot28 rotated left to face NORTH
[14:36:09.672] Bot28 executed ROTATE_LEFT
[14:36:09.672] Bot28 moved forward to (3,5)
[14:36:09.672] Bot28 executed MOVE_FORWARD
[14:36:09.672] Starting turn for Bot23
[14:36:09.672] Bot23 rotated left to face WEST
[14:36:09.672] Bot23 executed ROTATE_LEFT
[14:36:09.672] Bot23 rotated left to face SOUTH
[14:36:09.672] Bot23 executed ROTATE_LEFT
[14:36:09.672] Bot23 moved forward to (1,0)
[14:36:09.672] Bot23 executed MOVE_FORWARD
[14:36:09.672] Starting turn for Bot28
[14:36:09.672] Bot28 rotated left to face WEST
[14:36:09.672] Bot28 executed ROTATE_LEFT
[14:36:09.672] Bot28 rotated left to face SOUTH
[14:36:09.672] Bot28 executed ROTATE_LEFT
[14:36:09.672] Bot28 moved forward to (4,5)
[14:36:09.672] Bot28 executed MOVE_FORWARD
[14:36:09.672] Starting turn for Bot23
[14:36:09.672] Bot23 rotated left to face EAST
[14:36:09.672] Bot23 executed ROTATE_LEFT
[14:36:09.672] Bot23 rotated left to face NORTH
[14:36:09.672] Bot23 executed ROTATE_LEFT
[14:36:09.672] Bot23 moved forward to (0,0)
[14:36:09.672] Bot23 executed MOVE_FORWARD
[14:36:09.672] Starting turn for Bot28
[14:36:09.672] Starting turn for Bot23
[14:36:09.672] Bot23 rotated left to face WEST
[14:36:09.672] Bot23 executed ROTATE_LEFT
[14:36:09.672] Bot23 rotated left to face SOUTH
[14:36:09.672] Bot23 executed ROTATE_LEFT
[14:36:09.672] Bot23 moved forward to (1,0)
[14:36:09.672] Bot23 executed MOVE_FORWARD
[14:36:09.672] Starting turn for Bot28
[14:36:09.672] Starting turn for Bot23
[14:36:09.672] Bot23 rotated left to face EAST
[14:36:09.672] Bot23 executed ROTATE_LEFT
[14:36:09.672] Bot23 rotated left to face NORTH
[14:36:09.672] Bot23 executed ROTATE_LEFT
[14:36:09.672] Bot23 moved forward to (0,0)
[14:36:09.672] Bot23 executed MOVE_FORWARD
[14:36:09.672] Starting turn for Bot28
[14:36:09.672] Bot28 rotated left to face EAST
[14:36:09.672] Bot28 executed ROTATE_LEFT
[14:36:09.672] Bot28 rotated left to face NORTH
[14:36:09.672] Bot28 executed ROTATE_LEFT
[14:36:09.672] Bot28 moved forward to (3,5)
[14:36:09.672] Bot28 executed MOVE_FORWARD
[14:36:09.672] Starting turn for Bot23
[14:36:09.672] Bot23 rotated left to face WEST
[14:36:09.672] Bot23 executed ROTATE_LEFT
[14:36:09.672] Bot23 rotated left to face SOUTH
[14:36:09.672] Bot23 executed ROTATE_LEFT
[14:36:09.672] Bot23 moved forward to (1,0)
[14:36:09.672] Bot23 executed MOVE_FORWARD
[14:36:09.672] Starting turn for Bot28
[14:36:09.672] Bot28 rotated left to face WEST
[14:36:09.672] Bot28 executed ROTATE_LEFT
[14:36:09.672] Bot28 rotated left to face SOUTH
[14:36:09.672] Bot28 executed ROTATE_LEFT
[14:36:09.672] Bot28 moved forward to (4,5)
[14:36:09.672] Bot28 executed MOVE_FORWARD
[14:36:09.672] Starting turn for Bot23
[14:36:09.672] Bot23 rotated left to face EAST
[14:36:09.672] Bot23 executed ROTATE_LEFT
[14:36:09.672] Bot23 rotated left to face NORTH
[14:36:09.672] Bot23 executed ROTATE_LEFT
[14:36:09.672] Bot23 moved forward to (0,0)
[14:36:09.672] Bot23 executed MOVE_FORWARD
[14:36:09.672] Starting turn for Bot28
[14:36:09.672] Starting turn for Bot23
[14:36:09.672] Bot23 rotated left to face WEST
[14:36:09.672] Bot23 executed ROTATE_LEFT
[14:36:09.672] Bot23 rotated left to face SOUTH
[14:36:09.672] Bot23 executed ROTATE_LEFT
[14:36:09.672] Bot23 moved forward to (1,0)
[14:36:09.672] Bot23 executed MOVE_FORWARD
[14:36:09.672] Starting turn for Bot28
[14:36:09.672] Starting turn for Bot23
[14:36:09.672] Bot23 rotated left to face EAST
[14:36:09.672] Bot23 executed ROTATE_LEFT
[14:36:09.672] Bot23 rotated left to face NORTH
[14:36:09.672] Bot23 executed ROTATE_LEFT
[14:36:09.672] Bot23 moved forward to (0,0)
[14:36:09.672] Bot23 executed MOVE_FORWARD
[14:36:09.672] Starting turn for Bot28
[14:36:09.672] Bot28 rotated left to face EAST
[14:36:09.672] Bot28 executed ROTATE_LEFT
[14:36:09.672] Bot28 rotated left to face NORTH
[14:36:09.672] Bot28 executed ROTATE_LEFT
[14:36:09.672] Bot28 moved forward to (3,5)
[14:36:09.672] Bot28 executed MOVE_FORWARD
[14:36:09.672] Starting turn for Bot23
[14:36:09.672] Bot23 rotated left to face WEST
[14:36:09.672] Bot23 executed ROTATE_LEFT
[14:36:09.672] Bot23 rotated left to face SOUTH
[14:36:09.672] Bot23 executed ROTATE_LEFT
[14:36:09.672] Bot23 moved forward to (1,0)
[14:36:09.672] Bot23 executed MOVE_FORWARD
[14:36:09.672] Starting turn for Bot28
[14:36:09.672] Bot28 rotated left to face WEST
[14:36:09.672] Bot28 executed ROTATE_LEFT
[14:36:09.672] Bot28 rotated left to face SOUTH
[14:36:09.672] Bot28 executed ROTATE_LEFT
[14:36:09.672] Bot28 moved forward to (4,5)
[14:36:09.672] Bot28 executed MOVE_FORWARD
[14:36:09.672] Starting turn for Bot23
[14:36:09.672] Bot23 rotated left to face EAST
[14:36:09.672] Bot23 executed ROTATE_LEFT
[14:36:09.672] Bot23 rotated left to face NORTH
[14:36:09.672] Bot23 executed ROTATE_LEFT
[14:36:09.672] Bot23 moved forward to (0,0)
[14:36:09.672] Bot23 executed MOVE_FORWARD
[14:36:09.672] Starting turn for Bot28
[14:36:09.672] Starting turn for Bot23
[14:36:09.672] Stalemate detected: State repeated 10 times, unchanged for 1 turns
[14:36:09.672] Game Over! Stalemate detected!
[14:36:09.672] Stalemate detected: State repeated 10 times, unchanged for 1 turns
