[14:35:59.218] === Game Started at 2025-02-04_14-35-59 ===
[14:35:59.218] Game initialized with 2 players
[14:35:59.218] Board size: 10
[14:35:59.218] Obstacle density: 0.05
[14:35:59.218] Max turns: 1000
[14:35:59.218] Player Bot13 starting at position (0,0) facing SOUTH
[14:35:59.218] Player Bot14 starting at position (9,9) facing WEST
[14:35:59.218] Obstacles at positions: (4,7) (5,4) (6,0) (6,6) (8,2)
[14:35:59.218] Starting turn for Bot13
[14:35:59.218] Bot13 rotated left to face EAST
[14:35:59.218] Bot13 executed ROTATE_LEFT
[14:35:59.218] Bot13 moved forward to (0,1)
[14:35:59.218] Bot13 executed MOVE_FORWARD
[14:35:59.218] Starting turn for Bot14
[14:35:59.218] Bot14 moved forward to (9,8)
[14:35:59.218] Bot14 executed MOVE_FORWARD
[14:35:59.218] Starting turn for Bot13
[14:35:59.218] Bot13 rotated right to face SOUTH
[14:35:59.218] Bot13 executed ROTATE_RIGHT
[14:35:59.218] Bot13 moved forward to (1,1)
[14:35:59.218] Bot13 executed MOVE_FORWARD
[14:35:59.218] Starting turn for Bot14
[14:35:59.218] Bot14 rotated right to face NORTH
[14:35:59.218] Bot14 executed ROTATE_RIGHT
[14:35:59.218] Bot14 moved forward to (8,8)
[14:35:59.218] Bot14 executed MOVE_FORWARD
[14:35:59.218] Starting turn for Bot13
[14:35:59.218] Bot13 rotated left to face EAST
[14:35:59.218] Bot13 executed ROTATE_LEFT
[14:35:59.218] Bot13 moved forward to (1,2)
[14:35:59.218] Bot13 executed MOVE_FORWARD
[14:35:59.218] Starting turn for Bot14
[14:35:59.218] Bot14 rotated left to face WEST
[14:35:59.218] Bot14 executed ROTATE_LEFT
[14:35:59.218] Bot14 moved forward to (8,7)
[14:35:59.218] Bot14 executed MOVE_FORWARD
[14:35:59.218] Starting turn for Bot13
[14:35:59.218] Bot13 rotated right to face SOUTH
[14:35:59.218] Bot13 executed ROTATE_RIGHT
[14:35:59.218] Bot13 moved forward to (2,2)
[14:35:59.218] Bot13 executed MOVE_FORWARD
[14:35:59.218] Starting turn for Bot14
[14:35:59.218] Bot14 rotated right to face NORTH
[14:35:59.218] Bot14 executed ROTATE_RIGHT
[14:35:59.218] Bot14 moved forward to (7,7)
[14:35:59.218] Bot14 executed MOVE_FORWARD
[14:35:59.218] Starting turn for Bot13
[14:35:59.218] Bot13 rotated left to face EAST
[14:35:59.218] Bot13 executed ROTATE_LEFT
[14:35:59.218] Bot13 moved forward to (2,3)
[14:35:59.218] Bot13 executed MOVE_FORWARD
[14:35:59.218] Starting turn for Bot14
[14:35:59.218] Bot14 rotated left to face WEST
[14:35:59.218] Bot14 executed ROTATE_LEFT
[14:35:59.218] Bot14 moved forward to (7,6)
[14:35:59.218] Bot14 executed MOVE_FORWARD
[14:35:59.218] Starting turn for Bot13
[14:35:59.218] Bot13 rotated right to face SOUTH
[14:35:59.218] Bot13 executed ROTATE_RIGHT
[14:35:59.218] Bot13 moved forward to (3,3)
[14:35:59.218] Bot13 executed MOVE_FORWARD
[14:35:59.218] Starting turn for Bot14
[14:35:59.218] Bot14 rotated right to face NORTH
[14:35:59.218] Bot14 executed ROTATE_RIGHT
[14:35:59.218] Starting turn for Bot13
[14:35:59.218] Bot13 rotated left to face EAST
[14:35:59.218] Bot13 executed ROTATE_LEFT
[14:35:59.218] Bot13 moved forward to (3,4)
[14:35:59.218] Bot13 executed MOVE_FORWARD
[14:35:59.218] Starting turn for Bot14
[14:35:59.218] Starting turn for Bot13
[14:35:59.218] Bot13 rotated right to face SOUTH
[14:35:59.218] Bot13 executed ROTATE_RIGHT
[14:35:59.218] Bot13 moved forward to (4,4)
[14:35:59.218] Bot13 executed MOVE_FORWARD
[14:35:59.218] Starting turn for Bot14
[14:35:59.218] Bot14 rotated right to face EAST
[14:35:59.218] Bot14 executed ROTATE_RIGHT
[14:35:59.218] Bot14 moved forward to (7,7)
[14:35:59.218] Bot14 executed MOVE_FORWARD
[14:35:59.218] Starting turn for Bot13
[14:35:59.218] Bot13 rotated left to face EAST
[14:35:59.218] Bot13 executed ROTATE_LEFT
[14:35:59.218] Bot13 moved forward to (4,5)
[14:35:59.218] Bot13 executed MOVE_FORWARD
[14:35:59.218] Starting turn for Bot14
[14:35:59.218] Bot14 rotated left to face NORTH
[14:35:59.218] Bot14 executed ROTATE_LEFT
[14:35:59.218] Bot14 rotated left to face WEST
[14:35:59.218] Bot14 executed ROTATE_LEFT
[14:35:59.218] Bot14 moved forward to (7,6)
[14:35:59.218] Bot14 executed MOVE_FORWARD
[14:35:59.218] Starting turn for Bot13
[14:35:59.218] Bot13 rotated right to face SOUTH
[14:35:59.218] Bot13 executed ROTATE_RIGHT
[14:35:59.218] Bot13 moved forward to (5,5)
[14:35:59.218] Bot13 executed MOVE_FORWARD
[14:35:59.218] Starting turn for Bot14
[14:35:59.218] Bot14 rotated right to face NORTH
[14:35:59.218] Bot14 executed ROTATE_RIGHT
[14:35:59.218] Starting turn for Bot13
[14:35:59.218] Starting turn for Bot14
[14:35:59.218] Starting turn for Bot13
[14:35:59.218] Starting turn for Bot14
[14:35:59.218] Bot14 rotated right to face EAST
[14:35:59.218] Bot14 executed ROTATE_RIGHT
[14:35:59.218] Bot14 moved forward to (7,7)
[14:35:59.218] Bot14 executed MOVE_FORWARD
[14:35:59.218] Starting turn for Bot13
[14:35:59.218] Starting turn for Bot14
[14:35:59.218] Bot14 rotated left to face NORTH
[14:35:59.218] Bot14 executed ROTATE_LEFT
[14:35:59.218] Bot14 rotated left to face WEST
[14:35:59.218] Bot14 executed ROTATE_LEFT
[14:35:59.218] Bot14 moved forward to (7,6)
[14:35:59.218] Bot14 executed MOVE_FORWARD
[14:35:59.218] Starting turn for Bot13
[14:35:59.218] Starting turn for Bot14
[14:35:59.218] Bot14 rotated right to face NORTH
[14:35:59.218] Bot14 executed ROTATE_RIGHT
[14:35:59.218] Starting turn for Bot13
[14:35:59.218] Starting turn for Bot14
[14:35:59.218] Starting turn for Bot13
[14:35:59.218] Starting turn for Bot14
[14:35:59.218] Bot14 rotated right to face EAST
[14:35:59.218] Bot14 executed ROTATE_RIGHT
[14:35:59.218] Bot14 moved forward to (7,7)
[14:35:59.218] Bot14 executed MOVE_FORWARD
[14:35:59.218] Starting turn for Bot13
[14:35:59.218] Starting turn for Bot14
[14:35:59.218] Bot14 rotated left to face NORTH
[14:35:59.218] Bot14 executed ROTATE_LEFT
[14:35:59.218] Bot14 rotated left to face WEST
[14:35:59.218] Bot14 executed ROTATE_LEFT
[14:35:59.218] Bot14 moved forward to (7,6)
[14:35:59.218] Bot14 executed MOVE_FORWARD
[14:35:59.218] Starting turn for Bot13
[14:35:59.218] Starting turn for Bot14
[14:35:59.218] Bot14 rotated right to face NORTH
[14:35:59.218] Bot14 executed ROTATE_RIGHT
[14:35:59.218] Starting turn for Bot13
[14:35:59.218] Starting turn for Bot14
[14:35:59.218] Starting turn for Bot13
[14:35:59.218] Starting turn for Bot14
[14:35:59.218] Stalemate detected: State repeated 10 times, unchanged for 2 turns
[14:35:59.218] Game Over! Stalemate detected!
[14:35:59.218] Stalemate detected: State repeated 10 times, unchanged for 2 turns
