[14:36:01.747] === Game Started at 2025-02-04_14-36-01 ===
[14:36:01.747] Game initialized with 2 players
[14:36:01.747] Board size: 10
[14:36:01.747] Obstacle density: 0.05
[14:36:01.747] Max turns: 1000
[14:36:01.747] Player Bot14 starting at position (0,0) facing NORTH
[14:36:01.747] Player Bot39 starting at position (9,9) facing EAST
[14:36:01.747] Obstacles at positions: (1,2) (1,4) (1,7) (3,6) (4,5)
[14:36:01.747] Starting turn for Bot14
[14:36:01.747] Bot14 rotated right to face EAST
[14:36:01.747] Bot14 executed ROTATE_RIGHT
[14:36:01.747] Bot14 moved forward to (0,1)
[14:36:01.747] Bot14 executed MOVE_FORWARD
[14:36:01.747] Starting turn for Bot39
[14:36:01.747] Bot39 rotated left to face NORTH
[14:36:01.747] Bot39 executed ROTATE_LEFT
[14:36:01.747] Bot39 rotated left to face WEST
[14:36:01.747] Bot39 executed ROTATE_LEFT
[14:36:01.747] Bot39 moved forward to (9,8)
[14:36:01.747] Bot39 executed MOVE_FORWARD
[14:36:01.747] Starting turn for Bot14
[14:36:01.747] Bot14 rotated right to face SOUTH
[14:36:01.747] Bot14 executed ROTATE_RIGHT
[14:36:01.747] Bot14 moved forward to (1,1)
[14:36:01.747] Bot14 executed MOVE_FORWARD
[14:36:01.747] Starting turn for Bot39
[14:36:01.747] Bot39 rotated right to face NORTH
[14:36:01.747] Bot39 executed ROTATE_RIGHT
[14:36:01.747] Bot39 moved forward to (8,8)
[14:36:01.747] Bot39 executed MOVE_FORWARD
[14:36:01.747] Starting turn for Bot14
[14:36:01.747] Bot14 rotated left to face EAST
[14:36:01.747] Bot14 executed ROTATE_LEFT
[14:36:01.747] Starting turn for Bot39
[14:36:01.747] Bot39 rotated left to face WEST
[14:36:01.747] Bot39 executed ROTATE_LEFT
[14:36:01.747] Bot39 moved forward to (8,7)
[14:36:01.747] Bot39 executed MOVE_FORWARD
[14:36:01.747] Starting turn for Bot14
[14:36:01.747] Starting turn for Bot39
[14:36:01.747] Bot39 rotated right to face NORTH
[14:36:01.747] Bot39 executed ROTATE_RIGHT
[14:36:01.747] Bot39 moved forward to (7,7)
[14:36:01.747] Bot39 executed MOVE_FORWARD
[14:36:01.747] Starting turn for Bot14
[14:36:01.747] Bot14 rotated left to face NORTH
[14:36:01.747] Bot14 executed ROTATE_LEFT
[14:36:01.747] Bot14 moved forward to (0,1)
[14:36:01.747] Bot14 executed MOVE_FORWARD
[14:36:01.747] Starting turn for Bot39
[14:36:01.747] Bot39 rotated left to face WEST
[14:36:01.747] Bot39 executed ROTATE_LEFT
[14:36:01.747] Bot39 moved forward to (7,6)
[14:36:01.747] Bot39 executed MOVE_FORWARD
[14:36:01.747] Starting turn for Bot14
[14:36:01.747] Bot14 rotated left to face WEST
[14:36:01.747] Bot14 executed ROTATE_LEFT
[14:36:01.747] Bot14 rotated left to face SOUTH
[14:36:01.747] Bot14 executed ROTATE_LEFT
[14:36:01.747] Bot14 moved forward to (1,1)
[14:36:01.747] Bot14 executed MOVE_FORWARD
[14:36:01.747] Starting turn for Bot39
[14:36:01.747] Bot39 rotated right to face NORTH
[14:36:01.747] Bot39 executed ROTATE_RIGHT
[14:36:01.747] Bot39 moved forward to (6,6)
[14:36:01.747] Bot39 executed MOVE_FORWARD
[14:36:01.748] Starting turn for Bot14
[14:36:01.748] Bot14 rotated left to face EAST
[14:36:01.748] Bot14 executed ROTATE_LEFT
[14:36:01.748] Starting turn for Bot39
[14:36:01.748] Bot39 rotated left to face WEST
[14:36:01.748] Bot39 executed ROTATE_LEFT
[14:36:01.748] Bot39 moved forward to (6,5)
[14:36:01.748] Bot39 executed MOVE_FORWARD
[14:36:01.748] Starting turn for Bot14
[14:36:01.748] Starting turn for Bot39
[14:36:01.748] Bot39 rotated right to face NORTH
[14:36:01.748] Bot39 executed ROTATE_RIGHT
[14:36:01.748] Bot39 moved forward to (5,5)
[14:36:01.748] Bot39 executed MOVE_FORWARD
[14:36:01.748] Starting turn for Bot14
[14:36:01.748] Bot14 rotated left to face NORTH
[14:36:01.748] Bot14 executed ROTATE_LEFT
[14:36:01.748] Bot14 moved forward to (0,1)
[14:36:01.748] Bot14 executed MOVE_FORWARD
[14:36:01.748] Starting turn for Bot39
[14:36:01.748] Starting turn for Bot14
[14:36:01.748] Bot14 rotated left to face WEST
[14:36:01.748] Bot14 executed ROTATE_LEFT
[14:36:01.748] Bot14 rotated left to face SOUTH
[14:36:01.748] Bot14 executed ROTATE_LEFT
[14:36:01.748] Bot14 moved forward to (1,1)
[14:36:01.748] Bot14 executed MOVE_FORWARD
[14:36:01.748] Starting turn for Bot39
[14:36:01.748] Starting turn for Bot14
[14:36:01.748] Bot14 rotated left to face EAST
[14:36:01.748] Bot14 executed ROTATE_LEFT
[14:36:01.748] Starting turn for Bot39
[14:36:01.748] Starting turn for Bot14
[14:36:01.748] Starting turn for Bot39
[14:36:01.748] Starting turn for Bot14
[14:36:01.748] Bot14 rotated left to face NORTH
[14:36:01.748] Bot14 executed ROTATE_LEFT
[14:36:01.748] Bot14 moved forward to (0,1)
[14:36:01.748] Bot14 executed MOVE_FORWARD
[14:36:01.748] Starting turn for Bot39
[14:36:01.748] Starting turn for Bot14
[14:36:01.748] Bot14 rotated left to face WEST
[14:36:01.748] Bot14 executed ROTATE_LEFT
[14:36:01.748] Bot14 rotated left to face SOUTH
[14:36:01.748] Bot14 executed ROTATE_LEFT
[14:36:01.748] Bot14 moved forward to (1,1)
[14:36:01.748] Bot14 executed MOVE_FORWARD
[14:36:01.748] Starting turn for Bot39
[14:36:01.748] Starting turn for Bot14
[14:36:01.748] Bot14 rotated left to face EAST
[14:36:01.748] Bot14 executed ROTATE_LEFT
[14:36:01.748] Starting turn for Bot39
[14:36:01.748] Starting turn for Bot14
[14:36:01.748] Starting turn for Bot39
[14:36:01.748] Starting turn for Bot14
[14:36:01.748] Bot14 rotated left to face NORTH
[14:36:01.748] Bot14 executed ROTATE_LEFT
[14:36:01.748] Bot14 moved forward to (0,1)
[14:36:01.748] Bot14 executed MOVE_FORWARD
[14:36:01.748] Starting turn for Bot39
[14:36:01.748] Starting turn for Bot14
[14:36:01.748] Bot14 rotated left to face WEST
[14:36:01.748] Bot14 executed ROTATE_LEFT
[14:36:01.748] Bot14 rotated left to face SOUTH
[14:36:01.748] Bot14 executed ROTATE_LEFT
[14:36:01.748] Bot14 moved forward to (1,1)
[14:36:01.748] Bot14 executed MOVE_FORWARD
[14:36:01.748] Starting turn for Bot39
[14:36:01.748] Starting turn for Bot14
[14:36:01.748] Bot14 rotated left to face EAST
[14:36:01.748] Bot14 executed ROTATE_LEFT
[14:36:01.748] Starting turn for Bot39
[14:36:01.748] Starting turn for Bot14
[14:36:01.748] Starting turn for Bot39
[14:36:01.748] Stalemate detected: State repeated 10 times, unchanged for 3 turns
[14:36:01.748] Game Over! Stalemate detected!
[14:36:01.748] Stalemate detected: State repeated 10 times, unchanged for 3 turns
