[14:35:51.494] === Game Started at 2025-02-04_14-35-51 ===
[14:35:51.494] Game initialized with 2 players
[14:35:51.494] Board size: 10
[14:35:51.494] Obstacle density: 0.05
[14:35:51.494] Max turns: 1000
[14:35:51.494] Player Bot19 starting at position (0,0) facing NORTH
[14:35:51.494] Player Bot7 starting at position (9,9) facing SOUTH
[14:35:51.494] Obstacles at positions: (1,2) (4,1) (5,0) (5,9) (7,7)
[14:35:51.494] Starting turn for Bot19
[14:35:51.494] Bot19 rotated right to face EAST
[14:35:51.494] Bot19 executed ROTATE_RIGHT
[14:35:51.494] Bot19 moved forward to (0,1)
[14:35:51.494] Bot19 executed MOVE_FORWARD
[14:35:51.494] Starting turn for Bot7
[14:35:51.494] Bot7 rotated right to face WEST
[14:35:51.494] Bot7 executed ROTATE_RIGHT
[14:35:51.494] Bot7 moved forward to (9,8)
[14:35:51.494] Bot7 executed MOVE_FORWARD
[14:35:51.494] Starting turn for Bot19
[14:35:51.494] Bot19 rotated right to face SOUTH
[14:35:51.494] Bot19 executed ROTATE_RIGHT
[14:35:51.494] Bot19 moved forward to (1,1)
[14:35:51.494] Bot19 executed MOVE_FORWARD
[14:35:51.494] Starting turn for Bot7
[14:35:51.494] Bot7 rotated right to face NORTH
[14:35:51.494] Bot7 executed ROTATE_RIGHT
[14:35:51.494] Bot7 moved forward to (8,8)
[14:35:51.494] Bot7 executed MOVE_FORWARD
[14:35:51.494] Starting turn for Bot19
[14:35:51.494] Bot19 rotated left to face EAST
[14:35:51.494] Bot19 executed ROTATE_LEFT
[14:35:51.494] Starting turn for Bot7
[14:35:51.494] Bot7 rotated left to face WEST
[14:35:51.494] Bot7 executed ROTATE_LEFT
[14:35:51.494] Bot7 moved forward to (8,7)
[14:35:51.494] Bot7 executed MOVE_FORWARD
[14:35:51.494] Starting turn for Bot19
[14:35:51.494] Starting turn for Bot7
[14:35:51.494] Bot7 rotated right to face NORTH
[14:35:51.494] Bot7 executed ROTATE_RIGHT
[14:35:51.494] Starting turn for Bot19
[14:35:51.494] Bot19 rotated left to face NORTH
[14:35:51.494] Bot19 executed ROTATE_LEFT
[14:35:51.494] Bot19 moved forward to (0,1)
[14:35:51.494] Bot19 executed MOVE_FORWARD
[14:35:51.494] Starting turn for Bot7
[14:35:51.494] Starting turn for Bot19
[14:35:51.494] Bot19 rotated left to face WEST
[14:35:51.494] Bot19 executed ROTATE_LEFT
[14:35:51.494] Bot19 rotated left to face SOUTH
[14:35:51.494] Bot19 executed ROTATE_LEFT
[14:35:51.494] Bot19 moved forward to (1,1)
[14:35:51.494] Bot19 executed MOVE_FORWARD
[14:35:51.494] Starting turn for Bot7
[14:35:51.494] Bot7 rotated right to face EAST
[14:35:51.494] Bot7 executed ROTATE_RIGHT
[14:35:51.494] Bot7 moved forward to (8,8)
[14:35:51.494] Bot7 executed MOVE_FORWARD
[14:35:51.494] Starting turn for Bot19
[14:35:51.494] Bot19 rotated left to face EAST
[14:35:51.494] Bot19 executed ROTATE_LEFT
[14:35:51.494] Starting turn for Bot7
[14:35:51.494] Bot7 rotated left to face NORTH
[14:35:51.494] Bot7 executed ROTATE_LEFT
[14:35:51.494] Bot7 rotated left to face WEST
[14:35:51.494] Bot7 executed ROTATE_LEFT
[14:35:51.494] Bot7 moved forward to (8,7)
[14:35:51.494] Bot7 executed MOVE_FORWARD
[14:35:51.494] Starting turn for Bot19
[14:35:51.494] Starting turn for Bot7
[14:35:51.494] Bot7 rotated right to face NORTH
[14:35:51.494] Bot7 executed ROTATE_RIGHT
[14:35:51.494] Starting turn for Bot19
[14:35:51.494] Bot19 rotated left to face NORTH
[14:35:51.494] Bot19 executed ROTATE_LEFT
[14:35:51.494] Bot19 moved forward to (0,1)
[14:35:51.494] Bot19 executed MOVE_FORWARD
[14:35:51.494] Starting turn for Bot7
[14:35:51.494] Starting turn for Bot19
[14:35:51.494] Bot19 rotated left to face WEST
[14:35:51.494] Bot19 executed ROTATE_LEFT
[14:35:51.494] Bot19 rotated left to face SOUTH
[14:35:51.494] Bot19 executed ROTATE_LEFT
[14:35:51.494] Bot19 moved forward to (1,1)
[14:35:51.494] Bot19 executed MOVE_FORWARD
[14:35:51.494] Starting turn for Bot7
[14:35:51.494] Bot7 rotated right to face EAST
[14:35:51.494] Bot7 executed ROTATE_RIGHT
[14:35:51.494] Bot7 moved forward to (8,8)
[14:35:51.494] Bot7 executed MOVE_FORWARD
[14:35:51.494] Starting turn for Bot19
[14:35:51.494] Bot19 rotated left to face EAST
[14:35:51.494] Bot19 executed ROTATE_LEFT
[14:35:51.494] Starting turn for Bot7
[14:35:51.494] Bot7 rotated left to face NORTH
[14:35:51.494] Bot7 executed ROTATE_LEFT
[14:35:51.494] Bot7 rotated left to face WEST
[14:35:51.494] Bot7 executed ROTATE_LEFT
[14:35:51.494] Bot7 moved forward to (8,7)
[14:35:51.494] Bot7 executed MOVE_FORWARD
[14:35:51.494] Starting turn for Bot19
[14:35:51.494] Starting turn for Bot7
[14:35:51.494] Bot7 rotated right to face NORTH
[14:35:51.494] Bot7 executed ROTATE_RIGHT
[14:35:51.494] Starting turn for Bot19
[14:35:51.494] Bot19 rotated left to face NORTH
[14:35:51.494] Bot19 executed ROTATE_LEFT
[14:35:51.494] Bot19 moved forward to (0,1)
[14:35:51.494] Bot19 executed MOVE_FORWARD
[14:35:51.495] Starting turn for Bot7
[14:35:51.495] Starting turn for Bot19
[14:35:51.495] Bot19 rotated left to face WEST
[14:35:51.495] Bot19 executed ROTATE_LEFT
[14:35:51.495] Bot19 rotated left to face SOUTH
[14:35:51.495] Bot19 executed ROTATE_LEFT
[14:35:51.495] Bot19 moved forward to (1,1)
[14:35:51.495] Bot19 executed MOVE_FORWARD
[14:35:51.495] Starting turn for Bot7
[14:35:51.495] Bot7 rotated right to face EAST
[14:35:51.495] Bot7 executed ROTATE_RIGHT
[14:35:51.495] Bot7 moved forward to (8,8)
[14:35:51.495] Bot7 executed MOVE_FORWARD
[14:35:51.495] Starting turn for Bot19
[14:35:51.495] Bot19 rotated left to face EAST
[14:35:51.495] Bot19 executed ROTATE_LEFT
[14:35:51.495] Starting turn for Bot7
[14:35:51.495] Bot7 rotated left to face NORTH
[14:35:51.495] Bot7 executed ROTATE_LEFT
[14:35:51.495] Bot7 rotated left to face WEST
[14:35:51.495] Bot7 executed ROTATE_LEFT
[14:35:51.495] Bot7 moved forward to (8,7)
[14:35:51.495] Bot7 executed MOVE_FORWARD
[14:35:51.495] Starting turn for Bot19
[14:35:51.495] Starting turn for Bot7
[14:35:51.495] Bot7 rotated right to face NORTH
[14:35:51.495] Bot7 executed ROTATE_RIGHT
[14:35:51.495] Starting turn for Bot19
[14:35:51.495] Bot19 rotated left to face NORTH
[14:35:51.495] Bot19 executed ROTATE_LEFT
[14:35:51.495] Bot19 moved forward to (0,1)
[14:35:51.495] Bot19 executed MOVE_FORWARD
[14:35:51.495] Starting turn for Bot7
[14:35:51.495] Starting turn for Bot19
[14:35:51.495] Bot19 rotated left to face WEST
[14:35:51.495] Bot19 executed ROTATE_LEFT
[14:35:51.495] Bot19 rotated left to face SOUTH
[14:35:51.495] Bot19 executed ROTATE_LEFT
[14:35:51.495] Bot19 moved forward to (1,1)
[14:35:51.495] Bot19 executed MOVE_FORWARD
[14:35:51.495] Starting turn for Bot7
[14:35:51.495] Bot7 rotated right to face EAST
[14:35:51.495] Bot7 executed ROTATE_RIGHT
[14:35:51.495] Bot7 moved forward to (8,8)
[14:35:51.495] Bot7 executed MOVE_FORWARD
[14:35:51.495] Starting turn for Bot19
[14:35:51.495] Bot19 rotated left to face EAST
[14:35:51.495] Bot19 executed ROTATE_LEFT
[14:35:51.495] Starting turn for Bot7
[14:35:51.495] Bot7 rotated left to face NORTH
[14:35:51.495] Bot7 executed ROTATE_LEFT
[14:35:51.495] Bot7 rotated left to face WEST
[14:35:51.495] Bot7 executed ROTATE_LEFT
[14:35:51.495] Bot7 moved forward to (8,7)
[14:35:51.495] Bot7 executed MOVE_FORWARD
[14:35:51.495] Starting turn for Bot19
[14:35:51.495] Starting turn for Bot7
[14:35:51.495] Stalemate detected: State repeated 10 times, unchanged for 2 turns
[14:35:51.495] Game Over! Stalemate detected!
[14:35:51.495] Stalemate detected: State repeated 10 times, unchanged for 2 turns
