[14:36:00.269] === Game Started at 2025-02-04_14-36-00 ===
[14:36:00.269] Game initialized with 2 players
[14:36:00.269] Board size: 10
[14:36:00.270] Obstacle density: 0.05
[14:36:00.270] Max turns: 1000
[14:36:00.270] Player Bot35 starting at position (0,0) facing EAST
[14:36:00.270] Player Bot13 starting at position (9,9) facing WEST
[14:36:00.270] Obstacles at positions: (1,4) (2,3) (3,4) (3,7) (8,2)
[14:36:00.270] Starting turn for Bot35
[14:36:00.270] Bot35 moved forward to (0,1)
[14:36:00.270] Bot35 executed MOVE_FORWARD
[14:36:00.270] Starting turn for Bot13
[14:36:00.270] Bot13 moved forward to (9,8)
[14:36:00.270] Bot13 executed MOVE_FORWARD
[14:36:00.270] Starting turn for Bot35
[14:36:00.270] Bot35 rotated right to face SOUTH
[14:36:00.270] Bot35 executed ROTATE_RIGHT
[14:36:00.270] Bot35 moved forward to (1,1)
[14:36:00.270] Bot35 executed MOVE_FORWARD
[14:36:00.270] Starting turn for Bot13
[14:36:00.270] Bot13 rotated right to face NORTH
[14:36:00.270] Bot13 executed ROTATE_RIGHT
[14:36:00.270] Bot13 moved forward to (8,8)
[14:36:00.270] Bot13 executed MOVE_FORWARD
[14:36:00.270] Starting turn for Bot35
[14:36:00.270] Bot35 rotated left to face EAST
[14:36:00.270] Bot35 executed ROTATE_LEFT
[14:36:00.270] Bot35 moved forward to (1,2)
[14:36:00.270] Bot35 executed MOVE_FORWARD
[14:36:00.270] Starting turn for Bot13
[14:36:00.270] Bot13 rotated left to face WEST
[14:36:00.270] Bot13 executed ROTATE_LEFT
[14:36:00.270] Bot13 moved forward to (8,7)
[14:36:00.270] Bot13 executed MOVE_FORWARD
[14:36:00.270] Starting turn for Bot35
[14:36:00.270] Bot35 rotated right to face SOUTH
[14:36:00.270] Bot35 executed ROTATE_RIGHT
[14:36:00.270] Bot35 moved forward to (2,2)
[14:36:00.270] Bot35 executed MOVE_FORWARD
[14:36:00.270] Starting turn for Bot13
[14:36:00.270] Bot13 rotated right to face NORTH
[14:36:00.270] Bot13 executed ROTATE_RIGHT
[14:36:00.270] Bot13 moved forward to (7,7)
[14:36:00.270] Bot13 executed MOVE_FORWARD
[14:36:00.270] Starting turn for Bot35
[14:36:00.270] Bot35 rotated left to face EAST
[14:36:00.270] Bot35 executed ROTATE_LEFT
[14:36:00.270] Starting turn for Bot13
[14:36:00.270] Bot13 rotated left to face WEST
[14:36:00.270] Bot13 executed ROTATE_LEFT
[14:36:00.270] Bot13 moved forward to (7,6)
[14:36:00.270] Bot13 executed MOVE_FORWARD
[14:36:00.270] Starting turn for Bot35
[14:36:00.270] Starting turn for Bot13
[14:36:00.270] Bot13 rotated right to face NORTH
[14:36:00.270] Bot13 executed ROTATE_RIGHT
[14:36:00.270] Bot13 moved forward to (6,6)
[14:36:00.270] Bot13 executed MOVE_FORWARD
[14:36:00.270] Starting turn for Bot35
[14:36:00.270] Bot35 rotated left to face NORTH
[14:36:00.270] Bot35 executed ROTATE_LEFT
[14:36:00.270] Bot35 moved forward to (1,2)
[14:36:00.270] Bot35 executed MOVE_FORWARD
[14:36:00.270] Starting turn for Bot13
[14:36:00.270] Bot13 rotated left to face WEST
[14:36:00.270] Bot13 executed ROTATE_LEFT
[14:36:00.270] Bot13 moved forward to (6,5)
[14:36:00.270] Bot13 executed MOVE_FORWARD
[14:36:00.270] Starting turn for Bot35
[14:36:00.270] Bot35 rotated left to face WEST
[14:36:00.270] Bot35 executed ROTATE_LEFT
[14:36:00.270] Bot35 rotated left to face SOUTH
[14:36:00.270] Bot35 executed ROTATE_LEFT
[14:36:00.270] Bot35 moved forward to (2,2)
[14:36:00.270] Bot35 executed MOVE_FORWARD
[14:36:00.270] Starting turn for Bot13
[14:36:00.270] Bot13 rotated right to face NORTH
[14:36:00.270] Bot13 executed ROTATE_RIGHT
[14:36:00.270] Bot13 moved forward to (5,5)
[14:36:00.270] Bot13 executed MOVE_FORWARD
[14:36:00.270] Starting turn for Bot35
[14:36:00.270] Bot35 rotated left to face EAST
[14:36:00.270] Bot35 executed ROTATE_LEFT
[14:36:00.270] Starting turn for Bot13
[14:36:00.270] Starting turn for Bot35
[14:36:00.270] Starting turn for Bot13
[14:36:00.270] Starting turn for Bot35
[14:36:00.270] Bot35 rotated left to face NORTH
[14:36:00.270] Bot35 executed ROTATE_LEFT
[14:36:00.270] Bot35 moved forward to (1,2)
[14:36:00.270] Bot35 executed MOVE_FORWARD
[14:36:00.270] Starting turn for Bot13
[14:36:00.270] Starting turn for Bot35
[14:36:00.270] Bot35 rotated left to face WEST
[14:36:00.270] Bot35 executed ROTATE_LEFT
[14:36:00.270] Bot35 rotated left to face SOUTH
[14:36:00.270] Bot35 executed ROTATE_LEFT
[14:36:00.270] Bot35 moved forward to (2,2)
[14:36:00.270] Bot35 executed MOVE_FORWARD
[14:36:00.270] Starting turn for Bot13
[14:36:00.270] Starting turn for Bot35
[14:36:00.270] Bot35 rotated left to face EAST
[14:36:00.270] Bot35 executed ROTATE_LEFT
[14:36:00.270] Starting turn for Bot13
[14:36:00.270] Starting turn for Bot35
[14:36:00.270] Starting turn for Bot13
[14:36:00.270] Starting turn for Bot35
[14:36:00.270] Bot35 rotated left to face NORTH
[14:36:00.270] Bot35 executed ROTATE_LEFT
[14:36:00.270] Bot35 moved forward to (1,2)
[14:36:00.270] Bot35 executed MOVE_FORWARD
[14:36:00.270] Starting turn for Bot13
[14:36:00.270] Starting turn for Bot35
[14:36:00.270] Bot35 rotated left to face WEST
[14:36:00.270] Bot35 executed ROTATE_LEFT
[14:36:00.270] Bot35 rotated left to face SOUTH
[14:36:00.270] Bot35 executed ROTATE_LEFT
[14:36:00.270] Bot35 moved forward to (2,2)
[14:36:00.270] Bot35 executed MOVE_FORWARD
[14:36:00.270] Starting turn for Bot13
[14:36:00.270] Starting turn for Bot35
[14:36:00.270] Bot35 rotated left to face EAST
[14:36:00.270] Bot35 executed ROTATE_LEFT
[14:36:00.270] Starting turn for Bot13
[14:36:00.270] Starting turn for Bot35
[14:36:00.270] Starting turn for Bot13
[14:36:00.270] Starting turn for Bot35
[14:36:00.270] Bot35 rotated left to face NORTH
[14:36:00.270] Bot35 executed ROTATE_LEFT
[14:36:00.270] Bot35 moved forward to (1,2)
[14:36:00.270] Bot35 executed MOVE_FORWARD
[14:36:00.270] Starting turn for Bot13
[14:36:00.270] Starting turn for Bot35
[14:36:00.270] Bot35 rotated left to face WEST
[14:36:00.270] Bot35 executed ROTATE_LEFT
[14:36:00.270] Bot35 rotated left to face SOUTH
[14:36:00.270] Bot35 executed ROTATE_LEFT
[14:36:00.270] Bot35 moved forward to (2,2)
[14:36:00.270] Bot35 executed MOVE_FORWARD
[14:36:00.270] Starting turn for Bot13
[14:36:00.270] Starting turn for Bot35
[14:36:00.270] Bot35 rotated left to face EAST
[14:36:00.270] Bot35 executed ROTATE_LEFT
[14:36:00.270] Starting turn for Bot13
[14:36:00.270] Stalemate detected: State repeated 10 times, unchanged for 1 turns
[14:36:00.270] Game Over! Stalemate detected!
[14:36:00.270] Stalemate detected: State repeated 10 times, unchanged for 1 turns
