[14:36:10.148] === Game Started at 2025-02-04_14-36-10 ===
[14:36:10.148] Game initialized with 2 players
[14:36:10.148] Board size: 10
[14:36:10.148] Obstacle density: 0.05
[14:36:10.148] Max turns: 1000
[14:36:10.148] Player Bot38 starting at position (0,0) facing WEST
[14:36:10.148] Player Bot23 starting at position (9,9) facing NORTH
[14:36:10.148] Obstacles at positions: (0,7) (1,4) (2,0) (3,3) (8,5)
[14:36:10.148] Starting turn for Bot38
[14:36:10.148] Bot38 rotated left to face SOUTH
[14:36:10.148] Bot38 executed ROTATE_LEFT
[14:36:10.148] Bot38 rotated left to face EAST
[14:36:10.148] Bot38 executed ROTATE_LEFT
[14:36:10.148] Bot38 moved forward to (0,1)
[14:36:10.148] Bot38 executed MOVE_FORWARD
[14:36:10.148] Starting turn for Bot23
[14:36:10.148] Bot23 rotated left to face WEST
[14:36:10.148] Bot23 executed ROTATE_LEFT
[14:36:10.148] Bot23 moved forward to (9,8)
[14:36:10.148] Bot23 executed MOVE_FORWARD
[14:36:10.148] Starting turn for Bot38
[14:36:10.148] Bot38 rotated right to face SOUTH
[14:36:10.148] Bot38 executed ROTATE_RIGHT
[14:36:10.148] Bot38 moved forward to (1,1)
[14:36:10.148] Bot38 executed MOVE_FORWARD
[14:36:10.148] Starting turn for Bot23
[14:36:10.148] Bot23 rotated right to face NORTH
[14:36:10.148] Bot23 executed ROTATE_RIGHT
[14:36:10.148] Bot23 moved forward to (8,8)
[14:36:10.148] Bot23 executed MOVE_FORWARD
[14:36:10.148] Starting turn for Bot38
[14:36:10.148] Bot38 rotated left to face EAST
[14:36:10.148] Bot38 executed ROTATE_LEFT
[14:36:10.148] Bot38 moved forward to (1,2)
[14:36:10.148] Bot38 executed MOVE_FORWARD
[14:36:10.148] Starting turn for Bot23
[14:36:10.148] Bot23 rotated left to face WEST
[14:36:10.148] Bot23 executed ROTATE_LEFT
[14:36:10.148] Bot23 moved forward to (8,7)
[14:36:10.148] Bot23 executed MOVE_FORWARD
[14:36:10.148] Starting turn for Bot38
[14:36:10.148] Bot38 rotated right to face SOUTH
[14:36:10.148] Bot38 executed ROTATE_RIGHT
[14:36:10.148] Bot38 moved forward to (2,2)
[14:36:10.148] Bot38 executed MOVE_FORWARD
[14:36:10.148] Starting turn for Bot23
[14:36:10.148] Bot23 rotated right to face NORTH
[14:36:10.148] Bot23 executed ROTATE_RIGHT
[14:36:10.148] Bot23 moved forward to (7,7)
[14:36:10.148] Bot23 executed MOVE_FORWARD
[14:36:10.148] Starting turn for Bot38
[14:36:10.148] Bot38 rotated left to face EAST
[14:36:10.148] Bot38 executed ROTATE_LEFT
[14:36:10.148] Bot38 moved forward to (2,3)
[14:36:10.148] Bot38 executed MOVE_FORWARD
[14:36:10.148] Starting turn for Bot23
[14:36:10.148] Bot23 rotated left to face WEST
[14:36:10.148] Bot23 executed ROTATE_LEFT
[14:36:10.148] Bot23 moved forward to (7,6)
[14:36:10.148] Bot23 executed MOVE_FORWARD
[14:36:10.148] Starting turn for Bot38
[14:36:10.148] Bot38 rotated right to face SOUTH
[14:36:10.148] Bot38 executed ROTATE_RIGHT
[14:36:10.148] Starting turn for Bot23
[14:36:10.148] Bot23 rotated right to face NORTH
[14:36:10.148] Bot23 executed ROTATE_RIGHT
[14:36:10.148] Bot23 moved forward to (6,6)
[14:36:10.148] Bot23 executed MOVE_FORWARD
[14:36:10.148] Starting turn for Bot38
[14:36:10.148] Starting turn for Bot23
[14:36:10.148] Bot23 rotated left to face WEST
[14:36:10.148] Bot23 executed ROTATE_LEFT
[14:36:10.148] Bot23 moved forward to (6,5)
[14:36:10.148] Bot23 executed MOVE_FORWARD
[14:36:10.148] Starting turn for Bot38
[14:36:10.148] Bot38 rotated left to face EAST
[14:36:10.148] Bot38 executed ROTATE_LEFT
[14:36:10.148] Bot38 rotated left to face NORTH
[14:36:10.148] Bot38 executed ROTATE_LEFT
[14:36:10.148] Bot38 moved forward to (1,3)
[14:36:10.148] Bot38 executed MOVE_FORWARD
[14:36:10.148] Starting turn for Bot23
[14:36:10.148] Bot23 rotated right to face NORTH
[14:36:10.148] Bot23 executed ROTATE_RIGHT
[14:36:10.148] Bot23 moved forward to (5,5)
[14:36:10.148] Bot23 executed MOVE_FORWARD
[14:36:10.148] Starting turn for Bot38
[14:36:10.148] Bot38 rotated left to face WEST
[14:36:10.148] Bot38 executed ROTATE_LEFT
[14:36:10.148] Bot38 rotated left to face SOUTH
[14:36:10.148] Bot38 executed ROTATE_LEFT
[14:36:10.148] Bot38 moved forward to (2,3)
[14:36:10.148] Bot38 executed MOVE_FORWARD
[14:36:10.148] Starting turn for Bot23
[14:36:10.148] Starting turn for Bot38
[14:36:10.148] Starting turn for Bot23
[14:36:10.148] Starting turn for Bot38
[14:36:10.148] Starting turn for Bot23
[14:36:10.148] Starting turn for Bot38
[14:36:10.148] Bot38 rotated left to face EAST
[14:36:10.148] Bot38 executed ROTATE_LEFT
[14:36:10.148] Bot38 rotated left to face NORTH
[14:36:10.148] Bot38 executed ROTATE_LEFT
[14:36:10.148] Bot38 moved forward to (1,3)
[14:36:10.148] Bot38 executed MOVE_FORWARD
[14:36:10.148] Starting turn for Bot23
[14:36:10.148] Starting turn for Bot38
[14:36:10.148] Bot38 rotated left to face WEST
[14:36:10.148] Bot38 executed ROTATE_LEFT
[14:36:10.148] Bot38 rotated left to face SOUTH
[14:36:10.148] Bot38 executed ROTATE_LEFT
[14:36:10.148] Bot38 moved forward to (2,3)
[14:36:10.148] Bot38 executed MOVE_FORWARD
[14:36:10.148] Starting turn for Bot23
[14:36:10.148] Starting turn for Bot38
[14:36:10.148] Starting turn for Bot23
[14:36:10.148] Starting turn for Bot38
[14:36:10.149] Starting turn for Bot23
[14:36:10.149] Starting turn for Bot38
[14:36:10.149] Bot38 rotated left to face EAST
[14:36:10.149] Bot38 executed ROTATE_LEFT
[14:36:10.149] Bot38 rotated left to face NORTH
[14:36:10.149] Bot38 executed ROTATE_LEFT
[14:36:10.149] Bot38 moved forward to (1,3)
[14:36:10.149] Bot38 executed MOVE_FORWARD
[14:36:10.149] Starting turn for Bot23
[14:36:10.149] Starting turn for Bot38
[14:36:10.149] Bot38 rotated left to face WEST
[14:36:10.149] Bot38 executed ROTATE_LEFT
[14:36:10.149] Bot38 rotated left to face SOUTH
[14:36:10.149] Bot38 executed ROTATE_LEFT
[14:36:10.149] Bot38 moved forward to (2,3)
[14:36:10.149] Bot38 executed MOVE_FORWARD
[14:36:10.149] Starting turn for Bot23
[14:36:10.149] Starting turn for Bot38
[14:36:10.149] Starting turn for Bot23
[14:36:10.149] Starting turn for Bot38
[14:36:10.149] Starting turn for Bot23
[14:36:10.149] Starting turn for Bot38
[14:36:10.149] Bot38 rotated left to face EAST
[14:36:10.149] Bot38 executed ROTATE_LEFT
[14:36:10.149] Bot38 rotated left to face NORTH
[14:36:10.149] Bot38 executed ROTATE_LEFT
[14:36:10.149] Bot38 moved forward to (1,3)
[14:36:10.149] Bot38 executed MOVE_FORWARD
[14:36:10.149] Starting turn for Bot23
[14:36:10.149] Starting turn for Bot38
[14:36:10.149] Bot38 rotated left to face WEST
[14:36:10.149] Bot38 executed ROTATE_LEFT
[14:36:10.149] Bot38 rotated left to face SOUTH
[14:36:10.149] Bot38 executed ROTATE_LEFT
[14:36:10.149] Bot38 moved forward to (2,3)
[14:36:10.149] Bot38 executed MOVE_FORWARD
[14:36:10.149] Starting turn for Bot23
[14:36:10.149] Stalemate detected: State repeated 10 times, unchanged for 3 turns
[14:36:10.149] Game Over! Stalemate detected!
[14:36:10.149] Stalemate detected: State repeated 10 times, unchanged for 3 turns
