[14:35:43.565] === Game Started at 2025-02-04_14-35-43 ===
[14:35:43.565] Game initialized with 2 players
[14:35:43.565] Board size: 10
[14:35:43.565] Obstacle density: 0.05
[14:35:43.565] Max turns: 1000
[14:35:43.565] Player Bot3 starting at position (0,0) facing EAST
[14:35:43.565] Player Bot13 starting at position (9,9) facing EAST
[14:35:43.565] Obstacles at positions: (0,6) (5,9) (6,5) (7,1) (8,8)
[14:35:43.565] Starting turn for Bot3
[14:35:43.565] Bot3 moved forward to (0,1)
[14:35:43.565] Bot3 executed MOVE_FORWARD
[14:35:43.565] Starting turn for Bot13
[14:35:43.565] Bot13 rotated left to face NORTH
[14:35:43.565] Bot13 executed ROTATE_LEFT
[14:35:43.565] Bot13 rotated left to face WEST
[14:35:43.565] Bot13 executed ROTATE_LEFT
[14:35:43.565] Bot13 moved forward to (9,8)
[14:35:43.565] Bot13 executed MOVE_FORWARD
[14:35:43.565] Starting turn for Bot3
[14:35:43.565] Bot3 rotated right to face SOUTH
[14:35:43.565] Bot3 executed ROTATE_RIGHT
[14:35:43.565] Bot3 moved forward to (1,1)
[14:35:43.565] Bot3 executed MOVE_FORWARD
[14:35:43.565] Starting turn for Bot13
[14:35:43.565] Bot13 rotated right to face NORTH
[14:35:43.565] Bot13 executed ROTATE_RIGHT
[14:35:43.565] Starting turn for Bot3
[14:35:43.565] Bot3 rotated left to face EAST
[14:35:43.565] Bot3 executed ROTATE_LEFT
[14:35:43.565] Bot3 moved forward to (1,2)
[14:35:43.565] Bot3 executed MOVE_FORWARD
[14:35:43.565] Starting turn for Bot13
[14:35:43.565] Starting turn for Bot3
[14:35:43.565] Bot3 rotated right to face SOUTH
[14:35:43.565] Bot3 executed ROTATE_RIGHT
[14:35:43.565] Bot3 moved forward to (2,2)
[14:35:43.565] Bot3 executed MOVE_FORWARD
[14:35:43.565] Starting turn for Bot13
[14:35:43.565] Bot13 rotated right to face EAST
[14:35:43.565] Bot13 executed ROTATE_RIGHT
[14:35:43.565] Bot13 moved forward to (9,9)
[14:35:43.565] Bot13 executed MOVE_FORWARD
[14:35:43.565] Starting turn for Bot3
[14:35:43.565] Bot3 rotated left to face EAST
[14:35:43.565] Bot3 executed ROTATE_LEFT
[14:35:43.565] Bot3 moved forward to (2,3)
[14:35:43.565] Bot3 executed MOVE_FORWARD
[14:35:43.565] Starting turn for Bot13
[14:35:43.565] Bot13 rotated left to face NORTH
[14:35:43.565] Bot13 executed ROTATE_LEFT
[14:35:43.565] Bot13 rotated left to face WEST
[14:35:43.565] Bot13 executed ROTATE_LEFT
[14:35:43.565] Bot13 moved forward to (9,8)
[14:35:43.565] Bot13 executed MOVE_FORWARD
[14:35:43.565] Starting turn for Bot3
[14:35:43.565] Bot3 rotated right to face SOUTH
[14:35:43.565] Bot3 executed ROTATE_RIGHT
[14:35:43.565] Bot3 moved forward to (3,3)
[14:35:43.565] Bot3 executed MOVE_FORWARD
[14:35:43.565] Starting turn for Bot13
[14:35:43.565] Bot13 rotated right to face NORTH
[14:35:43.565] Bot13 executed ROTATE_RIGHT
[14:35:43.565] Starting turn for Bot3
[14:35:43.565] Bot3 rotated left to face EAST
[14:35:43.565] Bot3 executed ROTATE_LEFT
[14:35:43.565] Bot3 moved forward to (3,4)
[14:35:43.565] Bot3 executed MOVE_FORWARD
[14:35:43.565] Starting turn for Bot13
[14:35:43.565] Starting turn for Bot3
[14:35:43.565] Bot3 rotated right to face SOUTH
[14:35:43.565] Bot3 executed ROTATE_RIGHT
[14:35:43.565] Bot3 moved forward to (4,4)
[14:35:43.565] Bot3 executed MOVE_FORWARD
[14:35:43.565] Starting turn for Bot13
[14:35:43.565] Bot13 rotated right to face EAST
[14:35:43.565] Bot13 executed ROTATE_RIGHT
[14:35:43.565] Bot13 moved forward to (9,9)
[14:35:43.565] Bot13 executed MOVE_FORWARD
[14:35:43.565] Starting turn for Bot3
[14:35:43.565] Bot3 rotated left to face EAST
[14:35:43.565] Bot3 executed ROTATE_LEFT
[14:35:43.565] Bot3 moved forward to (4,5)
[14:35:43.565] Bot3 executed MOVE_FORWARD
[14:35:43.565] Starting turn for Bot13
[14:35:43.565] Bot13 rotated left to face NORTH
[14:35:43.565] Bot13 executed ROTATE_LEFT
[14:35:43.565] Bot13 rotated left to face WEST
[14:35:43.565] Bot13 executed ROTATE_LEFT
[14:35:43.565] Bot13 moved forward to (9,8)
[14:35:43.565] Bot13 executed MOVE_FORWARD
[14:35:43.565] Starting turn for Bot3
[14:35:43.565] Bot3 rotated right to face SOUTH
[14:35:43.565] Bot3 executed ROTATE_RIGHT
[14:35:43.565] Bot3 moved forward to (5,5)
[14:35:43.565] Bot3 executed MOVE_FORWARD
[14:35:43.565] Starting turn for Bot13
[14:35:43.565] Bot13 rotated right to face NORTH
[14:35:43.565] Bot13 executed ROTATE_RIGHT
[14:35:43.565] Starting turn for Bot3
[14:35:43.565] Starting turn for Bot13
[14:35:43.565] Starting turn for Bot3
[14:35:43.565] Starting turn for Bot13
[14:35:43.565] Bot13 rotated right to face EAST
[14:35:43.565] Bot13 executed ROTATE_RIGHT
[14:35:43.565] Bot13 moved forward to (9,9)
[14:35:43.565] Bot13 executed MOVE_FORWARD
[14:35:43.565] Starting turn for Bot3
[14:35:43.565] Starting turn for Bot13
[14:35:43.565] Bot13 rotated left to face NORTH
[14:35:43.565] Bot13 executed ROTATE_LEFT
[14:35:43.565] Bot13 rotated left to face WEST
[14:35:43.565] Bot13 executed ROTATE_LEFT
[14:35:43.565] Bot13 moved forward to (9,8)
[14:35:43.565] Bot13 executed MOVE_FORWARD
[14:35:43.565] Starting turn for Bot3
[14:35:43.565] Starting turn for Bot13
[14:35:43.565] Bot13 rotated right to face NORTH
[14:35:43.565] Bot13 executed ROTATE_RIGHT
[14:35:43.565] Starting turn for Bot3
[14:35:43.565] Starting turn for Bot13
[14:35:43.565] Starting turn for Bot3
[14:35:43.565] Starting turn for Bot13
[14:35:43.565] Bot13 rotated right to face EAST
[14:35:43.565] Bot13 executed ROTATE_RIGHT
[14:35:43.565] Bot13 moved forward to (9,9)
[14:35:43.565] Bot13 executed MOVE_FORWARD
[14:35:43.565] Starting turn for Bot3
[14:35:43.565] Starting turn for Bot13
[14:35:43.565] Bot13 rotated left to face NORTH
[14:35:43.565] Bot13 executed ROTATE_LEFT
[14:35:43.565] Bot13 rotated left to face WEST
[14:35:43.565] Bot13 executed ROTATE_LEFT
[14:35:43.565] Bot13 moved forward to (9,8)
[14:35:43.565] Bot13 executed MOVE_FORWARD
[14:35:43.565] Starting turn for Bot3
[14:35:43.565] Starting turn for Bot13
[14:35:43.565] Bot13 rotated right to face NORTH
[14:35:43.565] Bot13 executed ROTATE_RIGHT
[14:35:43.565] Starting turn for Bot3
[14:35:43.565] Starting turn for Bot13
[14:35:43.565] Starting turn for Bot3
[14:35:43.565] Starting turn for Bot13
[14:35:43.565] Stalemate detected: State repeated 10 times, unchanged for 2 turns
[14:35:43.565] Game Over! Stalemate detected!
[14:35:43.565] Stalemate detected: State repeated 10 times, unchanged for 2 turns
