[14:35:43.198] === Game Started at 2025-02-04_14-35-43 ===
[14:35:43.198] Game initialized with 2 players
[14:35:43.198] Board size: 10
[14:35:43.198] Obstacle density: 0.05
[14:35:43.198] Max turns: 1000
[14:35:43.198] Player Bot3 starting at position (0,0) facing NORTH
[14:35:43.198] Player Bot7 starting at position (9,9) facing NORTH
[14:35:43.198] Obstacles at positions: (1,2) (4,3) (8,9) (9,2) (9,8)
[14:35:43.198] Starting turn for Bot3
[14:35:43.198] Bot3 rotated right to face EAST
[14:35:43.198] Bot3 executed ROTATE_RIGHT
[14:35:43.198] Bot3 moved forward to (0,1)
[14:35:43.198] Bot3 executed MOVE_FORWARD
[14:35:43.198] Starting turn for Bot7
[14:35:43.198] Bot7 rotated left to face WEST
[14:35:43.198] Bot7 executed ROTATE_LEFT
[14:35:43.198] Starting turn for Bot3
[14:35:43.198] Bot3 rotated right to face SOUTH
[14:35:43.198] Bot3 executed ROTATE_RIGHT
[14:35:43.198] Bot3 moved forward to (1,1)
[14:35:43.198] Bot3 executed MOVE_FORWARD
[14:35:43.198] Starting turn for Bot7
[14:35:43.198] Starting turn for Bot3
[14:35:43.198] Bot3 rotated left to face EAST
[14:35:43.198] Bot3 executed ROTATE_LEFT
[14:35:43.198] Starting turn for Bot7
[14:35:43.198] Bot7 rotated right to face NORTH
[14:35:43.198] Bot7 executed ROTATE_RIGHT
[14:35:43.198] Starting turn for Bot3
[14:35:43.198] Starting turn for Bot7
[14:35:43.198] Bot7 rotated left to face WEST
[14:35:43.198] Bot7 executed ROTATE_LEFT
[14:35:43.198] Starting turn for Bot3
[14:35:43.198] Bot3 rotated left to face NORTH
[14:35:43.198] Bot3 executed ROTATE_LEFT
[14:35:43.198] Bot3 moved forward to (0,1)
[14:35:43.198] Bot3 executed MOVE_FORWARD
[14:35:43.198] Starting turn for Bot7
[14:35:43.198] Starting turn for Bot3
[14:35:43.198] Bot3 rotated left to face WEST
[14:35:43.198] Bot3 executed ROTATE_LEFT
[14:35:43.198] Bot3 rotated left to face SOUTH
[14:35:43.198] Bot3 executed ROTATE_LEFT
[14:35:43.198] Bot3 moved forward to (1,1)
[14:35:43.198] Bot3 executed MOVE_FORWARD
[14:35:43.198] Starting turn for Bot7
[14:35:43.198] Bot7 rotated right to face NORTH
[14:35:43.198] Bot7 executed ROTATE_RIGHT
[14:35:43.198] Starting turn for Bot3
[14:35:43.198] Bot3 rotated left to face EAST
[14:35:43.198] Bot3 executed ROTATE_LEFT
[14:35:43.198] Starting turn for Bot7
[14:35:43.198] Bot7 rotated left to face WEST
[14:35:43.198] Bot7 executed ROTATE_LEFT
[14:35:43.198] Starting turn for Bot3
[14:35:43.198] Starting turn for Bot7
[14:35:43.198] Starting turn for Bot3
[14:35:43.198] Bot3 rotated left to face NORTH
[14:35:43.198] Bot3 executed ROTATE_LEFT
[14:35:43.198] Bot3 moved forward to (0,1)
[14:35:43.198] Bot3 executed MOVE_FORWARD
[14:35:43.198] Starting turn for Bot7
[14:35:43.198] Bot7 rotated right to face NORTH
[14:35:43.198] Bot7 executed ROTATE_RIGHT
[14:35:43.198] Starting turn for Bot3
[14:35:43.198] Bot3 rotated left to face WEST
[14:35:43.198] Bot3 executed ROTATE_LEFT
[14:35:43.198] Bot3 rotated left to face SOUTH
[14:35:43.198] Bot3 executed ROTATE_LEFT
[14:35:43.198] Bot3 moved forward to (1,1)
[14:35:43.198] Bot3 executed MOVE_FORWARD
[14:35:43.198] Starting turn for Bot7
[14:35:43.198] Bot7 rotated left to face WEST
[14:35:43.198] Bot7 executed ROTATE_LEFT
[14:35:43.198] Starting turn for Bot3
[14:35:43.198] Bot3 rotated left to face EAST
[14:35:43.198] Bot3 executed ROTATE_LEFT
[14:35:43.198] Starting turn for Bot7
[14:35:43.198] Starting turn for Bot3
[14:35:43.198] Starting turn for Bot7
[14:35:43.198] Bot7 rotated right to face NORTH
[14:35:43.198] Bot7 executed ROTATE_RIGHT
[14:35:43.198] Starting turn for Bot3
[14:35:43.198] Bot3 rotated left to face NORTH
[14:35:43.198] Bot3 executed ROTATE_LEFT
[14:35:43.198] Bot3 moved forward to (0,1)
[14:35:43.198] Bot3 executed MOVE_FORWARD
[14:35:43.198] Starting turn for Bot7
[14:35:43.198] Bot7 rotated left to face WEST
[14:35:43.198] Bot7 executed ROTATE_LEFT
[14:35:43.198] Starting turn for Bot3
[14:35:43.198] Bot3 rotated left to face WEST
[14:35:43.198] Bot3 executed ROTATE_LEFT
[14:35:43.198] Bot3 rotated left to face SOUTH
[14:35:43.198] Bot3 executed ROTATE_LEFT
[14:35:43.198] Bot3 moved forward to (1,1)
[14:35:43.198] Bot3 executed MOVE_FORWARD
[14:35:43.198] Starting turn for Bot7
[14:35:43.198] Starting turn for Bot3
[14:35:43.198] Bot3 rotated left to face EAST
[14:35:43.198] Bot3 executed ROTATE_LEFT
[14:35:43.198] Starting turn for Bot7
[14:35:43.198] Bot7 rotated right to face NORTH
[14:35:43.198] Bot7 executed ROTATE_RIGHT
[14:35:43.198] Starting turn for Bot3
[14:35:43.198] Starting turn for Bot7
[14:35:43.198] Bot7 rotated left to face WEST
[14:35:43.198] Bot7 executed ROTATE_LEFT
[14:35:43.198] Starting turn for Bot3
[14:35:43.198] Bot3 rotated left to face NORTH
[14:35:43.198] Bot3 executed ROTATE_LEFT
[14:35:43.199] Bot3 moved forward to (0,1)
[14:35:43.199] Bot3 executed MOVE_FORWARD
[14:35:43.199] Starting turn for Bot7
[14:35:43.199] Starting turn for Bot3
[14:35:43.199] Bot3 rotated left to face WEST
[14:35:43.199] Bot3 executed ROTATE_LEFT
[14:35:43.199] Bot3 rotated left to face SOUTH
[14:35:43.199] Bot3 executed ROTATE_LEFT
[14:35:43.199] Bot3 moved forward to (1,1)
[14:35:43.199] Bot3 executed MOVE_FORWARD
[14:35:43.199] Starting turn for Bot7
[14:35:43.199] Bot7 rotated right to face NORTH
[14:35:43.199] Bot7 executed ROTATE_RIGHT
[14:35:43.199] Starting turn for Bot3
[14:35:43.199] Bot3 rotated left to face EAST
[14:35:43.199] Bot3 executed ROTATE_LEFT
[14:35:43.199] Starting turn for Bot7
[14:35:43.199] Bot7 rotated left to face WEST
[14:35:43.199] Bot7 executed ROTATE_LEFT
[14:35:43.199] Starting turn for Bot3
[14:35:43.199] Starting turn for Bot7
[14:35:43.199] Stalemate detected: State repeated 10 times, unchanged for 3 turns
[14:35:43.199] Game Over! Stalemate detected!
[14:35:43.199] Stalemate detected: State repeated 10 times, unchanged for 3 turns
