[14:35:42.147] === Game Started at 2025-02-04_14-35-42 ===
[14:35:42.147] Game initialized with 2 players
[14:35:42.147] Board size: 10
[14:35:42.147] Obstacle density: 0.05
[14:35:42.147] Max turns: 1000
[14:35:42.147] Player Bot26 starting at position (0,0) facing NORTH
[14:35:42.147] Player Bot2 starting at position (9,9) facing SOUTH
[14:35:42.147] Obstacles at positions: (0,5) (4,4) (5,5) (6,2) (9,7)
[14:35:42.147] Starting turn for Bot26
[14:35:42.147] Bot26 rotated right to face EAST
[14:35:42.147] Bot26 executed ROTATE_RIGHT
[14:35:42.147] Bot26 moved forward to (0,1)
[14:35:42.147] Bot26 executed MOVE_FORWARD
[14:35:42.147] Starting turn for Bot2
[14:35:42.147] Bot2 rotated right to face WEST
[14:35:42.147] Bot2 executed ROTATE_RIGHT
[14:35:42.147] Bot2 moved forward to (9,8)
[14:35:42.147] Bot2 executed MOVE_FORWARD
[14:35:42.147] Starting turn for Bot26
[14:35:42.147] Bot26 rotated right to face SOUTH
[14:35:42.147] Bot26 executed ROTATE_RIGHT
[14:35:42.147] Bot26 moved forward to (1,1)
[14:35:42.147] Bot26 executed MOVE_FORWARD
[14:35:42.147] Starting turn for Bot2
[14:35:42.147] Bot2 rotated right to face NORTH
[14:35:42.147] Bot2 executed ROTATE_RIGHT
[14:35:42.147] Bot2 moved forward to (8,8)
[14:35:42.147] Bot2 executed MOVE_FORWARD
[14:35:42.147] Starting turn for Bot26
[14:35:42.147] Bot26 rotated left to face EAST
[14:35:42.147] Bot26 executed ROTATE_LEFT
[14:35:42.147] Bot26 moved forward to (1,2)
[14:35:42.147] Bot26 executed MOVE_FORWARD
[14:35:42.147] Starting turn for Bot2
[14:35:42.147] Bot2 rotated left to face WEST
[14:35:42.147] Bot2 executed ROTATE_LEFT
[14:35:42.147] Bot2 moved forward to (8,7)
[14:35:42.147] Bot2 executed MOVE_FORWARD
[14:35:42.147] Starting turn for Bot26
[14:35:42.147] Bot26 rotated right to face SOUTH
[14:35:42.147] Bot26 executed ROTATE_RIGHT
[14:35:42.147] Bot26 moved forward to (2,2)
[14:35:42.147] Bot26 executed MOVE_FORWARD
[14:35:42.147] Starting turn for Bot2
[14:35:42.147] Bot2 rotated right to face NORTH
[14:35:42.147] Bot2 executed ROTATE_RIGHT
[14:35:42.147] Bot2 moved forward to (7,7)
[14:35:42.147] Bot2 executed MOVE_FORWARD
[14:35:42.147] Starting turn for Bot26
[14:35:42.147] Bot26 rotated left to face EAST
[14:35:42.147] Bot26 executed ROTATE_LEFT
[14:35:42.147] Bot26 moved forward to (2,3)
[14:35:42.147] Bot26 executed MOVE_FORWARD
[14:35:42.147] Starting turn for Bot2
[14:35:42.147] Bot2 rotated left to face WEST
[14:35:42.147] Bot2 executed ROTATE_LEFT
[14:35:42.147] Bot2 moved forward to (7,6)
[14:35:42.147] Bot2 executed MOVE_FORWARD
[14:35:42.147] Starting turn for Bot26
[14:35:42.147] Bot26 rotated right to face SOUTH
[14:35:42.147] Bot26 executed ROTATE_RIGHT
[14:35:42.147] Bot26 moved forward to (3,3)
[14:35:42.147] Bot26 executed MOVE_FORWARD
[14:35:42.147] Starting turn for Bot2
[14:35:42.147] Bot2 rotated right to face NORTH
[14:35:42.147] Bot2 executed ROTATE_RIGHT
[14:35:42.147] Bot2 moved forward to (6,6)
[14:35:42.147] Bot2 executed MOVE_FORWARD
[14:35:42.147] Starting turn for Bot26
[14:35:42.147] Bot26 rotated left to face EAST
[14:35:42.147] Bot26 executed ROTATE_LEFT
[14:35:42.147] Bot26 moved forward to (3,4)
[14:35:42.147] Bot26 executed MOVE_FORWARD
[14:35:42.147] Starting turn for Bot2
[14:35:42.147] Bot2 rotated left to face WEST
[14:35:42.147] Bot2 executed ROTATE_LEFT
[14:35:42.147] Bot2 moved forward to (6,5)
[14:35:42.147] Bot2 executed MOVE_FORWARD
[14:35:42.147] Starting turn for Bot26
[14:35:42.147] Bot26 rotated right to face SOUTH
[14:35:42.147] Bot26 executed ROTATE_RIGHT
[14:35:42.147] Starting turn for Bot2
[14:35:42.147] Bot2 rotated right to face NORTH
[14:35:42.147] Bot2 executed ROTATE_RIGHT
[14:35:42.147] Starting turn for Bot26
[14:35:42.147] Starting turn for Bot2
[14:35:42.147] Starting turn for Bot26
[14:35:42.147] Bot26 rotated left to face EAST
[14:35:42.147] Bot26 executed ROTATE_LEFT
[14:35:42.147] Bot26 rotated left to face NORTH
[14:35:42.147] Bot26 executed ROTATE_LEFT
[14:35:42.147] Bot26 moved forward to (2,4)
[14:35:42.147] Bot26 executed MOVE_FORWARD
[14:35:42.147] Starting turn for Bot2
[14:35:42.147] Bot2 rotated right to face EAST
[14:35:42.147] Bot2 executed ROTATE_RIGHT
[14:35:42.147] Bot2 moved forward to (6,6)
[14:35:42.147] Bot2 executed MOVE_FORWARD
[14:35:42.147] Starting turn for Bot26
[14:35:42.147] Bot26 rotated left to face WEST
[14:35:42.147] Bot26 executed ROTATE_LEFT
[14:35:42.147] Bot26 rotated left to face SOUTH
[14:35:42.147] Bot26 executed ROTATE_LEFT
[14:35:42.147] Bot26 moved forward to (3,4)
[14:35:42.147] Bot26 executed MOVE_FORWARD
[14:35:42.147] Starting turn for Bot2
[14:35:42.147] Bot2 rotated left to face NORTH
[14:35:42.147] Bot2 executed ROTATE_LEFT
[14:35:42.147] Bot2 rotated left to face WEST
[14:35:42.147] Bot2 executed ROTATE_LEFT
[14:35:42.147] Bot2 moved forward to (6,5)
[14:35:42.147] Bot2 executed MOVE_FORWARD
[14:35:42.147] Starting turn for Bot26
[14:35:42.147] Starting turn for Bot2
[14:35:42.147] Bot2 rotated right to face NORTH
[14:35:42.147] Bot2 executed ROTATE_RIGHT
[14:35:42.147] Starting turn for Bot26
[14:35:42.147] Starting turn for Bot2
[14:35:42.147] Starting turn for Bot26
[14:35:42.147] Bot26 rotated left to face EAST
[14:35:42.147] Bot26 executed ROTATE_LEFT
[14:35:42.147] Bot26 rotated left to face NORTH
[14:35:42.147] Bot26 executed ROTATE_LEFT
[14:35:42.147] Bot26 moved forward to (2,4)
[14:35:42.147] Bot26 executed MOVE_FORWARD
[14:35:42.147] Starting turn for Bot2
[14:35:42.147] Bot2 rotated right to face EAST
[14:35:42.147] Bot2 executed ROTATE_RIGHT
[14:35:42.147] Bot2 moved forward to (6,6)
[14:35:42.147] Bot2 executed MOVE_FORWARD
[14:35:42.147] Starting turn for Bot26
[14:35:42.147] Bot26 rotated left to face WEST
[14:35:42.147] Bot26 executed ROTATE_LEFT
[14:35:42.147] Bot26 rotated left to face SOUTH
[14:35:42.147] Bot26 executed ROTATE_LEFT
[14:35:42.147] Bot26 moved forward to (3,4)
[14:35:42.148] Bot26 executed MOVE_FORWARD
[14:35:42.148] Starting turn for Bot2
[14:35:42.148] Bot2 rotated left to face NORTH
[14:35:42.148] Bot2 executed ROTATE_LEFT
[14:35:42.148] Bot2 rotated left to face WEST
[14:35:42.148] Bot2 executed ROTATE_LEFT
[14:35:42.148] Bot2 moved forward to (6,5)
[14:35:42.148] Bot2 executed MOVE_FORWARD
[14:35:42.148] Starting turn for Bot26
[14:35:42.148] Starting turn for Bot2
[14:35:42.148] Bot2 rotated right to face NORTH
[14:35:42.148] Bot2 executed ROTATE_RIGHT
[14:35:42.148] Starting turn for Bot26
[14:35:42.148] Starting turn for Bot2
[14:35:42.148] Starting turn for Bot26
[14:35:42.148] Bot26 rotated left to face EAST
[14:35:42.148] Bot26 executed ROTATE_LEFT
[14:35:42.148] Bot26 rotated left to face NORTH
[14:35:42.148] Bot26 executed ROTATE_LEFT
[14:35:42.148] Bot26 moved forward to (2,4)
[14:35:42.148] Bot26 executed MOVE_FORWARD
[14:35:42.148] Starting turn for Bot2
[14:35:42.148] Bot2 rotated right to face EAST
[14:35:42.148] Bot2 executed ROTATE_RIGHT
[14:35:42.148] Bot2 moved forward to (6,6)
[14:35:42.148] Bot2 executed MOVE_FORWARD
[14:35:42.148] Starting turn for Bot26
[14:35:42.148] Bot26 rotated left to face WEST
[14:35:42.148] Bot26 executed ROTATE_LEFT
[14:35:42.148] Bot26 rotated left to face SOUTH
[14:35:42.148] Bot26 executed ROTATE_LEFT
[14:35:42.148] Bot26 moved forward to (3,4)
[14:35:42.148] Bot26 executed MOVE_FORWARD
[14:35:42.148] Starting turn for Bot2
[14:35:42.148] Bot2 rotated left to face NORTH
[14:35:42.148] Bot2 executed ROTATE_LEFT
[14:35:42.148] Bot2 rotated left to face WEST
[14:35:42.148] Bot2 executed ROTATE_LEFT
[14:35:42.148] Bot2 moved forward to (6,5)
[14:35:42.148] Bot2 executed MOVE_FORWARD
[14:35:42.148] Starting turn for Bot26
[14:35:42.148] Starting turn for Bot2
[14:35:42.148] Bot2 rotated right to face NORTH
[14:35:42.148] Bot2 executed ROTATE_RIGHT
[14:35:42.148] Starting turn for Bot26
[14:35:42.148] Stalemate detected: State repeated 10 times, unchanged for 3 turns
[14:35:42.148] Game Over! Stalemate detected!
[14:35:42.148] Stalemate detected: State repeated 10 times, unchanged for 3 turns
