[14:35:48.744] === Game Started at 2025-02-04_14-35-48 ===
[14:35:48.744] Game initialized with 2 players
[14:35:48.745] Board size: 10
[14:35:48.745] Obstacle density: 0.05
[14:35:48.745] Max turns: 1000
[14:35:48.745] Player Bot36 starting at position (0,0) facing NORTH
[14:35:48.745] Player Bot5 starting at position (9,9) facing WEST
[14:35:48.745] Obstacles at positions: (1,6) (1,7) (3,3) (3,4) (5,0)
[14:35:48.745] Starting turn for Bot36
[14:35:48.745] Bot36 rotated right to face EAST
[14:35:48.745] Bot36 executed ROTATE_RIGHT
[14:35:48.745] Bot36 moved forward to (0,1)
[14:35:48.745] Bot36 executed MOVE_FORWARD
[14:35:48.745] Starting turn for Bot5
[14:35:48.745] Bot5 moved forward to (9,8)
[14:35:48.745] Bot5 executed MOVE_FORWARD
[14:35:48.745] Starting turn for Bot36
[14:35:48.745] Bot36 rotated right to face SOUTH
[14:35:48.745] Bot36 executed ROTATE_RIGHT
[14:35:48.745] Bot36 moved forward to (1,1)
[14:35:48.745] Bot36 executed MOVE_FORWARD
[14:35:48.745] Starting turn for Bot5
[14:35:48.745] Bot5 rotated right to face NORTH
[14:35:48.745] Bot5 executed ROTATE_RIGHT
[14:35:48.745] Bot5 moved forward to (8,8)
[14:35:48.745] Bot5 executed MOVE_FORWARD
[14:35:48.745] Starting turn for Bot36
[14:35:48.745] Bot36 rotated left to face EAST
[14:35:48.745] Bot36 executed ROTATE_LEFT
[14:35:48.745] Bot36 moved forward to (1,2)
[14:35:48.745] Bot36 executed MOVE_FORWARD
[14:35:48.745] Starting turn for Bot5
[14:35:48.745] Bot5 rotated left to face WEST
[14:35:48.745] Bot5 executed ROTATE_LEFT
[14:35:48.745] Bot5 moved forward to (8,7)
[14:35:48.745] Bot5 executed MOVE_FORWARD
[14:35:48.745] Starting turn for Bot36
[14:35:48.745] Bot36 rotated right to face SOUTH
[14:35:48.745] Bot36 executed ROTATE_RIGHT
[14:35:48.745] Bot36 moved forward to (2,2)
[14:35:48.745] Bot36 executed MOVE_FORWARD
[14:35:48.745] Starting turn for Bot5
[14:35:48.745] Bot5 rotated right to face NORTH
[14:35:48.745] Bot5 executed ROTATE_RIGHT
[14:35:48.745] Bot5 moved forward to (7,7)
[14:35:48.745] Bot5 executed MOVE_FORWARD
[14:35:48.745] Starting turn for Bot36
[14:35:48.745] Bot36 rotated left to face EAST
[14:35:48.745] Bot36 executed ROTATE_LEFT
[14:35:48.745] Bot36 moved forward to (2,3)
[14:35:48.745] Bot36 executed MOVE_FORWARD
[14:35:48.745] Starting turn for Bot5
[14:35:48.745] Bot5 rotated left to face WEST
[14:35:48.745] Bot5 executed ROTATE_LEFT
[14:35:48.745] Bot5 moved forward to (7,6)
[14:35:48.745] Bot5 executed MOVE_FORWARD
[14:35:48.745] Starting turn for Bot36
[14:35:48.745] Bot36 rotated right to face SOUTH
[14:35:48.745] Bot36 executed ROTATE_RIGHT
[14:35:48.745] Starting turn for Bot5
[14:35:48.745] Bot5 rotated right to face NORTH
[14:35:48.745] Bot5 executed ROTATE_RIGHT
[14:35:48.745] Bot5 moved forward to (6,6)
[14:35:48.745] Bot5 executed MOVE_FORWARD
[14:35:48.745] Starting turn for Bot36
[14:35:48.745] Starting turn for Bot5
[14:35:48.745] Bot5 rotated left to face WEST
[14:35:48.745] Bot5 executed ROTATE_LEFT
[14:35:48.745] Bot5 moved forward to (6,5)
[14:35:48.745] Bot5 executed MOVE_FORWARD
[14:35:48.745] Starting turn for Bot36
[14:35:48.745] Bot36 rotated left to face EAST
[14:35:48.745] Bot36 executed ROTATE_LEFT
[14:35:48.745] Bot36 rotated left to face NORTH
[14:35:48.745] Bot36 executed ROTATE_LEFT
[14:35:48.745] Bot36 moved forward to (1,3)
[14:35:48.745] Bot36 executed MOVE_FORWARD
[14:35:48.745] Starting turn for Bot5
[14:35:48.745] Bot5 rotated right to face NORTH
[14:35:48.745] Bot5 executed ROTATE_RIGHT
[14:35:48.745] Bot5 moved forward to (5,5)
[14:35:48.745] Bot5 executed MOVE_FORWARD
[14:35:48.745] Starting turn for Bot36
[14:35:48.745] Bot36 rotated left to face WEST
[14:35:48.745] Bot36 executed ROTATE_LEFT
[14:35:48.745] Bot36 rotated left to face SOUTH
[14:35:48.745] Bot36 executed ROTATE_LEFT
[14:35:48.745] Bot36 moved forward to (2,3)
[14:35:48.745] Bot36 executed MOVE_FORWARD
[14:35:48.745] Starting turn for Bot5
[14:35:48.745] Starting turn for Bot36
[14:35:48.745] Starting turn for Bot5
[14:35:48.745] Starting turn for Bot36
[14:35:48.745] Starting turn for Bot5
[14:35:48.745] Starting turn for Bot36
[14:35:48.745] Bot36 rotated left to face EAST
[14:35:48.745] Bot36 executed ROTATE_LEFT
[14:35:48.745] Bot36 rotated left to face NORTH
[14:35:48.745] Bot36 executed ROTATE_LEFT
[14:35:48.745] Bot36 moved forward to (1,3)
[14:35:48.745] Bot36 executed MOVE_FORWARD
[14:35:48.745] Starting turn for Bot5
[14:35:48.745] Starting turn for Bot36
[14:35:48.745] Bot36 rotated left to face WEST
[14:35:48.745] Bot36 executed ROTATE_LEFT
[14:35:48.745] Bot36 rotated left to face SOUTH
[14:35:48.745] Bot36 executed ROTATE_LEFT
[14:35:48.745] Bot36 moved forward to (2,3)
[14:35:48.745] Bot36 executed MOVE_FORWARD
[14:35:48.745] Starting turn for Bot5
[14:35:48.745] Starting turn for Bot36
[14:35:48.745] Starting turn for Bot5
[14:35:48.745] Starting turn for Bot36
[14:35:48.745] Starting turn for Bot5
[14:35:48.745] Starting turn for Bot36
[14:35:48.745] Bot36 rotated left to face EAST
[14:35:48.745] Bot36 executed ROTATE_LEFT
[14:35:48.745] Bot36 rotated left to face NORTH
[14:35:48.745] Bot36 executed ROTATE_LEFT
[14:35:48.745] Bot36 moved forward to (1,3)
[14:35:48.745] Bot36 executed MOVE_FORWARD
[14:35:48.745] Starting turn for Bot5
[14:35:48.745] Starting turn for Bot36
[14:35:48.745] Bot36 rotated left to face WEST
[14:35:48.745] Bot36 executed ROTATE_LEFT
[14:35:48.745] Bot36 rotated left to face SOUTH
[14:35:48.745] Bot36 executed ROTATE_LEFT
[14:35:48.745] Bot36 moved forward to (2,3)
[14:35:48.745] Bot36 executed MOVE_FORWARD
[14:35:48.745] Starting turn for Bot5
[14:35:48.745] Starting turn for Bot36
[14:35:48.745] Starting turn for Bot5
[14:35:48.745] Starting turn for Bot36
[14:35:48.745] Starting turn for Bot5
[14:35:48.745] Starting turn for Bot36
[14:35:48.745] Bot36 rotated left to face EAST
[14:35:48.745] Bot36 executed ROTATE_LEFT
[14:35:48.745] Bot36 rotated left to face NORTH
[14:35:48.745] Bot36 executed ROTATE_LEFT
[14:35:48.745] Bot36 moved forward to (1,3)
[14:35:48.745] Bot36 executed MOVE_FORWARD
[14:35:48.745] Starting turn for Bot5
[14:35:48.745] Starting turn for Bot36
[14:35:48.745] Bot36 rotated left to face WEST
[14:35:48.745] Bot36 executed ROTATE_LEFT
[14:35:48.745] Bot36 rotated left to face SOUTH
[14:35:48.745] Bot36 executed ROTATE_LEFT
[14:35:48.745] Bot36 moved forward to (2,3)
[14:35:48.745] Bot36 executed MOVE_FORWARD
[14:35:48.745] Starting turn for Bot5
[14:35:48.745] Stalemate detected: State repeated 10 times, unchanged for 3 turns
[14:35:48.745] Game Over! Stalemate detected!
[14:35:48.745] Stalemate detected: State repeated 10 times, unchanged for 3 turns
