[14:36:15.493] === Game Started at 2025-02-04_14-36-15 ===
[14:36:15.493] Game initialized with 2 players
[14:36:15.493] Board size: 10
[14:36:15.493] Obstacle density: 0.05
[14:36:15.493] Max turns: 1000
[14:36:15.493] Player Bot35 starting at position (0,0) facing NORTH
[14:36:15.493] Player Bot34 starting at position (9,9) facing NORTH
[14:36:15.493] Obstacles at positions: (0,7) (1,2) (2,3) (6,1) (7,8)
[14:36:15.493] Starting turn for Bot35
[14:36:15.493] Bot35 rotated right to face EAST
[14:36:15.493] Bot35 executed ROTATE_RIGHT
[14:36:15.493] Bot35 moved forward to (0,1)
[14:36:15.493] Bot35 executed MOVE_FORWARD
[14:36:15.493] Starting turn for Bot34
[14:36:15.493] Bot34 rotated left to face WEST
[14:36:15.493] Bot34 executed ROTATE_LEFT
[14:36:15.493] Bot34 moved forward to (9,8)
[14:36:15.493] Bot34 executed MOVE_FORWARD
[14:36:15.493] Starting turn for Bot35
[14:36:15.493] Bot35 rotated right to face SOUTH
[14:36:15.493] Bot35 executed ROTATE_RIGHT
[14:36:15.493] Bot35 moved forward to (1,1)
[14:36:15.493] Bot35 executed MOVE_FORWARD
[14:36:15.493] Starting turn for Bot34
[14:36:15.493] Bot34 rotated right to face NORTH
[14:36:15.493] Bot34 executed ROTATE_RIGHT
[14:36:15.493] Bot34 moved forward to (8,8)
[14:36:15.493] Bot34 executed MOVE_FORWARD
[14:36:15.493] Starting turn for Bot35
[14:36:15.493] Bot35 rotated left to face EAST
[14:36:15.493] Bot35 executed ROTATE_LEFT
[14:36:15.493] Starting turn for Bot34
[14:36:15.493] Bot34 rotated left to face WEST
[14:36:15.493] Bot34 executed ROTATE_LEFT
[14:36:15.493] Bot34 moved forward to (8,7)
[14:36:15.493] Bot34 executed MOVE_FORWARD
[14:36:15.493] Starting turn for Bot35
[14:36:15.493] Starting turn for Bot34
[14:36:15.493] Bot34 rotated right to face NORTH
[14:36:15.493] Bot34 executed ROTATE_RIGHT
[14:36:15.493] Bot34 moved forward to (7,7)
[14:36:15.493] Bot34 executed MOVE_FORWARD
[14:36:15.493] Starting turn for Bot35
[14:36:15.493] Bot35 rotated left to face NORTH
[14:36:15.493] Bot35 executed ROTATE_LEFT
[14:36:15.493] Bot35 moved forward to (0,1)
[14:36:15.493] Bot35 executed MOVE_FORWARD
[14:36:15.493] Starting turn for Bot34
[14:36:15.493] Bot34 rotated left to face WEST
[14:36:15.493] Bot34 executed ROTATE_LEFT
[14:36:15.493] Bot34 moved forward to (7,6)
[14:36:15.493] Bot34 executed MOVE_FORWARD
[14:36:15.493] Starting turn for Bot35
[14:36:15.493] Bot35 rotated left to face WEST
[14:36:15.493] Bot35 executed ROTATE_LEFT
[14:36:15.493] Bot35 rotated left to face SOUTH
[14:36:15.493] Bot35 executed ROTATE_LEFT
[14:36:15.493] Bot35 moved forward to (1,1)
[14:36:15.493] Bot35 executed MOVE_FORWARD
[14:36:15.493] Starting turn for Bot34
[14:36:15.493] Bot34 rotated right to face NORTH
[14:36:15.493] Bot34 executed ROTATE_RIGHT
[14:36:15.493] Bot34 moved forward to (6,6)
[14:36:15.493] Bot34 executed MOVE_FORWARD
[14:36:15.493] Starting turn for Bot35
[14:36:15.493] Bot35 rotated left to face EAST
[14:36:15.493] Bot35 executed ROTATE_LEFT
[14:36:15.493] Starting turn for Bot34
[14:36:15.493] Bot34 rotated left to face WEST
[14:36:15.493] Bot34 executed ROTATE_LEFT
[14:36:15.493] Bot34 moved forward to (6,5)
[14:36:15.493] Bot34 executed MOVE_FORWARD
[14:36:15.493] Starting turn for Bot35
[14:36:15.493] Starting turn for Bot34
[14:36:15.493] Bot34 rotated right to face NORTH
[14:36:15.493] Bot34 executed ROTATE_RIGHT
[14:36:15.493] Bot34 moved forward to (5,5)
[14:36:15.493] Bot34 executed MOVE_FORWARD
[14:36:15.493] Starting turn for Bot35
[14:36:15.493] Bot35 rotated left to face NORTH
[14:36:15.493] Bot35 executed ROTATE_LEFT
[14:36:15.493] Bot35 moved forward to (0,1)
[14:36:15.493] Bot35 executed MOVE_FORWARD
[14:36:15.493] Starting turn for Bot34
[14:36:15.493] Starting turn for Bot35
[14:36:15.493] Bot35 rotated left to face WEST
[14:36:15.493] Bot35 executed ROTATE_LEFT
[14:36:15.493] Bot35 rotated left to face SOUTH
[14:36:15.493] Bot35 executed ROTATE_LEFT
[14:36:15.493] Bot35 moved forward to (1,1)
[14:36:15.493] Bot35 executed MOVE_FORWARD
[14:36:15.493] Starting turn for Bot34
[14:36:15.493] Starting turn for Bot35
[14:36:15.493] Bot35 rotated left to face EAST
[14:36:15.493] Bot35 executed ROTATE_LEFT
[14:36:15.493] Starting turn for Bot34
[14:36:15.493] Starting turn for Bot35
[14:36:15.493] Starting turn for Bot34
[14:36:15.493] Starting turn for Bot35
[14:36:15.493] Bot35 rotated left to face NORTH
[14:36:15.493] Bot35 executed ROTATE_LEFT
[14:36:15.493] Bot35 moved forward to (0,1)
[14:36:15.493] Bot35 executed MOVE_FORWARD
[14:36:15.493] Starting turn for Bot34
[14:36:15.493] Starting turn for Bot35
[14:36:15.493] Bot35 rotated left to face WEST
[14:36:15.493] Bot35 executed ROTATE_LEFT
[14:36:15.493] Bot35 rotated left to face SOUTH
[14:36:15.493] Bot35 executed ROTATE_LEFT
[14:36:15.493] Bot35 moved forward to (1,1)
[14:36:15.493] Bot35 executed MOVE_FORWARD
[14:36:15.493] Starting turn for Bot34
[14:36:15.493] Starting turn for Bot35
[14:36:15.493] Bot35 rotated left to face EAST
[14:36:15.493] Bot35 executed ROTATE_LEFT
[14:36:15.493] Starting turn for Bot34
[14:36:15.493] Starting turn for Bot35
[14:36:15.493] Starting turn for Bot34
[14:36:15.493] Starting turn for Bot35
[14:36:15.493] Bot35 rotated left to face NORTH
[14:36:15.493] Bot35 executed ROTATE_LEFT
[14:36:15.493] Bot35 moved forward to (0,1)
[14:36:15.493] Bot35 executed MOVE_FORWARD
[14:36:15.493] Starting turn for Bot34
[14:36:15.493] Starting turn for Bot35
[14:36:15.493] Bot35 rotated left to face WEST
[14:36:15.493] Bot35 executed ROTATE_LEFT
[14:36:15.493] Bot35 rotated left to face SOUTH
[14:36:15.493] Bot35 executed ROTATE_LEFT
[14:36:15.493] Bot35 moved forward to (1,1)
[14:36:15.493] Bot35 executed MOVE_FORWARD
[14:36:15.493] Starting turn for Bot34
[14:36:15.493] Starting turn for Bot35
[14:36:15.493] Bot35 rotated left to face EAST
[14:36:15.493] Bot35 executed ROTATE_LEFT
[14:36:15.493] Starting turn for Bot34
[14:36:15.493] Starting turn for Bot35
[14:36:15.493] Starting turn for Bot34
[14:36:15.493] Stalemate detected: State repeated 10 times, unchanged for 3 turns
[14:36:15.493] Game Over! Stalemate detected!
[14:36:15.493] Stalemate detected: State repeated 10 times, unchanged for 3 turns
