[14:35:41.716] === Game Started at 2025-02-04_14-35-41 ===
[14:35:41.716] Game initialized with 2 players
[14:35:41.716] Board size: 10
[14:35:41.716] Obstacle density: 0.05
[14:35:41.716] Max turns: 1000
[14:35:41.716] Player Bot18 starting at position (0,0) facing WEST
[14:35:41.716] Player Bot2 starting at position (9,9) facing WEST
[14:35:41.716] Obstacles at positions: (0,3) (3,0) (4,2) (7,7) (8,0)
[14:35:41.716] Starting turn for Bot18
[14:35:41.716] Bot18 rotated left to face SOUTH
[14:35:41.716] Bot18 executed ROTATE_LEFT
[14:35:41.716] Bot18 rotated left to face EAST
[14:35:41.716] Bot18 executed ROTATE_LEFT
[14:35:41.716] Bot18 moved forward to (0,1)
[14:35:41.716] Bot18 executed MOVE_FORWARD
[14:35:41.716] Starting turn for Bot2
[14:35:41.716] Bot2 moved forward to (9,8)
[14:35:41.716] Bot2 executed MOVE_FORWARD
[14:35:41.716] Starting turn for Bot18
[14:35:41.716] Bot18 rotated right to face SOUTH
[14:35:41.716] Bot18 executed ROTATE_RIGHT
[14:35:41.716] Bot18 moved forward to (1,1)
[14:35:41.716] Bot18 executed MOVE_FORWARD
[14:35:41.716] Starting turn for Bot2
[14:35:41.716] Bot2 rotated right to face NORTH
[14:35:41.716] Bot2 executed ROTATE_RIGHT
[14:35:41.716] Bot2 moved forward to (8,8)
[14:35:41.716] Bot2 executed MOVE_FORWARD
[14:35:41.716] Starting turn for Bot18
[14:35:41.716] Bot18 rotated left to face EAST
[14:35:41.716] Bot18 executed ROTATE_LEFT
[14:35:41.716] Bot18 moved forward to (1,2)
[14:35:41.716] Bot18 executed MOVE_FORWARD
[14:35:41.716] Starting turn for Bot2
[14:35:41.717] Bot2 rotated left to face WEST
[14:35:41.717] Bot2 executed ROTATE_LEFT
[14:35:41.717] Bot2 moved forward to (8,7)
[14:35:41.717] Bot2 executed MOVE_FORWARD
[14:35:41.717] Starting turn for Bot18
[14:35:41.717] Bot18 rotated right to face SOUTH
[14:35:41.717] Bot18 executed ROTATE_RIGHT
[14:35:41.717] Bot18 moved forward to (2,2)
[14:35:41.717] Bot18 executed MOVE_FORWARD
[14:35:41.717] Starting turn for Bot2
[14:35:41.717] Bot2 rotated right to face NORTH
[14:35:41.717] Bot2 executed ROTATE_RIGHT
[14:35:41.717] Starting turn for Bot18
[14:35:41.717] Bot18 rotated left to face EAST
[14:35:41.717] Bot18 executed ROTATE_LEFT
[14:35:41.717] Bot18 moved forward to (2,3)
[14:35:41.717] Bot18 executed MOVE_FORWARD
[14:35:41.717] Starting turn for Bot2
[14:35:41.717] Starting turn for Bot18
[14:35:41.717] Bot18 rotated right to face SOUTH
[14:35:41.717] Bot18 executed ROTATE_RIGHT
[14:35:41.717] Bot18 moved forward to (3,3)
[14:35:41.717] Bot18 executed MOVE_FORWARD
[14:35:41.717] Starting turn for Bot2
[14:35:41.717] Bot2 rotated right to face EAST
[14:35:41.717] Bot2 executed ROTATE_RIGHT
[14:35:41.717] Bot2 moved forward to (8,8)
[14:35:41.717] Bot2 executed MOVE_FORWARD
[14:35:41.717] Starting turn for Bot18
[14:35:41.717] Bot18 rotated left to face EAST
[14:35:41.717] Bot18 executed ROTATE_LEFT
[14:35:41.717] Bot18 moved forward to (3,4)
[14:35:41.717] Bot18 executed MOVE_FORWARD
[14:35:41.717] Starting turn for Bot2
[14:35:41.717] Bot2 rotated left to face NORTH
[14:35:41.717] Bot2 executed ROTATE_LEFT
[14:35:41.717] Bot2 rotated left to face WEST
[14:35:41.717] Bot2 executed ROTATE_LEFT
[14:35:41.717] Bot2 moved forward to (8,7)
[14:35:41.717] Bot2 executed MOVE_FORWARD
[14:35:41.717] Starting turn for Bot18
[14:35:41.717] Bot18 rotated right to face SOUTH
[14:35:41.717] Bot18 executed ROTATE_RIGHT
[14:35:41.717] Bot18 moved forward to (4,4)
[14:35:41.717] Bot18 executed MOVE_FORWARD
[14:35:41.717] Starting turn for Bot2
[14:35:41.717] Bot2 rotated right to face NORTH
[14:35:41.717] Bot2 executed ROTATE_RIGHT
[14:35:41.717] Starting turn for Bot18
[14:35:41.717] Bot18 rotated left to face EAST
[14:35:41.717] Bot18 executed ROTATE_LEFT
[14:35:41.717] Bot18 moved forward to (4,5)
[14:35:41.717] Bot18 executed MOVE_FORWARD
[14:35:41.717] Starting turn for Bot2
[14:35:41.717] Starting turn for Bot18
[14:35:41.717] Bot18 rotated right to face SOUTH
[14:35:41.717] Bot18 executed ROTATE_RIGHT
[14:35:41.717] Bot18 moved forward to (5,5)
[14:35:41.717] Bot18 executed MOVE_FORWARD
[14:35:41.717] Starting turn for Bot2
[14:35:41.717] Bot2 rotated right to face EAST
[14:35:41.717] Bot2 executed ROTATE_RIGHT
[14:35:41.717] Bot2 moved forward to (8,8)
[14:35:41.717] Bot2 executed MOVE_FORWARD
[14:35:41.717] Starting turn for Bot18
[14:35:41.717] Starting turn for Bot2
[14:35:41.717] Bot2 rotated left to face NORTH
[14:35:41.717] Bot2 executed ROTATE_LEFT
[14:35:41.717] Bot2 rotated left to face WEST
[14:35:41.717] Bot2 executed ROTATE_LEFT
[14:35:41.717] Bot2 moved forward to (8,7)
[14:35:41.717] Bot2 executed MOVE_FORWARD
[14:35:41.717] Starting turn for Bot18
[14:35:41.717] Starting turn for Bot2
[14:35:41.717] Bot2 rotated right to face NORTH
[14:35:41.717] Bot2 executed ROTATE_RIGHT
[14:35:41.717] Starting turn for Bot18
[14:35:41.717] Starting turn for Bot2
[14:35:41.717] Starting turn for Bot18
[14:35:41.717] Starting turn for Bot2
[14:35:41.717] Bot2 rotated right to face EAST
[14:35:41.717] Bot2 executed ROTATE_RIGHT
[14:35:41.717] Bot2 moved forward to (8,8)
[14:35:41.717] Bot2 executed MOVE_FORWARD
[14:35:41.717] Starting turn for Bot18
[14:35:41.717] Starting turn for Bot2
[14:35:41.717] Bot2 rotated left to face NORTH
[14:35:41.717] Bot2 executed ROTATE_LEFT
[14:35:41.717] Bot2 rotated left to face WEST
[14:35:41.717] Bot2 executed ROTATE_LEFT
[14:35:41.717] Bot2 moved forward to (8,7)
[14:35:41.717] Bot2 executed MOVE_FORWARD
[14:35:41.717] Starting turn for Bot18
[14:35:41.717] Starting turn for Bot2
[14:35:41.717] Bot2 rotated right to face NORTH
[14:35:41.717] Bot2 executed ROTATE_RIGHT
[14:35:41.717] Starting turn for Bot18
[14:35:41.717] Starting turn for Bot2
[14:35:41.717] Starting turn for Bot18
[14:35:41.717] Starting turn for Bot2
[14:35:41.717] Bot2 rotated right to face EAST
[14:35:41.717] Bot2 executed ROTATE_RIGHT
[14:35:41.717] Bot2 moved forward to (8,8)
[14:35:41.717] Bot2 executed MOVE_FORWARD
[14:35:41.717] Starting turn for Bot18
[14:35:41.717] Starting turn for Bot2
[14:35:41.717] Bot2 rotated left to face NORTH
[14:35:41.717] Bot2 executed ROTATE_LEFT
[14:35:41.717] Bot2 rotated left to face WEST
[14:35:41.717] Bot2 executed ROTATE_LEFT
[14:35:41.717] Bot2 moved forward to (8,7)
[14:35:41.717] Bot2 executed MOVE_FORWARD
[14:35:41.717] Starting turn for Bot18
[14:35:41.717] Starting turn for Bot2
[14:35:41.717] Bot2 rotated right to face NORTH
[14:35:41.717] Bot2 executed ROTATE_RIGHT
[14:35:41.717] Starting turn for Bot18
[14:35:41.717] Stalemate detected: State repeated 10 times, unchanged for 1 turns
[14:35:41.717] Game Over! Stalemate detected!
[14:35:41.717] Stalemate detected: State repeated 10 times, unchanged for 1 turns
