[14:35:46.372] === Game Started at 2025-02-04_14-35-46 ===
[14:35:46.372] Game initialized with 2 players
[14:35:46.372] Board size: 10
[14:35:46.372] Obstacle density: 0.05
[14:35:46.372] Max turns: 1000
[14:35:46.372] Player Bot4 starting at position (0,0) facing SOUTH
[14:35:46.372] Player Bot27 starting at position (9,9) facing SOUTH
[14:35:46.372] Obstacles at positions: (1,2) (4,8) (6,3) (6,5) (7,7)
[14:35:46.372] Starting turn for Bot4
[14:35:46.372] Bot4 rotated left to face EAST
[14:35:46.372] Bot4 executed ROTATE_LEFT
[14:35:46.372] Bot4 moved forward to (0,1)
[14:35:46.372] Bot4 executed MOVE_FORWARD
[14:35:46.373] Starting turn for Bot27
[14:35:46.373] Bot27 rotated right to face WEST
[14:35:46.373] Bot27 executed ROTATE_RIGHT
[14:35:46.373] Bot27 moved forward to (9,8)
[14:35:46.373] Bot27 executed MOVE_FORWARD
[14:35:46.373] Starting turn for Bot4
[14:35:46.373] Bot4 rotated right to face SOUTH
[14:35:46.373] Bot4 executed ROTATE_RIGHT
[14:35:46.373] Bot4 moved forward to (1,1)
[14:35:46.373] Bot4 executed MOVE_FORWARD
[14:35:46.373] Starting turn for Bot27
[14:35:46.373] Bot27 rotated right to face NORTH
[14:35:46.373] Bot27 executed ROTATE_RIGHT
[14:35:46.373] Bot27 moved forward to (8,8)
[14:35:46.373] Bot27 executed MOVE_FORWARD
[14:35:46.373] Starting turn for Bot4
[14:35:46.373] Bot4 rotated left to face EAST
[14:35:46.373] Bot4 executed ROTATE_LEFT
[14:35:46.373] Starting turn for Bot27
[14:35:46.373] Bot27 rotated left to face WEST
[14:35:46.373] Bot27 executed ROTATE_LEFT
[14:35:46.373] Bot27 moved forward to (8,7)
[14:35:46.373] Bot27 executed MOVE_FORWARD
[14:35:46.373] Starting turn for Bot4
[14:35:46.373] Starting turn for Bot27
[14:35:46.373] Bot27 rotated right to face NORTH
[14:35:46.373] Bot27 executed ROTATE_RIGHT
[14:35:46.373] Starting turn for Bot4
[14:35:46.373] Bot4 rotated left to face NORTH
[14:35:46.373] Bot4 executed ROTATE_LEFT
[14:35:46.373] Bot4 moved forward to (0,1)
[14:35:46.373] Bot4 executed MOVE_FORWARD
[14:35:46.373] Starting turn for Bot27
[14:35:46.373] Starting turn for Bot4
[14:35:46.373] Bot4 rotated left to face WEST
[14:35:46.373] Bot4 executed ROTATE_LEFT
[14:35:46.373] Bot4 rotated left to face SOUTH
[14:35:46.373] Bot4 executed ROTATE_LEFT
[14:35:46.373] Bot4 moved forward to (1,1)
[14:35:46.373] Bot4 executed MOVE_FORWARD
[14:35:46.373] Starting turn for Bot27
[14:35:46.373] Bot27 rotated right to face EAST
[14:35:46.373] Bot27 executed ROTATE_RIGHT
[14:35:46.373] Bot27 moved forward to (8,8)
[14:35:46.373] Bot27 executed MOVE_FORWARD
[14:35:46.373] Starting turn for Bot4
[14:35:46.373] Bot4 rotated left to face EAST
[14:35:46.373] Bot4 executed ROTATE_LEFT
[14:35:46.373] Starting turn for Bot27
[14:35:46.373] Bot27 rotated left to face NORTH
[14:35:46.373] Bot27 executed ROTATE_LEFT
[14:35:46.373] Bot27 rotated left to face WEST
[14:35:46.373] Bot27 executed ROTATE_LEFT
[14:35:46.373] Bot27 moved forward to (8,7)
[14:35:46.373] Bot27 executed MOVE_FORWARD
[14:35:46.373] Starting turn for Bot4
[14:35:46.373] Starting turn for Bot27
[14:35:46.373] Bot27 rotated right to face NORTH
[14:35:46.373] Bot27 executed ROTATE_RIGHT
[14:35:46.373] Starting turn for Bot4
[14:35:46.373] Bot4 rotated left to face NORTH
[14:35:46.373] Bot4 executed ROTATE_LEFT
[14:35:46.373] Bot4 moved forward to (0,1)
[14:35:46.373] Bot4 executed MOVE_FORWARD
[14:35:46.373] Starting turn for Bot27
[14:35:46.373] Starting turn for Bot4
[14:35:46.373] Bot4 rotated left to face WEST
[14:35:46.373] Bot4 executed ROTATE_LEFT
[14:35:46.373] Bot4 rotated left to face SOUTH
[14:35:46.373] Bot4 executed ROTATE_LEFT
[14:35:46.373] Bot4 moved forward to (1,1)
[14:35:46.373] Bot4 executed MOVE_FORWARD
[14:35:46.373] Starting turn for Bot27
[14:35:46.373] Bot27 rotated right to face EAST
[14:35:46.373] Bot27 executed ROTATE_RIGHT
[14:35:46.373] Bot27 moved forward to (8,8)
[14:35:46.373] Bot27 executed MOVE_FORWARD
[14:35:46.373] Starting turn for Bot4
[14:35:46.373] Bot4 rotated left to face EAST
[14:35:46.373] Bot4 executed ROTATE_LEFT
[14:35:46.373] Starting turn for Bot27
[14:35:46.373] Bot27 rotated left to face NORTH
[14:35:46.373] Bot27 executed ROTATE_LEFT
[14:35:46.373] Bot27 rotated left to face WEST
[14:35:46.373] Bot27 executed ROTATE_LEFT
[14:35:46.373] Bot27 moved forward to (8,7)
[14:35:46.373] Bot27 executed MOVE_FORWARD
[14:35:46.373] Starting turn for Bot4
[14:35:46.373] Starting turn for Bot27
[14:35:46.373] Bot27 rotated right to face NORTH
[14:35:46.373] Bot27 executed ROTATE_RIGHT
[14:35:46.373] Starting turn for Bot4
[14:35:46.373] Bot4 rotated left to face NORTH
[14:35:46.373] Bot4 executed ROTATE_LEFT
[14:35:46.373] Bot4 moved forward to (0,1)
[14:35:46.373] Bot4 executed MOVE_FORWARD
[14:35:46.373] Starting turn for Bot27
[14:35:46.373] Starting turn for Bot4
[14:35:46.373] Bot4 rotated left to face WEST
[14:35:46.373] Bot4 executed ROTATE_LEFT
[14:35:46.373] Bot4 rotated left to face SOUTH
[14:35:46.373] Bot4 executed ROTATE_LEFT
[14:35:46.373] Bot4 moved forward to (1,1)
[14:35:46.373] Bot4 executed MOVE_FORWARD
[14:35:46.373] Starting turn for Bot27
[14:35:46.373] Bot27 rotated right to face EAST
[14:35:46.373] Bot27 executed ROTATE_RIGHT
[14:35:46.373] Bot27 moved forward to (8,8)
[14:35:46.373] Bot27 executed MOVE_FORWARD
[14:35:46.373] Starting turn for Bot4
[14:35:46.373] Bot4 rotated left to face EAST
[14:35:46.373] Bot4 executed ROTATE_LEFT
[14:35:46.373] Starting turn for Bot27
[14:35:46.373] Bot27 rotated left to face NORTH
[14:35:46.373] Bot27 executed ROTATE_LEFT
[14:35:46.373] Bot27 rotated left to face WEST
[14:35:46.373] Bot27 executed ROTATE_LEFT
[14:35:46.373] Bot27 moved forward to (8,7)
[14:35:46.373] Bot27 executed MOVE_FORWARD
[14:35:46.373] Starting turn for Bot4
[14:35:46.373] Starting turn for Bot27
[14:35:46.373] Bot27 rotated right to face NORTH
[14:35:46.373] Bot27 executed ROTATE_RIGHT
[14:35:46.373] Starting turn for Bot4
[14:35:46.373] Bot4 rotated left to face NORTH
[14:35:46.373] Bot4 executed ROTATE_LEFT
[14:35:46.373] Bot4 moved forward to (0,1)
[14:35:46.373] Bot4 executed MOVE_FORWARD
[14:35:46.373] Starting turn for Bot27
[14:35:46.373] Starting turn for Bot4
[14:35:46.373] Bot4 rotated left to face WEST
[14:35:46.373] Bot4 executed ROTATE_LEFT
[14:35:46.373] Bot4 rotated left to face SOUTH
[14:35:46.373] Bot4 executed ROTATE_LEFT
[14:35:46.373] Bot4 moved forward to (1,1)
[14:35:46.373] Bot4 executed MOVE_FORWARD
[14:35:46.373] Starting turn for Bot27
[14:35:46.373] Bot27 rotated right to face EAST
[14:35:46.373] Bot27 executed ROTATE_RIGHT
[14:35:46.373] Bot27 moved forward to (8,8)
[14:35:46.373] Bot27 executed MOVE_FORWARD
[14:35:46.373] Starting turn for Bot4
[14:35:46.373] Bot4 rotated left to face EAST
[14:35:46.373] Bot4 executed ROTATE_LEFT
[14:35:46.373] Starting turn for Bot27
[14:35:46.373] Bot27 rotated left to face NORTH
[14:35:46.373] Bot27 executed ROTATE_LEFT
[14:35:46.373] Bot27 rotated left to face WEST
[14:35:46.373] Bot27 executed ROTATE_LEFT
[14:35:46.373] Bot27 moved forward to (8,7)
[14:35:46.373] Bot27 executed MOVE_FORWARD
[14:35:46.373] Starting turn for Bot4
[14:35:46.373] Starting turn for Bot27
[14:35:46.373] Stalemate detected: State repeated 10 times, unchanged for 2 turns
[14:35:46.373] Game Over! Stalemate detected!
[14:35:46.373] Stalemate detected: State repeated 10 times, unchanged for 2 turns
