[14:35:56.022] === Game Started at 2025-02-04_14-35-56 ===
[14:35:56.022] Game initialized with 2 players
[14:35:56.022] Board size: 10
[14:35:56.022] Obstacle density: 0.05
[14:35:56.022] Max turns: 1000
[14:35:56.022] Player Bot15 starting at position (0,0) facing NORTH
[14:35:56.022] Player Bot10 starting at position (9,9) facing EAST
[14:35:56.022] Obstacles at positions: (0,4) (3,7) (5,5) (6,8) (7,3)
[14:35:56.022] Starting turn for Bot15
[14:35:56.022] Bot15 rotated right to face EAST
[14:35:56.022] Bot15 executed ROTATE_RIGHT
[14:35:56.022] Bot15 moved forward to (0,1)
[14:35:56.022] Bot15 executed MOVE_FORWARD
[14:35:56.022] Starting turn for Bot10
[14:35:56.022] Bot10 rotated left to face NORTH
[14:35:56.022] Bot10 executed ROTATE_LEFT
[14:35:56.022] Bot10 rotated left to face WEST
[14:35:56.022] Bot10 executed ROTATE_LEFT
[14:35:56.022] Bot10 moved forward to (9,8)
[14:35:56.022] Bot10 executed MOVE_FORWARD
[14:35:56.022] Starting turn for Bot15
[14:35:56.022] Bot15 rotated right to face SOUTH
[14:35:56.022] Bot15 executed ROTATE_RIGHT
[14:35:56.022] Bot15 moved forward to (1,1)
[14:35:56.022] Bot15 executed MOVE_FORWARD
[14:35:56.022] Starting turn for Bot10
[14:35:56.022] Bot10 rotated right to face NORTH
[14:35:56.022] Bot10 executed ROTATE_RIGHT
[14:35:56.022] Bot10 moved forward to (8,8)
[14:35:56.022] Bot10 executed MOVE_FORWARD
[14:35:56.022] Starting turn for Bot15
[14:35:56.023] Bot15 rotated left to face EAST
[14:35:56.023] Bot15 executed ROTATE_LEFT
[14:35:56.023] Bot15 moved forward to (1,2)
[14:35:56.023] Bot15 executed MOVE_FORWARD
[14:35:56.023] Starting turn for Bot10
[14:35:56.023] Bot10 rotated left to face WEST
[14:35:56.023] Bot10 executed ROTATE_LEFT
[14:35:56.023] Bot10 moved forward to (8,7)
[14:35:56.023] Bot10 executed MOVE_FORWARD
[14:35:56.023] Starting turn for Bot15
[14:35:56.023] Bot15 rotated right to face SOUTH
[14:35:56.023] Bot15 executed ROTATE_RIGHT
[14:35:56.023] Bot15 moved forward to (2,2)
[14:35:56.023] Bot15 executed MOVE_FORWARD
[14:35:56.023] Starting turn for Bot10
[14:35:56.023] Bot10 rotated right to face NORTH
[14:35:56.023] Bot10 executed ROTATE_RIGHT
[14:35:56.023] Bot10 moved forward to (7,7)
[14:35:56.023] Bot10 executed MOVE_FORWARD
[14:35:56.023] Starting turn for Bot15
[14:35:56.023] Bot15 rotated left to face EAST
[14:35:56.023] Bot15 executed ROTATE_LEFT
[14:35:56.023] Bot15 moved forward to (2,3)
[14:35:56.023] Bot15 executed MOVE_FORWARD
[14:35:56.023] Starting turn for Bot10
[14:35:56.023] Bot10 rotated left to face WEST
[14:35:56.023] Bot10 executed ROTATE_LEFT
[14:35:56.023] Bot10 moved forward to (7,6)
[14:35:56.023] Bot10 executed MOVE_FORWARD
[14:35:56.023] Starting turn for Bot15
[14:35:56.023] Bot15 rotated right to face SOUTH
[14:35:56.023] Bot15 executed ROTATE_RIGHT
[14:35:56.023] Bot15 moved forward to (3,3)
[14:35:56.023] Bot15 executed MOVE_FORWARD
[14:35:56.023] Starting turn for Bot10
[14:35:56.023] Bot10 rotated right to face NORTH
[14:35:56.023] Bot10 executed ROTATE_RIGHT
[14:35:56.023] Bot10 moved forward to (6,6)
[14:35:56.023] Bot10 executed MOVE_FORWARD
[14:35:56.023] Starting turn for Bot15
[14:35:56.023] Bot15 rotated left to face EAST
[14:35:56.023] Bot15 executed ROTATE_LEFT
[14:35:56.023] Bot15 moved forward to (3,4)
[14:35:56.023] Bot15 executed MOVE_FORWARD
[14:35:56.023] Starting turn for Bot10
[14:35:56.023] Bot10 rotated left to face WEST
[14:35:56.023] Bot10 executed ROTATE_LEFT
[14:35:56.023] Bot10 moved forward to (6,5)
[14:35:56.023] Bot10 executed MOVE_FORWARD
[14:35:56.023] Starting turn for Bot15
[14:35:56.023] Bot15 rotated right to face SOUTH
[14:35:56.023] Bot15 executed ROTATE_RIGHT
[14:35:56.023] Bot15 moved forward to (4,4)
[14:35:56.023] Bot15 executed MOVE_FORWARD
[14:35:56.023] Starting turn for Bot10
[14:35:56.023] Bot10 rotated right to face NORTH
[14:35:56.023] Bot10 executed ROTATE_RIGHT
[14:35:56.023] Starting turn for Bot15
[14:35:56.023] Bot15 rotated left to face EAST
[14:35:56.023] Bot15 executed ROTATE_LEFT
[14:35:56.023] Bot15 moved forward to (4,5)
[14:35:56.023] Bot15 executed MOVE_FORWARD
[14:35:56.023] Starting turn for Bot10
[14:35:56.023] Starting turn for Bot15
[14:35:56.023] Bot15 rotated right to face SOUTH
[14:35:56.023] Bot15 executed ROTATE_RIGHT
[14:35:56.023] Starting turn for Bot10
[14:35:56.023] Bot10 rotated right to face EAST
[14:35:56.023] Bot10 executed ROTATE_RIGHT
[14:35:56.023] Bot10 moved forward to (6,6)
[14:35:56.023] Bot10 executed MOVE_FORWARD
[14:35:56.023] Starting turn for Bot15
[14:35:56.023] Starting turn for Bot10
[14:35:56.023] Bot10 rotated left to face NORTH
[14:35:56.023] Bot10 executed ROTATE_LEFT
[14:35:56.023] Bot10 rotated left to face WEST
[14:35:56.023] Bot10 executed ROTATE_LEFT
[14:35:56.023] Bot10 moved forward to (6,5)
[14:35:56.023] Bot10 executed MOVE_FORWARD
[14:35:56.023] Starting turn for Bot15
[14:35:56.023] Bot15 rotated left to face EAST
[14:35:56.023] Bot15 executed ROTATE_LEFT
[14:35:56.023] Bot15 rotated left to face NORTH
[14:35:56.023] Bot15 executed ROTATE_LEFT
[14:35:56.023] Bot15 moved forward to (3,5)
[14:35:56.023] Bot15 executed MOVE_FORWARD
[14:35:56.023] Starting turn for Bot10
[14:35:56.023] Bot10 rotated right to face NORTH
[14:35:56.023] Bot10 executed ROTATE_RIGHT
[14:35:56.023] Starting turn for Bot15
[14:35:56.023] Bot15 rotated left to face WEST
[14:35:56.023] Bot15 executed ROTATE_LEFT
[14:35:56.023] Bot15 rotated left to face SOUTH
[14:35:56.023] Bot15 executed ROTATE_LEFT
[14:35:56.023] Bot15 moved forward to (4,5)
[14:35:56.023] Bot15 executed MOVE_FORWARD
[14:35:56.023] Starting turn for Bot10
[14:35:56.023] Starting turn for Bot15
[14:35:56.023] Starting turn for Bot10
[14:35:56.023] Bot10 rotated right to face EAST
[14:35:56.023] Bot10 executed ROTATE_RIGHT
[14:35:56.023] Bot10 moved forward to (6,6)
[14:35:56.023] Bot10 executed MOVE_FORWARD
[14:35:56.023] Starting turn for Bot15
[14:35:56.023] Starting turn for Bot10
[14:35:56.023] Bot10 rotated left to face NORTH
[14:35:56.023] Bot10 executed ROTATE_LEFT
[14:35:56.023] Bot10 rotated left to face WEST
[14:35:56.023] Bot10 executed ROTATE_LEFT
[14:35:56.023] Bot10 moved forward to (6,5)
[14:35:56.023] Bot10 executed MOVE_FORWARD
[14:35:56.023] Starting turn for Bot15
[14:35:56.023] Bot15 rotated left to face EAST
[14:35:56.023] Bot15 executed ROTATE_LEFT
[14:35:56.023] Bot15 rotated left to face NORTH
[14:35:56.023] Bot15 executed ROTATE_LEFT
[14:35:56.023] Bot15 moved forward to (3,5)
[14:35:56.023] Bot15 executed MOVE_FORWARD
[14:35:56.023] Starting turn for Bot10
[14:35:56.023] Bot10 rotated right to face NORTH
[14:35:56.023] Bot10 executed ROTATE_RIGHT
[14:35:56.023] Starting turn for Bot15
[14:35:56.023] Bot15 rotated left to face WEST
[14:35:56.023] Bot15 executed ROTATE_LEFT
[14:35:56.023] Bot15 rotated left to face SOUTH
[14:35:56.023] Bot15 executed ROTATE_LEFT
[14:35:56.023] Bot15 moved forward to (4,5)
[14:35:56.023] Bot15 executed MOVE_FORWARD
[14:35:56.023] Starting turn for Bot10
[14:35:56.023] Starting turn for Bot15
[14:35:56.023] Starting turn for Bot10
[14:35:56.023] Bot10 rotated right to face EAST
[14:35:56.023] Bot10 executed ROTATE_RIGHT
[14:35:56.023] Bot10 moved forward to (6,6)
[14:35:56.023] Bot10 executed MOVE_FORWARD
[14:35:56.023] Starting turn for Bot15
[14:35:56.023] Starting turn for Bot10
[14:35:56.023] Bot10 rotated left to face NORTH
[14:35:56.023] Bot10 executed ROTATE_LEFT
[14:35:56.023] Bot10 rotated left to face WEST
[14:35:56.023] Bot10 executed ROTATE_LEFT
[14:35:56.023] Bot10 moved forward to (6,5)
[14:35:56.023] Bot10 executed MOVE_FORWARD
[14:35:56.023] Starting turn for Bot15
[14:35:56.023] Bot15 rotated left to face EAST
[14:35:56.023] Bot15 executed ROTATE_LEFT
[14:35:56.023] Bot15 rotated left to face NORTH
[14:35:56.023] Bot15 executed ROTATE_LEFT
[14:35:56.023] Bot15 moved forward to (3,5)
[14:35:56.023] Bot15 executed MOVE_FORWARD
[14:35:56.023] Starting turn for Bot10
[14:35:56.023] Bot10 rotated right to face NORTH
[14:35:56.023] Bot10 executed ROTATE_RIGHT
[14:35:56.023] Starting turn for Bot15
[14:35:56.023] Bot15 rotated left to face WEST
[14:35:56.023] Bot15 executed ROTATE_LEFT
[14:35:56.023] Bot15 rotated left to face SOUTH
[14:35:56.023] Bot15 executed ROTATE_LEFT
[14:35:56.023] Bot15 moved forward to (4,5)
[14:35:56.023] Bot15 executed MOVE_FORWARD
[14:35:56.023] Starting turn for Bot10
[14:35:56.023] Starting turn for Bot15
[14:35:56.023] Starting turn for Bot10
[14:35:56.023] Stalemate detected: State repeated 10 times, unchanged for 1 turns
[14:35:56.023] Game Over! Stalemate detected!
[14:35:56.023] Stalemate detected: State repeated 10 times, unchanged for 1 turns
