[14:36:10.318] === Game Started at 2025-02-04_14-36-10 ===
[14:36:10.318] Game initialized with 2 players
[14:36:10.318] Board size: 10
[14:36:10.318] Obstacle density: 0.05
[14:36:10.318] Max turns: 1000
[14:36:10.318] Player Bot24 starting at position (0,0) facing WEST
[14:36:10.318] Player Bot26 starting at position (9,9) facing NORTH
[14:36:10.318] Obstacles at positions: (1,9) (3,3) (3,4) (6,8) (9,4)
[14:36:10.318] Starting turn for Bot24
[14:36:10.318] Bot24 rotated left to face SOUTH
[14:36:10.318] Bot24 executed ROTATE_LEFT
[14:36:10.318] Bot24 rotated left to face EAST
[14:36:10.318] Bot24 executed ROTATE_LEFT
[14:36:10.318] Bot24 moved forward to (0,1)
[14:36:10.318] Bot24 executed MOVE_FORWARD
[14:36:10.318] Starting turn for Bot26
[14:36:10.318] Bot26 rotated left to face WEST
[14:36:10.318] Bot26 executed ROTATE_LEFT
[14:36:10.318] Bot26 moved forward to (9,8)
[14:36:10.318] Bot26 executed MOVE_FORWARD
[14:36:10.318] Starting turn for Bot24
[14:36:10.318] Bot24 rotated right to face SOUTH
[14:36:10.318] Bot24 executed ROTATE_RIGHT
[14:36:10.318] Bot24 moved forward to (1,1)
[14:36:10.318] Bot24 executed MOVE_FORWARD
[14:36:10.318] Starting turn for Bot26
[14:36:10.318] Bot26 rotated right to face NORTH
[14:36:10.318] Bot26 executed ROTATE_RIGHT
[14:36:10.318] Bot26 moved forward to (8,8)
[14:36:10.318] Bot26 executed MOVE_FORWARD
[14:36:10.318] Starting turn for Bot24
[14:36:10.318] Bot24 rotated left to face EAST
[14:36:10.318] Bot24 executed ROTATE_LEFT
[14:36:10.318] Bot24 moved forward to (1,2)
[14:36:10.318] Bot24 executed MOVE_FORWARD
[14:36:10.318] Starting turn for Bot26
[14:36:10.318] Bot26 rotated left to face WEST
[14:36:10.318] Bot26 executed ROTATE_LEFT
[14:36:10.318] Bot26 moved forward to (8,7)
[14:36:10.318] Bot26 executed MOVE_FORWARD
[14:36:10.318] Starting turn for Bot24
[14:36:10.318] Bot24 rotated right to face SOUTH
[14:36:10.318] Bot24 executed ROTATE_RIGHT
[14:36:10.318] Bot24 moved forward to (2,2)
[14:36:10.318] Bot24 executed MOVE_FORWARD
[14:36:10.318] Starting turn for Bot26
[14:36:10.318] Bot26 rotated right to face NORTH
[14:36:10.318] Bot26 executed ROTATE_RIGHT
[14:36:10.318] Bot26 moved forward to (7,7)
[14:36:10.318] Bot26 executed MOVE_FORWARD
[14:36:10.318] Starting turn for Bot24
[14:36:10.318] Bot24 rotated left to face EAST
[14:36:10.318] Bot24 executed ROTATE_LEFT
[14:36:10.318] Bot24 moved forward to (2,3)
[14:36:10.318] Bot24 executed MOVE_FORWARD
[14:36:10.318] Starting turn for Bot26
[14:36:10.318] Bot26 rotated left to face WEST
[14:36:10.318] Bot26 executed ROTATE_LEFT
[14:36:10.318] Bot26 moved forward to (7,6)
[14:36:10.318] Bot26 executed MOVE_FORWARD
[14:36:10.318] Starting turn for Bot24
[14:36:10.318] Bot24 rotated right to face SOUTH
[14:36:10.318] Bot24 executed ROTATE_RIGHT
[14:36:10.318] Starting turn for Bot26
[14:36:10.318] Bot26 rotated right to face NORTH
[14:36:10.318] Bot26 executed ROTATE_RIGHT
[14:36:10.318] Bot26 moved forward to (6,6)
[14:36:10.318] Bot26 executed MOVE_FORWARD
[14:36:10.318] Starting turn for Bot24
[14:36:10.318] Starting turn for Bot26
[14:36:10.318] Bot26 rotated left to face WEST
[14:36:10.318] Bot26 executed ROTATE_LEFT
[14:36:10.318] Bot26 moved forward to (6,5)
[14:36:10.318] Bot26 executed MOVE_FORWARD
[14:36:10.318] Starting turn for Bot24
[14:36:10.318] Bot24 rotated left to face EAST
[14:36:10.318] Bot24 executed ROTATE_LEFT
[14:36:10.318] Bot24 rotated left to face NORTH
[14:36:10.318] Bot24 executed ROTATE_LEFT
[14:36:10.318] Bot24 moved forward to (1,3)
[14:36:10.318] Bot24 executed MOVE_FORWARD
[14:36:10.318] Starting turn for Bot26
[14:36:10.318] Bot26 rotated right to face NORTH
[14:36:10.318] Bot26 executed ROTATE_RIGHT
[14:36:10.318] Bot26 moved forward to (5,5)
[14:36:10.318] Bot26 executed MOVE_FORWARD
[14:36:10.318] Starting turn for Bot24
[14:36:10.318] Bot24 rotated left to face WEST
[14:36:10.318] Bot24 executed ROTATE_LEFT
[14:36:10.318] Bot24 rotated left to face SOUTH
[14:36:10.318] Bot24 executed ROTATE_LEFT
[14:36:10.318] Bot24 moved forward to (2,3)
[14:36:10.318] Bot24 executed MOVE_FORWARD
[14:36:10.318] Starting turn for Bot26
[14:36:10.318] Starting turn for Bot24
[14:36:10.318] Starting turn for Bot26
[14:36:10.318] Starting turn for Bot24
[14:36:10.318] Starting turn for Bot26
[14:36:10.318] Starting turn for Bot24
[14:36:10.318] Bot24 rotated left to face EAST
[14:36:10.318] Bot24 executed ROTATE_LEFT
[14:36:10.318] Bot24 rotated left to face NORTH
[14:36:10.318] Bot24 executed ROTATE_LEFT
[14:36:10.318] Bot24 moved forward to (1,3)
[14:36:10.318] Bot24 executed MOVE_FORWARD
[14:36:10.318] Starting turn for Bot26
[14:36:10.318] Starting turn for Bot24
[14:36:10.318] Bot24 rotated left to face WEST
[14:36:10.318] Bot24 executed ROTATE_LEFT
[14:36:10.318] Bot24 rotated left to face SOUTH
[14:36:10.318] Bot24 executed ROTATE_LEFT
[14:36:10.318] Bot24 moved forward to (2,3)
[14:36:10.318] Bot24 executed MOVE_FORWARD
[14:36:10.319] Starting turn for Bot26
[14:36:10.319] Starting turn for Bot24
[14:36:10.319] Starting turn for Bot26
[14:36:10.319] Starting turn for Bot24
[14:36:10.319] Starting turn for Bot26
[14:36:10.319] Starting turn for Bot24
[14:36:10.319] Bot24 rotated left to face EAST
[14:36:10.319] Bot24 executed ROTATE_LEFT
[14:36:10.319] Bot24 rotated left to face NORTH
[14:36:10.319] Bot24 executed ROTATE_LEFT
[14:36:10.319] Bot24 moved forward to (1,3)
[14:36:10.319] Bot24 executed MOVE_FORWARD
[14:36:10.319] Starting turn for Bot26
[14:36:10.319] Starting turn for Bot24
[14:36:10.319] Bot24 rotated left to face WEST
[14:36:10.319] Bot24 executed ROTATE_LEFT
[14:36:10.319] Bot24 rotated left to face SOUTH
[14:36:10.319] Bot24 executed ROTATE_LEFT
[14:36:10.319] Bot24 moved forward to (2,3)
[14:36:10.319] Bot24 executed MOVE_FORWARD
[14:36:10.319] Starting turn for Bot26
[14:36:10.319] Starting turn for Bot24
[14:36:10.319] Starting turn for Bot26
[14:36:10.319] Starting turn for Bot24
[14:36:10.319] Starting turn for Bot26
[14:36:10.319] Starting turn for Bot24
[14:36:10.319] Bot24 rotated left to face EAST
[14:36:10.319] Bot24 executed ROTATE_LEFT
[14:36:10.319] Bot24 rotated left to face NORTH
[14:36:10.319] Bot24 executed ROTATE_LEFT
[14:36:10.319] Bot24 moved forward to (1,3)
[14:36:10.319] Bot24 executed MOVE_FORWARD
[14:36:10.319] Starting turn for Bot26
[14:36:10.319] Starting turn for Bot24
[14:36:10.319] Bot24 rotated left to face WEST
[14:36:10.319] Bot24 executed ROTATE_LEFT
[14:36:10.319] Bot24 rotated left to face SOUTH
[14:36:10.319] Bot24 executed ROTATE_LEFT
[14:36:10.319] Bot24 moved forward to (2,3)
[14:36:10.319] Bot24 executed MOVE_FORWARD
[14:36:10.319] Starting turn for Bot26
[14:36:10.319] Stalemate detected: State repeated 10 times, unchanged for 3 turns
[14:36:10.319] Game Over! Stalemate detected!
[14:36:10.319] Stalemate detected: State repeated 10 times, unchanged for 3 turns
