[14:36:10.037] === Game Started at 2025-02-04_14-36-10 ===
[14:36:10.037] Game initialized with 2 players
[14:36:10.037] Board size: 10
[14:36:10.037] Obstacle density: 0.05
[14:36:10.037] Max turns: 1000
[14:36:10.037] Player Bot36 starting at position (0,0) facing SOUTH
[14:36:10.037] Player Bot23 starting at position (9,9) facing SOUTH
[14:36:10.037] Obstacles at positions: (0,2) (1,1) (6,5) (6,8) (9,7)
[14:36:10.037] Starting turn for Bot36
[14:36:10.037] Bot36 rotated left to face EAST
[14:36:10.037] Bot36 executed ROTATE_LEFT
[14:36:10.037] Bot36 moved forward to (0,1)
[14:36:10.037] Bot36 executed MOVE_FORWARD
[14:36:10.037] Starting turn for Bot23
[14:36:10.037] Bot23 rotated right to face WEST
[14:36:10.037] Bot23 executed ROTATE_RIGHT
[14:36:10.037] Bot23 moved forward to (9,8)
[14:36:10.037] Bot23 executed MOVE_FORWARD
[14:36:10.037] Starting turn for Bot36
[14:36:10.037] Bot36 rotated right to face SOUTH
[14:36:10.037] Bot36 executed ROTATE_RIGHT
[14:36:10.037] Starting turn for Bot23
[14:36:10.037] Bot23 rotated right to face NORTH
[14:36:10.037] Bot23 executed ROTATE_RIGHT
[14:36:10.037] Bot23 moved forward to (8,8)
[14:36:10.037] Bot23 executed MOVE_FORWARD
[14:36:10.037] Starting turn for Bot36
[14:36:10.037] Starting turn for Bot23
[14:36:10.037] Bot23 rotated left to face WEST
[14:36:10.037] Bot23 executed ROTATE_LEFT
[14:36:10.037] Bot23 moved forward to (8,7)
[14:36:10.037] Bot23 executed MOVE_FORWARD
[14:36:10.037] Starting turn for Bot36
[14:36:10.037] Bot36 rotated right to face WEST
[14:36:10.037] Bot36 executed ROTATE_RIGHT
[14:36:10.037] Bot36 moved forward to (0,0)
[14:36:10.037] Bot36 executed MOVE_FORWARD
[14:36:10.037] Starting turn for Bot23
[14:36:10.037] Bot23 rotated right to face NORTH
[14:36:10.037] Bot23 executed ROTATE_RIGHT
[14:36:10.037] Bot23 moved forward to (7,7)
[14:36:10.037] Bot23 executed MOVE_FORWARD
[14:36:10.037] Starting turn for Bot36
[14:36:10.037] Bot36 rotated left to face SOUTH
[14:36:10.037] Bot36 executed ROTATE_LEFT
[14:36:10.037] Bot36 rotated left to face EAST
[14:36:10.037] Bot36 executed ROTATE_LEFT
[14:36:10.037] Bot36 moved forward to (0,1)
[14:36:10.037] Bot36 executed MOVE_FORWARD
[14:36:10.037] Starting turn for Bot23
[14:36:10.037] Bot23 rotated left to face WEST
[14:36:10.037] Bot23 executed ROTATE_LEFT
[14:36:10.037] Bot23 moved forward to (7,6)
[14:36:10.037] Bot23 executed MOVE_FORWARD
[14:36:10.037] Starting turn for Bot36
[14:36:10.037] Bot36 rotated right to face SOUTH
[14:36:10.037] Bot36 executed ROTATE_RIGHT
[14:36:10.037] Starting turn for Bot23
[14:36:10.037] Bot23 rotated right to face NORTH
[14:36:10.037] Bot23 executed ROTATE_RIGHT
[14:36:10.037] Bot23 moved forward to (6,6)
[14:36:10.037] Bot23 executed MOVE_FORWARD
[14:36:10.037] Starting turn for Bot36
[14:36:10.037] Starting turn for Bot23
[14:36:10.037] Bot23 rotated left to face WEST
[14:36:10.037] Bot23 executed ROTATE_LEFT
[14:36:10.037] Starting turn for Bot36
[14:36:10.037] Bot36 rotated right to face WEST
[14:36:10.037] Bot36 executed ROTATE_RIGHT
[14:36:10.037] Bot36 moved forward to (0,0)
[14:36:10.037] Bot36 executed MOVE_FORWARD
[14:36:10.037] Starting turn for Bot23
[14:36:10.037] Starting turn for Bot36
[14:36:10.037] Bot36 rotated left to face SOUTH
[14:36:10.037] Bot36 executed ROTATE_LEFT
[14:36:10.037] Bot36 rotated left to face EAST
[14:36:10.037] Bot36 executed ROTATE_LEFT
[14:36:10.037] Bot36 moved forward to (0,1)
[14:36:10.037] Bot36 executed MOVE_FORWARD
[14:36:10.037] Starting turn for Bot23
[14:36:10.037] Bot23 rotated right to face NORTH
[14:36:10.037] Bot23 executed ROTATE_RIGHT
[14:36:10.037] Bot23 moved forward to (5,6)
[14:36:10.037] Bot23 executed MOVE_FORWARD
[14:36:10.037] Starting turn for Bot36
[14:36:10.037] Bot36 rotated right to face SOUTH
[14:36:10.037] Bot36 executed ROTATE_RIGHT
[14:36:10.037] Starting turn for Bot23
[14:36:10.037] Bot23 rotated left to face WEST
[14:36:10.037] Bot23 executed ROTATE_LEFT
[14:36:10.037] Bot23 moved forward to (5,5)
[14:36:10.037] Bot23 executed MOVE_FORWARD
[14:36:10.038] Starting turn for Bot36
[14:36:10.038] Starting turn for Bot23
[14:36:10.038] Starting turn for Bot36
[14:36:10.038] Bot36 rotated right to face WEST
[14:36:10.038] Bot36 executed ROTATE_RIGHT
[14:36:10.038] Bot36 moved forward to (0,0)
[14:36:10.038] Bot36 executed MOVE_FORWARD
[14:36:10.038] Starting turn for Bot23
[14:36:10.038] Starting turn for Bot36
[14:36:10.038] Bot36 rotated left to face SOUTH
[14:36:10.038] Bot36 executed ROTATE_LEFT
[14:36:10.038] Bot36 rotated left to face EAST
[14:36:10.038] Bot36 executed ROTATE_LEFT
[14:36:10.038] Bot36 moved forward to (0,1)
[14:36:10.038] Bot36 executed MOVE_FORWARD
[14:36:10.038] Starting turn for Bot23
[14:36:10.038] Starting turn for Bot36
[14:36:10.038] Bot36 rotated right to face SOUTH
[14:36:10.038] Bot36 executed ROTATE_RIGHT
[14:36:10.038] Starting turn for Bot23
[14:36:10.038] Starting turn for Bot36
[14:36:10.038] Starting turn for Bot23
[14:36:10.038] Starting turn for Bot36
[14:36:10.038] Bot36 rotated right to face WEST
[14:36:10.038] Bot36 executed ROTATE_RIGHT
[14:36:10.038] Bot36 moved forward to (0,0)
[14:36:10.038] Bot36 executed MOVE_FORWARD
[14:36:10.038] Starting turn for Bot23
[14:36:10.038] Starting turn for Bot36
[14:36:10.038] Bot36 rotated left to face SOUTH
[14:36:10.038] Bot36 executed ROTATE_LEFT
[14:36:10.038] Bot36 rotated left to face EAST
[14:36:10.038] Bot36 executed ROTATE_LEFT
[14:36:10.038] Bot36 moved forward to (0,1)
[14:36:10.038] Bot36 executed MOVE_FORWARD
[14:36:10.038] Starting turn for Bot23
[14:36:10.038] Starting turn for Bot36
[14:36:10.038] Bot36 rotated right to face SOUTH
[14:36:10.038] Bot36 executed ROTATE_RIGHT
[14:36:10.038] Starting turn for Bot23
[14:36:10.038] Starting turn for Bot36
[14:36:10.038] Starting turn for Bot23
[14:36:10.038] Starting turn for Bot36
[14:36:10.038] Bot36 rotated right to face WEST
[14:36:10.038] Bot36 executed ROTATE_RIGHT
[14:36:10.038] Bot36 moved forward to (0,0)
[14:36:10.038] Bot36 executed MOVE_FORWARD
[14:36:10.038] Starting turn for Bot23
[14:36:10.038] Starting turn for Bot36
[14:36:10.038] Bot36 rotated left to face SOUTH
[14:36:10.038] Bot36 executed ROTATE_LEFT
[14:36:10.038] Bot36 rotated left to face EAST
[14:36:10.038] Bot36 executed ROTATE_LEFT
[14:36:10.038] Bot36 moved forward to (0,1)
[14:36:10.038] Bot36 executed MOVE_FORWARD
[14:36:10.038] Starting turn for Bot23
[14:36:10.038] Starting turn for Bot36
[14:36:10.038] Bot36 rotated right to face SOUTH
[14:36:10.038] Bot36 executed ROTATE_RIGHT
[14:36:10.038] Starting turn for Bot23
[14:36:10.038] Stalemate detected: State repeated 10 times, unchanged for 1 turns
[14:36:10.038] Game Over! Stalemate detected!
[14:36:10.038] Stalemate detected: State repeated 10 times, unchanged for 1 turns
