[14:36:00.254] === Game Started at 2025-02-04_14-36-00 ===
[14:36:00.254] Game initialized with 2 players
[14:36:00.254] Board size: 10
[14:36:00.254] Obstacle density: 0.05
[14:36:00.254] Max turns: 1000
[14:36:00.254] Player Bot13 starting at position (0,0) facing SOUTH
[14:36:00.254] Player Bot35 starting at position (9,9) facing WEST
[14:36:00.254] Obstacles at positions: (1,9) (2,2) (6,2) (8,5) (8,8)
[14:36:00.254] Starting turn for Bot13
[14:36:00.254] Bot13 rotated left to face EAST
[14:36:00.254] Bot13 executed ROTATE_LEFT
[14:36:00.254] Bot13 moved forward to (0,1)
[14:36:00.254] Bot13 executed MOVE_FORWARD
[14:36:00.254] Starting turn for Bot35
[14:36:00.254] Bot35 moved forward to (9,8)
[14:36:00.254] Bot35 executed MOVE_FORWARD
[14:36:00.254] Starting turn for Bot13
[14:36:00.254] Bot13 rotated right to face SOUTH
[14:36:00.254] Bot13 executed ROTATE_RIGHT
[14:36:00.254] Bot13 moved forward to (1,1)
[14:36:00.254] Bot13 executed MOVE_FORWARD
[14:36:00.254] Starting turn for Bot35
[14:36:00.254] Bot35 rotated right to face NORTH
[14:36:00.254] Bot35 executed ROTATE_RIGHT
[14:36:00.254] Starting turn for Bot13
[14:36:00.254] Bot13 rotated left to face EAST
[14:36:00.254] Bot13 executed ROTATE_LEFT
[14:36:00.254] Bot13 moved forward to (1,2)
[14:36:00.254] Bot13 executed MOVE_FORWARD
[14:36:00.254] Starting turn for Bot35
[14:36:00.254] Starting turn for Bot13
[14:36:00.254] Bot13 rotated right to face SOUTH
[14:36:00.254] Bot13 executed ROTATE_RIGHT
[14:36:00.254] Starting turn for Bot35
[14:36:00.254] Bot35 rotated right to face EAST
[14:36:00.254] Bot35 executed ROTATE_RIGHT
[14:36:00.254] Bot35 moved forward to (9,9)
[14:36:00.254] Bot35 executed MOVE_FORWARD
[14:36:00.254] Starting turn for Bot13
[14:36:00.254] Starting turn for Bot35
[14:36:00.254] Bot35 rotated left to face NORTH
[14:36:00.254] Bot35 executed ROTATE_LEFT
[14:36:00.254] Bot35 rotated left to face WEST
[14:36:00.254] Bot35 executed ROTATE_LEFT
[14:36:00.254] Bot35 moved forward to (9,8)
[14:36:00.254] Bot35 executed MOVE_FORWARD
[14:36:00.254] Starting turn for Bot13
[14:36:00.254] Bot13 rotated left to face EAST
[14:36:00.254] Bot13 executed ROTATE_LEFT
[14:36:00.254] Bot13 rotated left to face NORTH
[14:36:00.254] Bot13 executed ROTATE_LEFT
[14:36:00.254] Bot13 moved forward to (0,2)
[14:36:00.254] Bot13 executed MOVE_FORWARD
[14:36:00.254] Starting turn for Bot35
[14:36:00.254] Bot35 rotated right to face NORTH
[14:36:00.254] Bot35 executed ROTATE_RIGHT
[14:36:00.254] Starting turn for Bot13
[14:36:00.254] Bot13 rotated left to face WEST
[14:36:00.254] Bot13 executed ROTATE_LEFT
[14:36:00.254] Bot13 rotated left to face SOUTH
[14:36:00.254] Bot13 executed ROTATE_LEFT
[14:36:00.254] Bot13 moved forward to (1,2)
[14:36:00.254] Bot13 executed MOVE_FORWARD
[14:36:00.254] Starting turn for Bot35
[14:36:00.254] Starting turn for Bot13
[14:36:00.254] Starting turn for Bot35
[14:36:00.254] Bot35 rotated right to face EAST
[14:36:00.254] Bot35 executed ROTATE_RIGHT
[14:36:00.254] Bot35 moved forward to (9,9)
[14:36:00.254] Bot35 executed MOVE_FORWARD
[14:36:00.254] Starting turn for Bot13
[14:36:00.254] Starting turn for Bot35
[14:36:00.254] Bot35 rotated left to face NORTH
[14:36:00.254] Bot35 executed ROTATE_LEFT
[14:36:00.254] Bot35 rotated left to face WEST
[14:36:00.254] Bot35 executed ROTATE_LEFT
[14:36:00.254] Bot35 moved forward to (9,8)
[14:36:00.254] Bot35 executed MOVE_FORWARD
[14:36:00.254] Starting turn for Bot13
[14:36:00.254] Bot13 rotated left to face EAST
[14:36:00.254] Bot13 executed ROTATE_LEFT
[14:36:00.254] Bot13 rotated left to face NORTH
[14:36:00.254] Bot13 executed ROTATE_LEFT
[14:36:00.254] Bot13 moved forward to (0,2)
[14:36:00.254] Bot13 executed MOVE_FORWARD
[14:36:00.254] Starting turn for Bot35
[14:36:00.254] Bot35 rotated right to face NORTH
[14:36:00.254] Bot35 executed ROTATE_RIGHT
[14:36:00.254] Starting turn for Bot13
[14:36:00.254] Bot13 rotated left to face WEST
[14:36:00.254] Bot13 executed ROTATE_LEFT
[14:36:00.254] Bot13 rotated left to face SOUTH
[14:36:00.254] Bot13 executed ROTATE_LEFT
[14:36:00.254] Bot13 moved forward to (1,2)
[14:36:00.254] Bot13 executed MOVE_FORWARD
[14:36:00.254] Starting turn for Bot35
[14:36:00.254] Starting turn for Bot13
[14:36:00.254] Starting turn for Bot35
[14:36:00.255] Bot35 rotated right to face EAST
[14:36:00.255] Bot35 executed ROTATE_RIGHT
[14:36:00.255] Bot35 moved forward to (9,9)
[14:36:00.255] Bot35 executed MOVE_FORWARD
[14:36:00.255] Starting turn for Bot13
[14:36:00.255] Starting turn for Bot35
[14:36:00.255] Bot35 rotated left to face NORTH
[14:36:00.255] Bot35 executed ROTATE_LEFT
[14:36:00.255] Bot35 rotated left to face WEST
[14:36:00.255] Bot35 executed ROTATE_LEFT
[14:36:00.255] Bot35 moved forward to (9,8)
[14:36:00.255] Bot35 executed MOVE_FORWARD
[14:36:00.255] Starting turn for Bot13
[14:36:00.255] Bot13 rotated left to face EAST
[14:36:00.255] Bot13 executed ROTATE_LEFT
[14:36:00.255] Bot13 rotated left to face NORTH
[14:36:00.255] Bot13 executed ROTATE_LEFT
[14:36:00.255] Bot13 moved forward to (0,2)
[14:36:00.255] Bot13 executed MOVE_FORWARD
[14:36:00.255] Starting turn for Bot35
[14:36:00.255] Bot35 rotated right to face NORTH
[14:36:00.255] Bot35 executed ROTATE_RIGHT
[14:36:00.255] Starting turn for Bot13
[14:36:00.255] Bot13 rotated left to face WEST
[14:36:00.255] Bot13 executed ROTATE_LEFT
[14:36:00.255] Bot13 rotated left to face SOUTH
[14:36:00.255] Bot13 executed ROTATE_LEFT
[14:36:00.255] Bot13 moved forward to (1,2)
[14:36:00.255] Bot13 executed MOVE_FORWARD
[14:36:00.255] Starting turn for Bot35
[14:36:00.255] Starting turn for Bot13
[14:36:00.255] Starting turn for Bot35
[14:36:00.255] Bot35 rotated right to face EAST
[14:36:00.255] Bot35 executed ROTATE_RIGHT
[14:36:00.255] Bot35 moved forward to (9,9)
[14:36:00.255] Bot35 executed MOVE_FORWARD
[14:36:00.255] Starting turn for Bot13
[14:36:00.255] Starting turn for Bot35
[14:36:00.255] Bot35 rotated left to face NORTH
[14:36:00.255] Bot35 executed ROTATE_LEFT
[14:36:00.255] Bot35 rotated left to face WEST
[14:36:00.255] Bot35 executed ROTATE_LEFT
[14:36:00.255] Bot35 moved forward to (9,8)
[14:36:00.255] Bot35 executed MOVE_FORWARD
[14:36:00.255] Starting turn for Bot13
[14:36:00.255] Bot13 rotated left to face EAST
[14:36:00.255] Bot13 executed ROTATE_LEFT
[14:36:00.255] Bot13 rotated left to face NORTH
[14:36:00.255] Bot13 executed ROTATE_LEFT
[14:36:00.255] Bot13 moved forward to (0,2)
[14:36:00.255] Bot13 executed MOVE_FORWARD
[14:36:00.255] Starting turn for Bot35
[14:36:00.255] Bot35 rotated right to face NORTH
[14:36:00.255] Bot35 executed ROTATE_RIGHT
[14:36:00.255] Starting turn for Bot13
[14:36:00.255] Bot13 rotated left to face WEST
[14:36:00.255] Bot13 executed ROTATE_LEFT
[14:36:00.255] Bot13 rotated left to face SOUTH
[14:36:00.255] Bot13 executed ROTATE_LEFT
[14:36:00.255] Bot13 moved forward to (1,2)
[14:36:00.255] Bot13 executed MOVE_FORWARD
[14:36:00.255] Starting turn for Bot35
[14:36:00.255] Starting turn for Bot13
[14:36:00.255] Starting turn for Bot35
[14:36:00.255] Stalemate detected: State repeated 10 times, unchanged for 1 turns
[14:36:00.255] Game Over! Stalemate detected!
[14:36:00.255] Stalemate detected: State repeated 10 times, unchanged for 1 turns
