[14:36:11.177] === Game Started at 2025-02-04_14-36-11 ===
[14:36:11.177] Game initialized with 2 players
[14:36:11.177] Board size: 10
[14:36:11.177] Obstacle density: 0.05
[14:36:11.177] Max turns: 1000
[14:36:11.177] Player Bot25 starting at position (0,0) facing EAST
[14:36:11.177] Player Bot30 starting at position (9,9) facing NORTH
[14:36:11.177] Obstacles at positions: (2,3) (6,4) (7,5) (8,3) (9,3)
[14:36:11.177] Starting turn for Bot25
[14:36:11.177] Bot25 moved forward to (0,1)
[14:36:11.177] Bot25 executed MOVE_FORWARD
[14:36:11.177] Starting turn for Bot30
[14:36:11.177] Bot30 rotated left to face WEST
[14:36:11.177] Bot30 executed ROTATE_LEFT
[14:36:11.177] Bot30 moved forward to (9,8)
[14:36:11.177] Bot30 executed MOVE_FORWARD
[14:36:11.177] Starting turn for Bot25
[14:36:11.177] Bot25 rotated right to face SOUTH
[14:36:11.177] Bot25 executed ROTATE_RIGHT
[14:36:11.177] Bot25 moved forward to (1,1)
[14:36:11.177] Bot25 executed MOVE_FORWARD
[14:36:11.177] Starting turn for Bot30
[14:36:11.177] Bot30 rotated right to face NORTH
[14:36:11.177] Bot30 executed ROTATE_RIGHT
[14:36:11.177] Bot30 moved forward to (8,8)
[14:36:11.177] Bot30 executed MOVE_FORWARD
[14:36:11.177] Starting turn for Bot25
[14:36:11.177] Bot25 rotated left to face EAST
[14:36:11.177] Bot25 executed ROTATE_LEFT
[14:36:11.178] Bot25 moved forward to (1,2)
[14:36:11.178] Bot25 executed MOVE_FORWARD
[14:36:11.178] Starting turn for Bot30
[14:36:11.178] Bot30 rotated left to face WEST
[14:36:11.178] Bot30 executed ROTATE_LEFT
[14:36:11.178] Bot30 moved forward to (8,7)
[14:36:11.178] Bot30 executed MOVE_FORWARD
[14:36:11.178] Starting turn for Bot25
[14:36:11.178] Bot25 rotated right to face SOUTH
[14:36:11.178] Bot25 executed ROTATE_RIGHT
[14:36:11.178] Bot25 moved forward to (2,2)
[14:36:11.178] Bot25 executed MOVE_FORWARD
[14:36:11.178] Starting turn for Bot30
[14:36:11.178] Bot30 rotated right to face NORTH
[14:36:11.178] Bot30 executed ROTATE_RIGHT
[14:36:11.178] Bot30 moved forward to (7,7)
[14:36:11.178] Bot30 executed MOVE_FORWARD
[14:36:11.178] Starting turn for Bot25
[14:36:11.178] Bot25 rotated left to face EAST
[14:36:11.178] Bot25 executed ROTATE_LEFT
[14:36:11.178] Starting turn for Bot30
[14:36:11.178] Bot30 rotated left to face WEST
[14:36:11.178] Bot30 executed ROTATE_LEFT
[14:36:11.178] Bot30 moved forward to (7,6)
[14:36:11.178] Bot30 executed MOVE_FORWARD
[14:36:11.178] Starting turn for Bot25
[14:36:11.178] Starting turn for Bot30
[14:36:11.178] Bot30 rotated right to face NORTH
[14:36:11.178] Bot30 executed ROTATE_RIGHT
[14:36:11.178] Bot30 moved forward to (6,6)
[14:36:11.178] Bot30 executed MOVE_FORWARD
[14:36:11.178] Starting turn for Bot25
[14:36:11.178] Bot25 rotated left to face NORTH
[14:36:11.178] Bot25 executed ROTATE_LEFT
[14:36:11.178] Bot25 moved forward to (1,2)
[14:36:11.178] Bot25 executed MOVE_FORWARD
[14:36:11.178] Starting turn for Bot30
[14:36:11.178] Bot30 rotated left to face WEST
[14:36:11.178] Bot30 executed ROTATE_LEFT
[14:36:11.178] Bot30 moved forward to (6,5)
[14:36:11.178] Bot30 executed MOVE_FORWARD
[14:36:11.178] Starting turn for Bot25
[14:36:11.178] Bot25 rotated left to face WEST
[14:36:11.178] Bot25 executed ROTATE_LEFT
[14:36:11.178] Bot25 rotated left to face SOUTH
[14:36:11.178] Bot25 executed ROTATE_LEFT
[14:36:11.178] Bot25 moved forward to (2,2)
[14:36:11.178] Bot25 executed MOVE_FORWARD
[14:36:11.178] Starting turn for Bot30
[14:36:11.178] Bot30 rotated right to face NORTH
[14:36:11.178] Bot30 executed ROTATE_RIGHT
[14:36:11.178] Bot30 moved forward to (5,5)
[14:36:11.178] Bot30 executed MOVE_FORWARD
[14:36:11.178] Starting turn for Bot25
[14:36:11.178] Bot25 rotated left to face EAST
[14:36:11.178] Bot25 executed ROTATE_LEFT
[14:36:11.178] Starting turn for Bot30
[14:36:11.178] Starting turn for Bot25
[14:36:11.178] Starting turn for Bot30
[14:36:11.178] Starting turn for Bot25
[14:36:11.178] Bot25 rotated left to face NORTH
[14:36:11.178] Bot25 executed ROTATE_LEFT
[14:36:11.178] Bot25 moved forward to (1,2)
[14:36:11.178] Bot25 executed MOVE_FORWARD
[14:36:11.178] Starting turn for Bot30
[14:36:11.178] Starting turn for Bot25
[14:36:11.178] Bot25 rotated left to face WEST
[14:36:11.178] Bot25 executed ROTATE_LEFT
[14:36:11.178] Bot25 rotated left to face SOUTH
[14:36:11.178] Bot25 executed ROTATE_LEFT
[14:36:11.178] Bot25 moved forward to (2,2)
[14:36:11.178] Bot25 executed MOVE_FORWARD
[14:36:11.178] Starting turn for Bot30
[14:36:11.178] Starting turn for Bot25
[14:36:11.178] Bot25 rotated left to face EAST
[14:36:11.178] Bot25 executed ROTATE_LEFT
[14:36:11.178] Starting turn for Bot30
[14:36:11.178] Starting turn for Bot25
[14:36:11.178] Starting turn for Bot30
[14:36:11.178] Starting turn for Bot25
[14:36:11.178] Bot25 rotated left to face NORTH
[14:36:11.178] Bot25 executed ROTATE_LEFT
[14:36:11.178] Bot25 moved forward to (1,2)
[14:36:11.178] Bot25 executed MOVE_FORWARD
[14:36:11.178] Starting turn for Bot30
[14:36:11.178] Starting turn for Bot25
[14:36:11.178] Bot25 rotated left to face WEST
[14:36:11.178] Bot25 executed ROTATE_LEFT
[14:36:11.178] Bot25 rotated left to face SOUTH
[14:36:11.178] Bot25 executed ROTATE_LEFT
[14:36:11.178] Bot25 moved forward to (2,2)
[14:36:11.178] Bot25 executed MOVE_FORWARD
[14:36:11.178] Starting turn for Bot30
[14:36:11.178] Starting turn for Bot25
[14:36:11.178] Bot25 rotated left to face EAST
[14:36:11.178] Bot25 executed ROTATE_LEFT
[14:36:11.178] Starting turn for Bot30
[14:36:11.178] Starting turn for Bot25
[14:36:11.178] Starting turn for Bot30
[14:36:11.178] Starting turn for Bot25
[14:36:11.178] Bot25 rotated left to face NORTH
[14:36:11.178] Bot25 executed ROTATE_LEFT
[14:36:11.178] Bot25 moved forward to (1,2)
[14:36:11.178] Bot25 executed MOVE_FORWARD
[14:36:11.178] Starting turn for Bot30
[14:36:11.178] Starting turn for Bot25
[14:36:11.178] Bot25 rotated left to face WEST
[14:36:11.178] Bot25 executed ROTATE_LEFT
[14:36:11.178] Bot25 rotated left to face SOUTH
[14:36:11.178] Bot25 executed ROTATE_LEFT
[14:36:11.178] Bot25 moved forward to (2,2)
[14:36:11.178] Bot25 executed MOVE_FORWARD
[14:36:11.178] Starting turn for Bot30
[14:36:11.178] Starting turn for Bot25
[14:36:11.178] Bot25 rotated left to face EAST
[14:36:11.178] Bot25 executed ROTATE_LEFT
[14:36:11.178] Starting turn for Bot30
[14:36:11.178] Stalemate detected: State repeated 10 times, unchanged for 1 turns
[14:36:11.178] Game Over! Stalemate detected!
[14:36:11.178] Stalemate detected: State repeated 10 times, unchanged for 1 turns
