[14:36:07.441] === Game Started at 2025-02-04_14-36-07 ===
[14:36:07.441] Game initialized with 2 players
[14:36:07.441] Board size: 10
[14:36:07.441] Obstacle density: 0.05
[14:36:07.441] Max turns: 1000
[14:36:07.441] Player Bot20 starting at position (0,0) facing EAST
[14:36:07.441] Player Bot29 starting at position (9,9) facing SOUTH
[14:36:07.441] Obstacles at positions: (1,2) (1,3) (5,3) (5,7) (8,9)
[14:36:07.441] Starting turn for Bot20
[14:36:07.441] Bot20 moved forward to (0,1)
[14:36:07.441] Bot20 executed MOVE_FORWARD
[14:36:07.441] Starting turn for Bot29
[14:36:07.441] Bot29 rotated right to face WEST
[14:36:07.441] Bot29 executed ROTATE_RIGHT
[14:36:07.441] Bot29 moved forward to (9,8)
[14:36:07.441] Bot29 executed MOVE_FORWARD
[14:36:07.441] Starting turn for Bot20
[14:36:07.441] Bot20 rotated right to face SOUTH
[14:36:07.441] Bot20 executed ROTATE_RIGHT
[14:36:07.441] Bot20 moved forward to (1,1)
[14:36:07.441] Bot20 executed MOVE_FORWARD
[14:36:07.441] Starting turn for Bot29
[14:36:07.441] Bot29 rotated right to face NORTH
[14:36:07.441] Bot29 executed ROTATE_RIGHT
[14:36:07.441] Bot29 moved forward to (8,8)
[14:36:07.441] Bot29 executed MOVE_FORWARD
[14:36:07.441] Starting turn for Bot20
[14:36:07.441] Bot20 rotated left to face EAST
[14:36:07.441] Bot20 executed ROTATE_LEFT
[14:36:07.441] Starting turn for Bot29
[14:36:07.441] Bot29 rotated left to face WEST
[14:36:07.441] Bot29 executed ROTATE_LEFT
[14:36:07.441] Bot29 moved forward to (8,7)
[14:36:07.441] Bot29 executed MOVE_FORWARD
[14:36:07.441] Starting turn for Bot20
[14:36:07.441] Starting turn for Bot29
[14:36:07.441] Bot29 rotated right to face NORTH
[14:36:07.441] Bot29 executed ROTATE_RIGHT
[14:36:07.441] Bot29 moved forward to (7,7)
[14:36:07.441] Bot29 executed MOVE_FORWARD
[14:36:07.441] Starting turn for Bot20
[14:36:07.441] Bot20 rotated left to face NORTH
[14:36:07.441] Bot20 executed ROTATE_LEFT
[14:36:07.441] Bot20 moved forward to (0,1)
[14:36:07.441] Bot20 executed MOVE_FORWARD
[14:36:07.441] Starting turn for Bot29
[14:36:07.441] Bot29 rotated left to face WEST
[14:36:07.441] Bot29 executed ROTATE_LEFT
[14:36:07.441] Bot29 moved forward to (7,6)
[14:36:07.441] Bot29 executed MOVE_FORWARD
[14:36:07.441] Starting turn for Bot20
[14:36:07.441] Bot20 rotated left to face WEST
[14:36:07.441] Bot20 executed ROTATE_LEFT
[14:36:07.441] Bot20 rotated left to face SOUTH
[14:36:07.441] Bot20 executed ROTATE_LEFT
[14:36:07.441] Bot20 moved forward to (1,1)
[14:36:07.441] Bot20 executed MOVE_FORWARD
[14:36:07.441] Starting turn for Bot29
[14:36:07.441] Bot29 rotated right to face NORTH
[14:36:07.441] Bot29 executed ROTATE_RIGHT
[14:36:07.441] Bot29 moved forward to (6,6)
[14:36:07.441] Bot29 executed MOVE_FORWARD
[14:36:07.441] Starting turn for Bot20
[14:36:07.441] Bot20 rotated left to face EAST
[14:36:07.441] Bot20 executed ROTATE_LEFT
[14:36:07.441] Starting turn for Bot29
[14:36:07.441] Bot29 rotated left to face WEST
[14:36:07.441] Bot29 executed ROTATE_LEFT
[14:36:07.441] Bot29 moved forward to (6,5)
[14:36:07.441] Bot29 executed MOVE_FORWARD
[14:36:07.441] Starting turn for Bot20
[14:36:07.441] Starting turn for Bot29
[14:36:07.441] Bot29 rotated right to face NORTH
[14:36:07.441] Bot29 executed ROTATE_RIGHT
[14:36:07.441] Bot29 moved forward to (5,5)
[14:36:07.441] Bot29 executed MOVE_FORWARD
[14:36:07.441] Starting turn for Bot20
[14:36:07.441] Bot20 rotated left to face NORTH
[14:36:07.441] Bot20 executed ROTATE_LEFT
[14:36:07.441] Bot20 moved forward to (0,1)
[14:36:07.441] Bot20 executed MOVE_FORWARD
[14:36:07.441] Starting turn for Bot29
[14:36:07.441] Starting turn for Bot20
[14:36:07.441] Bot20 rotated left to face WEST
[14:36:07.441] Bot20 executed ROTATE_LEFT
[14:36:07.441] Bot20 rotated left to face SOUTH
[14:36:07.441] Bot20 executed ROTATE_LEFT
[14:36:07.441] Bot20 moved forward to (1,1)
[14:36:07.441] Bot20 executed MOVE_FORWARD
[14:36:07.441] Starting turn for Bot29
[14:36:07.441] Starting turn for Bot20
[14:36:07.441] Bot20 rotated left to face EAST
[14:36:07.441] Bot20 executed ROTATE_LEFT
[14:36:07.441] Starting turn for Bot29
[14:36:07.442] Starting turn for Bot20
[14:36:07.442] Starting turn for Bot29
[14:36:07.442] Starting turn for Bot20
[14:36:07.442] Bot20 rotated left to face NORTH
[14:36:07.442] Bot20 executed ROTATE_LEFT
[14:36:07.442] Bot20 moved forward to (0,1)
[14:36:07.442] Bot20 executed MOVE_FORWARD
[14:36:07.442] Starting turn for Bot29
[14:36:07.442] Starting turn for Bot20
[14:36:07.442] Bot20 rotated left to face WEST
[14:36:07.442] Bot20 executed ROTATE_LEFT
[14:36:07.442] Bot20 rotated left to face SOUTH
[14:36:07.442] Bot20 executed ROTATE_LEFT
[14:36:07.442] Bot20 moved forward to (1,1)
[14:36:07.442] Bot20 executed MOVE_FORWARD
[14:36:07.442] Starting turn for Bot29
[14:36:07.442] Starting turn for Bot20
[14:36:07.442] Bot20 rotated left to face EAST
[14:36:07.442] Bot20 executed ROTATE_LEFT
[14:36:07.442] Starting turn for Bot29
[14:36:07.442] Starting turn for Bot20
[14:36:07.442] Starting turn for Bot29
[14:36:07.442] Starting turn for Bot20
[14:36:07.442] Bot20 rotated left to face NORTH
[14:36:07.442] Bot20 executed ROTATE_LEFT
[14:36:07.442] Bot20 moved forward to (0,1)
[14:36:07.442] Bot20 executed MOVE_FORWARD
[14:36:07.442] Starting turn for Bot29
[14:36:07.442] Starting turn for Bot20
[14:36:07.442] Bot20 rotated left to face WEST
[14:36:07.442] Bot20 executed ROTATE_LEFT
[14:36:07.442] Bot20 rotated left to face SOUTH
[14:36:07.442] Bot20 executed ROTATE_LEFT
[14:36:07.442] Bot20 moved forward to (1,1)
[14:36:07.442] Bot20 executed MOVE_FORWARD
[14:36:07.442] Starting turn for Bot29
[14:36:07.442] Starting turn for Bot20
[14:36:07.442] Bot20 rotated left to face EAST
[14:36:07.442] Bot20 executed ROTATE_LEFT
[14:36:07.442] Starting turn for Bot29
[14:36:07.442] Starting turn for Bot20
[14:36:07.442] Starting turn for Bot29
[14:36:07.442] Stalemate detected: State repeated 10 times, unchanged for 3 turns
[14:36:07.442] Game Over! Stalemate detected!
[14:36:07.442] Stalemate detected: State repeated 10 times, unchanged for 3 turns
