[14:36:09.622] === Game Started at 2025-02-04_14-36-09 ===
[14:36:09.622] Game initialized with 2 players
[14:36:09.622] Board size: 10
[14:36:09.622] Obstacle density: 0.05
[14:36:09.622] Max turns: 1000
[14:36:09.622] Player Bot23 starting at position (0,0) facing EAST
[14:36:09.622] Player Bot26 starting at position (9,9) facing EAST
[14:36:09.622] Obstacles at positions: (3,0) (3,5) (6,5) (8,0) (9,8)
[14:36:09.622] Starting turn for Bot23
[14:36:09.622] Bot23 moved forward to (0,1)
[14:36:09.622] Bot23 executed MOVE_FORWARD
[14:36:09.622] Starting turn for Bot26
[14:36:09.623] Bot26 rotated left to face NORTH
[14:36:09.623] Bot26 executed ROTATE_LEFT
[14:36:09.623] Bot26 rotated left to face WEST
[14:36:09.623] Bot26 executed ROTATE_LEFT
[14:36:09.623] Starting turn for Bot23
[14:36:09.623] Bot23 rotated right to face SOUTH
[14:36:09.623] Bot23 executed ROTATE_RIGHT
[14:36:09.623] Bot23 moved forward to (1,1)
[14:36:09.623] Bot23 executed MOVE_FORWARD
[14:36:09.623] Starting turn for Bot26
[14:36:09.623] Starting turn for Bot23
[14:36:09.623] Bot23 rotated left to face EAST
[14:36:09.623] Bot23 executed ROTATE_LEFT
[14:36:09.623] Bot23 moved forward to (1,2)
[14:36:09.623] Bot23 executed MOVE_FORWARD
[14:36:09.623] Starting turn for Bot26
[14:36:09.623] Bot26 rotated right to face NORTH
[14:36:09.623] Bot26 executed ROTATE_RIGHT
[14:36:09.623] Bot26 moved forward to (8,9)
[14:36:09.623] Bot26 executed MOVE_FORWARD
[14:36:09.623] Starting turn for Bot23
[14:36:09.623] Bot23 rotated right to face SOUTH
[14:36:09.623] Bot23 executed ROTATE_RIGHT
[14:36:09.623] Bot23 moved forward to (2,2)
[14:36:09.623] Bot23 executed MOVE_FORWARD
[14:36:09.623] Starting turn for Bot26
[14:36:09.623] Bot26 rotated left to face WEST
[14:36:09.623] Bot26 executed ROTATE_LEFT
[14:36:09.623] Bot26 moved forward to (8,8)
[14:36:09.623] Bot26 executed MOVE_FORWARD
[14:36:09.623] Starting turn for Bot23
[14:36:09.623] Bot23 rotated left to face EAST
[14:36:09.623] Bot23 executed ROTATE_LEFT
[14:36:09.623] Bot23 moved forward to (2,3)
[14:36:09.623] Bot23 executed MOVE_FORWARD
[14:36:09.623] Starting turn for Bot26
[14:36:09.623] Bot26 moved forward to (8,7)
[14:36:09.623] Bot26 executed MOVE_FORWARD
[14:36:09.623] Starting turn for Bot23
[14:36:09.623] Bot23 rotated right to face SOUTH
[14:36:09.623] Bot23 executed ROTATE_RIGHT
[14:36:09.623] Bot23 moved forward to (3,3)
[14:36:09.623] Bot23 executed MOVE_FORWARD
[14:36:09.623] Starting turn for Bot26
[14:36:09.623] Bot26 rotated right to face NORTH
[14:36:09.623] Bot26 executed ROTATE_RIGHT
[14:36:09.623] Bot26 moved forward to (7,7)
[14:36:09.623] Bot26 executed MOVE_FORWARD
[14:36:09.623] Starting turn for Bot23
[14:36:09.623] Bot23 rotated left to face EAST
[14:36:09.623] Bot23 executed ROTATE_LEFT
[14:36:09.623] Bot23 moved forward to (3,4)
[14:36:09.623] Bot23 executed MOVE_FORWARD
[14:36:09.623] Starting turn for Bot26
[14:36:09.623] Bot26 rotated left to face WEST
[14:36:09.623] Bot26 executed ROTATE_LEFT
[14:36:09.623] Bot26 moved forward to (7,6)
[14:36:09.623] Bot26 executed MOVE_FORWARD
[14:36:09.623] Starting turn for Bot23
[14:36:09.623] Bot23 rotated right to face SOUTH
[14:36:09.623] Bot23 executed ROTATE_RIGHT
[14:36:09.623] Bot23 moved forward to (4,4)
[14:36:09.623] Bot23 executed MOVE_FORWARD
[14:36:09.623] Starting turn for Bot26
[14:36:09.623] Bot26 rotated right to face NORTH
[14:36:09.623] Bot26 executed ROTATE_RIGHT
[14:36:09.623] Bot26 moved forward to (6,6)
[14:36:09.623] Bot26 executed MOVE_FORWARD
[14:36:09.623] Starting turn for Bot23
[14:36:09.623] Bot23 rotated left to face EAST
[14:36:09.623] Bot23 executed ROTATE_LEFT
[14:36:09.623] Bot23 moved forward to (4,5)
[14:36:09.623] Bot23 executed MOVE_FORWARD
[14:36:09.623] Starting turn for Bot26
[14:36:09.623] Bot26 rotated left to face WEST
[14:36:09.623] Bot26 executed ROTATE_LEFT
[14:36:09.623] Starting turn for Bot23
[14:36:09.623] Bot23 rotated right to face SOUTH
[14:36:09.623] Bot23 executed ROTATE_RIGHT
[14:36:09.623] Bot23 moved forward to (5,5)
[14:36:09.623] Bot23 executed MOVE_FORWARD
[14:36:09.623] Starting turn for Bot26
[14:36:09.623] Starting turn for Bot23
[14:36:09.623] Starting turn for Bot26
[14:36:09.623] Bot26 rotated right to face NORTH
[14:36:09.623] Bot26 executed ROTATE_RIGHT
[14:36:09.623] Bot26 moved forward to (5,6)
[14:36:09.623] Bot26 executed MOVE_FORWARD
[14:36:09.623] Starting turn for Bot23
[14:36:09.623] Starting turn for Bot26
[14:36:09.623] Bot26 moved forward to (4,6)
[14:36:09.623] Bot26 executed MOVE_FORWARD
[14:36:09.623] Starting turn for Bot23
[14:36:09.623] Starting turn for Bot26
[14:36:09.623] Bot26 rotated left to face WEST
[14:36:09.623] Bot26 executed ROTATE_LEFT
[14:36:09.623] Bot26 moved forward to (4,5)
[14:36:09.623] Bot26 executed MOVE_FORWARD
[14:36:09.623] Starting turn for Bot23
[14:36:09.623] Starting turn for Bot26
[14:36:09.623] Bot26 rotated left to face SOUTH
[14:36:09.623] Bot26 executed ROTATE_LEFT
[14:36:09.623] Starting turn for Bot23
[14:36:09.623] Starting turn for Bot26
[14:36:09.623] Bot26 shooting in direction SOUTH
[14:36:09.623] Bot26 hit Bot23 for 25 damage (health: 100 -> 75)
[14:36:09.623] Bot26 executed SHOOT
[14:36:09.623] Starting turn for Bot23
[14:36:09.623] Starting turn for Bot26
[14:36:09.623] Bot26 shooting in direction SOUTH
[14:36:09.623] Bot26 hit Bot23 for 25 damage (health: 75 -> 50)
[14:36:09.623] Bot26 executed SHOOT
[14:36:09.623] Starting turn for Bot23
[14:36:09.623] Starting turn for Bot26
[14:36:09.623] Bot26 shooting in direction SOUTH
[14:36:09.623] Bot26 hit Bot23 for 25 damage (health: 50 -> 25)
[14:36:09.623] Bot26 executed SHOOT
[14:36:09.623] Starting turn for Bot23
[14:36:09.623] Starting turn for Bot26
[14:36:09.623] Bot26 shooting in direction SOUTH
[14:36:09.623] Bot26 hit Bot23 for 25 damage (health: 25 -> 0)
[14:36:09.623] Bot23 was destroyed!
[14:36:09.623] Bot26 is the last tank standing!
[14:36:09.623] Bot26 executed SHOOT
[14:36:09.623] Game Over! Bot26 wins!
[14:36:09.623] === Game Ended ===
