[14:35:50.548] === Game Started at 2025-02-04_14-35-50 ===
[14:35:50.548] Game initialized with 2 players
[14:35:50.548] Board size: 10
[14:35:50.548] Obstacle density: 0.05
[14:35:50.548] Max turns: 1000
[14:35:50.548] Player Bot35 starting at position (0,0) facing SOUTH
[14:35:50.548] Player Bot6 starting at position (9,9) facing EAST
[14:35:50.548] Obstacles at positions: (1,4) (6,0) (7,7) (8,9) (9,7)
[14:35:50.548] Starting turn for Bot35
[14:35:50.548] Bot35 rotated left to face EAST
[14:35:50.548] Bot35 executed ROTATE_LEFT
[14:35:50.548] Bot35 moved forward to (0,1)
[14:35:50.548] Bot35 executed MOVE_FORWARD
[14:35:50.548] Starting turn for Bot6
[14:35:50.548] Bot6 rotated left to face NORTH
[14:35:50.548] Bot6 executed ROTATE_LEFT
[14:35:50.548] Bot6 rotated left to face WEST
[14:35:50.548] Bot6 executed ROTATE_LEFT
[14:35:50.548] Bot6 moved forward to (9,8)
[14:35:50.548] Bot6 executed MOVE_FORWARD
[14:35:50.548] Starting turn for Bot35
[14:35:50.548] Bot35 rotated right to face SOUTH
[14:35:50.548] Bot35 executed ROTATE_RIGHT
[14:35:50.548] Bot35 moved forward to (1,1)
[14:35:50.548] Bot35 executed MOVE_FORWARD
[14:35:50.548] Starting turn for Bot6
[14:35:50.548] Bot6 rotated right to face NORTH
[14:35:50.548] Bot6 executed ROTATE_RIGHT
[14:35:50.548] Bot6 moved forward to (8,8)
[14:35:50.548] Bot6 executed MOVE_FORWARD
[14:35:50.548] Starting turn for Bot35
[14:35:50.548] Bot35 rotated left to face EAST
[14:35:50.548] Bot35 executed ROTATE_LEFT
[14:35:50.548] Bot35 moved forward to (1,2)
[14:35:50.548] Bot35 executed MOVE_FORWARD
[14:35:50.548] Starting turn for Bot6
[14:35:50.548] Bot6 rotated left to face WEST
[14:35:50.548] Bot6 executed ROTATE_LEFT
[14:35:50.548] Bot6 moved forward to (8,7)
[14:35:50.548] Bot6 executed MOVE_FORWARD
[14:35:50.548] Starting turn for Bot35
[14:35:50.548] Bot35 rotated right to face SOUTH
[14:35:50.548] Bot35 executed ROTATE_RIGHT
[14:35:50.548] Bot35 moved forward to (2,2)
[14:35:50.548] Bot35 executed MOVE_FORWARD
[14:35:50.548] Starting turn for Bot6
[14:35:50.548] Bot6 rotated right to face NORTH
[14:35:50.548] Bot6 executed ROTATE_RIGHT
[14:35:50.548] Starting turn for Bot35
[14:35:50.548] Bot35 rotated left to face EAST
[14:35:50.548] Bot35 executed ROTATE_LEFT
[14:35:50.548] Bot35 moved forward to (2,3)
[14:35:50.548] Bot35 executed MOVE_FORWARD
[14:35:50.548] Starting turn for Bot6
[14:35:50.548] Starting turn for Bot35
[14:35:50.548] Bot35 rotated right to face SOUTH
[14:35:50.548] Bot35 executed ROTATE_RIGHT
[14:35:50.548] Bot35 moved forward to (3,3)
[14:35:50.548] Bot35 executed MOVE_FORWARD
[14:35:50.548] Starting turn for Bot6
[14:35:50.548] Bot6 rotated right to face EAST
[14:35:50.548] Bot6 executed ROTATE_RIGHT
[14:35:50.548] Bot6 moved forward to (8,8)
[14:35:50.548] Bot6 executed MOVE_FORWARD
[14:35:50.548] Starting turn for Bot35
[14:35:50.548] Bot35 rotated left to face EAST
[14:35:50.548] Bot35 executed ROTATE_LEFT
[14:35:50.548] Bot35 moved forward to (3,4)
[14:35:50.548] Bot35 executed MOVE_FORWARD
[14:35:50.548] Starting turn for Bot6
[14:35:50.548] Bot6 rotated left to face NORTH
[14:35:50.548] Bot6 executed ROTATE_LEFT
[14:35:50.548] Bot6 rotated left to face WEST
[14:35:50.548] Bot6 executed ROTATE_LEFT
[14:35:50.548] Bot6 moved forward to (8,7)
[14:35:50.548] Bot6 executed MOVE_FORWARD
[14:35:50.548] Starting turn for Bot35
[14:35:50.548] Bot35 rotated right to face SOUTH
[14:35:50.549] Bot35 executed ROTATE_RIGHT
[14:35:50.549] Bot35 moved forward to (4,4)
[14:35:50.549] Bot35 executed MOVE_FORWARD
[14:35:50.549] Starting turn for Bot6
[14:35:50.549] Bot6 rotated right to face NORTH
[14:35:50.549] Bot6 executed ROTATE_RIGHT
[14:35:50.549] Starting turn for Bot35
[14:35:50.549] Bot35 rotated left to face EAST
[14:35:50.549] Bot35 executed ROTATE_LEFT
[14:35:50.549] Bot35 moved forward to (4,5)
[14:35:50.549] Bot35 executed MOVE_FORWARD
[14:35:50.549] Starting turn for Bot6
[14:35:50.549] Starting turn for Bot35
[14:35:50.549] Bot35 rotated right to face SOUTH
[14:35:50.549] Bot35 executed ROTATE_RIGHT
[14:35:50.549] Bot35 moved forward to (5,5)
[14:35:50.549] Bot35 executed MOVE_FORWARD
[14:35:50.549] Starting turn for Bot6
[14:35:50.549] Bot6 rotated right to face EAST
[14:35:50.549] Bot6 executed ROTATE_RIGHT
[14:35:50.549] Bot6 moved forward to (8,8)
[14:35:50.549] Bot6 executed MOVE_FORWARD
[14:35:50.549] Starting turn for Bot35
[14:35:50.549] Starting turn for Bot6
[14:35:50.549] Bot6 rotated left to face NORTH
[14:35:50.549] Bot6 executed ROTATE_LEFT
[14:35:50.549] Bot6 rotated left to face WEST
[14:35:50.549] Bot6 executed ROTATE_LEFT
[14:35:50.549] Bot6 moved forward to (8,7)
[14:35:50.549] Bot6 executed MOVE_FORWARD
[14:35:50.549] Starting turn for Bot35
[14:35:50.549] Starting turn for Bot6
[14:35:50.549] Bot6 rotated right to face NORTH
[14:35:50.549] Bot6 executed ROTATE_RIGHT
[14:35:50.549] Starting turn for Bot35
[14:35:50.549] Starting turn for Bot6
[14:35:50.549] Starting turn for Bot35
[14:35:50.549] Starting turn for Bot6
[14:35:50.549] Bot6 rotated right to face EAST
[14:35:50.549] Bot6 executed ROTATE_RIGHT
[14:35:50.549] Bot6 moved forward to (8,8)
[14:35:50.549] Bot6 executed MOVE_FORWARD
[14:35:50.549] Starting turn for Bot35
[14:35:50.549] Starting turn for Bot6
[14:35:50.549] Bot6 rotated left to face NORTH
[14:35:50.549] Bot6 executed ROTATE_LEFT
[14:35:50.549] Bot6 rotated left to face WEST
[14:35:50.549] Bot6 executed ROTATE_LEFT
[14:35:50.549] Bot6 moved forward to (8,7)
[14:35:50.549] Bot6 executed MOVE_FORWARD
[14:35:50.549] Starting turn for Bot35
[14:35:50.549] Starting turn for Bot6
[14:35:50.549] Bot6 rotated right to face NORTH
[14:35:50.549] Bot6 executed ROTATE_RIGHT
[14:35:50.549] Starting turn for Bot35
[14:35:50.549] Starting turn for Bot6
[14:35:50.549] Starting turn for Bot35
[14:35:50.549] Starting turn for Bot6
[14:35:50.549] Bot6 rotated right to face EAST
[14:35:50.549] Bot6 executed ROTATE_RIGHT
[14:35:50.549] Bot6 moved forward to (8,8)
[14:35:50.549] Bot6 executed MOVE_FORWARD
[14:35:50.549] Starting turn for Bot35
[14:35:50.549] Starting turn for Bot6
[14:35:50.549] Bot6 rotated left to face NORTH
[14:35:50.549] Bot6 executed ROTATE_LEFT
[14:35:50.549] Bot6 rotated left to face WEST
[14:35:50.549] Bot6 executed ROTATE_LEFT
[14:35:50.549] Bot6 moved forward to (8,7)
[14:35:50.549] Bot6 executed MOVE_FORWARD
[14:35:50.549] Starting turn for Bot35
[14:35:50.549] Starting turn for Bot6
[14:35:50.549] Bot6 rotated right to face NORTH
[14:35:50.549] Bot6 executed ROTATE_RIGHT
[14:35:50.549] Starting turn for Bot35
[14:35:50.549] Stalemate detected: State repeated 10 times, unchanged for 1 turns
[14:35:50.549] Game Over! Stalemate detected!
[14:35:50.549] Stalemate detected: State repeated 10 times, unchanged for 1 turns
