[14:36:01.445] === Game Started at 2025-02-04_14-36-01 ===
[14:36:01.445] Game initialized with 2 players
[14:36:01.445] Board size: 10
[14:36:01.445] Obstacle density: 0.05
[14:36:01.445] Max turns: 1000
[14:36:01.445] Player Bot32 starting at position (0,0) facing EAST
[14:36:01.445] Player Bot14 starting at position (9,9) facing WEST
[14:36:01.445] Obstacles at positions: (0,5) (3,4) (8,5) (9,1) (9,8)
[14:36:01.445] Starting turn for Bot32
[14:36:01.445] Bot32 moved forward to (0,1)
[14:36:01.445] Bot32 executed MOVE_FORWARD
[14:36:01.445] Starting turn for Bot14
[14:36:01.445] Starting turn for Bot32
[14:36:01.445] Bot32 rotated right to face SOUTH
[14:36:01.445] Bot32 executed ROTATE_RIGHT
[14:36:01.445] Bot32 moved forward to (1,1)
[14:36:01.446] Bot32 executed MOVE_FORWARD
[14:36:01.446] Starting turn for Bot14
[14:36:01.446] Starting turn for Bot32
[14:36:01.446] Bot32 rotated left to face EAST
[14:36:01.446] Bot32 executed ROTATE_LEFT
[14:36:01.446] Bot32 moved forward to (1,2)
[14:36:01.446] Bot32 executed MOVE_FORWARD
[14:36:01.446] Starting turn for Bot14
[14:36:01.446] Bot14 rotated right to face NORTH
[14:36:01.446] Bot14 executed ROTATE_RIGHT
[14:36:01.446] Bot14 moved forward to (8,9)
[14:36:01.446] Bot14 executed MOVE_FORWARD
[14:36:01.446] Starting turn for Bot32
[14:36:01.446] Bot32 rotated right to face SOUTH
[14:36:01.446] Bot32 executed ROTATE_RIGHT
[14:36:01.446] Bot32 moved forward to (2,2)
[14:36:01.446] Bot32 executed MOVE_FORWARD
[14:36:01.446] Starting turn for Bot14
[14:36:01.446] Bot14 rotated left to face WEST
[14:36:01.446] Bot14 executed ROTATE_LEFT
[14:36:01.446] Bot14 moved forward to (8,8)
[14:36:01.446] Bot14 executed MOVE_FORWARD
[14:36:01.446] Starting turn for Bot32
[14:36:01.446] Bot32 rotated left to face EAST
[14:36:01.446] Bot32 executed ROTATE_LEFT
[14:36:01.446] Bot32 moved forward to (2,3)
[14:36:01.446] Bot32 executed MOVE_FORWARD
[14:36:01.446] Starting turn for Bot14
[14:36:01.446] Bot14 moved forward to (8,7)
[14:36:01.446] Bot14 executed MOVE_FORWARD
[14:36:01.446] Starting turn for Bot32
[14:36:01.446] Bot32 rotated right to face SOUTH
[14:36:01.446] Bot32 executed ROTATE_RIGHT
[14:36:01.446] Bot32 moved forward to (3,3)
[14:36:01.446] Bot32 executed MOVE_FORWARD
[14:36:01.446] Starting turn for Bot14
[14:36:01.446] Bot14 rotated right to face NORTH
[14:36:01.446] Bot14 executed ROTATE_RIGHT
[14:36:01.446] Bot14 moved forward to (7,7)
[14:36:01.446] Bot14 executed MOVE_FORWARD
[14:36:01.446] Starting turn for Bot32
[14:36:01.446] Bot32 rotated left to face EAST
[14:36:01.446] Bot32 executed ROTATE_LEFT
[14:36:01.446] Starting turn for Bot14
[14:36:01.446] Bot14 rotated left to face WEST
[14:36:01.446] Bot14 executed ROTATE_LEFT
[14:36:01.446] Bot14 moved forward to (7,6)
[14:36:01.446] Bot14 executed MOVE_FORWARD
[14:36:01.446] Starting turn for Bot32
[14:36:01.446] Starting turn for Bot14
[14:36:01.446] Bot14 rotated right to face NORTH
[14:36:01.446] Bot14 executed ROTATE_RIGHT
[14:36:01.446] Bot14 moved forward to (6,6)
[14:36:01.446] Bot14 executed MOVE_FORWARD
[14:36:01.446] Starting turn for Bot32
[14:36:01.446] Bot32 rotated left to face NORTH
[14:36:01.446] Bot32 executed ROTATE_LEFT
[14:36:01.446] Bot32 moved forward to (2,3)
[14:36:01.446] Bot32 executed MOVE_FORWARD
[14:36:01.446] Starting turn for Bot14
[14:36:01.446] Bot14 rotated left to face WEST
[14:36:01.446] Bot14 executed ROTATE_LEFT
[14:36:01.446] Bot14 moved forward to (6,5)
[14:36:01.446] Bot14 executed MOVE_FORWARD
[14:36:01.446] Starting turn for Bot32
[14:36:01.446] Bot32 rotated left to face WEST
[14:36:01.446] Bot32 executed ROTATE_LEFT
[14:36:01.446] Bot32 rotated left to face SOUTH
[14:36:01.446] Bot32 executed ROTATE_LEFT
[14:36:01.446] Bot32 moved forward to (3,3)
[14:36:01.446] Bot32 executed MOVE_FORWARD
[14:36:01.446] Starting turn for Bot14
[14:36:01.446] Bot14 rotated right to face NORTH
[14:36:01.446] Bot14 executed ROTATE_RIGHT
[14:36:01.446] Bot14 moved forward to (5,5)
[14:36:01.446] Bot14 executed MOVE_FORWARD
[14:36:01.446] Starting turn for Bot32
[14:36:01.446] Bot32 rotated left to face EAST
[14:36:01.446] Bot32 executed ROTATE_LEFT
[14:36:01.446] Starting turn for Bot14
[14:36:01.446] Starting turn for Bot32
[14:36:01.446] Starting turn for Bot14
[14:36:01.446] Starting turn for Bot32
[14:36:01.446] Bot32 rotated left to face NORTH
[14:36:01.446] Bot32 executed ROTATE_LEFT
[14:36:01.446] Bot32 moved forward to (2,3)
[14:36:01.446] Bot32 executed MOVE_FORWARD
[14:36:01.446] Starting turn for Bot14
[14:36:01.446] Starting turn for Bot32
[14:36:01.446] Bot32 rotated left to face WEST
[14:36:01.446] Bot32 executed ROTATE_LEFT
[14:36:01.446] Bot32 rotated left to face SOUTH
[14:36:01.446] Bot32 executed ROTATE_LEFT
[14:36:01.446] Bot32 moved forward to (3,3)
[14:36:01.446] Bot32 executed MOVE_FORWARD
[14:36:01.446] Starting turn for Bot14
[14:36:01.446] Starting turn for Bot32
[14:36:01.446] Bot32 rotated left to face EAST
[14:36:01.446] Bot32 executed ROTATE_LEFT
[14:36:01.446] Starting turn for Bot14
[14:36:01.446] Starting turn for Bot32
[14:36:01.446] Starting turn for Bot14
[14:36:01.446] Starting turn for Bot32
[14:36:01.446] Bot32 rotated left to face NORTH
[14:36:01.446] Bot32 executed ROTATE_LEFT
[14:36:01.446] Bot32 moved forward to (2,3)
[14:36:01.446] Bot32 executed MOVE_FORWARD
[14:36:01.446] Starting turn for Bot14
[14:36:01.446] Starting turn for Bot32
[14:36:01.446] Bot32 rotated left to face WEST
[14:36:01.446] Bot32 executed ROTATE_LEFT
[14:36:01.446] Bot32 rotated left to face SOUTH
[14:36:01.446] Bot32 executed ROTATE_LEFT
[14:36:01.446] Bot32 moved forward to (3,3)
[14:36:01.446] Bot32 executed MOVE_FORWARD
[14:36:01.446] Starting turn for Bot14
[14:36:01.446] Starting turn for Bot32
[14:36:01.446] Bot32 rotated left to face EAST
[14:36:01.446] Bot32 executed ROTATE_LEFT
[14:36:01.446] Starting turn for Bot14
[14:36:01.446] Starting turn for Bot32
[14:36:01.446] Starting turn for Bot14
[14:36:01.446] Stalemate detected: State repeated 10 times, unchanged for 3 turns
[14:36:01.446] Game Over! Stalemate detected!
[14:36:01.446] Stalemate detected: State repeated 10 times, unchanged for 3 turns
