[14:36:12.111] === Game Started at 2025-02-04_14-36-12 ===
[14:36:12.111] Game initialized with 2 players
[14:36:12.111] Board size: 10
[14:36:12.111] Obstacle density: 0.05
[14:36:12.111] Max turns: 1000
[14:36:12.111] Player Bot36 starting at position (0,0) facing NORTH
[14:36:12.111] Player Bot26 starting at position (9,9) facing WEST
[14:36:12.111] Obstacles at positions: (4,5) (6,8) (7,7) (8,1) (9,1)
[14:36:12.111] Starting turn for Bot36
[14:36:12.111] Bot36 rotated right to face EAST
[14:36:12.111] Bot36 executed ROTATE_RIGHT
[14:36:12.111] Bot36 moved forward to (0,1)
[14:36:12.111] Bot36 executed MOVE_FORWARD
[14:36:12.111] Starting turn for Bot26
[14:36:12.111] Bot26 moved forward to (9,8)
[14:36:12.111] Bot26 executed MOVE_FORWARD
[14:36:12.111] Starting turn for Bot36
[14:36:12.111] Bot36 rotated right to face SOUTH
[14:36:12.111] Bot36 executed ROTATE_RIGHT
[14:36:12.111] Bot36 moved forward to (1,1)
[14:36:12.111] Bot36 executed MOVE_FORWARD
[14:36:12.111] Starting turn for Bot26
[14:36:12.111] Bot26 rotated right to face NORTH
[14:36:12.111] Bot26 executed ROTATE_RIGHT
[14:36:12.111] Bot26 moved forward to (8,8)
[14:36:12.111] Bot26 executed MOVE_FORWARD
[14:36:12.111] Starting turn for Bot36
[14:36:12.111] Bot36 rotated left to face EAST
[14:36:12.111] Bot36 executed ROTATE_LEFT
[14:36:12.111] Bot36 moved forward to (1,2)
[14:36:12.111] Bot36 executed MOVE_FORWARD
[14:36:12.111] Starting turn for Bot26
[14:36:12.111] Bot26 rotated left to face WEST
[14:36:12.111] Bot26 executed ROTATE_LEFT
[14:36:12.111] Bot26 moved forward to (8,7)
[14:36:12.111] Bot26 executed MOVE_FORWARD
[14:36:12.111] Starting turn for Bot36
[14:36:12.111] Bot36 rotated right to face SOUTH
[14:36:12.111] Bot36 executed ROTATE_RIGHT
[14:36:12.111] Bot36 moved forward to (2,2)
[14:36:12.111] Bot36 executed MOVE_FORWARD
[14:36:12.111] Starting turn for Bot26
[14:36:12.111] Bot26 rotated right to face NORTH
[14:36:12.111] Bot26 executed ROTATE_RIGHT
[14:36:12.111] Starting turn for Bot36
[14:36:12.111] Bot36 rotated left to face EAST
[14:36:12.111] Bot36 executed ROTATE_LEFT
[14:36:12.111] Bot36 moved forward to (2,3)
[14:36:12.111] Bot36 executed MOVE_FORWARD
[14:36:12.111] Starting turn for Bot26
[14:36:12.111] Starting turn for Bot36
[14:36:12.111] Bot36 rotated right to face SOUTH
[14:36:12.111] Bot36 executed ROTATE_RIGHT
[14:36:12.111] Bot36 moved forward to (3,3)
[14:36:12.111] Bot36 executed MOVE_FORWARD
[14:36:12.111] Starting turn for Bot26
[14:36:12.111] Bot26 rotated right to face EAST
[14:36:12.111] Bot26 executed ROTATE_RIGHT
[14:36:12.111] Bot26 moved forward to (8,8)
[14:36:12.111] Bot26 executed MOVE_FORWARD
[14:36:12.111] Starting turn for Bot36
[14:36:12.111] Bot36 rotated left to face EAST
[14:36:12.111] Bot36 executed ROTATE_LEFT
[14:36:12.111] Bot36 moved forward to (3,4)
[14:36:12.111] Bot36 executed MOVE_FORWARD
[14:36:12.111] Starting turn for Bot26
[14:36:12.111] Bot26 rotated left to face NORTH
[14:36:12.111] Bot26 executed ROTATE_LEFT
[14:36:12.111] Bot26 rotated left to face WEST
[14:36:12.111] Bot26 executed ROTATE_LEFT
[14:36:12.111] Bot26 moved forward to (8,7)
[14:36:12.111] Bot26 executed MOVE_FORWARD
[14:36:12.111] Starting turn for Bot36
[14:36:12.111] Bot36 rotated right to face SOUTH
[14:36:12.111] Bot36 executed ROTATE_RIGHT
[14:36:12.111] Bot36 moved forward to (4,4)
[14:36:12.111] Bot36 executed MOVE_FORWARD
[14:36:12.111] Starting turn for Bot26
[14:36:12.111] Bot26 rotated right to face NORTH
[14:36:12.111] Bot26 executed ROTATE_RIGHT
[14:36:12.111] Starting turn for Bot36
[14:36:12.111] Bot36 rotated left to face EAST
[14:36:12.111] Bot36 executed ROTATE_LEFT
[14:36:12.111] Starting turn for Bot26
[14:36:12.111] Starting turn for Bot36
[14:36:12.111] Starting turn for Bot26
[14:36:12.111] Bot26 rotated right to face EAST
[14:36:12.111] Bot26 executed ROTATE_RIGHT
[14:36:12.111] Bot26 moved forward to (8,8)
[14:36:12.111] Bot26 executed MOVE_FORWARD
[14:36:12.111] Starting turn for Bot36
[14:36:12.111] Bot36 rotated left to face NORTH
[14:36:12.111] Bot36 executed ROTATE_LEFT
[14:36:12.111] Bot36 moved forward to (3,4)
[14:36:12.111] Bot36 executed MOVE_FORWARD
[14:36:12.111] Starting turn for Bot26
[14:36:12.111] Bot26 rotated left to face NORTH
[14:36:12.111] Bot26 executed ROTATE_LEFT
[14:36:12.111] Bot26 rotated left to face WEST
[14:36:12.111] Bot26 executed ROTATE_LEFT
[14:36:12.111] Bot26 moved forward to (8,7)
[14:36:12.111] Bot26 executed MOVE_FORWARD
[14:36:12.111] Starting turn for Bot36
[14:36:12.111] Bot36 rotated left to face WEST
[14:36:12.111] Bot36 executed ROTATE_LEFT
[14:36:12.111] Bot36 rotated left to face SOUTH
[14:36:12.111] Bot36 executed ROTATE_LEFT
[14:36:12.111] Bot36 moved forward to (4,4)
[14:36:12.111] Bot36 executed MOVE_FORWARD
[14:36:12.111] Starting turn for Bot26
[14:36:12.111] Bot26 rotated right to face NORTH
[14:36:12.111] Bot26 executed ROTATE_RIGHT
[14:36:12.111] Starting turn for Bot36
[14:36:12.111] Bot36 rotated left to face EAST
[14:36:12.111] Bot36 executed ROTATE_LEFT
[14:36:12.111] Starting turn for Bot26
[14:36:12.111] Starting turn for Bot36
[14:36:12.111] Starting turn for Bot26
[14:36:12.111] Bot26 rotated right to face EAST
[14:36:12.111] Bot26 executed ROTATE_RIGHT
[14:36:12.111] Bot26 moved forward to (8,8)
[14:36:12.111] Bot26 executed MOVE_FORWARD
[14:36:12.111] Starting turn for Bot36
[14:36:12.111] Bot36 rotated left to face NORTH
[14:36:12.111] Bot36 executed ROTATE_LEFT
[14:36:12.111] Bot36 moved forward to (3,4)
[14:36:12.111] Bot36 executed MOVE_FORWARD
[14:36:12.111] Starting turn for Bot26
[14:36:12.111] Bot26 rotated left to face NORTH
[14:36:12.111] Bot26 executed ROTATE_LEFT
[14:36:12.111] Bot26 rotated left to face WEST
[14:36:12.111] Bot26 executed ROTATE_LEFT
[14:36:12.111] Bot26 moved forward to (8,7)
[14:36:12.111] Bot26 executed MOVE_FORWARD
[14:36:12.111] Starting turn for Bot36
[14:36:12.111] Bot36 rotated left to face WEST
[14:36:12.111] Bot36 executed ROTATE_LEFT
[14:36:12.111] Bot36 rotated left to face SOUTH
[14:36:12.111] Bot36 executed ROTATE_LEFT
[14:36:12.111] Bot36 moved forward to (4,4)
[14:36:12.111] Bot36 executed MOVE_FORWARD
[14:36:12.111] Starting turn for Bot26
[14:36:12.111] Bot26 rotated right to face NORTH
[14:36:12.111] Bot26 executed ROTATE_RIGHT
[14:36:12.111] Starting turn for Bot36
[14:36:12.111] Bot36 rotated left to face EAST
[14:36:12.111] Bot36 executed ROTATE_LEFT
[14:36:12.111] Starting turn for Bot26
[14:36:12.111] Starting turn for Bot36
[14:36:12.111] Starting turn for Bot26
[14:36:12.111] Bot26 rotated right to face EAST
[14:36:12.111] Bot26 executed ROTATE_RIGHT
[14:36:12.111] Bot26 moved forward to (8,8)
[14:36:12.111] Bot26 executed MOVE_FORWARD
[14:36:12.111] Starting turn for Bot36
[14:36:12.111] Bot36 rotated left to face NORTH
[14:36:12.111] Bot36 executed ROTATE_LEFT
[14:36:12.111] Bot36 moved forward to (3,4)
[14:36:12.111] Bot36 executed MOVE_FORWARD
[14:36:12.111] Starting turn for Bot26
[14:36:12.111] Bot26 rotated left to face NORTH
[14:36:12.111] Bot26 executed ROTATE_LEFT
[14:36:12.111] Bot26 rotated left to face WEST
[14:36:12.111] Bot26 executed ROTATE_LEFT
[14:36:12.111] Bot26 moved forward to (8,7)
[14:36:12.111] Bot26 executed MOVE_FORWARD
[14:36:12.111] Starting turn for Bot36
[14:36:12.111] Bot36 rotated left to face WEST
[14:36:12.111] Bot36 executed ROTATE_LEFT
[14:36:12.111] Bot36 rotated left to face SOUTH
[14:36:12.111] Bot36 executed ROTATE_LEFT
[14:36:12.111] Bot36 moved forward to (4,4)
[14:36:12.111] Bot36 executed MOVE_FORWARD
[14:36:12.111] Starting turn for Bot26
[14:36:12.111] Bot26 rotated right to face NORTH
[14:36:12.111] Bot26 executed ROTATE_RIGHT
[14:36:12.111] Starting turn for Bot36
[14:36:12.111] Bot36 rotated left to face EAST
[14:36:12.111] Bot36 executed ROTATE_LEFT
[14:36:12.111] Starting turn for Bot26
[14:36:12.111] Stalemate detected: State repeated 10 times, unchanged for 3 turns
[14:36:12.111] Game Over! Stalemate detected!
[14:36:12.111] Stalemate detected: State repeated 10 times, unchanged for 3 turns
