[19:20:39.354] === Game Started at 2025-01-16_19-20-39 ===
[19:20:39.354] Game initialized with 2 players
[19:20:39.354] Board size: 10
[19:20:39.354] Obstacle density: 0.05
[19:20:39.354] Max turns: 1000
[19:20:39.354] Player Bot1 starting at position (0,0) facing WEST
[19:20:39.354] Player Bot3 starting at position (9,9) facing SOUTH
[19:20:39.354] Obstacles at positions: (1,6) (4,4) (4,7) (6,5) (7,0)
[19:20:39.354] Starting turn for Bot1
[19:20:39.354] Bot1 rotated left to face SOUTH
[19:20:39.354] Bot1 executed ROTATE_LEFT
[19:20:39.354] Bot1 rotated left to face EAST
[19:20:39.354] Bot1 executed ROTATE_LEFT
[19:20:39.354] Bot1 moved forward to (0,1)
[19:20:39.354] Bot1 executed MOVE_FORWARD
[19:20:39.354] Starting turn for Bot3
[19:20:39.354] Bot3 rotated right to face WEST
[19:20:39.354] Bot3 executed ROTATE_RIGHT
[19:20:39.354] Bot3 moved forward to (9,8)
[19:20:39.354] Bot3 executed MOVE_FORWARD
[19:20:39.354] Starting turn for Bot1
[19:20:39.354] Bot1 rotated right to face SOUTH
[19:20:39.354] Bot1 executed ROTATE_RIGHT
[19:20:39.355] Bot1 moved forward to (1,1)
[19:20:39.355] Bot1 executed MOVE_FORWARD
[19:20:39.355] Starting turn for Bot3
[19:20:39.355] Bot3 rotated right to face NORTH
[19:20:39.355] Bot3 executed ROTATE_RIGHT
[19:20:39.355] Bot3 moved forward to (8,8)
[19:20:39.355] Bot3 executed MOVE_FORWARD
[19:20:39.355] Starting turn for Bot1
[19:20:39.355] Bot1 rotated left to face EAST
[19:20:39.355] Bot1 executed ROTATE_LEFT
[19:20:39.355] Bot1 moved forward to (1,2)
[19:20:39.355] Bot1 executed MOVE_FORWARD
[19:20:39.355] Starting turn for Bot3
[19:20:39.355] Bot3 rotated left to face WEST
[19:20:39.355] Bot3 executed ROTATE_LEFT
[19:20:39.355] Bot3 moved forward to (8,7)
[19:20:39.355] Bot3 executed MOVE_FORWARD
[19:20:39.355] Starting turn for Bot1
[19:20:39.355] Bot1 rotated right to face SOUTH
[19:20:39.355] Bot1 executed ROTATE_RIGHT
[19:20:39.355] Bot1 moved forward to (2,2)
[19:20:39.355] Bot1 executed MOVE_FORWARD
[19:20:39.355] Starting turn for Bot3
[19:20:39.355] Bot3 rotated right to face NORTH
[19:20:39.355] Bot3 executed ROTATE_RIGHT
[19:20:39.355] Bot3 moved forward to (7,7)
[19:20:39.355] Bot3 executed MOVE_FORWARD
[19:20:39.355] Starting turn for Bot1
[19:20:39.355] Bot1 rotated left to face EAST
[19:20:39.355] Bot1 executed ROTATE_LEFT
[19:20:39.355] Bot1 moved forward to (2,3)
[19:20:39.355] Bot1 executed MOVE_FORWARD
[19:20:39.355] Starting turn for Bot3
[19:20:39.355] Bot3 rotated left to face WEST
[19:20:39.355] Bot3 executed ROTATE_LEFT
[19:20:39.355] Bot3 moved forward to (7,6)
[19:20:39.355] Bot3 executed MOVE_FORWARD
[19:20:39.355] Starting turn for Bot1
[19:20:39.355] Bot1 rotated right to face SOUTH
[19:20:39.355] Bot1 executed ROTATE_RIGHT
[19:20:39.355] Bot1 moved forward to (3,3)
[19:20:39.355] Bot1 executed MOVE_FORWARD
[19:20:39.355] Starting turn for Bot3
[19:20:39.355] Bot3 rotated right to face NORTH
[19:20:39.355] Bot3 executed ROTATE_RIGHT
[19:20:39.355] Bot3 moved forward to (6,6)
[19:20:39.355] Bot3 executed MOVE_FORWARD
[19:20:39.355] Starting turn for Bot1
[19:20:39.355] Bot1 rotated left to face EAST
[19:20:39.355] Bot1 executed ROTATE_LEFT
[19:20:39.356] Bot1 moved forward to (3,4)
[19:20:39.356] Bot1 executed MOVE_FORWARD
[19:20:39.356] Starting turn for Bot3
[19:20:39.356] Bot3 rotated left to face WEST
[19:20:39.356] Bot3 executed ROTATE_LEFT
[19:20:39.356] Starting turn for Bot1
[19:20:39.356] Bot1 rotated right to face SOUTH
[19:20:39.356] Bot1 executed ROTATE_RIGHT
[19:20:39.356] Starting turn for Bot3
[19:20:39.356] Starting turn for Bot1
[19:20:39.356] Starting turn for Bot3
[19:20:39.356] Bot3 rotated right to face NORTH
[19:20:39.356] Bot3 executed ROTATE_RIGHT
[19:20:39.356] Bot3 moved forward to (5,6)
[19:20:39.356] Bot3 executed MOVE_FORWARD
[19:20:39.356] Starting turn for Bot1
[19:20:39.356] Bot1 rotated left to face EAST
[19:20:39.356] Bot1 executed ROTATE_LEFT
[19:20:39.356] Bot1 rotated left to face NORTH
[19:20:39.356] Bot1 executed ROTATE_LEFT
[19:20:39.356] Bot1 moved forward to (2,4)
[19:20:39.356] Bot1 executed MOVE_FORWARD
[19:20:39.356] Starting turn for Bot3
[19:20:39.356] Bot3 rotated left to face WEST
[19:20:39.356] Bot3 executed ROTATE_LEFT
[19:20:39.356] Bot3 moved forward to (5,5)
[19:20:39.356] Bot3 executed MOVE_FORWARD
[19:20:39.356] Starting turn for Bot1
[19:20:39.356] Bot1 rotated left to face WEST
[19:20:39.356] Bot1 executed ROTATE_LEFT
[19:20:39.356] Bot1 rotated left to face SOUTH
[19:20:39.356] Bot1 executed ROTATE_LEFT
[19:20:39.356] Bot1 moved forward to (3,4)
[19:20:39.356] Bot1 executed MOVE_FORWARD
[19:20:39.356] Starting turn for Bot3
[19:20:39.356] Starting turn for Bot1
[19:20:39.356] Starting turn for Bot3
[19:20:39.356] Starting turn for Bot1
[19:20:39.356] Starting turn for Bot3
[19:20:39.357] Starting turn for Bot1
[19:20:39.357] Bot1 rotated left to face EAST
[19:20:39.357] Bot1 executed ROTATE_LEFT
[19:20:39.357] Bot1 rotated left to face NORTH
[19:20:39.357] Bot1 executed ROTATE_LEFT
[19:20:39.357] Bot1 moved forward to (2,4)
[19:20:39.357] Bot1 executed MOVE_FORWARD
[19:20:39.357] Starting turn for Bot3
[19:20:39.357] Starting turn for Bot1
[19:20:39.357] Bot1 rotated left to face WEST
[19:20:39.357] Bot1 executed ROTATE_LEFT
[19:20:39.357] Bot1 rotated left to face SOUTH
[19:20:39.357] Bot1 executed ROTATE_LEFT
[19:20:39.357] Bot1 moved forward to (3,4)
[19:20:39.357] Bot1 executed MOVE_FORWARD
[19:20:39.357] Starting turn for Bot3
[19:20:39.357] Starting turn for Bot1
[19:20:39.357] Starting turn for Bot3
[19:20:39.357] Starting turn for Bot1
[19:20:39.357] Starting turn for Bot3
[19:20:39.357] Starting turn for Bot1
[19:20:39.357] Bot1 rotated left to face EAST
[19:20:39.357] Bot1 executed ROTATE_LEFT
[19:20:39.357] Bot1 rotated left to face NORTH
[19:20:39.357] Bot1 executed ROTATE_LEFT
[19:20:39.357] Bot1 moved forward to (2,4)
[19:20:39.357] Bot1 executed MOVE_FORWARD
[19:20:39.357] Starting turn for Bot3
[19:20:39.357] Starting turn for Bot1
[19:20:39.357] Bot1 rotated left to face WEST
[19:20:39.357] Bot1 executed ROTATE_LEFT
[19:20:39.357] Bot1 rotated left to face SOUTH
[19:20:39.357] Bot1 executed ROTATE_LEFT
[19:20:39.357] Bot1 moved forward to (3,4)
[19:20:39.357] Bot1 executed MOVE_FORWARD
[19:20:39.357] Starting turn for Bot3
[19:20:39.357] Starting turn for Bot1
[19:20:39.357] Starting turn for Bot3
[19:20:39.357] Stalemate detected: State repeated 10 times, unchanged for 1 turns
[19:20:39.357] Game Over! Stalemate detected!
[19:20:39.357] Stalemate detected: State repeated 10 times, unchanged for 1 turns
