[14:36:05.027] === Game Started at 2025-02-04_14-36-05 ===
[14:36:05.027] Game initialized with 2 players
[14:36:05.027] Board size: 10
[14:36:05.027] Obstacle density: 0.05
[14:36:05.027] Max turns: 1000
[14:36:05.027] Player Bot36 starting at position (0,0) facing EAST
[14:36:05.027] Player Bot17 starting at position (9,9) facing NORTH
[14:36:05.027] Obstacles at positions: (1,2) (5,2) (5,7) (8,2) (8,4)
[14:36:05.027] Starting turn for Bot36
[14:36:05.027] Bot36 moved forward to (0,1)
[14:36:05.027] Bot36 executed MOVE_FORWARD
[14:36:05.027] Starting turn for Bot17
[14:36:05.027] Bot17 rotated left to face WEST
[14:36:05.027] Bot17 executed ROTATE_LEFT
[14:36:05.027] Bot17 moved forward to (9,8)
[14:36:05.027] Bot17 executed MOVE_FORWARD
[14:36:05.027] Starting turn for Bot36
[14:36:05.027] Bot36 rotated right to face SOUTH
[14:36:05.027] Bot36 executed ROTATE_RIGHT
[14:36:05.027] Bot36 moved forward to (1,1)
[14:36:05.027] Bot36 executed MOVE_FORWARD
[14:36:05.027] Starting turn for Bot17
[14:36:05.027] Bot17 rotated right to face NORTH
[14:36:05.027] Bot17 executed ROTATE_RIGHT
[14:36:05.027] Bot17 moved forward to (8,8)
[14:36:05.027] Bot17 executed MOVE_FORWARD
[14:36:05.027] Starting turn for Bot36
[14:36:05.027] Bot36 rotated left to face EAST
[14:36:05.027] Bot36 executed ROTATE_LEFT
[14:36:05.027] Starting turn for Bot17
[14:36:05.027] Bot17 rotated left to face WEST
[14:36:05.027] Bot17 executed ROTATE_LEFT
[14:36:05.027] Bot17 moved forward to (8,7)
[14:36:05.027] Bot17 executed MOVE_FORWARD
[14:36:05.027] Starting turn for Bot36
[14:36:05.027] Starting turn for Bot17
[14:36:05.027] Bot17 rotated right to face NORTH
[14:36:05.027] Bot17 executed ROTATE_RIGHT
[14:36:05.027] Bot17 moved forward to (7,7)
[14:36:05.027] Bot17 executed MOVE_FORWARD
[14:36:05.027] Starting turn for Bot36
[14:36:05.027] Bot36 rotated left to face NORTH
[14:36:05.027] Bot36 executed ROTATE_LEFT
[14:36:05.027] Bot36 moved forward to (0,1)
[14:36:05.027] Bot36 executed MOVE_FORWARD
[14:36:05.027] Starting turn for Bot17
[14:36:05.027] Bot17 rotated left to face WEST
[14:36:05.027] Bot17 executed ROTATE_LEFT
[14:36:05.027] Bot17 moved forward to (7,6)
[14:36:05.027] Bot17 executed MOVE_FORWARD
[14:36:05.027] Starting turn for Bot36
[14:36:05.027] Bot36 rotated left to face WEST
[14:36:05.027] Bot36 executed ROTATE_LEFT
[14:36:05.027] Bot36 rotated left to face SOUTH
[14:36:05.027] Bot36 executed ROTATE_LEFT
[14:36:05.027] Bot36 moved forward to (1,1)
[14:36:05.027] Bot36 executed MOVE_FORWARD
[14:36:05.027] Starting turn for Bot17
[14:36:05.027] Bot17 rotated right to face NORTH
[14:36:05.027] Bot17 executed ROTATE_RIGHT
[14:36:05.027] Bot17 moved forward to (6,6)
[14:36:05.027] Bot17 executed MOVE_FORWARD
[14:36:05.027] Starting turn for Bot36
[14:36:05.027] Bot36 rotated left to face EAST
[14:36:05.027] Bot36 executed ROTATE_LEFT
[14:36:05.027] Starting turn for Bot17
[14:36:05.027] Bot17 rotated left to face WEST
[14:36:05.027] Bot17 executed ROTATE_LEFT
[14:36:05.027] Bot17 moved forward to (6,5)
[14:36:05.027] Bot17 executed MOVE_FORWARD
[14:36:05.027] Starting turn for Bot36
[14:36:05.027] Starting turn for Bot17
[14:36:05.027] Bot17 rotated right to face NORTH
[14:36:05.027] Bot17 executed ROTATE_RIGHT
[14:36:05.027] Bot17 moved forward to (5,5)
[14:36:05.027] Bot17 executed MOVE_FORWARD
[14:36:05.027] Starting turn for Bot36
[14:36:05.027] Bot36 rotated left to face NORTH
[14:36:05.027] Bot36 executed ROTATE_LEFT
[14:36:05.027] Bot36 moved forward to (0,1)
[14:36:05.027] Bot36 executed MOVE_FORWARD
[14:36:05.027] Starting turn for Bot17
[14:36:05.027] Starting turn for Bot36
[14:36:05.027] Bot36 rotated left to face WEST
[14:36:05.027] Bot36 executed ROTATE_LEFT
[14:36:05.027] Bot36 rotated left to face SOUTH
[14:36:05.027] Bot36 executed ROTATE_LEFT
[14:36:05.027] Bot36 moved forward to (1,1)
[14:36:05.027] Bot36 executed MOVE_FORWARD
[14:36:05.027] Starting turn for Bot17
[14:36:05.027] Starting turn for Bot36
[14:36:05.027] Bot36 rotated left to face EAST
[14:36:05.027] Bot36 executed ROTATE_LEFT
[14:36:05.027] Starting turn for Bot17
[14:36:05.027] Starting turn for Bot36
[14:36:05.027] Starting turn for Bot17
[14:36:05.027] Starting turn for Bot36
[14:36:05.027] Bot36 rotated left to face NORTH
[14:36:05.027] Bot36 executed ROTATE_LEFT
[14:36:05.027] Bot36 moved forward to (0,1)
[14:36:05.027] Bot36 executed MOVE_FORWARD
[14:36:05.027] Starting turn for Bot17
[14:36:05.027] Starting turn for Bot36
[14:36:05.027] Bot36 rotated left to face WEST
[14:36:05.027] Bot36 executed ROTATE_LEFT
[14:36:05.027] Bot36 rotated left to face SOUTH
[14:36:05.027] Bot36 executed ROTATE_LEFT
[14:36:05.027] Bot36 moved forward to (1,1)
[14:36:05.027] Bot36 executed MOVE_FORWARD
[14:36:05.027] Starting turn for Bot17
[14:36:05.027] Starting turn for Bot36
[14:36:05.027] Bot36 rotated left to face EAST
[14:36:05.027] Bot36 executed ROTATE_LEFT
[14:36:05.027] Starting turn for Bot17
[14:36:05.027] Starting turn for Bot36
[14:36:05.027] Starting turn for Bot17
[14:36:05.027] Starting turn for Bot36
[14:36:05.027] Bot36 rotated left to face NORTH
[14:36:05.027] Bot36 executed ROTATE_LEFT
[14:36:05.027] Bot36 moved forward to (0,1)
[14:36:05.027] Bot36 executed MOVE_FORWARD
[14:36:05.027] Starting turn for Bot17
[14:36:05.027] Starting turn for Bot36
[14:36:05.027] Bot36 rotated left to face WEST
[14:36:05.027] Bot36 executed ROTATE_LEFT
[14:36:05.027] Bot36 rotated left to face SOUTH
[14:36:05.027] Bot36 executed ROTATE_LEFT
[14:36:05.027] Bot36 moved forward to (1,1)
[14:36:05.027] Bot36 executed MOVE_FORWARD
[14:36:05.027] Starting turn for Bot17
[14:36:05.027] Starting turn for Bot36
[14:36:05.027] Bot36 rotated left to face EAST
[14:36:05.027] Bot36 executed ROTATE_LEFT
[14:36:05.027] Starting turn for Bot17
[14:36:05.027] Starting turn for Bot36
[14:36:05.027] Starting turn for Bot17
[14:36:05.027] Stalemate detected: State repeated 10 times, unchanged for 3 turns
[14:36:05.027] Game Over! Stalemate detected!
[14:36:05.027] Stalemate detected: State repeated 10 times, unchanged for 3 turns
