[14:35:44.680] === Game Started at 2025-02-04_14-35-44 ===
[14:35:44.680] Game initialized with 2 players
[14:35:44.680] Board size: 10
[14:35:44.680] Obstacle density: 0.05
[14:35:44.680] Max turns: 1000
[14:35:44.680] Player Bot3 starting at position (0,0) facing SOUTH
[14:35:44.680] Player Bot34 starting at position (9,9) facing WEST
[14:35:44.680] Obstacles at positions: (3,4) (4,0) (5,7) (8,3) (8,8)
[14:35:44.680] Starting turn for Bot3
[14:35:44.680] Bot3 rotated left to face EAST
[14:35:44.680] Bot3 executed ROTATE_LEFT
[14:35:44.680] Bot3 moved forward to (0,1)
[14:35:44.680] Bot3 executed MOVE_FORWARD
[14:35:44.680] Starting turn for Bot34
[14:35:44.680] Bot34 moved forward to (9,8)
[14:35:44.680] Bot34 executed MOVE_FORWARD
[14:35:44.680] Starting turn for Bot3
[14:35:44.680] Bot3 rotated right to face SOUTH
[14:35:44.680] Bot3 executed ROTATE_RIGHT
[14:35:44.680] Bot3 moved forward to (1,1)
[14:35:44.680] Bot3 executed MOVE_FORWARD
[14:35:44.680] Starting turn for Bot34
[14:35:44.680] Bot34 rotated right to face NORTH
[14:35:44.680] Bot34 executed ROTATE_RIGHT
[14:35:44.680] Starting turn for Bot3
[14:35:44.680] Bot3 rotated left to face EAST
[14:35:44.680] Bot3 executed ROTATE_LEFT
[14:35:44.680] Bot3 moved forward to (1,2)
[14:35:44.680] Bot3 executed MOVE_FORWARD
[14:35:44.680] Starting turn for Bot34
[14:35:44.680] Starting turn for Bot3
[14:35:44.680] Bot3 rotated right to face SOUTH
[14:35:44.680] Bot3 executed ROTATE_RIGHT
[14:35:44.680] Bot3 moved forward to (2,2)
[14:35:44.680] Bot3 executed MOVE_FORWARD
[14:35:44.680] Starting turn for Bot34
[14:35:44.680] Bot34 rotated right to face EAST
[14:35:44.680] Bot34 executed ROTATE_RIGHT
[14:35:44.680] Bot34 moved forward to (9,9)
[14:35:44.680] Bot34 executed MOVE_FORWARD
[14:35:44.680] Starting turn for Bot3
[14:35:44.680] Bot3 rotated left to face EAST
[14:35:44.680] Bot3 executed ROTATE_LEFT
[14:35:44.680] Bot3 moved forward to (2,3)
[14:35:44.680] Bot3 executed MOVE_FORWARD
[14:35:44.680] Starting turn for Bot34
[14:35:44.680] Bot34 rotated left to face NORTH
[14:35:44.680] Bot34 executed ROTATE_LEFT
[14:35:44.680] Bot34 rotated left to face WEST
[14:35:44.680] Bot34 executed ROTATE_LEFT
[14:35:44.680] Bot34 moved forward to (9,8)
[14:35:44.680] Bot34 executed MOVE_FORWARD
[14:35:44.680] Starting turn for Bot3
[14:35:44.680] Bot3 rotated right to face SOUTH
[14:35:44.680] Bot3 executed ROTATE_RIGHT
[14:35:44.680] Bot3 moved forward to (3,3)
[14:35:44.680] Bot3 executed MOVE_FORWARD
[14:35:44.680] Starting turn for Bot34
[14:35:44.680] Bot34 rotated right to face NORTH
[14:35:44.680] Bot34 executed ROTATE_RIGHT
[14:35:44.680] Starting turn for Bot3
[14:35:44.680] Bot3 rotated left to face EAST
[14:35:44.680] Bot3 executed ROTATE_LEFT
[14:35:44.680] Starting turn for Bot34
[14:35:44.680] Starting turn for Bot3
[14:35:44.680] Starting turn for Bot34
[14:35:44.680] Bot34 rotated right to face EAST
[14:35:44.680] Bot34 executed ROTATE_RIGHT
[14:35:44.680] Bot34 moved forward to (9,9)
[14:35:44.680] Bot34 executed MOVE_FORWARD
[14:35:44.680] Starting turn for Bot3
[14:35:44.680] Bot3 rotated left to face NORTH
[14:35:44.680] Bot3 executed ROTATE_LEFT
[14:35:44.680] Bot3 moved forward to (2,3)
[14:35:44.680] Bot3 executed MOVE_FORWARD
[14:35:44.680] Starting turn for Bot34
[14:35:44.680] Bot34 rotated left to face NORTH
[14:35:44.680] Bot34 executed ROTATE_LEFT
[14:35:44.680] Bot34 rotated left to face WEST
[14:35:44.680] Bot34 executed ROTATE_LEFT
[14:35:44.680] Bot34 moved forward to (9,8)
[14:35:44.680] Bot34 executed MOVE_FORWARD
[14:35:44.680] Starting turn for Bot3
[14:35:44.680] Bot3 rotated left to face WEST
[14:35:44.680] Bot3 executed ROTATE_LEFT
[14:35:44.680] Bot3 rotated left to face SOUTH
[14:35:44.680] Bot3 executed ROTATE_LEFT
[14:35:44.680] Bot3 moved forward to (3,3)
[14:35:44.680] Bot3 executed MOVE_FORWARD
[14:35:44.680] Starting turn for Bot34
[14:35:44.680] Bot34 rotated right to face NORTH
[14:35:44.680] Bot34 executed ROTATE_RIGHT
[14:35:44.680] Starting turn for Bot3
[14:35:44.680] Bot3 rotated left to face EAST
[14:35:44.680] Bot3 executed ROTATE_LEFT
[14:35:44.680] Starting turn for Bot34
[14:35:44.680] Starting turn for Bot3
[14:35:44.680] Starting turn for Bot34
[14:35:44.680] Bot34 rotated right to face EAST
[14:35:44.680] Bot34 executed ROTATE_RIGHT
[14:35:44.680] Bot34 moved forward to (9,9)
[14:35:44.680] Bot34 executed MOVE_FORWARD
[14:35:44.680] Starting turn for Bot3
[14:35:44.680] Bot3 rotated left to face NORTH
[14:35:44.680] Bot3 executed ROTATE_LEFT
[14:35:44.680] Bot3 moved forward to (2,3)
[14:35:44.680] Bot3 executed MOVE_FORWARD
[14:35:44.680] Starting turn for Bot34
[14:35:44.680] Bot34 rotated left to face NORTH
[14:35:44.680] Bot34 executed ROTATE_LEFT
[14:35:44.680] Bot34 rotated left to face WEST
[14:35:44.680] Bot34 executed ROTATE_LEFT
[14:35:44.680] Bot34 moved forward to (9,8)
[14:35:44.680] Bot34 executed MOVE_FORWARD
[14:35:44.680] Starting turn for Bot3
[14:35:44.680] Bot3 rotated left to face WEST
[14:35:44.680] Bot3 executed ROTATE_LEFT
[14:35:44.680] Bot3 rotated left to face SOUTH
[14:35:44.680] Bot3 executed ROTATE_LEFT
[14:35:44.680] Bot3 moved forward to (3,3)
[14:35:44.680] Bot3 executed MOVE_FORWARD
[14:35:44.680] Starting turn for Bot34
[14:35:44.680] Bot34 rotated right to face NORTH
[14:35:44.680] Bot34 executed ROTATE_RIGHT
[14:35:44.680] Starting turn for Bot3
[14:35:44.680] Bot3 rotated left to face EAST
[14:35:44.680] Bot3 executed ROTATE_LEFT
[14:35:44.680] Starting turn for Bot34
[14:35:44.680] Starting turn for Bot3
[14:35:44.680] Starting turn for Bot34
[14:35:44.680] Bot34 rotated right to face EAST
[14:35:44.680] Bot34 executed ROTATE_RIGHT
[14:35:44.680] Bot34 moved forward to (9,9)
[14:35:44.680] Bot34 executed MOVE_FORWARD
[14:35:44.680] Starting turn for Bot3
[14:35:44.680] Bot3 rotated left to face NORTH
[14:35:44.680] Bot3 executed ROTATE_LEFT
[14:35:44.680] Bot3 moved forward to (2,3)
[14:35:44.680] Bot3 executed MOVE_FORWARD
[14:35:44.680] Starting turn for Bot34
[14:35:44.680] Bot34 rotated left to face NORTH
[14:35:44.680] Bot34 executed ROTATE_LEFT
[14:35:44.680] Bot34 rotated left to face WEST
[14:35:44.680] Bot34 executed ROTATE_LEFT
[14:35:44.680] Bot34 moved forward to (9,8)
[14:35:44.680] Bot34 executed MOVE_FORWARD
[14:35:44.680] Starting turn for Bot3
[14:35:44.680] Bot3 rotated left to face WEST
[14:35:44.680] Bot3 executed ROTATE_LEFT
[14:35:44.680] Bot3 rotated left to face SOUTH
[14:35:44.680] Bot3 executed ROTATE_LEFT
[14:35:44.680] Bot3 moved forward to (3,3)
[14:35:44.680] Bot3 executed MOVE_FORWARD
[14:35:44.680] Starting turn for Bot34
[14:35:44.680] Bot34 rotated right to face NORTH
[14:35:44.680] Bot34 executed ROTATE_RIGHT
[14:35:44.680] Starting turn for Bot3
[14:35:44.680] Bot3 rotated left to face EAST
[14:35:44.680] Bot3 executed ROTATE_LEFT
[14:35:44.680] Starting turn for Bot34
[14:35:44.680] Starting turn for Bot3
[14:35:44.680] Starting turn for Bot34
[14:35:44.680] Stalemate detected: State repeated 10 times, unchanged for 1 turns
[14:35:44.680] Game Over! Stalemate detected!
[14:35:44.680] Stalemate detected: State repeated 10 times, unchanged for 1 turns
