[14:35:58.675] === Game Started at 2025-02-04_14-35-58 ===
[14:35:58.675] Game initialized with 2 players
[14:35:58.675] Board size: 10
[14:35:58.675] Obstacle density: 0.05
[14:35:58.675] Max turns: 1000
[14:35:58.675] Player Bot12 starting at position (0,0) facing NORTH
[14:35:58.675] Player Bot26 starting at position (9,9) facing EAST
[14:35:58.675] Obstacles at positions: (1,6) (2,2) (2,7) (3,0) (3,1)
[14:35:58.675] Starting turn for Bot12
[14:35:58.675] Bot12 rotated right to face EAST
[14:35:58.675] Bot12 executed ROTATE_RIGHT
[14:35:58.675] Bot12 moved forward to (0,1)
[14:35:58.675] Bot12 executed MOVE_FORWARD
[14:35:58.675] Starting turn for Bot26
[14:35:58.675] Bot26 rotated left to face NORTH
[14:35:58.675] Bot26 executed ROTATE_LEFT
[14:35:58.675] Bot26 rotated left to face WEST
[14:35:58.675] Bot26 executed ROTATE_LEFT
[14:35:58.675] Bot26 moved forward to (9,8)
[14:35:58.675] Bot26 executed MOVE_FORWARD
[14:35:58.675] Starting turn for Bot12
[14:35:58.675] Bot12 rotated right to face SOUTH
[14:35:58.675] Bot12 executed ROTATE_RIGHT
[14:35:58.675] Bot12 moved forward to (1,1)
[14:35:58.675] Bot12 executed MOVE_FORWARD
[14:35:58.675] Starting turn for Bot26
[14:35:58.675] Bot26 rotated right to face NORTH
[14:35:58.675] Bot26 executed ROTATE_RIGHT
[14:35:58.675] Bot26 moved forward to (8,8)
[14:35:58.675] Bot26 executed MOVE_FORWARD
[14:35:58.675] Starting turn for Bot12
[14:35:58.675] Bot12 rotated left to face EAST
[14:35:58.675] Bot12 executed ROTATE_LEFT
[14:35:58.675] Bot12 moved forward to (1,2)
[14:35:58.675] Bot12 executed MOVE_FORWARD
[14:35:58.675] Starting turn for Bot26
[14:35:58.675] Bot26 rotated left to face WEST
[14:35:58.675] Bot26 executed ROTATE_LEFT
[14:35:58.675] Bot26 moved forward to (8,7)
[14:35:58.675] Bot26 executed MOVE_FORWARD
[14:35:58.675] Starting turn for Bot12
[14:35:58.675] Bot12 rotated right to face SOUTH
[14:35:58.675] Bot12 executed ROTATE_RIGHT
[14:35:58.675] Starting turn for Bot26
[14:35:58.675] Bot26 rotated right to face NORTH
[14:35:58.675] Bot26 executed ROTATE_RIGHT
[14:35:58.675] Bot26 moved forward to (7,7)
[14:35:58.675] Bot26 executed MOVE_FORWARD
[14:35:58.675] Starting turn for Bot12
[14:35:58.675] Starting turn for Bot26
[14:35:58.675] Bot26 rotated left to face WEST
[14:35:58.675] Bot26 executed ROTATE_LEFT
[14:35:58.675] Bot26 moved forward to (7,6)
[14:35:58.675] Bot26 executed MOVE_FORWARD
[14:35:58.675] Starting turn for Bot12
[14:35:58.675] Bot12 rotated left to face EAST
[14:35:58.675] Bot12 executed ROTATE_LEFT
[14:35:58.675] Bot12 rotated left to face NORTH
[14:35:58.675] Bot12 executed ROTATE_LEFT
[14:35:58.675] Bot12 moved forward to (0,2)
[14:35:58.675] Bot12 executed MOVE_FORWARD
[14:35:58.675] Starting turn for Bot26
[14:35:58.675] Bot26 rotated right to face NORTH
[14:35:58.676] Bot26 executed ROTATE_RIGHT
[14:35:58.676] Bot26 moved forward to (6,6)
[14:35:58.676] Bot26 executed MOVE_FORWARD
[14:35:58.676] Starting turn for Bot12
[14:35:58.676] Bot12 rotated left to face WEST
[14:35:58.676] Bot12 executed ROTATE_LEFT
[14:35:58.676] Bot12 rotated left to face SOUTH
[14:35:58.676] Bot12 executed ROTATE_LEFT
[14:35:58.676] Bot12 moved forward to (1,2)
[14:35:58.676] Bot12 executed MOVE_FORWARD
[14:35:58.676] Starting turn for Bot26
[14:35:58.676] Bot26 rotated left to face WEST
[14:35:58.676] Bot26 executed ROTATE_LEFT
[14:35:58.676] Bot26 moved forward to (6,5)
[14:35:58.676] Bot26 executed MOVE_FORWARD
[14:35:58.676] Starting turn for Bot12
[14:35:58.676] Starting turn for Bot26
[14:35:58.676] Bot26 rotated right to face NORTH
[14:35:58.676] Bot26 executed ROTATE_RIGHT
[14:35:58.676] Bot26 moved forward to (5,5)
[14:35:58.676] Bot26 executed MOVE_FORWARD
[14:35:58.676] Starting turn for Bot12
[14:35:58.676] Starting turn for Bot26
[14:35:58.676] Starting turn for Bot12
[14:35:58.676] Bot12 rotated left to face EAST
[14:35:58.676] Bot12 executed ROTATE_LEFT
[14:35:58.676] Bot12 rotated left to face NORTH
[14:35:58.676] Bot12 executed ROTATE_LEFT
[14:35:58.676] Bot12 moved forward to (0,2)
[14:35:58.676] Bot12 executed MOVE_FORWARD
[14:35:58.676] Starting turn for Bot26
[14:35:58.676] Starting turn for Bot12
[14:35:58.676] Bot12 rotated left to face WEST
[14:35:58.676] Bot12 executed ROTATE_LEFT
[14:35:58.676] Bot12 rotated left to face SOUTH
[14:35:58.676] Bot12 executed ROTATE_LEFT
[14:35:58.676] Bot12 moved forward to (1,2)
[14:35:58.676] Bot12 executed MOVE_FORWARD
[14:35:58.676] Starting turn for Bot26
[14:35:58.676] Starting turn for Bot12
[14:35:58.676] Starting turn for Bot26
[14:35:58.676] Starting turn for Bot12
[14:35:58.676] Starting turn for Bot26
[14:35:58.676] Starting turn for Bot12
[14:35:58.676] Bot12 rotated left to face EAST
[14:35:58.676] Bot12 executed ROTATE_LEFT
[14:35:58.676] Bot12 rotated left to face NORTH
[14:35:58.676] Bot12 executed ROTATE_LEFT
[14:35:58.676] Bot12 moved forward to (0,2)
[14:35:58.676] Bot12 executed MOVE_FORWARD
[14:35:58.676] Starting turn for Bot26
[14:35:58.676] Starting turn for Bot12
[14:35:58.676] Bot12 rotated left to face WEST
[14:35:58.676] Bot12 executed ROTATE_LEFT
[14:35:58.676] Bot12 rotated left to face SOUTH
[14:35:58.676] Bot12 executed ROTATE_LEFT
[14:35:58.676] Bot12 moved forward to (1,2)
[14:35:58.676] Bot12 executed MOVE_FORWARD
[14:35:58.676] Starting turn for Bot26
[14:35:58.676] Starting turn for Bot12
[14:35:58.676] Starting turn for Bot26
[14:35:58.676] Starting turn for Bot12
[14:35:58.676] Starting turn for Bot26
[14:35:58.676] Starting turn for Bot12
[14:35:58.676] Bot12 rotated left to face EAST
[14:35:58.676] Bot12 executed ROTATE_LEFT
[14:35:58.676] Bot12 rotated left to face NORTH
[14:35:58.676] Bot12 executed ROTATE_LEFT
[14:35:58.676] Bot12 moved forward to (0,2)
[14:35:58.676] Bot12 executed MOVE_FORWARD
[14:35:58.676] Starting turn for Bot26
[14:35:58.676] Starting turn for Bot12
[14:35:58.676] Bot12 rotated left to face WEST
[14:35:58.676] Bot12 executed ROTATE_LEFT
[14:35:58.676] Bot12 rotated left to face SOUTH
[14:35:58.676] Bot12 executed ROTATE_LEFT
[14:35:58.676] Bot12 moved forward to (1,2)
[14:35:58.676] Bot12 executed MOVE_FORWARD
[14:35:58.676] Starting turn for Bot26
[14:35:58.676] Starting turn for Bot12
[14:35:58.676] Starting turn for Bot26
[14:35:58.676] Stalemate detected: State repeated 10 times, unchanged for 1 turns
[14:35:58.676] Game Over! Stalemate detected!
[14:35:58.676] Stalemate detected: State repeated 10 times, unchanged for 1 turns
