[14:36:15.129] === Game Started at 2025-02-04_14-36-15 ===
[14:36:15.129] Game initialized with 2 players
[14:36:15.129] Board size: 10
[14:36:15.129] Obstacle density: 0.05
[14:36:15.129] Max turns: 1000
[14:36:15.129] Player Bot39 starting at position (0,0) facing WEST
[14:36:15.129] Player Bot32 starting at position (9,9) facing EAST
[14:36:15.129] Obstacles at positions: (0,7) (2,0) (2,9) (3,4) (4,1)
[14:36:15.129] Starting turn for Bot39
[14:36:15.129] Bot39 rotated left to face SOUTH
[14:36:15.129] Bot39 executed ROTATE_LEFT
[14:36:15.129] Bot39 rotated left to face EAST
[14:36:15.129] Bot39 executed ROTATE_LEFT
[14:36:15.129] Bot39 moved forward to (0,1)
[14:36:15.129] Bot39 executed MOVE_FORWARD
[14:36:15.129] Starting turn for Bot32
[14:36:15.129] Bot32 rotated left to face NORTH
[14:36:15.129] Bot32 executed ROTATE_LEFT
[14:36:15.129] Bot32 rotated left to face WEST
[14:36:15.129] Bot32 executed ROTATE_LEFT
[14:36:15.129] Bot32 moved forward to (9,8)
[14:36:15.129] Bot32 executed MOVE_FORWARD
[14:36:15.129] Starting turn for Bot39
[14:36:15.129] Bot39 rotated right to face SOUTH
[14:36:15.129] Bot39 executed ROTATE_RIGHT
[14:36:15.129] Bot39 moved forward to (1,1)
[14:36:15.129] Bot39 executed MOVE_FORWARD
[14:36:15.129] Starting turn for Bot32
[14:36:15.129] Bot32 rotated right to face NORTH
[14:36:15.129] Bot32 executed ROTATE_RIGHT
[14:36:15.129] Bot32 moved forward to (8,8)
[14:36:15.129] Bot32 executed MOVE_FORWARD
[14:36:15.129] Starting turn for Bot39
[14:36:15.129] Bot39 rotated left to face EAST
[14:36:15.129] Bot39 executed ROTATE_LEFT
[14:36:15.129] Bot39 moved forward to (1,2)
[14:36:15.129] Bot39 executed MOVE_FORWARD
[14:36:15.129] Starting turn for Bot32
[14:36:15.129] Bot32 rotated left to face WEST
[14:36:15.129] Bot32 executed ROTATE_LEFT
[14:36:15.129] Bot32 moved forward to (8,7)
[14:36:15.129] Bot32 executed MOVE_FORWARD
[14:36:15.129] Starting turn for Bot39
[14:36:15.129] Bot39 rotated right to face SOUTH
[14:36:15.129] Bot39 executed ROTATE_RIGHT
[14:36:15.129] Bot39 moved forward to (2,2)
[14:36:15.129] Bot39 executed MOVE_FORWARD
[14:36:15.129] Starting turn for Bot32
[14:36:15.129] Bot32 rotated right to face NORTH
[14:36:15.129] Bot32 executed ROTATE_RIGHT
[14:36:15.129] Bot32 moved forward to (7,7)
[14:36:15.129] Bot32 executed MOVE_FORWARD
[14:36:15.129] Starting turn for Bot39
[14:36:15.129] Bot39 rotated left to face EAST
[14:36:15.129] Bot39 executed ROTATE_LEFT
[14:36:15.129] Bot39 moved forward to (2,3)
[14:36:15.129] Bot39 executed MOVE_FORWARD
[14:36:15.129] Starting turn for Bot32
[14:36:15.129] Bot32 rotated left to face WEST
[14:36:15.129] Bot32 executed ROTATE_LEFT
[14:36:15.129] Bot32 moved forward to (7,6)
[14:36:15.129] Bot32 executed MOVE_FORWARD
[14:36:15.129] Starting turn for Bot39
[14:36:15.129] Bot39 rotated right to face SOUTH
[14:36:15.129] Bot39 executed ROTATE_RIGHT
[14:36:15.129] Bot39 moved forward to (3,3)
[14:36:15.129] Bot39 executed MOVE_FORWARD
[14:36:15.129] Starting turn for Bot32
[14:36:15.129] Bot32 rotated right to face NORTH
[14:36:15.129] Bot32 executed ROTATE_RIGHT
[14:36:15.129] Bot32 moved forward to (6,6)
[14:36:15.129] Bot32 executed MOVE_FORWARD
[14:36:15.129] Starting turn for Bot39
[14:36:15.129] Bot39 rotated left to face EAST
[14:36:15.129] Bot39 executed ROTATE_LEFT
[14:36:15.129] Starting turn for Bot32
[14:36:15.129] Bot32 rotated left to face WEST
[14:36:15.129] Bot32 executed ROTATE_LEFT
[14:36:15.129] Bot32 moved forward to (6,5)
[14:36:15.129] Bot32 executed MOVE_FORWARD
[14:36:15.129] Starting turn for Bot39
[14:36:15.129] Starting turn for Bot32
[14:36:15.129] Bot32 rotated right to face NORTH
[14:36:15.129] Bot32 executed ROTATE_RIGHT
[14:36:15.129] Bot32 moved forward to (5,5)
[14:36:15.129] Bot32 executed MOVE_FORWARD
[14:36:15.129] Starting turn for Bot39
[14:36:15.129] Bot39 rotated left to face NORTH
[14:36:15.129] Bot39 executed ROTATE_LEFT
[14:36:15.129] Bot39 moved forward to (2,3)
[14:36:15.129] Bot39 executed MOVE_FORWARD
[14:36:15.129] Starting turn for Bot32
[14:36:15.129] Starting turn for Bot39
[14:36:15.129] Bot39 rotated left to face WEST
[14:36:15.129] Bot39 executed ROTATE_LEFT
[14:36:15.129] Bot39 rotated left to face SOUTH
[14:36:15.129] Bot39 executed ROTATE_LEFT
[14:36:15.129] Bot39 moved forward to (3,3)
[14:36:15.129] Bot39 executed MOVE_FORWARD
[14:36:15.129] Starting turn for Bot32
[14:36:15.129] Starting turn for Bot39
[14:36:15.129] Bot39 rotated left to face EAST
[14:36:15.129] Bot39 executed ROTATE_LEFT
[14:36:15.129] Starting turn for Bot32
[14:36:15.129] Starting turn for Bot39
[14:36:15.129] Starting turn for Bot32
[14:36:15.129] Starting turn for Bot39
[14:36:15.129] Bot39 rotated left to face NORTH
[14:36:15.129] Bot39 executed ROTATE_LEFT
[14:36:15.129] Bot39 moved forward to (2,3)
[14:36:15.129] Bot39 executed MOVE_FORWARD
[14:36:15.129] Starting turn for Bot32
[14:36:15.129] Starting turn for Bot39
[14:36:15.129] Bot39 rotated left to face WEST
[14:36:15.129] Bot39 executed ROTATE_LEFT
[14:36:15.129] Bot39 rotated left to face SOUTH
[14:36:15.129] Bot39 executed ROTATE_LEFT
[14:36:15.129] Bot39 moved forward to (3,3)
[14:36:15.129] Bot39 executed MOVE_FORWARD
[14:36:15.129] Starting turn for Bot32
[14:36:15.129] Starting turn for Bot39
[14:36:15.129] Bot39 rotated left to face EAST
[14:36:15.129] Bot39 executed ROTATE_LEFT
[14:36:15.129] Starting turn for Bot32
[14:36:15.129] Starting turn for Bot39
[14:36:15.129] Starting turn for Bot32
[14:36:15.129] Starting turn for Bot39
[14:36:15.129] Bot39 rotated left to face NORTH
[14:36:15.129] Bot39 executed ROTATE_LEFT
[14:36:15.129] Bot39 moved forward to (2,3)
[14:36:15.129] Bot39 executed MOVE_FORWARD
[14:36:15.129] Starting turn for Bot32
[14:36:15.129] Starting turn for Bot39
[14:36:15.129] Bot39 rotated left to face WEST
[14:36:15.129] Bot39 executed ROTATE_LEFT
[14:36:15.129] Bot39 rotated left to face SOUTH
[14:36:15.129] Bot39 executed ROTATE_LEFT
[14:36:15.130] Bot39 moved forward to (3,3)
[14:36:15.130] Bot39 executed MOVE_FORWARD
[14:36:15.130] Starting turn for Bot32
[14:36:15.130] Starting turn for Bot39
[14:36:15.130] Bot39 rotated left to face EAST
[14:36:15.130] Bot39 executed ROTATE_LEFT
[14:36:15.130] Starting turn for Bot32
[14:36:15.130] Starting turn for Bot39
[14:36:15.130] Starting turn for Bot32
[14:36:15.130] Stalemate detected: State repeated 10 times, unchanged for 3 turns
[14:36:15.130] Game Over! Stalemate detected!
[14:36:15.130] Stalemate detected: State repeated 10 times, unchanged for 3 turns
