[14:35:54.251] === Game Started at 2025-02-04_14-35-54 ===
[14:35:54.251] Game initialized with 2 players
[14:35:54.251] Board size: 10
[14:35:54.251] Obstacle density: 0.05
[14:35:54.251] Max turns: 1000
[14:35:54.251] Player Bot10 starting at position (0,0) facing EAST
[14:35:54.251] Player Bot9 starting at position (9,9) facing NORTH
[14:35:54.251] Obstacles at positions: (3,9) (4,0) (4,8) (5,5) (5,7)
[14:35:54.251] Starting turn for Bot10
[14:35:54.251] Bot10 moved forward to (0,1)
[14:35:54.251] Bot10 executed MOVE_FORWARD
[14:35:54.251] Starting turn for Bot9
[14:35:54.251] Bot9 rotated left to face WEST
[14:35:54.251] Bot9 executed ROTATE_LEFT
[14:35:54.251] Bot9 moved forward to (9,8)
[14:35:54.251] Bot9 executed MOVE_FORWARD
[14:35:54.251] Starting turn for Bot10
[14:35:54.251] Bot10 rotated right to face SOUTH
[14:35:54.251] Bot10 executed ROTATE_RIGHT
[14:35:54.251] Bot10 moved forward to (1,1)
[14:35:54.251] Bot10 executed MOVE_FORWARD
[14:35:54.251] Starting turn for Bot9
[14:35:54.251] Bot9 rotated right to face NORTH
[14:35:54.251] Bot9 executed ROTATE_RIGHT
[14:35:54.251] Bot9 moved forward to (8,8)
[14:35:54.251] Bot9 executed MOVE_FORWARD
[14:35:54.251] Starting turn for Bot10
[14:35:54.251] Bot10 rotated left to face EAST
[14:35:54.251] Bot10 executed ROTATE_LEFT
[14:35:54.251] Bot10 moved forward to (1,2)
[14:35:54.251] Bot10 executed MOVE_FORWARD
[14:35:54.251] Starting turn for Bot9
[14:35:54.251] Bot9 rotated left to face WEST
[14:35:54.251] Bot9 executed ROTATE_LEFT
[14:35:54.251] Bot9 moved forward to (8,7)
[14:35:54.251] Bot9 executed MOVE_FORWARD
[14:35:54.251] Starting turn for Bot10
[14:35:54.251] Bot10 rotated right to face SOUTH
[14:35:54.251] Bot10 executed ROTATE_RIGHT
[14:35:54.251] Bot10 moved forward to (2,2)
[14:35:54.251] Bot10 executed MOVE_FORWARD
[14:35:54.251] Starting turn for Bot9
[14:35:54.251] Bot9 rotated right to face NORTH
[14:35:54.251] Bot9 executed ROTATE_RIGHT
[14:35:54.251] Bot9 moved forward to (7,7)
[14:35:54.251] Bot9 executed MOVE_FORWARD
[14:35:54.251] Starting turn for Bot10
[14:35:54.251] Bot10 rotated left to face EAST
[14:35:54.251] Bot10 executed ROTATE_LEFT
[14:35:54.251] Bot10 moved forward to (2,3)
[14:35:54.251] Bot10 executed MOVE_FORWARD
[14:35:54.251] Starting turn for Bot9
[14:35:54.251] Bot9 rotated left to face WEST
[14:35:54.251] Bot9 executed ROTATE_LEFT
[14:35:54.251] Bot9 moved forward to (7,6)
[14:35:54.251] Bot9 executed MOVE_FORWARD
[14:35:54.251] Starting turn for Bot10
[14:35:54.251] Bot10 rotated right to face SOUTH
[14:35:54.251] Bot10 executed ROTATE_RIGHT
[14:35:54.251] Bot10 moved forward to (3,3)
[14:35:54.251] Bot10 executed MOVE_FORWARD
[14:35:54.251] Starting turn for Bot9
[14:35:54.251] Bot9 rotated right to face NORTH
[14:35:54.251] Bot9 executed ROTATE_RIGHT
[14:35:54.251] Bot9 moved forward to (6,6)
[14:35:54.251] Bot9 executed MOVE_FORWARD
[14:35:54.251] Starting turn for Bot10
[14:35:54.251] Bot10 rotated left to face EAST
[14:35:54.251] Bot10 executed ROTATE_LEFT
[14:35:54.251] Bot10 moved forward to (3,4)
[14:35:54.251] Bot10 executed MOVE_FORWARD
[14:35:54.251] Starting turn for Bot9
[14:35:54.251] Bot9 rotated left to face WEST
[14:35:54.251] Bot9 executed ROTATE_LEFT
[14:35:54.251] Bot9 moved forward to (6,5)
[14:35:54.251] Bot9 executed MOVE_FORWARD
[14:35:54.251] Starting turn for Bot10
[14:35:54.251] Bot10 rotated right to face SOUTH
[14:35:54.251] Bot10 executed ROTATE_RIGHT
[14:35:54.251] Bot10 moved forward to (4,4)
[14:35:54.251] Bot10 executed MOVE_FORWARD
[14:35:54.251] Starting turn for Bot9
[14:35:54.251] Bot9 rotated right to face NORTH
[14:35:54.251] Bot9 executed ROTATE_RIGHT
[14:35:54.251] Starting turn for Bot10
[14:35:54.251] Bot10 rotated left to face EAST
[14:35:54.251] Bot10 executed ROTATE_LEFT
[14:35:54.251] Bot10 moved forward to (4,5)
[14:35:54.251] Bot10 executed MOVE_FORWARD
[14:35:54.251] Starting turn for Bot9
[14:35:54.251] Starting turn for Bot10
[14:35:54.251] Bot10 rotated right to face SOUTH
[14:35:54.251] Bot10 executed ROTATE_RIGHT
[14:35:54.251] Starting turn for Bot9
[14:35:54.251] Bot9 rotated right to face EAST
[14:35:54.251] Bot9 executed ROTATE_RIGHT
[14:35:54.251] Bot9 moved forward to (6,6)
[14:35:54.251] Bot9 executed MOVE_FORWARD
[14:35:54.251] Starting turn for Bot10
[14:35:54.251] Starting turn for Bot9
[14:35:54.251] Bot9 rotated left to face NORTH
[14:35:54.251] Bot9 executed ROTATE_LEFT
[14:35:54.251] Bot9 rotated left to face WEST
[14:35:54.251] Bot9 executed ROTATE_LEFT
[14:35:54.251] Bot9 moved forward to (6,5)
[14:35:54.251] Bot9 executed MOVE_FORWARD
[14:35:54.251] Starting turn for Bot10
[14:35:54.251] Bot10 rotated left to face EAST
[14:35:54.251] Bot10 executed ROTATE_LEFT
[14:35:54.251] Bot10 rotated left to face NORTH
[14:35:54.251] Bot10 executed ROTATE_LEFT
[14:35:54.251] Bot10 moved forward to (3,5)
[14:35:54.251] Bot10 executed MOVE_FORWARD
[14:35:54.251] Starting turn for Bot9
[14:35:54.251] Bot9 rotated right to face NORTH
[14:35:54.251] Bot9 executed ROTATE_RIGHT
[14:35:54.251] Starting turn for Bot10
[14:35:54.251] Bot10 rotated left to face WEST
[14:35:54.251] Bot10 executed ROTATE_LEFT
[14:35:54.251] Bot10 rotated left to face SOUTH
[14:35:54.251] Bot10 executed ROTATE_LEFT
[14:35:54.251] Bot10 moved forward to (4,5)
[14:35:54.251] Bot10 executed MOVE_FORWARD
[14:35:54.251] Starting turn for Bot9
[14:35:54.251] Starting turn for Bot10
[14:35:54.251] Starting turn for Bot9
[14:35:54.251] Bot9 rotated right to face EAST
[14:35:54.251] Bot9 executed ROTATE_RIGHT
[14:35:54.251] Bot9 moved forward to (6,6)
[14:35:54.251] Bot9 executed MOVE_FORWARD
[14:35:54.251] Starting turn for Bot10
[14:35:54.251] Starting turn for Bot9
[14:35:54.251] Bot9 rotated left to face NORTH
[14:35:54.251] Bot9 executed ROTATE_LEFT
[14:35:54.251] Bot9 rotated left to face WEST
[14:35:54.251] Bot9 executed ROTATE_LEFT
[14:35:54.251] Bot9 moved forward to (6,5)
[14:35:54.251] Bot9 executed MOVE_FORWARD
[14:35:54.251] Starting turn for Bot10
[14:35:54.251] Bot10 rotated left to face EAST
[14:35:54.251] Bot10 executed ROTATE_LEFT
[14:35:54.251] Bot10 rotated left to face NORTH
[14:35:54.251] Bot10 executed ROTATE_LEFT
[14:35:54.251] Bot10 moved forward to (3,5)
[14:35:54.251] Bot10 executed MOVE_FORWARD
[14:35:54.251] Starting turn for Bot9
[14:35:54.251] Bot9 rotated right to face NORTH
[14:35:54.251] Bot9 executed ROTATE_RIGHT
[14:35:54.251] Starting turn for Bot10
[14:35:54.251] Bot10 rotated left to face WEST
[14:35:54.251] Bot10 executed ROTATE_LEFT
[14:35:54.251] Bot10 rotated left to face SOUTH
[14:35:54.251] Bot10 executed ROTATE_LEFT
[14:35:54.251] Bot10 moved forward to (4,5)
[14:35:54.251] Bot10 executed MOVE_FORWARD
[14:35:54.251] Starting turn for Bot9
[14:35:54.251] Starting turn for Bot10
[14:35:54.251] Starting turn for Bot9
[14:35:54.251] Bot9 rotated right to face EAST
[14:35:54.251] Bot9 executed ROTATE_RIGHT
[14:35:54.251] Bot9 moved forward to (6,6)
[14:35:54.251] Bot9 executed MOVE_FORWARD
[14:35:54.251] Starting turn for Bot10
[14:35:54.251] Starting turn for Bot9
[14:35:54.251] Bot9 rotated left to face NORTH
[14:35:54.251] Bot9 executed ROTATE_LEFT
[14:35:54.251] Bot9 rotated left to face WEST
[14:35:54.251] Bot9 executed ROTATE_LEFT
[14:35:54.251] Bot9 moved forward to (6,5)
[14:35:54.251] Bot9 executed MOVE_FORWARD
[14:35:54.251] Starting turn for Bot10
[14:35:54.251] Bot10 rotated left to face EAST
[14:35:54.251] Bot10 executed ROTATE_LEFT
[14:35:54.251] Bot10 rotated left to face NORTH
[14:35:54.251] Bot10 executed ROTATE_LEFT
[14:35:54.251] Bot10 moved forward to (3,5)
[14:35:54.251] Bot10 executed MOVE_FORWARD
[14:35:54.251] Starting turn for Bot9
[14:35:54.251] Bot9 rotated right to face NORTH
[14:35:54.251] Bot9 executed ROTATE_RIGHT
[14:35:54.251] Starting turn for Bot10
[14:35:54.251] Bot10 rotated left to face WEST
[14:35:54.251] Bot10 executed ROTATE_LEFT
[14:35:54.251] Bot10 rotated left to face SOUTH
[14:35:54.251] Bot10 executed ROTATE_LEFT
[14:35:54.251] Bot10 moved forward to (4,5)
[14:35:54.251] Bot10 executed MOVE_FORWARD
[14:35:54.251] Starting turn for Bot9
[14:35:54.251] Starting turn for Bot10
[14:35:54.251] Starting turn for Bot9
[14:35:54.251] Stalemate detected: State repeated 10 times, unchanged for 1 turns
[14:35:54.251] Game Over! Stalemate detected!
[14:35:54.251] Stalemate detected: State repeated 10 times, unchanged for 1 turns
