[14:35:41.850] === Game Started at 2025-02-04_14-35-41 ===
[14:35:41.850] Game initialized with 2 players
[14:35:41.850] Board size: 10
[14:35:41.850] Obstacle density: 0.05
[14:35:41.850] Max turns: 1000
[14:35:41.850] Player Bot20 starting at position (0,0) facing SOUTH
[14:35:41.850] Player Bot2 starting at position (9,9) facing SOUTH
[14:35:41.850] Obstacles at positions: (0,1) (2,2) (2,5) (4,1) (4,9)
[14:35:41.850] Starting turn for Bot20
[14:35:41.850] Bot20 rotated left to face EAST
[14:35:41.850] Bot20 executed ROTATE_LEFT
[14:35:41.850] Starting turn for Bot2
[14:35:41.850] Bot2 rotated right to face WEST
[14:35:41.850] Bot2 executed ROTATE_RIGHT
[14:35:41.850] Bot2 moved forward to (9,8)
[14:35:41.850] Bot2 executed MOVE_FORWARD
[14:35:41.850] Starting turn for Bot20
[14:35:41.850] Starting turn for Bot2
[14:35:41.850] Bot2 rotated right to face NORTH
[14:35:41.850] Bot2 executed ROTATE_RIGHT
[14:35:41.850] Bot2 moved forward to (8,8)
[14:35:41.850] Bot2 executed MOVE_FORWARD
[14:35:41.850] Starting turn for Bot20
[14:35:41.850] Bot20 rotated right to face SOUTH
[14:35:41.850] Bot20 executed ROTATE_RIGHT
[14:35:41.850] Bot20 moved forward to (1,0)
[14:35:41.850] Bot20 executed MOVE_FORWARD
[14:35:41.850] Starting turn for Bot2
[14:35:41.850] Bot2 rotated left to face WEST
[14:35:41.850] Bot2 executed ROTATE_LEFT
[14:35:41.850] Bot2 moved forward to (8,7)
[14:35:41.850] Bot2 executed MOVE_FORWARD
[14:35:41.850] Starting turn for Bot20
[14:35:41.850] Bot20 rotated left to face EAST
[14:35:41.850] Bot20 executed ROTATE_LEFT
[14:35:41.850] Bot20 moved forward to (1,1)
[14:35:41.850] Bot20 executed MOVE_FORWARD
[14:35:41.850] Starting turn for Bot2
[14:35:41.850] Bot2 rotated right to face NORTH
[14:35:41.850] Bot2 executed ROTATE_RIGHT
[14:35:41.850] Bot2 moved forward to (7,7)
[14:35:41.850] Bot2 executed MOVE_FORWARD
[14:35:41.850] Starting turn for Bot20
[14:35:41.850] Bot20 moved forward to (1,2)
[14:35:41.850] Bot20 executed MOVE_FORWARD
[14:35:41.850] Starting turn for Bot2
[14:35:41.850] Bot2 rotated left to face WEST
[14:35:41.850] Bot2 executed ROTATE_LEFT
[14:35:41.850] Bot2 moved forward to (7,6)
[14:35:41.850] Bot2 executed MOVE_FORWARD
[14:35:41.850] Starting turn for Bot20
[14:35:41.850] Bot20 rotated right to face SOUTH
[14:35:41.850] Bot20 executed ROTATE_RIGHT
[14:35:41.850] Starting turn for Bot2
[14:35:41.850] Bot2 rotated right to face NORTH
[14:35:41.850] Bot2 executed ROTATE_RIGHT
[14:35:41.850] Bot2 moved forward to (6,6)
[14:35:41.850] Bot2 executed MOVE_FORWARD
[14:35:41.850] Starting turn for Bot20
[14:35:41.850] Starting turn for Bot2
[14:35:41.850] Bot2 rotated left to face WEST
[14:35:41.850] Bot2 executed ROTATE_LEFT
[14:35:41.850] Bot2 moved forward to (6,5)
[14:35:41.850] Bot2 executed MOVE_FORWARD
[14:35:41.850] Starting turn for Bot20
[14:35:41.850] Bot20 rotated left to face EAST
[14:35:41.850] Bot20 executed ROTATE_LEFT
[14:35:41.850] Bot20 rotated left to face NORTH
[14:35:41.850] Bot20 executed ROTATE_LEFT
[14:35:41.850] Bot20 moved forward to (0,2)
[14:35:41.850] Bot20 executed MOVE_FORWARD
[14:35:41.850] Starting turn for Bot2
[14:35:41.850] Bot2 rotated right to face NORTH
[14:35:41.850] Bot2 executed ROTATE_RIGHT
[14:35:41.850] Bot2 moved forward to (5,5)
[14:35:41.850] Bot2 executed MOVE_FORWARD
[14:35:41.850] Starting turn for Bot20
[14:35:41.850] Bot20 rotated left to face WEST
[14:35:41.850] Bot20 executed ROTATE_LEFT
[14:35:41.850] Bot20 rotated left to face SOUTH
[14:35:41.850] Bot20 executed ROTATE_LEFT
[14:35:41.850] Bot20 moved forward to (1,2)
[14:35:41.850] Bot20 executed MOVE_FORWARD
[14:35:41.850] Starting turn for Bot2
[14:35:41.850] Starting turn for Bot20
[14:35:41.850] Starting turn for Bot2
[14:35:41.850] Starting turn for Bot20
[14:35:41.850] Starting turn for Bot2
[14:35:41.850] Starting turn for Bot20
[14:35:41.850] Bot20 rotated left to face EAST
[14:35:41.850] Bot20 executed ROTATE_LEFT
[14:35:41.850] Bot20 rotated left to face NORTH
[14:35:41.850] Bot20 executed ROTATE_LEFT
[14:35:41.850] Bot20 moved forward to (0,2)
[14:35:41.850] Bot20 executed MOVE_FORWARD
[14:35:41.850] Starting turn for Bot2
[14:35:41.850] Starting turn for Bot20
[14:35:41.850] Bot20 rotated left to face WEST
[14:35:41.850] Bot20 executed ROTATE_LEFT
[14:35:41.850] Bot20 rotated left to face SOUTH
[14:35:41.850] Bot20 executed ROTATE_LEFT
[14:35:41.850] Bot20 moved forward to (1,2)
[14:35:41.850] Bot20 executed MOVE_FORWARD
[14:35:41.850] Starting turn for Bot2
[14:35:41.850] Starting turn for Bot20
[14:35:41.850] Starting turn for Bot2
[14:35:41.850] Starting turn for Bot20
[14:35:41.850] Starting turn for Bot2
[14:35:41.850] Starting turn for Bot20
[14:35:41.850] Bot20 rotated left to face EAST
[14:35:41.850] Bot20 executed ROTATE_LEFT
[14:35:41.850] Bot20 rotated left to face NORTH
[14:35:41.850] Bot20 executed ROTATE_LEFT
[14:35:41.850] Bot20 moved forward to (0,2)
[14:35:41.850] Bot20 executed MOVE_FORWARD
[14:35:41.850] Starting turn for Bot2
[14:35:41.850] Starting turn for Bot20
[14:35:41.851] Bot20 rotated left to face WEST
[14:35:41.851] Bot20 executed ROTATE_LEFT
[14:35:41.851] Bot20 rotated left to face SOUTH
[14:35:41.851] Bot20 executed ROTATE_LEFT
[14:35:41.851] Bot20 moved forward to (1,2)
[14:35:41.851] Bot20 executed MOVE_FORWARD
[14:35:41.851] Starting turn for Bot2
[14:35:41.851] Starting turn for Bot20
[14:35:41.851] Starting turn for Bot2
[14:35:41.851] Starting turn for Bot20
[14:35:41.851] Starting turn for Bot2
[14:35:41.851] Starting turn for Bot20
[14:35:41.851] Bot20 rotated left to face EAST
[14:35:41.851] Bot20 executed ROTATE_LEFT
[14:35:41.851] Bot20 rotated left to face NORTH
[14:35:41.851] Bot20 executed ROTATE_LEFT
[14:35:41.851] Bot20 moved forward to (0,2)
[14:35:41.851] Bot20 executed MOVE_FORWARD
[14:35:41.851] Starting turn for Bot2
[14:35:41.851] Starting turn for Bot20
[14:35:41.851] Bot20 rotated left to face WEST
[14:35:41.851] Bot20 executed ROTATE_LEFT
[14:35:41.851] Bot20 rotated left to face SOUTH
[14:35:41.851] Bot20 executed ROTATE_LEFT
[14:35:41.851] Bot20 moved forward to (1,2)
[14:35:41.851] Bot20 executed MOVE_FORWARD
[14:35:41.851] Starting turn for Bot2
[14:35:41.851] Stalemate detected: State repeated 10 times, unchanged for 3 turns
[14:35:41.851] Game Over! Stalemate detected!
[14:35:41.851] Stalemate detected: State repeated 10 times, unchanged for 3 turns
