[14:35:59.368] === Game Started at 2025-02-04_14-35-59 ===
[14:35:59.368] Game initialized with 2 players
[14:35:59.368] Board size: 10
[14:35:59.368] Obstacle density: 0.05
[14:35:59.368] Max turns: 1000
[14:35:59.368] Player Bot13 starting at position (0,0) facing EAST
[14:35:59.368] Player Bot17 starting at position (9,9) facing SOUTH
[14:35:59.368] Obstacles at positions: (1,8) (2,2) (3,6) (6,6) (8,2)
[14:35:59.368] Starting turn for Bot13
[14:35:59.368] Bot13 moved forward to (0,1)
[14:35:59.368] Bot13 executed MOVE_FORWARD
[14:35:59.368] Starting turn for Bot17
[14:35:59.368] Bot17 rotated right to face WEST
[14:35:59.368] Bot17 executed ROTATE_RIGHT
[14:35:59.368] Bot17 moved forward to (9,8)
[14:35:59.368] Bot17 executed MOVE_FORWARD
[14:35:59.368] Starting turn for Bot13
[14:35:59.368] Bot13 rotated right to face SOUTH
[14:35:59.368] Bot13 executed ROTATE_RIGHT
[14:35:59.368] Bot13 moved forward to (1,1)
[14:35:59.368] Bot13 executed MOVE_FORWARD
[14:35:59.368] Starting turn for Bot17
[14:35:59.368] Bot17 rotated right to face NORTH
[14:35:59.368] Bot17 executed ROTATE_RIGHT
[14:35:59.368] Bot17 moved forward to (8,8)
[14:35:59.368] Bot17 executed MOVE_FORWARD
[14:35:59.368] Starting turn for Bot13
[14:35:59.368] Bot13 rotated left to face EAST
[14:35:59.368] Bot13 executed ROTATE_LEFT
[14:35:59.368] Bot13 moved forward to (1,2)
[14:35:59.368] Bot13 executed MOVE_FORWARD
[14:35:59.368] Starting turn for Bot17
[14:35:59.368] Bot17 rotated left to face WEST
[14:35:59.368] Bot17 executed ROTATE_LEFT
[14:35:59.368] Bot17 moved forward to (8,7)
[14:35:59.368] Bot17 executed MOVE_FORWARD
[14:35:59.368] Starting turn for Bot13
[14:35:59.368] Bot13 rotated right to face SOUTH
[14:35:59.368] Bot13 executed ROTATE_RIGHT
[14:35:59.368] Starting turn for Bot17
[14:35:59.368] Bot17 rotated right to face NORTH
[14:35:59.368] Bot17 executed ROTATE_RIGHT
[14:35:59.368] Bot17 moved forward to (7,7)
[14:35:59.368] Bot17 executed MOVE_FORWARD
[14:35:59.368] Starting turn for Bot13
[14:35:59.368] Starting turn for Bot17
[14:35:59.368] Bot17 rotated left to face WEST
[14:35:59.368] Bot17 executed ROTATE_LEFT
[14:35:59.368] Bot17 moved forward to (7,6)
[14:35:59.368] Bot17 executed MOVE_FORWARD
[14:35:59.368] Starting turn for Bot13
[14:35:59.368] Bot13 rotated left to face EAST
[14:35:59.368] Bot13 executed ROTATE_LEFT
[14:35:59.368] Bot13 rotated left to face NORTH
[14:35:59.368] Bot13 executed ROTATE_LEFT
[14:35:59.368] Bot13 moved forward to (0,2)
[14:35:59.368] Bot13 executed MOVE_FORWARD
[14:35:59.368] Starting turn for Bot17
[14:35:59.368] Bot17 rotated right to face NORTH
[14:35:59.368] Bot17 executed ROTATE_RIGHT
[14:35:59.368] Starting turn for Bot13
[14:35:59.368] Bot13 rotated left to face WEST
[14:35:59.368] Bot13 executed ROTATE_LEFT
[14:35:59.368] Bot13 rotated left to face SOUTH
[14:35:59.368] Bot13 executed ROTATE_LEFT
[14:35:59.368] Bot13 moved forward to (1,2)
[14:35:59.368] Bot13 executed MOVE_FORWARD
[14:35:59.368] Starting turn for Bot17
[14:35:59.368] Starting turn for Bot13
[14:35:59.368] Starting turn for Bot17
[14:35:59.368] Bot17 rotated right to face EAST
[14:35:59.368] Bot17 executed ROTATE_RIGHT
[14:35:59.368] Bot17 moved forward to (7,7)
[14:35:59.368] Bot17 executed MOVE_FORWARD
[14:35:59.368] Starting turn for Bot13
[14:35:59.368] Starting turn for Bot17
[14:35:59.368] Bot17 rotated left to face NORTH
[14:35:59.368] Bot17 executed ROTATE_LEFT
[14:35:59.368] Bot17 rotated left to face WEST
[14:35:59.368] Bot17 executed ROTATE_LEFT
[14:35:59.368] Bot17 moved forward to (7,6)
[14:35:59.368] Bot17 executed MOVE_FORWARD
[14:35:59.368] Starting turn for Bot13
[14:35:59.368] Bot13 rotated left to face EAST
[14:35:59.368] Bot13 executed ROTATE_LEFT
[14:35:59.368] Bot13 rotated left to face NORTH
[14:35:59.368] Bot13 executed ROTATE_LEFT
[14:35:59.368] Bot13 moved forward to (0,2)
[14:35:59.368] Bot13 executed MOVE_FORWARD
[14:35:59.368] Starting turn for Bot17
[14:35:59.368] Bot17 rotated right to face NORTH
[14:35:59.368] Bot17 executed ROTATE_RIGHT
[14:35:59.368] Starting turn for Bot13
[14:35:59.368] Bot13 rotated left to face WEST
[14:35:59.368] Bot13 executed ROTATE_LEFT
[14:35:59.368] Bot13 rotated left to face SOUTH
[14:35:59.368] Bot13 executed ROTATE_LEFT
[14:35:59.368] Bot13 moved forward to (1,2)
[14:35:59.368] Bot13 executed MOVE_FORWARD
[14:35:59.368] Starting turn for Bot17
[14:35:59.368] Starting turn for Bot13
[14:35:59.368] Starting turn for Bot17
[14:35:59.368] Bot17 rotated right to face EAST
[14:35:59.368] Bot17 executed ROTATE_RIGHT
[14:35:59.368] Bot17 moved forward to (7,7)
[14:35:59.368] Bot17 executed MOVE_FORWARD
[14:35:59.368] Starting turn for Bot13
[14:35:59.368] Starting turn for Bot17
[14:35:59.368] Bot17 rotated left to face NORTH
[14:35:59.368] Bot17 executed ROTATE_LEFT
[14:35:59.368] Bot17 rotated left to face WEST
[14:35:59.368] Bot17 executed ROTATE_LEFT
[14:35:59.368] Bot17 moved forward to (7,6)
[14:35:59.368] Bot17 executed MOVE_FORWARD
[14:35:59.368] Starting turn for Bot13
[14:35:59.368] Bot13 rotated left to face EAST
[14:35:59.368] Bot13 executed ROTATE_LEFT
[14:35:59.368] Bot13 rotated left to face NORTH
[14:35:59.368] Bot13 executed ROTATE_LEFT
[14:35:59.368] Bot13 moved forward to (0,2)
[14:35:59.368] Bot13 executed MOVE_FORWARD
[14:35:59.368] Starting turn for Bot17
[14:35:59.369] Bot17 rotated right to face NORTH
[14:35:59.369] Bot17 executed ROTATE_RIGHT
[14:35:59.369] Starting turn for Bot13
[14:35:59.369] Bot13 rotated left to face WEST
[14:35:59.369] Bot13 executed ROTATE_LEFT
[14:35:59.369] Bot13 rotated left to face SOUTH
[14:35:59.369] Bot13 executed ROTATE_LEFT
[14:35:59.369] Bot13 moved forward to (1,2)
[14:35:59.369] Bot13 executed MOVE_FORWARD
[14:35:59.369] Starting turn for Bot17
[14:35:59.369] Starting turn for Bot13
[14:35:59.369] Starting turn for Bot17
[14:35:59.369] Bot17 rotated right to face EAST
[14:35:59.369] Bot17 executed ROTATE_RIGHT
[14:35:59.369] Bot17 moved forward to (7,7)
[14:35:59.369] Bot17 executed MOVE_FORWARD
[14:35:59.369] Starting turn for Bot13
[14:35:59.369] Starting turn for Bot17
[14:35:59.369] Bot17 rotated left to face NORTH
[14:35:59.369] Bot17 executed ROTATE_LEFT
[14:35:59.369] Bot17 rotated left to face WEST
[14:35:59.369] Bot17 executed ROTATE_LEFT
[14:35:59.369] Bot17 moved forward to (7,6)
[14:35:59.369] Bot17 executed MOVE_FORWARD
[14:35:59.369] Starting turn for Bot13
[14:35:59.369] Bot13 rotated left to face EAST
[14:35:59.369] Bot13 executed ROTATE_LEFT
[14:35:59.369] Bot13 rotated left to face NORTH
[14:35:59.369] Bot13 executed ROTATE_LEFT
[14:35:59.369] Bot13 moved forward to (0,2)
[14:35:59.369] Bot13 executed MOVE_FORWARD
[14:35:59.369] Starting turn for Bot17
[14:35:59.369] Bot17 rotated right to face NORTH
[14:35:59.369] Bot17 executed ROTATE_RIGHT
[14:35:59.369] Starting turn for Bot13
[14:35:59.369] Bot13 rotated left to face WEST
[14:35:59.369] Bot13 executed ROTATE_LEFT
[14:35:59.369] Bot13 rotated left to face SOUTH
[14:35:59.369] Bot13 executed ROTATE_LEFT
[14:35:59.369] Bot13 moved forward to (1,2)
[14:35:59.369] Bot13 executed MOVE_FORWARD
[14:35:59.369] Starting turn for Bot17
[14:35:59.369] Starting turn for Bot13
[14:35:59.369] Starting turn for Bot17
[14:35:59.369] Stalemate detected: State repeated 10 times, unchanged for 1 turns
[14:35:59.369] Game Over! Stalemate detected!
[14:35:59.369] Stalemate detected: State repeated 10 times, unchanged for 1 turns
