[14:35:51.454] === Game Started at 2025-02-04_14-35-51 ===
[14:35:51.454] Game initialized with 2 players
[14:35:51.454] Board size: 10
[14:35:51.454] Obstacle density: 0.05
[14:35:51.454] Max turns: 1000
[14:35:51.454] Player Bot17 starting at position (0,0) facing WEST
[14:35:51.454] Player Bot7 starting at position (9,9) facing WEST
[14:35:51.454] Obstacles at positions: (2,0) (3,4) (4,2) (5,5) (5,6)
[14:35:51.454] Starting turn for Bot17
[14:35:51.454] Bot17 rotated left to face SOUTH
[14:35:51.454] Bot17 executed ROTATE_LEFT
[14:35:51.454] Bot17 rotated left to face EAST
[14:35:51.454] Bot17 executed ROTATE_LEFT
[14:35:51.454] Bot17 moved forward to (0,1)
[14:35:51.454] Bot17 executed MOVE_FORWARD
[14:35:51.454] Starting turn for Bot7
[14:35:51.454] Bot7 moved forward to (9,8)
[14:35:51.454] Bot7 executed MOVE_FORWARD
[14:35:51.454] Starting turn for Bot17
[14:35:51.454] Bot17 rotated right to face SOUTH
[14:35:51.454] Bot17 executed ROTATE_RIGHT
[14:35:51.454] Bot17 moved forward to (1,1)
[14:35:51.454] Bot17 executed MOVE_FORWARD
[14:35:51.454] Starting turn for Bot7
[14:35:51.454] Bot7 rotated right to face NORTH
[14:35:51.454] Bot7 executed ROTATE_RIGHT
[14:35:51.454] Bot7 moved forward to (8,8)
[14:35:51.454] Bot7 executed MOVE_FORWARD
[14:35:51.454] Starting turn for Bot17
[14:35:51.454] Bot17 rotated left to face EAST
[14:35:51.454] Bot17 executed ROTATE_LEFT
[14:35:51.454] Bot17 moved forward to (1,2)
[14:35:51.454] Bot17 executed MOVE_FORWARD
[14:35:51.454] Starting turn for Bot7
[14:35:51.454] Bot7 rotated left to face WEST
[14:35:51.454] Bot7 executed ROTATE_LEFT
[14:35:51.454] Bot7 moved forward to (8,7)
[14:35:51.454] Bot7 executed MOVE_FORWARD
[14:35:51.454] Starting turn for Bot17
[14:35:51.454] Bot17 rotated right to face SOUTH
[14:35:51.454] Bot17 executed ROTATE_RIGHT
[14:35:51.454] Bot17 moved forward to (2,2)
[14:35:51.454] Bot17 executed MOVE_FORWARD
[14:35:51.454] Starting turn for Bot7
[14:35:51.454] Bot7 rotated right to face NORTH
[14:35:51.454] Bot7 executed ROTATE_RIGHT
[14:35:51.454] Bot7 moved forward to (7,7)
[14:35:51.454] Bot7 executed MOVE_FORWARD
[14:35:51.454] Starting turn for Bot17
[14:35:51.454] Bot17 rotated left to face EAST
[14:35:51.454] Bot17 executed ROTATE_LEFT
[14:35:51.454] Bot17 moved forward to (2,3)
[14:35:51.454] Bot17 executed MOVE_FORWARD
[14:35:51.454] Starting turn for Bot7
[14:35:51.454] Bot7 rotated left to face WEST
[14:35:51.454] Bot7 executed ROTATE_LEFT
[14:35:51.454] Bot7 moved forward to (7,6)
[14:35:51.454] Bot7 executed MOVE_FORWARD
[14:35:51.454] Starting turn for Bot17
[14:35:51.454] Bot17 rotated right to face SOUTH
[14:35:51.454] Bot17 executed ROTATE_RIGHT
[14:35:51.454] Bot17 moved forward to (3,3)
[14:35:51.454] Bot17 executed MOVE_FORWARD
[14:35:51.454] Starting turn for Bot7
[14:35:51.454] Bot7 rotated right to face NORTH
[14:35:51.454] Bot7 executed ROTATE_RIGHT
[14:35:51.454] Bot7 moved forward to (6,6)
[14:35:51.454] Bot7 executed MOVE_FORWARD
[14:35:51.454] Starting turn for Bot17
[14:35:51.454] Bot17 rotated left to face EAST
[14:35:51.454] Bot17 executed ROTATE_LEFT
[14:35:51.454] Starting turn for Bot7
[14:35:51.454] Bot7 rotated left to face WEST
[14:35:51.454] Bot7 executed ROTATE_LEFT
[14:35:51.454] Bot7 moved forward to (6,5)
[14:35:51.454] Bot7 executed MOVE_FORWARD
[14:35:51.454] Starting turn for Bot17
[14:35:51.454] Starting turn for Bot7
[14:35:51.454] Bot7 rotated right to face NORTH
[14:35:51.454] Bot7 executed ROTATE_RIGHT
[14:35:51.454] Starting turn for Bot17
[14:35:51.454] Bot17 rotated left to face NORTH
[14:35:51.454] Bot17 executed ROTATE_LEFT
[14:35:51.454] Bot17 moved forward to (2,3)
[14:35:51.454] Bot17 executed MOVE_FORWARD
[14:35:51.454] Starting turn for Bot7
[14:35:51.454] Starting turn for Bot17
[14:35:51.454] Bot17 rotated left to face WEST
[14:35:51.454] Bot17 executed ROTATE_LEFT
[14:35:51.454] Bot17 rotated left to face SOUTH
[14:35:51.454] Bot17 executed ROTATE_LEFT
[14:35:51.454] Bot17 moved forward to (3,3)
[14:35:51.454] Bot17 executed MOVE_FORWARD
[14:35:51.454] Starting turn for Bot7
[14:35:51.454] Bot7 rotated right to face EAST
[14:35:51.454] Bot7 executed ROTATE_RIGHT
[14:35:51.455] Bot7 moved forward to (6,6)
[14:35:51.455] Bot7 executed MOVE_FORWARD
[14:35:51.455] Starting turn for Bot17
[14:35:51.455] Bot17 rotated left to face EAST
[14:35:51.455] Bot17 executed ROTATE_LEFT
[14:35:51.455] Starting turn for Bot7
[14:35:51.455] Bot7 rotated left to face NORTH
[14:35:51.455] Bot7 executed ROTATE_LEFT
[14:35:51.455] Bot7 rotated left to face WEST
[14:35:51.455] Bot7 executed ROTATE_LEFT
[14:35:51.455] Bot7 moved forward to (6,5)
[14:35:51.455] Bot7 executed MOVE_FORWARD
[14:35:51.455] Starting turn for Bot17
[14:35:51.455] Starting turn for Bot7
[14:35:51.455] Bot7 rotated right to face NORTH
[14:35:51.455] Bot7 executed ROTATE_RIGHT
[14:35:51.455] Starting turn for Bot17
[14:35:51.455] Bot17 rotated left to face NORTH
[14:35:51.455] Bot17 executed ROTATE_LEFT
[14:35:51.455] Bot17 moved forward to (2,3)
[14:35:51.455] Bot17 executed MOVE_FORWARD
[14:35:51.455] Starting turn for Bot7
[14:35:51.455] Starting turn for Bot17
[14:35:51.455] Bot17 rotated left to face WEST
[14:35:51.455] Bot17 executed ROTATE_LEFT
[14:35:51.455] Bot17 rotated left to face SOUTH
[14:35:51.455] Bot17 executed ROTATE_LEFT
[14:35:51.455] Bot17 moved forward to (3,3)
[14:35:51.455] Bot17 executed MOVE_FORWARD
[14:35:51.455] Starting turn for Bot7
[14:35:51.455] Bot7 rotated right to face EAST
[14:35:51.455] Bot7 executed ROTATE_RIGHT
[14:35:51.455] Bot7 moved forward to (6,6)
[14:35:51.455] Bot7 executed MOVE_FORWARD
[14:35:51.455] Starting turn for Bot17
[14:35:51.455] Bot17 rotated left to face EAST
[14:35:51.455] Bot17 executed ROTATE_LEFT
[14:35:51.455] Starting turn for Bot7
[14:35:51.455] Bot7 rotated left to face NORTH
[14:35:51.455] Bot7 executed ROTATE_LEFT
[14:35:51.455] Bot7 rotated left to face WEST
[14:35:51.455] Bot7 executed ROTATE_LEFT
[14:35:51.455] Bot7 moved forward to (6,5)
[14:35:51.455] Bot7 executed MOVE_FORWARD
[14:35:51.455] Starting turn for Bot17
[14:35:51.455] Starting turn for Bot7
[14:35:51.455] Bot7 rotated right to face NORTH
[14:35:51.455] Bot7 executed ROTATE_RIGHT
[14:35:51.455] Starting turn for Bot17
[14:35:51.455] Bot17 rotated left to face NORTH
[14:35:51.455] Bot17 executed ROTATE_LEFT
[14:35:51.455] Bot17 moved forward to (2,3)
[14:35:51.455] Bot17 executed MOVE_FORWARD
[14:35:51.455] Starting turn for Bot7
[14:35:51.455] Starting turn for Bot17
[14:35:51.455] Bot17 rotated left to face WEST
[14:35:51.455] Bot17 executed ROTATE_LEFT
[14:35:51.455] Bot17 rotated left to face SOUTH
[14:35:51.455] Bot17 executed ROTATE_LEFT
[14:35:51.455] Bot17 moved forward to (3,3)
[14:35:51.455] Bot17 executed MOVE_FORWARD
[14:35:51.455] Starting turn for Bot7
[14:35:51.455] Bot7 rotated right to face EAST
[14:35:51.455] Bot7 executed ROTATE_RIGHT
[14:35:51.455] Bot7 moved forward to (6,6)
[14:35:51.455] Bot7 executed MOVE_FORWARD
[14:35:51.455] Starting turn for Bot17
[14:35:51.455] Bot17 rotated left to face EAST
[14:35:51.455] Bot17 executed ROTATE_LEFT
[14:35:51.455] Starting turn for Bot7
[14:35:51.455] Bot7 rotated left to face NORTH
[14:35:51.455] Bot7 executed ROTATE_LEFT
[14:35:51.455] Bot7 rotated left to face WEST
[14:35:51.455] Bot7 executed ROTATE_LEFT
[14:35:51.455] Bot7 moved forward to (6,5)
[14:35:51.455] Bot7 executed MOVE_FORWARD
[14:35:51.455] Starting turn for Bot17
[14:35:51.455] Starting turn for Bot7
[14:35:51.455] Bot7 rotated right to face NORTH
[14:35:51.455] Bot7 executed ROTATE_RIGHT
[14:35:51.455] Starting turn for Bot17
[14:35:51.455] Bot17 rotated left to face NORTH
[14:35:51.455] Bot17 executed ROTATE_LEFT
[14:35:51.455] Bot17 moved forward to (2,3)
[14:35:51.455] Bot17 executed MOVE_FORWARD
[14:35:51.455] Starting turn for Bot7
[14:35:51.455] Starting turn for Bot17
[14:35:51.455] Bot17 rotated left to face WEST
[14:35:51.455] Bot17 executed ROTATE_LEFT
[14:35:51.455] Bot17 rotated left to face SOUTH
[14:35:51.455] Bot17 executed ROTATE_LEFT
[14:35:51.455] Bot17 moved forward to (3,3)
[14:35:51.455] Bot17 executed MOVE_FORWARD
[14:35:51.455] Starting turn for Bot7
[14:35:51.455] Bot7 rotated right to face EAST
[14:35:51.455] Bot7 executed ROTATE_RIGHT
[14:35:51.455] Bot7 moved forward to (6,6)
[14:35:51.455] Bot7 executed MOVE_FORWARD
[14:35:51.455] Starting turn for Bot17
[14:35:51.455] Bot17 rotated left to face EAST
[14:35:51.455] Bot17 executed ROTATE_LEFT
[14:35:51.455] Starting turn for Bot7
[14:35:51.455] Bot7 rotated left to face NORTH
[14:35:51.455] Bot7 executed ROTATE_LEFT
[14:35:51.455] Bot7 rotated left to face WEST
[14:35:51.455] Bot7 executed ROTATE_LEFT
[14:35:51.455] Bot7 moved forward to (6,5)
[14:35:51.455] Bot7 executed MOVE_FORWARD
[14:35:51.455] Starting turn for Bot17
[14:35:51.455] Starting turn for Bot7
[14:35:51.455] Stalemate detected: State repeated 10 times, unchanged for 2 turns
[14:35:51.455] Game Over! Stalemate detected!
[14:35:51.455] Stalemate detected: State repeated 10 times, unchanged for 2 turns
