[14:35:57.239] === Game Started at 2025-02-04_14-35-57 ===
[14:35:57.239] Game initialized with 2 players
[14:35:57.239] Board size: 10
[14:35:57.239] Obstacle density: 0.05
[14:35:57.239] Max turns: 1000
[14:35:57.239] Player Bot11 starting at position (0,0) facing SOUTH
[14:35:57.239] Player Bot20 starting at position (9,9) facing NORTH
[14:35:57.239] Obstacles at positions: (1,1) (2,3) (3,9) (6,6) (8,5)
[14:35:57.239] Starting turn for Bot11
[14:35:57.239] Bot11 rotated left to face EAST
[14:35:57.239] Bot11 executed ROTATE_LEFT
[14:35:57.239] Bot11 moved forward to (0,1)
[14:35:57.239] Bot11 executed MOVE_FORWARD
[14:35:57.239] Starting turn for Bot20
[14:35:57.239] Bot20 rotated left to face WEST
[14:35:57.239] Bot20 executed ROTATE_LEFT
[14:35:57.239] Bot20 moved forward to (9,8)
[14:35:57.239] Bot20 executed MOVE_FORWARD
[14:35:57.239] Starting turn for Bot11
[14:35:57.239] Bot11 rotated right to face SOUTH
[14:35:57.239] Bot11 executed ROTATE_RIGHT
[14:35:57.239] Starting turn for Bot20
[14:35:57.239] Bot20 rotated right to face NORTH
[14:35:57.239] Bot20 executed ROTATE_RIGHT
[14:35:57.239] Bot20 moved forward to (8,8)
[14:35:57.239] Bot20 executed MOVE_FORWARD
[14:35:57.239] Starting turn for Bot11
[14:35:57.239] Starting turn for Bot20
[14:35:57.239] Bot20 rotated left to face WEST
[14:35:57.239] Bot20 executed ROTATE_LEFT
[14:35:57.239] Bot20 moved forward to (8,7)
[14:35:57.239] Bot20 executed MOVE_FORWARD
[14:35:57.239] Starting turn for Bot11
[14:35:57.239] Bot11 rotated left to face EAST
[14:35:57.239] Bot11 executed ROTATE_LEFT
[14:35:57.239] Bot11 moved forward to (0,2)
[14:35:57.239] Bot11 executed MOVE_FORWARD
[14:35:57.239] Starting turn for Bot20
[14:35:57.239] Bot20 rotated right to face NORTH
[14:35:57.239] Bot20 executed ROTATE_RIGHT
[14:35:57.239] Bot20 moved forward to (7,7)
[14:35:57.239] Bot20 executed MOVE_FORWARD
[14:35:57.239] Starting turn for Bot11
[14:35:57.239] Bot11 rotated right to face SOUTH
[14:35:57.239] Bot11 executed ROTATE_RIGHT
[14:35:57.239] Bot11 moved forward to (1,2)
[14:35:57.239] Bot11 executed MOVE_FORWARD
[14:35:57.239] Starting turn for Bot20
[14:35:57.239] Bot20 rotated left to face WEST
[14:35:57.239] Bot20 executed ROTATE_LEFT
[14:35:57.239] Bot20 moved forward to (7,6)
[14:35:57.239] Bot20 executed MOVE_FORWARD
[14:35:57.239] Starting turn for Bot11
[14:35:57.239] Bot11 moved forward to (2,2)
[14:35:57.239] Bot11 executed MOVE_FORWARD
[14:35:57.239] Starting turn for Bot20
[14:35:57.239] Bot20 rotated right to face NORTH
[14:35:57.239] Bot20 executed ROTATE_RIGHT
[14:35:57.239] Starting turn for Bot11
[14:35:57.239] Bot11 rotated left to face EAST
[14:35:57.239] Bot11 executed ROTATE_LEFT
[14:35:57.239] Starting turn for Bot20
[14:35:57.239] Starting turn for Bot11
[14:35:57.239] Starting turn for Bot20
[14:35:57.239] Bot20 rotated right to face EAST
[14:35:57.239] Bot20 executed ROTATE_RIGHT
[14:35:57.239] Bot20 moved forward to (7,7)
[14:35:57.239] Bot20 executed MOVE_FORWARD
[14:35:57.239] Starting turn for Bot11
[14:35:57.239] Bot11 rotated left to face NORTH
[14:35:57.239] Bot11 executed ROTATE_LEFT
[14:35:57.239] Bot11 moved forward to (1,2)
[14:35:57.239] Bot11 executed MOVE_FORWARD
[14:35:57.239] Starting turn for Bot20
[14:35:57.239] Bot20 rotated left to face NORTH
[14:35:57.239] Bot20 executed ROTATE_LEFT
[14:35:57.239] Bot20 rotated left to face WEST
[14:35:57.239] Bot20 executed ROTATE_LEFT
[14:35:57.239] Bot20 moved forward to (7,6)
[14:35:57.239] Bot20 executed MOVE_FORWARD
[14:35:57.239] Starting turn for Bot11
[14:35:57.239] Bot11 rotated left to face WEST
[14:35:57.239] Bot11 executed ROTATE_LEFT
[14:35:57.239] Bot11 rotated left to face SOUTH
[14:35:57.239] Bot11 executed ROTATE_LEFT
[14:35:57.239] Bot11 moved forward to (2,2)
[14:35:57.239] Bot11 executed MOVE_FORWARD
[14:35:57.239] Starting turn for Bot20
[14:35:57.239] Bot20 rotated right to face NORTH
[14:35:57.239] Bot20 executed ROTATE_RIGHT
[14:35:57.240] Starting turn for Bot11
[14:35:57.240] Bot11 rotated left to face EAST
[14:35:57.240] Bot11 executed ROTATE_LEFT
[14:35:57.240] Starting turn for Bot20
[14:35:57.240] Starting turn for Bot11
[14:35:57.240] Starting turn for Bot20
[14:35:57.240] Bot20 rotated right to face EAST
[14:35:57.240] Bot20 executed ROTATE_RIGHT
[14:35:57.240] Bot20 moved forward to (7,7)
[14:35:57.240] Bot20 executed MOVE_FORWARD
[14:35:57.240] Starting turn for Bot11
[14:35:57.240] Bot11 rotated left to face NORTH
[14:35:57.240] Bot11 executed ROTATE_LEFT
[14:35:57.240] Bot11 moved forward to (1,2)
[14:35:57.240] Bot11 executed MOVE_FORWARD
[14:35:57.240] Starting turn for Bot20
[14:35:57.240] Bot20 rotated left to face NORTH
[14:35:57.240] Bot20 executed ROTATE_LEFT
[14:35:57.240] Bot20 rotated left to face WEST
[14:35:57.240] Bot20 executed ROTATE_LEFT
[14:35:57.240] Bot20 moved forward to (7,6)
[14:35:57.240] Bot20 executed MOVE_FORWARD
[14:35:57.240] Starting turn for Bot11
[14:35:57.240] Bot11 rotated left to face WEST
[14:35:57.240] Bot11 executed ROTATE_LEFT
[14:35:57.240] Bot11 rotated left to face SOUTH
[14:35:57.240] Bot11 executed ROTATE_LEFT
[14:35:57.240] Bot11 moved forward to (2,2)
[14:35:57.240] Bot11 executed MOVE_FORWARD
[14:35:57.240] Starting turn for Bot20
[14:35:57.240] Bot20 rotated right to face NORTH
[14:35:57.240] Bot20 executed ROTATE_RIGHT
[14:35:57.240] Starting turn for Bot11
[14:35:57.240] Bot11 rotated left to face EAST
[14:35:57.240] Bot11 executed ROTATE_LEFT
[14:35:57.240] Starting turn for Bot20
[14:35:57.240] Starting turn for Bot11
[14:35:57.240] Starting turn for Bot20
[14:35:57.240] Bot20 rotated right to face EAST
[14:35:57.240] Bot20 executed ROTATE_RIGHT
[14:35:57.240] Bot20 moved forward to (7,7)
[14:35:57.240] Bot20 executed MOVE_FORWARD
[14:35:57.240] Starting turn for Bot11
[14:35:57.240] Bot11 rotated left to face NORTH
[14:35:57.240] Bot11 executed ROTATE_LEFT
[14:35:57.240] Bot11 moved forward to (1,2)
[14:35:57.240] Bot11 executed MOVE_FORWARD
[14:35:57.240] Starting turn for Bot20
[14:35:57.240] Bot20 rotated left to face NORTH
[14:35:57.240] Bot20 executed ROTATE_LEFT
[14:35:57.240] Bot20 rotated left to face WEST
[14:35:57.240] Bot20 executed ROTATE_LEFT
[14:35:57.240] Bot20 moved forward to (7,6)
[14:35:57.240] Bot20 executed MOVE_FORWARD
[14:35:57.240] Starting turn for Bot11
[14:35:57.240] Bot11 rotated left to face WEST
[14:35:57.240] Bot11 executed ROTATE_LEFT
[14:35:57.240] Bot11 rotated left to face SOUTH
[14:35:57.240] Bot11 executed ROTATE_LEFT
[14:35:57.240] Bot11 moved forward to (2,2)
[14:35:57.240] Bot11 executed MOVE_FORWARD
[14:35:57.240] Starting turn for Bot20
[14:35:57.240] Bot20 rotated right to face NORTH
[14:35:57.240] Bot20 executed ROTATE_RIGHT
[14:35:57.240] Starting turn for Bot11
[14:35:57.240] Bot11 rotated left to face EAST
[14:35:57.240] Bot11 executed ROTATE_LEFT
[14:35:57.240] Starting turn for Bot20
[14:35:57.240] Starting turn for Bot11
[14:35:57.240] Starting turn for Bot20
[14:35:57.240] Stalemate detected: State repeated 10 times, unchanged for 1 turns
[14:35:57.240] Game Over! Stalemate detected!
[14:35:57.240] Stalemate detected: State repeated 10 times, unchanged for 1 turns
