[14:35:58.685] === Game Started at 2025-02-04_14-35-58 ===
[14:35:58.685] Game initialized with 2 players
[14:35:58.685] Board size: 10
[14:35:58.685] Obstacle density: 0.05
[14:35:58.685] Max turns: 1000
[14:35:58.685] Player Bot26 starting at position (0,0) facing NORTH
[14:35:58.685] Player Bot12 starting at position (9,9) facing SOUTH
[14:35:58.685] Obstacles at positions: (3,2) (5,2) (7,2) (8,1) (8,4)
[14:35:58.685] Starting turn for Bot26
[14:35:58.685] Bot26 rotated right to face EAST
[14:35:58.685] Bot26 executed ROTATE_RIGHT
[14:35:58.685] Bot26 moved forward to (0,1)
[14:35:58.685] Bot26 executed MOVE_FORWARD
[14:35:58.685] Starting turn for Bot12
[14:35:58.685] Bot12 rotated right to face WEST
[14:35:58.685] Bot12 executed ROTATE_RIGHT
[14:35:58.685] Bot12 moved forward to (9,8)
[14:35:58.685] Bot12 executed MOVE_FORWARD
[14:35:58.685] Starting turn for Bot26
[14:35:58.685] Bot26 rotated right to face SOUTH
[14:35:58.685] Bot26 executed ROTATE_RIGHT
[14:35:58.685] Bot26 moved forward to (1,1)
[14:35:58.685] Bot26 executed MOVE_FORWARD
[14:35:58.685] Starting turn for Bot12
[14:35:58.685] Bot12 rotated right to face NORTH
[14:35:58.685] Bot12 executed ROTATE_RIGHT
[14:35:58.685] Bot12 moved forward to (8,8)
[14:35:58.685] Bot12 executed MOVE_FORWARD
[14:35:58.685] Starting turn for Bot26
[14:35:58.685] Bot26 rotated left to face EAST
[14:35:58.685] Bot26 executed ROTATE_LEFT
[14:35:58.685] Bot26 moved forward to (1,2)
[14:35:58.685] Bot26 executed MOVE_FORWARD
[14:35:58.685] Starting turn for Bot12
[14:35:58.685] Bot12 rotated left to face WEST
[14:35:58.685] Bot12 executed ROTATE_LEFT
[14:35:58.685] Bot12 moved forward to (8,7)
[14:35:58.685] Bot12 executed MOVE_FORWARD
[14:35:58.685] Starting turn for Bot26
[14:35:58.685] Bot26 rotated right to face SOUTH
[14:35:58.685] Bot26 executed ROTATE_RIGHT
[14:35:58.685] Bot26 moved forward to (2,2)
[14:35:58.685] Bot26 executed MOVE_FORWARD
[14:35:58.685] Starting turn for Bot12
[14:35:58.685] Bot12 rotated right to face NORTH
[14:35:58.685] Bot12 executed ROTATE_RIGHT
[14:35:58.685] Bot12 moved forward to (7,7)
[14:35:58.685] Bot12 executed MOVE_FORWARD
[14:35:58.685] Starting turn for Bot26
[14:35:58.685] Bot26 rotated left to face EAST
[14:35:58.685] Bot26 executed ROTATE_LEFT
[14:35:58.685] Bot26 moved forward to (2,3)
[14:35:58.685] Bot26 executed MOVE_FORWARD
[14:35:58.685] Starting turn for Bot12
[14:35:58.685] Bot12 rotated left to face WEST
[14:35:58.685] Bot12 executed ROTATE_LEFT
[14:35:58.685] Bot12 moved forward to (7,6)
[14:35:58.685] Bot12 executed MOVE_FORWARD
[14:35:58.685] Starting turn for Bot26
[14:35:58.685] Bot26 rotated right to face SOUTH
[14:35:58.685] Bot26 executed ROTATE_RIGHT
[14:35:58.685] Bot26 moved forward to (3,3)
[14:35:58.685] Bot26 executed MOVE_FORWARD
[14:35:58.685] Starting turn for Bot12
[14:35:58.685] Bot12 rotated right to face NORTH
[14:35:58.686] Bot12 executed ROTATE_RIGHT
[14:35:58.686] Bot12 moved forward to (6,6)
[14:35:58.686] Bot12 executed MOVE_FORWARD
[14:35:58.686] Starting turn for Bot26
[14:35:58.686] Bot26 rotated left to face EAST
[14:35:58.686] Bot26 executed ROTATE_LEFT
[14:35:58.686] Bot26 moved forward to (3,4)
[14:35:58.686] Bot26 executed MOVE_FORWARD
[14:35:58.686] Starting turn for Bot12
[14:35:58.686] Bot12 rotated left to face WEST
[14:35:58.686] Bot12 executed ROTATE_LEFT
[14:35:58.686] Bot12 moved forward to (6,5)
[14:35:58.686] Bot12 executed MOVE_FORWARD
[14:35:58.686] Starting turn for Bot26
[14:35:58.686] Bot26 rotated right to face SOUTH
[14:35:58.686] Bot26 executed ROTATE_RIGHT
[14:35:58.686] Bot26 moved forward to (4,4)
[14:35:58.686] Bot26 executed MOVE_FORWARD
[14:35:58.686] Starting turn for Bot12
[14:35:58.686] Bot12 rotated right to face NORTH
[14:35:58.686] Bot12 executed ROTATE_RIGHT
[14:35:58.686] Bot12 moved forward to (5,5)
[14:35:58.686] Bot12 executed MOVE_FORWARD
[14:35:58.686] Starting turn for Bot26
[14:35:58.686] Bot26 rotated left to face EAST
[14:35:58.686] Bot26 executed ROTATE_LEFT
[14:35:58.686] Bot26 moved forward to (4,5)
[14:35:58.686] Bot26 executed MOVE_FORWARD
[14:35:58.686] Starting turn for Bot12
[14:35:58.686] Bot12 shooting in direction NORTH
[14:35:58.686] Bot12 hit Bot26 for 25 damage (health: 100 -> 75)
[14:35:58.686] Bot12 executed SHOOT
[14:35:58.686] Starting turn for Bot26
[14:35:58.686] Bot26 rotated right to face SOUTH
[14:35:58.686] Bot26 executed ROTATE_RIGHT
[14:35:58.686] Starting turn for Bot12
[14:35:58.686] Bot12 shooting in direction NORTH
[14:35:58.686] Bot12 hit Bot26 for 25 damage (health: 75 -> 50)
[14:35:58.686] Bot12 executed SHOOT
[14:35:58.686] Starting turn for Bot26
[14:35:58.686] Bot26 shooting in direction SOUTH
[14:35:58.686] Bot26 hit Bot12 for 25 damage (health: 100 -> 75)
[14:35:58.686] Bot26 executed SHOOT
[14:35:58.686] Starting turn for Bot12
[14:35:58.686] Bot12 shooting in direction NORTH
[14:35:58.686] Bot12 hit Bot26 for 25 damage (health: 50 -> 25)
[14:35:58.686] Bot12 executed SHOOT
[14:35:58.686] Starting turn for Bot26
[14:35:58.686] Bot26 shooting in direction SOUTH
[14:35:58.686] Bot26 hit Bot12 for 25 damage (health: 75 -> 50)
[14:35:58.686] Bot26 executed SHOOT
[14:35:58.686] Starting turn for Bot12
[14:35:58.686] Bot12 shooting in direction NORTH
[14:35:58.686] Bot12 hit Bot26 for 25 damage (health: 25 -> 0)
[14:35:58.686] Bot26 was destroyed!
[14:35:58.686] Bot12 is the last tank standing!
[14:35:58.686] Bot12 executed SHOOT
[14:35:58.686] Game Over! Bot12 wins!
[14:35:58.686] === Game Ended ===
