[14:35:59.828] === Game Started at 2025-02-04_14-35-59 ===
[14:35:59.828] Game initialized with 2 players
[14:35:59.828] Board size: 10
[14:35:59.828] Obstacle density: 0.05
[14:35:59.828] Max turns: 1000
[14:35:59.828] Player Bot26 starting at position (0,0) facing EAST
[14:35:59.828] Player Bot13 starting at position (9,9) facing WEST
[14:35:59.828] Obstacles at positions: (0,3) (1,8) (2,2) (9,2) (9,4)
[14:35:59.828] Starting turn for Bot26
[14:35:59.828] Bot26 moved forward to (0,1)
[14:35:59.828] Bot26 executed MOVE_FORWARD
[14:35:59.828] Starting turn for Bot13
[14:35:59.828] Bot13 moved forward to (9,8)
[14:35:59.828] Bot13 executed MOVE_FORWARD
[14:35:59.828] Starting turn for Bot26
[14:35:59.828] Bot26 rotated right to face SOUTH
[14:35:59.828] Bot26 executed ROTATE_RIGHT
[14:35:59.828] Bot26 moved forward to (1,1)
[14:35:59.828] Bot26 executed MOVE_FORWARD
[14:35:59.828] Starting turn for Bot13
[14:35:59.828] Bot13 rotated right to face NORTH
[14:35:59.828] Bot13 executed ROTATE_RIGHT
[14:35:59.828] Bot13 moved forward to (8,8)
[14:35:59.828] Bot13 executed MOVE_FORWARD
[14:35:59.828] Starting turn for Bot26
[14:35:59.828] Bot26 rotated left to face EAST
[14:35:59.828] Bot26 executed ROTATE_LEFT
[14:35:59.828] Bot26 moved forward to (1,2)
[14:35:59.828] Bot26 executed MOVE_FORWARD
[14:35:59.828] Starting turn for Bot13
[14:35:59.828] Bot13 rotated left to face WEST
[14:35:59.828] Bot13 executed ROTATE_LEFT
[14:35:59.828] Bot13 moved forward to (8,7)
[14:35:59.828] Bot13 executed MOVE_FORWARD
[14:35:59.828] Starting turn for Bot26
[14:35:59.828] Bot26 rotated right to face SOUTH
[14:35:59.828] Bot26 executed ROTATE_RIGHT
[14:35:59.828] Starting turn for Bot13
[14:35:59.828] Bot13 rotated right to face NORTH
[14:35:59.828] Bot13 executed ROTATE_RIGHT
[14:35:59.828] Bot13 moved forward to (7,7)
[14:35:59.828] Bot13 executed MOVE_FORWARD
[14:35:59.828] Starting turn for Bot26
[14:35:59.828] Starting turn for Bot13
[14:35:59.828] Bot13 rotated left to face WEST
[14:35:59.828] Bot13 executed ROTATE_LEFT
[14:35:59.828] Bot13 moved forward to (7,6)
[14:35:59.828] Bot13 executed MOVE_FORWARD
[14:35:59.828] Starting turn for Bot26
[14:35:59.828] Bot26 rotated left to face EAST
[14:35:59.828] Bot26 executed ROTATE_LEFT
[14:35:59.828] Bot26 rotated left to face NORTH
[14:35:59.828] Bot26 executed ROTATE_LEFT
[14:35:59.828] Bot26 moved forward to (0,2)
[14:35:59.828] Bot26 executed MOVE_FORWARD
[14:35:59.828] Starting turn for Bot13
[14:35:59.828] Bot13 rotated right to face NORTH
[14:35:59.828] Bot13 executed ROTATE_RIGHT
[14:35:59.828] Bot13 moved forward to (6,6)
[14:35:59.828] Bot13 executed MOVE_FORWARD
[14:35:59.828] Starting turn for Bot26
[14:35:59.828] Bot26 rotated left to face WEST
[14:35:59.828] Bot26 executed ROTATE_LEFT
[14:35:59.828] Bot26 rotated left to face SOUTH
[14:35:59.828] Bot26 executed ROTATE_LEFT
[14:35:59.828] Bot26 moved forward to (1,2)
[14:35:59.828] Bot26 executed MOVE_FORWARD
[14:35:59.828] Starting turn for Bot13
[14:35:59.828] Bot13 rotated left to face WEST
[14:35:59.828] Bot13 executed ROTATE_LEFT
[14:35:59.828] Bot13 moved forward to (6,5)
[14:35:59.828] Bot13 executed MOVE_FORWARD
[14:35:59.828] Starting turn for Bot26
[14:35:59.829] Starting turn for Bot13
[14:35:59.829] Bot13 rotated right to face NORTH
[14:35:59.829] Bot13 executed ROTATE_RIGHT
[14:35:59.829] Bot13 moved forward to (5,5)
[14:35:59.829] Bot13 executed MOVE_FORWARD
[14:35:59.829] Starting turn for Bot26
[14:35:59.829] Starting turn for Bot13
[14:35:59.829] Starting turn for Bot26
[14:35:59.829] Bot26 rotated left to face EAST
[14:35:59.829] Bot26 executed ROTATE_LEFT
[14:35:59.829] Bot26 rotated left to face NORTH
[14:35:59.829] Bot26 executed ROTATE_LEFT
[14:35:59.829] Bot26 moved forward to (0,2)
[14:35:59.829] Bot26 executed MOVE_FORWARD
[14:35:59.829] Starting turn for Bot13
[14:35:59.829] Starting turn for Bot26
[14:35:59.829] Bot26 rotated left to face WEST
[14:35:59.829] Bot26 executed ROTATE_LEFT
[14:35:59.829] Bot26 rotated left to face SOUTH
[14:35:59.829] Bot26 executed ROTATE_LEFT
[14:35:59.829] Bot26 moved forward to (1,2)
[14:35:59.829] Bot26 executed MOVE_FORWARD
[14:35:59.829] Starting turn for Bot13
[14:35:59.829] Starting turn for Bot26
[14:35:59.829] Starting turn for Bot13
[14:35:59.829] Starting turn for Bot26
[14:35:59.829] Starting turn for Bot13
[14:35:59.829] Starting turn for Bot26
[14:35:59.829] Bot26 rotated left to face EAST
[14:35:59.829] Bot26 executed ROTATE_LEFT
[14:35:59.829] Bot26 rotated left to face NORTH
[14:35:59.829] Bot26 executed ROTATE_LEFT
[14:35:59.829] Bot26 moved forward to (0,2)
[14:35:59.829] Bot26 executed MOVE_FORWARD
[14:35:59.829] Starting turn for Bot13
[14:35:59.829] Starting turn for Bot26
[14:35:59.829] Bot26 rotated left to face WEST
[14:35:59.829] Bot26 executed ROTATE_LEFT
[14:35:59.829] Bot26 rotated left to face SOUTH
[14:35:59.829] Bot26 executed ROTATE_LEFT
[14:35:59.829] Bot26 moved forward to (1,2)
[14:35:59.829] Bot26 executed MOVE_FORWARD
[14:35:59.829] Starting turn for Bot13
[14:35:59.829] Starting turn for Bot26
[14:35:59.829] Starting turn for Bot13
[14:35:59.829] Starting turn for Bot26
[14:35:59.829] Starting turn for Bot13
[14:35:59.829] Starting turn for Bot26
[14:35:59.829] Bot26 rotated left to face EAST
[14:35:59.829] Bot26 executed ROTATE_LEFT
[14:35:59.829] Bot26 rotated left to face NORTH
[14:35:59.829] Bot26 executed ROTATE_LEFT
[14:35:59.829] Bot26 moved forward to (0,2)
[14:35:59.829] Bot26 executed MOVE_FORWARD
[14:35:59.829] Starting turn for Bot13
[14:35:59.829] Starting turn for Bot26
[14:35:59.829] Bot26 rotated left to face WEST
[14:35:59.829] Bot26 executed ROTATE_LEFT
[14:35:59.829] Bot26 rotated left to face SOUTH
[14:35:59.829] Bot26 executed ROTATE_LEFT
[14:35:59.829] Bot26 moved forward to (1,2)
[14:35:59.829] Bot26 executed MOVE_FORWARD
[14:35:59.829] Starting turn for Bot13
[14:35:59.829] Starting turn for Bot26
[14:35:59.829] Starting turn for Bot13
[14:35:59.829] Stalemate detected: State repeated 10 times, unchanged for 1 turns
[14:35:59.829] Game Over! Stalemate detected!
[14:35:59.829] Stalemate detected: State repeated 10 times, unchanged for 1 turns
