[14:35:48.846] === Game Started at 2025-02-04_14-35-48 ===
[14:35:48.846] Game initialized with 2 players
[14:35:48.846] Board size: 10
[14:35:48.846] Obstacle density: 0.05
[14:35:48.846] Max turns: 1000
[14:35:48.846] Player Bot37 starting at position (0,0) facing EAST
[14:35:48.846] Player Bot5 starting at position (9,9) facing SOUTH
[14:35:48.846] Obstacles at positions: (2,7) (4,4) (4,9) (5,1) (8,7)
[14:35:48.846] Starting turn for Bot37
[14:35:48.846] Bot37 moved forward to (0,1)
[14:35:48.846] Bot37 executed MOVE_FORWARD
[14:35:48.846] Starting turn for Bot5
[14:35:48.846] Bot5 rotated right to face WEST
[14:35:48.846] Bot5 executed ROTATE_RIGHT
[14:35:48.846] Bot5 moved forward to (9,8)
[14:35:48.846] Bot5 executed MOVE_FORWARD
[14:35:48.846] Starting turn for Bot37
[14:35:48.846] Bot37 rotated right to face SOUTH
[14:35:48.846] Bot37 executed ROTATE_RIGHT
[14:35:48.846] Bot37 moved forward to (1,1)
[14:35:48.846] Bot37 executed MOVE_FORWARD
[14:35:48.846] Starting turn for Bot5
[14:35:48.846] Bot5 rotated right to face NORTH
[14:35:48.846] Bot5 executed ROTATE_RIGHT
[14:35:48.846] Bot5 moved forward to (8,8)
[14:35:48.846] Bot5 executed MOVE_FORWARD
[14:35:48.846] Starting turn for Bot37
[14:35:48.846] Bot37 rotated left to face EAST
[14:35:48.846] Bot37 executed ROTATE_LEFT
[14:35:48.846] Bot37 moved forward to (1,2)
[14:35:48.846] Bot37 executed MOVE_FORWARD
[14:35:48.846] Starting turn for Bot5
[14:35:48.846] Bot5 rotated left to face WEST
[14:35:48.846] Bot5 executed ROTATE_LEFT
[14:35:48.846] Starting turn for Bot37
[14:35:48.846] Bot37 rotated right to face SOUTH
[14:35:48.846] Bot37 executed ROTATE_RIGHT
[14:35:48.846] Bot37 moved forward to (2,2)
[14:35:48.846] Bot37 executed MOVE_FORWARD
[14:35:48.846] Starting turn for Bot5
[14:35:48.846] Starting turn for Bot37
[14:35:48.846] Bot37 rotated left to face EAST
[14:35:48.847] Bot37 executed ROTATE_LEFT
[14:35:48.847] Bot37 moved forward to (2,3)
[14:35:48.847] Bot37 executed MOVE_FORWARD
[14:35:48.847] Starting turn for Bot5
[14:35:48.847] Bot5 rotated right to face NORTH
[14:35:48.847] Bot5 executed ROTATE_RIGHT
[14:35:48.847] Bot5 moved forward to (7,8)
[14:35:48.847] Bot5 executed MOVE_FORWARD
[14:35:48.847] Starting turn for Bot37
[14:35:48.847] Bot37 rotated right to face SOUTH
[14:35:48.847] Bot37 executed ROTATE_RIGHT
[14:35:48.847] Bot37 moved forward to (3,3)
[14:35:48.847] Bot37 executed MOVE_FORWARD
[14:35:48.847] Starting turn for Bot5
[14:35:48.847] Bot5 rotated left to face WEST
[14:35:48.847] Bot5 executed ROTATE_LEFT
[14:35:48.847] Bot5 moved forward to (7,7)
[14:35:48.847] Bot5 executed MOVE_FORWARD
[14:35:48.847] Starting turn for Bot37
[14:35:48.847] Bot37 rotated left to face EAST
[14:35:48.847] Bot37 executed ROTATE_LEFT
[14:35:48.847] Bot37 moved forward to (3,4)
[14:35:48.847] Bot37 executed MOVE_FORWARD
[14:35:48.847] Starting turn for Bot5
[14:35:48.847] Bot5 moved forward to (7,6)
[14:35:48.847] Bot5 executed MOVE_FORWARD
[14:35:48.847] Starting turn for Bot37
[14:35:48.847] Bot37 rotated right to face SOUTH
[14:35:48.847] Bot37 executed ROTATE_RIGHT
[14:35:48.847] Starting turn for Bot5
[14:35:48.847] Bot5 rotated right to face NORTH
[14:35:48.847] Bot5 executed ROTATE_RIGHT
[14:35:48.847] Bot5 moved forward to (6,6)
[14:35:48.847] Bot5 executed MOVE_FORWARD
[14:35:48.847] Starting turn for Bot37
[14:35:48.847] Starting turn for Bot5
[14:35:48.847] Bot5 rotated left to face WEST
[14:35:48.847] Bot5 executed ROTATE_LEFT
[14:35:48.847] Bot5 moved forward to (6,5)
[14:35:48.847] Bot5 executed MOVE_FORWARD
[14:35:48.847] Starting turn for Bot37
[14:35:48.847] Bot37 rotated left to face EAST
[14:35:48.847] Bot37 executed ROTATE_LEFT
[14:35:48.847] Bot37 rotated left to face NORTH
[14:35:48.847] Bot37 executed ROTATE_LEFT
[14:35:48.847] Bot37 moved forward to (2,4)
[14:35:48.847] Bot37 executed MOVE_FORWARD
[14:35:48.847] Starting turn for Bot5
[14:35:48.847] Bot5 rotated right to face NORTH
[14:35:48.847] Bot5 executed ROTATE_RIGHT
[14:35:48.847] Bot5 moved forward to (5,5)
[14:35:48.847] Bot5 executed MOVE_FORWARD
[14:35:48.847] Starting turn for Bot37
[14:35:48.847] Bot37 rotated left to face WEST
[14:35:48.847] Bot37 executed ROTATE_LEFT
[14:35:48.847] Bot37 rotated left to face SOUTH
[14:35:48.847] Bot37 executed ROTATE_LEFT
[14:35:48.847] Bot37 moved forward to (3,4)
[14:35:48.847] Bot37 executed MOVE_FORWARD
[14:35:48.847] Starting turn for Bot5
[14:35:48.847] Starting turn for Bot37
[14:35:48.847] Starting turn for Bot5
[14:35:48.847] Starting turn for Bot37
[14:35:48.847] Starting turn for Bot5
[14:35:48.847] Starting turn for Bot37
[14:35:48.847] Bot37 rotated left to face EAST
[14:35:48.847] Bot37 executed ROTATE_LEFT
[14:35:48.847] Bot37 rotated left to face NORTH
[14:35:48.847] Bot37 executed ROTATE_LEFT
[14:35:48.847] Bot37 moved forward to (2,4)
[14:35:48.847] Bot37 executed MOVE_FORWARD
[14:35:48.847] Starting turn for Bot5
[14:35:48.847] Starting turn for Bot37
[14:35:48.847] Bot37 rotated left to face WEST
[14:35:48.847] Bot37 executed ROTATE_LEFT
[14:35:48.847] Bot37 rotated left to face SOUTH
[14:35:48.847] Bot37 executed ROTATE_LEFT
[14:35:48.847] Bot37 moved forward to (3,4)
[14:35:48.847] Bot37 executed MOVE_FORWARD
[14:35:48.847] Starting turn for Bot5
[14:35:48.847] Starting turn for Bot37
[14:35:48.847] Starting turn for Bot5
[14:35:48.847] Starting turn for Bot37
[14:35:48.847] Starting turn for Bot5
[14:35:48.847] Starting turn for Bot37
[14:35:48.847] Bot37 rotated left to face EAST
[14:35:48.847] Bot37 executed ROTATE_LEFT
[14:35:48.847] Bot37 rotated left to face NORTH
[14:35:48.847] Bot37 executed ROTATE_LEFT
[14:35:48.847] Bot37 moved forward to (2,4)
[14:35:48.847] Bot37 executed MOVE_FORWARD
[14:35:48.847] Starting turn for Bot5
[14:35:48.847] Starting turn for Bot37
[14:35:48.847] Bot37 rotated left to face WEST
[14:35:48.847] Bot37 executed ROTATE_LEFT
[14:35:48.847] Bot37 rotated left to face SOUTH
[14:35:48.847] Bot37 executed ROTATE_LEFT
[14:35:48.847] Bot37 moved forward to (3,4)
[14:35:48.847] Bot37 executed MOVE_FORWARD
[14:35:48.847] Starting turn for Bot5
[14:35:48.847] Starting turn for Bot37
[14:35:48.847] Starting turn for Bot5
[14:35:48.847] Stalemate detected: State repeated 10 times, unchanged for 1 turns
[14:35:48.847] Game Over! Stalemate detected!
[14:35:48.847] Stalemate detected: State repeated 10 times, unchanged for 1 turns
