[14:35:47.029] === Game Started at 2025-02-04_14-35-47 ===
[14:35:47.029] Game initialized with 2 players
[14:35:47.029] Board size: 10
[14:35:47.029] Obstacle density: 0.05
[14:35:47.029] Max turns: 1000
[14:35:47.029] Player Bot38 starting at position (0,0) facing SOUTH
[14:35:47.029] Player Bot4 starting at position (9,9) facing EAST
[14:35:47.029] Obstacles at positions: (0,2) (1,2) (1,8) (3,3) (4,4)
[14:35:47.029] Starting turn for Bot38
[14:35:47.029] Bot38 rotated left to face EAST
[14:35:47.029] Bot38 executed ROTATE_LEFT
[14:35:47.029] Bot38 moved forward to (0,1)
[14:35:47.030] Bot38 executed MOVE_FORWARD
[14:35:47.030] Starting turn for Bot4
[14:35:47.030] Bot4 rotated left to face NORTH
[14:35:47.030] Bot4 executed ROTATE_LEFT
[14:35:47.030] Bot4 rotated left to face WEST
[14:35:47.030] Bot4 executed ROTATE_LEFT
[14:35:47.030] Bot4 moved forward to (9,8)
[14:35:47.030] Bot4 executed MOVE_FORWARD
[14:35:47.030] Starting turn for Bot38
[14:35:47.030] Bot38 rotated right to face SOUTH
[14:35:47.030] Bot38 executed ROTATE_RIGHT
[14:35:47.030] Bot38 moved forward to (1,1)
[14:35:47.030] Bot38 executed MOVE_FORWARD
[14:35:47.030] Starting turn for Bot4
[14:35:47.030] Bot4 rotated right to face NORTH
[14:35:47.030] Bot4 executed ROTATE_RIGHT
[14:35:47.030] Bot4 moved forward to (8,8)
[14:35:47.030] Bot4 executed MOVE_FORWARD
[14:35:47.030] Starting turn for Bot38
[14:35:47.030] Bot38 rotated left to face EAST
[14:35:47.030] Bot38 executed ROTATE_LEFT
[14:35:47.030] Starting turn for Bot4
[14:35:47.030] Bot4 rotated left to face WEST
[14:35:47.030] Bot4 executed ROTATE_LEFT
[14:35:47.030] Bot4 moved forward to (8,7)
[14:35:47.030] Bot4 executed MOVE_FORWARD
[14:35:47.030] Starting turn for Bot38
[14:35:47.030] Starting turn for Bot4
[14:35:47.030] Bot4 rotated right to face NORTH
[14:35:47.030] Bot4 executed ROTATE_RIGHT
[14:35:47.030] Bot4 moved forward to (7,7)
[14:35:47.030] Bot4 executed MOVE_FORWARD
[14:35:47.030] Starting turn for Bot38
[14:35:47.030] Bot38 rotated left to face NORTH
[14:35:47.030] Bot38 executed ROTATE_LEFT
[14:35:47.030] Bot38 moved forward to (0,1)
[14:35:47.030] Bot38 executed MOVE_FORWARD
[14:35:47.030] Starting turn for Bot4
[14:35:47.030] Bot4 rotated left to face WEST
[14:35:47.030] Bot4 executed ROTATE_LEFT
[14:35:47.030] Bot4 moved forward to (7,6)
[14:35:47.030] Bot4 executed MOVE_FORWARD
[14:35:47.030] Starting turn for Bot38
[14:35:47.030] Bot38 rotated left to face WEST
[14:35:47.030] Bot38 executed ROTATE_LEFT
[14:35:47.030] Bot38 rotated left to face SOUTH
[14:35:47.030] Bot38 executed ROTATE_LEFT
[14:35:47.030] Bot38 moved forward to (1,1)
[14:35:47.030] Bot38 executed MOVE_FORWARD
[14:35:47.030] Starting turn for Bot4
[14:35:47.030] Bot4 rotated right to face NORTH
[14:35:47.030] Bot4 executed ROTATE_RIGHT
[14:35:47.030] Bot4 moved forward to (6,6)
[14:35:47.030] Bot4 executed MOVE_FORWARD
[14:35:47.030] Starting turn for Bot38
[14:35:47.030] Bot38 rotated left to face EAST
[14:35:47.030] Bot38 executed ROTATE_LEFT
[14:35:47.030] Starting turn for Bot4
[14:35:47.030] Bot4 rotated left to face WEST
[14:35:47.030] Bot4 executed ROTATE_LEFT
[14:35:47.030] Bot4 moved forward to (6,5)
[14:35:47.030] Bot4 executed MOVE_FORWARD
[14:35:47.030] Starting turn for Bot38
[14:35:47.030] Starting turn for Bot4
[14:35:47.030] Bot4 rotated right to face NORTH
[14:35:47.030] Bot4 executed ROTATE_RIGHT
[14:35:47.030] Bot4 moved forward to (5,5)
[14:35:47.030] Bot4 executed MOVE_FORWARD
[14:35:47.030] Starting turn for Bot38
[14:35:47.030] Bot38 rotated left to face NORTH
[14:35:47.030] Bot38 executed ROTATE_LEFT
[14:35:47.030] Bot38 moved forward to (0,1)
[14:35:47.030] Bot38 executed MOVE_FORWARD
[14:35:47.030] Starting turn for Bot4
[14:35:47.030] Starting turn for Bot38
[14:35:47.030] Bot38 rotated left to face WEST
[14:35:47.030] Bot38 executed ROTATE_LEFT
[14:35:47.030] Bot38 rotated left to face SOUTH
[14:35:47.030] Bot38 executed ROTATE_LEFT
[14:35:47.030] Bot38 moved forward to (1,1)
[14:35:47.030] Bot38 executed MOVE_FORWARD
[14:35:47.030] Starting turn for Bot4
[14:35:47.030] Starting turn for Bot38
[14:35:47.030] Bot38 rotated left to face EAST
[14:35:47.030] Bot38 executed ROTATE_LEFT
[14:35:47.030] Starting turn for Bot4
[14:35:47.030] Starting turn for Bot38
[14:35:47.030] Starting turn for Bot4
[14:35:47.030] Starting turn for Bot38
[14:35:47.030] Bot38 rotated left to face NORTH
[14:35:47.030] Bot38 executed ROTATE_LEFT
[14:35:47.030] Bot38 moved forward to (0,1)
[14:35:47.030] Bot38 executed MOVE_FORWARD
[14:35:47.030] Starting turn for Bot4
[14:35:47.030] Starting turn for Bot38
[14:35:47.030] Bot38 rotated left to face WEST
[14:35:47.030] Bot38 executed ROTATE_LEFT
[14:35:47.030] Bot38 rotated left to face SOUTH
[14:35:47.030] Bot38 executed ROTATE_LEFT
[14:35:47.030] Bot38 moved forward to (1,1)
[14:35:47.030] Bot38 executed MOVE_FORWARD
[14:35:47.030] Starting turn for Bot4
[14:35:47.030] Starting turn for Bot38
[14:35:47.030] Bot38 rotated left to face EAST
[14:35:47.030] Bot38 executed ROTATE_LEFT
[14:35:47.030] Starting turn for Bot4
[14:35:47.030] Starting turn for Bot38
[14:35:47.030] Starting turn for Bot4
[14:35:47.030] Starting turn for Bot38
[14:35:47.030] Bot38 rotated left to face NORTH
[14:35:47.030] Bot38 executed ROTATE_LEFT
[14:35:47.030] Bot38 moved forward to (0,1)
[14:35:47.030] Bot38 executed MOVE_FORWARD
[14:35:47.030] Starting turn for Bot4
[14:35:47.030] Starting turn for Bot38
[14:35:47.030] Bot38 rotated left to face WEST
[14:35:47.030] Bot38 executed ROTATE_LEFT
[14:35:47.030] Bot38 rotated left to face SOUTH
[14:35:47.030] Bot38 executed ROTATE_LEFT
[14:35:47.030] Bot38 moved forward to (1,1)
[14:35:47.030] Bot38 executed MOVE_FORWARD
[14:35:47.030] Starting turn for Bot4
[14:35:47.030] Starting turn for Bot38
[14:35:47.030] Bot38 rotated left to face EAST
[14:35:47.030] Bot38 executed ROTATE_LEFT
[14:35:47.030] Starting turn for Bot4
[14:35:47.030] Starting turn for Bot38
[14:35:47.030] Starting turn for Bot4
[14:35:47.030] Stalemate detected: State repeated 10 times, unchanged for 3 turns
[14:35:47.030] Game Over! Stalemate detected!
[14:35:47.030] Stalemate detected: State repeated 10 times, unchanged for 3 turns
