[14:36:07.757] === Game Started at 2025-02-04_14-36-07 ===
[14:36:07.757] Game initialized with 2 players
[14:36:07.757] Board size: 10
[14:36:07.757] Obstacle density: 0.05
[14:36:07.757] Max turns: 1000
[14:36:07.757] Player Bot35 starting at position (0,0) facing EAST
[14:36:07.757] Player Bot20 starting at position (9,9) facing EAST
[14:36:07.757] Obstacles at positions: (0,2) (1,0) (1,1) (2,5) (7,8)
[14:36:07.757] Starting turn for Bot35
[14:36:07.757] Bot35 moved forward to (0,1)
[14:36:07.757] Bot35 executed MOVE_FORWARD
[14:36:07.757] Starting turn for Bot20
[14:36:07.757] Bot20 rotated left to face NORTH
[14:36:07.757] Bot20 executed ROTATE_LEFT
[14:36:07.757] Bot20 rotated left to face WEST
[14:36:07.757] Bot20 executed ROTATE_LEFT
[14:36:07.757] Bot20 moved forward to (9,8)
[14:36:07.757] Bot20 executed MOVE_FORWARD
[14:36:07.757] Starting turn for Bot35
[14:36:07.757] Bot35 rotated right to face SOUTH
[14:36:07.757] Bot35 executed ROTATE_RIGHT
[14:36:07.757] Starting turn for Bot20
[14:36:07.757] Bot20 rotated right to face NORTH
[14:36:07.757] Bot20 executed ROTATE_RIGHT
[14:36:07.757] Bot20 moved forward to (8,8)
[14:36:07.757] Bot20 executed MOVE_FORWARD
[14:36:07.757] Starting turn for Bot35
[14:36:07.757] Starting turn for Bot20
[14:36:07.757] Bot20 rotated left to face WEST
[14:36:07.757] Bot20 executed ROTATE_LEFT
[14:36:07.757] Bot20 moved forward to (8,7)
[14:36:07.757] Bot20 executed MOVE_FORWARD
[14:36:07.757] Starting turn for Bot35
[14:36:07.757] Bot35 rotated right to face WEST
[14:36:07.757] Bot35 executed ROTATE_RIGHT
[14:36:07.757] Bot35 moved forward to (0,0)
[14:36:07.757] Bot35 executed MOVE_FORWARD
[14:36:07.757] Starting turn for Bot20
[14:36:07.757] Bot20 rotated right to face NORTH
[14:36:07.757] Bot20 executed ROTATE_RIGHT
[14:36:07.757] Bot20 moved forward to (7,7)
[14:36:07.757] Bot20 executed MOVE_FORWARD
[14:36:07.757] Starting turn for Bot35
[14:36:07.757] Bot35 rotated left to face SOUTH
[14:36:07.757] Bot35 executed ROTATE_LEFT
[14:36:07.757] Bot35 rotated left to face EAST
[14:36:07.757] Bot35 executed ROTATE_LEFT
[14:36:07.757] Bot35 moved forward to (0,1)
[14:36:07.757] Bot35 executed MOVE_FORWARD
[14:36:07.757] Starting turn for Bot20
[14:36:07.757] Bot20 rotated left to face WEST
[14:36:07.757] Bot20 executed ROTATE_LEFT
[14:36:07.757] Bot20 moved forward to (7,6)
[14:36:07.757] Bot20 executed MOVE_FORWARD
[14:36:07.757] Starting turn for Bot35
[14:36:07.757] Bot35 rotated right to face SOUTH
[14:36:07.757] Bot35 executed ROTATE_RIGHT
[14:36:07.757] Starting turn for Bot20
[14:36:07.757] Bot20 rotated right to face NORTH
[14:36:07.757] Bot20 executed ROTATE_RIGHT
[14:36:07.757] Bot20 moved forward to (6,6)
[14:36:07.757] Bot20 executed MOVE_FORWARD
[14:36:07.757] Starting turn for Bot35
[14:36:07.757] Starting turn for Bot20
[14:36:07.757] Bot20 rotated left to face WEST
[14:36:07.757] Bot20 executed ROTATE_LEFT
[14:36:07.757] Bot20 moved forward to (6,5)
[14:36:07.757] Bot20 executed MOVE_FORWARD
[14:36:07.757] Starting turn for Bot35
[14:36:07.757] Bot35 rotated right to face WEST
[14:36:07.757] Bot35 executed ROTATE_RIGHT
[14:36:07.757] Bot35 moved forward to (0,0)
[14:36:07.757] Bot35 executed MOVE_FORWARD
[14:36:07.757] Starting turn for Bot20
[14:36:07.757] Bot20 rotated right to face NORTH
[14:36:07.757] Bot20 executed ROTATE_RIGHT
[14:36:07.757] Bot20 moved forward to (5,5)
[14:36:07.757] Bot20 executed MOVE_FORWARD
[14:36:07.757] Starting turn for Bot35
[14:36:07.757] Bot35 rotated left to face SOUTH
[14:36:07.757] Bot35 executed ROTATE_LEFT
[14:36:07.757] Bot35 rotated left to face EAST
[14:36:07.757] Bot35 executed ROTATE_LEFT
[14:36:07.757] Bot35 moved forward to (0,1)
[14:36:07.757] Bot35 executed MOVE_FORWARD
[14:36:07.757] Starting turn for Bot20
[14:36:07.757] Starting turn for Bot35
[14:36:07.757] Bot35 rotated right to face SOUTH
[14:36:07.757] Bot35 executed ROTATE_RIGHT
[14:36:07.757] Starting turn for Bot20
[14:36:07.757] Starting turn for Bot35
[14:36:07.757] Starting turn for Bot20
[14:36:07.757] Starting turn for Bot35
[14:36:07.757] Bot35 rotated right to face WEST
[14:36:07.757] Bot35 executed ROTATE_RIGHT
[14:36:07.757] Bot35 moved forward to (0,0)
[14:36:07.757] Bot35 executed MOVE_FORWARD
[14:36:07.757] Starting turn for Bot20
[14:36:07.757] Starting turn for Bot35
[14:36:07.757] Bot35 rotated left to face SOUTH
[14:36:07.757] Bot35 executed ROTATE_LEFT
[14:36:07.757] Bot35 rotated left to face EAST
[14:36:07.757] Bot35 executed ROTATE_LEFT
[14:36:07.757] Bot35 moved forward to (0,1)
[14:36:07.757] Bot35 executed MOVE_FORWARD
[14:36:07.757] Starting turn for Bot20
[14:36:07.757] Starting turn for Bot35
[14:36:07.757] Bot35 rotated right to face SOUTH
[14:36:07.757] Bot35 executed ROTATE_RIGHT
[14:36:07.757] Starting turn for Bot20
[14:36:07.757] Starting turn for Bot35
[14:36:07.757] Starting turn for Bot20
[14:36:07.757] Starting turn for Bot35
[14:36:07.757] Bot35 rotated right to face WEST
[14:36:07.757] Bot35 executed ROTATE_RIGHT
[14:36:07.757] Bot35 moved forward to (0,0)
[14:36:07.757] Bot35 executed MOVE_FORWARD
[14:36:07.757] Starting turn for Bot20
[14:36:07.757] Starting turn for Bot35
[14:36:07.757] Bot35 rotated left to face SOUTH
[14:36:07.757] Bot35 executed ROTATE_LEFT
[14:36:07.757] Bot35 rotated left to face EAST
[14:36:07.757] Bot35 executed ROTATE_LEFT
[14:36:07.757] Bot35 moved forward to (0,1)
[14:36:07.757] Bot35 executed MOVE_FORWARD
[14:36:07.757] Starting turn for Bot20
[14:36:07.757] Starting turn for Bot35
[14:36:07.757] Bot35 rotated right to face SOUTH
[14:36:07.757] Bot35 executed ROTATE_RIGHT
[14:36:07.757] Starting turn for Bot20
[14:36:07.757] Starting turn for Bot35
[14:36:07.757] Starting turn for Bot20
[14:36:07.757] Starting turn for Bot35
[14:36:07.757] Bot35 rotated right to face WEST
[14:36:07.757] Bot35 executed ROTATE_RIGHT
[14:36:07.757] Bot35 moved forward to (0,0)
[14:36:07.757] Bot35 executed MOVE_FORWARD
[14:36:07.757] Starting turn for Bot20
[14:36:07.757] Starting turn for Bot35
[14:36:07.757] Bot35 rotated left to face SOUTH
[14:36:07.757] Bot35 executed ROTATE_LEFT
[14:36:07.757] Bot35 rotated left to face EAST
[14:36:07.757] Bot35 executed ROTATE_LEFT
[14:36:07.757] Bot35 moved forward to (0,1)
[14:36:07.757] Bot35 executed MOVE_FORWARD
[14:36:07.757] Starting turn for Bot20
[14:36:07.757] Starting turn for Bot35
[14:36:07.757] Bot35 rotated right to face SOUTH
[14:36:07.757] Bot35 executed ROTATE_RIGHT
[14:36:07.757] Starting turn for Bot20
[14:36:07.757] Stalemate detected: State repeated 10 times, unchanged for 1 turns
[14:36:07.757] Game Over! Stalemate detected!
[14:36:07.757] Stalemate detected: State repeated 10 times, unchanged for 1 turns
