[14:35:52.729] === Game Started at 2025-02-04_14-35-52 ===
[14:35:52.729] Game initialized with 2 players
[14:35:52.729] Board size: 10
[14:35:52.729] Obstacle density: 0.05
[14:35:52.729] Max turns: 1000
[14:35:52.729] Player Bot12 starting at position (0,0) facing EAST
[14:35:52.729] Player Bot8 starting at position (9,9) facing SOUTH
[14:35:52.729] Obstacles at positions: (1,3) (3,5) (4,2) (6,4) (7,7)
[14:35:52.729] Starting turn for Bot12
[14:35:52.729] Bot12 moved forward to (0,1)
[14:35:52.729] Bot12 executed MOVE_FORWARD
[14:35:52.729] Starting turn for Bot8
[14:35:52.729] Bot8 rotated right to face WEST
[14:35:52.729] Bot8 executed ROTATE_RIGHT
[14:35:52.729] Bot8 moved forward to (9,8)
[14:35:52.729] Bot8 executed MOVE_FORWARD
[14:35:52.729] Starting turn for Bot12
[14:35:52.729] Bot12 rotated right to face SOUTH
[14:35:52.729] Bot12 executed ROTATE_RIGHT
[14:35:52.729] Bot12 moved forward to (1,1)
[14:35:52.729] Bot12 executed MOVE_FORWARD
[14:35:52.729] Starting turn for Bot8
[14:35:52.729] Bot8 rotated right to face NORTH
[14:35:52.729] Bot8 executed ROTATE_RIGHT
[14:35:52.729] Bot8 moved forward to (8,8)
[14:35:52.729] Bot8 executed MOVE_FORWARD
[14:35:52.729] Starting turn for Bot12
[14:35:52.729] Bot12 rotated left to face EAST
[14:35:52.729] Bot12 executed ROTATE_LEFT
[14:35:52.729] Bot12 moved forward to (1,2)
[14:35:52.729] Bot12 executed MOVE_FORWARD
[14:35:52.729] Starting turn for Bot8
[14:35:52.729] Bot8 rotated left to face WEST
[14:35:52.729] Bot8 executed ROTATE_LEFT
[14:35:52.729] Bot8 moved forward to (8,7)
[14:35:52.729] Bot8 executed MOVE_FORWARD
[14:35:52.729] Starting turn for Bot12
[14:35:52.729] Bot12 rotated right to face SOUTH
[14:35:52.729] Bot12 executed ROTATE_RIGHT
[14:35:52.729] Bot12 moved forward to (2,2)
[14:35:52.729] Bot12 executed MOVE_FORWARD
[14:35:52.729] Starting turn for Bot8
[14:35:52.729] Bot8 rotated right to face NORTH
[14:35:52.729] Bot8 executed ROTATE_RIGHT
[14:35:52.729] Starting turn for Bot12
[14:35:52.729] Bot12 rotated left to face EAST
[14:35:52.729] Bot12 executed ROTATE_LEFT
[14:35:52.729] Bot12 moved forward to (2,3)
[14:35:52.729] Bot12 executed MOVE_FORWARD
[14:35:52.729] Starting turn for Bot8
[14:35:52.729] Starting turn for Bot12
[14:35:52.729] Bot12 rotated right to face SOUTH
[14:35:52.729] Bot12 executed ROTATE_RIGHT
[14:35:52.729] Bot12 moved forward to (3,3)
[14:35:52.729] Bot12 executed MOVE_FORWARD
[14:35:52.729] Starting turn for Bot8
[14:35:52.729] Bot8 rotated right to face EAST
[14:35:52.729] Bot8 executed ROTATE_RIGHT
[14:35:52.729] Bot8 moved forward to (8,8)
[14:35:52.729] Bot8 executed MOVE_FORWARD
[14:35:52.729] Starting turn for Bot12
[14:35:52.729] Bot12 rotated left to face EAST
[14:35:52.729] Bot12 executed ROTATE_LEFT
[14:35:52.729] Bot12 moved forward to (3,4)
[14:35:52.729] Bot12 executed MOVE_FORWARD
[14:35:52.729] Starting turn for Bot8
[14:35:52.729] Bot8 rotated left to face NORTH
[14:35:52.729] Bot8 executed ROTATE_LEFT
[14:35:52.729] Bot8 rotated left to face WEST
[14:35:52.729] Bot8 executed ROTATE_LEFT
[14:35:52.729] Bot8 moved forward to (8,7)
[14:35:52.729] Bot8 executed MOVE_FORWARD
[14:35:52.729] Starting turn for Bot12
[14:35:52.729] Bot12 rotated right to face SOUTH
[14:35:52.729] Bot12 executed ROTATE_RIGHT
[14:35:52.729] Bot12 moved forward to (4,4)
[14:35:52.729] Bot12 executed MOVE_FORWARD
[14:35:52.729] Starting turn for Bot8
[14:35:52.729] Bot8 rotated right to face NORTH
[14:35:52.729] Bot8 executed ROTATE_RIGHT
[14:35:52.729] Starting turn for Bot12
[14:35:52.729] Bot12 rotated left to face EAST
[14:35:52.729] Bot12 executed ROTATE_LEFT
[14:35:52.729] Bot12 moved forward to (4,5)
[14:35:52.729] Bot12 executed MOVE_FORWARD
[14:35:52.729] Starting turn for Bot8
[14:35:52.729] Starting turn for Bot12
[14:35:52.729] Bot12 rotated right to face SOUTH
[14:35:52.729] Bot12 executed ROTATE_RIGHT
[14:35:52.729] Bot12 moved forward to (5,5)
[14:35:52.729] Bot12 executed MOVE_FORWARD
[14:35:52.729] Starting turn for Bot8
[14:35:52.729] Bot8 rotated right to face EAST
[14:35:52.729] Bot8 executed ROTATE_RIGHT
[14:35:52.729] Bot8 moved forward to (8,8)
[14:35:52.729] Bot8 executed MOVE_FORWARD
[14:35:52.729] Starting turn for Bot12
[14:35:52.729] Starting turn for Bot8
[14:35:52.729] Bot8 rotated left to face NORTH
[14:35:52.729] Bot8 executed ROTATE_LEFT
[14:35:52.729] Bot8 rotated left to face WEST
[14:35:52.729] Bot8 executed ROTATE_LEFT
[14:35:52.729] Bot8 moved forward to (8,7)
[14:35:52.729] Bot8 executed MOVE_FORWARD
[14:35:52.729] Starting turn for Bot12
[14:35:52.729] Starting turn for Bot8
[14:35:52.729] Bot8 rotated right to face NORTH
[14:35:52.729] Bot8 executed ROTATE_RIGHT
[14:35:52.729] Starting turn for Bot12
[14:35:52.729] Starting turn for Bot8
[14:35:52.729] Starting turn for Bot12
[14:35:52.729] Starting turn for Bot8
[14:35:52.729] Bot8 rotated right to face EAST
[14:35:52.729] Bot8 executed ROTATE_RIGHT
[14:35:52.729] Bot8 moved forward to (8,8)
[14:35:52.729] Bot8 executed MOVE_FORWARD
[14:35:52.729] Starting turn for Bot12
[14:35:52.729] Starting turn for Bot8
[14:35:52.729] Bot8 rotated left to face NORTH
[14:35:52.729] Bot8 executed ROTATE_LEFT
[14:35:52.729] Bot8 rotated left to face WEST
[14:35:52.729] Bot8 executed ROTATE_LEFT
[14:35:52.729] Bot8 moved forward to (8,7)
[14:35:52.729] Bot8 executed MOVE_FORWARD
[14:35:52.729] Starting turn for Bot12
[14:35:52.729] Starting turn for Bot8
[14:35:52.729] Bot8 rotated right to face NORTH
[14:35:52.729] Bot8 executed ROTATE_RIGHT
[14:35:52.730] Starting turn for Bot12
[14:35:52.730] Starting turn for Bot8
[14:35:52.730] Starting turn for Bot12
[14:35:52.730] Starting turn for Bot8
[14:35:52.730] Bot8 rotated right to face EAST
[14:35:52.730] Bot8 executed ROTATE_RIGHT
[14:35:52.730] Bot8 moved forward to (8,8)
[14:35:52.730] Bot8 executed MOVE_FORWARD
[14:35:52.730] Starting turn for Bot12
[14:35:52.730] Starting turn for Bot8
[14:35:52.730] Bot8 rotated left to face NORTH
[14:35:52.730] Bot8 executed ROTATE_LEFT
[14:35:52.730] Bot8 rotated left to face WEST
[14:35:52.730] Bot8 executed ROTATE_LEFT
[14:35:52.730] Bot8 moved forward to (8,7)
[14:35:52.730] Bot8 executed MOVE_FORWARD
[14:35:52.730] Starting turn for Bot12
[14:35:52.730] Starting turn for Bot8
[14:35:52.730] Bot8 rotated right to face NORTH
[14:35:52.730] Bot8 executed ROTATE_RIGHT
[14:35:52.730] Starting turn for Bot12
[14:35:52.730] Stalemate detected: State repeated 10 times, unchanged for 1 turns
[14:35:52.730] Game Over! Stalemate detected!
[14:35:52.730] Stalemate detected: State repeated 10 times, unchanged for 1 turns
