[14:35:59.539] === Game Started at 2025-02-04_14-35-59 ===
[14:35:59.539] Game initialized with 2 players
[14:35:59.539] Board size: 10
[14:35:59.539] Obstacle density: 0.05
[14:35:59.539] Max turns: 1000
[14:35:59.539] Player Bot20 starting at position (0,0) facing EAST
[14:35:59.539] Player Bot13 starting at position (9,9) facing SOUTH
[14:35:59.539] Obstacles at positions: (1,5) (3,3) (3,9) (7,7) (9,2)
[14:35:59.539] Starting turn for Bot20
[14:35:59.539] Bot20 moved forward to (0,1)
[14:35:59.539] Bot20 executed MOVE_FORWARD
[14:35:59.539] Starting turn for Bot13
[14:35:59.539] Bot13 rotated right to face WEST
[14:35:59.539] Bot13 executed ROTATE_RIGHT
[14:35:59.539] Bot13 moved forward to (9,8)
[14:35:59.539] Bot13 executed MOVE_FORWARD
[14:35:59.539] Starting turn for Bot20
[14:35:59.539] Bot20 rotated right to face SOUTH
[14:35:59.539] Bot20 executed ROTATE_RIGHT
[14:35:59.539] Bot20 moved forward to (1,1)
[14:35:59.539] Bot20 executed MOVE_FORWARD
[14:35:59.539] Starting turn for Bot13
[14:35:59.539] Bot13 rotated right to face NORTH
[14:35:59.539] Bot13 executed ROTATE_RIGHT
[14:35:59.539] Bot13 moved forward to (8,8)
[14:35:59.539] Bot13 executed MOVE_FORWARD
[14:35:59.539] Starting turn for Bot20
[14:35:59.539] Bot20 rotated left to face EAST
[14:35:59.539] Bot20 executed ROTATE_LEFT
[14:35:59.539] Bot20 moved forward to (1,2)
[14:35:59.539] Bot20 executed MOVE_FORWARD
[14:35:59.539] Starting turn for Bot13
[14:35:59.539] Bot13 rotated left to face WEST
[14:35:59.539] Bot13 executed ROTATE_LEFT
[14:35:59.539] Bot13 moved forward to (8,7)
[14:35:59.539] Bot13 executed MOVE_FORWARD
[14:35:59.539] Starting turn for Bot20
[14:35:59.539] Bot20 rotated right to face SOUTH
[14:35:59.539] Bot20 executed ROTATE_RIGHT
[14:35:59.539] Bot20 moved forward to (2,2)
[14:35:59.539] Bot20 executed MOVE_FORWARD
[14:35:59.539] Starting turn for Bot13
[14:35:59.539] Bot13 rotated right to face NORTH
[14:35:59.539] Bot13 executed ROTATE_RIGHT
[14:35:59.539] Starting turn for Bot20
[14:35:59.539] Bot20 rotated left to face EAST
[14:35:59.539] Bot20 executed ROTATE_LEFT
[14:35:59.539] Bot20 moved forward to (2,3)
[14:35:59.539] Bot20 executed MOVE_FORWARD
[14:35:59.539] Starting turn for Bot13
[14:35:59.539] Starting turn for Bot20
[14:35:59.539] Bot20 rotated right to face SOUTH
[14:35:59.539] Bot20 executed ROTATE_RIGHT
[14:35:59.539] Starting turn for Bot13
[14:35:59.539] Bot13 rotated right to face EAST
[14:35:59.539] Bot13 executed ROTATE_RIGHT
[14:35:59.539] Bot13 moved forward to (8,8)
[14:35:59.539] Bot13 executed MOVE_FORWARD
[14:35:59.539] Starting turn for Bot20
[14:35:59.539] Starting turn for Bot13
[14:35:59.539] Bot13 rotated left to face NORTH
[14:35:59.539] Bot13 executed ROTATE_LEFT
[14:35:59.539] Bot13 rotated left to face WEST
[14:35:59.539] Bot13 executed ROTATE_LEFT
[14:35:59.539] Bot13 moved forward to (8,7)
[14:35:59.539] Bot13 executed MOVE_FORWARD
[14:35:59.539] Starting turn for Bot20
[14:35:59.539] Bot20 rotated left to face EAST
[14:35:59.539] Bot20 executed ROTATE_LEFT
[14:35:59.539] Bot20 rotated left to face NORTH
[14:35:59.539] Bot20 executed ROTATE_LEFT
[14:35:59.539] Bot20 moved forward to (1,3)
[14:35:59.539] Bot20 executed MOVE_FORWARD
[14:35:59.539] Starting turn for Bot13
[14:35:59.539] Bot13 rotated right to face NORTH
[14:35:59.539] Bot13 executed ROTATE_RIGHT
[14:35:59.539] Starting turn for Bot20
[14:35:59.539] Bot20 rotated left to face WEST
[14:35:59.539] Bot20 executed ROTATE_LEFT
[14:35:59.539] Bot20 rotated left to face SOUTH
[14:35:59.539] Bot20 executed ROTATE_LEFT
[14:35:59.539] Bot20 moved forward to (2,3)
[14:35:59.539] Bot20 executed MOVE_FORWARD
[14:35:59.539] Starting turn for Bot13
[14:35:59.539] Starting turn for Bot20
[14:35:59.539] Starting turn for Bot13
[14:35:59.539] Bot13 rotated right to face EAST
[14:35:59.539] Bot13 executed ROTATE_RIGHT
[14:35:59.539] Bot13 moved forward to (8,8)
[14:35:59.539] Bot13 executed MOVE_FORWARD
[14:35:59.539] Starting turn for Bot20
[14:35:59.539] Starting turn for Bot13
[14:35:59.539] Bot13 rotated left to face NORTH
[14:35:59.539] Bot13 executed ROTATE_LEFT
[14:35:59.539] Bot13 rotated left to face WEST
[14:35:59.539] Bot13 executed ROTATE_LEFT
[14:35:59.539] Bot13 moved forward to (8,7)
[14:35:59.539] Bot13 executed MOVE_FORWARD
[14:35:59.539] Starting turn for Bot20
[14:35:59.539] Bot20 rotated left to face EAST
[14:35:59.539] Bot20 executed ROTATE_LEFT
[14:35:59.539] Bot20 rotated left to face NORTH
[14:35:59.539] Bot20 executed ROTATE_LEFT
[14:35:59.539] Bot20 moved forward to (1,3)
[14:35:59.539] Bot20 executed MOVE_FORWARD
[14:35:59.539] Starting turn for Bot13
[14:35:59.539] Bot13 rotated right to face NORTH
[14:35:59.539] Bot13 executed ROTATE_RIGHT
[14:35:59.539] Starting turn for Bot20
[14:35:59.539] Bot20 rotated left to face WEST
[14:35:59.539] Bot20 executed ROTATE_LEFT
[14:35:59.539] Bot20 rotated left to face SOUTH
[14:35:59.539] Bot20 executed ROTATE_LEFT
[14:35:59.539] Bot20 moved forward to (2,3)
[14:35:59.539] Bot20 executed MOVE_FORWARD
[14:35:59.539] Starting turn for Bot13
[14:35:59.539] Starting turn for Bot20
[14:35:59.539] Starting turn for Bot13
[14:35:59.539] Bot13 rotated right to face EAST
[14:35:59.539] Bot13 executed ROTATE_RIGHT
[14:35:59.539] Bot13 moved forward to (8,8)
[14:35:59.539] Bot13 executed MOVE_FORWARD
[14:35:59.539] Starting turn for Bot20
[14:35:59.539] Starting turn for Bot13
[14:35:59.539] Bot13 rotated left to face NORTH
[14:35:59.539] Bot13 executed ROTATE_LEFT
[14:35:59.539] Bot13 rotated left to face WEST
[14:35:59.539] Bot13 executed ROTATE_LEFT
[14:35:59.539] Bot13 moved forward to (8,7)
[14:35:59.539] Bot13 executed MOVE_FORWARD
[14:35:59.539] Starting turn for Bot20
[14:35:59.539] Bot20 rotated left to face EAST
[14:35:59.539] Bot20 executed ROTATE_LEFT
[14:35:59.539] Bot20 rotated left to face NORTH
[14:35:59.539] Bot20 executed ROTATE_LEFT
[14:35:59.539] Bot20 moved forward to (1,3)
[14:35:59.539] Bot20 executed MOVE_FORWARD
[14:35:59.539] Starting turn for Bot13
[14:35:59.539] Bot13 rotated right to face NORTH
[14:35:59.539] Bot13 executed ROTATE_RIGHT
[14:35:59.539] Starting turn for Bot20
[14:35:59.539] Bot20 rotated left to face WEST
[14:35:59.539] Bot20 executed ROTATE_LEFT
[14:35:59.539] Bot20 rotated left to face SOUTH
[14:35:59.539] Bot20 executed ROTATE_LEFT
[14:35:59.539] Bot20 moved forward to (2,3)
[14:35:59.539] Bot20 executed MOVE_FORWARD
[14:35:59.539] Starting turn for Bot13
[14:35:59.539] Starting turn for Bot20
[14:35:59.539] Starting turn for Bot13
[14:35:59.539] Bot13 rotated right to face EAST
[14:35:59.539] Bot13 executed ROTATE_RIGHT
[14:35:59.539] Bot13 moved forward to (8,8)
[14:35:59.539] Bot13 executed MOVE_FORWARD
[14:35:59.539] Starting turn for Bot20
[14:35:59.539] Starting turn for Bot13
[14:35:59.539] Bot13 rotated left to face NORTH
[14:35:59.539] Bot13 executed ROTATE_LEFT
[14:35:59.539] Bot13 rotated left to face WEST
[14:35:59.539] Bot13 executed ROTATE_LEFT
[14:35:59.539] Bot13 moved forward to (8,7)
[14:35:59.539] Bot13 executed MOVE_FORWARD
[14:35:59.539] Starting turn for Bot20
[14:35:59.539] Bot20 rotated left to face EAST
[14:35:59.539] Bot20 executed ROTATE_LEFT
[14:35:59.539] Bot20 rotated left to face NORTH
[14:35:59.539] Bot20 executed ROTATE_LEFT
[14:35:59.539] Bot20 moved forward to (1,3)
[14:35:59.539] Bot20 executed MOVE_FORWARD
[14:35:59.539] Starting turn for Bot13
[14:35:59.539] Bot13 rotated right to face NORTH
[14:35:59.539] Bot13 executed ROTATE_RIGHT
[14:35:59.539] Starting turn for Bot20
[14:35:59.539] Bot20 rotated left to face WEST
[14:35:59.539] Bot20 executed ROTATE_LEFT
[14:35:59.539] Bot20 rotated left to face SOUTH
[14:35:59.539] Bot20 executed ROTATE_LEFT
[14:35:59.539] Bot20 moved forward to (2,3)
[14:35:59.539] Bot20 executed MOVE_FORWARD
[14:35:59.539] Starting turn for Bot13
[14:35:59.539] Stalemate detected: State repeated 10 times, unchanged for 3 turns
[14:35:59.539] Game Over! Stalemate detected!
[14:35:59.539] Stalemate detected: State repeated 10 times, unchanged for 3 turns
