[14:36:13.572] === Game Started at 2025-02-04_14-36-13 ===
[14:36:13.572] Game initialized with 2 players
[14:36:13.572] Board size: 10
[14:36:13.572] Obstacle density: 0.05
[14:36:13.572] Max turns: 1000
[14:36:13.572] Player Bot34 starting at position (0,0) facing NORTH
[14:36:13.572] Player Bot29 starting at position (9,9) facing SOUTH
[14:36:13.572] Obstacles at positions: (1,9) (2,7) (4,7) (8,5) (8,8)
[14:36:13.572] Starting turn for Bot34
[14:36:13.572] Bot34 rotated right to face EAST
[14:36:13.572] Bot34 executed ROTATE_RIGHT
[14:36:13.572] Bot34 moved forward to (0,1)
[14:36:13.572] Bot34 executed MOVE_FORWARD
[14:36:13.572] Starting turn for Bot29
[14:36:13.572] Bot29 rotated right to face WEST
[14:36:13.572] Bot29 executed ROTATE_RIGHT
[14:36:13.572] Bot29 moved forward to (9,8)
[14:36:13.572] Bot29 executed MOVE_FORWARD
[14:36:13.572] Starting turn for Bot34
[14:36:13.572] Bot34 rotated right to face SOUTH
[14:36:13.572] Bot34 executed ROTATE_RIGHT
[14:36:13.572] Bot34 moved forward to (1,1)
[14:36:13.572] Bot34 executed MOVE_FORWARD
[14:36:13.572] Starting turn for Bot29
[14:36:13.572] Bot29 rotated right to face NORTH
[14:36:13.572] Bot29 executed ROTATE_RIGHT
[14:36:13.572] Starting turn for Bot34
[14:36:13.572] Bot34 rotated left to face EAST
[14:36:13.572] Bot34 executed ROTATE_LEFT
[14:36:13.572] Bot34 moved forward to (1,2)
[14:36:13.572] Bot34 executed MOVE_FORWARD
[14:36:13.572] Starting turn for Bot29
[14:36:13.572] Starting turn for Bot34
[14:36:13.572] Bot34 rotated right to face SOUTH
[14:36:13.572] Bot34 executed ROTATE_RIGHT
[14:36:13.572] Bot34 moved forward to (2,2)
[14:36:13.572] Bot34 executed MOVE_FORWARD
[14:36:13.572] Starting turn for Bot29
[14:36:13.572] Bot29 rotated right to face EAST
[14:36:13.572] Bot29 executed ROTATE_RIGHT
[14:36:13.572] Bot29 moved forward to (9,9)
[14:36:13.572] Bot29 executed MOVE_FORWARD
[14:36:13.572] Starting turn for Bot34
[14:36:13.572] Bot34 rotated left to face EAST
[14:36:13.572] Bot34 executed ROTATE_LEFT
[14:36:13.572] Bot34 moved forward to (2,3)
[14:36:13.572] Bot34 executed MOVE_FORWARD
[14:36:13.572] Starting turn for Bot29
[14:36:13.572] Bot29 rotated left to face NORTH
[14:36:13.572] Bot29 executed ROTATE_LEFT
[14:36:13.572] Bot29 rotated left to face WEST
[14:36:13.572] Bot29 executed ROTATE_LEFT
[14:36:13.572] Bot29 moved forward to (9,8)
[14:36:13.572] Bot29 executed MOVE_FORWARD
[14:36:13.572] Starting turn for Bot34
[14:36:13.572] Bot34 rotated right to face SOUTH
[14:36:13.572] Bot34 executed ROTATE_RIGHT
[14:36:13.572] Bot34 moved forward to (3,3)
[14:36:13.572] Bot34 executed MOVE_FORWARD
[14:36:13.572] Starting turn for Bot29
[14:36:13.572] Bot29 rotated right to face NORTH
[14:36:13.572] Bot29 executed ROTATE_RIGHT
[14:36:13.572] Starting turn for Bot34
[14:36:13.572] Bot34 rotated left to face EAST
[14:36:13.572] Bot34 executed ROTATE_LEFT
[14:36:13.572] Bot34 moved forward to (3,4)
[14:36:13.572] Bot34 executed MOVE_FORWARD
[14:36:13.572] Starting turn for Bot29
[14:36:13.572] Starting turn for Bot34
[14:36:13.572] Bot34 rotated right to face SOUTH
[14:36:13.572] Bot34 executed ROTATE_RIGHT
[14:36:13.572] Bot34 moved forward to (4,4)
[14:36:13.572] Bot34 executed MOVE_FORWARD
[14:36:13.572] Starting turn for Bot29
[14:36:13.572] Bot29 rotated right to face EAST
[14:36:13.572] Bot29 executed ROTATE_RIGHT
[14:36:13.572] Bot29 moved forward to (9,9)
[14:36:13.572] Bot29 executed MOVE_FORWARD
[14:36:13.572] Starting turn for Bot34
[14:36:13.572] Bot34 rotated left to face EAST
[14:36:13.572] Bot34 executed ROTATE_LEFT
[14:36:13.572] Bot34 moved forward to (4,5)
[14:36:13.572] Bot34 executed MOVE_FORWARD
[14:36:13.572] Starting turn for Bot29
[14:36:13.572] Bot29 rotated left to face NORTH
[14:36:13.572] Bot29 executed ROTATE_LEFT
[14:36:13.572] Bot29 rotated left to face WEST
[14:36:13.572] Bot29 executed ROTATE_LEFT
[14:36:13.572] Bot29 moved forward to (9,8)
[14:36:13.572] Bot29 executed MOVE_FORWARD
[14:36:13.572] Starting turn for Bot34
[14:36:13.572] Bot34 rotated right to face SOUTH
[14:36:13.572] Bot34 executed ROTATE_RIGHT
[14:36:13.572] Bot34 moved forward to (5,5)
[14:36:13.572] Bot34 executed MOVE_FORWARD
[14:36:13.572] Starting turn for Bot29
[14:36:13.572] Bot29 rotated right to face NORTH
[14:36:13.572] Bot29 executed ROTATE_RIGHT
[14:36:13.572] Starting turn for Bot34
[14:36:13.572] Starting turn for Bot29
[14:36:13.572] Starting turn for Bot34
[14:36:13.572] Starting turn for Bot29
[14:36:13.572] Bot29 rotated right to face EAST
[14:36:13.572] Bot29 executed ROTATE_RIGHT
[14:36:13.572] Bot29 moved forward to (9,9)
[14:36:13.572] Bot29 executed MOVE_FORWARD
[14:36:13.572] Starting turn for Bot34
[14:36:13.572] Starting turn for Bot29
[14:36:13.572] Bot29 rotated left to face NORTH
[14:36:13.572] Bot29 executed ROTATE_LEFT
[14:36:13.572] Bot29 rotated left to face WEST
[14:36:13.572] Bot29 executed ROTATE_LEFT
[14:36:13.572] Bot29 moved forward to (9,8)
[14:36:13.572] Bot29 executed MOVE_FORWARD
[14:36:13.572] Starting turn for Bot34
[14:36:13.572] Starting turn for Bot29
[14:36:13.572] Bot29 rotated right to face NORTH
[14:36:13.572] Bot29 executed ROTATE_RIGHT
[14:36:13.572] Starting turn for Bot34
[14:36:13.572] Starting turn for Bot29
[14:36:13.572] Starting turn for Bot34
[14:36:13.572] Starting turn for Bot29
[14:36:13.572] Bot29 rotated right to face EAST
[14:36:13.572] Bot29 executed ROTATE_RIGHT
[14:36:13.572] Bot29 moved forward to (9,9)
[14:36:13.572] Bot29 executed MOVE_FORWARD
[14:36:13.572] Starting turn for Bot34
[14:36:13.572] Starting turn for Bot29
[14:36:13.572] Bot29 rotated left to face NORTH
[14:36:13.572] Bot29 executed ROTATE_LEFT
[14:36:13.572] Bot29 rotated left to face WEST
[14:36:13.572] Bot29 executed ROTATE_LEFT
[14:36:13.572] Bot29 moved forward to (9,8)
[14:36:13.572] Bot29 executed MOVE_FORWARD
[14:36:13.572] Starting turn for Bot34
[14:36:13.572] Starting turn for Bot29
[14:36:13.572] Bot29 rotated right to face NORTH
[14:36:13.572] Bot29 executed ROTATE_RIGHT
[14:36:13.572] Starting turn for Bot34
[14:36:13.572] Starting turn for Bot29
[14:36:13.572] Starting turn for Bot34
[14:36:13.572] Starting turn for Bot29
[14:36:13.572] Stalemate detected: State repeated 10 times, unchanged for 2 turns
[14:36:13.572] Game Over! Stalemate detected!
[14:36:13.572] Stalemate detected: State repeated 10 times, unchanged for 2 turns
