[14:35:53.365] === Game Started at 2025-02-04_14-35-53 ===
[14:35:53.365] Game initialized with 2 players
[14:35:53.365] Board size: 10
[14:35:53.365] Obstacle density: 0.05
[14:35:53.365] Max turns: 1000
[14:35:53.365] Player Bot23 starting at position (0,0) facing SOUTH
[14:35:53.365] Player Bot8 starting at position (9,9) facing SOUTH
[14:35:53.365] Obstacles at positions: (1,8) (3,3) (4,5) (6,5) (8,2)
[14:35:53.365] Starting turn for Bot23
[14:35:53.365] Bot23 rotated left to face EAST
[14:35:53.365] Bot23 executed ROTATE_LEFT
[14:35:53.365] Bot23 moved forward to (0,1)
[14:35:53.365] Bot23 executed MOVE_FORWARD
[14:35:53.365] Starting turn for Bot8
[14:35:53.365] Bot8 rotated right to face WEST
[14:35:53.365] Bot8 executed ROTATE_RIGHT
[14:35:53.365] Bot8 moved forward to (9,8)
[14:35:53.365] Bot8 executed MOVE_FORWARD
[14:35:53.365] Starting turn for Bot23
[14:35:53.365] Bot23 rotated right to face SOUTH
[14:35:53.365] Bot23 executed ROTATE_RIGHT
[14:35:53.365] Bot23 moved forward to (1,1)
[14:35:53.365] Bot23 executed MOVE_FORWARD
[14:35:53.365] Starting turn for Bot8
[14:35:53.365] Bot8 rotated right to face NORTH
[14:35:53.365] Bot8 executed ROTATE_RIGHT
[14:35:53.365] Bot8 moved forward to (8,8)
[14:35:53.365] Bot8 executed MOVE_FORWARD
[14:35:53.365] Starting turn for Bot23
[14:35:53.365] Bot23 rotated left to face EAST
[14:35:53.366] Bot23 executed ROTATE_LEFT
[14:35:53.366] Bot23 moved forward to (1,2)
[14:35:53.366] Bot23 executed MOVE_FORWARD
[14:35:53.366] Starting turn for Bot8
[14:35:53.366] Bot8 rotated left to face WEST
[14:35:53.366] Bot8 executed ROTATE_LEFT
[14:35:53.366] Bot8 moved forward to (8,7)
[14:35:53.366] Bot8 executed MOVE_FORWARD
[14:35:53.366] Starting turn for Bot23
[14:35:53.366] Bot23 rotated right to face SOUTH
[14:35:53.366] Bot23 executed ROTATE_RIGHT
[14:35:53.366] Bot23 moved forward to (2,2)
[14:35:53.366] Bot23 executed MOVE_FORWARD
[14:35:53.366] Starting turn for Bot8
[14:35:53.366] Bot8 rotated right to face NORTH
[14:35:53.366] Bot8 executed ROTATE_RIGHT
[14:35:53.366] Bot8 moved forward to (7,7)
[14:35:53.366] Bot8 executed MOVE_FORWARD
[14:35:53.366] Starting turn for Bot23
[14:35:53.366] Bot23 rotated left to face EAST
[14:35:53.366] Bot23 executed ROTATE_LEFT
[14:35:53.366] Bot23 moved forward to (2,3)
[14:35:53.366] Bot23 executed MOVE_FORWARD
[14:35:53.366] Starting turn for Bot8
[14:35:53.366] Bot8 rotated left to face WEST
[14:35:53.366] Bot8 executed ROTATE_LEFT
[14:35:53.366] Bot8 moved forward to (7,6)
[14:35:53.366] Bot8 executed MOVE_FORWARD
[14:35:53.366] Starting turn for Bot23
[14:35:53.366] Bot23 rotated right to face SOUTH
[14:35:53.366] Bot23 executed ROTATE_RIGHT
[14:35:53.366] Starting turn for Bot8
[14:35:53.366] Bot8 rotated right to face NORTH
[14:35:53.366] Bot8 executed ROTATE_RIGHT
[14:35:53.366] Bot8 moved forward to (6,6)
[14:35:53.366] Bot8 executed MOVE_FORWARD
[14:35:53.366] Starting turn for Bot23
[14:35:53.366] Starting turn for Bot8
[14:35:53.366] Bot8 rotated left to face WEST
[14:35:53.366] Bot8 executed ROTATE_LEFT
[14:35:53.366] Starting turn for Bot23
[14:35:53.366] Bot23 rotated left to face EAST
[14:35:53.366] Bot23 executed ROTATE_LEFT
[14:35:53.366] Bot23 rotated left to face NORTH
[14:35:53.366] Bot23 executed ROTATE_LEFT
[14:35:53.366] Bot23 moved forward to (1,3)
[14:35:53.366] Bot23 executed MOVE_FORWARD
[14:35:53.366] Starting turn for Bot8
[14:35:53.366] Starting turn for Bot23
[14:35:53.366] Bot23 rotated left to face WEST
[14:35:53.366] Bot23 executed ROTATE_LEFT
[14:35:53.366] Bot23 rotated left to face SOUTH
[14:35:53.366] Bot23 executed ROTATE_LEFT
[14:35:53.366] Bot23 moved forward to (2,3)
[14:35:53.366] Bot23 executed MOVE_FORWARD
[14:35:53.366] Starting turn for Bot8
[14:35:53.366] Bot8 rotated right to face NORTH
[14:35:53.366] Bot8 executed ROTATE_RIGHT
[14:35:53.366] Bot8 moved forward to (5,6)
[14:35:53.366] Bot8 executed MOVE_FORWARD
[14:35:53.366] Starting turn for Bot23
[14:35:53.366] Starting turn for Bot8
[14:35:53.366] Bot8 rotated left to face WEST
[14:35:53.366] Bot8 executed ROTATE_LEFT
[14:35:53.366] Bot8 moved forward to (5,5)
[14:35:53.366] Bot8 executed MOVE_FORWARD
[14:35:53.366] Starting turn for Bot23
[14:35:53.366] Starting turn for Bot8
[14:35:53.366] Starting turn for Bot23
[14:35:53.366] Bot23 rotated left to face EAST
[14:35:53.366] Bot23 executed ROTATE_LEFT
[14:35:53.366] Bot23 rotated left to face NORTH
[14:35:53.366] Bot23 executed ROTATE_LEFT
[14:35:53.366] Bot23 moved forward to (1,3)
[14:35:53.366] Bot23 executed MOVE_FORWARD
[14:35:53.366] Starting turn for Bot8
[14:35:53.366] Starting turn for Bot23
[14:35:53.366] Bot23 rotated left to face WEST
[14:35:53.366] Bot23 executed ROTATE_LEFT
[14:35:53.366] Bot23 rotated left to face SOUTH
[14:35:53.366] Bot23 executed ROTATE_LEFT
[14:35:53.366] Bot23 moved forward to (2,3)
[14:35:53.366] Bot23 executed MOVE_FORWARD
[14:35:53.366] Starting turn for Bot8
[14:35:53.366] Starting turn for Bot23
[14:35:53.366] Starting turn for Bot8
[14:35:53.366] Starting turn for Bot23
[14:35:53.366] Starting turn for Bot8
[14:35:53.366] Starting turn for Bot23
[14:35:53.366] Bot23 rotated left to face EAST
[14:35:53.366] Bot23 executed ROTATE_LEFT
[14:35:53.366] Bot23 rotated left to face NORTH
[14:35:53.366] Bot23 executed ROTATE_LEFT
[14:35:53.366] Bot23 moved forward to (1,3)
[14:35:53.366] Bot23 executed MOVE_FORWARD
[14:35:53.366] Starting turn for Bot8
[14:35:53.366] Starting turn for Bot23
[14:35:53.366] Bot23 rotated left to face WEST
[14:35:53.366] Bot23 executed ROTATE_LEFT
[14:35:53.366] Bot23 rotated left to face SOUTH
[14:35:53.366] Bot23 executed ROTATE_LEFT
[14:35:53.366] Bot23 moved forward to (2,3)
[14:35:53.366] Bot23 executed MOVE_FORWARD
[14:35:53.366] Starting turn for Bot8
[14:35:53.366] Starting turn for Bot23
[14:35:53.366] Starting turn for Bot8
[14:35:53.366] Starting turn for Bot23
[14:35:53.366] Starting turn for Bot8
[14:35:53.366] Starting turn for Bot23
[14:35:53.366] Bot23 rotated left to face EAST
[14:35:53.366] Bot23 executed ROTATE_LEFT
[14:35:53.366] Bot23 rotated left to face NORTH
[14:35:53.366] Bot23 executed ROTATE_LEFT
[14:35:53.366] Bot23 moved forward to (1,3)
[14:35:53.366] Bot23 executed MOVE_FORWARD
[14:35:53.366] Starting turn for Bot8
[14:35:53.366] Starting turn for Bot23
[14:35:53.366] Bot23 rotated left to face WEST
[14:35:53.366] Bot23 executed ROTATE_LEFT
[14:35:53.366] Bot23 rotated left to face SOUTH
[14:35:53.366] Bot23 executed ROTATE_LEFT
[14:35:53.366] Bot23 moved forward to (2,3)
[14:35:53.366] Bot23 executed MOVE_FORWARD
[14:35:53.366] Starting turn for Bot8
[14:35:53.366] Stalemate detected: State repeated 10 times, unchanged for 3 turns
[14:35:53.366] Game Over! Stalemate detected!
[14:35:53.366] Stalemate detected: State repeated 10 times, unchanged for 3 turns
