[14:36:00.009] === Game Started at 2025-02-04_14-36-00 ===
[14:36:00.009] Game initialized with 2 players
[14:36:00.009] Board size: 10
[14:36:00.009] Obstacle density: 0.05
[14:36:00.009] Max turns: 1000
[14:36:00.009] Player Bot30 starting at position (0,0) facing NORTH
[14:36:00.009] Player Bot13 starting at position (9,9) facing EAST
[14:36:00.009] Obstacles at positions: (2,5) (3,0) (3,1) (6,6) (9,4)
[14:36:00.009] Starting turn for Bot30
[14:36:00.009] Bot30 rotated right to face EAST
[14:36:00.009] Bot30 executed ROTATE_RIGHT
[14:36:00.009] Bot30 moved forward to (0,1)
[14:36:00.009] Bot30 executed MOVE_FORWARD
[14:36:00.009] Starting turn for Bot13
[14:36:00.009] Bot13 rotated left to face NORTH
[14:36:00.009] Bot13 executed ROTATE_LEFT
[14:36:00.009] Bot13 rotated left to face WEST
[14:36:00.009] Bot13 executed ROTATE_LEFT
[14:36:00.009] Bot13 moved forward to (9,8)
[14:36:00.009] Bot13 executed MOVE_FORWARD
[14:36:00.009] Starting turn for Bot30
[14:36:00.009] Bot30 rotated right to face SOUTH
[14:36:00.009] Bot30 executed ROTATE_RIGHT
[14:36:00.009] Bot30 moved forward to (1,1)
[14:36:00.009] Bot30 executed MOVE_FORWARD
[14:36:00.009] Starting turn for Bot13
[14:36:00.009] Bot13 rotated right to face NORTH
[14:36:00.009] Bot13 executed ROTATE_RIGHT
[14:36:00.009] Bot13 moved forward to (8,8)
[14:36:00.009] Bot13 executed MOVE_FORWARD
[14:36:00.009] Starting turn for Bot30
[14:36:00.009] Bot30 rotated left to face EAST
[14:36:00.009] Bot30 executed ROTATE_LEFT
[14:36:00.009] Bot30 moved forward to (1,2)
[14:36:00.009] Bot30 executed MOVE_FORWARD
[14:36:00.009] Starting turn for Bot13
[14:36:00.009] Bot13 rotated left to face WEST
[14:36:00.009] Bot13 executed ROTATE_LEFT
[14:36:00.009] Bot13 moved forward to (8,7)
[14:36:00.009] Bot13 executed MOVE_FORWARD
[14:36:00.009] Starting turn for Bot30
[14:36:00.009] Bot30 rotated right to face SOUTH
[14:36:00.009] Bot30 executed ROTATE_RIGHT
[14:36:00.009] Bot30 moved forward to (2,2)
[14:36:00.009] Bot30 executed MOVE_FORWARD
[14:36:00.009] Starting turn for Bot13
[14:36:00.009] Bot13 rotated right to face NORTH
[14:36:00.009] Bot13 executed ROTATE_RIGHT
[14:36:00.009] Bot13 moved forward to (7,7)
[14:36:00.009] Bot13 executed MOVE_FORWARD
[14:36:00.009] Starting turn for Bot30
[14:36:00.009] Bot30 rotated left to face EAST
[14:36:00.009] Bot30 executed ROTATE_LEFT
[14:36:00.009] Bot30 moved forward to (2,3)
[14:36:00.009] Bot30 executed MOVE_FORWARD
[14:36:00.009] Starting turn for Bot13
[14:36:00.009] Bot13 rotated left to face WEST
[14:36:00.009] Bot13 executed ROTATE_LEFT
[14:36:00.009] Bot13 moved forward to (7,6)
[14:36:00.009] Bot13 executed MOVE_FORWARD
[14:36:00.009] Starting turn for Bot30
[14:36:00.009] Bot30 rotated right to face SOUTH
[14:36:00.009] Bot30 executed ROTATE_RIGHT
[14:36:00.009] Bot30 moved forward to (3,3)
[14:36:00.009] Bot30 executed MOVE_FORWARD
[14:36:00.009] Starting turn for Bot13
[14:36:00.009] Bot13 rotated right to face NORTH
[14:36:00.009] Bot13 executed ROTATE_RIGHT
[14:36:00.009] Starting turn for Bot30
[14:36:00.009] Bot30 rotated left to face EAST
[14:36:00.009] Bot30 executed ROTATE_LEFT
[14:36:00.009] Bot30 moved forward to (3,4)
[14:36:00.009] Bot30 executed MOVE_FORWARD
[14:36:00.009] Starting turn for Bot13
[14:36:00.009] Starting turn for Bot30
[14:36:00.009] Bot30 rotated right to face SOUTH
[14:36:00.009] Bot30 executed ROTATE_RIGHT
[14:36:00.009] Bot30 moved forward to (4,4)
[14:36:00.009] Bot30 executed MOVE_FORWARD
[14:36:00.009] Starting turn for Bot13
[14:36:00.009] Bot13 rotated right to face EAST
[14:36:00.009] Bot13 executed ROTATE_RIGHT
[14:36:00.009] Bot13 moved forward to (7,7)
[14:36:00.009] Bot13 executed MOVE_FORWARD
[14:36:00.009] Starting turn for Bot30
[14:36:00.009] Bot30 rotated left to face EAST
[14:36:00.009] Bot30 executed ROTATE_LEFT
[14:36:00.009] Bot30 moved forward to (4,5)
[14:36:00.009] Bot30 executed MOVE_FORWARD
[14:36:00.009] Starting turn for Bot13
[14:36:00.009] Bot13 rotated left to face NORTH
[14:36:00.009] Bot13 executed ROTATE_LEFT
[14:36:00.009] Bot13 rotated left to face WEST
[14:36:00.009] Bot13 executed ROTATE_LEFT
[14:36:00.009] Bot13 moved forward to (7,6)
[14:36:00.009] Bot13 executed MOVE_FORWARD
[14:36:00.009] Starting turn for Bot30
[14:36:00.009] Bot30 rotated right to face SOUTH
[14:36:00.009] Bot30 executed ROTATE_RIGHT
[14:36:00.009] Bot30 moved forward to (5,5)
[14:36:00.009] Bot30 executed MOVE_FORWARD
[14:36:00.009] Starting turn for Bot13
[14:36:00.009] Bot13 rotated right to face NORTH
[14:36:00.009] Bot13 executed ROTATE_RIGHT
[14:36:00.009] Starting turn for Bot30
[14:36:00.009] Starting turn for Bot13
[14:36:00.009] Starting turn for Bot30
[14:36:00.009] Starting turn for Bot13
[14:36:00.009] Bot13 rotated right to face EAST
[14:36:00.009] Bot13 executed ROTATE_RIGHT
[14:36:00.009] Bot13 moved forward to (7,7)
[14:36:00.009] Bot13 executed MOVE_FORWARD
[14:36:00.009] Starting turn for Bot30
[14:36:00.009] Starting turn for Bot13
[14:36:00.009] Bot13 rotated left to face NORTH
[14:36:00.009] Bot13 executed ROTATE_LEFT
[14:36:00.009] Bot13 rotated left to face WEST
[14:36:00.009] Bot13 executed ROTATE_LEFT
[14:36:00.009] Bot13 moved forward to (7,6)
[14:36:00.009] Bot13 executed MOVE_FORWARD
[14:36:00.009] Starting turn for Bot30
[14:36:00.009] Starting turn for Bot13
[14:36:00.009] Bot13 rotated right to face NORTH
[14:36:00.009] Bot13 executed ROTATE_RIGHT
[14:36:00.009] Starting turn for Bot30
[14:36:00.009] Starting turn for Bot13
[14:36:00.009] Starting turn for Bot30
[14:36:00.009] Starting turn for Bot13
[14:36:00.009] Bot13 rotated right to face EAST
[14:36:00.009] Bot13 executed ROTATE_RIGHT
[14:36:00.009] Bot13 moved forward to (7,7)
[14:36:00.009] Bot13 executed MOVE_FORWARD
[14:36:00.009] Starting turn for Bot30
[14:36:00.009] Starting turn for Bot13
[14:36:00.009] Bot13 rotated left to face NORTH
[14:36:00.009] Bot13 executed ROTATE_LEFT
[14:36:00.009] Bot13 rotated left to face WEST
[14:36:00.009] Bot13 executed ROTATE_LEFT
[14:36:00.009] Bot13 moved forward to (7,6)
[14:36:00.009] Bot13 executed MOVE_FORWARD
[14:36:00.009] Starting turn for Bot30
[14:36:00.009] Starting turn for Bot13
[14:36:00.009] Bot13 rotated right to face NORTH
[14:36:00.009] Bot13 executed ROTATE_RIGHT
[14:36:00.009] Starting turn for Bot30
[14:36:00.009] Starting turn for Bot13
[14:36:00.009] Starting turn for Bot30
[14:36:00.009] Starting turn for Bot13
[14:36:00.009] Stalemate detected: State repeated 10 times, unchanged for 2 turns
[14:36:00.009] Game Over! Stalemate detected!
[14:36:00.009] Stalemate detected: State repeated 10 times, unchanged for 2 turns
